14/07 00:51:01 INFO agents.BrownAgent|UNKNOWN Message Received: edu.umich.eecs.tac.props.AdvertiserInfo@bc76a1c1
14/07 00:51:01 INFO agents.BrownAgent|Day 0 :BankStatus[0.000000]
14/07 00:51:01 INFO agents.BrownAgent|tau.tac.adx.report.demand.InitialCampaignMessage[1693457746,1250,1,5,[HIGH_INCOME, FEMALE],2.0,1.5,demand,[]]
14/07 00:51:01 INFO agents.BrownAgent|Day 0: Allocated campaign - Campaign ID 1693457746: day 1 to 5 [HIGH_INCOME, FEMALE], reach: 1250 coefs: (v=2.0, m=1.5)
14/07 00:51:01 SEVERE agents.BrownAgent|Exception thrown while trying to parse message.java.lang.NullPointerException.  Message[coordinator,adv1,tau.tac.adx.report.demand.InitialCampaignMessage[1693457746,1250,1,5,[HIGH_INCOME, FEMALE],2.0,1.5,demand,[]]]
14/07 00:51:01 SEVERE agents.BrownAgent|Exception thrown while trying to parse message.java.lang.NullPointerException.  Message[coordinator,adv1,tau.tac.adx.report.demand.CampaignOpportunityMessage[625715618,10000,2,4,[HIGH_INCOME, MALE],2.0,1.5,0,[]]]
14/07 00:51:01 SEVERE agents.BrownAgent|Exception thrown while trying to parse message.java.lang.NullPointerException.  Message[coordinator,adv1,simulationStatus[0,1546,false,[]]]
14/07 00:51:18 INFO agents.BrownAgent|Day 0 :BankStatus[0.000000]
14/07 00:51:18 INFO agents.BrownAgent|Day 0: Daily notification for campaign 625715618
14/07 00:51:18 INFO agents.BrownAgent|Day 0:  allocated to DummyAdnetwork-4. UCS Level set to 0.47829690000000014 at price 0.0 Qualit Score is: 1.0
14/07 00:51:18 SEVERE agents.BrownAgent|Exception thrown while trying to parse message.java.lang.NullPointerException.  Message[coordinator,adv1,tau.tac.adx.report.demand.CampaignOpportunityMessage[322714437,15000,3,12,[LOW_INCOME, MALE],2.0,1.5,1,[]]]
14/07 00:51:18 SEVERE agents.BrownAgent|Exception thrown while trying to parse message.java.lang.NullPointerException.  Message[coordinator,adv1,simulationStatus[1,8789,false,[]]]
14/07 00:51:23 INFO agents.BrownAgent|Day 1 :BankStatus[-0.088941]
14/07 00:51:23 INFO agents.BrownAgent|Day 1: Updating campaign 1693457746 stats: 0.0 tgtImps 0.0 nonTgtImps. Cost of imps is 0.0
14/07 00:51:23 INFO agents.BrownAgent|Day 1: Daily notification for campaign 322714437
14/07 00:51:23 INFO agents.BrownAgent|Day 1:  allocated to DummyAdnetwork-3. UCS Level set to 0.47829690000000014 at price 0.0 Qualit Score is: 1.0
14/07 00:51:23 SEVERE agents.BrownAgent|Exception thrown while trying to parse message.java.lang.NullPointerException.  Message[coordinator,adv1,tau.tac.adx.report.demand.CampaignOpportunityMessage[17680067,5000,4,13,[YOUNG, FEMALE],2.0,1.5,2,[]]]
14/07 00:51:23 SEVERE agents.BrownAgent|Exception thrown while trying to parse message.java.lang.NullPointerException.  Message[coordinator,adv1,simulationStatus[2,3565,false,[]]]
14/07 00:51:40 INFO agents.BrownAgent|Day 2 :BankStatus[-0.181423]
14/07 00:51:40 INFO agents.BrownAgent|Day 2: Updating campaign 1693457746 stats: 0.0 tgtImps 0.0 nonTgtImps. Cost of imps is 0.0
14/07 00:51:40 INFO agents.BrownAgent|Day 2: Daily notification for campaign 17680067
14/07 00:51:40 INFO agents.BrownAgent|Day 2:  allocated to DummyAdnetwork-3. UCS Level set to 0.47829690000000014 at price 0.0 Qualit Score is: 1.0
14/07 00:51:40 SEVERE agents.BrownAgent|Exception thrown while trying to parse message.java.lang.NullPointerException.  Message[coordinator,adv1,tau.tac.adx.report.demand.CampaignOpportunityMessage[1450716456,15000,5,7,[HIGH_INCOME, YOUNG],2.0,1.5,3,[]]]
14/07 00:51:47 SEVERE agents.BrownAgent|Exception thrown while trying to parse message.java.lang.NullPointerException.  Message[coordinator,adv1,simulationStatus[3,10798,false,[]]]
14/07 00:51:48 INFO agents.BrownAgent|Day 3 :BankStatus[-0.266173]
14/07 00:51:48 INFO agents.BrownAgent|Day 3: Updating campaign 1693457746 stats: 0.0 tgtImps 0.0 nonTgtImps. Cost of imps is 0.0
14/07 00:51:48 INFO agents.BrownAgent|Day 3: Daily notification for campaign 1450716456
14/07 00:51:48 INFO agents.BrownAgent|Day 3:  allocated to . UCS Level set to 0.47829690000000014 at price 0.0 Qualit Score is: 1.0
14/07 00:51:48 SEVERE agents.BrownAgent|Exception thrown while trying to parse message.java.lang.NullPointerException.  Message[coordinator,adv1,tau.tac.adx.report.demand.CampaignOpportunityMessage[1794749198,10000,6,15,[HIGH_INCOME, FEMALE],2.0,1.5,4,[]]]
14/07 00:51:48 SEVERE agents.BrownAgent|Exception thrown while trying to parse message.java.lang.NullPointerException.  Message[coordinator,adv1,simulationStatus[4,7731,false,[]]]
14/07 00:51:52 INFO agents.BrownAgent|Day 4 :BankStatus[-0.350923]
14/07 00:51:52 INFO agents.BrownAgent|Day 4: Updating campaign 1693457746 stats: 0.0 tgtImps 0.0 nonTgtImps. Cost of imps is 0.0
14/07 00:51:52 INFO agents.BrownAgent|Day 4: Daily notification for campaign 1794749198
14/07 00:51:52 INFO agents.BrownAgent|Day 4:  allocated to DummyAdnetwork-4. UCS Level set to 0.47829690000000014 at price 0.0 Qualit Score is: 1.0
14/07 00:51:52 SEVERE agents.BrownAgent|Exception thrown while trying to parse message.java.lang.NullPointerException.  Message[coordinator,adv1,tau.tac.adx.report.demand.CampaignOpportunityMessage[1979313219,15000,7,16,[YOUNG, FEMALE],2.0,1.5,5,[]]]
14/07 00:51:52 INFO agents.BrownAgent|Day 5 ended. Starting next day
14/07 00:52:04 INFO agents.BrownAgent|Day 6 :BankStatus[-0.417147]
14/07 00:52:04 INFO agents.BrownAgent|Day 6: Daily notification for campaign 1979313219
14/07 00:52:04 INFO agents.BrownAgent|Day 6:  allocated to DummyAdnetwork-3. UCS Level set to 0.47829690000000014 at price 0.0 Qualit Score is: 0.4
14/07 00:52:04 SEVERE agents.BrownAgent|Exception thrown while trying to parse message.java.lang.NullPointerException.  Message[coordinator,adv1,tau.tac.adx.report.demand.CampaignOpportunityMessage[1824036821,10000,8,12,[YOUNG, MALE],2.0,1.5,6,[]]]
14/07 00:52:04 INFO agents.BrownAgent|Day 6 ended. Starting next day
14/07 00:52:13 INFO agents.BrownAgent|Day 7 :BankStatus[-0.479657]
14/07 00:52:13 INFO agents.BrownAgent|Day 7: Daily notification for campaign 1824036821
14/07 00:52:13 INFO agents.BrownAgent|Day 7:  allocated to DummyAdnetwork-6. UCS Level set to 0.47829690000000014 at price 0.0 Qualit Score is: 0.4
14/07 00:52:13 SEVERE agents.BrownAgent|Exception thrown while trying to parse message.java.lang.NullPointerException.  Message[coordinator,adv1,tau.tac.adx.report.demand.CampaignOpportunityMessage[140091715,10000,9,18,[YOUNG, FEMALE],2.0,1.5,7,[]]]
14/07 00:52:13 INFO agents.BrownAgent|Day 7 ended. Starting next day
14/07 00:52:23 INFO agents.BrownAgent|Day 8 :BankStatus[-0.535876]
14/07 00:52:23 INFO agents.BrownAgent|Day 8: Daily notification for campaign 140091715
14/07 00:52:23 INFO agents.BrownAgent|Day 8:  allocated to DummyAdnetwork-5. UCS Level set to 0.47829690000000014 at price 0.0 Qualit Score is: 0.4
14/07 00:52:23 SEVERE agents.BrownAgent|Exception thrown while trying to parse message.java.lang.NullPointerException.  Message[coordinator,adv1,tau.tac.adx.report.demand.CampaignOpportunityMessage[1113772414,5000,10,19,[FEMALE, OLD],2.0,1.5,8,[]]]
14/07 00:52:23 INFO agents.BrownAgent|Day 8 ended. Starting next day
14/07 00:52:34 INFO agents.BrownAgent|Day 9 :BankStatus[-0.588073]
14/07 00:52:34 INFO agents.BrownAgent|Day 9: Daily notification for campaign 1113772414
14/07 00:52:34 INFO agents.BrownAgent|Day 9:  allocated to DummyAdnetwork-2. UCS Level set to 0.47829690000000014 at price 0.0 Qualit Score is: 0.4
14/07 00:52:34 SEVERE agents.BrownAgent|Exception thrown while trying to parse message.java.lang.NullPointerException.  Message[coordinator,adv1,tau.tac.adx.report.demand.CampaignOpportunityMessage[57686921,10000,11,13,[YOUNG, MALE],2.0,1.5,9,[]]]
14/07 00:52:34 INFO agents.BrownAgent|Day 9 ended. Starting next day
14/07 00:52:47 INFO agents.BrownAgent|Day 10 :BankStatus[-0.633757]
14/07 00:52:47 INFO agents.BrownAgent|Day 10: Daily notification for campaign 57686921
14/07 00:52:47 INFO agents.BrownAgent|Day 10:  allocated to DummyAdnetwork-3. UCS Level set to 0.47829690000000014 at price 0.0 Qualit Score is: 0.4
14/07 00:52:47 SEVERE agents.BrownAgent|Exception thrown while trying to parse message.java.lang.NullPointerException.  Message[coordinator,adv1,tau.tac.adx.report.demand.CampaignOpportunityMessage[46855222,5000,12,14,[LOW_INCOME, OLD],2.0,1.5,10,[]]]
14/07 00:52:47 INFO agents.BrownAgent|Day 10 ended. Starting next day
14/07 00:53:00 INFO agents.BrownAgent|Day 11 :BankStatus[-0.676878]
14/07 00:53:00 INFO agents.BrownAgent|Day 11: Daily notification for campaign 46855222
14/07 00:53:00 INFO agents.BrownAgent|Day 11:  allocated to DummyAdnetwork. UCS Level set to 0.47829690000000014 at price 0.0 Qualit Score is: 0.4
14/07 00:53:01 SEVERE agents.BrownAgent|Exception thrown while trying to parse message.java.lang.NullPointerException.  Message[coordinator,adv1,tau.tac.adx.report.demand.CampaignOpportunityMessage[1613165703,5000,13,22,[HIGH_INCOME, MALE],2.0,1.5,11,[]]]
14/07 00:53:03 INFO agents.BrownAgent|Day 11 ended. Starting next day
14/07 00:53:04 INFO agents.BrownAgent|Day 12 :BankStatus[-0.717580]
14/07 00:53:04 INFO agents.BrownAgent|Day 12: Daily notification for campaign 1613165703
14/07 00:53:04 INFO agents.BrownAgent|Day 12:  allocated to . UCS Level set to 0.47829690000000014 at price 0.0 Qualit Score is: 0.4
14/07 00:53:04 SEVERE agents.BrownAgent|Exception thrown while trying to parse message.java.lang.NullPointerException.  Message[coordinator,adv1,tau.tac.adx.report.demand.CampaignOpportunityMessage[1023336033,10000,14,18,[FEMALE, OLD],2.0,1.5,12,[]]]
14/07 00:53:04 INFO agents.BrownAgent|Day 12 ended. Starting next day
14/07 00:53:12 INFO agents.BrownAgent|Day 13 :BankStatus[-0.758282]
14/07 00:53:12 INFO agents.BrownAgent|Day 13: Daily notification for campaign 1023336033
14/07 00:53:12 INFO agents.BrownAgent|Day 13:  allocated to DummyAdnetwork-3. UCS Level set to 0.47829690000000014 at price 0.0 Qualit Score is: 0.4
14/07 00:53:13 SEVERE agents.BrownAgent|Exception thrown while trying to parse message.java.lang.NullPointerException.  Message[coordinator,adv1,tau.tac.adx.report.demand.CampaignOpportunityMessage[1495846870,15000,15,19,[YOUNG, LOW_INCOME],2.0,1.5,13,[]]]
14/07 00:53:13 INFO agents.BrownAgent|Day 13 ended. Starting next day
14/07 00:53:22 INFO agents.BrownAgent|Day 14 :BankStatus[-0.794546]
14/07 00:53:22 INFO agents.BrownAgent|Day 14: Daily notification for campaign 1495846870
14/07 00:53:22 INFO agents.BrownAgent|Day 14:  allocated to DummyAdnetwork-7. UCS Level set to 0.47829690000000014 at price 0.0 Qualit Score is: 0.4
14/07 00:53:22 SEVERE agents.BrownAgent|Exception thrown while trying to parse message.java.lang.NullPointerException.  Message[coordinator,adv1,tau.tac.adx.report.demand.CampaignOpportunityMessage[981623162,15000,16,20,[LOW_INCOME, MALE],2.0,1.5,14,[]]]
14/07 00:53:22 INFO agents.BrownAgent|Day 14 ended. Starting next day
14/07 00:53:35 INFO agents.BrownAgent|Day 15 :BankStatus[-0.825731]
14/07 00:53:35 INFO agents.BrownAgent|Day 15: Daily notification for campaign 981623162
14/07 00:53:35 INFO agents.BrownAgent|Day 15:  allocated to DummyAdnetwork-5. UCS Level set to 0.47829690000000014 at price 0.0 Qualit Score is: 0.4
14/07 00:53:35 SEVERE agents.BrownAgent|Exception thrown while trying to parse message.java.lang.NullPointerException.  Message[coordinator,adv1,tau.tac.adx.report.demand.CampaignOpportunityMessage[1683311337,10000,17,26,[YOUNG, LOW_INCOME],2.0,1.5,15,[]]]
14/07 00:53:35 INFO agents.BrownAgent|Day 15 ended. Starting next day
14/07 00:53:49 INFO agents.BrownAgent|Day 16 :BankStatus[-0.855166]
14/07 00:53:49 INFO agents.BrownAgent|Day 16: Daily notification for campaign 1683311337
14/07 00:53:49 INFO agents.BrownAgent|Day 16:  allocated to DummyAdnetwork-3. UCS Level set to 0.47829690000000014 at price 0.0 Qualit Score is: 0.4
14/07 00:53:49 SEVERE agents.BrownAgent|Exception thrown while trying to parse message.java.lang.NullPointerException.  Message[coordinator,adv1,tau.tac.adx.report.demand.CampaignOpportunityMessage[560596439,10000,18,20,[YOUNG, LOW_INCOME],2.0,1.5,16,[]]]
14/07 00:53:49 INFO agents.BrownAgent|Day 16 ended. Starting next day
14/07 00:53:55 INFO agents.BrownAgent|Day 17 :BankStatus[-0.881349]
14/07 00:53:55 INFO agents.BrownAgent|Day 17: Daily notification for campaign 560596439
14/07 00:53:55 INFO agents.BrownAgent|Day 17:  allocated to DummyAdnetwork-7. UCS Level set to 0.47829690000000014 at price 0.0 Qualit Score is: 0.4
14/07 00:53:55 SEVERE agents.BrownAgent|Exception thrown while trying to parse message.java.lang.NullPointerException.  Message[coordinator,adv1,tau.tac.adx.report.demand.CampaignOpportunityMessage[423072687,10000,19,21,[HIGH_INCOME, MALE],2.0,1.5,17,[]]]
14/07 00:53:55 INFO agents.BrownAgent|Day 17 ended. Starting next day
14/07 00:54:10 INFO agents.BrownAgent|Day 18 :BankStatus[-0.906063]
14/07 00:54:10 INFO agents.BrownAgent|Day 18: Daily notification for campaign 423072687
14/07 00:54:10 INFO agents.BrownAgent|Day 18:  allocated to DummyAdnetwork-3. UCS Level set to 0.47829690000000014 at price 0.0 Qualit Score is: 0.4
14/07 00:54:10 SEVERE agents.BrownAgent|Exception thrown while trying to parse message.java.lang.NullPointerException.  Message[coordinator,adv1,tau.tac.adx.report.demand.CampaignOpportunityMessage[520565623,15000,20,29,[YOUNG, MALE],2.0,1.5,18,[]]]
14/07 00:54:14 INFO agents.BrownAgent|Day 18 ended. Starting next day
14/07 00:54:15 INFO agents.BrownAgent|Day 19 :BankStatus[-0.928896]
14/07 00:54:15 INFO agents.BrownAgent|Day 19: Daily notification for campaign 520565623
14/07 00:54:15 INFO agents.BrownAgent|Day 19:  allocated to . UCS Level set to 0.47829690000000014 at price 0.0 Qualit Score is: 0.4
14/07 00:54:15 SEVERE agents.BrownAgent|Exception thrown while trying to parse message.java.lang.NullPointerException.  Message[coordinator,adv1,tau.tac.adx.report.demand.CampaignOpportunityMessage[192280676,15000,21,30,[HIGH_INCOME, YOUNG],2.0,1.5,19,[]]]
14/07 00:54:15 INFO agents.BrownAgent|Day 19 ended. Starting next day
14/07 00:54:27 INFO agents.BrownAgent|Day 20 :BankStatus[-0.951729]
14/07 00:54:27 INFO agents.BrownAgent|Day 20: Daily notification for campaign 192280676
14/07 00:54:27 INFO agents.BrownAgent|Day 20:  allocated to DummyAdnetwork-5. UCS Level set to 0.47829690000000014 at price 0.0 Qualit Score is: 0.4
14/07 00:54:27 SEVERE agents.BrownAgent|Exception thrown while trying to parse message.java.lang.NullPointerException.  Message[coordinator,adv1,tau.tac.adx.report.demand.CampaignOpportunityMessage[429578140,10000,22,31,[HIGH_INCOME, MALE],2.0,1.5,20,[]]]
14/07 00:54:27 INFO agents.BrownAgent|Day 20 ended. Starting next day
14/07 00:54:37 INFO agents.BrownAgent|Day 21 :BankStatus[-0.972072]
14/07 00:54:37 INFO agents.BrownAgent|Day 21: Daily notification for campaign 429578140
14/07 00:54:37 INFO agents.BrownAgent|Day 21:  allocated to DummyAdnetwork-4. UCS Level set to 0.47829690000000014 at price 0.0 Qualit Score is: 0.4
14/07 00:54:37 SEVERE agents.BrownAgent|Exception thrown while trying to parse message.java.lang.NullPointerException.  Message[coordinator,adv1,tau.tac.adx.report.demand.CampaignOpportunityMessage[630208725,15000,23,25,[OLD, MALE],2.0,1.5,21,[]]]
14/07 00:54:37 INFO agents.BrownAgent|Day 21 ended. Starting next day
14/07 00:54:41 INFO agents.BrownAgent|Day 22 :BankStatus[-0.988716]
14/07 00:54:41 INFO agents.BrownAgent|Day 22: Daily notification for campaign 630208725
14/07 00:54:41 INFO agents.BrownAgent|Day 22:  allocated to DummyAdnetwork-3. UCS Level set to 0.47829690000000014 at price 0.0 Qualit Score is: 0.4
14/07 00:54:41 SEVERE agents.BrownAgent|Exception thrown while trying to parse message.java.lang.NullPointerException.  Message[coordinator,adv1,tau.tac.adx.report.demand.CampaignOpportunityMessage[1705300311,15000,24,26,[HIGH_INCOME, OLD],2.0,1.5,22,[]]]
14/07 00:54:41 INFO agents.BrownAgent|Day 22 ended. Starting next day
14/07 00:54:53 INFO agents.BrownAgent|Day 23 :BankStatus[-1.005340]
14/07 00:54:53 INFO agents.BrownAgent|Day 23: Daily notification for campaign 1705300311
14/07 00:54:53 INFO agents.BrownAgent|Day 23:  allocated to DummyAdnetwork-5. UCS Level set to 0.47829690000000014 at price 0.0 Qualit Score is: 0.4
14/07 00:54:53 SEVERE agents.BrownAgent|Exception thrown while trying to parse message.java.lang.NullPointerException.  Message[coordinator,adv1,tau.tac.adx.report.demand.CampaignOpportunityMessage[383937829,10000,25,27,[OLD, MALE],2.0,1.5,23,[]]]
14/07 00:54:53 INFO agents.BrownAgent|Day 23 ended. Starting next day
14/07 00:55:03 INFO agents.BrownAgent|Day 24 :BankStatus[-1.020344]
14/07 00:55:03 INFO agents.BrownAgent|Day 24: Daily notification for campaign 383937829
14/07 00:55:03 INFO agents.BrownAgent|Day 24:  allocated to DummyAdnetwork-7. UCS Level set to 0.47829690000000014 at price 0.0 Qualit Score is: 0.4
14/07 00:55:03 SEVERE agents.BrownAgent|Exception thrown while trying to parse message.java.lang.NullPointerException.  Message[coordinator,adv1,tau.tac.adx.report.demand.CampaignOpportunityMessage[1013279657,15000,26,28,[FEMALE, OLD],2.0,1.5,24,[]]]
14/07 00:55:03 INFO agents.BrownAgent|Day 24 ended. Starting next day
14/07 00:55:14 INFO agents.BrownAgent|Day 25 :BankStatus[-1.034006]
14/07 00:55:14 INFO agents.BrownAgent|Day 25: Daily notification for campaign 1013279657
14/07 00:55:14 INFO agents.BrownAgent|Day 25:  allocated to DummyAdnetwork-5. UCS Level set to 0.47829690000000014 at price 0.0 Qualit Score is: 0.4
14/07 00:55:14 SEVERE agents.BrownAgent|Exception thrown while trying to parse message.java.lang.NullPointerException.  Message[coordinator,adv1,tau.tac.adx.report.demand.CampaignOpportunityMessage[789744724,15000,27,31,[HIGH_INCOME, OLD],2.0,1.5,25,[]]]
14/07 00:55:14 INFO agents.BrownAgent|Day 25 ended. Starting next day
14/07 00:55:23 INFO agents.BrownAgent|Day 26 :BankStatus[-1.046863]
14/07 00:55:23 INFO agents.BrownAgent|Day 26: Daily notification for campaign 789744724
14/07 00:55:23 INFO agents.BrownAgent|Day 26:  allocated to DummyAdnetwork-5. UCS Level set to 0.47829690000000014 at price 0.0 Qualit Score is: 0.4
14/07 00:55:23 SEVERE agents.BrownAgent|Exception thrown while trying to parse message.java.lang.NullPointerException.  Message[coordinator,adv1,tau.tac.adx.report.demand.CampaignOpportunityMessage[1196851290,10000,28,32,[LOW_INCOME, FEMALE],2.0,1.5,26,[]]]
14/07 00:55:23 INFO agents.BrownAgent|Day 26 ended. Starting next day
14/07 00:55:33 INFO agents.BrownAgent|Day 27 :BankStatus[-1.058428]
14/07 00:55:33 INFO agents.BrownAgent|Day 27: Daily notification for campaign 1196851290
14/07 00:55:33 INFO agents.BrownAgent|Day 27:  allocated to DummyAdnetwork. UCS Level set to 0.47829690000000014 at price 0.0 Qualit Score is: 0.4
14/07 00:55:33 SEVERE agents.BrownAgent|Exception thrown while trying to parse message.java.lang.NullPointerException.  Message[coordinator,adv1,tau.tac.adx.report.demand.CampaignOpportunityMessage[1858043555,5000,29,33,[OLD, MALE],2.0,1.5,27,[]]]
14/07 00:55:33 INFO agents.BrownAgent|Day 27 ended. Starting next day
14/07 00:55:53 INFO agents.BrownAgent|Day 28 :BankStatus[-1.068999]
14/07 00:55:53 INFO agents.BrownAgent|Day 28: Daily notification for campaign 1858043555
14/07 00:55:53 INFO agents.BrownAgent|Day 28:  allocated to DummyAdnetwork-3. UCS Level set to 0.47829690000000014 at price 0.0 Qualit Score is: 0.4
14/07 00:55:53 SEVERE agents.BrownAgent|Exception thrown while trying to parse message.java.lang.NullPointerException.  Message[coordinator,adv1,tau.tac.adx.report.demand.CampaignOpportunityMessage[954109911,15000,30,32,[HIGH_INCOME, FEMALE],2.0,1.5,28,[]]]
14/07 00:55:54 INFO agents.BrownAgent|Day 28 ended. Starting next day
14/07 00:55:56 INFO agents.BrownAgent|Day 29 :BankStatus[-1.078689]
14/07 00:55:56 INFO agents.BrownAgent|Day 29: Daily notification for campaign 954109911
14/07 00:55:56 INFO agents.BrownAgent|Day 29:  allocated to . UCS Level set to 0.47829690000000014 at price 0.0 Qualit Score is: 0.4
14/07 00:55:56 SEVERE agents.BrownAgent|Exception thrown while trying to parse message.java.lang.NullPointerException.  Message[coordinator,adv1,tau.tac.adx.report.demand.CampaignOpportunityMessage[205963638,15000,31,40,[HIGH_INCOME, MALE],2.0,1.5,29,[]]]
14/07 00:55:56 INFO agents.BrownAgent|Day 29 ended. Starting next day
14/07 00:56:05 INFO agents.BrownAgent|Day 30 :BankStatus[-1.088380]
14/07 00:56:05 INFO agents.BrownAgent|Day 30: Daily notification for campaign 205963638
14/07 00:56:05 INFO agents.BrownAgent|Day 30:  allocated to DummyAdnetwork-3. UCS Level set to 0.47829690000000014 at price 0.0 Qualit Score is: 0.4
14/07 00:56:05 SEVERE agents.BrownAgent|Exception thrown while trying to parse message.java.lang.NullPointerException.  Message[coordinator,adv1,tau.tac.adx.report.demand.CampaignOpportunityMessage[602952184,5000,32,41,[HIGH_INCOME, OLD],2.0,1.5,30,[]]]
14/07 00:56:05 INFO agents.BrownAgent|Day 30 ended. Starting next day
14/07 00:56:22 INFO agents.BrownAgent|Day 31 :BankStatus[-1.095873]
14/07 00:56:22 INFO agents.BrownAgent|Day 31: Daily notification for campaign 602952184
14/07 00:56:22 INFO agents.BrownAgent|Day 31:  allocated to DummyAdnetwork-7. UCS Level set to 0.47829690000000014 at price 0.0 Qualit Score is: 0.4
14/07 00:56:22 SEVERE agents.BrownAgent|Exception thrown while trying to parse message.java.lang.NullPointerException.  Message[coordinator,adv1,tau.tac.adx.report.demand.CampaignOpportunityMessage[234817059,5000,33,42,[HIGH_INCOME, OLD],2.0,1.5,31,[]]]
14/07 00:56:26 INFO agents.BrownAgent|Day 31 ended. Starting next day
14/07 00:56:29 INFO agents.BrownAgent|Day 32 :BankStatus[-1.102945]
14/07 00:56:29 INFO agents.BrownAgent|Day 32: Daily notification for campaign 234817059
14/07 00:56:29 INFO agents.BrownAgent|Day 32:  allocated to . UCS Level set to 0.47829690000000014 at price 0.0 Qualit Score is: 0.4
14/07 00:56:29 SEVERE agents.BrownAgent|Exception thrown while trying to parse message.java.lang.NullPointerException.  Message[coordinator,adv1,tau.tac.adx.report.demand.CampaignOpportunityMessage[1036848798,5000,34,38,[HIGH_INCOME, YOUNG],2.0,1.5,32,[]]]
14/07 00:56:29 INFO agents.BrownAgent|Day 32 ended. Starting next day
14/07 00:56:34 INFO agents.BrownAgent|Day 33 :BankStatus[-1.110018]
14/07 00:56:34 INFO agents.BrownAgent|Day 33: Daily notification for campaign 1036848798
14/07 00:56:34 INFO agents.BrownAgent|Day 33:  allocated to DummyAdnetwork-7. UCS Level set to 0.47829690000000014 at price 0.0 Qualit Score is: 0.4
14/07 00:56:34 SEVERE agents.BrownAgent|Exception thrown while trying to parse message.java.lang.NullPointerException.  Message[coordinator,adv1,tau.tac.adx.report.demand.CampaignOpportunityMessage[1353631340,10000,35,44,[LOW_INCOME, OLD],2.0,1.5,33,[]]]
14/07 00:56:34 INFO agents.BrownAgent|Day 33 ended. Starting next day
