01/07 16:26:01 INFO naive.NaiveAgent|UNKNOWN Message Received: edu.umich.eecs.tac.props.AdvertiserInfo@bc76a1c1
01/07 16:26:02 INFO naive.NaiveAgent|Day 0 :BankStatus[0.000000]
01/07 16:26:02 INFO naive.NaiveAgent|tau.tac.adx.report.demand.InitialCampaignMessage[626917559,1250,1,5,[YOUNG, LOW_INCOME],2.0,1.5,demand,[]]
01/07 16:26:02 INFO naive.NaiveAgent|Day 0: Allocated campaign - Campaign ID 626917559: day 1 to 5 [YOUNG, LOW_INCOME], reach: 1250 coefs: (v=2.0, m=1.5)
01/07 16:26:02 INFO naive.NaiveAgent|Day 0: Campaign opportunity - Campaign ID 662226064: day 2 to 6 [HIGH_INCOME, OLD], reach: 5000 coefs: (v=2.0, m=1.5)
01/07 16:26:02 INFO naive.NaiveAgent|This is the value of cmpBid: 1
01/07 16:26:02 INFO naive.NaiveAgent|Day 0: Campaign total budget bid: 0.0010
01/07 16:26:02 INFO naive.NaiveAgent|Day 0: Initial ucs bid is 0.15305621373425418
01/07 16:26:02 INFO naive.NaiveAgent|Day 0 : Simulation Status Received
01/07 16:26:02 INFO naive.NaiveAgent|Day 0: Updated 36 Bid Bundle entries for Campaign id 626917559
01/07 16:26:02 INFO naive.NaiveAgent|Day 0: Sending BidBundle
01/07 16:26:02 INFO naive.NaiveAgent|Day 0 ended. Starting next day
01/07 16:26:14 INFO naive.NaiveAgent|Day 1 :BankStatus[0.000000]
01/07 16:26:14 INFO naive.NaiveAgent|Day 1: Daily notification for campaign 662226064
01/07 16:26:14 INFO naive.NaiveAgent|Day 1:  WON at cost 0.474. UCS Level set to 0.9 at price 0.1368769461003767 Qualit Score is: 1.0
01/07 16:26:14 INFO naive.NaiveAgent|Day 1: Campaign opportunity - Campaign ID 1797792093: day 3 to 7 [YOUNG, LOW_INCOME], reach: 5000 coefs: (v=2.0, m=1.5)
01/07 16:26:14 INFO naive.NaiveAgent|This is the value of cmpBid: 1
01/07 16:26:14 INFO naive.NaiveAgent|Day 1: Campaign total budget bid: 0.0010
01/07 16:26:14 INFO naive.NaiveAgent|Day 1: Adjusting ucs bid: was 0.15305621373425418 level reported: 0.9 target: 0.7 adjusted: 0.12244497098740334
01/07 16:26:14 INFO naive.NaiveAgent|Day 1 : AdNetworkReport
01/07 16:26:14 INFO naive.NaiveAgent|Day 1 : Simulation Status Received
01/07 16:26:14 INFO naive.NaiveAgent|Day 1: Updated 36 Bid Bundle entries for Campaign id 626917559
01/07 16:26:14 INFO naive.NaiveAgent|Day 1: Updated 36 Bid Bundle entries for Campaign id 662226064
01/07 16:26:14 INFO naive.NaiveAgent|Day 1: Sending BidBundle
01/07 16:26:14 INFO naive.NaiveAgent|Day 1 ended. Starting next day
01/07 16:26:24 INFO naive.NaiveAgent|Day 2 :BankStatus[-0.476547]
01/07 16:26:24 INFO naive.NaiveAgent|Day 2: Updating campaign 626917559 stats: 627.0 tgtImps 305.5 nonTgtImps. Cost of imps is 0.38258221935546927
01/07 16:26:24 INFO naive.NaiveAgent|Day 2: Daily notification for campaign 1797792093
01/07 16:26:24 INFO naive.NaiveAgent|Day 2:  WON at cost 0.622. UCS Level set to 0.81 at price 0.09034669445113808 Qualit Score is: 1.0
01/07 16:26:24 INFO naive.NaiveAgent|Day 2: Campaign opportunity - Campaign ID 1479140038: day 4 to 6 [MALE, YOUNG], reach: 10000 coefs: (v=2.0, m=1.5)
01/07 16:26:24 INFO naive.NaiveAgent|This is the value of cmpBid: 1
01/07 16:26:24 INFO naive.NaiveAgent|Day 2: Campaign total budget bid: 0.0010
01/07 16:26:24 INFO naive.NaiveAgent|Day 2: Adjusting ucs bid: was 0.12244497098740334 level reported: 0.81 target: 0.7 adjusted: 0.10814072701361177
01/07 16:26:24 INFO naive.NaiveAgent|Day 2 : AdNetworkReport
01/07 16:26:24 INFO naive.NaiveAgent|Day 2 : Simulation Status Received
01/07 16:26:24 INFO naive.NaiveAgent|Day 2: Updated 36 Bid Bundle entries for Campaign id 1797792093
01/07 16:26:24 INFO naive.NaiveAgent|Day 2: Updated 36 Bid Bundle entries for Campaign id 626917559
01/07 16:26:24 INFO naive.NaiveAgent|Day 2: Updated 36 Bid Bundle entries for Campaign id 662226064
01/07 16:26:24 INFO naive.NaiveAgent|Day 2: Sending BidBundle
01/07 16:26:24 INFO naive.NaiveAgent|Day 2 ended. Starting next day
01/07 16:26:32 INFO naive.NaiveAgent|Day 3 :BankStatus[-0.971446]
01/07 16:26:32 INFO naive.NaiveAgent|Day 3: Updating campaign 662226064 stats: 2500.5 tgtImps 2272.5 nonTgtImps. Cost of imps is 0.062268615130508874
01/07 16:26:32 INFO naive.NaiveAgent|Day 3: Updating campaign 626917559 stats: 1253.0 tgtImps 431.0 nonTgtImps. Cost of imps is 0.7351798234712679
01/07 16:26:32 INFO naive.NaiveAgent|Day 3: Daily notification for campaign 1479140038
01/07 16:26:32 INFO naive.NaiveAgent|Day 3:  WON at cost 1.612. UCS Level set to 0.5314410000000002 at price 0.05162980208580018 Qualit Score is: 1.0
01/07 16:26:32 INFO naive.NaiveAgent|Day 3: Campaign opportunity - Campaign ID 1574689066: day 5 to 14 [OLD, LOW_INCOME], reach: 5000 coefs: (v=2.0, m=1.5)
01/07 16:26:32 INFO naive.NaiveAgent|This is the value of cmpBid: 1
01/07 16:26:32 INFO naive.NaiveAgent|Day 3: Campaign total budget bid: 0.0010
01/07 16:26:32 INFO naive.NaiveAgent|Day 3: Adjusting ucs bid: was 0.10814072701361177 level reported: 0.5314410000000002 target: 0.7 adjusted: 0.11831568584187736
01/07 16:26:32 INFO naive.NaiveAgent|Day 3 : AdNetworkReport
01/07 16:26:32 INFO naive.NaiveAgent|Day 3 : Simulation Status Received
01/07 16:26:32 INFO naive.NaiveAgent|Day 3: Updated 36 Bid Bundle entries for Campaign id 1797792093
01/07 16:26:32 INFO naive.NaiveAgent|Day 3: Updated 36 Bid Bundle entries for Campaign id 1479140038
01/07 16:26:32 INFO naive.NaiveAgent|Day 3: Updated 36 Bid Bundle entries for Campaign id 626917559
01/07 16:26:32 INFO naive.NaiveAgent|Day 3: Updated 36 Bid Bundle entries for Campaign id 662226064
01/07 16:26:32 INFO naive.NaiveAgent|Day 3: Sending BidBundle
01/07 16:26:32 INFO naive.NaiveAgent|Day 3 ended. Starting next day
01/07 16:26:42 INFO naive.NaiveAgent|Day 4 :BankStatus[-1.060974]
01/07 16:26:42 INFO naive.NaiveAgent|Day 4: Updating campaign 1797792093 stats: 2500.5 tgtImps 47.5 nonTgtImps. Cost of imps is 0.0027946034527879635
01/07 16:26:42 INFO naive.NaiveAgent|Day 4: Updating campaign 662226064 stats: 5002.0 tgtImps 3611.0 nonTgtImps. Cost of imps is 0.0665091963208474
01/07 16:26:42 INFO naive.NaiveAgent|Day 4: Updating campaign 626917559 stats: 1253.0 tgtImps 431.0 nonTgtImps. Cost of imps is 0.7351798234712679
01/07 16:26:42 INFO naive.NaiveAgent|Day 4: Daily notification for campaign 1574689066
01/07 16:26:42 INFO naive.NaiveAgent|Day 4:  WON at cost 0.033. UCS Level set to 0.9 at price 0.1047720047297603 Qualit Score is: 1.0
01/07 16:26:42 INFO naive.NaiveAgent|Day 4: Campaign opportunity - Campaign ID 1046936738: day 6 to 15 [OLD, LOW_INCOME], reach: 5000 coefs: (v=2.0, m=1.5)
01/07 16:26:42 INFO naive.NaiveAgent|This is the value of cmpBid: 1
01/07 16:26:42 INFO naive.NaiveAgent|Day 4: Campaign total budget bid: 0.0010
01/07 16:26:42 INFO naive.NaiveAgent|Day 4: Adjusting ucs bid: was 0.11831568584187736 level reported: 0.9 target: 0.7 adjusted: 0.09465254867350188
01/07 16:26:42 INFO naive.NaiveAgent|Day 4 : AdNetworkReport
01/07 16:26:42 INFO naive.NaiveAgent|Day 4 : Simulation Status Received
01/07 16:26:42 INFO naive.NaiveAgent|Day 4: Updated 36 Bid Bundle entries for Campaign id 1797792093
01/07 16:26:42 INFO naive.NaiveAgent|Day 4: Updated 36 Bid Bundle entries for Campaign id 1574689066
01/07 16:26:42 INFO naive.NaiveAgent|Day 4: Updated 36 Bid Bundle entries for Campaign id 1479140038
01/07 16:26:42 INFO naive.NaiveAgent|Day 4: Updated 36 Bid Bundle entries for Campaign id 626917559
01/07 16:26:42 INFO naive.NaiveAgent|Day 4: Updated 36 Bid Bundle entries for Campaign id 662226064
01/07 16:26:42 INFO naive.NaiveAgent|Day 4: Sending BidBundle
01/07 16:26:42 INFO naive.NaiveAgent|Day 4 ended. Starting next day
01/07 16:26:52 INFO naive.NaiveAgent|Day 5 :BankStatus[-1.159983]
01/07 16:26:52 INFO naive.NaiveAgent|Day 5: Updating campaign 1797792093 stats: 5002.0 tgtImps 2446.0 nonTgtImps. Cost of imps is 0.008560065237087754
01/07 16:26:52 INFO naive.NaiveAgent|Day 5: Updating campaign 662226064 stats: 6251.5 tgtImps 3884.0 nonTgtImps. Cost of imps is 0.06810953765465225
01/07 16:26:52 INFO naive.NaiveAgent|Day 5: Updating campaign 626917559 stats: 1253.0 tgtImps 431.0 nonTgtImps. Cost of imps is 0.7351798234712679
01/07 16:26:52 INFO naive.NaiveAgent|Day 5: Updating campaign 1479140038 stats: 5000.5 tgtImps 5423.5 nonTgtImps. Cost of imps is 0.0120362852410591
01/07 16:26:52 INFO naive.NaiveAgent|Day 5: Daily notification for campaign 1046936738
01/07 16:26:52 INFO naive.NaiveAgent|Day 5:  WON at cost 0.314. UCS Level set to 0.47829690000000014 at price 0.0 Qualit Score is: 1.0
01/07 16:26:52 INFO naive.NaiveAgent|Day 5: Campaign opportunity - Campaign ID 2147178079: day 7 to 16 [YOUNG, LOW_INCOME], reach: 15000 coefs: (v=2.0, m=1.5)
01/07 16:26:52 INFO naive.NaiveAgent|This is the value of cmpBid: 1
01/07 16:26:52 INFO naive.NaiveAgent|Day 5: Campaign total budget bid: 0.0010
01/07 16:26:52 INFO naive.NaiveAgent|Day 5: Adjusting ucs bid: was 0.09465254867350188 level reported: 0.47829690000000014 target: 0.7 adjusted: 0.11563731213731812
01/07 16:26:52 INFO naive.NaiveAgent|Day 5 : AdNetworkReport
01/07 16:26:52 INFO naive.NaiveAgent|Day 5 : Simulation Status Received
01/07 16:26:52 INFO naive.NaiveAgent|Day 5: Updated 36 Bid Bundle entries for Campaign id 1797792093
01/07 16:26:52 INFO naive.NaiveAgent|Day 5: Updated 36 Bid Bundle entries for Campaign id 1046936738
01/07 16:26:52 INFO naive.NaiveAgent|Day 5: Updated 36 Bid Bundle entries for Campaign id 1574689066
01/07 16:26:52 INFO naive.NaiveAgent|Day 5: Updated 36 Bid Bundle entries for Campaign id 1479140038
01/07 16:26:52 INFO naive.NaiveAgent|Day 5: Updated 36 Bid Bundle entries for Campaign id 662226064
01/07 16:26:52 INFO naive.NaiveAgent|Day 5: Sending BidBundle
01/07 16:26:52 INFO naive.NaiveAgent|Day 5 ended. Starting next day
01/07 16:27:02 INFO naive.NaiveAgent|Day 6 :BankStatus[-1.397403]
01/07 16:27:02 INFO naive.NaiveAgent|Day 6: Updating campaign 1797792093 stats: 6252.5 tgtImps 2792.5 nonTgtImps. Cost of imps is 0.10704153877486018
01/07 16:27:02 INFO naive.NaiveAgent|Day 6: Updating campaign 662226064 stats: 6254.5 tgtImps 3884.0 nonTgtImps. Cost of imps is 0.06811105200525584
01/07 16:27:02 INFO naive.NaiveAgent|Day 6: Updating campaign 1574689066 stats: 2501.0 tgtImps 2220.0 nonTgtImps. Cost of imps is 0.004966494149575813
01/07 16:27:02 INFO naive.NaiveAgent|Day 6: Updating campaign 1479140038 stats: 10002.0 tgtImps 6980.5 nonTgtImps. Cost of imps is 0.06580931428483576
01/07 16:27:02 INFO naive.NaiveAgent|Day 6: Daily notification for campaign 2147178079
01/07 16:27:02 INFO naive.NaiveAgent|Day 6:  WON at cost 0.551. UCS Level set to 0.9 at price 0.09804876665480264 Qualit Score is: 1.0014096377272592
01/07 16:27:02 INFO naive.NaiveAgent|Day 6: Campaign opportunity - Campaign ID 2130231319: day 8 to 17 [MALE, LOW_INCOME], reach: 5000 coefs: (v=2.0, m=1.5)
01/07 16:27:02 INFO naive.NaiveAgent|This is the value of cmpBid: 1
01/07 16:27:02 INFO naive.NaiveAgent|Day 6: Campaign total budget bid: 0.0010
01/07 16:27:02 INFO naive.NaiveAgent|Day 6: Adjusting ucs bid: was 0.11563731213731812 level reported: 0.9 target: 0.7 adjusted: 0.09250984970985449
01/07 16:27:02 INFO naive.NaiveAgent|Day 6 : AdNetworkReport
01/07 16:27:02 INFO naive.NaiveAgent|Day 6 : Simulation Status Received
01/07 16:27:02 INFO naive.NaiveAgent|Day 6: Updated 36 Bid Bundle entries for Campaign id 1797792093
01/07 16:27:02 INFO naive.NaiveAgent|Day 6: Updated 36 Bid Bundle entries for Campaign id 2147178079
01/07 16:27:02 INFO naive.NaiveAgent|Day 6: Updated 36 Bid Bundle entries for Campaign id 1046936738
01/07 16:27:02 INFO naive.NaiveAgent|Day 6: Updated 36 Bid Bundle entries for Campaign id 1574689066
01/07 16:27:02 INFO naive.NaiveAgent|Day 6: Sending BidBundle
01/07 16:27:02 INFO naive.NaiveAgent|Day 6 ended. Starting next day
01/07 16:27:12 INFO naive.NaiveAgent|Day 7 :BankStatus[-0.228467]
01/07 16:27:12 INFO naive.NaiveAgent|Day 7: Updating campaign 1797792093 stats: 6255.5 tgtImps 2816.5 nonTgtImps. Cost of imps is 0.10706898829884937
01/07 16:27:12 INFO naive.NaiveAgent|Day 7: Updating campaign 1574689066 stats: 2501.0 tgtImps 2220.0 nonTgtImps. Cost of imps is 0.004966494149575813
01/07 16:27:12 INFO naive.NaiveAgent|Day 7: Updating campaign 1046936738 stats: 2501.0 tgtImps 1704.5 nonTgtImps. Cost of imps is 0.004257544691828493
01/07 16:27:12 INFO naive.NaiveAgent|Day 7: Daily notification for campaign 2130231319
01/07 16:27:12 INFO naive.NaiveAgent|Day 7:  WON at cost 2.877496023211338. UCS Level set to 0.5314410000000002 at price 0.04816488881839038 Qualit Score is: 1.1343998612345652
01/07 16:27:12 INFO naive.NaiveAgent|Day 7: Campaign opportunity - Campaign ID 1488020338: day 9 to 18 [HIGH_INCOME, YOUNG], reach: 10000 coefs: (v=2.0, m=1.5)
01/07 16:27:12 INFO naive.NaiveAgent|This is the value of cmpBid: 1
01/07 16:27:12 INFO naive.NaiveAgent|Day 7: Campaign total budget bid: 0.0010
01/07 16:27:12 INFO naive.NaiveAgent|Day 7: Adjusting ucs bid: was 0.09250984970985449 level reported: 0.5314410000000002 target: 0.7 adjusted: 0.10810321746709782
01/07 16:27:12 INFO naive.NaiveAgent|Day 7 : AdNetworkReport
01/07 16:27:12 INFO naive.NaiveAgent|Day 7 : Simulation Status Received
01/07 16:27:12 INFO naive.NaiveAgent|Day 7: Updated 36 Bid Bundle entries for Campaign id 2130231319
01/07 16:27:12 INFO naive.NaiveAgent|Day 7: Updated 36 Bid Bundle entries for Campaign id 2147178079
01/07 16:27:12 INFO naive.NaiveAgent|Day 7: Updated 36 Bid Bundle entries for Campaign id 1046936738
01/07 16:27:12 INFO naive.NaiveAgent|Day 7: Updated 36 Bid Bundle entries for Campaign id 1574689066
01/07 16:27:12 INFO naive.NaiveAgent|Day 7: Sending BidBundle
01/07 16:27:12 INFO naive.NaiveAgent|Day 7 ended. Starting next day
01/07 16:27:22 INFO naive.NaiveAgent|Day 8 :BankStatus[2.110693]
01/07 16:27:22 INFO naive.NaiveAgent|Day 8: Updating campaign 1574689066 stats: 2501.0 tgtImps 2220.0 nonTgtImps. Cost of imps is 0.004966494149575813
01/07 16:27:22 INFO naive.NaiveAgent|Day 8: Updating campaign 2147178079 stats: 0.0 tgtImps 0.0 nonTgtImps. Cost of imps is 0.0
01/07 16:27:22 INFO naive.NaiveAgent|Day 8: Updating campaign 1046936738 stats: 5002.0 tgtImps 1770.0 nonTgtImps. Cost of imps is 0.00767454300812123
01/07 16:27:22 INFO naive.NaiveAgent|Day 8: Daily notification for campaign 1488020338
01/07 16:27:22 INFO naive.NaiveAgent|Day 8:  WON at cost 0.959551110576095. UCS Level set to 0.7290000000000001 at price 0.0781212216552787 Qualit Score is: 1.1498842956301556
01/07 16:27:22 INFO naive.NaiveAgent|Day 8: Campaign opportunity - Campaign ID 1395373280: day 10 to 12 [MALE, LOW_INCOME], reach: 10000 coefs: (v=2.0, m=1.5)
01/07 16:27:22 INFO naive.NaiveAgent|This is the value of cmpBid: 1
01/07 16:27:22 INFO naive.NaiveAgent|Day 8: Campaign total budget bid: 0.0010
01/07 16:27:22 INFO naive.NaiveAgent|Day 8: Adjusting ucs bid: was 0.10810321746709782 level reported: 0.7290000000000001 target: 0.7 adjusted: 0.10496822416055197
01/07 16:27:22 INFO naive.NaiveAgent|Day 8 : AdNetworkReport
01/07 16:27:22 INFO naive.NaiveAgent|Day 8 : Simulation Status Received
01/07 16:27:22 INFO naive.NaiveAgent|Day 8: Updated 36 Bid Bundle entries for Campaign id 2130231319
01/07 16:27:22 INFO naive.NaiveAgent|Day 8: Updated 36 Bid Bundle entries for Campaign id 2147178079
01/07 16:27:22 INFO naive.NaiveAgent|Day 8: Updated 36 Bid Bundle entries for Campaign id 1488020338
01/07 16:27:22 INFO naive.NaiveAgent|Day 8: Updated 36 Bid Bundle entries for Campaign id 1046936738
01/07 16:27:22 INFO naive.NaiveAgent|Day 8: Updated 36 Bid Bundle entries for Campaign id 1574689066
01/07 16:27:22 INFO naive.NaiveAgent|Day 8: Sending BidBundle
01/07 16:27:22 INFO naive.NaiveAgent|Day 8 ended. Starting next day
01/07 16:27:32 INFO naive.NaiveAgent|Day 9 :BankStatus[2.684815]
01/07 16:27:32 INFO naive.NaiveAgent|Day 9: Updating campaign 2130231319 stats: 2500.5 tgtImps 253.5 nonTgtImps. Cost of imps is 0.0034342743791331005
01/07 16:27:32 INFO naive.NaiveAgent|Day 9: Updating campaign 1574689066 stats: 2501.0 tgtImps 2220.0 nonTgtImps. Cost of imps is 0.004966494149575813
01/07 16:27:32 INFO naive.NaiveAgent|Day 9: Updating campaign 2147178079 stats: 7503.0 tgtImps 37381.5 nonTgtImps. Cost of imps is 0.06340504265534587
01/07 16:27:32 INFO naive.NaiveAgent|Day 9: Updating campaign 1046936738 stats: 6251.5 tgtImps 2993.0 nonTgtImps. Cost of imps is 0.010241017920260618
01/07 16:27:32 INFO naive.NaiveAgent|Day 9: Daily notification for campaign 1395373280
01/07 16:27:32 INFO naive.NaiveAgent|Day 9:  WON at cost 4.451979544011821. UCS Level set to 0.7290000000000001 at price 0.07578693243459068 Qualit Score is: 1.1498842956301556
01/07 16:27:32 INFO naive.NaiveAgent|Day 9: Campaign opportunity - Campaign ID 621154439: day 11 to 13 [MALE, HIGH_INCOME], reach: 5000 coefs: (v=2.0, m=1.5)
01/07 16:27:32 INFO naive.NaiveAgent|This is the value of cmpBid: 1
01/07 16:27:32 INFO naive.NaiveAgent|Day 9: Campaign total budget bid: 0.0010
01/07 16:27:32 INFO naive.NaiveAgent|Day 9: Adjusting ucs bid: was 0.10496822416055197 level reported: 0.7290000000000001 target: 0.7 adjusted: 0.10192414565989595
01/07 16:27:32 INFO naive.NaiveAgent|Day 9 : AdNetworkReport
01/07 16:27:32 INFO naive.NaiveAgent|Day 9 : Simulation Status Received
01/07 16:27:32 INFO naive.NaiveAgent|Day 9: Updated 36 Bid Bundle entries for Campaign id 2130231319
01/07 16:27:32 INFO naive.NaiveAgent|Day 9: Updated 36 Bid Bundle entries for Campaign id 2147178079
01/07 16:27:32 INFO naive.NaiveAgent|Day 9: Updated 36 Bid Bundle entries for Campaign id 1395373280
01/07 16:27:32 INFO naive.NaiveAgent|Day 9: Updated 36 Bid Bundle entries for Campaign id 1488020338
01/07 16:27:32 INFO naive.NaiveAgent|Day 9: Updated 36 Bid Bundle entries for Campaign id 1046936738
01/07 16:27:32 INFO naive.NaiveAgent|Day 9: Updated 36 Bid Bundle entries for Campaign id 1574689066
01/07 16:27:32 INFO naive.NaiveAgent|Day 9: Sending BidBundle
01/07 16:27:32 INFO naive.NaiveAgent|Day 9 ended. Starting next day
01/07 16:27:42 INFO naive.NaiveAgent|Day 10 :BankStatus[2.589103]
01/07 16:27:42 INFO naive.NaiveAgent|Day 10: Updating campaign 2130231319 stats: 5002.5 tgtImps 714.0 nonTgtImps. Cost of imps is 0.006377370708886465
01/07 16:27:42 INFO naive.NaiveAgent|Day 10: Updating campaign 1488020338 stats: 5000.5 tgtImps 3496.5 nonTgtImps. Cost of imps is 0.008852367183892217
01/07 16:27:42 INFO naive.NaiveAgent|Day 10: Updating campaign 1574689066 stats: 2501.0 tgtImps 2220.0 nonTgtImps. Cost of imps is 0.004966494149575813
01/07 16:27:42 INFO naive.NaiveAgent|Day 10: Updating campaign 2147178079 stats: 15004.5 tgtImps 38505.0 nonTgtImps. Cost of imps is 0.07152953687460041
01/07 16:27:42 INFO naive.NaiveAgent|Day 10: Updating campaign 1046936738 stats: 6252.5 tgtImps 2997.5 nonTgtImps. Cost of imps is 0.010246098580335395
01/07 16:27:42 INFO naive.NaiveAgent|Day 10: Daily notification for campaign 621154439
01/07 16:27:42 INFO naive.NaiveAgent|Day 10:  WON at cost 0.3910026771642122. UCS Level set to 0.6561000000000001 at price 0.06443717729764435 Qualit Score is: 1.1498842956301556
01/07 16:27:42 INFO naive.NaiveAgent|Day 10: Campaign opportunity - Campaign ID 1525813644: day 12 to 21 [HIGH_INCOME, YOUNG], reach: 5000 coefs: (v=2.0, m=1.5)
01/07 16:27:42 INFO naive.NaiveAgent|This is the value of cmpBid: 1
01/07 16:27:42 INFO naive.NaiveAgent|Day 10: Campaign total budget bid: 0.0010
01/07 16:27:42 INFO naive.NaiveAgent|Day 10: Adjusting ucs bid: was 0.10192414565989595 level reported: 0.6561000000000001 target: 0.7 adjusted: 0.10639861565436537
01/07 16:27:43 INFO naive.NaiveAgent|Day 10 : AdNetworkReport
01/07 16:27:43 INFO naive.NaiveAgent|Day 10 : Simulation Status Received
01/07 16:27:43 INFO naive.NaiveAgent|Day 10: Updated 36 Bid Bundle entries for Campaign id 2130231319
01/07 16:27:43 INFO naive.NaiveAgent|Day 10: Updated 36 Bid Bundle entries for Campaign id 621154439
01/07 16:27:43 INFO naive.NaiveAgent|Day 10: Updated 36 Bid Bundle entries for Campaign id 2147178079
01/07 16:27:43 INFO naive.NaiveAgent|Day 10: Updated 36 Bid Bundle entries for Campaign id 1395373280
01/07 16:27:43 INFO naive.NaiveAgent|Day 10: Updated 36 Bid Bundle entries for Campaign id 1488020338
01/07 16:27:43 INFO naive.NaiveAgent|Day 10: Updated 36 Bid Bundle entries for Campaign id 1046936738
01/07 16:27:43 INFO naive.NaiveAgent|Day 10: Updated 36 Bid Bundle entries for Campaign id 1574689066
01/07 16:27:43 INFO naive.NaiveAgent|Day 10: Sending BidBundle
01/07 16:27:43 INFO naive.NaiveAgent|Day 10 ended. Starting next day
01/07 16:27:51 INFO naive.NaiveAgent|Day 11 :BankStatus[2.491391]
01/07 16:27:52 INFO naive.NaiveAgent|Day 11: Updating campaign 2130231319 stats: 6253.0 tgtImps 965.5 nonTgtImps. Cost of imps is 0.007995238797550928
01/07 16:27:52 INFO naive.NaiveAgent|Day 11: Updating campaign 1488020338 stats: 10001.5 tgtImps 10821.0 nonTgtImps. Cost of imps is 0.02356352452853716
01/07 16:27:52 INFO naive.NaiveAgent|Day 11: Updating campaign 1395373280 stats: 0.0 tgtImps 0.0 nonTgtImps. Cost of imps is 0.0
01/07 16:27:52 INFO naive.NaiveAgent|Day 11: Updating campaign 1574689066 stats: 2501.0 tgtImps 2220.0 nonTgtImps. Cost of imps is 0.004966494149575813
01/07 16:27:52 INFO naive.NaiveAgent|Day 11: Updating campaign 2147178079 stats: 18754.0 tgtImps 41136.0 nonTgtImps. Cost of imps is 0.07860633358717896
01/07 16:27:52 INFO naive.NaiveAgent|Day 11: Updating campaign 1046936738 stats: 6254.0 tgtImps 2999.5 nonTgtImps. Cost of imps is 0.010249634168617953
01/07 16:27:52 INFO naive.NaiveAgent|Day 11: Daily notification for campaign 1525813644
01/07 16:27:52 INFO naive.NaiveAgent|Day 11:  WON at cost 0.43983074307853454. UCS Level set to 0.7290000000000001 at price 0.07227774983749437 Qualit Score is: 1.1498842956301556
01/07 16:27:52 INFO naive.NaiveAgent|Day 11: Campaign opportunity - Campaign ID 1010871282: day 13 to 17 [MALE, YOUNG], reach: 5000 coefs: (v=2.0, m=1.5)
01/07 16:27:52 INFO naive.NaiveAgent|This is the value of cmpBid: 1
01/07 16:27:52 INFO naive.NaiveAgent|Day 11: Campaign total budget bid: 0.0010
01/07 16:27:52 INFO naive.NaiveAgent|Day 11: Adjusting ucs bid: was 0.10639861565436537 level reported: 0.7290000000000001 target: 0.7 adjusted: 0.10331305580038876
01/07 16:27:52 INFO naive.NaiveAgent|Day 11 : AdNetworkReport
01/07 16:27:52 INFO naive.NaiveAgent|Day 11 : Simulation Status Received
01/07 16:27:52 INFO naive.NaiveAgent|Day 11: Updated 36 Bid Bundle entries for Campaign id 2130231319
01/07 16:27:52 INFO naive.NaiveAgent|Day 11: Updated 36 Bid Bundle entries for Campaign id 1525813644
01/07 16:27:52 INFO naive.NaiveAgent|Day 11: Updated 36 Bid Bundle entries for Campaign id 621154439
01/07 16:27:52 INFO naive.NaiveAgent|Day 11: Updated 36 Bid Bundle entries for Campaign id 2147178079
01/07 16:27:52 INFO naive.NaiveAgent|Day 11: Updated 36 Bid Bundle entries for Campaign id 1395373280
01/07 16:27:52 INFO naive.NaiveAgent|Day 11: Updated 36 Bid Bundle entries for Campaign id 1488020338
01/07 16:27:52 INFO naive.NaiveAgent|Day 11: Updated 36 Bid Bundle entries for Campaign id 1046936738
01/07 16:27:52 INFO naive.NaiveAgent|Day 11: Updated 36 Bid Bundle entries for Campaign id 1574689066
01/07 16:27:52 INFO naive.NaiveAgent|Day 11: Sending BidBundle
01/07 16:27:52 INFO naive.NaiveAgent|Day 11 ended. Starting next day
01/07 16:28:01 INFO naive.NaiveAgent|Day 12 :BankStatus[2.406271]
01/07 16:28:01 INFO naive.NaiveAgent|Day 12: Updating campaign 2130231319 stats: 6254.5 tgtImps 967.0 nonTgtImps. Cost of imps is 0.007997072678210503
01/07 16:28:01 INFO naive.NaiveAgent|Day 12: Updating campaign 1488020338 stats: 10001.5 tgtImps 10821.0 nonTgtImps. Cost of imps is 0.02356352452853716
01/07 16:28:01 INFO naive.NaiveAgent|Day 12: Updating campaign 1395373280 stats: 0.0 tgtImps 0.0 nonTgtImps. Cost of imps is 0.0
01/07 16:28:01 INFO naive.NaiveAgent|Day 12: Updating campaign 1574689066 stats: 2501.0 tgtImps 2220.0 nonTgtImps. Cost of imps is 0.004966494149575813
01/07 16:28:01 INFO naive.NaiveAgent|Day 12: Updating campaign 621154439 stats: 2502.5 tgtImps 9570.5 nonTgtImps. Cost of imps is 0.01283658159008908
01/07 16:28:01 INFO naive.NaiveAgent|Day 12: Updating campaign 2147178079 stats: 18757.0 tgtImps 41136.0 nonTgtImps. Cost of imps is 0.07860852928759152
01/07 16:28:01 INFO naive.NaiveAgent|Day 12: Updating campaign 1046936738 stats: 6255.0 tgtImps 3002.5 nonTgtImps. Cost of imps is 0.010251352534138758
01/07 16:28:01 INFO naive.NaiveAgent|Day 12: Daily notification for campaign 1010871282
01/07 16:28:01 INFO naive.NaiveAgent|Day 12:  WON at cost 0.07234250957989168. UCS Level set to 0.7290000000000001 at price 0.07379013072045441 Qualit Score is: 1.1498842956301556
01/07 16:28:02 INFO naive.NaiveAgent|Day 12: Campaign opportunity - Campaign ID 1682942429: day 14 to 16 [HIGH_INCOME, OLD], reach: 15000 coefs: (v=2.0, m=1.5)
01/07 16:28:02 INFO naive.NaiveAgent|This is the value of cmpBid: 1
01/07 16:28:02 INFO naive.NaiveAgent|Day 12: Campaign total budget bid: 0.0010
01/07 16:28:02 INFO naive.NaiveAgent|Day 12: Adjusting ucs bid: was 0.10331305580038876 level reported: 0.7290000000000001 target: 0.7 adjusted: 0.10031697718217747
01/07 16:28:02 INFO naive.NaiveAgent|Day 12 : AdNetworkReport
01/07 16:28:02 INFO naive.NaiveAgent|Day 12 : Simulation Status Received
01/07 16:28:02 INFO naive.NaiveAgent|Day 12: Updated 36 Bid Bundle entries for Campaign id 2130231319
01/07 16:28:02 INFO naive.NaiveAgent|Day 12: Updated 36 Bid Bundle entries for Campaign id 1525813644
01/07 16:28:02 INFO naive.NaiveAgent|Day 12: Updated 36 Bid Bundle entries for Campaign id 1010871282
01/07 16:28:02 INFO naive.NaiveAgent|Day 12: Updated 36 Bid Bundle entries for Campaign id 2147178079
01/07 16:28:02 INFO naive.NaiveAgent|Day 12: Updated 36 Bid Bundle entries for Campaign id 1488020338
01/07 16:28:02 INFO naive.NaiveAgent|Day 12: Updated 36 Bid Bundle entries for Campaign id 1046936738
01/07 16:28:02 INFO naive.NaiveAgent|Day 12: Updated 36 Bid Bundle entries for Campaign id 621154439
01/07 16:28:02 INFO naive.NaiveAgent|Day 12: Updated 36 Bid Bundle entries for Campaign id 1574689066
01/07 16:28:02 INFO naive.NaiveAgent|Day 12: Sending BidBundle
01/07 16:28:02 INFO naive.NaiveAgent|Day 12 ended. Starting next day
01/07 16:28:12 INFO naive.NaiveAgent|Day 13 :BankStatus[2.326504]
01/07 16:28:12 INFO naive.NaiveAgent|Day 13: Updating campaign 2130231319 stats: 6255.5 tgtImps 967.0 nonTgtImps. Cost of imps is 0.008000010061542783
01/07 16:28:12 INFO naive.NaiveAgent|Day 13: Updating campaign 1525813644 stats: 2501.5 tgtImps 2822.0 nonTgtImps. Cost of imps is 0.005970718815671397
01/07 16:28:12 INFO naive.NaiveAgent|Day 13: Updating campaign 1488020338 stats: 10001.5 tgtImps 10821.0 nonTgtImps. Cost of imps is 0.02356352452853716
01/07 16:28:12 INFO naive.NaiveAgent|Day 13: Updating campaign 1574689066 stats: 2501.0 tgtImps 2220.0 nonTgtImps. Cost of imps is 0.004966494149575813
01/07 16:28:12 INFO naive.NaiveAgent|Day 13: Updating campaign 621154439 stats: 2502.5 tgtImps 9570.5 nonTgtImps. Cost of imps is 0.01283658159008908
01/07 16:28:12 INFO naive.NaiveAgent|Day 13: Updating campaign 2147178079 stats: 18757.0 tgtImps 41136.0 nonTgtImps. Cost of imps is 0.07860852928759152
01/07 16:28:12 INFO naive.NaiveAgent|Day 13: Updating campaign 1046936738 stats: 6258.0 tgtImps 3002.5 nonTgtImps. Cost of imps is 0.010255225861049095
01/07 16:28:12 INFO naive.NaiveAgent|Day 13: Daily notification for campaign 1682942429
01/07 16:28:12 INFO naive.NaiveAgent|Day 13:  WON at cost 1.2771109669972855. UCS Level set to 0.5904900000000002 at price 0.05641690855349991 Qualit Score is: 0.45995371825206227
01/07 16:28:12 INFO naive.NaiveAgent|Day 13: Campaign opportunity - Campaign ID 229506921: day 15 to 19 [MALE, YOUNG], reach: 15000 coefs: (v=2.0, m=1.5)
01/07 16:28:12 INFO naive.NaiveAgent|This is the value of cmpBid: 1
01/07 16:28:12 INFO naive.NaiveAgent|Day 13: Campaign total budget bid: 0.0010
01/07 16:28:12 INFO naive.NaiveAgent|Day 13: Adjusting ucs bid: was 0.10031697718217747 level reported: 0.5904900000000002 target: 0.7 adjusted: 0.1113026893533977
01/07 16:28:12 INFO naive.NaiveAgent|Day 13 : AdNetworkReport
01/07 16:28:12 INFO naive.NaiveAgent|Day 13 : Simulation Status Received
01/07 16:28:12 INFO naive.NaiveAgent|Day 13: Updated 36 Bid Bundle entries for Campaign id 1682942429
01/07 16:28:12 INFO naive.NaiveAgent|Day 13: Updated 36 Bid Bundle entries for Campaign id 2130231319
01/07 16:28:12 INFO naive.NaiveAgent|Day 13: Updated 36 Bid Bundle entries for Campaign id 1525813644
01/07 16:28:12 INFO naive.NaiveAgent|Day 13: Updated 36 Bid Bundle entries for Campaign id 1010871282
01/07 16:28:12 INFO naive.NaiveAgent|Day 13: Updated 36 Bid Bundle entries for Campaign id 2147178079
01/07 16:28:12 INFO naive.NaiveAgent|Day 13: Updated 36 Bid Bundle entries for Campaign id 1488020338
01/07 16:28:12 INFO naive.NaiveAgent|Day 13: Updated 36 Bid Bundle entries for Campaign id 1046936738
01/07 16:28:12 INFO naive.NaiveAgent|Day 13: Updated 36 Bid Bundle entries for Campaign id 1574689066
01/07 16:28:12 INFO naive.NaiveAgent|Day 13: Sending BidBundle
01/07 16:28:12 INFO naive.NaiveAgent|Day 13 ended. Starting next day
01/07 16:28:22 INFO naive.NaiveAgent|Day 14 :BankStatus[2.245372]
01/07 16:28:22 INFO naive.NaiveAgent|Day 14: Updating campaign 2130231319 stats: 6256.5 tgtImps 970.0 nonTgtImps. Cost of imps is 0.008005199264684308
01/07 16:28:22 INFO naive.NaiveAgent|Day 14: Updating campaign 1525813644 stats: 5002.5 tgtImps 6877.5 nonTgtImps. Cost of imps is 0.013418596340655294
01/07 16:28:22 INFO naive.NaiveAgent|Day 14: Updating campaign 1010871282 stats: 0.0 tgtImps 0.0 nonTgtImps. Cost of imps is 0.0
01/07 16:28:22 INFO naive.NaiveAgent|Day 14: Updating campaign 1488020338 stats: 10001.5 tgtImps 10821.0 nonTgtImps. Cost of imps is 0.02356352452853716
01/07 16:28:22 INFO naive.NaiveAgent|Day 14: Updating campaign 1574689066 stats: 2501.0 tgtImps 2220.0 nonTgtImps. Cost of imps is 0.004966494149575813
01/07 16:28:22 INFO naive.NaiveAgent|Day 14: Updating campaign 2147178079 stats: 18757.0 tgtImps 41136.0 nonTgtImps. Cost of imps is 0.07860852928759152
01/07 16:28:22 INFO naive.NaiveAgent|Day 14: Updating campaign 1046936738 stats: 6259.5 tgtImps 3002.5 nonTgtImps. Cost of imps is 0.01025608256027954
01/07 16:28:22 INFO naive.NaiveAgent|Day 14: Daily notification for campaign 229506921
01/07 16:28:22 INFO naive.NaiveAgent|Day 14:  WON at cost 1.8431474183384533. UCS Level set to 0.9 at price 0.09944354890367317 Qualit Score is: 0.3167347875874773
01/07 16:28:22 INFO naive.NaiveAgent|Day 14: Campaign opportunity - Campaign ID 1774177903: day 16 to 18 [MALE, LOW_INCOME], reach: 5000 coefs: (v=2.0, m=1.5)
01/07 16:28:22 INFO naive.NaiveAgent|This is the value of cmpBid: 1
01/07 16:28:22 INFO naive.NaiveAgent|Day 14: Campaign total budget bid: 0.0010
01/07 16:28:22 INFO naive.NaiveAgent|Day 14: Adjusting ucs bid: was 0.1113026893533977 level reported: 0.9 target: 0.7 adjusted: 0.08904215148271814
01/07 16:28:22 INFO naive.NaiveAgent|Day 14 : AdNetworkReport
01/07 16:28:22 INFO naive.NaiveAgent|Day 14 : Simulation Status Received
01/07 16:28:22 INFO naive.NaiveAgent|Day 14: Updated 36 Bid Bundle entries for Campaign id 1682942429
01/07 16:28:22 INFO naive.NaiveAgent|Day 14: Updated 36 Bid Bundle entries for Campaign id 2130231319
01/07 16:28:22 INFO naive.NaiveAgent|Day 14: Updated 36 Bid Bundle entries for Campaign id 1525813644
01/07 16:28:22 INFO naive.NaiveAgent|Day 14: Updated 36 Bid Bundle entries for Campaign id 1010871282
01/07 16:28:22 INFO naive.NaiveAgent|Day 14: Updated 36 Bid Bundle entries for Campaign id 2147178079
01/07 16:28:22 INFO naive.NaiveAgent|Day 14: Updated 36 Bid Bundle entries for Campaign id 1488020338
01/07 16:28:22 INFO naive.NaiveAgent|Day 14: Updated 36 Bid Bundle entries for Campaign id 1046936738
01/07 16:28:22 INFO naive.NaiveAgent|Day 14: Updated 36 Bid Bundle entries for Campaign id 229506921
01/07 16:28:22 INFO naive.NaiveAgent|Day 14: Sending BidBundle
01/07 16:28:22 INFO naive.NaiveAgent|Day 14 ended. Starting next day
01/07 16:28:31 INFO naive.NaiveAgent|Day 15 :BankStatus[2.244725]
01/07 16:28:31 INFO naive.NaiveAgent|Day 15: Updating campaign 1682942429 stats: 7501.0 tgtImps 3068.0 nonTgtImps. Cost of imps is 0.010930747893673513
01/07 16:28:31 INFO naive.NaiveAgent|Day 15: Updating campaign 2130231319 stats: 6259.5 tgtImps 970.0 nonTgtImps. Cost of imps is 0.0080082073993439
01/07 16:28:31 INFO naive.NaiveAgent|Day 15: Updating campaign 1525813644 stats: 6252.0 tgtImps 7939.0 nonTgtImps. Cost of imps is 0.01602868999906984
01/07 16:28:31 INFO naive.NaiveAgent|Day 15: Updating campaign 1010871282 stats: 0.0 tgtImps 0.0 nonTgtImps. Cost of imps is 0.0
01/07 16:28:31 INFO naive.NaiveAgent|Day 15: Updating campaign 1488020338 stats: 10001.5 tgtImps 10821.0 nonTgtImps. Cost of imps is 0.02356352452853716
01/07 16:28:31 INFO naive.NaiveAgent|Day 15: Updating campaign 2147178079 stats: 18757.0 tgtImps 41136.0 nonTgtImps. Cost of imps is 0.07860852928759152
01/07 16:28:31 INFO naive.NaiveAgent|Day 15: Updating campaign 1046936738 stats: 6259.5 tgtImps 3002.5 nonTgtImps. Cost of imps is 0.01025608256027954
01/07 16:28:31 INFO naive.NaiveAgent|Day 15: Daily notification for campaign 1774177903
01/07 16:28:31 INFO naive.NaiveAgent|Day 15:  WON at cost 0.20666944890082894. UCS Level set to 0.5314410000000002 at price 0.047257251103884436 Qualit Score is: 0.25927452266803575
01/07 16:28:31 INFO naive.NaiveAgent|Day 15: Campaign opportunity - Campaign ID 196928050: day 17 to 21 [LOW_INCOME, FEMALE], reach: 10000 coefs: (v=2.0, m=1.5)
01/07 16:28:31 INFO naive.NaiveAgent|This is the value of cmpBid: 1
01/07 16:28:31 INFO naive.NaiveAgent|Day 15: Campaign total budget bid: 0.0010
01/07 16:28:31 INFO naive.NaiveAgent|Day 15: Adjusting ucs bid: was 0.08904215148271814 level reported: 0.5314410000000002 target: 0.7 adjusted: 0.1040510074944936
01/07 16:28:31 INFO naive.NaiveAgent|Day 15 : AdNetworkReport
01/07 16:28:31 INFO naive.NaiveAgent|Day 15 : Simulation Status Received
01/07 16:28:31 INFO naive.NaiveAgent|Day 15: Updated 36 Bid Bundle entries for Campaign id 1682942429
01/07 16:28:31 INFO naive.NaiveAgent|Day 15: Updated 36 Bid Bundle entries for Campaign id 2130231319
01/07 16:28:31 INFO naive.NaiveAgent|Day 15: Updated 36 Bid Bundle entries for Campaign id 1525813644
01/07 16:28:31 INFO naive.NaiveAgent|Day 15: Updated 36 Bid Bundle entries for Campaign id 1010871282
01/07 16:28:31 INFO naive.NaiveAgent|Day 15: Updated 36 Bid Bundle entries for Campaign id 2147178079
01/07 16:28:31 INFO naive.NaiveAgent|Day 15: Updated 36 Bid Bundle entries for Campaign id 1488020338
01/07 16:28:31 INFO naive.NaiveAgent|Day 15: Updated 36 Bid Bundle entries for Campaign id 229506921
01/07 16:28:31 INFO naive.NaiveAgent|Day 15: Updated 36 Bid Bundle entries for Campaign id 1774177903
01/07 16:28:31 INFO naive.NaiveAgent|Day 15: Sending BidBundle
01/07 16:28:31 INFO naive.NaiveAgent|Day 15 ended. Starting next day
01/07 16:28:41 INFO naive.NaiveAgent|Day 16 :BankStatus[2.173793]
01/07 16:28:41 INFO naive.NaiveAgent|Day 16: Updating campaign 1682942429 stats: 15002.5 tgtImps 5575.5 nonTgtImps. Cost of imps is 0.02108370013162625
01/07 16:28:41 INFO naive.NaiveAgent|Day 16: Updating campaign 2130231319 stats: 6262.5 tgtImps 973.0 nonTgtImps. Cost of imps is 0.008013857239030097
01/07 16:28:41 INFO naive.NaiveAgent|Day 16: Updating campaign 1525813644 stats: 6253.5 tgtImps 7942.5 nonTgtImps. Cost of imps is 0.01603602190292739
01/07 16:28:41 INFO naive.NaiveAgent|Day 16: Updating campaign 1010871282 stats: 0.0 tgtImps 0.0 nonTgtImps. Cost of imps is 0.0
01/07 16:28:41 INFO naive.NaiveAgent|Day 16: Updating campaign 1488020338 stats: 10001.5 tgtImps 10821.0 nonTgtImps. Cost of imps is 0.02356352452853716
01/07 16:28:41 INFO naive.NaiveAgent|Day 16: Updating campaign 2147178079 stats: 18757.0 tgtImps 41136.0 nonTgtImps. Cost of imps is 0.07860852928759152
01/07 16:28:41 INFO naive.NaiveAgent|Day 16: Updating campaign 229506921 stats: 0.0 tgtImps 0.0 nonTgtImps. Cost of imps is 0.0
01/07 16:28:41 INFO naive.NaiveAgent|Day 16: Daily notification for campaign 196928050
01/07 16:28:41 INFO naive.NaiveAgent|Day 16:  WON at cost 0.08167147464043126. UCS Level set to 0.81 at price 0.08420129432353642 Qualit Score is: 0.7998810717003108
01/07 16:28:41 INFO naive.NaiveAgent|Day 16: Campaign opportunity - Campaign ID 529030917: day 18 to 20 [MALE, HIGH_INCOME], reach: 15000 coefs: (v=2.0, m=1.5)
01/07 16:28:41 INFO naive.NaiveAgent|This is the value of cmpBid: 1
01/07 16:28:41 INFO naive.NaiveAgent|Day 16: Campaign total budget bid: 0.0010
01/07 16:28:41 INFO naive.NaiveAgent|Day 16: Adjusting ucs bid: was 0.1040510074944936 level reported: 0.81 target: 0.7 adjusted: 0.09260539667009929
01/07 16:28:41 INFO naive.NaiveAgent|Day 16 : AdNetworkReport
01/07 16:28:41 INFO naive.NaiveAgent|Day 16 : Simulation Status Received
01/07 16:28:41 INFO naive.NaiveAgent|Day 16: Updated 36 Bid Bundle entries for Campaign id 196928050
01/07 16:28:41 INFO naive.NaiveAgent|Day 16: Updated 36 Bid Bundle entries for Campaign id 2130231319
01/07 16:28:41 INFO naive.NaiveAgent|Day 16: Updated 36 Bid Bundle entries for Campaign id 1525813644
01/07 16:28:41 INFO naive.NaiveAgent|Day 16: Updated 36 Bid Bundle entries for Campaign id 1010871282
01/07 16:28:41 INFO naive.NaiveAgent|Day 16: Updated 36 Bid Bundle entries for Campaign id 1488020338
01/07 16:28:41 INFO naive.NaiveAgent|Day 16: Updated 36 Bid Bundle entries for Campaign id 229506921
01/07 16:28:41 INFO naive.NaiveAgent|Day 16: Updated 36 Bid Bundle entries for Campaign id 1774177903
01/07 16:28:41 INFO naive.NaiveAgent|Day 16: Sending BidBundle
01/07 16:28:41 INFO naive.NaiveAgent|Day 16 ended. Starting next day
01/07 16:28:52 INFO naive.NaiveAgent|Day 17 :BankStatus[2.442368]
01/07 16:28:52 INFO naive.NaiveAgent|Day 17: Updating campaign 1774177903 stats: 0.0 tgtImps 0.0 nonTgtImps. Cost of imps is 0.0
01/07 16:28:52 INFO naive.NaiveAgent|Day 17: Updating campaign 2130231319 stats: 6264.0 tgtImps 973.0 nonTgtImps. Cost of imps is 0.008016126098884904
01/07 16:28:52 INFO naive.NaiveAgent|Day 17: Updating campaign 1525813644 stats: 6255.0 tgtImps 7944.0 nonTgtImps. Cost of imps is 0.016039526535901356
01/07 16:28:52 INFO naive.NaiveAgent|Day 17: Updating campaign 1010871282 stats: 0.0 tgtImps 0.0 nonTgtImps. Cost of imps is 0.0
01/07 16:28:52 INFO naive.NaiveAgent|Day 17: Updating campaign 1488020338 stats: 10001.5 tgtImps 10821.0 nonTgtImps. Cost of imps is 0.02356352452853716
01/07 16:28:52 INFO naive.NaiveAgent|Day 17: Updating campaign 229506921 stats: 0.0 tgtImps 0.0 nonTgtImps. Cost of imps is 0.0
01/07 16:28:52 INFO naive.NaiveAgent|Day 17: Daily notification for campaign 529030917
01/07 16:28:52 INFO naive.NaiveAgent|Day 17:  WON at cost 2.8299497650194474. UCS Level set to 0.47829690000000014 at price 0.0 Qualit Score is: 1.1020784114387423
01/07 16:28:52 INFO naive.NaiveAgent|Day 17: Campaign opportunity - Campaign ID 1369029166: day 19 to 23 [MALE, YOUNG], reach: 15000 coefs: (v=2.0, m=1.5)
01/07 16:28:52 INFO naive.NaiveAgent|This is the value of cmpBid: 1
01/07 16:28:52 INFO naive.NaiveAgent|Day 17: Campaign total budget bid: 0.0010
01/07 16:28:52 INFO naive.NaiveAgent|Day 17: Adjusting ucs bid: was 0.09260539667009929 level reported: 0.47829690000000014 target: 0.7 adjusted: 0.11313630018858996
01/07 16:28:52 INFO naive.NaiveAgent|Day 17 : AdNetworkReport
01/07 16:28:52 INFO naive.NaiveAgent|Day 17 : Simulation Status Received
01/07 16:28:52 INFO naive.NaiveAgent|Day 17: Updated 36 Bid Bundle entries for Campaign id 196928050
01/07 16:28:52 INFO naive.NaiveAgent|Day 17: Updated 36 Bid Bundle entries for Campaign id 1525813644
01/07 16:28:52 INFO naive.NaiveAgent|Day 17: Updated 36 Bid Bundle entries for Campaign id 1488020338
01/07 16:28:52 INFO naive.NaiveAgent|Day 17: Updated 36 Bid Bundle entries for Campaign id 229506921
01/07 16:28:52 INFO naive.NaiveAgent|Day 17: Updated 36 Bid Bundle entries for Campaign id 529030917
01/07 16:28:52 INFO naive.NaiveAgent|Day 17: Updated 36 Bid Bundle entries for Campaign id 1774177903
01/07 16:28:52 INFO naive.NaiveAgent|Day 17: Sending BidBundle
01/07 16:28:52 INFO naive.NaiveAgent|Day 17 ended. Starting next day
01/07 16:29:02 INFO naive.NaiveAgent|Day 18 :BankStatus[4.468380]
01/07 16:29:02 INFO naive.NaiveAgent|Day 18: Updating campaign 1774177903 stats: 0.0 tgtImps 0.0 nonTgtImps. Cost of imps is 0.0
01/07 16:29:02 INFO naive.NaiveAgent|Day 18: Updating campaign 1525813644 stats: 6256.5 tgtImps 7944.0 nonTgtImps. Cost of imps is 0.016042669977574288
01/07 16:29:02 INFO naive.NaiveAgent|Day 18: Updating campaign 196928050 stats: 5001.5 tgtImps 13224.0 nonTgtImps. Cost of imps is 0.020786651853152857
01/07 16:29:02 INFO naive.NaiveAgent|Day 18: Updating campaign 1488020338 stats: 10001.5 tgtImps 10821.0 nonTgtImps. Cost of imps is 0.02356352452853716
01/07 16:29:02 INFO naive.NaiveAgent|Day 18: Updating campaign 229506921 stats: 0.0 tgtImps 0.0 nonTgtImps. Cost of imps is 0.0
01/07 16:29:02 INFO naive.NaiveAgent|Day 18: Daily notification for campaign 1369029166
01/07 16:29:02 INFO naive.NaiveAgent|Day 18:  WON at cost 1.7049478276946246. UCS Level set to 0.9 at price 0.09980949906797129 Qualit Score is: 0.4549413986540531
01/07 16:29:02 INFO naive.NaiveAgent|Day 18: Campaign opportunity - Campaign ID 1825015651: day 20 to 22 [YOUNG, LOW_INCOME], reach: 10000 coefs: (v=2.0, m=1.5)
01/07 16:29:02 INFO naive.NaiveAgent|This is the value of cmpBid: 1
01/07 16:29:02 INFO naive.NaiveAgent|Day 18: Campaign total budget bid: 0.0010
01/07 16:29:02 INFO naive.NaiveAgent|Day 18: Adjusting ucs bid: was 0.11313630018858996 level reported: 0.9 target: 0.7 adjusted: 0.09050904015087195
01/07 16:29:02 INFO naive.NaiveAgent|Day 18 : AdNetworkReport
01/07 16:29:02 INFO naive.NaiveAgent|Day 18 : Simulation Status Received
01/07 16:29:02 INFO naive.NaiveAgent|Day 18: Updated 36 Bid Bundle entries for Campaign id 196928050
01/07 16:29:02 INFO naive.NaiveAgent|Day 18: Updated 36 Bid Bundle entries for Campaign id 1525813644
01/07 16:29:02 INFO naive.NaiveAgent|Day 18: Updated 36 Bid Bundle entries for Campaign id 1369029166
01/07 16:29:02 INFO naive.NaiveAgent|Day 18: Updated 36 Bid Bundle entries for Campaign id 229506921
01/07 16:29:02 INFO naive.NaiveAgent|Day 18: Updated 36 Bid Bundle entries for Campaign id 529030917
01/07 16:29:02 INFO naive.NaiveAgent|Day 18: Sending BidBundle
01/07 16:29:02 INFO naive.NaiveAgent|Day 18 ended. Starting next day
01/07 16:29:12 INFO naive.NaiveAgent|Day 19 :BankStatus[7.694817]
01/07 16:29:12 INFO naive.NaiveAgent|Day 19: Updating campaign 529030917 stats: 0.0 tgtImps 0.0 nonTgtImps. Cost of imps is 0.0
01/07 16:29:12 INFO naive.NaiveAgent|Day 19: Updating campaign 1525813644 stats: 6258.0 tgtImps 7951.5 nonTgtImps. Cost of imps is 0.016053179973952714
01/07 16:29:12 INFO naive.NaiveAgent|Day 19: Updating campaign 196928050 stats: 10004.5 tgtImps 30815.5 nonTgtImps. Cost of imps is 0.04466711483938499
01/07 16:29:12 INFO naive.NaiveAgent|Day 19: Updating campaign 229506921 stats: 7501.0 tgtImps 7772.5 nonTgtImps. Cost of imps is 0.017025841708555187
01/07 16:29:12 INFO naive.NaiveAgent|Day 19: Daily notification for campaign 1825015651
01/07 16:29:12 INFO naive.NaiveAgent|Day 19:  WON at cost 0.09326298672408088. UCS Level set to 0.5314410000000002 at price 0.0465386307177365 Qualit Score is: 0.31281728269986814
01/07 16:29:12 INFO naive.NaiveAgent|Day 19: Campaign opportunity - Campaign ID 980059749: day 21 to 30 [HIGH_INCOME, YOUNG], reach: 5000 coefs: (v=2.0, m=1.5)
01/07 16:29:12 INFO naive.NaiveAgent|This is the value of cmpBid: 1
01/07 16:29:12 INFO naive.NaiveAgent|Day 19: Campaign total budget bid: 0.0010
01/07 16:29:12 INFO naive.NaiveAgent|Day 19: Adjusting ucs bid: was 0.09050904015087195 level reported: 0.5314410000000002 target: 0.7 adjusted: 0.10576515344966275
01/07 16:29:12 INFO naive.NaiveAgent|Day 19 : AdNetworkReport
01/07 16:29:12 INFO naive.NaiveAgent|Day 19 : Simulation Status Received
01/07 16:29:12 INFO naive.NaiveAgent|Day 19: Updated 36 Bid Bundle entries for Campaign id 196928050
01/07 16:29:12 INFO naive.NaiveAgent|Day 19: Updated 36 Bid Bundle entries for Campaign id 1525813644
01/07 16:29:12 INFO naive.NaiveAgent|Day 19: Updated 36 Bid Bundle entries for Campaign id 1369029166
01/07 16:29:12 INFO naive.NaiveAgent|Day 19: Updated 36 Bid Bundle entries for Campaign id 1825015651
01/07 16:29:12 INFO naive.NaiveAgent|Day 19: Updated 36 Bid Bundle entries for Campaign id 529030917
01/07 16:29:12 INFO naive.NaiveAgent|Day 19: Sending BidBundle
01/07 16:29:12 INFO naive.NaiveAgent|Day 19 ended. Starting next day
01/07 16:29:21 INFO naive.NaiveAgent|Day 20 :BankStatus[8.545869]
01/07 16:29:21 INFO naive.NaiveAgent|Day 20: Updating campaign 529030917 stats: 0.0 tgtImps 0.0 nonTgtImps. Cost of imps is 0.0
01/07 16:29:21 INFO naive.NaiveAgent|Day 20: Updating campaign 1525813644 stats: 6259.5 tgtImps 7951.5 nonTgtImps. Cost of imps is 0.01605351634722241
01/07 16:29:21 INFO naive.NaiveAgent|Day 20: Updating campaign 196928050 stats: 12505.0 tgtImps 42236.0 nonTgtImps. Cost of imps is 0.06307069321534609
01/07 16:29:21 INFO naive.NaiveAgent|Day 20: Updating campaign 1369029166 stats: 7501.0 tgtImps 8938.5 nonTgtImps. Cost of imps is 0.01848396161920982
01/07 16:29:21 INFO naive.NaiveAgent|Day 20: Daily notification for campaign 980059749
01/07 16:29:21 INFO naive.NaiveAgent|Day 20:  allocated to DummyAdnetwork-2. UCS Level set to 0.81 at price 0.08355670722888721 Qualit Score is: 0.2576308362842671
01/07 16:29:21 INFO naive.NaiveAgent|Day 20: Campaign opportunity - Campaign ID 1625963354: day 22 to 24 [OLD, LOW_INCOME], reach: 10000 coefs: (v=2.0, m=1.5)
01/07 16:29:21 INFO naive.NaiveAgent|This is the value of cmpBid: 1
01/07 16:29:21 INFO naive.NaiveAgent|Day 20: Campaign total budget bid: 0.0010
01/07 16:29:21 INFO naive.NaiveAgent|Day 20: Adjusting ucs bid: was 0.10576515344966275 level reported: 0.81 target: 0.7 adjusted: 0.09413098657019985
01/07 16:29:21 INFO naive.NaiveAgent|Day 20 : AdNetworkReport
01/07 16:29:21 INFO naive.NaiveAgent|Day 20 : Simulation Status Received
01/07 16:29:21 INFO naive.NaiveAgent|Day 20: Updated 36 Bid Bundle entries for Campaign id 196928050
01/07 16:29:21 INFO naive.NaiveAgent|Day 20: Updated 36 Bid Bundle entries for Campaign id 1525813644
01/07 16:29:21 INFO naive.NaiveAgent|Day 20: Updated 36 Bid Bundle entries for Campaign id 1369029166
01/07 16:29:21 INFO naive.NaiveAgent|Day 20: Updated 36 Bid Bundle entries for Campaign id 1825015651
01/07 16:29:21 INFO naive.NaiveAgent|Day 20: Sending BidBundle
01/07 16:29:21 INFO naive.NaiveAgent|Day 20 ended. Starting next day
01/07 16:29:32 INFO naive.NaiveAgent|Day 21 :BankStatus[8.864031]
01/07 16:29:32 INFO naive.NaiveAgent|Day 21: Updating campaign 1525813644 stats: 6262.5 tgtImps 7951.5 nonTgtImps. Cost of imps is 0.016053876633744805
01/07 16:29:32 INFO naive.NaiveAgent|Day 21: Updating campaign 196928050 stats: 12506.5 tgtImps 42262.5 nonTgtImps. Cost of imps is 0.06309966570305638
01/07 16:29:32 INFO naive.NaiveAgent|Day 21: Updating campaign 1369029166 stats: 15002.0 tgtImps 17091.0 nonTgtImps. Cost of imps is 0.03572496810570855
01/07 16:29:32 INFO naive.NaiveAgent|Day 21: Updating campaign 1825015651 stats: 0.0 tgtImps 0.0 nonTgtImps. Cost of imps is 0.0
01/07 16:29:32 INFO naive.NaiveAgent|Day 21: Daily notification for campaign 1625963354
01/07 16:29:32 INFO naive.NaiveAgent|Day 21:  WON at cost 0.08715633434429419. UCS Level set to 0.5314410000000002 at price 0.04927396461783861 Qualit Score is: 0.10305233451370684
01/07 16:29:32 INFO naive.NaiveAgent|Day 21: Campaign opportunity - Campaign ID 189977883: day 23 to 25 [MALE, YOUNG], reach: 10000 coefs: (v=2.0, m=1.5)
01/07 16:29:32 INFO naive.NaiveAgent|This is the value of cmpBid: 1
01/07 16:29:32 INFO naive.NaiveAgent|Day 21: Campaign total budget bid: 0.0010
01/07 16:29:32 INFO naive.NaiveAgent|Day 21: Adjusting ucs bid: was 0.09413098657019985 level reported: 0.5314410000000002 target: 0.7 adjusted: 0.10999761153548614
01/07 16:29:32 INFO naive.NaiveAgent|Day 21 : AdNetworkReport
01/07 16:29:32 INFO naive.NaiveAgent|Day 21 : Simulation Status Received
01/07 16:29:32 INFO naive.NaiveAgent|Day 21: Updated 36 Bid Bundle entries for Campaign id 1369029166
01/07 16:29:32 INFO naive.NaiveAgent|Day 21: Updated 36 Bid Bundle entries for Campaign id 1625963354
01/07 16:29:32 INFO naive.NaiveAgent|Day 21: Updated 36 Bid Bundle entries for Campaign id 1825015651
01/07 16:29:32 INFO naive.NaiveAgent|Day 21: Sending BidBundle
01/07 16:29:32 INFO naive.NaiveAgent|Day 21 ended. Starting next day
01/07 16:29:42 INFO naive.NaiveAgent|Day 22 :BankStatus[8.788234]
01/07 16:29:42 INFO naive.NaiveAgent|Day 22: Updating campaign 1369029166 stats: 18751.5 tgtImps 17504.0 nonTgtImps. Cost of imps is 0.0401995692275485
01/07 16:29:42 INFO naive.NaiveAgent|Day 22: Updating campaign 1825015651 stats: 0.0 tgtImps 0.0 nonTgtImps. Cost of imps is 0.0
01/07 16:29:42 INFO naive.NaiveAgent|Day 22: Daily notification for campaign 189977883
01/07 16:29:42 INFO naive.NaiveAgent|Day 22:  WON at cost 0.10296393818924604. UCS Level set to 0.81 at price 0.08424136390964772 Qualit Score is: 0.9909564531286597
01/07 16:29:42 INFO naive.NaiveAgent|Day 22: Campaign opportunity - Campaign ID 148551682: day 24 to 33 [HIGH_INCOME, FEMALE], reach: 10000 coefs: (v=2.0, m=1.5)
01/07 16:29:42 INFO naive.NaiveAgent|This is the value of cmpBid: 1
01/07 16:29:42 INFO naive.NaiveAgent|Day 22: Campaign total budget bid: 0.0010
01/07 16:29:42 INFO naive.NaiveAgent|Day 22: Adjusting ucs bid: was 0.10999761153548614 level reported: 0.81 target: 0.7 adjusted: 0.09789787426658265
01/07 16:29:42 INFO naive.NaiveAgent|Day 22 : AdNetworkReport
01/07 16:29:42 INFO naive.NaiveAgent|Day 22 : Simulation Status Received
01/07 16:29:42 INFO naive.NaiveAgent|Day 22: Updated 36 Bid Bundle entries for Campaign id 189977883
01/07 16:29:42 INFO naive.NaiveAgent|Day 22: Updated 36 Bid Bundle entries for Campaign id 1369029166
01/07 16:29:42 INFO naive.NaiveAgent|Day 22: Updated 36 Bid Bundle entries for Campaign id 1625963354
01/07 16:29:42 INFO naive.NaiveAgent|Day 22: Sending BidBundle
01/07 16:29:42 INFO naive.NaiveAgent|Day 22 ended. Starting next day
01/07 16:29:52 INFO naive.NaiveAgent|Day 23 :BankStatus[9.307605]
01/07 16:29:52 INFO naive.NaiveAgent|Day 23: Updating campaign 1625963354 stats: 5000.5 tgtImps 6222.5 nonTgtImps. Cost of imps is 0.013337782650442477
01/07 16:29:52 INFO naive.NaiveAgent|Day 23: Updating campaign 1369029166 stats: 18753.0 tgtImps 17504.0 nonTgtImps. Cost of imps is 0.04020015010112323
01/07 16:29:52 INFO naive.NaiveAgent|Day 23: Daily notification for campaign 148551682
01/07 16:29:52 INFO naive.NaiveAgent|Day 23:  WON at cost 0.383033874228056. UCS Level set to 0.5314410000000002 at price 0.04814083096803542 Qualit Score is: 0.39638258125146386
01/07 16:29:52 INFO naive.NaiveAgent|Day 23: Campaign opportunity - Campaign ID 1389149320: day 25 to 29 [YOUNG, LOW_INCOME], reach: 15000 coefs: (v=2.0, m=1.5)
01/07 16:29:52 INFO naive.NaiveAgent|This is the value of cmpBid: 1
01/07 16:29:52 INFO naive.NaiveAgent|Day 23: Campaign total budget bid: 0.0010
01/07 16:29:52 INFO naive.NaiveAgent|Day 23: Adjusting ucs bid: was 0.09789787426658265 level reported: 0.5314410000000002 target: 0.7 adjusted: 0.11439944205508353
01/07 16:29:52 INFO naive.NaiveAgent|Day 23 : AdNetworkReport
01/07 16:29:52 INFO naive.NaiveAgent|Day 23 : Simulation Status Received
01/07 16:29:52 INFO naive.NaiveAgent|Day 23: Updated 36 Bid Bundle entries for Campaign id 189977883
01/07 16:29:52 INFO naive.NaiveAgent|Day 23: Updated 36 Bid Bundle entries for Campaign id 1625963354
01/07 16:29:52 INFO naive.NaiveAgent|Day 23: Updated 36 Bid Bundle entries for Campaign id 148551682
01/07 16:29:52 INFO naive.NaiveAgent|Day 23: Sending BidBundle
01/07 16:29:52 INFO naive.NaiveAgent|Day 23 ended. Starting next day
01/07 16:30:03 INFO naive.NaiveAgent|Day 24 :BankStatus[9.208177]
01/07 16:30:03 INFO naive.NaiveAgent|Day 24: Updating campaign 189977883 stats: 5000.5 tgtImps 6322.5 nonTgtImps. Cost of imps is 0.012614900597604796
01/07 16:30:03 INFO naive.NaiveAgent|Day 24: Updating campaign 1625963354 stats: 10001.0 tgtImps 13565.0 nonTgtImps. Cost of imps is 0.02596409428132064
01/07 16:30:03 INFO naive.NaiveAgent|Day 24: Daily notification for campaign 1389149320
01/07 16:30:03 INFO naive.NaiveAgent|Day 24:  WON at cost 0.12094822122992929. UCS Level set to 0.9 at price 0.10003767628824453 Qualit Score is: 0.854324575994259
01/07 16:30:03 INFO naive.NaiveAgent|Day 24: Campaign opportunity - Campaign ID 46045232: day 26 to 35 [HIGH_INCOME, OLD], reach: 15000 coefs: (v=2.0, m=1.5)
01/07 16:30:03 INFO naive.NaiveAgent|This is the value of cmpBid: 1
01/07 16:30:03 INFO naive.NaiveAgent|Day 24: Campaign total budget bid: 0.0010
01/07 16:30:03 INFO naive.NaiveAgent|Day 24: Adjusting ucs bid: was 0.11439944205508353 level reported: 0.9 target: 0.7 adjusted: 0.09151955364406682
01/07 16:30:03 INFO naive.NaiveAgent|Day 24 : AdNetworkReport
01/07 16:30:03 INFO naive.NaiveAgent|Day 24 : Simulation Status Received
01/07 16:30:03 INFO naive.NaiveAgent|Day 24: Updated 36 Bid Bundle entries for Campaign id 189977883
01/07 16:30:03 INFO naive.NaiveAgent|Day 24: Updated 36 Bid Bundle entries for Campaign id 1389149320
01/07 16:30:03 INFO naive.NaiveAgent|Day 24: Updated 36 Bid Bundle entries for Campaign id 148551682
01/07 16:30:03 INFO naive.NaiveAgent|Day 24: Sending BidBundle
01/07 16:30:03 INFO naive.NaiveAgent|Day 24 ended. Starting next day
01/07 16:30:12 INFO naive.NaiveAgent|Day 25 :BankStatus[11.086421]
01/07 16:30:12 INFO naive.NaiveAgent|Day 25: Updating campaign 189977883 stats: 10002.0 tgtImps 12167.0 nonTgtImps. Cost of imps is 0.024625962911356294
01/07 16:30:12 INFO naive.NaiveAgent|Day 25: Updating campaign 148551682 stats: 5002.0 tgtImps 1437.5 nonTgtImps. Cost of imps is 0.006891528310606095
01/07 16:30:12 INFO naive.NaiveAgent|Day 25: Daily notification for campaign 46045232
01/07 16:30:12 INFO naive.NaiveAgent|Day 25:  WON at cost 0.22280048720480716. UCS Level set to 0.47829690000000014 at price 0.0 Qualit Score is: 1.0374895840360838
01/07 16:30:12 INFO naive.NaiveAgent|Day 25: Campaign opportunity - Campaign ID 470091828: day 27 to 36 [OLD, LOW_INCOME], reach: 15000 coefs: (v=2.0, m=1.5)
01/07 16:30:12 INFO naive.NaiveAgent|This is the value of cmpBid: 1
01/07 16:30:12 INFO naive.NaiveAgent|Day 25: Campaign total budget bid: 0.0010
01/07 16:30:12 INFO naive.NaiveAgent|Day 25: Adjusting ucs bid: was 0.09151955364406682 level reported: 0.47829690000000014 target: 0.7 adjusted: 0.11023362696169803
01/07 16:30:12 INFO naive.NaiveAgent|Day 25 : AdNetworkReport
01/07 16:30:12 INFO naive.NaiveAgent|Day 25 : Simulation Status Received
01/07 16:30:12 INFO naive.NaiveAgent|Day 25: Updated 36 Bid Bundle entries for Campaign id 1389149320
01/07 16:30:12 INFO naive.NaiveAgent|Day 25: Updated 36 Bid Bundle entries for Campaign id 148551682
01/07 16:30:12 INFO naive.NaiveAgent|Day 25: Updated 36 Bid Bundle entries for Campaign id 46045232
01/07 16:30:12 INFO naive.NaiveAgent|Day 25: Sending BidBundle
01/07 16:30:12 INFO naive.NaiveAgent|Day 25 ended. Starting next day
01/07 16:30:22 INFO naive.NaiveAgent|Day 26 :BankStatus[11.083626]
01/07 16:30:22 INFO naive.NaiveAgent|Day 26: Updating campaign 148551682 stats: 10002.5 tgtImps 7355.5 nonTgtImps. Cost of imps is 0.018540914641332035
01/07 16:30:22 INFO naive.NaiveAgent|Day 26: Updating campaign 1389149320 stats: 7501.0 tgtImps 2077.0 nonTgtImps. Cost of imps is 0.012299852930608273
01/07 16:30:22 INFO naive.NaiveAgent|Day 26: Daily notification for campaign 470091828
01/07 16:30:22 INFO naive.NaiveAgent|Day 26:  WON at cost 0.3254388459600355. UCS Level set to 0.9 at price 0.09768458208188571 Qualit Score is: 1.1107555872528139
01/07 16:30:22 INFO naive.NaiveAgent|Day 26: Campaign opportunity - Campaign ID 1448718235: day 28 to 30 [LOW_INCOME, FEMALE], reach: 15000 coefs: (v=2.0, m=1.5)
01/07 16:30:22 INFO naive.NaiveAgent|This is the value of cmpBid: 1
01/07 16:30:22 INFO naive.NaiveAgent|Day 26: Campaign total budget bid: 0.0010
01/07 16:30:22 INFO naive.NaiveAgent|Day 26: Adjusting ucs bid: was 0.11023362696169803 level reported: 0.9 target: 0.7 adjusted: 0.08818690156935842
01/07 16:30:22 INFO naive.NaiveAgent|Day 26 : AdNetworkReport
01/07 16:30:22 INFO naive.NaiveAgent|Day 26 : Simulation Status Received
01/07 16:30:22 INFO naive.NaiveAgent|Day 26: Updated 36 Bid Bundle entries for Campaign id 1389149320
01/07 16:30:22 INFO naive.NaiveAgent|Day 26: Updated 36 Bid Bundle entries for Campaign id 148551682
01/07 16:30:22 INFO naive.NaiveAgent|Day 26: Updated 36 Bid Bundle entries for Campaign id 46045232
01/07 16:30:22 INFO naive.NaiveAgent|Day 26: Updated 36 Bid Bundle entries for Campaign id 470091828
01/07 16:30:22 INFO naive.NaiveAgent|Day 26: Sending BidBundle
01/07 16:30:22 INFO naive.NaiveAgent|Day 26 ended. Starting next day
01/07 16:30:32 INFO naive.NaiveAgent|Day 27 :BankStatus[11.078647]
01/07 16:30:32 INFO naive.NaiveAgent|Day 27: Updating campaign 46045232 stats: 7501.5 tgtImps 24321.0 nonTgtImps. Cost of imps is 0.03012180425502694
01/07 16:30:32 INFO naive.NaiveAgent|Day 27: Updating campaign 148551682 stats: 12502.0 tgtImps 9851.5 nonTgtImps. Cost of imps is 0.023660978062630268
01/07 16:30:32 INFO naive.NaiveAgent|Day 27: Updating campaign 1389149320 stats: 15002.5 tgtImps 8299.0 nonTgtImps. Cost of imps is 0.027722649946569797
01/07 16:30:32 INFO naive.NaiveAgent|Day 27: Daily notification for campaign 1448718235
01/07 16:30:32 INFO naive.NaiveAgent|Day 27:  WON at cost 4.227980425484152. UCS Level set to 0.47829690000000014 at price 0.0 Qualit Score is: 1.1107555872528139
01/07 16:30:32 INFO naive.NaiveAgent|Day 27: Campaign opportunity - Campaign ID 441762249: day 29 to 31 [MALE, YOUNG], reach: 5000 coefs: (v=2.0, m=1.5)
01/07 16:30:32 INFO naive.NaiveAgent|This is the value of cmpBid: 1
01/07 16:30:32 INFO naive.NaiveAgent|Day 27: Campaign total budget bid: 0.0010
01/07 16:30:32 INFO naive.NaiveAgent|Day 27: Adjusting ucs bid: was 0.08818690156935842 level reported: 0.47829690000000014 target: 0.7 adjusted: 0.10773821102668003
01/07 16:30:32 INFO naive.NaiveAgent|Day 27 : AdNetworkReport
01/07 16:30:32 INFO naive.NaiveAgent|Day 27 : Simulation Status Received
01/07 16:30:32 INFO naive.NaiveAgent|Day 27: Updated 36 Bid Bundle entries for Campaign id 1448718235
01/07 16:30:32 INFO naive.NaiveAgent|Day 27: Updated 36 Bid Bundle entries for Campaign id 1389149320
01/07 16:30:32 INFO naive.NaiveAgent|Day 27: Updated 36 Bid Bundle entries for Campaign id 148551682
01/07 16:30:32 INFO naive.NaiveAgent|Day 27: Updated 36 Bid Bundle entries for Campaign id 46045232
01/07 16:30:32 INFO naive.NaiveAgent|Day 27: Updated 36 Bid Bundle entries for Campaign id 470091828
01/07 16:30:32 INFO naive.NaiveAgent|Day 27: Sending BidBundle
01/07 16:30:32 INFO naive.NaiveAgent|Day 27 ended. Starting next day
01/07 16:30:42 INFO naive.NaiveAgent|Day 28 :BankStatus[10.977117]
01/07 16:30:42 INFO naive.NaiveAgent|Day 28: Updating campaign 46045232 stats: 15002.0 tgtImps 35944.5 nonTgtImps. Cost of imps is 0.05105076165266678
01/07 16:30:42 INFO naive.NaiveAgent|Day 28: Updating campaign 470091828 stats: 0.0 tgtImps 0.0 nonTgtImps. Cost of imps is 0.0
01/07 16:30:42 INFO naive.NaiveAgent|Day 28: Updating campaign 148551682 stats: 12505.0 tgtImps 9851.5 nonTgtImps. Cost of imps is 0.023662117710262363
01/07 16:30:42 INFO naive.NaiveAgent|Day 28: Updating campaign 1389149320 stats: 18753.5 tgtImps 9034.0 nonTgtImps. Cost of imps is 0.03267987810604314
01/07 16:30:42 INFO naive.NaiveAgent|Day 28: Daily notification for campaign 441762249
01/07 16:30:42 INFO naive.NaiveAgent|Day 28:  WON at cost 0.5133850554542484. UCS Level set to 0.81 at price 0.08539897149518108 Qualit Score is: 1.1107555872528139
01/07 16:30:42 INFO naive.NaiveAgent|Day 28: Campaign opportunity - Campaign ID 452967774: day 30 to 39 [YOUNG, LOW_INCOME], reach: 10000 coefs: (v=2.0, m=1.5)
01/07 16:30:42 INFO naive.NaiveAgent|This is the value of cmpBid: 1
01/07 16:30:42 INFO naive.NaiveAgent|Day 28: Campaign total budget bid: 0.0010
01/07 16:30:42 INFO naive.NaiveAgent|Day 28: Adjusting ucs bid: was 0.10773821102668003 level reported: 0.81 target: 0.7 adjusted: 0.09588700781374522
01/07 16:30:42 INFO naive.NaiveAgent|Day 28 : AdNetworkReport
01/07 16:30:42 INFO naive.NaiveAgent|Day 28 : Simulation Status Received
01/07 16:30:42 INFO naive.NaiveAgent|Day 28: Updated 36 Bid Bundle entries for Campaign id 1448718235
01/07 16:30:42 INFO naive.NaiveAgent|Day 28: Updated 36 Bid Bundle entries for Campaign id 1389149320
01/07 16:30:42 INFO naive.NaiveAgent|Day 28: Updated 36 Bid Bundle entries for Campaign id 148551682
01/07 16:30:42 INFO naive.NaiveAgent|Day 28: Updated 36 Bid Bundle entries for Campaign id 46045232
01/07 16:30:42 INFO naive.NaiveAgent|Day 28: Updated 36 Bid Bundle entries for Campaign id 470091828
01/07 16:30:42 INFO naive.NaiveAgent|Day 28: Updated 36 Bid Bundle entries for Campaign id 441762249
01/07 16:30:42 INFO naive.NaiveAgent|Day 28: Sending BidBundle
01/07 16:30:42 INFO naive.NaiveAgent|Day 28 ended. Starting next day
01/07 16:30:52 INFO naive.NaiveAgent|Day 29 :BankStatus[10.867150]
01/07 16:30:52 INFO naive.NaiveAgent|Day 29: Updating campaign 46045232 stats: 18752.0 tgtImps 40515.5 nonTgtImps. Cost of imps is 0.06058430836399187
01/07 16:30:52 INFO naive.NaiveAgent|Day 29: Updating campaign 470091828 stats: 0.0 tgtImps 0.0 nonTgtImps. Cost of imps is 0.0
01/07 16:30:52 INFO naive.NaiveAgent|Day 29: Updating campaign 148551682 stats: 12508.0 tgtImps 9851.5 nonTgtImps. Cost of imps is 0.023662869109593393
01/07 16:30:52 INFO naive.NaiveAgent|Day 29: Updating campaign 1389149320 stats: 18754.5 tgtImps 9515.5 nonTgtImps. Cost of imps is 0.03307639423593638
01/07 16:30:52 INFO naive.NaiveAgent|Day 29: Updating campaign 1448718235 stats: 7500.5 tgtImps 17968.5 nonTgtImps. Cost of imps is 0.028186629225243415
01/07 16:30:52 INFO naive.NaiveAgent|Day 29: Daily notification for campaign 452967774
01/07 16:30:52 INFO naive.NaiveAgent|Day 29:  WON at cost 0.25321283664776995. UCS Level set to 0.5314410000000002 at price 0.050462494421010216 Qualit Score is: 1.1107555872528139
01/07 16:30:52 INFO naive.NaiveAgent|Day 29: Campaign opportunity - Campaign ID 1227680077: day 31 to 33 [MALE, YOUNG], reach: 10000 coefs: (v=2.0, m=1.5)
01/07 16:30:52 INFO naive.NaiveAgent|This is the value of cmpBid: 1
01/07 16:30:52 INFO naive.NaiveAgent|Day 29: Campaign total budget bid: 0.0010
01/07 16:30:52 INFO naive.NaiveAgent|Day 29: Adjusting ucs bid: was 0.09588700781374522 level reported: 0.5314410000000002 target: 0.7 adjusted: 0.11204962596382227
01/07 16:30:52 INFO naive.NaiveAgent|Day 29 : AdNetworkReport
01/07 16:30:52 INFO naive.NaiveAgent|Day 29 : Simulation Status Received
01/07 16:30:52 INFO naive.NaiveAgent|Day 29: Updated 36 Bid Bundle entries for Campaign id 1448718235
01/07 16:30:52 INFO naive.NaiveAgent|Day 29: Updated 36 Bid Bundle entries for Campaign id 452967774
01/07 16:30:52 INFO naive.NaiveAgent|Day 29: Updated 36 Bid Bundle entries for Campaign id 148551682
01/07 16:30:52 INFO naive.NaiveAgent|Day 29: Updated 36 Bid Bundle entries for Campaign id 46045232
01/07 16:30:52 INFO naive.NaiveAgent|Day 29: Updated 36 Bid Bundle entries for Campaign id 470091828
01/07 16:30:52 INFO naive.NaiveAgent|Day 29: Updated 36 Bid Bundle entries for Campaign id 441762249
01/07 16:30:52 INFO naive.NaiveAgent|Day 29: Sending BidBundle
01/07 16:30:52 INFO naive.NaiveAgent|Day 29 ended. Starting next day
01/07 16:31:02 INFO naive.NaiveAgent|Day 30 :BankStatus[10.747607]
01/07 16:31:02 INFO naive.NaiveAgent|Day 30: Updating campaign 46045232 stats: 18753.5 tgtImps 40523.5 nonTgtImps. Cost of imps is 0.06060061399867835
01/07 16:31:02 INFO naive.NaiveAgent|Day 30: Updating campaign 441762249 stats: 2501.5 tgtImps 4677.5 nonTgtImps. Cost of imps is 0.008420032670371088
01/07 16:31:02 INFO naive.NaiveAgent|Day 30: Updating campaign 470091828 stats: 0.0 tgtImps 0.0 nonTgtImps. Cost of imps is 0.0
01/07 16:31:02 INFO naive.NaiveAgent|Day 30: Updating campaign 148551682 stats: 12509.0 tgtImps 9851.5 nonTgtImps. Cost of imps is 0.02366319071671038
01/07 16:31:02 INFO naive.NaiveAgent|Day 30: Updating campaign 1448718235 stats: 15001.0 tgtImps 41798.5 nonTgtImps. Cost of imps is 0.06838458784753547
01/07 16:31:02 INFO naive.NaiveAgent|Day 30: Daily notification for campaign 1227680077
01/07 16:31:02 INFO naive.NaiveAgent|Day 30:  WON at cost 1.4565188781855603. UCS Level set to 0.81 at price 0.08218881301132447 Qualit Score is: 1.1401444773508562
01/07 16:31:02 INFO naive.NaiveAgent|Day 30: Campaign opportunity - Campaign ID 1875902703: day 32 to 34 [MALE, HIGH_INCOME], reach: 5000 coefs: (v=2.0, m=1.5)
01/07 16:31:02 INFO naive.NaiveAgent|This is the value of cmpBid: 1
01/07 16:31:02 INFO naive.NaiveAgent|Day 30: Campaign total budget bid: 0.0010
01/07 16:31:02 INFO naive.NaiveAgent|Day 30: Adjusting ucs bid: was 0.11204962596382227 level reported: 0.81 target: 0.7 adjusted: 0.09972416710780181
01/07 16:31:02 INFO naive.NaiveAgent|Day 30 : AdNetworkReport
01/07 16:31:02 INFO naive.NaiveAgent|Day 30 : Simulation Status Received
01/07 16:31:02 INFO naive.NaiveAgent|Day 30: Updated 36 Bid Bundle entries for Campaign id 452967774
01/07 16:31:02 INFO naive.NaiveAgent|Day 30: Updated 36 Bid Bundle entries for Campaign id 148551682
01/07 16:31:02 INFO naive.NaiveAgent|Day 30: Updated 36 Bid Bundle entries for Campaign id 1227680077
01/07 16:31:02 INFO naive.NaiveAgent|Day 30: Updated 36 Bid Bundle entries for Campaign id 46045232
01/07 16:31:02 INFO naive.NaiveAgent|Day 30: Updated 36 Bid Bundle entries for Campaign id 470091828
01/07 16:31:02 INFO naive.NaiveAgent|Day 30: Updated 36 Bid Bundle entries for Campaign id 441762249
01/07 16:31:02 INFO naive.NaiveAgent|Day 30: Sending BidBundle
01/07 16:31:02 INFO naive.NaiveAgent|Day 30 ended. Starting next day
01/07 16:31:12 INFO naive.NaiveAgent|Day 31 :BankStatus[10.775862]
01/07 16:31:12 INFO naive.NaiveAgent|Day 31: Updating campaign 46045232 stats: 18756.5 tgtImps 40523.5 nonTgtImps. Cost of imps is 0.06060084729191046
01/07 16:31:12 INFO naive.NaiveAgent|Day 31: Updating campaign 441762249 stats: 5002.0 tgtImps 8946.5 nonTgtImps. Cost of imps is 0.016578168106193288
01/07 16:31:12 INFO naive.NaiveAgent|Day 31: Updating campaign 470091828 stats: 0.0 tgtImps 0.0 nonTgtImps. Cost of imps is 0.0
01/07 16:31:12 INFO naive.NaiveAgent|Day 31: Updating campaign 452967774 stats: 5001.0 tgtImps 8121.5 nonTgtImps. Cost of imps is 0.016283406396075298
01/07 16:31:12 INFO naive.NaiveAgent|Day 31: Updating campaign 148551682 stats: 12510.5 tgtImps 9851.5 nonTgtImps. Cost of imps is 0.02366437983667784
01/07 16:31:12 INFO naive.NaiveAgent|Day 31: Daily notification for campaign 1875902703
01/07 16:31:12 INFO naive.NaiveAgent|Day 31:  WON at cost 0.257833160459925. UCS Level set to 0.7290000000000001 at price 0.07259382999715942 Qualit Score is: 1.1518057528091599
01/07 16:31:12 INFO naive.NaiveAgent|Day 31: Campaign opportunity - Campaign ID 639323565: day 33 to 37 [OLD, LOW_INCOME], reach: 10000 coefs: (v=2.0, m=1.5)
01/07 16:31:12 INFO naive.NaiveAgent|This is the value of cmpBid: 1
01/07 16:31:12 INFO naive.NaiveAgent|Day 31: Campaign total budget bid: 0.0010
01/07 16:31:12 INFO naive.NaiveAgent|Day 31: Adjusting ucs bid: was 0.09972416710780181 level reported: 0.7290000000000001 target: 0.7 adjusted: 0.09683216626167554
01/07 16:31:12 INFO naive.NaiveAgent|Day 31 : AdNetworkReport
01/07 16:31:12 INFO naive.NaiveAgent|Day 31 : Simulation Status Received
01/07 16:31:12 INFO naive.NaiveAgent|Day 31: Updated 36 Bid Bundle entries for Campaign id 1875902703
01/07 16:31:12 INFO naive.NaiveAgent|Day 31: Updated 36 Bid Bundle entries for Campaign id 452967774
01/07 16:31:12 INFO naive.NaiveAgent|Day 31: Updated 36 Bid Bundle entries for Campaign id 148551682
01/07 16:31:12 INFO naive.NaiveAgent|Day 31: Updated 36 Bid Bundle entries for Campaign id 1227680077
01/07 16:31:12 INFO naive.NaiveAgent|Day 31: Updated 36 Bid Bundle entries for Campaign id 46045232
01/07 16:31:12 INFO naive.NaiveAgent|Day 31: Updated 36 Bid Bundle entries for Campaign id 470091828
01/07 16:31:12 INFO naive.NaiveAgent|Day 31: Sending BidBundle
01/07 16:31:12 INFO naive.NaiveAgent|Day 31 ended. Starting next day
01/07 16:31:22 INFO naive.NaiveAgent|Day 32 :BankStatus[15.570530]
01/07 16:31:22 INFO naive.NaiveAgent|Day 32: Updating campaign 46045232 stats: 18758.0 tgtImps 40523.5 nonTgtImps. Cost of imps is 0.060602286166486996
01/07 16:31:22 INFO naive.NaiveAgent|Day 32: Updating campaign 470091828 stats: 0.0 tgtImps 0.0 nonTgtImps. Cost of imps is 0.0
01/07 16:31:22 INFO naive.NaiveAgent|Day 32: Updating campaign 1227680077 stats: 5001.0 tgtImps 10926.0 nonTgtImps. Cost of imps is 0.016987313045733334
01/07 16:31:22 INFO naive.NaiveAgent|Day 32: Updating campaign 452967774 stats: 10002.5 tgtImps 20395.0 nonTgtImps. Cost of imps is 0.03470745631288746
01/07 16:31:22 INFO naive.NaiveAgent|Day 32: Updating campaign 148551682 stats: 12512.0 tgtImps 9853.0 nonTgtImps. Cost of imps is 0.02367116627912738
01/07 16:31:22 INFO naive.NaiveAgent|Day 32: Daily notification for campaign 639323565
01/07 16:31:22 INFO naive.NaiveAgent|Day 32:  WON at cost 4.125513652063808. UCS Level set to 0.5314410000000002 at price 0.04995203946191839 Qualit Score is: 1.0609387799749048
01/07 16:31:22 INFO naive.NaiveAgent|Day 32: Campaign opportunity - Campaign ID 1577473123: day 34 to 36 [MALE, OLD], reach: 5000 coefs: (v=2.0, m=1.5)
01/07 16:31:22 INFO naive.NaiveAgent|This is the value of cmpBid: 1
01/07 16:31:22 INFO naive.NaiveAgent|Day 32: Campaign total budget bid: 0.0010
01/07 16:31:22 INFO naive.NaiveAgent|Day 32: Adjusting ucs bid: was 0.09683216626167554 level reported: 0.5314410000000002 target: 0.7 adjusted: 0.11315409937457728
01/07 16:31:22 INFO naive.NaiveAgent|Day 32 : AdNetworkReport
01/07 16:31:22 INFO naive.NaiveAgent|Day 32 : Simulation Status Received
01/07 16:31:22 INFO naive.NaiveAgent|Day 32: Updated 36 Bid Bundle entries for Campaign id 639323565
01/07 16:31:22 INFO naive.NaiveAgent|Day 32: Updated 36 Bid Bundle entries for Campaign id 1875902703
01/07 16:31:22 INFO naive.NaiveAgent|Day 32: Updated 36 Bid Bundle entries for Campaign id 452967774
01/07 16:31:22 INFO naive.NaiveAgent|Day 32: Updated 36 Bid Bundle entries for Campaign id 148551682
01/07 16:31:22 INFO naive.NaiveAgent|Day 32: Updated 36 Bid Bundle entries for Campaign id 1227680077
01/07 16:31:22 INFO naive.NaiveAgent|Day 32: Updated 36 Bid Bundle entries for Campaign id 46045232
01/07 16:31:22 INFO naive.NaiveAgent|Day 32: Updated 36 Bid Bundle entries for Campaign id 470091828
01/07 16:31:22 INFO naive.NaiveAgent|Day 32: Sending BidBundle
01/07 16:31:22 INFO naive.NaiveAgent|Day 32 ended. Starting next day
01/07 16:31:31 INFO naive.NaiveAgent|Day 33 :BankStatus[15.992608]
01/07 16:31:31 INFO naive.NaiveAgent|Day 33: Updating campaign 46045232 stats: 18759.0 tgtImps 40523.5 nonTgtImps. Cost of imps is 0.06060563529018251
01/07 16:31:31 INFO naive.NaiveAgent|Day 33: Updating campaign 1875902703 stats: 2500.5 tgtImps 6492.0 nonTgtImps. Cost of imps is 0.011296583069055175
01/07 16:31:31 INFO naive.NaiveAgent|Day 33: Updating campaign 470091828 stats: 0.0 tgtImps 0.0 nonTgtImps. Cost of imps is 0.0
01/07 16:31:31 INFO naive.NaiveAgent|Day 33: Updating campaign 1227680077 stats: 5001.0 tgtImps 10926.0 nonTgtImps. Cost of imps is 0.016987313045733334
01/07 16:31:31 INFO naive.NaiveAgent|Day 33: Updating campaign 452967774 stats: 12502.5 tgtImps 21554.5 nonTgtImps. Cost of imps is 0.03985178268553436
01/07 16:31:31 INFO naive.NaiveAgent|Day 33: Updating campaign 148551682 stats: 12513.0 tgtImps 9863.0 nonTgtImps. Cost of imps is 0.023682382170672617
01/07 16:31:31 INFO naive.NaiveAgent|Day 33: Daily notification for campaign 1577473123
01/07 16:31:31 INFO naive.NaiveAgent|Day 33:  WON at cost 1.2162072430599813. UCS Level set to 1.0 at price 0.11045610643595105 Qualit Score is: 1.0609387799749048
01/07 16:31:31 INFO naive.NaiveAgent|Day 33: Campaign opportunity - Campaign ID 1971071367: day 35 to 39 [HIGH_INCOME, OLD], reach: 5000 coefs: (v=2.0, m=1.5)
01/07 16:31:31 INFO naive.NaiveAgent|This is the value of cmpBid: 1
01/07 16:31:31 INFO naive.NaiveAgent|Day 33: Campaign total budget bid: 0.0010
01/07 16:31:31 INFO naive.NaiveAgent|Day 33: Adjusting ucs bid: was 0.11315409937457728 level reported: 1.0 target: 0.7 adjusted: 0.07920786956220409
01/07 16:31:31 INFO naive.NaiveAgent|Day 33 : AdNetworkReport
01/07 16:31:31 INFO naive.NaiveAgent|Day 33 : Simulation Status Received
01/07 16:31:31 INFO naive.NaiveAgent|Day 33: Updated 36 Bid Bundle entries for Campaign id 639323565
01/07 16:31:31 INFO naive.NaiveAgent|Day 33: Updated 36 Bid Bundle entries for Campaign id 1875902703
01/07 16:31:31 INFO naive.NaiveAgent|Day 33: Updated 36 Bid Bundle entries for Campaign id 1577473123
01/07 16:31:31 INFO naive.NaiveAgent|Day 33: Updated 36 Bid Bundle entries for Campaign id 452967774
01/07 16:31:31 INFO naive.NaiveAgent|Day 33: Updated 36 Bid Bundle entries for Campaign id 46045232
01/07 16:31:31 INFO naive.NaiveAgent|Day 33: Updated 36 Bid Bundle entries for Campaign id 470091828
01/07 16:31:31 INFO naive.NaiveAgent|Day 33: Sending BidBundle
01/07 16:31:31 INFO naive.NaiveAgent|Day 33 ended. Starting next day
01/07 16:31:42 INFO naive.NaiveAgent|Day 34 :BankStatus[15.896167]
01/07 16:31:42 INFO naive.NaiveAgent|Day 34: Updating campaign 46045232 stats: 18759.0 tgtImps 40523.5 nonTgtImps. Cost of imps is 0.06060563529018251
01/07 16:31:42 INFO naive.NaiveAgent|Day 34: Updating campaign 639323565 stats: 5001.5 tgtImps 5914.0 nonTgtImps. Cost of imps is 0.011699255285602573
01/07 16:31:42 INFO naive.NaiveAgent|Day 34: Updating campaign 1875902703 stats: 5001.0 tgtImps 11434.5 nonTgtImps. Cost of imps is 0.01915574456016668
01/07 16:31:42 INFO naive.NaiveAgent|Day 34: Updating campaign 470091828 stats: 0.0 tgtImps 0.0 nonTgtImps. Cost of imps is 0.0
01/07 16:31:42 INFO naive.NaiveAgent|Day 34: Updating campaign 452967774 stats: 12504.0 tgtImps 21563.0 nonTgtImps. Cost of imps is 0.03987040674663603
01/07 16:31:42 INFO naive.NaiveAgent|Day 34: Daily notification for campaign 1971071367
01/07 16:31:42 INFO naive.NaiveAgent|Day 34:  WON at cost 0.28699125566442296. UCS Level set to 0.47829690000000014 at price 0.0 Qualit Score is: 0.5807042588836948
01/07 16:31:42 INFO naive.NaiveAgent|Day 34: Campaign opportunity - Campaign ID 784607409: day 36 to 38 [HIGH_INCOME, OLD], reach: 10000 coefs: (v=2.0, m=1.5)
01/07 16:31:42 INFO naive.NaiveAgent|This is the value of cmpBid: 1
01/07 16:31:42 INFO naive.NaiveAgent|Day 34: Campaign total budget bid: 0.0010
01/07 16:31:42 INFO naive.NaiveAgent|Day 34: Adjusting ucs bid: was 0.07920786956220409 level reported: 0.47829690000000014 target: 0.7 adjusted: 0.09676849978854037
01/07 16:31:42 INFO naive.NaiveAgent|Day 34 : AdNetworkReport
01/07 16:31:42 INFO naive.NaiveAgent|Day 34 : Simulation Status Received
01/07 16:31:42 INFO naive.NaiveAgent|Day 34: Updated 36 Bid Bundle entries for Campaign id 639323565
01/07 16:31:42 INFO naive.NaiveAgent|Day 34: Updated 36 Bid Bundle entries for Campaign id 1577473123
01/07 16:31:42 INFO naive.NaiveAgent|Day 34: Updated 36 Bid Bundle entries for Campaign id 452967774
01/07 16:31:42 INFO naive.NaiveAgent|Day 34: Updated 36 Bid Bundle entries for Campaign id 46045232
01/07 16:31:42 INFO naive.NaiveAgent|Day 34: Updated 36 Bid Bundle entries for Campaign id 470091828
01/07 16:31:42 INFO naive.NaiveAgent|Day 34: Updated 36 Bid Bundle entries for Campaign id 1971071367
01/07 16:31:42 INFO naive.NaiveAgent|Day 34: Sending BidBundle
01/07 16:31:42 INFO naive.NaiveAgent|Day 34 ended. Starting next day
01/07 16:31:52 INFO naive.NaiveAgent|Day 35 :BankStatus[16.575577]
01/07 16:31:52 INFO naive.NaiveAgent|Day 35: Updating campaign 46045232 stats: 18759.0 tgtImps 40523.5 nonTgtImps. Cost of imps is 0.06060563529018251
01/07 16:31:52 INFO naive.NaiveAgent|Day 35: Updating campaign 639323565 stats: 10004.0 tgtImps 10370.0 nonTgtImps. Cost of imps is 0.022069558965136377
01/07 16:31:52 INFO naive.NaiveAgent|Day 35: Updating campaign 1577473123 stats: 0.0 tgtImps 0.0 nonTgtImps. Cost of imps is 0.0
01/07 16:31:52 INFO naive.NaiveAgent|Day 35: Updating campaign 470091828 stats: 0.0 tgtImps 0.0 nonTgtImps. Cost of imps is 0.0
01/07 16:31:52 INFO naive.NaiveAgent|Day 35: Updating campaign 452967774 stats: 12505.0 tgtImps 21564.0 nonTgtImps. Cost of imps is 0.0398706459592148
01/07 16:31:52 INFO naive.NaiveAgent|Day 35: Daily notification for campaign 784607409
01/07 16:31:52 INFO naive.NaiveAgent|Day 35:  WON at cost 0.7746773370712452. UCS Level set to 0.5904900000000002 at price 0.05625375457683523 Qualit Score is: 0.9280296654222955
01/07 16:31:52 INFO naive.NaiveAgent|Day 35: Campaign opportunity - Campaign ID 88929187: day 37 to 41 [HIGH_INCOME, FEMALE], reach: 10000 coefs: (v=2.0, m=1.5)
01/07 16:31:52 INFO naive.NaiveAgent|This is the value of cmpBid: 1
01/07 16:31:52 INFO naive.NaiveAgent|Day 35: Campaign total budget bid: 0.0010
01/07 16:31:52 INFO naive.NaiveAgent|Day 35: Adjusting ucs bid: was 0.09676849978854037 level reported: 0.5904900000000002 target: 0.7 adjusted: 0.1073656182003834
01/07 16:31:52 INFO naive.NaiveAgent|Day 35 : AdNetworkReport
01/07 16:31:52 INFO naive.NaiveAgent|Day 35 : Simulation Status Received
01/07 16:31:52 INFO naive.NaiveAgent|Day 35: Updated 36 Bid Bundle entries for Campaign id 639323565
01/07 16:31:52 INFO naive.NaiveAgent|Day 35: Updated 36 Bid Bundle entries for Campaign id 1577473123
01/07 16:31:52 INFO naive.NaiveAgent|Day 35: Updated 36 Bid Bundle entries for Campaign id 452967774
01/07 16:31:52 INFO naive.NaiveAgent|Day 35: Updated 36 Bid Bundle entries for Campaign id 470091828
01/07 16:31:52 INFO naive.NaiveAgent|Day 35: Updated 36 Bid Bundle entries for Campaign id 1971071367
01/07 16:31:52 INFO naive.NaiveAgent|Day 35: Updated 36 Bid Bundle entries for Campaign id 784607409
01/07 16:31:52 INFO naive.NaiveAgent|Day 35: Sending BidBundle
01/07 16:31:52 INFO naive.NaiveAgent|Day 35 ended. Starting next day
