14/07 01:49:01 INFO agents.BrownAgent|UNKNOWN Message Received: edu.umich.eecs.tac.props.AdvertiserInfo@bc76a1c1
14/07 01:49:01 INFO agents.BrownAgent|Day 0 :BankStatus[0.000000]
14/07 01:49:01 INFO agents.BrownAgent|tau.tac.adx.report.demand.InitialCampaignMessage[697598386,1250,1,5,[MALE, LOW_INCOME],2.0,1.5,demand,[]]
14/07 01:49:01 INFO agents.BrownAgent|Day 0: Allocated campaign - Campaign ID 697598386: day 1 to 5 [MALE, LOW_INCOME], reach: 1250 coefs: (v=2.0, m=1.5)
14/07 01:49:01 INFO agents.BrownAgent|Day 0: Campaign opportunity - Campaign ID 637687902: day 2 to 11 [FEMALE, YOUNG], reach: 5000 coefs: (v=2.0, m=1.5)
14/07 01:49:01 INFO agents.BrownAgent|BrownAgent DAY 0 bid: 500
14/07 01:49:15 INFO agents.BrownAgent|Day 1 :BankStatus[0.000000]
14/07 01:49:15 INFO agents.BrownAgent|Day 1: Daily notification for campaign 637687902
14/07 01:49:15 INFO agents.BrownAgent|Day 1:  WON at cost 0.507. UCS Level set to 1.0 at price 0.1416996344715974 Qualit Score is: 1.0
14/07 01:49:15 INFO agents.BrownAgent|Day 1: Campaign opportunity - Campaign ID 1065001640: day 3 to 7 [LOW_INCOME, OLD], reach: 10000 coefs: (v=2.0, m=1.5)
14/07 01:49:15 INFO agents.BrownAgent|BrownAgent DAY 1 bid: 1000
14/07 01:49:15 INFO agents.BrownAgent|Day 1 : AdNetworkReport
14/07 01:49:23 INFO agents.BrownAgent|Day 2 :BankStatus[-0.078658]
14/07 01:49:23 INFO agents.BrownAgent|Day 2: Daily notification for campaign 1065001640
14/07 01:49:23 INFO agents.BrownAgent|Day 2:  allocated to DummyAdnetwork-6. UCS Level set to 1.0 at price 0.14500474044395106 Qualit Score is: 1.0
14/07 01:49:23 INFO agents.BrownAgent|Day 2: Campaign opportunity - Campaign ID 2029884542: day 4 to 8 [HIGH_INCOME, OLD], reach: 15000 coefs: (v=2.0, m=1.5)
14/07 01:49:23 INFO agents.BrownAgent|BrownAgent DAY 2 bid: 1200
14/07 01:49:23 INFO agents.BrownAgent|Day 2 : AdNetworkReport
14/07 01:49:34 INFO agents.BrownAgent|Day 3 :BankStatus[-0.170650]
14/07 01:49:34 INFO agents.BrownAgent|Day 3: Daily notification for campaign 2029884542
14/07 01:49:34 INFO agents.BrownAgent|Day 3:  allocated to adv2. UCS Level set to 0.7290000000000001 at price 0.07806172935544597 Qualit Score is: 1.0
14/07 01:49:34 INFO agents.BrownAgent|Day 3: Campaign opportunity - Campaign ID 420370563: day 5 to 14 [YOUNG, LOW_INCOME], reach: 10000 coefs: (v=2.0, m=1.5)
14/07 01:49:34 INFO agents.BrownAgent|BrownAgent DAY 3 bid: 640
14/07 01:49:34 INFO agents.BrownAgent|Day 3 : AdNetworkReport
14/07 01:49:43 INFO agents.BrownAgent|Day 4 :BankStatus[-0.248711]
14/07 01:49:43 INFO agents.BrownAgent|Day 4: Daily notification for campaign 420370563
14/07 01:49:43 INFO agents.BrownAgent|Day 4:  allocated to DummyAdnetwork-6. UCS Level set to 0.81 at price 0.0941340748646491 Qualit Score is: 1.0
14/07 01:49:43 INFO agents.BrownAgent|Day 4: Campaign opportunity - Campaign ID 1318317697: day 6 to 8 [FEMALE, LOW_INCOME], reach: 10000 coefs: (v=2.0, m=1.5)
14/07 01:49:43 INFO agents.BrownAgent|BrownAgent DAY 4 bid: 512
14/07 01:49:43 INFO agents.BrownAgent|Day 4 : AdNetworkReport
14/07 01:49:53 INFO agents.BrownAgent|Day 5 :BankStatus[-0.332870]
14/07 01:49:53 INFO agents.BrownAgent|Day 5: Daily notification for campaign 1318317697
14/07 01:49:53 INFO agents.BrownAgent|Day 5:  WON at cost 0.519. UCS Level set to 0.7290000000000001 at price 0.09626919017471991 Qualit Score is: 1.0
14/07 01:49:53 INFO agents.BrownAgent|Day 5: Campaign opportunity - Campaign ID 417797531: day 7 to 16 [MALE, HIGH_INCOME], reach: 5000 coefs: (v=2.0, m=1.5)
14/07 01:49:53 INFO agents.BrownAgent|BrownAgent DAY 5 bid: 256
14/07 01:49:54 INFO agents.BrownAgent|Day 5 : AdNetworkReport
14/07 01:50:04 INFO agents.BrownAgent|Day 6 :BankStatus[-0.429139]
14/07 01:50:04 INFO agents.BrownAgent|Day 6: Daily notification for campaign 417797531
14/07 01:50:04 INFO agents.BrownAgent|Day 6:  allocated to adv2. UCS Level set to 0.5904900000000002 at price 0.08140653933442195 Qualit Score is: 0.4
14/07 01:50:04 INFO agents.BrownAgent|Day 6: Campaign opportunity - Campaign ID 1146418857: day 8 to 12 [FEMALE, OLD], reach: 10000 coefs: (v=2.0, m=1.5)
14/07 01:50:04 INFO agents.BrownAgent|BrownAgent DAY 6 bid: 409
14/07 01:50:04 INFO agents.BrownAgent|Day 6 : AdNetworkReport
14/07 01:50:13 INFO agents.BrownAgent|Day 7 :BankStatus[-0.535267]
14/07 01:50:13 INFO agents.BrownAgent|Day 7: Daily notification for campaign 1146418857
14/07 01:50:13 INFO agents.BrownAgent|Day 7:  allocated to DummyAdnetwork-3. UCS Level set to 0.9 at price 0.14190583228303624 Qualit Score is: 0.4
14/07 01:50:13 INFO agents.BrownAgent|Day 7: Campaign opportunity - Campaign ID 929181472: day 9 to 11 [FEMALE, YOUNG], reach: 15000 coefs: (v=2.0, m=1.5)
14/07 01:50:13 INFO agents.BrownAgent|BrownAgent DAY 7 bid: 491
14/07 01:50:13 INFO agents.BrownAgent|Day 7 : AdNetworkReport
14/07 01:50:23 INFO agents.BrownAgent|Day 8 :BankStatus[-0.644288]
14/07 01:50:23 INFO agents.BrownAgent|Day 8: Daily notification for campaign 929181472
14/07 01:50:23 INFO agents.BrownAgent|Day 8:  allocated to adv2. UCS Level set to 0.9 at price 0.13120255150012305 Qualit Score is: 0.4
14/07 01:50:23 INFO agents.BrownAgent|Day 8: Campaign opportunity - Campaign ID 1381897770: day 10 to 14 [MALE, HIGH_INCOME], reach: 5000 coefs: (v=2.0, m=1.5)
14/07 01:50:23 INFO agents.BrownAgent|BrownAgent DAY 8 bid: 131
14/07 01:50:23 INFO agents.BrownAgent|Day 8 : AdNetworkReport
14/07 01:50:33 INFO agents.BrownAgent|Day 9 :BankStatus[-0.732493]
14/07 01:50:33 INFO agents.BrownAgent|Day 9: Daily notification for campaign 1381897770
14/07 01:50:33 INFO agents.BrownAgent|Day 9:  allocated to DummyAdnetwork-2. UCS Level set to 0.81 at price 0.1115313545722213 Qualit Score is: 0.16000000000000003
14/07 01:50:33 INFO agents.BrownAgent|Day 9: Campaign opportunity - Campaign ID 1413597702: day 11 to 13 [MALE, HIGH_INCOME], reach: 5000 coefs: (v=2.0, m=1.5)
14/07 01:50:33 INFO agents.BrownAgent|BrownAgent DAY 9 bid: 104
14/07 01:50:33 INFO agents.BrownAgent|Day 9 : AdNetworkReport
14/07 01:50:44 INFO agents.BrownAgent|Day 10 :BankStatus[-0.832260]
14/07 01:50:44 INFO agents.BrownAgent|Day 10: Daily notification for campaign 1413597702
14/07 01:50:44 INFO agents.BrownAgent|Day 10:  allocated to adv2. UCS Level set to 0.47829690000000014 at price 0.0 Qualit Score is: 0.16000000000000003
14/07 01:50:44 INFO agents.BrownAgent|Day 10: Campaign opportunity - Campaign ID 585654724: day 12 to 21 [FEMALE, LOW_INCOME], reach: 5000 coefs: (v=2.0, m=1.5)
14/07 01:50:44 INFO agents.BrownAgent|BrownAgent DAY 10 bid: 83
14/07 01:50:44 INFO agents.BrownAgent|Day 10 : AdNetworkReport
14/07 01:50:53 INFO agents.BrownAgent|Day 11 :BankStatus[-0.921972]
14/07 01:50:53 INFO agents.BrownAgent|Day 11: Daily notification for campaign 585654724
14/07 01:50:53 INFO agents.BrownAgent|Day 11:  allocated to adv2. UCS Level set to 0.47829690000000014 at price 0.0 Qualit Score is: 0.16000000000000003
14/07 01:50:53 INFO agents.BrownAgent|Day 11: Campaign opportunity - Campaign ID 2088373331: day 13 to 17 [YOUNG, HIGH_INCOME], reach: 10000 coefs: (v=2.0, m=1.5)
14/07 01:50:53 INFO agents.BrownAgent|BrownAgent DAY 11 bid: 134
14/07 01:50:53 INFO agents.BrownAgent|Day 11 : AdNetworkReport
14/07 01:51:03 INFO agents.BrownAgent|Day 12 :BankStatus[-1.021078]
14/07 01:51:03 INFO agents.BrownAgent|Day 12: Daily notification for campaign 2088373331
14/07 01:51:03 INFO agents.BrownAgent|Day 12:  WON at cost 0.14346822165927706. UCS Level set to 0.47829690000000014 at price 0.0 Qualit Score is: 0.06400000000000002
14/07 01:51:03 INFO agents.BrownAgent|Day 12: Campaign opportunity - Campaign ID 1021751470: day 14 to 16 [YOUNG, LOW_INCOME], reach: 10000 coefs: (v=2.0, m=1.5)
14/07 01:51:03 INFO agents.BrownAgent|BrownAgent DAY 12 bid: 134
14/07 01:51:13 INFO agents.BrownAgent|Day 13 :BankStatus[-1.099695]
14/07 01:51:13 INFO agents.BrownAgent|Day 13: Daily notification for campaign 1021751470
14/07 01:51:13 INFO agents.BrownAgent|Day 13:  allocated to adv2. UCS Level set to 0.47829690000000014 at price 0.0 Qualit Score is: 0.06400000000000002
14/07 01:51:13 INFO agents.BrownAgent|Day 13: Campaign opportunity - Campaign ID 502992558: day 15 to 17 [FEMALE, HIGH_INCOME], reach: 15000 coefs: (v=2.0, m=1.5)
14/07 01:51:13 INFO agents.BrownAgent|BrownAgent DAY 13 bid: 161
14/07 01:51:13 INFO agents.BrownAgent|Day 13 : AdNetworkReport
14/07 01:51:23 INFO agents.BrownAgent|Day 14 :BankStatus[-1.186278]
14/07 01:51:23 INFO agents.BrownAgent|Day 14: Daily notification for campaign 502992558
14/07 01:51:23 INFO agents.BrownAgent|Day 14:  allocated to DummyAdnetwork-4. UCS Level set to 0.47829690000000014 at price 0.0 Qualit Score is: 0.06400000000000002
14/07 01:51:23 INFO agents.BrownAgent|Day 14: Campaign opportunity - Campaign ID 1500143489: day 16 to 25 [LOW_INCOME, OLD], reach: 15000 coefs: (v=2.0, m=1.5)
14/07 01:51:23 INFO agents.BrownAgent|BrownAgent DAY 14 bid: 128
14/07 01:51:23 INFO agents.BrownAgent|Day 14 : AdNetworkReport
14/07 01:51:34 INFO agents.BrownAgent|Day 15 :BankStatus[-1.270130]
14/07 01:51:34 INFO agents.BrownAgent|Day 15: Daily notification for campaign 1500143489
14/07 01:51:34 INFO agents.BrownAgent|Day 15:  WON at cost 0.3098675749326583. UCS Level set to 0.47829690000000014 at price 0.0 Qualit Score is: 0.06400000000000002
14/07 01:51:34 INFO agents.BrownAgent|Day 15: Campaign opportunity - Campaign ID 1980430569: day 17 to 19 [MALE, HIGH_INCOME], reach: 15000 coefs: (v=2.0, m=1.5)
14/07 01:51:34 INFO agents.BrownAgent|BrownAgent DAY 15 bid: 128
14/07 01:51:34 INFO agents.BrownAgent|Day 15 : AdNetworkReport
14/07 01:51:45 INFO agents.BrownAgent|Day 16 :BankStatus[-1.363209]
14/07 01:51:45 INFO agents.BrownAgent|Day 16: Daily notification for campaign 1980430569
14/07 01:51:45 INFO agents.BrownAgent|Day 16:  WON at cost 0.21484821845337418. UCS Level set to 0.47829690000000014 at price 0.0 Qualit Score is: 0.06400000000000002
14/07 01:51:45 INFO agents.BrownAgent|Day 16: Campaign opportunity - Campaign ID 2141573197: day 18 to 20 [FEMALE, HIGH_INCOME], reach: 5000 coefs: (v=2.0, m=1.5)
14/07 01:51:45 INFO agents.BrownAgent|BrownAgent DAY 16 bid: 42
14/07 01:51:45 INFO agents.BrownAgent|Day 16 : AdNetworkReport
14/07 01:51:53 INFO agents.BrownAgent|Day 17 :BankStatus[-1.456750]
14/07 01:51:53 INFO agents.BrownAgent|Day 17: Daily notification for campaign 2141573197
14/07 01:51:53 INFO agents.BrownAgent|Day 17:  WON at cost 0.08240162595300092. UCS Level set to 0.47829690000000014 at price 0.0 Qualit Score is: 0.06400000000000002
14/07 01:51:53 INFO agents.BrownAgent|Day 17: Campaign opportunity - Campaign ID 2050619707: day 19 to 21 [MALE, YOUNG], reach: 10000 coefs: (v=2.0, m=1.5)
14/07 01:51:53 INFO agents.BrownAgent|BrownAgent DAY 17 bid: 85
14/07 01:51:53 INFO agents.BrownAgent|Day 17 : AdNetworkReport
14/07 01:52:03 INFO agents.BrownAgent|Day 18 :BankStatus[-1.550178]
14/07 01:52:03 INFO agents.BrownAgent|Day 18: Daily notification for campaign 2050619707
14/07 01:52:03 INFO agents.BrownAgent|Day 18:  WON at cost 0.1547636922019869. UCS Level set to 0.5314410000000002 at price 0.02982285164976346 Qualit Score is: 0.025600000000000008
14/07 01:52:03 INFO agents.BrownAgent|Day 18: Campaign opportunity - Campaign ID 399225245: day 20 to 22 [YOUNG, LOW_INCOME], reach: 15000 coefs: (v=2.0, m=1.5)
14/07 01:52:03 INFO agents.BrownAgent|BrownAgent DAY 18 bid: 128
14/07 01:52:03 INFO agents.BrownAgent|Day 18 : AdNetworkReport
14/07 01:52:12 INFO agents.BrownAgent|Day 19 :BankStatus[-1.646887]
14/07 01:52:12 INFO agents.BrownAgent|Day 19: Daily notification for campaign 399225245
14/07 01:52:12 INFO agents.BrownAgent|Day 19:  allocated to adv2. UCS Level set to 0.5904900000000002 at price 0.05969261493582204 Qualit Score is: 0.025600000000000008
14/07 01:52:12 INFO agents.BrownAgent|Day 19: Campaign opportunity - Campaign ID 79438106: day 21 to 23 [FEMALE, HIGH_INCOME], reach: 5000 coefs: (v=2.0, m=1.5)
14/07 01:52:12 INFO agents.BrownAgent|BrownAgent DAY 19 bid: 34
14/07 01:52:12 INFO agents.BrownAgent|Day 19 : AdNetworkReport
14/07 01:52:22 INFO agents.BrownAgent|Day 20 :BankStatus[-1.734887]
14/07 01:52:22 INFO agents.BrownAgent|Day 20: Daily notification for campaign 79438106
14/07 01:52:22 INFO agents.BrownAgent|Day 20:  allocated to DummyAdnetwork-5. UCS Level set to 0.7290000000000001 at price 0.0830628798627659 Qualit Score is: 0.010240000000000004
14/07 01:52:22 INFO agents.BrownAgent|Day 20: Campaign opportunity - Campaign ID 1314734215: day 22 to 31 [FEMALE, OLD], reach: 15000 coefs: (v=2.0, m=1.5)
14/07 01:52:22 INFO agents.BrownAgent|BrownAgent DAY 20 bid: 82
14/07 01:52:22 INFO agents.BrownAgent|Day 20 : AdNetworkReport
14/07 01:52:32 INFO agents.BrownAgent|Day 21 :BankStatus[-1.817950]
14/07 01:52:32 INFO agents.BrownAgent|Day 21: Daily notification for campaign 1314734215
14/07 01:52:32 INFO agents.BrownAgent|Day 21:  allocated to adv2. UCS Level set to 0.81 at price 0.10379481044209374 Qualit Score is: 0.0040960000000000015
14/07 01:52:32 INFO agents.BrownAgent|Day 21: Campaign opportunity - Campaign ID 304305487: day 23 to 32 [FEMALE, LOW_INCOME], reach: 10000 coefs: (v=2.0, m=1.5)
14/07 01:52:32 INFO agents.BrownAgent|BrownAgent DAY 21 bid: 43
14/07 01:52:32 INFO agents.BrownAgent|Day 21 : AdNetworkReport
14/07 01:52:43 INFO agents.BrownAgent|Day 22 :BankStatus[-1.904395]
14/07 01:52:43 INFO agents.BrownAgent|Day 22: Daily notification for campaign 304305487
14/07 01:52:43 INFO agents.BrownAgent|Day 22:  allocated to DummyAdnetwork-3. UCS Level set to 0.5904900000000002 at price 0.06558562299471316 Qualit Score is: 0.0016384000000000008
14/07 01:52:43 INFO agents.BrownAgent|Day 22: Campaign opportunity - Campaign ID 514863899: day 24 to 26 [MALE, LOW_INCOME], reach: 10000 coefs: (v=2.0, m=1.5)
14/07 01:52:43 INFO agents.BrownAgent|BrownAgent DAY 22 bid: 35
14/07 01:52:43 INFO agents.BrownAgent|Day 22 : AdNetworkReport
14/07 01:52:53 INFO agents.BrownAgent|Day 23 :BankStatus[-1.988173]
14/07 01:52:53 INFO agents.BrownAgent|Day 23: Daily notification for campaign 514863899
14/07 01:52:53 INFO agents.BrownAgent|Day 23:  allocated to adv2. UCS Level set to 0.47829690000000014 at price 0.0 Qualit Score is: 0.0016384000000000008
14/07 01:52:53 INFO agents.BrownAgent|Day 23: Campaign opportunity - Campaign ID 1145550975: day 25 to 27 [FEMALE, OLD], reach: 5000 coefs: (v=2.0, m=1.5)
14/07 01:52:53 INFO agents.BrownAgent|BrownAgent DAY 23 bid: 14
14/07 01:52:53 INFO agents.BrownAgent|Day 23 : AdNetworkReport
14/07 01:53:03 INFO agents.BrownAgent|Day 24 :BankStatus[-2.082791]
14/07 01:53:03 INFO agents.BrownAgent|Day 24: Daily notification for campaign 1145550975
14/07 01:53:03 INFO agents.BrownAgent|Day 24:  allocated to adv2. UCS Level set to 0.47829690000000014 at price 0.0 Qualit Score is: 0.0016384000000000008
14/07 01:53:03 INFO agents.BrownAgent|Day 24: Campaign opportunity - Campaign ID 220838311: day 26 to 35 [FEMALE, LOW_INCOME], reach: 5000 coefs: (v=2.0, m=1.5)
14/07 01:53:03 INFO agents.BrownAgent|BrownAgent DAY 24 bid: 11
14/07 01:53:03 INFO agents.BrownAgent|Day 24 : AdNetworkReport
14/07 01:53:12 INFO agents.BrownAgent|Day 25 :BankStatus[-2.160840]
14/07 01:53:12 INFO agents.BrownAgent|Day 25: Daily notification for campaign 220838311
14/07 01:53:12 INFO agents.BrownAgent|Day 25:  allocated to DummyAdnetwork-3. UCS Level set to 0.47829690000000014 at price 0.0 Qualit Score is: 0.0016384000000000008
14/07 01:53:13 INFO agents.BrownAgent|Day 25: Campaign opportunity - Campaign ID 1523153037: day 27 to 31 [HIGH_INCOME, OLD], reach: 15000 coefs: (v=2.0, m=1.5)
14/07 01:53:13 INFO agents.BrownAgent|BrownAgent DAY 25 bid: 27
14/07 01:53:13 INFO agents.BrownAgent|Day 25 : AdNetworkReport
14/07 01:53:22 INFO agents.BrownAgent|Day 26 :BankStatus[-2.246809]
14/07 01:53:22 INFO agents.BrownAgent|Day 26: Daily notification for campaign 1523153037
14/07 01:53:22 INFO agents.BrownAgent|Day 26:  allocated to DummyAdnetwork. UCS Level set to 0.47829690000000014 at price 0.0 Qualit Score is: 6.553600000000003E-4
14/07 01:53:22 INFO agents.BrownAgent|Day 26: Campaign opportunity - Campaign ID 1730592665: day 28 to 30 [MALE, LOW_INCOME], reach: 10000 coefs: (v=2.0, m=1.5)
14/07 01:53:22 INFO agents.BrownAgent|BrownAgent DAY 26 bid: 14
14/07 01:53:32 INFO agents.BrownAgent|Day 27 :BankStatus[-2.337290]
14/07 01:53:32 INFO agents.BrownAgent|Day 27: Daily notification for campaign 1730592665
14/07 01:53:32 INFO agents.BrownAgent|Day 27:  allocated to DummyAdnetwork-2. UCS Level set to 0.47829690000000014 at price 0.0 Qualit Score is: 6.553600000000003E-4
14/07 01:53:32 INFO agents.BrownAgent|Day 27: Campaign opportunity - Campaign ID 695516371: day 29 to 38 [LOW_INCOME, OLD], reach: 10000 coefs: (v=2.0, m=1.5)
14/07 01:53:32 INFO agents.BrownAgent|BrownAgent DAY 27 bid: 11
14/07 01:53:42 INFO agents.BrownAgent|Day 28 :BankStatus[-2.440791]
14/07 01:53:42 INFO agents.BrownAgent|Day 28: Daily notification for campaign 695516371
14/07 01:53:42 INFO agents.BrownAgent|Day 28:  allocated to DummyAdnetwork-5. UCS Level set to 0.47829690000000014 at price 0.0 Qualit Score is: 6.553600000000003E-4
14/07 01:53:42 INFO agents.BrownAgent|Day 28: Campaign opportunity - Campaign ID 939264912: day 30 to 39 [FEMALE, HIGH_INCOME], reach: 15000 coefs: (v=2.0, m=1.5)
14/07 01:53:42 INFO agents.BrownAgent|BrownAgent DAY 28 bid: 13
14/07 01:53:54 INFO agents.BrownAgent|Day 29 :BankStatus[-2.555147]
14/07 01:53:54 INFO agents.BrownAgent|Day 29: Daily notification for campaign 939264912
14/07 01:53:54 INFO agents.BrownAgent|Day 29:  allocated to adv2. UCS Level set to 0.47829690000000014 at price 0.0 Qualit Score is: 6.553600000000003E-4
14/07 01:53:54 INFO agents.BrownAgent|Day 29: Campaign opportunity - Campaign ID 1834979267: day 31 to 33 [FEMALE, LOW_INCOME], reach: 10000 coefs: (v=2.0, m=1.5)
14/07 01:53:54 INFO agents.BrownAgent|BrownAgent DAY 29 bid: 7
14/07 01:54:03 INFO agents.BrownAgent|Day 30 :BankStatus[-2.637761]
14/07 01:54:03 INFO agents.BrownAgent|Day 30: Daily notification for campaign 1834979267
14/07 01:54:03 INFO agents.BrownAgent|Day 30:  allocated to DummyAdnetwork. UCS Level set to 0.47829690000000014 at price 0.0 Qualit Score is: 6.553600000000003E-4
14/07 01:54:03 INFO agents.BrownAgent|Day 30: Campaign opportunity - Campaign ID 26173911: day 32 to 36 [MALE, HIGH_INCOME], reach: 5000 coefs: (v=2.0, m=1.5)
14/07 01:54:03 INFO agents.BrownAgent|BrownAgent DAY 30 bid: 2
14/07 01:54:14 INFO agents.BrownAgent|Day 31 :BankStatus[-2.725176]
14/07 01:54:14 INFO agents.BrownAgent|Day 31: Daily notification for campaign 26173911
14/07 01:54:14 INFO agents.BrownAgent|Day 31:  allocated to adv2. UCS Level set to 0.47829690000000014 at price 0.0 Qualit Score is: 6.553600000000003E-4
14/07 01:54:14 INFO agents.BrownAgent|Day 31: Campaign opportunity - Campaign ID 1564214663: day 33 to 37 [YOUNG, LOW_INCOME], reach: 5000 coefs: (v=2.0, m=1.5)
14/07 01:54:14 INFO agents.BrownAgent|BrownAgent DAY 31 bid: 2
14/07 01:54:23 INFO agents.BrownAgent|Day 32 :BankStatus[-2.818066]
14/07 01:54:23 INFO agents.BrownAgent|Day 32: Daily notification for campaign 1564214663
14/07 01:54:23 INFO agents.BrownAgent|Day 32:  allocated to adv2. UCS Level set to 0.47829690000000014 at price 0.0 Qualit Score is: 6.553600000000003E-4
14/07 01:54:23 INFO agents.BrownAgent|Day 32: Campaign opportunity - Campaign ID 1231809126: day 34 to 38 [HIGH_INCOME, OLD], reach: 10000 coefs: (v=2.0, m=1.5)
14/07 01:54:23 INFO agents.BrownAgent|BrownAgent DAY 32 bid: 3
14/07 01:54:36 INFO agents.BrownAgent|Day 33 :BankStatus[-2.919311]
14/07 01:54:36 INFO agents.BrownAgent|Day 33: Daily notification for campaign 1231809126
14/07 01:54:36 INFO agents.BrownAgent|Day 33:  allocated to adv2. UCS Level set to 0.47829690000000014 at price 0.0 Qualit Score is: 6.553600000000003E-4
14/07 01:54:36 INFO agents.BrownAgent|Day 33: Campaign opportunity - Campaign ID 206304132: day 35 to 37 [MALE, HIGH_INCOME], reach: 15000 coefs: (v=2.0, m=1.5)
14/07 01:54:36 INFO agents.BrownAgent|BrownAgent DAY 33 bid: 4
14/07 01:54:43 INFO agents.BrownAgent|Day 34 :BankStatus[-3.028212]
14/07 01:54:43 INFO agents.BrownAgent|Day 34: Daily notification for campaign 206304132
14/07 01:54:43 INFO agents.BrownAgent|Day 34:  allocated to adv2. UCS Level set to 0.47829690000000014 at price 0.0 Qualit Score is: 6.553600000000003E-4
14/07 01:54:43 INFO agents.BrownAgent|Day 34: Campaign opportunity - Campaign ID 733770455: day 36 to 38 [MALE, YOUNG], reach: 10000 coefs: (v=2.0, m=1.5)
14/07 01:54:43 INFO agents.BrownAgent|BrownAgent DAY 34 bid: 2
14/07 01:54:54 INFO agents.BrownAgent|Day 35 :BankStatus[-3.117883]
14/07 01:54:54 INFO agents.BrownAgent|Day 35: Daily notification for campaign 733770455
14/07 01:54:54 INFO agents.BrownAgent|Day 35:  allocated to DummyAdnetwork-2. UCS Level set to 0.47829690000000014 at price 0.0 Qualit Score is: 6.553600000000003E-4
14/07 01:54:54 INFO agents.BrownAgent|Day 35: Campaign opportunity - Campaign ID 1703494516: day 37 to 46 [FEMALE, OLD], reach: 5000 coefs: (v=2.0, m=1.5)
14/07 01:54:54 INFO agents.BrownAgent|BrownAgent DAY 35 bid: 1
14/07 01:55:03 INFO agents.BrownAgent|Day 36 :BankStatus[-3.214784]
14/07 01:55:03 INFO agents.BrownAgent|Day 36: Daily notification for campaign 1703494516
14/07 01:55:03 INFO agents.BrownAgent|Day 36:  allocated to adv2. UCS Level set to 0.47829690000000014 at price 0.0 Qualit Score is: 6.553600000000003E-4
14/07 01:55:03 INFO agents.BrownAgent|Day 36: Campaign opportunity - Campaign ID 1527894610: day 38 to 40 [MALE, YOUNG], reach: 5000 coefs: (v=2.0, m=1.5)
14/07 01:55:03 INFO agents.BrownAgent|BrownAgent DAY 36 bid: 1
