07/07 22:26:01 INFO naive.ReasonableBot|UNKNOWN Message Received: edu.umich.eecs.tac.props.AdvertiserInfo@bc76a1c1
07/07 22:26:02 INFO naive.ReasonableBot|DAY 0 Actually bidding 7552
07/07 22:26:12 INFO naive.ReasonableBot|DAY 1 Actually bidding 2013
07/07 22:26:22 INFO naive.ReasonableBot|Day 2 ongoing campaigns:
[HIGH_INCOME, MALE] days left: 3/4 target reach: 1250 to go: 1250
07/07 22:26:22 INFO naive.ReasonableBot|DAY 2 Actually bidding 3222
07/07 22:26:31 INFO naive.ReasonableBot|Day 3 ongoing campaigns:
[HIGH_INCOME, MALE] days left: 2/4 target reach: 1250 to go: 623
07/07 22:26:31 INFO naive.ReasonableBot|DAY 3 Actually bidding 3866
07/07 22:26:42 INFO naive.ReasonableBot|Day 4 ongoing campaigns:
[HIGH_INCOME, MALE] days left: 1/4 target reach: 1250 to go: 0
07/07 22:26:42 INFO naive.ReasonableBot|DAY 4 Actually bidding 3093
07/07 22:26:52 INFO naive.ReasonableBot|Day 5 ongoing campaigns:
[HIGH_INCOME, MALE] days left: 0/4 target reach: 1250 to go: 0
07/07 22:26:52 INFO naive.ReasonableBot|DAY 5 Actually bidding 824
07/07 22:27:01 INFO naive.ReasonableBot|Day 6 ongoing campaigns:
07/07 22:27:01 INFO naive.ReasonableBot|DAY 6 Actually bidding 659
07/07 22:27:11 INFO naive.ReasonableBot|Day 7 ongoing campaigns:
07/07 22:27:11 INFO naive.ReasonableBot|DAY 7 WON at cost 0.8311699993136251
07/07 22:27:11 INFO naive.ReasonableBot|DAY 7 Actually bidding 1979
07/07 22:27:21 INFO naive.ReasonableBot|Day 8 ongoing campaigns:
[HIGH_INCOME, OLD] days left: 9/9 target reach: 5000 to go: 5000
07/07 22:27:21 INFO naive.ReasonableBot|DAY 8 WON at cost 4.711632345506755
07/07 22:27:21 INFO naive.ReasonableBot|DAY 8 Actually bidding 659
07/07 22:27:31 INFO naive.ReasonableBot|Day 9 ongoing campaigns:
[YOUNG, LOW_INCOME] days left: 4/4 target reach: 15000 to go: 15000
[HIGH_INCOME, OLD] days left: 8/9 target reach: 5000 to go: 5000
07/07 22:27:31 INFO naive.ReasonableBot|DAY 9 WON at cost 1.0400702982976955
07/07 22:27:31 INFO naive.ReasonableBot|DAY 9 Actually bidding 1319
07/07 22:27:43 INFO naive.ReasonableBot|Day 10 ongoing campaigns:
[YOUNG, LOW_INCOME] days left: 3/4 target reach: 15000 to go: 15000
[OLD, LOW_INCOME] days left: 9/9 target reach: 5000 to go: 5000
[HIGH_INCOME, OLD] days left: 7/9 target reach: 5000 to go: 2720
07/07 22:27:43 INFO naive.ReasonableBot|DAY 10 WON at cost 6.630125092807222
07/07 22:27:43 INFO naive.ReasonableBot|DAY 10 Actually bidding 1979
07/07 22:27:52 INFO naive.ReasonableBot|Day 11 ongoing campaigns:
[HIGH_INCOME, OLD] days left: 4/4 target reach: 10000 to go: 10000
[YOUNG, LOW_INCOME] days left: 2/4 target reach: 15000 to go: 9524
[OLD, LOW_INCOME] days left: 8/9 target reach: 5000 to go: 5000
[HIGH_INCOME, OLD] days left: 6/9 target reach: 5000 to go: 391
07/07 22:27:52 INFO naive.ReasonableBot|DAY 11 Actually bidding 527
07/07 22:28:02 INFO naive.ReasonableBot|Day 12 ongoing campaigns:
[HIGH_INCOME, OLD] days left: 3/4 target reach: 10000 to go: 10000
[YOUNG, LOW_INCOME] days left: 1/4 target reach: 15000 to go: 4895
[OLD, LOW_INCOME] days left: 7/9 target reach: 5000 to go: 5000
[HIGH_INCOME, OLD] days left: 5/9 target reach: 5000 to go: 391
07/07 22:28:02 INFO naive.ReasonableBot|DAY 12 WON at cost 1.5787058423138323
07/07 22:28:02 INFO naive.ReasonableBot|DAY 12 Actually bidding 1055
07/07 22:28:13 INFO naive.ReasonableBot|Day 13 ongoing campaigns:
[HIGH_INCOME, OLD] days left: 2/4 target reach: 10000 to go: 4999
[YOUNG, FEMALE] days left: 4/4 target reach: 5000 to go: 5000
[YOUNG, LOW_INCOME] days left: 0/4 target reach: 15000 to go: 4895
[OLD, LOW_INCOME] days left: 6/9 target reach: 5000 to go: 5000
[HIGH_INCOME, OLD] days left: 4/9 target reach: 5000 to go: 391
07/07 22:28:13 INFO naive.ReasonableBot|DAY 13 WON at cost 1.3794417759692996
07/07 22:28:13 INFO naive.ReasonableBot|DAY 13 Actually bidding 1055
07/07 22:28:21 INFO naive.ReasonableBot|Day 14 ongoing campaigns:
[HIGH_INCOME, OLD] days left: 1/4 target reach: 10000 to go: 0
[YOUNG, FEMALE] days left: 3/4 target reach: 5000 to go: 5000
[OLD, LOW_INCOME] days left: 5/9 target reach: 5000 to go: 5000
[HIGH_INCOME, OLD] days left: 3/9 target reach: 5000 to go: 391
[FEMALE, LOW_INCOME] days left: 2/2 target reach: 10000 to go: 10000
07/07 22:28:21 INFO naive.ReasonableBot|DAY 14 WON at cost 5.807591832461231
07/07 22:28:21 INFO naive.ReasonableBot|DAY 14 Actually bidding 1055
07/07 22:28:33 INFO naive.ReasonableBot|Day 15 ongoing campaigns:
[HIGH_INCOME, OLD] days left: 0/4 target reach: 10000 to go: 0
[YOUNG, MALE] days left: 9/9 target reach: 10000 to go: 10000
[YOUNG, FEMALE] days left: 2/4 target reach: 5000 to go: 2499
[OLD, LOW_INCOME] days left: 4/9 target reach: 5000 to go: 2499
[HIGH_INCOME, OLD] days left: 2/9 target reach: 5000 to go: 391
[FEMALE, LOW_INCOME] days left: 1/2 target reach: 10000 to go: 10000
07/07 22:28:33 INFO naive.ReasonableBot|DAY 15 Actually bidding 422
07/07 22:28:42 INFO naive.ReasonableBot|Day 16 ongoing campaigns:
[YOUNG, MALE] days left: 8/9 target reach: 10000 to go: 10000
[YOUNG, FEMALE] days left: 1/4 target reach: 5000 to go: 0
[OLD, LOW_INCOME] days left: 3/9 target reach: 5000 to go: 115
[HIGH_INCOME, OLD] days left: 1/9 target reach: 5000 to go: 391
[FEMALE, LOW_INCOME] days left: 0/2 target reach: 10000 to go: 10000
07/07 22:28:42 INFO naive.ReasonableBot|DAY 16 WON at cost 2.4549741813258152
07/07 22:28:42 INFO naive.ReasonableBot|DAY 16 Actually bidding 844
07/07 22:28:52 INFO naive.ReasonableBot|Day 17 ongoing campaigns:
[YOUNG, MALE] days left: 7/9 target reach: 10000 to go: 4999
[YOUNG, FEMALE] days left: 0/4 target reach: 5000 to go: 0
[OLD, LOW_INCOME] days left: 2/9 target reach: 5000 to go: 115
[HIGH_INCOME, MALE] days left: 4/4 target reach: 5000 to go: 5000
[HIGH_INCOME, OLD] days left: 0/9 target reach: 5000 to go: 391
07/07 22:28:52 INFO naive.ReasonableBot|DAY 17 WON at cost 6.309059568586598
07/07 22:28:52 INFO naive.ReasonableBot|DAY 17 Actually bidding 422
07/07 22:29:01 INFO naive.ReasonableBot|Day 18 ongoing campaigns:
[OLD, LOW_INCOME] days left: 9/9 target reach: 10000 to go: 10000
[YOUNG, MALE] days left: 6/9 target reach: 10000 to go: 0
[OLD, LOW_INCOME] days left: 1/9 target reach: 5000 to go: 115
[HIGH_INCOME, MALE] days left: 3/4 target reach: 5000 to go: 5000
07/07 22:29:01 INFO naive.ReasonableBot|DAY 18 Actually bidding 1013
07/07 22:29:12 INFO naive.ReasonableBot|Day 19 ongoing campaigns:
[OLD, LOW_INCOME] days left: 8/9 target reach: 10000 to go: 10000
[YOUNG, MALE] days left: 5/9 target reach: 10000 to go: 0
[OLD, LOW_INCOME] days left: 0/9 target reach: 5000 to go: 115
[HIGH_INCOME, MALE] days left: 2/4 target reach: 5000 to go: 2499
07/07 22:29:12 INFO naive.ReasonableBot|DAY 19 WON at cost 2.5511321471804647
07/07 22:29:12 INFO naive.ReasonableBot|DAY 19 Actually bidding 675
07/07 22:29:21 INFO naive.ReasonableBot|Day 20 ongoing campaigns:
[OLD, LOW_INCOME] days left: 7/9 target reach: 10000 to go: 4999
[YOUNG, MALE] days left: 4/9 target reach: 10000 to go: 0
[YOUNG, LOW_INCOME] days left: 9/9 target reach: 15000 to go: 15000
[HIGH_INCOME, MALE] days left: 1/4 target reach: 5000 to go: 0
07/07 22:29:21 INFO naive.ReasonableBot|DAY 20 Actually bidding 540
07/07 22:29:31 INFO naive.ReasonableBot|Day 21 ongoing campaigns:
[OLD, LOW_INCOME] days left: 6/9 target reach: 10000 to go: 0
[YOUNG, MALE] days left: 3/9 target reach: 10000 to go: 0
[YOUNG, LOW_INCOME] days left: 8/9 target reach: 15000 to go: 15000
[HIGH_INCOME, MALE] days left: 0/4 target reach: 5000 to go: 0
07/07 22:29:31 INFO naive.ReasonableBot|DAY 21 Actually bidding 216
07/07 22:29:42 INFO naive.ReasonableBot|Day 22 ongoing campaigns:
[OLD, LOW_INCOME] days left: 5/9 target reach: 10000 to go: 0
[YOUNG, MALE] days left: 2/9 target reach: 10000 to go: 0
[YOUNG, LOW_INCOME] days left: 7/9 target reach: 15000 to go: 15000
07/07 22:29:42 INFO naive.ReasonableBot|DAY 22 WON at cost 1.7477250980935215
07/07 22:29:42 INFO naive.ReasonableBot|DAY 22 Actually bidding 432
07/07 22:29:52 INFO naive.ReasonableBot|Day 23 ongoing campaigns:
[OLD, LOW_INCOME] days left: 4/9 target reach: 10000 to go: 0
[YOUNG, MALE] days left: 1/9 target reach: 10000 to go: 0
[OLD, LOW_INCOME] days left: 9/9 target reach: 5000 to go: 5000
[YOUNG, LOW_INCOME] days left: 6/9 target reach: 15000 to go: 15000
07/07 22:29:52 INFO naive.ReasonableBot|DAY 23 WON at cost 1.1419506775355375
07/07 22:29:52 INFO naive.ReasonableBot|DAY 23 Actually bidding 216
07/07 22:30:01 INFO naive.ReasonableBot|Day 24 ongoing campaigns:
[OLD, LOW_INCOME] days left: 3/9 target reach: 10000 to go: 0
[OLD, LOW_INCOME] days left: 8/9 target reach: 5000 to go: 5000
[YOUNG, LOW_INCOME] days left: 9/9 target reach: 10000 to go: 10000
[YOUNG, MALE] days left: 0/9 target reach: 10000 to go: 0
[YOUNG, LOW_INCOME] days left: 5/9 target reach: 15000 to go: 15000
07/07 22:30:01 INFO naive.ReasonableBot|DAY 24 WON at cost 2.1951975068539498
07/07 22:30:01 INFO naive.ReasonableBot|DAY 24 Actually bidding 432
07/07 22:30:11 INFO naive.ReasonableBot|Day 25 ongoing campaigns:
[OLD, LOW_INCOME] days left: 2/9 target reach: 10000 to go: 0
[MALE, LOW_INCOME] days left: 9/9 target reach: 5000 to go: 5000
[OLD, LOW_INCOME] days left: 7/9 target reach: 5000 to go: 5000
[YOUNG, LOW_INCOME] days left: 8/9 target reach: 10000 to go: 10000
[YOUNG, LOW_INCOME] days left: 4/9 target reach: 15000 to go: 15000
07/07 22:30:11 INFO naive.ReasonableBot|DAY 25 WON at cost 1.764816827501698
07/07 22:30:11 INFO naive.ReasonableBot|DAY 25 Actually bidding 216
07/07 22:30:21 INFO naive.ReasonableBot|Day 26 ongoing campaigns:
[YOUNG, MALE] days left: 9/9 target reach: 10000 to go: 10000
[OLD, LOW_INCOME] days left: 1/9 target reach: 10000 to go: 0
[MALE, LOW_INCOME] days left: 8/9 target reach: 5000 to go: 5000
[OLD, LOW_INCOME] days left: 6/9 target reach: 5000 to go: 5000
[YOUNG, LOW_INCOME] days left: 7/9 target reach: 10000 to go: 8888
[YOUNG, LOW_INCOME] days left: 3/9 target reach: 15000 to go: 15000
07/07 22:30:21 INFO naive.ReasonableBot|DAY 26 WON at cost 4.220264253348494
07/07 22:30:21 INFO naive.ReasonableBot|DAY 26 Actually bidding 432
