28/06 21:44:02 INFO naive.NaiveAgent|UNKNOWN Message Received: edu.umich.eecs.tac.props.AdvertiserInfo@bc76a1c1
28/06 21:44:02 INFO naive.NaiveAgent|Day 0 :BankStatus[0.000000]
28/06 21:44:02 INFO naive.NaiveAgent|tau.tac.adx.report.demand.InitialCampaignMessage[1255337889,1250,1,5,[HIGH_INCOME, MALE],2.0,1.5,demand,[]]
28/06 21:44:02 SEVERE agentware.AgentServiceImpl|agent could not handle message Message[coordinator,adv1,tau.tac.adx.report.demand.InitialCampaignMessage[1255337889,1250,1,5,[HIGH_INCOME, MALE],2.0,1.5,demand,[]]]
java.lang.ClassFormatError: Incompatible magic value 1347093252 in class file naive/NaiveAgent$CampaignData
	at java.lang.ClassLoader.defineClass1(Native Method)
	at java.lang.ClassLoader.defineClassCond(ClassLoader.java:631)
	at java.lang.ClassLoader.defineClass(ClassLoader.java:615)
	at java.security.SecureClassLoader.defineClass(SecureClassLoader.java:141)
	at java.net.URLClassLoader.defineClass(URLClassLoader.java:283)
	at java.net.URLClassLoader.access$000(URLClassLoader.java:58)
	at java.net.URLClassLoader$1.run(URLClassLoader.java:197)
	at java.security.AccessController.doPrivileged(Native Method)
	at java.net.URLClassLoader.findClass(URLClassLoader.java:190)
	at java.lang.ClassLoader.loadClass(ClassLoader.java:306)
	at sun.misc.Launcher$AppClassLoader.loadClass(Launcher.java:301)
	at java.lang.ClassLoader.loadClass(ClassLoader.java:247)
	at naive.NaiveAgent.handleInitialCampaignMessage(NaiveAgent.java:200)
	at naive.NaiveAgent.messageReceived(NaiveAgent.java:129)
	at se.sics.tasim.aw.AgentService.deliverToAgent(AgentService.java:130)
	at tau.tac.adx.agentware.AgentServiceImpl.deliverToAgent(AgentServiceImpl.java:134)
	at tau.tac.adx.agentware.SimClient.run(SimClient.java:439)
	at java.lang.Thread.run(Thread.java:680)
28/06 21:44:02 SEVERE agentware.AgentServiceImpl|agent could not handle message Message[coordinator,adv1,tau.tac.adx.report.demand.CampaignOpportunityMessage[945282069,10000,2,4,[LOW_INCOME, MALE],2.0,1.5,0,[]]]
java.lang.ClassFormatError: naive/NaiveAgent$CampaignData
	at naive.NaiveAgent.handleICampaignOpportunityMessage(NaiveAgent.java:222)
	at naive.NaiveAgent.messageReceived(NaiveAgent.java:131)
	at se.sics.tasim.aw.AgentService.deliverToAgent(AgentService.java:130)
	at tau.tac.adx.agentware.AgentServiceImpl.deliverToAgent(AgentServiceImpl.java:134)
	at tau.tac.adx.agentware.SimClient.run(SimClient.java:439)
	at java.lang.Thread.run(Thread.java:680)
28/06 21:44:02 INFO naive.NaiveAgent|Day 0 : Simulation Status Received
28/06 21:44:02 INFO naive.NaiveAgent|Day 0: Sending BidBundle
28/06 21:44:02 INFO naive.NaiveAgent|Day 0 ended. Starting next day
28/06 21:44:14 INFO naive.NaiveAgent|Day 1 :BankStatus[0.000000]
28/06 21:44:14 INFO naive.NaiveAgent|Day 1: Daily notification for campaign 945282069
28/06 21:44:14 SEVERE agentware.AgentServiceImpl|agent could not handle message Message[coordinator,adv1,AdNetworkDailyNotification [effectiveDay=1, serviceLevel=0.47829690000000014, price=0.0, qualityScore=1.0, campaignId=945282069, winner=DummyAdnetwork, cost=0.0]]
java.lang.ClassFormatError: naive/NaiveAgent$CampaignData
	at naive.NaiveAgent.handleAdNetworkDailyNotification(NaiveAgent.java:282)
	at naive.NaiveAgent.messageReceived(NaiveAgent.java:135)
	at se.sics.tasim.aw.AgentService.deliverToAgent(AgentService.java:130)
	at tau.tac.adx.agentware.AgentServiceImpl.deliverToAgent(AgentServiceImpl.java:134)
	at tau.tac.adx.agentware.SimClient.run(SimClient.java:439)
	at java.lang.Thread.run(Thread.java:680)
28/06 21:44:14 SEVERE agentware.AgentServiceImpl|agent could not handle message Message[coordinator,adv1,tau.tac.adx.report.demand.CampaignOpportunityMessage[1343001934,10000,3,5,[MALE, OLD],2.0,1.5,1,[]]]
java.lang.ClassFormatError: naive/NaiveAgent$CampaignData
	at naive.NaiveAgent.handleICampaignOpportunityMessage(NaiveAgent.java:222)
	at naive.NaiveAgent.messageReceived(NaiveAgent.java:131)
	at se.sics.tasim.aw.AgentService.deliverToAgent(AgentService.java:130)
	at tau.tac.adx.agentware.AgentServiceImpl.deliverToAgent(AgentServiceImpl.java:134)
	at tau.tac.adx.agentware.SimClient.run(SimClient.java:439)
	at java.lang.Thread.run(Thread.java:680)
28/06 21:44:14 INFO naive.NaiveAgent|Day 1 : Simulation Status Received
28/06 21:44:14 INFO naive.NaiveAgent|Day 1: Sending BidBundle
28/06 21:44:14 INFO naive.NaiveAgent|Day 1 ended. Starting next day
28/06 21:44:23 INFO naive.NaiveAgent|Day 2 :BankStatus[-0.097003]
28/06 21:44:23 SEVERE agentware.AgentServiceImpl|agent could not handle message Message[coordinator,adv1,(CampaignReport CampaignReportEntry [tgt imps=0.0, ntg imps=0.0, cost=0.0])]
java.lang.ClassFormatError: naive/NaiveAgent$CampaignData
	at naive.NaiveAgent.handleCampaignReport(NaiveAgent.java:408)
	at naive.NaiveAgent.messageReceived(NaiveAgent.java:133)
	at se.sics.tasim.aw.AgentService.deliverToAgent(AgentService.java:130)
	at tau.tac.adx.agentware.AgentServiceImpl.deliverToAgent(AgentServiceImpl.java:134)
	at tau.tac.adx.agentware.SimClient.run(SimClient.java:439)
	at java.lang.Thread.run(Thread.java:680)
28/06 21:44:23 INFO naive.NaiveAgent|Day 2: Daily notification for campaign 1343001934
28/06 21:44:23 SEVERE agentware.AgentServiceImpl|agent could not handle message Message[coordinator,adv1,AdNetworkDailyNotification [effectiveDay=2, serviceLevel=0.47829690000000014, price=0.0, qualityScore=1.0, campaignId=1343001934, winner=DummyAdnetwork, cost=0.0]]
java.lang.ClassFormatError: naive/NaiveAgent$CampaignData
	at naive.NaiveAgent.handleAdNetworkDailyNotification(NaiveAgent.java:282)
	at naive.NaiveAgent.messageReceived(NaiveAgent.java:135)
	at se.sics.tasim.aw.AgentService.deliverToAgent(AgentService.java:130)
	at tau.tac.adx.agentware.AgentServiceImpl.deliverToAgent(AgentServiceImpl.java:134)
	at tau.tac.adx.agentware.SimClient.run(SimClient.java:439)
	at java.lang.Thread.run(Thread.java:680)
28/06 21:44:23 SEVERE agentware.AgentServiceImpl|agent could not handle message Message[coordinator,adv1,tau.tac.adx.report.demand.CampaignOpportunityMessage[715741887,10000,4,6,[OLD, FEMALE],2.0,1.5,2,[]]]
java.lang.ClassFormatError: naive/NaiveAgent$CampaignData
	at naive.NaiveAgent.handleICampaignOpportunityMessage(NaiveAgent.java:222)
	at naive.NaiveAgent.messageReceived(NaiveAgent.java:131)
	at se.sics.tasim.aw.AgentService.deliverToAgent(AgentService.java:130)
	at tau.tac.adx.agentware.AgentServiceImpl.deliverToAgent(AgentServiceImpl.java:134)
	at tau.tac.adx.agentware.SimClient.run(SimClient.java:439)
	at java.lang.Thread.run(Thread.java:680)
28/06 21:44:23 INFO naive.NaiveAgent|Day 2 : Simulation Status Received
28/06 21:44:23 INFO naive.NaiveAgent|Day 2: Sending BidBundle
28/06 21:44:23 INFO naive.NaiveAgent|Day 2 ended. Starting next day
28/06 21:44:33 INFO naive.NaiveAgent|Day 3 :BankStatus[-0.203327]
28/06 21:44:33 SEVERE agentware.AgentServiceImpl|agent could not handle message Message[coordinator,adv1,(CampaignReport CampaignReportEntry [tgt imps=0.0, ntg imps=0.0, cost=0.0])]
java.lang.ClassFormatError: naive/NaiveAgent$CampaignData
	at naive.NaiveAgent.handleCampaignReport(NaiveAgent.java:408)
	at naive.NaiveAgent.messageReceived(NaiveAgent.java:133)
	at se.sics.tasim.aw.AgentService.deliverToAgent(AgentService.java:130)
	at tau.tac.adx.agentware.AgentServiceImpl.deliverToAgent(AgentServiceImpl.java:134)
	at tau.tac.adx.agentware.SimClient.run(SimClient.java:439)
	at java.lang.Thread.run(Thread.java:680)
28/06 21:44:33 INFO naive.NaiveAgent|Day 3: Daily notification for campaign 715741887
28/06 21:44:33 SEVERE agentware.AgentServiceImpl|agent could not handle message Message[coordinator,adv1,AdNetworkDailyNotification [effectiveDay=3, serviceLevel=0.47829690000000014, price=0.0, qualityScore=1.0, campaignId=715741887, winner=DummyAdnetwork-6, cost=0.0]]
java.lang.ClassFormatError: naive/NaiveAgent$CampaignData
	at naive.NaiveAgent.handleAdNetworkDailyNotification(NaiveAgent.java:282)
	at naive.NaiveAgent.messageReceived(NaiveAgent.java:135)
	at se.sics.tasim.aw.AgentService.deliverToAgent(AgentService.java:130)
	at tau.tac.adx.agentware.AgentServiceImpl.deliverToAgent(AgentServiceImpl.java:134)
	at tau.tac.adx.agentware.SimClient.run(SimClient.java:439)
	at java.lang.Thread.run(Thread.java:680)
28/06 21:44:33 SEVERE agentware.AgentServiceImpl|agent could not handle message Message[coordinator,adv1,tau.tac.adx.report.demand.CampaignOpportunityMessage[1084033506,10000,5,14,[HIGH_INCOME, FEMALE],2.0,1.5,3,[]]]
java.lang.ClassFormatError: naive/NaiveAgent$CampaignData
	at naive.NaiveAgent.handleICampaignOpportunityMessage(NaiveAgent.java:222)
	at naive.NaiveAgent.messageReceived(NaiveAgent.java:131)
	at se.sics.tasim.aw.AgentService.deliverToAgent(AgentService.java:130)
	at tau.tac.adx.agentware.AgentServiceImpl.deliverToAgent(AgentServiceImpl.java:134)
	at tau.tac.adx.agentware.SimClient.run(SimClient.java:439)
	at java.lang.Thread.run(Thread.java:680)
28/06 21:44:33 INFO naive.NaiveAgent|Day 3 : Simulation Status Received
28/06 21:44:33 INFO naive.NaiveAgent|Day 3: Sending BidBundle
28/06 21:44:33 INFO naive.NaiveAgent|Day 3 ended. Starting next day
28/06 21:44:43 INFO naive.NaiveAgent|Day 4 :BankStatus[-0.303539]
28/06 21:44:43 SEVERE agentware.AgentServiceImpl|agent could not handle message Message[coordinator,adv1,(CampaignReport CampaignReportEntry [tgt imps=0.0, ntg imps=0.0, cost=0.0])]
java.lang.ClassFormatError: naive/NaiveAgent$CampaignData
	at naive.NaiveAgent.handleCampaignReport(NaiveAgent.java:408)
	at naive.NaiveAgent.messageReceived(NaiveAgent.java:133)
	at se.sics.tasim.aw.AgentService.deliverToAgent(AgentService.java:130)
	at tau.tac.adx.agentware.AgentServiceImpl.deliverToAgent(AgentServiceImpl.java:134)
	at tau.tac.adx.agentware.SimClient.run(SimClient.java:439)
	at java.lang.Thread.run(Thread.java:680)
28/06 21:44:43 INFO naive.NaiveAgent|Day 4: Daily notification for campaign 1084033506
28/06 21:44:43 SEVERE agentware.AgentServiceImpl|agent could not handle message Message[coordinator,adv1,AdNetworkDailyNotification [effectiveDay=4, serviceLevel=0.47829690000000014, price=0.0, qualityScore=1.0, campaignId=1084033506, winner=DummyAdnetwork-4, cost=0.0]]
java.lang.ClassFormatError: naive/NaiveAgent$CampaignData
	at naive.NaiveAgent.handleAdNetworkDailyNotification(NaiveAgent.java:282)
	at naive.NaiveAgent.messageReceived(NaiveAgent.java:135)
	at se.sics.tasim.aw.AgentService.deliverToAgent(AgentService.java:130)
	at tau.tac.adx.agentware.AgentServiceImpl.deliverToAgent(AgentServiceImpl.java:134)
	at tau.tac.adx.agentware.SimClient.run(SimClient.java:439)
	at java.lang.Thread.run(Thread.java:680)
28/06 21:44:43 SEVERE agentware.AgentServiceImpl|agent could not handle message Message[coordinator,adv1,tau.tac.adx.report.demand.CampaignOpportunityMessage[541601811,15000,6,15,[MALE, OLD],2.0,1.5,4,[]]]
java.lang.ClassFormatError: naive/NaiveAgent$CampaignData
	at naive.NaiveAgent.handleICampaignOpportunityMessage(NaiveAgent.java:222)
	at naive.NaiveAgent.messageReceived(NaiveAgent.java:131)
	at se.sics.tasim.aw.AgentService.deliverToAgent(AgentService.java:130)
	at tau.tac.adx.agentware.AgentServiceImpl.deliverToAgent(AgentServiceImpl.java:134)
	at tau.tac.adx.agentware.SimClient.run(SimClient.java:439)
	at java.lang.Thread.run(Thread.java:680)
28/06 21:44:43 INFO naive.NaiveAgent|Day 4 : Simulation Status Received
28/06 21:44:43 INFO naive.NaiveAgent|Day 4: Sending BidBundle
28/06 21:44:43 INFO naive.NaiveAgent|Day 4 ended. Starting next day
28/06 21:44:53 INFO naive.NaiveAgent|Day 5 :BankStatus[-0.420569]
28/06 21:44:53 SEVERE agentware.AgentServiceImpl|agent could not handle message Message[coordinator,adv1,(CampaignReport CampaignReportEntry [tgt imps=0.0, ntg imps=0.0, cost=0.0])]
java.lang.ClassFormatError: naive/NaiveAgent$CampaignData
	at naive.NaiveAgent.handleCampaignReport(NaiveAgent.java:408)
	at naive.NaiveAgent.messageReceived(NaiveAgent.java:133)
	at se.sics.tasim.aw.AgentService.deliverToAgent(AgentService.java:130)
	at tau.tac.adx.agentware.AgentServiceImpl.deliverToAgent(AgentServiceImpl.java:134)
	at tau.tac.adx.agentware.SimClient.run(SimClient.java:439)
	at java.lang.Thread.run(Thread.java:680)
28/06 21:44:53 INFO naive.NaiveAgent|Day 5: Daily notification for campaign 541601811
28/06 21:44:53 SEVERE agentware.AgentServiceImpl|agent could not handle message Message[coordinator,adv1,AdNetworkDailyNotification [effectiveDay=5, serviceLevel=0.47829690000000014, price=0.0, qualityScore=1.0, campaignId=541601811, winner=DummyAdnetwork-6, cost=0.0]]
java.lang.ClassFormatError: naive/NaiveAgent$CampaignData
	at naive.NaiveAgent.handleAdNetworkDailyNotification(NaiveAgent.java:282)
	at naive.NaiveAgent.messageReceived(NaiveAgent.java:135)
	at se.sics.tasim.aw.AgentService.deliverToAgent(AgentService.java:130)
	at tau.tac.adx.agentware.AgentServiceImpl.deliverToAgent(AgentServiceImpl.java:134)
	at tau.tac.adx.agentware.SimClient.run(SimClient.java:439)
	at java.lang.Thread.run(Thread.java:680)
28/06 21:44:53 SEVERE agentware.AgentServiceImpl|agent could not handle message Message[coordinator,adv1,tau.tac.adx.report.demand.CampaignOpportunityMessage[1089533395,15000,7,9,[OLD, FEMALE],2.0,1.5,5,[]]]
java.lang.ClassFormatError: naive/NaiveAgent$CampaignData
	at naive.NaiveAgent.handleICampaignOpportunityMessage(NaiveAgent.java:222)
	at naive.NaiveAgent.messageReceived(NaiveAgent.java:131)
	at se.sics.tasim.aw.AgentService.deliverToAgent(AgentService.java:130)
	at tau.tac.adx.agentware.AgentServiceImpl.deliverToAgent(AgentServiceImpl.java:134)
	at tau.tac.adx.agentware.SimClient.run(SimClient.java:439)
	at java.lang.Thread.run(Thread.java:680)
28/06 21:44:53 INFO naive.NaiveAgent|Day 5 : Simulation Status Received
28/06 21:44:53 INFO naive.NaiveAgent|Day 5: Sending BidBundle
28/06 21:44:53 INFO naive.NaiveAgent|Day 5 ended. Starting next day
28/06 21:45:03 INFO naive.NaiveAgent|Day 6 :BankStatus[-0.526151]
28/06 21:45:03 INFO naive.NaiveAgent|Day 6: Daily notification for campaign 1089533395
28/06 21:45:03 SEVERE agentware.AgentServiceImpl|agent could not handle message Message[coordinator,adv1,AdNetworkDailyNotification [effectiveDay=6, serviceLevel=0.47829690000000014, price=0.0, qualityScore=0.4, campaignId=1089533395, winner=DummyAdnetwork-7, cost=0.0]]
java.lang.ClassFormatError: naive/NaiveAgent$CampaignData
	at naive.NaiveAgent.handleAdNetworkDailyNotification(NaiveAgent.java:282)
	at naive.NaiveAgent.messageReceived(NaiveAgent.java:135)
	at se.sics.tasim.aw.AgentService.deliverToAgent(AgentService.java:130)
	at tau.tac.adx.agentware.AgentServiceImpl.deliverToAgent(AgentServiceImpl.java:134)
	at tau.tac.adx.agentware.SimClient.run(SimClient.java:439)
	at java.lang.Thread.run(Thread.java:680)
28/06 21:45:03 SEVERE agentware.AgentServiceImpl|agent could not handle message Message[coordinator,adv1,tau.tac.adx.report.demand.CampaignOpportunityMessage[430410445,15000,8,10,[YOUNG, MALE],2.0,1.5,6,[]]]
java.lang.ClassFormatError: naive/NaiveAgent$CampaignData
	at naive.NaiveAgent.handleICampaignOpportunityMessage(NaiveAgent.java:222)
	at naive.NaiveAgent.messageReceived(NaiveAgent.java:131)
	at se.sics.tasim.aw.AgentService.deliverToAgent(AgentService.java:130)
	at tau.tac.adx.agentware.AgentServiceImpl.deliverToAgent(AgentServiceImpl.java:134)
	at tau.tac.adx.agentware.SimClient.run(SimClient.java:439)
	at java.lang.Thread.run(Thread.java:680)
28/06 21:45:03 INFO naive.NaiveAgent|Day 6 : Simulation Status Received
28/06 21:45:03 INFO naive.NaiveAgent|Day 6: Sending BidBundle
28/06 21:45:03 INFO naive.NaiveAgent|Day 6 ended. Starting next day
28/06 21:45:13 INFO naive.NaiveAgent|Day 7 :BankStatus[-0.609855]
28/06 21:45:13 INFO naive.NaiveAgent|Day 7: Daily notification for campaign 430410445
28/06 21:45:13 SEVERE agentware.AgentServiceImpl|agent could not handle message Message[coordinator,adv1,AdNetworkDailyNotification [effectiveDay=7, serviceLevel=0.47829690000000014, price=0.0, qualityScore=0.4, campaignId=430410445, winner=DummyAdnetwork, cost=0.0]]
java.lang.ClassFormatError: naive/NaiveAgent$CampaignData
	at naive.NaiveAgent.handleAdNetworkDailyNotification(NaiveAgent.java:282)
	at naive.NaiveAgent.messageReceived(NaiveAgent.java:135)
	at se.sics.tasim.aw.AgentService.deliverToAgent(AgentService.java:130)
	at tau.tac.adx.agentware.AgentServiceImpl.deliverToAgent(AgentServiceImpl.java:134)
	at tau.tac.adx.agentware.SimClient.run(SimClient.java:439)
	at java.lang.Thread.run(Thread.java:680)
28/06 21:45:13 SEVERE agentware.AgentServiceImpl|agent could not handle message Message[coordinator,adv1,tau.tac.adx.report.demand.CampaignOpportunityMessage[1576740748,15000,9,18,[YOUNG, MALE],2.0,1.5,7,[]]]
java.lang.ClassFormatError: naive/NaiveAgent$CampaignData
	at naive.NaiveAgent.handleICampaignOpportunityMessage(NaiveAgent.java:222)
	at naive.NaiveAgent.messageReceived(NaiveAgent.java:131)
	at se.sics.tasim.aw.AgentService.deliverToAgent(AgentService.java:130)
	at tau.tac.adx.agentware.AgentServiceImpl.deliverToAgent(AgentServiceImpl.java:134)
	at tau.tac.adx.agentware.SimClient.run(SimClient.java:439)
	at java.lang.Thread.run(Thread.java:680)
28/06 21:45:13 INFO naive.NaiveAgent|Day 7 : Simulation Status Received
28/06 21:45:13 INFO naive.NaiveAgent|Day 7: Sending BidBundle
28/06 21:45:13 INFO naive.NaiveAgent|Day 7 ended. Starting next day
28/06 21:45:23 INFO naive.NaiveAgent|Day 8 :BankStatus[-0.694562]
28/06 21:45:23 INFO naive.NaiveAgent|Day 8: Daily notification for campaign 1576740748
28/06 21:45:23 SEVERE agentware.AgentServiceImpl|agent could not handle message Message[coordinator,adv1,AdNetworkDailyNotification [effectiveDay=8, serviceLevel=0.47829690000000014, price=0.0, qualityScore=0.4, campaignId=1576740748, winner=DummyAdnetwork-7, cost=0.0]]
java.lang.ClassFormatError: naive/NaiveAgent$CampaignData
	at naive.NaiveAgent.handleAdNetworkDailyNotification(NaiveAgent.java:282)
	at naive.NaiveAgent.messageReceived(NaiveAgent.java:135)
	at se.sics.tasim.aw.AgentService.deliverToAgent(AgentService.java:130)
	at tau.tac.adx.agentware.AgentServiceImpl.deliverToAgent(AgentServiceImpl.java:134)
	at tau.tac.adx.agentware.SimClient.run(SimClient.java:439)
	at java.lang.Thread.run(Thread.java:680)
28/06 21:45:23 SEVERE agentware.AgentServiceImpl|agent could not handle message Message[coordinator,adv1,tau.tac.adx.report.demand.CampaignOpportunityMessage[735649372,15000,10,14,[LOW_INCOME, MALE],2.0,1.5,8,[]]]
java.lang.ClassFormatError: naive/NaiveAgent$CampaignData
	at naive.NaiveAgent.handleICampaignOpportunityMessage(NaiveAgent.java:222)
	at naive.NaiveAgent.messageReceived(NaiveAgent.java:131)
	at se.sics.tasim.aw.AgentService.deliverToAgent(AgentService.java:130)
	at tau.tac.adx.agentware.AgentServiceImpl.deliverToAgent(AgentServiceImpl.java:134)
	at tau.tac.adx.agentware.SimClient.run(SimClient.java:439)
	at java.lang.Thread.run(Thread.java:680)
28/06 21:45:23 INFO naive.NaiveAgent|Day 8 : Simulation Status Received
28/06 21:45:23 INFO naive.NaiveAgent|Day 8: Sending BidBundle
28/06 21:45:23 INFO naive.NaiveAgent|Day 8 ended. Starting next day
28/06 21:45:33 INFO naive.NaiveAgent|Day 9 :BankStatus[-0.788416]
28/06 21:45:33 INFO naive.NaiveAgent|Day 9: Daily notification for campaign 735649372
28/06 21:45:33 SEVERE agentware.AgentServiceImpl|agent could not handle message Message[coordinator,adv1,AdNetworkDailyNotification [effectiveDay=9, serviceLevel=0.47829690000000014, price=0.0, qualityScore=0.4, campaignId=735649372, winner=DummyAdnetwork-3, cost=0.0]]
java.lang.ClassFormatError: naive/NaiveAgent$CampaignData
	at naive.NaiveAgent.handleAdNetworkDailyNotification(NaiveAgent.java:282)
	at naive.NaiveAgent.messageReceived(NaiveAgent.java:135)
	at se.sics.tasim.aw.AgentService.deliverToAgent(AgentService.java:130)
	at tau.tac.adx.agentware.AgentServiceImpl.deliverToAgent(AgentServiceImpl.java:134)
	at tau.tac.adx.agentware.SimClient.run(SimClient.java:439)
	at java.lang.Thread.run(Thread.java:680)
28/06 21:45:33 SEVERE agentware.AgentServiceImpl|agent could not handle message Message[coordinator,adv1,tau.tac.adx.report.demand.CampaignOpportunityMessage[1988898230,15000,11,20,[LOW_INCOME, MALE],2.0,1.5,9,[]]]
java.lang.ClassFormatError: naive/NaiveAgent$CampaignData
	at naive.NaiveAgent.handleICampaignOpportunityMessage(NaiveAgent.java:222)
	at naive.NaiveAgent.messageReceived(NaiveAgent.java:131)
	at se.sics.tasim.aw.AgentService.deliverToAgent(AgentService.java:130)
	at tau.tac.adx.agentware.AgentServiceImpl.deliverToAgent(AgentServiceImpl.java:134)
	at tau.tac.adx.agentware.SimClient.run(SimClient.java:439)
	at java.lang.Thread.run(Thread.java:680)
28/06 21:45:33 INFO naive.NaiveAgent|Day 9 : Simulation Status Received
28/06 21:45:33 INFO naive.NaiveAgent|Day 9: Sending BidBundle
28/06 21:45:33 INFO naive.NaiveAgent|Day 9 ended. Starting next day
28/06 21:45:41 INFO naive.NaiveAgent|Day 10 :BankStatus[-0.895775]
28/06 21:45:41 INFO naive.NaiveAgent|Day 10: Daily notification for campaign 1988898230
28/06 21:45:41 SEVERE agentware.AgentServiceImpl|agent could not handle message Message[coordinator,adv1,AdNetworkDailyNotification [effectiveDay=10, serviceLevel=0.47829690000000014, price=0.0, qualityScore=0.4, campaignId=1988898230, winner=DummyAdnetwork-2, cost=0.0]]
java.lang.ClassFormatError: naive/NaiveAgent$CampaignData
	at naive.NaiveAgent.handleAdNetworkDailyNotification(NaiveAgent.java:282)
	at naive.NaiveAgent.messageReceived(NaiveAgent.java:135)
	at se.sics.tasim.aw.AgentService.deliverToAgent(AgentService.java:130)
	at tau.tac.adx.agentware.AgentServiceImpl.deliverToAgent(AgentServiceImpl.java:134)
	at tau.tac.adx.agentware.SimClient.run(SimClient.java:439)
	at java.lang.Thread.run(Thread.java:680)
28/06 21:45:41 SEVERE agentware.AgentServiceImpl|agent could not handle message Message[coordinator,adv1,tau.tac.adx.report.demand.CampaignOpportunityMessage[1207945184,10000,12,21,[LOW_INCOME, MALE],2.0,1.5,10,[]]]
java.lang.ClassFormatError: naive/NaiveAgent$CampaignData
	at naive.NaiveAgent.handleICampaignOpportunityMessage(NaiveAgent.java:222)
	at naive.NaiveAgent.messageReceived(NaiveAgent.java:131)
	at se.sics.tasim.aw.AgentService.deliverToAgent(AgentService.java:130)
	at tau.tac.adx.agentware.AgentServiceImpl.deliverToAgent(AgentServiceImpl.java:134)
	at tau.tac.adx.agentware.SimClient.run(SimClient.java:439)
	at java.lang.Thread.run(Thread.java:680)
28/06 21:45:41 INFO naive.NaiveAgent|Day 10 : Simulation Status Received
28/06 21:45:41 INFO naive.NaiveAgent|Day 10: Sending BidBundle
28/06 21:45:41 INFO naive.NaiveAgent|Day 10 ended. Starting next day
28/06 21:45:51 INFO naive.NaiveAgent|Day 11 :BankStatus[-0.999283]
28/06 21:45:51 INFO naive.NaiveAgent|Day 11: Daily notification for campaign 1207945184
28/06 21:45:51 SEVERE agentware.AgentServiceImpl|agent could not handle message Message[coordinator,adv1,AdNetworkDailyNotification [effectiveDay=11, serviceLevel=0.47829690000000014, price=0.0, qualityScore=0.4, campaignId=1207945184, winner=DummyAdnetwork, cost=0.0]]
java.lang.ClassFormatError: naive/NaiveAgent$CampaignData
	at naive.NaiveAgent.handleAdNetworkDailyNotification(NaiveAgent.java:282)
	at naive.NaiveAgent.messageReceived(NaiveAgent.java:135)
	at se.sics.tasim.aw.AgentService.deliverToAgent(AgentService.java:130)
	at tau.tac.adx.agentware.AgentServiceImpl.deliverToAgent(AgentServiceImpl.java:134)
	at tau.tac.adx.agentware.SimClient.run(SimClient.java:439)
	at java.lang.Thread.run(Thread.java:680)
28/06 21:45:51 SEVERE agentware.AgentServiceImpl|agent could not handle message Message[coordinator,adv1,tau.tac.adx.report.demand.CampaignOpportunityMessage[1911759697,15000,13,22,[HIGH_INCOME, FEMALE],2.0,1.5,11,[]]]
java.lang.ClassFormatError: naive/NaiveAgent$CampaignData
	at naive.NaiveAgent.handleICampaignOpportunityMessage(NaiveAgent.java:222)
	at naive.NaiveAgent.messageReceived(NaiveAgent.java:131)
	at se.sics.tasim.aw.AgentService.deliverToAgent(AgentService.java:130)
	at tau.tac.adx.agentware.AgentServiceImpl.deliverToAgent(AgentServiceImpl.java:134)
	at tau.tac.adx.agentware.SimClient.run(SimClient.java:439)
	at java.lang.Thread.run(Thread.java:680)
28/06 21:45:51 INFO naive.NaiveAgent|Day 11 : Simulation Status Received
28/06 21:45:51 INFO naive.NaiveAgent|Day 11: Sending BidBundle
28/06 21:45:51 INFO naive.NaiveAgent|Day 11 ended. Starting next day
28/06 21:46:02 INFO naive.NaiveAgent|Day 12 :BankStatus[-1.109810]
28/06 21:46:02 INFO naive.NaiveAgent|Day 12: Daily notification for campaign 1911759697
28/06 21:46:02 SEVERE agentware.AgentServiceImpl|agent could not handle message Message[coordinator,adv1,AdNetworkDailyNotification [effectiveDay=12, serviceLevel=0.47829690000000014, price=0.0, qualityScore=0.4, campaignId=1911759697, winner=DummyAdnetwork-3, cost=0.0]]
java.lang.ClassFormatError: naive/NaiveAgent$CampaignData
	at naive.NaiveAgent.handleAdNetworkDailyNotification(NaiveAgent.java:282)
	at naive.NaiveAgent.messageReceived(NaiveAgent.java:135)
	at se.sics.tasim.aw.AgentService.deliverToAgent(AgentService.java:130)
	at tau.tac.adx.agentware.AgentServiceImpl.deliverToAgent(AgentServiceImpl.java:134)
	at tau.tac.adx.agentware.SimClient.run(SimClient.java:439)
	at java.lang.Thread.run(Thread.java:680)
28/06 21:46:02 SEVERE agentware.AgentServiceImpl|agent could not handle message Message[coordinator,adv1,tau.tac.adx.report.demand.CampaignOpportunityMessage[494445070,10000,14,16,[YOUNG, MALE],2.0,1.5,12,[]]]
java.lang.ClassFormatError: naive/NaiveAgent$CampaignData
	at naive.NaiveAgent.handleICampaignOpportunityMessage(NaiveAgent.java:222)
	at naive.NaiveAgent.messageReceived(NaiveAgent.java:131)
	at se.sics.tasim.aw.AgentService.deliverToAgent(AgentService.java:130)
	at tau.tac.adx.agentware.AgentServiceImpl.deliverToAgent(AgentServiceImpl.java:134)
	at tau.tac.adx.agentware.SimClient.run(SimClient.java:439)
	at java.lang.Thread.run(Thread.java:680)
28/06 21:46:02 INFO naive.NaiveAgent|Day 12 : Simulation Status Received
28/06 21:46:02 INFO naive.NaiveAgent|Day 12: Sending BidBundle
28/06 21:46:02 INFO naive.NaiveAgent|Day 12 ended. Starting next day
28/06 21:46:12 INFO naive.NaiveAgent|Day 13 :BankStatus[-1.192146]
28/06 21:46:12 INFO naive.NaiveAgent|Day 13: Daily notification for campaign 494445070
28/06 21:46:12 SEVERE agentware.AgentServiceImpl|agent could not handle message Message[coordinator,adv1,AdNetworkDailyNotification [effectiveDay=13, serviceLevel=0.47829690000000014, price=0.0, qualityScore=0.4, campaignId=494445070, winner=DummyAdnetwork-4, cost=0.0]]
java.lang.ClassFormatError: naive/NaiveAgent$CampaignData
	at naive.NaiveAgent.handleAdNetworkDailyNotification(NaiveAgent.java:282)
	at naive.NaiveAgent.messageReceived(NaiveAgent.java:135)
	at se.sics.tasim.aw.AgentService.deliverToAgent(AgentService.java:130)
	at tau.tac.adx.agentware.AgentServiceImpl.deliverToAgent(AgentServiceImpl.java:134)
	at tau.tac.adx.agentware.SimClient.run(SimClient.java:439)
	at java.lang.Thread.run(Thread.java:680)
28/06 21:46:12 SEVERE agentware.AgentServiceImpl|agent could not handle message Message[coordinator,adv1,tau.tac.adx.report.demand.CampaignOpportunityMessage[1053057812,5000,15,17,[LOW_INCOME, MALE],2.0,1.5,13,[]]]
java.lang.ClassFormatError: naive/NaiveAgent$CampaignData
	at naive.NaiveAgent.handleICampaignOpportunityMessage(NaiveAgent.java:222)
	at naive.NaiveAgent.messageReceived(NaiveAgent.java:131)
	at se.sics.tasim.aw.AgentService.deliverToAgent(AgentService.java:130)
	at tau.tac.adx.agentware.AgentServiceImpl.deliverToAgent(AgentServiceImpl.java:134)
	at tau.tac.adx.agentware.SimClient.run(SimClient.java:439)
	at java.lang.Thread.run(Thread.java:680)
28/06 21:46:12 INFO naive.NaiveAgent|Day 13 : Simulation Status Received
28/06 21:46:12 INFO naive.NaiveAgent|Day 13: Sending BidBundle
28/06 21:46:12 INFO naive.NaiveAgent|Day 13 ended. Starting next day
28/06 21:46:22 INFO naive.NaiveAgent|Day 14 :BankStatus[-1.286330]
28/06 21:46:22 INFO naive.NaiveAgent|Day 14: Daily notification for campaign 1053057812
28/06 21:46:22 SEVERE agentware.AgentServiceImpl|agent could not handle message Message[coordinator,adv1,AdNetworkDailyNotification [effectiveDay=14, serviceLevel=0.47829690000000014, price=0.0, qualityScore=0.4, campaignId=1053057812, winner=DummyAdnetwork-7, cost=0.0]]
java.lang.ClassFormatError: naive/NaiveAgent$CampaignData
	at naive.NaiveAgent.handleAdNetworkDailyNotification(NaiveAgent.java:282)
	at naive.NaiveAgent.messageReceived(NaiveAgent.java:135)
	at se.sics.tasim.aw.AgentService.deliverToAgent(AgentService.java:130)
	at tau.tac.adx.agentware.AgentServiceImpl.deliverToAgent(AgentServiceImpl.java:134)
	at tau.tac.adx.agentware.SimClient.run(SimClient.java:439)
	at java.lang.Thread.run(Thread.java:680)
28/06 21:46:22 SEVERE agentware.AgentServiceImpl|agent could not handle message Message[coordinator,adv1,tau.tac.adx.report.demand.CampaignOpportunityMessage[1781687169,10000,16,20,[LOW_INCOME, MALE],2.0,1.5,14,[]]]
java.lang.ClassFormatError: naive/NaiveAgent$CampaignData
	at naive.NaiveAgent.handleICampaignOpportunityMessage(NaiveAgent.java:222)
	at naive.NaiveAgent.messageReceived(NaiveAgent.java:131)
	at se.sics.tasim.aw.AgentService.deliverToAgent(AgentService.java:130)
	at tau.tac.adx.agentware.AgentServiceImpl.deliverToAgent(AgentServiceImpl.java:134)
	at tau.tac.adx.agentware.SimClient.run(SimClient.java:439)
	at java.lang.Thread.run(Thread.java:680)
28/06 21:46:22 INFO naive.NaiveAgent|Day 14 : Simulation Status Received
28/06 21:46:22 INFO naive.NaiveAgent|Day 14: Sending BidBundle
28/06 21:46:22 INFO naive.NaiveAgent|Day 14 ended. Starting next day
28/06 21:46:31 INFO naive.NaiveAgent|Day 15 :BankStatus[-1.388605]
28/06 21:46:31 INFO naive.NaiveAgent|Day 15: Daily notification for campaign 1781687169
28/06 21:46:31 SEVERE agentware.AgentServiceImpl|agent could not handle message Message[coordinator,adv1,AdNetworkDailyNotification [effectiveDay=15, serviceLevel=0.47829690000000014, price=0.0, qualityScore=0.4, campaignId=1781687169, winner=DummyAdnetwork-7, cost=0.0]]
java.lang.ClassFormatError: naive/NaiveAgent$CampaignData
	at naive.NaiveAgent.handleAdNetworkDailyNotification(NaiveAgent.java:282)
	at naive.NaiveAgent.messageReceived(NaiveAgent.java:135)
	at se.sics.tasim.aw.AgentService.deliverToAgent(AgentService.java:130)
	at tau.tac.adx.agentware.AgentServiceImpl.deliverToAgent(AgentServiceImpl.java:134)
	at tau.tac.adx.agentware.SimClient.run(SimClient.java:439)
	at java.lang.Thread.run(Thread.java:680)
28/06 21:46:31 SEVERE agentware.AgentServiceImpl|agent could not handle message Message[coordinator,adv1,tau.tac.adx.report.demand.CampaignOpportunityMessage[219048022,10000,17,19,[YOUNG, LOW_INCOME],2.0,1.5,15,[]]]
java.lang.ClassFormatError: naive/NaiveAgent$CampaignData
	at naive.NaiveAgent.handleICampaignOpportunityMessage(NaiveAgent.java:222)
	at naive.NaiveAgent.messageReceived(NaiveAgent.java:131)
	at se.sics.tasim.aw.AgentService.deliverToAgent(AgentService.java:130)
	at tau.tac.adx.agentware.AgentServiceImpl.deliverToAgent(AgentServiceImpl.java:134)
	at tau.tac.adx.agentware.SimClient.run(SimClient.java:439)
	at java.lang.Thread.run(Thread.java:680)
28/06 21:46:31 INFO naive.NaiveAgent|Day 15 : Simulation Status Received
28/06 21:46:31 INFO naive.NaiveAgent|Day 15: Sending BidBundle
28/06 21:46:31 INFO naive.NaiveAgent|Day 15 ended. Starting next day
28/06 21:46:42 INFO naive.NaiveAgent|Day 16 :BankStatus[-1.478445]
28/06 21:46:42 INFO naive.NaiveAgent|Day 16: Daily notification for campaign 219048022
28/06 21:46:42 SEVERE agentware.AgentServiceImpl|agent could not handle message Message[coordinator,adv1,AdNetworkDailyNotification [effectiveDay=16, serviceLevel=0.47829690000000014, price=0.0, qualityScore=0.4, campaignId=219048022, winner=DummyAdnetwork-7, cost=0.0]]
java.lang.ClassFormatError: naive/NaiveAgent$CampaignData
	at naive.NaiveAgent.handleAdNetworkDailyNotification(NaiveAgent.java:282)
	at naive.NaiveAgent.messageReceived(NaiveAgent.java:135)
	at se.sics.tasim.aw.AgentService.deliverToAgent(AgentService.java:130)
	at tau.tac.adx.agentware.AgentServiceImpl.deliverToAgent(AgentServiceImpl.java:134)
	at tau.tac.adx.agentware.SimClient.run(SimClient.java:439)
	at java.lang.Thread.run(Thread.java:680)
28/06 21:46:42 SEVERE agentware.AgentServiceImpl|agent could not handle message Message[coordinator,adv1,tau.tac.adx.report.demand.CampaignOpportunityMessage[1691738650,15000,18,22,[HIGH_INCOME, MALE],2.0,1.5,16,[]]]
java.lang.ClassFormatError: naive/NaiveAgent$CampaignData
	at naive.NaiveAgent.handleICampaignOpportunityMessage(NaiveAgent.java:222)
	at naive.NaiveAgent.messageReceived(NaiveAgent.java:131)
	at se.sics.tasim.aw.AgentService.deliverToAgent(AgentService.java:130)
	at tau.tac.adx.agentware.AgentServiceImpl.deliverToAgent(AgentServiceImpl.java:134)
	at tau.tac.adx.agentware.SimClient.run(SimClient.java:439)
	at java.lang.Thread.run(Thread.java:680)
28/06 21:46:42 INFO naive.NaiveAgent|Day 16 : Simulation Status Received
28/06 21:46:42 INFO naive.NaiveAgent|Day 16: Sending BidBundle
28/06 21:46:42 INFO naive.NaiveAgent|Day 16 ended. Starting next day
28/06 21:46:52 INFO naive.NaiveAgent|Day 17 :BankStatus[-1.572064]
28/06 21:46:52 INFO naive.NaiveAgent|Day 17: Daily notification for campaign 1691738650
28/06 21:46:52 SEVERE agentware.AgentServiceImpl|agent could not handle message Message[coordinator,adv1,AdNetworkDailyNotification [effectiveDay=17, serviceLevel=0.47829690000000014, price=0.0, qualityScore=0.4, campaignId=1691738650, winner=DummyAdnetwork-5, cost=0.0]]
java.lang.ClassFormatError: naive/NaiveAgent$CampaignData
	at naive.NaiveAgent.handleAdNetworkDailyNotification(NaiveAgent.java:282)
	at naive.NaiveAgent.messageReceived(NaiveAgent.java:135)
	at se.sics.tasim.aw.AgentService.deliverToAgent(AgentService.java:130)
	at tau.tac.adx.agentware.AgentServiceImpl.deliverToAgent(AgentServiceImpl.java:134)
	at tau.tac.adx.agentware.SimClient.run(SimClient.java:439)
	at java.lang.Thread.run(Thread.java:680)
28/06 21:46:52 SEVERE agentware.AgentServiceImpl|agent could not handle message Message[coordinator,adv1,tau.tac.adx.report.demand.CampaignOpportunityMessage[819509238,5000,19,23,[YOUNG, LOW_INCOME],2.0,1.5,17,[]]]
java.lang.ClassFormatError: naive/NaiveAgent$CampaignData
	at naive.NaiveAgent.handleICampaignOpportunityMessage(NaiveAgent.java:222)
	at naive.NaiveAgent.messageReceived(NaiveAgent.java:131)
	at se.sics.tasim.aw.AgentService.deliverToAgent(AgentService.java:130)
	at tau.tac.adx.agentware.AgentServiceImpl.deliverToAgent(AgentServiceImpl.java:134)
	at tau.tac.adx.agentware.SimClient.run(SimClient.java:439)
	at java.lang.Thread.run(Thread.java:680)
28/06 21:46:52 INFO naive.NaiveAgent|Day 17 : Simulation Status Received
28/06 21:46:52 INFO naive.NaiveAgent|Day 17: Sending BidBundle
28/06 21:46:52 INFO naive.NaiveAgent|Day 17 ended. Starting next day
28/06 21:47:02 INFO naive.NaiveAgent|Day 18 :BankStatus[-1.663944]
28/06 21:47:02 INFO naive.NaiveAgent|Day 18: Daily notification for campaign 819509238
28/06 21:47:02 SEVERE agentware.AgentServiceImpl|agent could not handle message Message[coordinator,adv1,AdNetworkDailyNotification [effectiveDay=18, serviceLevel=0.47829690000000014, price=0.0, qualityScore=0.4, campaignId=819509238, winner=DummyAdnetwork-6, cost=0.0]]
java.lang.ClassFormatError: naive/NaiveAgent$CampaignData
	at naive.NaiveAgent.handleAdNetworkDailyNotification(NaiveAgent.java:282)
	at naive.NaiveAgent.messageReceived(NaiveAgent.java:135)
	at se.sics.tasim.aw.AgentService.deliverToAgent(AgentService.java:130)
	at tau.tac.adx.agentware.AgentServiceImpl.deliverToAgent(AgentServiceImpl.java:134)
	at tau.tac.adx.agentware.SimClient.run(SimClient.java:439)
	at java.lang.Thread.run(Thread.java:680)
28/06 21:47:02 SEVERE agentware.AgentServiceImpl|agent could not handle message Message[coordinator,adv1,tau.tac.adx.report.demand.CampaignOpportunityMessage[506950607,15000,20,22,[HIGH_INCOME, MALE],2.0,1.5,18,[]]]
java.lang.ClassFormatError: naive/NaiveAgent$CampaignData
	at naive.NaiveAgent.handleICampaignOpportunityMessage(NaiveAgent.java:222)
	at naive.NaiveAgent.messageReceived(NaiveAgent.java:131)
	at se.sics.tasim.aw.AgentService.deliverToAgent(AgentService.java:130)
	at tau.tac.adx.agentware.AgentServiceImpl.deliverToAgent(AgentServiceImpl.java:134)
	at tau.tac.adx.agentware.SimClient.run(SimClient.java:439)
	at java.lang.Thread.run(Thread.java:680)
28/06 21:47:02 INFO naive.NaiveAgent|Day 18 : Simulation Status Received
28/06 21:47:02 INFO naive.NaiveAgent|Day 18: Sending BidBundle
28/06 21:47:02 INFO naive.NaiveAgent|Day 18 ended. Starting next day
28/06 21:47:11 INFO naive.NaiveAgent|Day 19 :BankStatus[-1.766023]
28/06 21:47:11 INFO naive.NaiveAgent|Day 19: Daily notification for campaign 506950607
28/06 21:47:11 SEVERE agentware.AgentServiceImpl|agent could not handle message Message[coordinator,adv1,AdNetworkDailyNotification [effectiveDay=19, serviceLevel=0.47829690000000014, price=0.0, qualityScore=0.4, campaignId=506950607, winner=DummyAdnetwork-2, cost=0.0]]
java.lang.ClassFormatError: naive/NaiveAgent$CampaignData
	at naive.NaiveAgent.handleAdNetworkDailyNotification(NaiveAgent.java:282)
	at naive.NaiveAgent.messageReceived(NaiveAgent.java:135)
	at se.sics.tasim.aw.AgentService.deliverToAgent(AgentService.java:130)
	at tau.tac.adx.agentware.AgentServiceImpl.deliverToAgent(AgentServiceImpl.java:134)
	at tau.tac.adx.agentware.SimClient.run(SimClient.java:439)
	at java.lang.Thread.run(Thread.java:680)
28/06 21:47:11 SEVERE agentware.AgentServiceImpl|agent could not handle message Message[coordinator,adv1,tau.tac.adx.report.demand.CampaignOpportunityMessage[1176710627,10000,21,23,[MALE, OLD],2.0,1.5,19,[]]]
java.lang.ClassFormatError: naive/NaiveAgent$CampaignData
	at naive.NaiveAgent.handleICampaignOpportunityMessage(NaiveAgent.java:222)
	at naive.NaiveAgent.messageReceived(NaiveAgent.java:131)
	at se.sics.tasim.aw.AgentService.deliverToAgent(AgentService.java:130)
	at tau.tac.adx.agentware.AgentServiceImpl.deliverToAgent(AgentServiceImpl.java:134)
	at tau.tac.adx.agentware.SimClient.run(SimClient.java:439)
	at java.lang.Thread.run(Thread.java:680)
28/06 21:47:11 INFO naive.NaiveAgent|Day 19 : Simulation Status Received
28/06 21:47:11 INFO naive.NaiveAgent|Day 19: Sending BidBundle
28/06 21:47:11 INFO naive.NaiveAgent|Day 19 ended. Starting next day
28/06 21:47:22 INFO naive.NaiveAgent|Day 20 :BankStatus[-1.854010]
28/06 21:47:22 INFO naive.NaiveAgent|Day 20: Daily notification for campaign 1176710627
28/06 21:47:22 SEVERE agentware.AgentServiceImpl|agent could not handle message Message[coordinator,adv1,AdNetworkDailyNotification [effectiveDay=20, serviceLevel=0.47829690000000014, price=0.0, qualityScore=0.4, campaignId=1176710627, winner=DummyAdnetwork-6, cost=0.0]]
java.lang.ClassFormatError: naive/NaiveAgent$CampaignData
	at naive.NaiveAgent.handleAdNetworkDailyNotification(NaiveAgent.java:282)
	at naive.NaiveAgent.messageReceived(NaiveAgent.java:135)
	at se.sics.tasim.aw.AgentService.deliverToAgent(AgentService.java:130)
	at tau.tac.adx.agentware.AgentServiceImpl.deliverToAgent(AgentServiceImpl.java:134)
	at tau.tac.adx.agentware.SimClient.run(SimClient.java:439)
	at java.lang.Thread.run(Thread.java:680)
28/06 21:47:22 SEVERE agentware.AgentServiceImpl|agent could not handle message Message[coordinator,adv1,tau.tac.adx.report.demand.CampaignOpportunityMessage[32109439,5000,22,26,[YOUNG, MALE],2.0,1.5,20,[]]]
java.lang.ClassFormatError: naive/NaiveAgent$CampaignData
	at naive.NaiveAgent.handleICampaignOpportunityMessage(NaiveAgent.java:222)
	at naive.NaiveAgent.messageReceived(NaiveAgent.java:131)
	at se.sics.tasim.aw.AgentService.deliverToAgent(AgentService.java:130)
	at tau.tac.adx.agentware.AgentServiceImpl.deliverToAgent(AgentServiceImpl.java:134)
	at tau.tac.adx.agentware.SimClient.run(SimClient.java:439)
	at java.lang.Thread.run(Thread.java:680)
28/06 21:47:22 INFO naive.NaiveAgent|Day 20 : Simulation Status Received
28/06 21:47:22 INFO naive.NaiveAgent|Day 20: Sending BidBundle
28/06 21:47:22 INFO naive.NaiveAgent|Day 20 ended. Starting next day
28/06 21:47:33 INFO naive.NaiveAgent|Day 21 :BankStatus[-1.939428]
28/06 21:47:33 INFO naive.NaiveAgent|Day 21: Daily notification for campaign 32109439
28/06 21:47:33 SEVERE agentware.AgentServiceImpl|agent could not handle message Message[coordinator,adv1,AdNetworkDailyNotification [effectiveDay=21, serviceLevel=0.47829690000000014, price=0.0, qualityScore=0.4, campaignId=32109439, winner=DummyAdnetwork-5, cost=0.0]]
java.lang.ClassFormatError: naive/NaiveAgent$CampaignData
	at naive.NaiveAgent.handleAdNetworkDailyNotification(NaiveAgent.java:282)
	at naive.NaiveAgent.messageReceived(NaiveAgent.java:135)
	at se.sics.tasim.aw.AgentService.deliverToAgent(AgentService.java:130)
	at tau.tac.adx.agentware.AgentServiceImpl.deliverToAgent(AgentServiceImpl.java:134)
	at tau.tac.adx.agentware.SimClient.run(SimClient.java:439)
	at java.lang.Thread.run(Thread.java:680)
28/06 21:47:33 SEVERE agentware.AgentServiceImpl|agent could not handle message Message[coordinator,adv1,tau.tac.adx.report.demand.CampaignOpportunityMessage[329012117,5000,23,32,[OLD, FEMALE],2.0,1.5,21,[]]]
java.lang.ClassFormatError: naive/NaiveAgent$CampaignData
	at naive.NaiveAgent.handleICampaignOpportunityMessage(NaiveAgent.java:222)
	at naive.NaiveAgent.messageReceived(NaiveAgent.java:131)
	at se.sics.tasim.aw.AgentService.deliverToAgent(AgentService.java:130)
	at tau.tac.adx.agentware.AgentServiceImpl.deliverToAgent(AgentServiceImpl.java:134)
	at tau.tac.adx.agentware.SimClient.run(SimClient.java:439)
	at java.lang.Thread.run(Thread.java:680)
28/06 21:47:33 INFO naive.NaiveAgent|Day 21 : Simulation Status Received
28/06 21:47:33 INFO naive.NaiveAgent|Day 21: Sending BidBundle
28/06 21:47:33 INFO naive.NaiveAgent|Day 21 ended. Starting next day
28/06 21:47:43 INFO naive.NaiveAgent|Day 22 :BankStatus[-2.028596]
28/06 21:47:43 INFO naive.NaiveAgent|Day 22: Daily notification for campaign 329012117
28/06 21:47:43 SEVERE agentware.AgentServiceImpl|agent could not handle message Message[coordinator,adv1,AdNetworkDailyNotification [effectiveDay=22, serviceLevel=0.47829690000000014, price=0.0, qualityScore=0.4, campaignId=329012117, winner=DummyAdnetwork-6, cost=0.0]]
java.lang.ClassFormatError: naive/NaiveAgent$CampaignData
	at naive.NaiveAgent.handleAdNetworkDailyNotification(NaiveAgent.java:282)
	at naive.NaiveAgent.messageReceived(NaiveAgent.java:135)
	at se.sics.tasim.aw.AgentService.deliverToAgent(AgentService.java:130)
	at tau.tac.adx.agentware.AgentServiceImpl.deliverToAgent(AgentServiceImpl.java:134)
	at tau.tac.adx.agentware.SimClient.run(SimClient.java:439)
	at java.lang.Thread.run(Thread.java:680)
28/06 21:47:43 SEVERE agentware.AgentServiceImpl|agent could not handle message Message[coordinator,adv1,tau.tac.adx.report.demand.CampaignOpportunityMessage[157817326,15000,24,33,[HIGH_INCOME, FEMALE],2.0,1.5,22,[]]]
java.lang.ClassFormatError: naive/NaiveAgent$CampaignData
	at naive.NaiveAgent.handleICampaignOpportunityMessage(NaiveAgent.java:222)
	at naive.NaiveAgent.messageReceived(NaiveAgent.java:131)
	at se.sics.tasim.aw.AgentService.deliverToAgent(AgentService.java:130)
	at tau.tac.adx.agentware.AgentServiceImpl.deliverToAgent(AgentServiceImpl.java:134)
	at tau.tac.adx.agentware.SimClient.run(SimClient.java:439)
	at java.lang.Thread.run(Thread.java:680)
28/06 21:47:43 INFO naive.NaiveAgent|Day 22 : Simulation Status Received
28/06 21:47:43 INFO naive.NaiveAgent|Day 22: Sending BidBundle
28/06 21:47:43 INFO naive.NaiveAgent|Day 22 ended. Starting next day
28/06 21:47:52 INFO naive.NaiveAgent|Day 23 :BankStatus[-2.126159]
28/06 21:47:52 INFO naive.NaiveAgent|Day 23: Daily notification for campaign 157817326
28/06 21:47:52 SEVERE agentware.AgentServiceImpl|agent could not handle message Message[coordinator,adv1,AdNetworkDailyNotification [effectiveDay=23, serviceLevel=0.47829690000000014, price=0.0, qualityScore=0.4, campaignId=157817326, winner=DummyAdnetwork-6, cost=0.0]]
java.lang.ClassFormatError: naive/NaiveAgent$CampaignData
	at naive.NaiveAgent.handleAdNetworkDailyNotification(NaiveAgent.java:282)
	at naive.NaiveAgent.messageReceived(NaiveAgent.java:135)
	at se.sics.tasim.aw.AgentService.deliverToAgent(AgentService.java:130)
	at tau.tac.adx.agentware.AgentServiceImpl.deliverToAgent(AgentServiceImpl.java:134)
	at tau.tac.adx.agentware.SimClient.run(SimClient.java:439)
	at java.lang.Thread.run(Thread.java:680)
28/06 21:47:52 SEVERE agentware.AgentServiceImpl|agent could not handle message Message[coordinator,adv1,tau.tac.adx.report.demand.CampaignOpportunityMessage[503095146,15000,25,34,[HIGH_INCOME, MALE],2.0,1.5,23,[]]]
java.lang.ClassFormatError: naive/NaiveAgent$CampaignData
	at naive.NaiveAgent.handleICampaignOpportunityMessage(NaiveAgent.java:222)
	at naive.NaiveAgent.messageReceived(NaiveAgent.java:131)
	at se.sics.tasim.aw.AgentService.deliverToAgent(AgentService.java:130)
	at tau.tac.adx.agentware.AgentServiceImpl.deliverToAgent(AgentServiceImpl.java:134)
	at tau.tac.adx.agentware.SimClient.run(SimClient.java:439)
	at java.lang.Thread.run(Thread.java:680)
28/06 21:47:52 INFO naive.NaiveAgent|Day 23 : Simulation Status Received
28/06 21:47:52 INFO naive.NaiveAgent|Day 23: Sending BidBundle
28/06 21:47:52 INFO naive.NaiveAgent|Day 23 ended. Starting next day
28/06 21:48:01 INFO naive.NaiveAgent|Day 24 :BankStatus[-2.218364]
28/06 21:48:01 INFO naive.NaiveAgent|Day 24: Daily notification for campaign 503095146
28/06 21:48:01 SEVERE agentware.AgentServiceImpl|agent could not handle message Message[coordinator,adv1,AdNetworkDailyNotification [effectiveDay=24, serviceLevel=0.47829690000000014, price=0.0, qualityScore=0.4, campaignId=503095146, winner=DummyAdnetwork-6, cost=0.0]]
java.lang.ClassFormatError: naive/NaiveAgent$CampaignData
	at naive.NaiveAgent.handleAdNetworkDailyNotification(NaiveAgent.java:282)
	at naive.NaiveAgent.messageReceived(NaiveAgent.java:135)
	at se.sics.tasim.aw.AgentService.deliverToAgent(AgentService.java:130)
	at tau.tac.adx.agentware.AgentServiceImpl.deliverToAgent(AgentServiceImpl.java:134)
	at tau.tac.adx.agentware.SimClient.run(SimClient.java:439)
	at java.lang.Thread.run(Thread.java:680)
28/06 21:48:01 SEVERE agentware.AgentServiceImpl|agent could not handle message Message[coordinator,adv1,tau.tac.adx.report.demand.CampaignOpportunityMessage[940557584,15000,26,30,[LOW_INCOME, MALE],2.0,1.5,24,[]]]
java.lang.ClassFormatError: naive/NaiveAgent$CampaignData
	at naive.NaiveAgent.handleICampaignOpportunityMessage(NaiveAgent.java:222)
	at naive.NaiveAgent.messageReceived(NaiveAgent.java:131)
	at se.sics.tasim.aw.AgentService.deliverToAgent(AgentService.java:130)
	at tau.tac.adx.agentware.AgentServiceImpl.deliverToAgent(AgentServiceImpl.java:134)
	at tau.tac.adx.agentware.SimClient.run(SimClient.java:439)
	at java.lang.Thread.run(Thread.java:680)
28/06 21:48:02 INFO naive.NaiveAgent|Day 24 : Simulation Status Received
28/06 21:48:02 INFO naive.NaiveAgent|Day 24: Sending BidBundle
28/06 21:48:02 INFO naive.NaiveAgent|Day 24 ended. Starting next day
28/06 21:48:12 INFO naive.NaiveAgent|Day 25 :BankStatus[-2.308031]
28/06 21:48:12 INFO naive.NaiveAgent|Day 25: Daily notification for campaign 940557584
28/06 21:48:12 SEVERE agentware.AgentServiceImpl|agent could not handle message Message[coordinator,adv1,AdNetworkDailyNotification [effectiveDay=25, serviceLevel=0.47829690000000014, price=0.0, qualityScore=0.4, campaignId=940557584, winner=DummyAdnetwork-7, cost=0.0]]
java.lang.ClassFormatError: naive/NaiveAgent$CampaignData
	at naive.NaiveAgent.handleAdNetworkDailyNotification(NaiveAgent.java:282)
	at naive.NaiveAgent.messageReceived(NaiveAgent.java:135)
	at se.sics.tasim.aw.AgentService.deliverToAgent(AgentService.java:130)
	at tau.tac.adx.agentware.AgentServiceImpl.deliverToAgent(AgentServiceImpl.java:134)
	at tau.tac.adx.agentware.SimClient.run(SimClient.java:439)
	at java.lang.Thread.run(Thread.java:680)
28/06 21:48:12 SEVERE agentware.AgentServiceImpl|agent could not handle message Message[coordinator,adv1,tau.tac.adx.report.demand.CampaignOpportunityMessage[819872954,15000,27,29,[YOUNG, LOW_INCOME],2.0,1.5,25,[]]]
java.lang.ClassFormatError: naive/NaiveAgent$CampaignData
	at naive.NaiveAgent.handleICampaignOpportunityMessage(NaiveAgent.java:222)
	at naive.NaiveAgent.messageReceived(NaiveAgent.java:131)
	at se.sics.tasim.aw.AgentService.deliverToAgent(AgentService.java:130)
	at tau.tac.adx.agentware.AgentServiceImpl.deliverToAgent(AgentServiceImpl.java:134)
	at tau.tac.adx.agentware.SimClient.run(SimClient.java:439)
	at java.lang.Thread.run(Thread.java:680)
28/06 21:48:12 INFO naive.NaiveAgent|Day 25 : Simulation Status Received
28/06 21:48:12 INFO naive.NaiveAgent|Day 25: Sending BidBundle
28/06 21:48:12 INFO naive.NaiveAgent|Day 25 ended. Starting next day
28/06 21:48:22 INFO naive.NaiveAgent|Day 26 :BankStatus[-2.395529]
28/06 21:48:22 INFO naive.NaiveAgent|Day 26: Daily notification for campaign 819872954
28/06 21:48:22 SEVERE agentware.AgentServiceImpl|agent could not handle message Message[coordinator,adv1,AdNetworkDailyNotification [effectiveDay=26, serviceLevel=0.47829690000000014, price=0.0, qualityScore=0.4, campaignId=819872954, winner=DummyAdnetwork-5, cost=0.0]]
java.lang.ClassFormatError: naive/NaiveAgent$CampaignData
	at naive.NaiveAgent.handleAdNetworkDailyNotification(NaiveAgent.java:282)
	at naive.NaiveAgent.messageReceived(NaiveAgent.java:135)
	at se.sics.tasim.aw.AgentService.deliverToAgent(AgentService.java:130)
	at tau.tac.adx.agentware.AgentServiceImpl.deliverToAgent(AgentServiceImpl.java:134)
	at tau.tac.adx.agentware.SimClient.run(SimClient.java:439)
	at java.lang.Thread.run(Thread.java:680)
28/06 21:48:22 SEVERE agentware.AgentServiceImpl|agent could not handle message Message[coordinator,adv1,tau.tac.adx.report.demand.CampaignOpportunityMessage[2012525319,10000,28,37,[YOUNG, MALE],2.0,1.5,26,[]]]
java.lang.ClassFormatError: naive/NaiveAgent$CampaignData
	at naive.NaiveAgent.handleICampaignOpportunityMessage(NaiveAgent.java:222)
	at naive.NaiveAgent.messageReceived(NaiveAgent.java:131)
	at se.sics.tasim.aw.AgentService.deliverToAgent(AgentService.java:130)
	at tau.tac.adx.agentware.AgentServiceImpl.deliverToAgent(AgentServiceImpl.java:134)
	at tau.tac.adx.agentware.SimClient.run(SimClient.java:439)
	at java.lang.Thread.run(Thread.java:680)
28/06 21:48:22 INFO naive.NaiveAgent|Day 26 : Simulation Status Received
28/06 21:48:22 INFO naive.NaiveAgent|Day 26: Sending BidBundle
28/06 21:48:22 INFO naive.NaiveAgent|Day 26 ended. Starting next day
28/06 21:48:31 INFO naive.NaiveAgent|Day 27 :BankStatus[-2.495617]
28/06 21:48:31 INFO naive.NaiveAgent|Day 27: Daily notification for campaign 2012525319
28/06 21:48:31 SEVERE agentware.AgentServiceImpl|agent could not handle message Message[coordinator,adv1,AdNetworkDailyNotification [effectiveDay=27, serviceLevel=0.47829690000000014, price=0.0, qualityScore=0.4, campaignId=2012525319, winner=DummyAdnetwork-7, cost=0.0]]
java.lang.ClassFormatError: naive/NaiveAgent$CampaignData
	at naive.NaiveAgent.handleAdNetworkDailyNotification(NaiveAgent.java:282)
	at naive.NaiveAgent.messageReceived(NaiveAgent.java:135)
	at se.sics.tasim.aw.AgentService.deliverToAgent(AgentService.java:130)
	at tau.tac.adx.agentware.AgentServiceImpl.deliverToAgent(AgentServiceImpl.java:134)
	at tau.tac.adx.agentware.SimClient.run(SimClient.java:439)
	at java.lang.Thread.run(Thread.java:680)
28/06 21:48:31 SEVERE agentware.AgentServiceImpl|agent could not handle message Message[coordinator,adv1,tau.tac.adx.report.demand.CampaignOpportunityMessage[63820535,10000,29,31,[OLD, FEMALE],2.0,1.5,27,[]]]
java.lang.ClassFormatError: naive/NaiveAgent$CampaignData
	at naive.NaiveAgent.handleICampaignOpportunityMessage(NaiveAgent.java:222)
	at naive.NaiveAgent.messageReceived(NaiveAgent.java:131)
	at se.sics.tasim.aw.AgentService.deliverToAgent(AgentService.java:130)
	at tau.tac.adx.agentware.AgentServiceImpl.deliverToAgent(AgentServiceImpl.java:134)
	at tau.tac.adx.agentware.SimClient.run(SimClient.java:439)
	at java.lang.Thread.run(Thread.java:680)
28/06 21:48:31 INFO naive.NaiveAgent|Day 27 : Simulation Status Received
28/06 21:48:31 INFO naive.NaiveAgent|Day 27: Sending BidBundle
28/06 21:48:31 INFO naive.NaiveAgent|Day 27 ended. Starting next day
28/06 21:48:42 INFO naive.NaiveAgent|Day 28 :BankStatus[-2.591802]
28/06 21:48:42 INFO naive.NaiveAgent|Day 28: Daily notification for campaign 63820535
28/06 21:48:42 SEVERE agentware.AgentServiceImpl|agent could not handle message Message[coordinator,adv1,AdNetworkDailyNotification [effectiveDay=28, serviceLevel=0.47829690000000014, price=0.0, qualityScore=0.4, campaignId=63820535, winner=DummyAdnetwork-3, cost=0.0]]
java.lang.ClassFormatError: naive/NaiveAgent$CampaignData
	at naive.NaiveAgent.handleAdNetworkDailyNotification(NaiveAgent.java:282)
	at naive.NaiveAgent.messageReceived(NaiveAgent.java:135)
	at se.sics.tasim.aw.AgentService.deliverToAgent(AgentService.java:130)
	at tau.tac.adx.agentware.AgentServiceImpl.deliverToAgent(AgentServiceImpl.java:134)
	at tau.tac.adx.agentware.SimClient.run(SimClient.java:439)
	at java.lang.Thread.run(Thread.java:680)
28/06 21:48:42 SEVERE agentware.AgentServiceImpl|agent could not handle message Message[coordinator,adv1,tau.tac.adx.report.demand.CampaignOpportunityMessage[1161047145,10000,30,34,[YOUNG, HIGH_INCOME],2.0,1.5,28,[]]]
java.lang.ClassFormatError: naive/NaiveAgent$CampaignData
	at naive.NaiveAgent.handleICampaignOpportunityMessage(NaiveAgent.java:222)
	at naive.NaiveAgent.messageReceived(NaiveAgent.java:131)
	at se.sics.tasim.aw.AgentService.deliverToAgent(AgentService.java:130)
	at tau.tac.adx.agentware.AgentServiceImpl.deliverToAgent(AgentServiceImpl.java:134)
	at tau.tac.adx.agentware.SimClient.run(SimClient.java:439)
	at java.lang.Thread.run(Thread.java:680)
28/06 21:48:42 INFO naive.NaiveAgent|Day 28 : Simulation Status Received
28/06 21:48:42 INFO naive.NaiveAgent|Day 28: Sending BidBundle
28/06 21:48:42 INFO naive.NaiveAgent|Day 28 ended. Starting next day
28/06 21:48:52 INFO naive.NaiveAgent|Day 29 :BankStatus[-2.684873]
28/06 21:48:52 INFO naive.NaiveAgent|Day 29: Daily notification for campaign 1161047145
28/06 21:48:52 SEVERE agentware.AgentServiceImpl|agent could not handle message Message[coordinator,adv1,AdNetworkDailyNotification [effectiveDay=29, serviceLevel=0.47829690000000014, price=0.0, qualityScore=0.4, campaignId=1161047145, winner=DummyAdnetwork, cost=0.0]]
java.lang.ClassFormatError: naive/NaiveAgent$CampaignData
	at naive.NaiveAgent.handleAdNetworkDailyNotification(NaiveAgent.java:282)
	at naive.NaiveAgent.messageReceived(NaiveAgent.java:135)
	at se.sics.tasim.aw.AgentService.deliverToAgent(AgentService.java:130)
	at tau.tac.adx.agentware.AgentServiceImpl.deliverToAgent(AgentServiceImpl.java:134)
	at tau.tac.adx.agentware.SimClient.run(SimClient.java:439)
	at java.lang.Thread.run(Thread.java:680)
28/06 21:48:52 SEVERE agentware.AgentServiceImpl|agent could not handle message Message[coordinator,adv1,tau.tac.adx.report.demand.CampaignOpportunityMessage[1460079996,15000,31,40,[OLD, FEMALE],2.0,1.5,29,[]]]
java.lang.ClassFormatError: naive/NaiveAgent$CampaignData
	at naive.NaiveAgent.handleICampaignOpportunityMessage(NaiveAgent.java:222)
	at naive.NaiveAgent.messageReceived(NaiveAgent.java:131)
	at se.sics.tasim.aw.AgentService.deliverToAgent(AgentService.java:130)
	at tau.tac.adx.agentware.AgentServiceImpl.deliverToAgent(AgentServiceImpl.java:134)
	at tau.tac.adx.agentware.SimClient.run(SimClient.java:439)
	at java.lang.Thread.run(Thread.java:680)
28/06 21:48:52 INFO naive.NaiveAgent|Day 29 : Simulation Status Received
28/06 21:48:52 INFO naive.NaiveAgent|Day 29: Sending BidBundle
28/06 21:48:52 INFO naive.NaiveAgent|Day 29 ended. Starting next day
28/06 21:49:02 INFO naive.NaiveAgent|Day 30 :BankStatus[-2.776085]
28/06 21:49:02 INFO naive.NaiveAgent|Day 30: Daily notification for campaign 1460079996
28/06 21:49:02 SEVERE agentware.AgentServiceImpl|agent could not handle message Message[coordinator,adv1,AdNetworkDailyNotification [effectiveDay=30, serviceLevel=0.47829690000000014, price=0.0, qualityScore=0.4, campaignId=1460079996, winner=DummyAdnetwork-6, cost=0.0]]
java.lang.ClassFormatError: naive/NaiveAgent$CampaignData
	at naive.NaiveAgent.handleAdNetworkDailyNotification(NaiveAgent.java:282)
	at naive.NaiveAgent.messageReceived(NaiveAgent.java:135)
	at se.sics.tasim.aw.AgentService.deliverToAgent(AgentService.java:130)
	at tau.tac.adx.agentware.AgentServiceImpl.deliverToAgent(AgentServiceImpl.java:134)
	at tau.tac.adx.agentware.SimClient.run(SimClient.java:439)
	at java.lang.Thread.run(Thread.java:680)
28/06 21:49:02 SEVERE agentware.AgentServiceImpl|agent could not handle message Message[coordinator,adv1,tau.tac.adx.report.demand.CampaignOpportunityMessage[1180369266,5000,32,41,[YOUNG, LOW_INCOME],2.0,1.5,30,[]]]
java.lang.ClassFormatError: naive/NaiveAgent$CampaignData
	at naive.NaiveAgent.handleICampaignOpportunityMessage(NaiveAgent.java:222)
	at naive.NaiveAgent.messageReceived(NaiveAgent.java:131)
	at se.sics.tasim.aw.AgentService.deliverToAgent(AgentService.java:130)
	at tau.tac.adx.agentware.AgentServiceImpl.deliverToAgent(AgentServiceImpl.java:134)
	at tau.tac.adx.agentware.SimClient.run(SimClient.java:439)
	at java.lang.Thread.run(Thread.java:680)
28/06 21:49:02 INFO naive.NaiveAgent|Day 30 : Simulation Status Received
28/06 21:49:02 INFO naive.NaiveAgent|Day 30: Sending BidBundle
28/06 21:49:02 INFO naive.NaiveAgent|Day 30 ended. Starting next day
28/06 21:49:13 INFO naive.NaiveAgent|Day 31 :BankStatus[-2.885198]
28/06 21:49:13 INFO naive.NaiveAgent|Day 31: Daily notification for campaign 1180369266
28/06 21:49:13 SEVERE agentware.AgentServiceImpl|agent could not handle message Message[coordinator,adv1,AdNetworkDailyNotification [effectiveDay=31, serviceLevel=0.47829690000000014, price=0.0, qualityScore=0.4, campaignId=1180369266, winner=DummyAdnetwork-7, cost=0.0]]
java.lang.ClassFormatError: naive/NaiveAgent$CampaignData
	at naive.NaiveAgent.handleAdNetworkDailyNotification(NaiveAgent.java:282)
	at naive.NaiveAgent.messageReceived(NaiveAgent.java:135)
	at se.sics.tasim.aw.AgentService.deliverToAgent(AgentService.java:130)
	at tau.tac.adx.agentware.AgentServiceImpl.deliverToAgent(AgentServiceImpl.java:134)
	at tau.tac.adx.agentware.SimClient.run(SimClient.java:439)
	at java.lang.Thread.run(Thread.java:680)
28/06 21:49:13 SEVERE agentware.AgentServiceImpl|agent could not handle message Message[coordinator,adv1,tau.tac.adx.report.demand.CampaignOpportunityMessage[462457378,10000,33,42,[YOUNG, FEMALE],2.0,1.5,31,[]]]
java.lang.ClassFormatError: naive/NaiveAgent$CampaignData
	at naive.NaiveAgent.handleICampaignOpportunityMessage(NaiveAgent.java:222)
	at naive.NaiveAgent.messageReceived(NaiveAgent.java:131)
	at se.sics.tasim.aw.AgentService.deliverToAgent(AgentService.java:130)
	at tau.tac.adx.agentware.AgentServiceImpl.deliverToAgent(AgentServiceImpl.java:134)
	at tau.tac.adx.agentware.SimClient.run(SimClient.java:439)
	at java.lang.Thread.run(Thread.java:680)
28/06 21:49:13 INFO naive.NaiveAgent|Day 31 : Simulation Status Received
28/06 21:49:13 INFO naive.NaiveAgent|Day 31: Sending BidBundle
28/06 21:49:13 INFO naive.NaiveAgent|Day 31 ended. Starting next day
28/06 21:49:22 INFO naive.NaiveAgent|Day 32 :BankStatus[-2.978905]
28/06 21:49:22 INFO naive.NaiveAgent|Day 32: Daily notification for campaign 462457378
28/06 21:49:22 SEVERE agentware.AgentServiceImpl|agent could not handle message Message[coordinator,adv1,AdNetworkDailyNotification [effectiveDay=32, serviceLevel=0.47829690000000014, price=0.0, qualityScore=0.4, campaignId=462457378, winner=DummyAdnetwork-4, cost=0.0]]
java.lang.ClassFormatError: naive/NaiveAgent$CampaignData
	at naive.NaiveAgent.handleAdNetworkDailyNotification(NaiveAgent.java:282)
	at naive.NaiveAgent.messageReceived(NaiveAgent.java:135)
	at se.sics.tasim.aw.AgentService.deliverToAgent(AgentService.java:130)
	at tau.tac.adx.agentware.AgentServiceImpl.deliverToAgent(AgentServiceImpl.java:134)
	at tau.tac.adx.agentware.SimClient.run(SimClient.java:439)
	at java.lang.Thread.run(Thread.java:680)
28/06 21:49:22 SEVERE agentware.AgentServiceImpl|agent could not handle message Message[coordinator,adv1,tau.tac.adx.report.demand.CampaignOpportunityMessage[1636563870,15000,34,43,[HIGH_INCOME, FEMALE],2.0,1.5,32,[]]]
java.lang.ClassFormatError: naive/NaiveAgent$CampaignData
	at naive.NaiveAgent.handleICampaignOpportunityMessage(NaiveAgent.java:222)
	at naive.NaiveAgent.messageReceived(NaiveAgent.java:131)
	at se.sics.tasim.aw.AgentService.deliverToAgent(AgentService.java:130)
	at tau.tac.adx.agentware.AgentServiceImpl.deliverToAgent(AgentServiceImpl.java:134)
	at tau.tac.adx.agentware.SimClient.run(SimClient.java:439)
	at java.lang.Thread.run(Thread.java:680)
28/06 21:49:22 INFO naive.NaiveAgent|Day 32 : Simulation Status Received
28/06 21:49:22 INFO naive.NaiveAgent|Day 32: Sending BidBundle
28/06 21:49:22 INFO naive.NaiveAgent|Day 32 ended. Starting next day
28/06 21:49:32 INFO naive.NaiveAgent|Day 33 :BankStatus[-3.073649]
28/06 21:49:32 INFO naive.NaiveAgent|Day 33: Daily notification for campaign 1636563870
28/06 21:49:32 SEVERE agentware.AgentServiceImpl|agent could not handle message Message[coordinator,adv1,AdNetworkDailyNotification [effectiveDay=33, serviceLevel=0.47829690000000014, price=0.0, qualityScore=0.4, campaignId=1636563870, winner=DummyAdnetwork-7, cost=0.0]]
java.lang.ClassFormatError: naive/NaiveAgent$CampaignData
	at naive.NaiveAgent.handleAdNetworkDailyNotification(NaiveAgent.java:282)
	at naive.NaiveAgent.messageReceived(NaiveAgent.java:135)
	at se.sics.tasim.aw.AgentService.deliverToAgent(AgentService.java:130)
	at tau.tac.adx.agentware.AgentServiceImpl.deliverToAgent(AgentServiceImpl.java:134)
	at tau.tac.adx.agentware.SimClient.run(SimClient.java:439)
	at java.lang.Thread.run(Thread.java:680)
28/06 21:49:32 SEVERE agentware.AgentServiceImpl|agent could not handle message Message[coordinator,adv1,tau.tac.adx.report.demand.CampaignOpportunityMessage[570007754,10000,35,37,[YOUNG, LOW_INCOME],2.0,1.5,33,[]]]
java.lang.ClassFormatError: naive/NaiveAgent$CampaignData
	at naive.NaiveAgent.handleICampaignOpportunityMessage(NaiveAgent.java:222)
	at naive.NaiveAgent.messageReceived(NaiveAgent.java:131)
	at se.sics.tasim.aw.AgentService.deliverToAgent(AgentService.java:130)
	at tau.tac.adx.agentware.AgentServiceImpl.deliverToAgent(AgentServiceImpl.java:134)
	at tau.tac.adx.agentware.SimClient.run(SimClient.java:439)
	at java.lang.Thread.run(Thread.java:680)
28/06 21:49:32 INFO naive.NaiveAgent|Day 33 : Simulation Status Received
28/06 21:49:32 INFO naive.NaiveAgent|Day 33: Sending BidBundle
28/06 21:49:32 INFO naive.NaiveAgent|Day 33 ended. Starting next day
28/06 21:49:44 INFO naive.NaiveAgent|Day 34 :BankStatus[-3.170878]
28/06 21:49:44 INFO naive.NaiveAgent|Day 34: Daily notification for campaign 570007754
28/06 21:49:44 SEVERE agentware.AgentServiceImpl|agent could not handle message Message[coordinator,adv1,AdNetworkDailyNotification [effectiveDay=34, serviceLevel=0.47829690000000014, price=0.0, qualityScore=0.4, campaignId=570007754, winner=DummyAdnetwork-6, cost=0.0]]
java.lang.ClassFormatError: naive/NaiveAgent$CampaignData
	at naive.NaiveAgent.handleAdNetworkDailyNotification(NaiveAgent.java:282)
	at naive.NaiveAgent.messageReceived(NaiveAgent.java:135)
	at se.sics.tasim.aw.AgentService.deliverToAgent(AgentService.java:130)
	at tau.tac.adx.agentware.AgentServiceImpl.deliverToAgent(AgentServiceImpl.java:134)
	at tau.tac.adx.agentware.SimClient.run(SimClient.java:439)
	at java.lang.Thread.run(Thread.java:680)
28/06 21:49:44 SEVERE agentware.AgentServiceImpl|agent could not handle message Message[coordinator,adv1,tau.tac.adx.report.demand.CampaignOpportunityMessage[1215661367,10000,36,40,[HIGH_INCOME, OLD],2.0,1.5,34,[]]]
java.lang.ClassFormatError: naive/NaiveAgent$CampaignData
	at naive.NaiveAgent.handleICampaignOpportunityMessage(NaiveAgent.java:222)
	at naive.NaiveAgent.messageReceived(NaiveAgent.java:131)
	at se.sics.tasim.aw.AgentService.deliverToAgent(AgentService.java:130)
	at tau.tac.adx.agentware.AgentServiceImpl.deliverToAgent(AgentServiceImpl.java:134)
	at tau.tac.adx.agentware.SimClient.run(SimClient.java:439)
	at java.lang.Thread.run(Thread.java:680)
28/06 21:49:44 INFO naive.NaiveAgent|Day 34 : Simulation Status Received
28/06 21:49:44 INFO naive.NaiveAgent|Day 34: Sending BidBundle
28/06 21:49:44 INFO naive.NaiveAgent|Day 34 ended. Starting next day
28/06 21:49:53 INFO naive.NaiveAgent|Day 35 :BankStatus[-3.263631]
28/06 21:49:53 INFO naive.NaiveAgent|Day 35: Daily notification for campaign 1215661367
28/06 21:49:53 SEVERE agentware.AgentServiceImpl|agent could not handle message Message[coordinator,adv1,AdNetworkDailyNotification [effectiveDay=35, serviceLevel=0.47829690000000014, price=0.0, qualityScore=0.4, campaignId=1215661367, winner=DummyAdnetwork-5, cost=0.0]]
java.lang.ClassFormatError: naive/NaiveAgent$CampaignData
	at naive.NaiveAgent.handleAdNetworkDailyNotification(NaiveAgent.java:282)
	at naive.NaiveAgent.messageReceived(NaiveAgent.java:135)
	at se.sics.tasim.aw.AgentService.deliverToAgent(AgentService.java:130)
	at tau.tac.adx.agentware.AgentServiceImpl.deliverToAgent(AgentServiceImpl.java:134)
	at tau.tac.adx.agentware.SimClient.run(SimClient.java:439)
	at java.lang.Thread.run(Thread.java:680)
28/06 21:49:53 SEVERE agentware.AgentServiceImpl|agent could not handle message Message[coordinator,adv1,tau.tac.adx.report.demand.CampaignOpportunityMessage[2070397853,5000,37,46,[HIGH_INCOME, OLD],2.0,1.5,35,[]]]
java.lang.ClassFormatError: naive/NaiveAgent$CampaignData
	at naive.NaiveAgent.handleICampaignOpportunityMessage(NaiveAgent.java:222)
	at naive.NaiveAgent.messageReceived(NaiveAgent.java:131)
	at se.sics.tasim.aw.AgentService.deliverToAgent(AgentService.java:130)
	at tau.tac.adx.agentware.AgentServiceImpl.deliverToAgent(AgentServiceImpl.java:134)
	at tau.tac.adx.agentware.SimClient.run(SimClient.java:439)
	at java.lang.Thread.run(Thread.java:680)
28/06 21:49:53 INFO naive.NaiveAgent|Day 35 : Simulation Status Received
28/06 21:49:53 INFO naive.NaiveAgent|Day 35: Sending BidBundle
28/06 21:49:53 INFO naive.NaiveAgent|Day 35 ended. Starting next day
28/06 21:50:03 INFO naive.NaiveAgent|Day 36 :BankStatus[-3.353964]
28/06 21:50:03 INFO naive.NaiveAgent|Day 36: Daily notification for campaign 2070397853
28/06 21:50:03 SEVERE agentware.AgentServiceImpl|agent could not handle message Message[coordinator,adv1,AdNetworkDailyNotification [effectiveDay=36, serviceLevel=0.47829690000000014, price=0.0, qualityScore=0.4, campaignId=2070397853, winner=DummyAdnetwork-7, cost=0.0]]
java.lang.ClassFormatError: naive/NaiveAgent$CampaignData
	at naive.NaiveAgent.handleAdNetworkDailyNotification(NaiveAgent.java:282)
	at naive.NaiveAgent.messageReceived(NaiveAgent.java:135)
	at se.sics.tasim.aw.AgentService.deliverToAgent(AgentService.java:130)
	at tau.tac.adx.agentware.AgentServiceImpl.deliverToAgent(AgentServiceImpl.java:134)
	at tau.tac.adx.agentware.SimClient.run(SimClient.java:439)
	at java.lang.Thread.run(Thread.java:680)
28/06 21:50:03 SEVERE agentware.AgentServiceImpl|agent could not handle message Message[coordinator,adv1,tau.tac.adx.report.demand.CampaignOpportunityMessage[666742198,10000,38,42,[LOW_INCOME, OLD],2.0,1.5,36,[]]]
java.lang.ClassFormatError: naive/NaiveAgent$CampaignData
	at naive.NaiveAgent.handleICampaignOpportunityMessage(NaiveAgent.java:222)
	at naive.NaiveAgent.messageReceived(NaiveAgent.java:131)
	at se.sics.tasim.aw.AgentService.deliverToAgent(AgentService.java:130)
	at tau.tac.adx.agentware.AgentServiceImpl.deliverToAgent(AgentServiceImpl.java:134)
	at tau.tac.adx.agentware.SimClient.run(SimClient.java:439)
	at java.lang.Thread.run(Thread.java:680)
28/06 21:50:03 INFO naive.NaiveAgent|Day 36 : Simulation Status Received
28/06 21:50:03 INFO naive.NaiveAgent|Day 36: Sending BidBundle
28/06 21:50:03 INFO naive.NaiveAgent|Day 36 ended. Starting next day
28/06 21:50:13 INFO naive.NaiveAgent|Day 37 :BankStatus[-3.452917]
28/06 21:50:13 INFO naive.NaiveAgent|Day 37: Daily notification for campaign 666742198
28/06 21:50:13 SEVERE agentware.AgentServiceImpl|agent could not handle message Message[coordinator,adv1,AdNetworkDailyNotification [effectiveDay=37, serviceLevel=0.47829690000000014, price=0.0, qualityScore=0.4, campaignId=666742198, winner=DummyAdnetwork-7, cost=0.0]]
java.lang.ClassFormatError: naive/NaiveAgent$CampaignData
	at naive.NaiveAgent.handleAdNetworkDailyNotification(NaiveAgent.java:282)
	at naive.NaiveAgent.messageReceived(NaiveAgent.java:135)
	at se.sics.tasim.aw.AgentService.deliverToAgent(AgentService.java:130)
	at tau.tac.adx.agentware.AgentServiceImpl.deliverToAgent(AgentServiceImpl.java:134)
	at tau.tac.adx.agentware.SimClient.run(SimClient.java:439)
	at java.lang.Thread.run(Thread.java:680)
28/06 21:50:13 SEVERE agentware.AgentServiceImpl|agent could not handle message Message[coordinator,adv1,tau.tac.adx.report.demand.CampaignOpportunityMessage[676716271,15000,39,48,[LOW_INCOME, MALE],2.0,1.5,37,[]]]
java.lang.ClassFormatError: naive/NaiveAgent$CampaignData
	at naive.NaiveAgent.handleICampaignOpportunityMessage(NaiveAgent.java:222)
	at naive.NaiveAgent.messageReceived(NaiveAgent.java:131)
	at se.sics.tasim.aw.AgentService.deliverToAgent(AgentService.java:130)
	at tau.tac.adx.agentware.AgentServiceImpl.deliverToAgent(AgentServiceImpl.java:134)
	at tau.tac.adx.agentware.SimClient.run(SimClient.java:439)
	at java.lang.Thread.run(Thread.java:680)
28/06 21:50:13 INFO naive.NaiveAgent|Day 37 : Simulation Status Received
28/06 21:50:13 INFO naive.NaiveAgent|Day 37: Sending BidBundle
28/06 21:50:13 INFO naive.NaiveAgent|Day 37 ended. Starting next day
28/06 21:50:23 INFO naive.NaiveAgent|Day 38 :BankStatus[-3.564657]
28/06 21:50:23 INFO naive.NaiveAgent|Day 38: Daily notification for campaign 676716271
28/06 21:50:23 SEVERE agentware.AgentServiceImpl|agent could not handle message Message[coordinator,adv1,AdNetworkDailyNotification [effectiveDay=38, serviceLevel=0.47829690000000014, price=0.0, qualityScore=0.4, campaignId=676716271, winner=DummyAdnetwork, cost=0.0]]
java.lang.ClassFormatError: naive/NaiveAgent$CampaignData
	at naive.NaiveAgent.handleAdNetworkDailyNotification(NaiveAgent.java:282)
	at naive.NaiveAgent.messageReceived(NaiveAgent.java:135)
	at se.sics.tasim.aw.AgentService.deliverToAgent(AgentService.java:130)
	at tau.tac.adx.agentware.AgentServiceImpl.deliverToAgent(AgentServiceImpl.java:134)
	at tau.tac.adx.agentware.SimClient.run(SimClient.java:439)
	at java.lang.Thread.run(Thread.java:680)
28/06 21:50:23 SEVERE agentware.AgentServiceImpl|agent could not handle message Message[coordinator,adv1,tau.tac.adx.report.demand.CampaignOpportunityMessage[1189931584,15000,40,44,[YOUNG, HIGH_INCOME],2.0,1.5,38,[]]]
java.lang.ClassFormatError: naive/NaiveAgent$CampaignData
	at naive.NaiveAgent.handleICampaignOpportunityMessage(NaiveAgent.java:222)
	at naive.NaiveAgent.messageReceived(NaiveAgent.java:131)
	at se.sics.tasim.aw.AgentService.deliverToAgent(AgentService.java:130)
	at tau.tac.adx.agentware.AgentServiceImpl.deliverToAgent(AgentServiceImpl.java:134)
	at tau.tac.adx.agentware.SimClient.run(SimClient.java:439)
	at java.lang.Thread.run(Thread.java:680)
28/06 21:50:23 INFO naive.NaiveAgent|Day 38 : Simulation Status Received
28/06 21:50:23 INFO naive.NaiveAgent|Day 38: Sending BidBundle
28/06 21:50:23 INFO naive.NaiveAgent|Day 38 ended. Starting next day
28/06 21:50:33 INFO naive.NaiveAgent|Day 39 :BankStatus[-3.682327]
28/06 21:50:33 INFO naive.NaiveAgent|Day 39: Daily notification for campaign 1189931584
28/06 21:50:33 SEVERE agentware.AgentServiceImpl|agent could not handle message Message[coordinator,adv1,AdNetworkDailyNotification [effectiveDay=39, serviceLevel=0.47829690000000014, price=0.0, qualityScore=0.4, campaignId=1189931584, winner=DummyAdnetwork, cost=0.0]]
java.lang.ClassFormatError: naive/NaiveAgent$CampaignData
	at naive.NaiveAgent.handleAdNetworkDailyNotification(NaiveAgent.java:282)
	at naive.NaiveAgent.messageReceived(NaiveAgent.java:135)
	at se.sics.tasim.aw.AgentService.deliverToAgent(AgentService.java:130)
	at tau.tac.adx.agentware.AgentServiceImpl.deliverToAgent(AgentServiceImpl.java:134)
	at tau.tac.adx.agentware.SimClient.run(SimClient.java:439)
	at java.lang.Thread.run(Thread.java:680)
28/06 21:50:33 SEVERE agentware.AgentServiceImpl|agent could not handle message Message[coordinator,adv1,tau.tac.adx.report.demand.CampaignOpportunityMessage[904356375,15000,41,43,[HIGH_INCOME, MALE],2.0,1.5,39,[]]]
java.lang.ClassFormatError: naive/NaiveAgent$CampaignData
	at naive.NaiveAgent.handleICampaignOpportunityMessage(NaiveAgent.java:222)
	at naive.NaiveAgent.messageReceived(NaiveAgent.java:131)
	at se.sics.tasim.aw.AgentService.deliverToAgent(AgentService.java:130)
	at tau.tac.adx.agentware.AgentServiceImpl.deliverToAgent(AgentServiceImpl.java:134)
	at tau.tac.adx.agentware.SimClient.run(SimClient.java:439)
	at java.lang.Thread.run(Thread.java:680)
28/06 21:50:33 INFO naive.NaiveAgent|Day 39 : Simulation Status Received
28/06 21:50:33 INFO naive.NaiveAgent|Day 39: Sending BidBundle
28/06 21:50:33 INFO naive.NaiveAgent|Day 39 ended. Starting next day
28/06 21:50:45 INFO naive.NaiveAgent|Day 40 :BankStatus[-3.774214]
28/06 21:50:45 INFO naive.NaiveAgent|Day 40: Daily notification for campaign 904356375
28/06 21:50:45 SEVERE agentware.AgentServiceImpl|agent could not handle message Message[coordinator,adv1,AdNetworkDailyNotification [effectiveDay=40, serviceLevel=0.47829690000000014, price=0.0, qualityScore=0.4, campaignId=904356375, winner=DummyAdnetwork-3, cost=0.0]]
java.lang.ClassFormatError: naive/NaiveAgent$CampaignData
	at naive.NaiveAgent.handleAdNetworkDailyNotification(NaiveAgent.java:282)
	at naive.NaiveAgent.messageReceived(NaiveAgent.java:135)
	at se.sics.tasim.aw.AgentService.deliverToAgent(AgentService.java:130)
	at tau.tac.adx.agentware.AgentServiceImpl.deliverToAgent(AgentServiceImpl.java:134)
	at tau.tac.adx.agentware.SimClient.run(SimClient.java:439)
	at java.lang.Thread.run(Thread.java:680)
28/06 21:50:45 SEVERE agentware.AgentServiceImpl|agent could not handle message Message[coordinator,adv1,tau.tac.adx.report.demand.CampaignOpportunityMessage[1446375741,10000,42,46,[HIGH_INCOME, OLD],2.0,1.5,40,[]]]
java.lang.ClassFormatError: naive/NaiveAgent$CampaignData
	at naive.NaiveAgent.handleICampaignOpportunityMessage(NaiveAgent.java:222)
	at naive.NaiveAgent.messageReceived(NaiveAgent.java:131)
	at se.sics.tasim.aw.AgentService.deliverToAgent(AgentService.java:130)
	at tau.tac.adx.agentware.AgentServiceImpl.deliverToAgent(AgentServiceImpl.java:134)
	at tau.tac.adx.agentware.SimClient.run(SimClient.java:439)
	at java.lang.Thread.run(Thread.java:680)
28/06 21:50:45 INFO naive.NaiveAgent|Day 40 : Simulation Status Received
28/06 21:50:45 INFO naive.NaiveAgent|Day 40: Sending BidBundle
28/06 21:50:45 INFO naive.NaiveAgent|Day 40 ended. Starting next day
28/06 21:50:52 INFO naive.NaiveAgent|Day 41 :BankStatus[-3.874436]
28/06 21:50:52 INFO naive.NaiveAgent|Day 41: Daily notification for campaign 1446375741
28/06 21:50:52 SEVERE agentware.AgentServiceImpl|agent could not handle message Message[coordinator,adv1,AdNetworkDailyNotification [effectiveDay=41, serviceLevel=0.47829690000000014, price=0.0, qualityScore=0.4, campaignId=1446375741, winner=DummyAdnetwork-6, cost=0.0]]
java.lang.ClassFormatError: naive/NaiveAgent$CampaignData
	at naive.NaiveAgent.handleAdNetworkDailyNotification(NaiveAgent.java:282)
	at naive.NaiveAgent.messageReceived(NaiveAgent.java:135)
	at se.sics.tasim.aw.AgentService.deliverToAgent(AgentService.java:130)
	at tau.tac.adx.agentware.AgentServiceImpl.deliverToAgent(AgentServiceImpl.java:134)
	at tau.tac.adx.agentware.SimClient.run(SimClient.java:439)
	at java.lang.Thread.run(Thread.java:680)
28/06 21:50:52 SEVERE agentware.AgentServiceImpl|agent could not handle message Message[coordinator,adv1,tau.tac.adx.report.demand.CampaignOpportunityMessage[1014523163,15000,43,47,[HIGH_INCOME, FEMALE],2.0,1.5,41,[]]]
java.lang.ClassFormatError: naive/NaiveAgent$CampaignData
	at naive.NaiveAgent.handleICampaignOpportunityMessage(NaiveAgent.java:222)
	at naive.NaiveAgent.messageReceived(NaiveAgent.java:131)
	at se.sics.tasim.aw.AgentService.deliverToAgent(AgentService.java:130)
	at tau.tac.adx.agentware.AgentServiceImpl.deliverToAgent(AgentServiceImpl.java:134)
	at tau.tac.adx.agentware.SimClient.run(SimClient.java:439)
	at java.lang.Thread.run(Thread.java:680)
28/06 21:50:52 INFO naive.NaiveAgent|Day 41 : Simulation Status Received
28/06 21:50:52 INFO naive.NaiveAgent|Day 41: Sending BidBundle
28/06 21:50:52 INFO naive.NaiveAgent|Day 41 ended. Starting next day
28/06 21:51:03 INFO naive.NaiveAgent|Day 42 :BankStatus[-3.965635]
28/06 21:51:03 INFO naive.NaiveAgent|Day 42: Daily notification for campaign 1014523163
28/06 21:51:03 SEVERE agentware.AgentServiceImpl|agent could not handle message Message[coordinator,adv1,AdNetworkDailyNotification [effectiveDay=42, serviceLevel=0.47829690000000014, price=0.0, qualityScore=0.4, campaignId=1014523163, winner=DummyAdnetwork-5, cost=0.0]]
java.lang.ClassFormatError: naive/NaiveAgent$CampaignData
	at naive.NaiveAgent.handleAdNetworkDailyNotification(NaiveAgent.java:282)
	at naive.NaiveAgent.messageReceived(NaiveAgent.java:135)
	at se.sics.tasim.aw.AgentService.deliverToAgent(AgentService.java:130)
	at tau.tac.adx.agentware.AgentServiceImpl.deliverToAgent(AgentServiceImpl.java:134)
	at tau.tac.adx.agentware.SimClient.run(SimClient.java:439)
	at java.lang.Thread.run(Thread.java:680)
28/06 21:51:03 SEVERE agentware.AgentServiceImpl|agent could not handle message Message[coordinator,adv1,tau.tac.adx.report.demand.CampaignOpportunityMessage[2003253679,15000,44,53,[OLD, FEMALE],2.0,1.5,42,[]]]
java.lang.ClassFormatError: naive/NaiveAgent$CampaignData
	at naive.NaiveAgent.handleICampaignOpportunityMessage(NaiveAgent.java:222)
	at naive.NaiveAgent.messageReceived(NaiveAgent.java:131)
	at se.sics.tasim.aw.AgentService.deliverToAgent(AgentService.java:130)
	at tau.tac.adx.agentware.AgentServiceImpl.deliverToAgent(AgentServiceImpl.java:134)
	at tau.tac.adx.agentware.SimClient.run(SimClient.java:439)
	at java.lang.Thread.run(Thread.java:680)
28/06 21:51:03 INFO naive.NaiveAgent|Day 42 : Simulation Status Received
28/06 21:51:03 INFO naive.NaiveAgent|Day 42: Sending BidBundle
28/06 21:51:03 INFO naive.NaiveAgent|Day 42 ended. Starting next day
28/06 21:51:12 INFO naive.NaiveAgent|Day 43 :BankStatus[-4.074654]
28/06 21:51:12 INFO naive.NaiveAgent|Day 43: Daily notification for campaign 2003253679
28/06 21:51:12 SEVERE agentware.AgentServiceImpl|agent could not handle message Message[coordinator,adv1,AdNetworkDailyNotification [effectiveDay=43, serviceLevel=0.47829690000000014, price=0.0, qualityScore=0.4, campaignId=2003253679, winner=DummyAdnetwork-7, cost=0.0]]
java.lang.ClassFormatError: naive/NaiveAgent$CampaignData
	at naive.NaiveAgent.handleAdNetworkDailyNotification(NaiveAgent.java:282)
	at naive.NaiveAgent.messageReceived(NaiveAgent.java:135)
	at se.sics.tasim.aw.AgentService.deliverToAgent(AgentService.java:130)
	at tau.tac.adx.agentware.AgentServiceImpl.deliverToAgent(AgentServiceImpl.java:134)
	at tau.tac.adx.agentware.SimClient.run(SimClient.java:439)
	at java.lang.Thread.run(Thread.java:680)
28/06 21:51:12 SEVERE agentware.AgentServiceImpl|agent could not handle message Message[coordinator,adv1,tau.tac.adx.report.demand.CampaignOpportunityMessage[2141619375,10000,45,47,[HIGH_INCOME, MALE],2.0,1.5,43,[]]]
java.lang.ClassFormatError: naive/NaiveAgent$CampaignData
	at naive.NaiveAgent.handleICampaignOpportunityMessage(NaiveAgent.java:222)
	at naive.NaiveAgent.messageReceived(NaiveAgent.java:131)
	at se.sics.tasim.aw.AgentService.deliverToAgent(AgentService.java:130)
	at tau.tac.adx.agentware.AgentServiceImpl.deliverToAgent(AgentServiceImpl.java:134)
	at tau.tac.adx.agentware.SimClient.run(SimClient.java:439)
	at java.lang.Thread.run(Thread.java:680)
28/06 21:51:12 INFO naive.NaiveAgent|Day 43 : Simulation Status Received
28/06 21:51:12 INFO naive.NaiveAgent|Day 43: Sending BidBundle
28/06 21:51:12 INFO naive.NaiveAgent|Day 43 ended. Starting next day
28/06 21:51:25 INFO naive.NaiveAgent|Day 44 :BankStatus[-4.154168]
28/06 21:51:25 INFO naive.NaiveAgent|Day 44: Daily notification for campaign 2141619375
28/06 21:51:25 SEVERE agentware.AgentServiceImpl|agent could not handle message Message[coordinator,adv1,AdNetworkDailyNotification [effectiveDay=44, serviceLevel=0.47829690000000014, price=0.0, qualityScore=0.4, campaignId=2141619375, winner=DummyAdnetwork, cost=0.0]]
java.lang.ClassFormatError: naive/NaiveAgent$CampaignData
	at naive.NaiveAgent.handleAdNetworkDailyNotification(NaiveAgent.java:282)
	at naive.NaiveAgent.messageReceived(NaiveAgent.java:135)
	at se.sics.tasim.aw.AgentService.deliverToAgent(AgentService.java:130)
	at tau.tac.adx.agentware.AgentServiceImpl.deliverToAgent(AgentServiceImpl.java:134)
	at tau.tac.adx.agentware.SimClient.run(SimClient.java:439)
	at java.lang.Thread.run(Thread.java:680)
28/06 21:51:25 SEVERE agentware.AgentServiceImpl|agent could not handle message Message[coordinator,adv1,tau.tac.adx.report.demand.CampaignOpportunityMessage[113253667,15000,46,50,[YOUNG, HIGH_INCOME],2.0,1.5,44,[]]]
java.lang.ClassFormatError: naive/NaiveAgent$CampaignData
	at naive.NaiveAgent.handleICampaignOpportunityMessage(NaiveAgent.java:222)
	at naive.NaiveAgent.messageReceived(NaiveAgent.java:131)
	at se.sics.tasim.aw.AgentService.deliverToAgent(AgentService.java:130)
	at tau.tac.adx.agentware.AgentServiceImpl.deliverToAgent(AgentServiceImpl.java:134)
	at tau.tac.adx.agentware.SimClient.run(SimClient.java:439)
	at java.lang.Thread.run(Thread.java:680)
28/06 21:51:25 INFO naive.NaiveAgent|Day 44 : Simulation Status Received
28/06 21:51:25 INFO naive.NaiveAgent|Day 44: Sending BidBundle
28/06 21:51:25 INFO naive.NaiveAgent|Day 44 ended. Starting next day
28/06 21:51:35 INFO naive.NaiveAgent|Day 45 :BankStatus[-4.239464]
28/06 21:51:35 INFO naive.NaiveAgent|Day 45: Daily notification for campaign 113253667
28/06 21:51:35 SEVERE agentware.AgentServiceImpl|agent could not handle message Message[coordinator,adv1,AdNetworkDailyNotification [effectiveDay=45, serviceLevel=0.47829690000000014, price=0.0, qualityScore=0.4, campaignId=113253667, winner=DummyAdnetwork-6, cost=0.0]]
java.lang.ClassFormatError: naive/NaiveAgent$CampaignData
	at naive.NaiveAgent.handleAdNetworkDailyNotification(NaiveAgent.java:282)
	at naive.NaiveAgent.messageReceived(NaiveAgent.java:135)
	at se.sics.tasim.aw.AgentService.deliverToAgent(AgentService.java:130)
	at tau.tac.adx.agentware.AgentServiceImpl.deliverToAgent(AgentServiceImpl.java:134)
	at tau.tac.adx.agentware.SimClient.run(SimClient.java:439)
	at java.lang.Thread.run(Thread.java:680)
28/06 21:51:35 SEVERE agentware.AgentServiceImpl|agent could not handle message Message[coordinator,adv1,tau.tac.adx.report.demand.CampaignOpportunityMessage[843047883,10000,47,49,[HIGH_INCOME, MALE],2.0,1.5,45,[]]]
java.lang.ClassFormatError: naive/NaiveAgent$CampaignData
	at naive.NaiveAgent.handleICampaignOpportunityMessage(NaiveAgent.java:222)
	at naive.NaiveAgent.messageReceived(NaiveAgent.java:131)
	at se.sics.tasim.aw.AgentService.deliverToAgent(AgentService.java:130)
	at tau.tac.adx.agentware.AgentServiceImpl.deliverToAgent(AgentServiceImpl.java:134)
	at tau.tac.adx.agentware.SimClient.run(SimClient.java:439)
	at java.lang.Thread.run(Thread.java:680)
28/06 21:51:35 INFO naive.NaiveAgent|Day 45 : Simulation Status Received
28/06 21:51:35 INFO naive.NaiveAgent|Day 45: Sending BidBundle
28/06 21:51:35 INFO naive.NaiveAgent|Day 45 ended. Starting next day
28/06 21:51:48 INFO naive.NaiveAgent|Day 46 :BankStatus[-4.338175]
28/06 21:51:48 INFO naive.NaiveAgent|Day 46: Daily notification for campaign 843047883
28/06 21:51:48 SEVERE agentware.AgentServiceImpl|agent could not handle message Message[coordinator,adv1,AdNetworkDailyNotification [effectiveDay=46, serviceLevel=0.47829690000000014, price=0.0, qualityScore=0.4, campaignId=843047883, winner=DummyAdnetwork-6, cost=0.0]]
java.lang.ClassFormatError: naive/NaiveAgent$CampaignData
	at naive.NaiveAgent.handleAdNetworkDailyNotification(NaiveAgent.java:282)
	at naive.NaiveAgent.messageReceived(NaiveAgent.java:135)
	at se.sics.tasim.aw.AgentService.deliverToAgent(AgentService.java:130)
	at tau.tac.adx.agentware.AgentServiceImpl.deliverToAgent(AgentServiceImpl.java:134)
	at tau.tac.adx.agentware.SimClient.run(SimClient.java:439)
	at java.lang.Thread.run(Thread.java:680)
28/06 21:51:48 SEVERE agentware.AgentServiceImpl|agent could not handle message Message[coordinator,adv1,tau.tac.adx.report.demand.CampaignOpportunityMessage[1009934448,15000,48,57,[HIGH_INCOME, MALE],2.0,1.5,46,[]]]
java.lang.ClassFormatError: naive/NaiveAgent$CampaignData
	at naive.NaiveAgent.handleICampaignOpportunityMessage(NaiveAgent.java:222)
	at naive.NaiveAgent.messageReceived(NaiveAgent.java:131)
	at se.sics.tasim.aw.AgentService.deliverToAgent(AgentService.java:130)
	at tau.tac.adx.agentware.AgentServiceImpl.deliverToAgent(AgentServiceImpl.java:134)
	at tau.tac.adx.agentware.SimClient.run(SimClient.java:439)
	at java.lang.Thread.run(Thread.java:680)
28/06 21:51:48 INFO naive.NaiveAgent|Day 46 : Simulation Status Received
28/06 21:51:48 INFO naive.NaiveAgent|Day 46: Sending BidBundle
28/06 21:51:48 INFO naive.NaiveAgent|Day 46 ended. Starting next day
28/06 21:51:53 INFO naive.NaiveAgent|Day 47 :BankStatus[-4.434401]
28/06 21:51:53 INFO naive.NaiveAgent|Day 47: Daily notification for campaign 1009934448
28/06 21:51:53 SEVERE agentware.AgentServiceImpl|agent could not handle message Message[coordinator,adv1,AdNetworkDailyNotification [effectiveDay=47, serviceLevel=0.47829690000000014, price=0.0, qualityScore=0.4, campaignId=1009934448, winner=DummyAdnetwork-7, cost=0.0]]
java.lang.ClassFormatError: naive/NaiveAgent$CampaignData
	at naive.NaiveAgent.handleAdNetworkDailyNotification(NaiveAgent.java:282)
	at naive.NaiveAgent.messageReceived(NaiveAgent.java:135)
	at se.sics.tasim.aw.AgentService.deliverToAgent(AgentService.java:130)
	at tau.tac.adx.agentware.AgentServiceImpl.deliverToAgent(AgentServiceImpl.java:134)
	at tau.tac.adx.agentware.SimClient.run(SimClient.java:439)
	at java.lang.Thread.run(Thread.java:680)
28/06 21:51:53 SEVERE agentware.AgentServiceImpl|agent could not handle message Message[coordinator,adv1,tau.tac.adx.report.demand.CampaignOpportunityMessage[2099131355,10000,49,58,[HIGH_INCOME, OLD],2.0,1.5,47,[]]]
java.lang.ClassFormatError: naive/NaiveAgent$CampaignData
	at naive.NaiveAgent.handleICampaignOpportunityMessage(NaiveAgent.java:222)
	at naive.NaiveAgent.messageReceived(NaiveAgent.java:131)
	at se.sics.tasim.aw.AgentService.deliverToAgent(AgentService.java:130)
	at tau.tac.adx.agentware.AgentServiceImpl.deliverToAgent(AgentServiceImpl.java:134)
	at tau.tac.adx.agentware.SimClient.run(SimClient.java:439)
	at java.lang.Thread.run(Thread.java:680)
28/06 21:51:53 INFO naive.NaiveAgent|Day 47 : Simulation Status Received
28/06 21:51:53 INFO naive.NaiveAgent|Day 47: Sending BidBundle
28/06 21:51:53 INFO naive.NaiveAgent|Day 47 ended. Starting next day
28/06 21:52:04 INFO naive.NaiveAgent|Day 48 :BankStatus[-4.532551]
28/06 21:52:04 INFO naive.NaiveAgent|Day 48: Daily notification for campaign 2099131355
28/06 21:52:04 SEVERE agentware.AgentServiceImpl|agent could not handle message Message[coordinator,adv1,AdNetworkDailyNotification [effectiveDay=48, serviceLevel=0.47829690000000014, price=0.0, qualityScore=0.4, campaignId=2099131355, winner=DummyAdnetwork-6, cost=0.0]]
java.lang.ClassFormatError: naive/NaiveAgent$CampaignData
	at naive.NaiveAgent.handleAdNetworkDailyNotification(NaiveAgent.java:282)
	at naive.NaiveAgent.messageReceived(NaiveAgent.java:135)
	at se.sics.tasim.aw.AgentService.deliverToAgent(AgentService.java:130)
	at tau.tac.adx.agentware.AgentServiceImpl.deliverToAgent(AgentServiceImpl.java:134)
	at tau.tac.adx.agentware.SimClient.run(SimClient.java:439)
	at java.lang.Thread.run(Thread.java:680)
28/06 21:52:04 SEVERE agentware.AgentServiceImpl|agent could not handle message Message[coordinator,adv1,tau.tac.adx.report.demand.CampaignOpportunityMessage[1240739353,10000,50,54,[HIGH_INCOME, FEMALE],2.0,1.5,48,[]]]
java.lang.ClassFormatError: naive/NaiveAgent$CampaignData
	at naive.NaiveAgent.handleICampaignOpportunityMessage(NaiveAgent.java:222)
	at naive.NaiveAgent.messageReceived(NaiveAgent.java:131)
	at se.sics.tasim.aw.AgentService.deliverToAgent(AgentService.java:130)
	at tau.tac.adx.agentware.AgentServiceImpl.deliverToAgent(AgentServiceImpl.java:134)
	at tau.tac.adx.agentware.SimClient.run(SimClient.java:439)
	at java.lang.Thread.run(Thread.java:680)
28/06 21:52:04 INFO naive.NaiveAgent|Day 48 : Simulation Status Received
28/06 21:52:04 INFO naive.NaiveAgent|Day 48: Sending BidBundle
28/06 21:52:04 INFO naive.NaiveAgent|Day 48 ended. Starting next day
