29/06 01:04:00 INFO naive.NaiveAgent|UNKNOWN Message Received: edu.umich.eecs.tac.props.AdvertiserInfo@bc76a1c1
29/06 01:04:00 INFO naive.NaiveAgent|Day 0 :BankStatus[0.000000]
29/06 01:04:00 INFO naive.NaiveAgent|tau.tac.adx.report.demand.InitialCampaignMessage[586279250,1250,1,5,[HIGH_INCOME, MALE],2.0,1.5,demand,[]]
29/06 01:04:00 INFO naive.NaiveAgent|Day 0: Allocated campaign - Campaign ID 586279250: day 1 to 5 [HIGH_INCOME, MALE], reach: 1250 coefs: (v=2.0, m=1.5)
29/06 01:04:00 INFO naive.NaiveAgent|Day 0: Campaign opportunity - Campaign ID 157612646: day 2 to 4 [HIGH_INCOME, MALE], reach: 5000 coefs: (v=2.0, m=1.5)
29/06 01:04:00 INFO naive.NaiveAgent|Day 0: Campaign total budget bid: 4.948
29/06 01:04:00 INFO naive.NaiveAgent|Day 0: Initial ucs bid is 100.0
29/06 01:04:00 INFO naive.NaiveAgent|Day 0 : Simulation Status Received
29/06 01:04:00 INFO naive.NaiveAgent|Day 0: Updated 36 Bid Bundle entries for Campaign id 586279250
29/06 01:04:00 INFO naive.NaiveAgent|Day 0: Sending BidBundle
29/06 01:04:00 INFO naive.NaiveAgent|Day 0 ended. Starting next day
29/06 01:04:12 INFO naive.NaiveAgent|Day 1 :BankStatus[0.000000]
29/06 01:04:12 INFO naive.NaiveAgent|Day 1: Daily notification for campaign 157612646
29/06 01:04:12 INFO naive.NaiveAgent|Day 1:  allocated to DummyAdnetwork. UCS Level set to 1.0 at price 0.19079091295380954 Qualit Score is: 1.0
29/06 01:04:13 INFO naive.NaiveAgent|Day 1: Campaign opportunity - Campaign ID 1898975176: day 3 to 5 [YOUNG, FEMALE], reach: 10000 coefs: (v=2.0, m=1.5)
29/06 01:04:13 INFO naive.NaiveAgent|Day 1: Campaign total budget bid: 6.405
29/06 01:04:13 INFO naive.NaiveAgent|Day 1: Adjusting ucs bid: was 100.0 level reported: 1.0 target: 0.6 adjusted: 0.1479870508085209
29/06 01:04:13 INFO naive.NaiveAgent|Day 1 : AdNetworkReport
29/06 01:04:13 INFO naive.NaiveAgent|Day 1 : Simulation Status Received
29/06 01:04:13 INFO naive.NaiveAgent|Day 1: Updated 36 Bid Bundle entries for Campaign id 586279250
29/06 01:04:13 INFO naive.NaiveAgent|Day 1: Sending BidBundle
29/06 01:04:13 INFO naive.NaiveAgent|Day 1 ended. Starting next day
29/06 01:04:28 INFO naive.NaiveAgent|Day 2 :BankStatus[-0.127495]
29/06 01:04:28 INFO naive.NaiveAgent|Day 2: Updating campaign 586279250 stats: 628.0 tgtImps 58114.0 nonTgtImps. Cost of imps is 0.05348412778661331
29/06 01:04:28 INFO naive.NaiveAgent|Day 2: Daily notification for campaign 1898975176
29/06 01:04:28 INFO naive.NaiveAgent|Day 2:  allocated to DummyAdnetwork-6. UCS Level set to 0.7290000000000001 at price 0.10554817487686867 Qualit Score is: 1.0
29/06 01:04:28 INFO naive.NaiveAgent|Day 2: Campaign opportunity - Campaign ID 313024525: day 4 to 6 [YOUNG, MALE], reach: 5000 coefs: (v=2.0, m=1.5)
29/06 01:04:28 INFO naive.NaiveAgent|Day 2: Campaign total budget bid: 3.779
29/06 01:04:28 INFO naive.NaiveAgent|Day 2: Adjusting ucs bid: was 0.1479870508085209 level reported: 0.7290000000000001 target: 0.6 adjusted: 0.1288967212542217
29/06 01:04:28 INFO naive.NaiveAgent|Day 2 : AdNetworkReport
29/06 01:04:28 INFO naive.NaiveAgent|Day 2 : Simulation Status Received
29/06 01:04:28 INFO naive.NaiveAgent|Day 2: Updated 36 Bid Bundle entries for Campaign id 586279250
29/06 01:04:28 INFO naive.NaiveAgent|Day 2: Sending BidBundle
29/06 01:04:28 INFO naive.NaiveAgent|Day 2 ended. Starting next day
29/06 01:04:34 INFO naive.NaiveAgent|Day 3 :BankStatus[-0.545747]
29/06 01:04:34 INFO naive.NaiveAgent|Day 3: Updating campaign 586279250 stats: 778.0 tgtImps 60768.0 nonTgtImps. Cost of imps is 0.678891347576951
29/06 01:04:34 INFO naive.NaiveAgent|Day 3: Daily notification for campaign 313024525
29/06 01:04:34 INFO naive.NaiveAgent|Day 3:  allocated to DummyAdnetwork-6. UCS Level set to 0.7290000000000001 at price 0.09194368805541113 Qualit Score is: 1.0
29/06 01:04:34 INFO naive.NaiveAgent|Day 3: Campaign opportunity - Campaign ID 306921811: day 5 to 9 [OLD, MALE], reach: 10000 coefs: (v=2.0, m=1.5)
29/06 01:04:34 INFO naive.NaiveAgent|Day 3: Campaign total budget bid: 2.449
29/06 01:04:34 INFO naive.NaiveAgent|Day 3: Adjusting ucs bid: was 0.1288967212542217 level reported: 0.7290000000000001 target: 0.6 adjusted: 0.10877561104329596
29/06 01:04:34 INFO naive.NaiveAgent|Day 3 : AdNetworkReport
29/06 01:04:34 INFO naive.NaiveAgent|Day 3 : Simulation Status Received
29/06 01:04:34 INFO naive.NaiveAgent|Day 3: Updated 36 Bid Bundle entries for Campaign id 586279250
29/06 01:04:34 INFO naive.NaiveAgent|Day 3: Sending BidBundle
29/06 01:04:34 INFO naive.NaiveAgent|Day 3 ended. Starting next day
29/06 01:04:44 INFO naive.NaiveAgent|Day 4 :BankStatus[-0.937062]
29/06 01:04:44 INFO naive.NaiveAgent|Day 4: Updating campaign 586279250 stats: 792.0 tgtImps 64703.0 nonTgtImps. Cost of imps is 1.277633383568976
29/06 01:04:44 INFO naive.NaiveAgent|Day 4: Daily notification for campaign 306921811
29/06 01:04:44 INFO naive.NaiveAgent|Day 4:  allocated to DummyAdnetwork-5. UCS Level set to 0.5904900000000002 at price 0.06023956886020895 Qualit Score is: 1.0
29/06 01:04:44 INFO naive.NaiveAgent|Day 4: Campaign opportunity - Campaign ID 1359807979: day 6 to 15 [MALE, LOW_INCOME], reach: 15000 coefs: (v=2.0, m=1.5)
29/06 01:04:44 INFO naive.NaiveAgent|Day 4: Campaign total budget bid: 8.99
29/06 01:04:44 INFO naive.NaiveAgent|Day 4: Adjusting ucs bid: was 0.10877561104329596 level reported: 0.5904900000000002 target: 0.6 adjusted: 0.10981006710431769
29/06 01:04:44 INFO naive.NaiveAgent|Day 4 : AdNetworkReport
29/06 01:04:44 INFO naive.NaiveAgent|Day 4 : Simulation Status Received
29/06 01:04:44 INFO naive.NaiveAgent|Day 4: Updated 36 Bid Bundle entries for Campaign id 586279250
29/06 01:04:44 INFO naive.NaiveAgent|Day 4: Sending BidBundle
29/06 01:04:44 INFO naive.NaiveAgent|Day 4 ended. Starting next day
29/06 01:04:53 INFO naive.NaiveAgent|Day 5 :BankStatus[-1.165279]
29/06 01:04:53 INFO naive.NaiveAgent|Day 5: Updating campaign 586279250 stats: 843.0 tgtImps 67069.0 nonTgtImps. Cost of imps is 1.5633300847163527
29/06 01:04:53 INFO naive.NaiveAgent|Day 5: Daily notification for campaign 1359807979
29/06 01:04:53 INFO naive.NaiveAgent|Day 5:  allocated to DummyAdnetwork-2. UCS Level set to 0.6561000000000001 at price 0.07001386561359031 Qualit Score is: 1.0
29/06 01:04:53 INFO naive.NaiveAgent|Day 5: Campaign opportunity - Campaign ID 529622588: day 7 to 9 [FEMALE, HIGH_INCOME], reach: 10000 coefs: (v=2.0, m=1.5)
29/06 01:04:53 INFO naive.NaiveAgent|Day 5: Campaign total budget bid: 8.104
29/06 01:04:53 INFO naive.NaiveAgent|Day 5: Adjusting ucs bid: was 0.10981006710431769 level reported: 0.6561000000000001 target: 0.6 adjusted: 0.10364972233976547
29/06 01:04:53 INFO naive.NaiveAgent|Day 5 : AdNetworkReport
29/06 01:04:53 INFO naive.NaiveAgent|Day 5 : Simulation Status Received
29/06 01:04:53 INFO naive.NaiveAgent|Day 5: Sending BidBundle
29/06 01:04:53 INFO naive.NaiveAgent|Day 5 ended. Starting next day
29/06 01:05:02 INFO naive.NaiveAgent|Day 6 :BankStatus[-1.245538]
29/06 01:05:02 INFO naive.NaiveAgent|Day 6: Daily notification for campaign 529622588
29/06 01:05:02 INFO naive.NaiveAgent|Day 6:  allocated to DummyAdnetwork-6. UCS Level set to 0.5314410000000002 at price 0.051165169220886264 Qualit Score is: 0.6756000245042627
29/06 01:05:03 INFO naive.NaiveAgent|Day 6: Campaign opportunity - Campaign ID 1411894599: day 8 to 17 [YOUNG, MALE], reach: 5000 coefs: (v=2.0, m=1.5)
29/06 01:05:03 INFO naive.NaiveAgent|Day 6: Campaign total budget bid: 4.935
29/06 01:05:03 INFO naive.NaiveAgent|Day 6: Adjusting ucs bid: was 0.10364972233976547 level reported: 0.5314410000000002 target: 0.6 adjusted: 0.11075584365365745
29/06 01:05:03 INFO naive.NaiveAgent|Day 6 : Simulation Status Received
29/06 01:05:03 INFO naive.NaiveAgent|Day 6: Sending BidBundle
29/06 01:05:03 INFO naive.NaiveAgent|Day 6 ended. Starting next day
29/06 01:05:13 INFO naive.NaiveAgent|Day 7 :BankStatus[-0.757683]
29/06 01:05:13 INFO naive.NaiveAgent|Day 7: Daily notification for campaign 1411894599
29/06 01:05:13 INFO naive.NaiveAgent|Day 7:  allocated to DummyAdnetwork. UCS Level set to 0.6561000000000001 at price 0.07255175862411668 Qualit Score is: 0.6756000245042627
29/06 01:05:13 INFO naive.NaiveAgent|Day 7: Campaign opportunity - Campaign ID 1187496816: day 9 to 11 [YOUNG, LOW_INCOME], reach: 15000 coefs: (v=2.0, m=1.5)
29/06 01:05:13 INFO naive.NaiveAgent|Day 7: Campaign total budget bid: 8.206
29/06 01:05:13 INFO naive.NaiveAgent|Day 7: Adjusting ucs bid: was 0.11075584365365745 level reported: 0.6561000000000001 target: 0.6 adjusted: 0.10454244082468726
29/06 01:05:13 INFO naive.NaiveAgent|Day 7 : Simulation Status Received
29/06 01:05:13 INFO naive.NaiveAgent|Day 7: Sending BidBundle
29/06 01:05:13 INFO naive.NaiveAgent|Day 7 ended. Starting next day
29/06 01:05:22 INFO naive.NaiveAgent|Day 8 :BankStatus[-0.838424]
29/06 01:05:22 INFO naive.NaiveAgent|Day 8: Daily notification for campaign 1187496816
29/06 01:05:22 INFO naive.NaiveAgent|Day 8:  allocated to DummyAdnetwork. UCS Level set to 0.5314410000000002 at price 0.05435956761832951 Qualit Score is: 0.6756000245042627
29/06 01:05:22 INFO naive.NaiveAgent|Day 8: Campaign opportunity - Campaign ID 705392638: day 10 to 19 [OLD, HIGH_INCOME], reach: 10000 coefs: (v=2.0, m=1.5)
29/06 01:05:22 INFO naive.NaiveAgent|Day 8: Campaign total budget bid: 1.625
29/06 01:05:22 INFO naive.NaiveAgent|Day 8: Adjusting ucs bid: was 0.10454244082468726 level reported: 0.5314410000000002 target: 0.6 adjusted: 0.11170976602518701
29/06 01:05:22 INFO naive.NaiveAgent|Day 8 : Simulation Status Received
29/06 01:05:22 INFO naive.NaiveAgent|Day 8: Sending BidBundle
29/06 01:05:22 INFO naive.NaiveAgent|Day 8 ended. Starting next day
29/06 01:05:33 INFO naive.NaiveAgent|Day 9 :BankStatus[-0.922549]
29/06 01:05:33 INFO naive.NaiveAgent|Day 9: Daily notification for campaign 705392638
29/06 01:05:33 INFO naive.NaiveAgent|Day 9:  WON at cost 2.3409540849072705. UCS Level set to 0.7290000000000001 at price 0.08095200175356662 Qualit Score is: 0.6756000245042627
29/06 01:05:33 INFO naive.NaiveAgent|Day 9: Campaign opportunity - Campaign ID 2052437677: day 11 to 13 [OLD, MALE], reach: 15000 coefs: (v=2.0, m=1.5)
29/06 01:05:33 INFO naive.NaiveAgent|Day 9: Campaign total budget bid: 3.069
29/06 01:05:33 INFO naive.NaiveAgent|Day 9: Adjusting ucs bid: was 0.11170976602518701 level reported: 0.7290000000000001 target: 0.6 adjusted: 0.09729920620793789
29/06 01:05:34 INFO naive.NaiveAgent|Day 9 : Simulation Status Received
29/06 01:05:34 INFO naive.NaiveAgent|Day 9: Updated 36 Bid Bundle entries for Campaign id 705392638
29/06 01:05:34 INFO naive.NaiveAgent|Day 9: Sending BidBundle
29/06 01:05:34 INFO naive.NaiveAgent|Day 9 ended. Starting next day
29/06 01:05:52 INFO naive.NaiveAgent|Day 10 :BankStatus[-1.003501]
29/06 01:05:52 INFO naive.NaiveAgent|Day 10: Daily notification for campaign 2052437677
29/06 01:05:52 INFO naive.NaiveAgent|Day 10:  allocated to DummyAdnetwork. UCS Level set to 0.5904900000000002 at price 0.05387638024169497 Qualit Score is: 0.6756000245042627
29/06 01:05:52 INFO naive.NaiveAgent|Day 10: Campaign opportunity - Campaign ID 1602826650: day 12 to 14 [YOUNG, LOW_INCOME], reach: 15000 coefs: (v=2.0, m=1.5)
29/06 01:05:52 INFO naive.NaiveAgent|Day 10: Campaign total budget bid: 5.59
29/06 01:05:52 INFO naive.NaiveAgent|Day 10: Adjusting ucs bid: was 0.09729920620793789 level reported: 0.5904900000000002 target: 0.6 adjusted: 0.09822452165897537
29/06 01:05:56 INFO naive.NaiveAgent|Day 10 : AdNetworkReport
29/06 01:05:56 INFO naive.NaiveAgent|Day 10 : Simulation Status Received
29/06 01:05:56 INFO naive.NaiveAgent|Day 10: Updated 36 Bid Bundle entries for Campaign id 705392638
29/06 01:05:56 INFO naive.NaiveAgent|Day 10: Sending BidBundle
29/06 01:05:56 INFO naive.NaiveAgent|Day 10 ended. Starting next day
29/06 01:05:56 INFO naive.NaiveAgent|Day 11 :BankStatus[-1.081107]
29/06 01:05:56 INFO naive.NaiveAgent|Day 11: Updating campaign 705392638 stats: 5001.0 tgtImps 0.0 nonTgtImps. Cost of imps is 0.005047634584702612
29/06 01:05:56 INFO naive.NaiveAgent|Day 11: Daily notification for campaign 1602826650
29/06 01:05:56 INFO naive.NaiveAgent|Day 11:  allocated to . UCS Level set to 0.5904900000000002 at price 0.05387638024169497 Qualit Score is: 0.6756000245042627
29/06 01:05:57 INFO naive.NaiveAgent|Day 11: Campaign opportunity - Campaign ID 225803487: day 13 to 15 [FEMALE, HIGH_INCOME], reach: 15000 coefs: (v=2.0, m=1.5)
29/06 01:05:57 INFO naive.NaiveAgent|Day 11: Campaign total budget bid: 7.154
29/06 01:05:57 INFO naive.NaiveAgent|Day 11: Adjusting ucs bid: was 0.09822452165897537 level reported: 0.5904900000000002 target: 0.6 adjusted: 0.09915863685995221
29/06 01:05:57 INFO naive.NaiveAgent|Day 11 : Simulation Status Received
29/06 01:05:57 INFO naive.NaiveAgent|Day 11: Updated 36 Bid Bundle entries for Campaign id 705392638
29/06 01:05:57 INFO naive.NaiveAgent|Day 11: Sending BidBundle
29/06 01:05:57 INFO naive.NaiveAgent|Day 11 ended. Starting next day
29/06 01:06:04 INFO naive.NaiveAgent|Day 12 :BankStatus[-1.156188]
29/06 01:06:04 INFO naive.NaiveAgent|Day 12: Updating campaign 705392638 stats: 5001.0 tgtImps 0.0 nonTgtImps. Cost of imps is 0.005047634584702612
29/06 01:06:04 INFO naive.NaiveAgent|Day 12: Daily notification for campaign 225803487
29/06 01:06:04 INFO naive.NaiveAgent|Day 12:  allocated to DummyAdnetwork-7. UCS Level set to 0.5904900000000002 at price 0.04380780393647618 Qualit Score is: 0.6756000245042627
29/06 01:06:04 INFO naive.NaiveAgent|Day 12: Campaign opportunity - Campaign ID 578949750: day 14 to 23 [YOUNG, HIGH_INCOME], reach: 5000 coefs: (v=2.0, m=1.5)
29/06 01:06:04 INFO naive.NaiveAgent|Day 12: Campaign total budget bid: 3.49
29/06 01:06:04 INFO naive.NaiveAgent|Day 12: Adjusting ucs bid: was 0.09915863685995221 level reported: 0.5904900000000002 target: 0.6 adjusted: 0.10010163549649036
29/06 01:06:04 INFO naive.NaiveAgent|Day 12 : AdNetworkReport
29/06 01:06:04 INFO naive.NaiveAgent|Day 12 : Simulation Status Received
29/06 01:06:04 INFO naive.NaiveAgent|Day 12: Updated 36 Bid Bundle entries for Campaign id 705392638
29/06 01:06:04 INFO naive.NaiveAgent|Day 12: Sending BidBundle
29/06 01:06:04 INFO naive.NaiveAgent|Day 12 ended. Starting next day
29/06 01:06:13 INFO naive.NaiveAgent|Day 13 :BankStatus[-1.263219]
29/06 01:06:13 INFO naive.NaiveAgent|Day 13: Updating campaign 705392638 stats: 7505.0 tgtImps 2586.0 nonTgtImps. Cost of imps is 0.07225955372704337
29/06 01:06:13 INFO naive.NaiveAgent|Day 13: Daily notification for campaign 578949750
29/06 01:06:13 INFO naive.NaiveAgent|Day 13:  allocated to DummyAdnetwork-3. UCS Level set to 0.7290000000000001 at price 0.0726615514711545 Qualit Score is: 0.6756000245042627
29/06 01:06:13 INFO naive.NaiveAgent|Day 13: Campaign opportunity - Campaign ID 82836395: day 15 to 24 [OLD, MALE], reach: 10000 coefs: (v=2.0, m=1.5)
29/06 01:06:13 INFO naive.NaiveAgent|Day 13: Campaign total budget bid: 5.032
29/06 01:06:13 INFO naive.NaiveAgent|Day 13: Adjusting ucs bid: was 0.10010163549649036 level reported: 0.7290000000000001 target: 0.6 adjusted: 0.0871885245174431
29/06 01:06:13 INFO naive.NaiveAgent|Day 13 : AdNetworkReport
29/06 01:06:13 INFO naive.NaiveAgent|Day 13 : Simulation Status Received
29/06 01:06:13 INFO naive.NaiveAgent|Day 13: Updated 36 Bid Bundle entries for Campaign id 705392638
29/06 01:06:13 INFO naive.NaiveAgent|Day 13: Sending BidBundle
29/06 01:06:13 INFO naive.NaiveAgent|Day 13 ended. Starting next day
29/06 01:06:23 INFO naive.NaiveAgent|Day 14 :BankStatus[-1.341619]
29/06 01:06:23 INFO naive.NaiveAgent|Day 14: Updating campaign 705392638 stats: 10006.0 tgtImps 9620.0 nonTgtImps. Cost of imps is 0.08373642272819712
29/06 01:06:23 INFO naive.NaiveAgent|Day 14: Daily notification for campaign 82836395
29/06 01:06:23 INFO naive.NaiveAgent|Day 14:  allocated to DummyAdnetwork. UCS Level set to 0.5314410000000002 at price 0.029411223313743042 Qualit Score is: 0.6756000245042627
29/06 01:06:23 INFO naive.NaiveAgent|Day 14: Campaign opportunity - Campaign ID 979937758: day 16 to 25 [OLD, MALE], reach: 5000 coefs: (v=2.0, m=1.5)
29/06 01:06:23 INFO naive.NaiveAgent|Day 14: Campaign total budget bid: 0.226
29/06 01:06:23 INFO naive.NaiveAgent|Day 14: Adjusting ucs bid: was 0.0871885245174431 level reported: 0.5314410000000002 target: 0.6 adjusted: 0.0931660825698345
29/06 01:06:23 INFO naive.NaiveAgent|Day 14 : AdNetworkReport
29/06 01:06:23 INFO naive.NaiveAgent|Day 14 : Simulation Status Received
29/06 01:06:23 INFO naive.NaiveAgent|Day 14: Updated 36 Bid Bundle entries for Campaign id 705392638
29/06 01:06:23 INFO naive.NaiveAgent|Day 14: Sending BidBundle
29/06 01:06:23 INFO naive.NaiveAgent|Day 14 ended. Starting next day
29/06 01:06:33 INFO naive.NaiveAgent|Day 15 :BankStatus[-1.418831]
29/06 01:06:33 INFO naive.NaiveAgent|Day 15: Updating campaign 705392638 stats: 11255.0 tgtImps 13787.0 nonTgtImps. Cost of imps is 0.09045528457739072
29/06 01:06:33 INFO naive.NaiveAgent|Day 15: Daily notification for campaign 979937758
29/06 01:06:33 INFO naive.NaiveAgent|Day 15:  WON at cost 1.2768840463130564. UCS Level set to 0.5314410000000002 at price 0.03299066036581784 Qualit Score is: 0.6756000245042627
29/06 01:06:34 INFO naive.NaiveAgent|Day 15: Campaign opportunity - Campaign ID 1739503216: day 17 to 21 [OLD, FEMALE], reach: 5000 coefs: (v=2.0, m=1.5)
29/06 01:06:34 INFO naive.NaiveAgent|Day 15: Campaign total budget bid: 4.341
29/06 01:06:34 INFO naive.NaiveAgent|Day 15: Adjusting ucs bid: was 0.0931660825698345 level reported: 0.5314410000000002 target: 0.6 adjusted: 0.09955345602473978
29/06 01:06:34 INFO naive.NaiveAgent|Day 15 : AdNetworkReport
29/06 01:06:34 INFO naive.NaiveAgent|Day 15 : Simulation Status Received
29/06 01:06:34 INFO naive.NaiveAgent|Day 15: Updated 36 Bid Bundle entries for Campaign id 979937758
29/06 01:06:34 INFO naive.NaiveAgent|Day 15: Updated 36 Bid Bundle entries for Campaign id 705392638
29/06 01:06:34 INFO naive.NaiveAgent|Day 15: Sending BidBundle
29/06 01:06:34 INFO naive.NaiveAgent|Day 15 ended. Starting next day
29/06 01:06:43 INFO naive.NaiveAgent|Day 16 :BankStatus[-1.499714]
29/06 01:06:43 INFO naive.NaiveAgent|Day 16: Updating campaign 705392638 stats: 11258.0 tgtImps 30338.0 nonTgtImps. Cost of imps is 0.10491830980574024
29/06 01:06:43 INFO naive.NaiveAgent|Day 16: Daily notification for campaign 1739503216
29/06 01:06:43 INFO naive.NaiveAgent|Day 16:  allocated to DummyAdnetwork. UCS Level set to 0.5314410000000002 at price 0.037005726003385 Qualit Score is: 0.6756000245042627
29/06 01:06:43 INFO naive.NaiveAgent|Day 16: Campaign opportunity - Campaign ID 421310999: day 18 to 27 [FEMALE, LOW_INCOME], reach: 15000 coefs: (v=2.0, m=1.5)
29/06 01:06:43 INFO naive.NaiveAgent|Day 16: Campaign total budget bid: 13.709
29/06 01:06:43 INFO naive.NaiveAgent|Day 16: Adjusting ucs bid: was 0.09955345602473978 level reported: 0.5314410000000002 target: 0.6 adjusted: 0.10637874141633992
29/06 01:06:43 INFO naive.NaiveAgent|Day 16 : AdNetworkReport
29/06 01:06:43 INFO naive.NaiveAgent|Day 16 : Simulation Status Received
29/06 01:06:43 INFO naive.NaiveAgent|Day 16: Updated 36 Bid Bundle entries for Campaign id 979937758
29/06 01:06:43 INFO naive.NaiveAgent|Day 16: Updated 36 Bid Bundle entries for Campaign id 705392638
29/06 01:06:43 INFO naive.NaiveAgent|Day 16: Sending BidBundle
29/06 01:06:43 INFO naive.NaiveAgent|Day 16 ended. Starting next day
29/06 01:06:55 INFO naive.NaiveAgent|Day 17 :BankStatus[-1.729529]
29/06 01:06:55 INFO naive.NaiveAgent|Day 17: Updating campaign 979937758 stats: 2506.0 tgtImps 1875.0 nonTgtImps. Cost of imps is 0.3096297004452907
29/06 01:06:55 INFO naive.NaiveAgent|Day 17: Updating campaign 705392638 stats: 11260.0 tgtImps 30347.0 nonTgtImps. Cost of imps is 0.10519998618976313
29/06 01:06:55 INFO naive.NaiveAgent|Day 17: Daily notification for campaign 421310999
29/06 01:06:55 INFO naive.NaiveAgent|Day 17:  allocated to DummyAdnetwork. UCS Level set to 0.81 at price 0.08295038617864635 Qualit Score is: 0.6756000245042627
29/06 01:06:55 INFO naive.NaiveAgent|Day 17: Campaign opportunity - Campaign ID 1926004786: day 19 to 23 [MALE, LOW_INCOME], reach: 10000 coefs: (v=2.0, m=1.5)
29/06 01:06:55 INFO naive.NaiveAgent|Day 17: Campaign total budget bid: 7.443
29/06 01:06:55 INFO naive.NaiveAgent|Day 17: Adjusting ucs bid: was 0.10637874141633992 level reported: 0.81 target: 0.6 adjusted: 0.08403920571890854
29/06 01:06:55 INFO naive.NaiveAgent|Day 17 : AdNetworkReport
29/06 01:06:55 INFO naive.NaiveAgent|Day 17 : Simulation Status Received
29/06 01:06:55 INFO naive.NaiveAgent|Day 17: Updated 36 Bid Bundle entries for Campaign id 979937758
29/06 01:06:55 INFO naive.NaiveAgent|Day 17: Updated 36 Bid Bundle entries for Campaign id 705392638
29/06 01:06:55 INFO naive.NaiveAgent|Day 17: Sending BidBundle
29/06 01:06:55 INFO naive.NaiveAgent|Day 17 ended. Starting next day
29/06 01:07:20 INFO naive.NaiveAgent|Day 18 :BankStatus[-1.806045]
29/06 01:07:20 INFO naive.NaiveAgent|Day 18: Updating campaign 979937758 stats: 5009.0 tgtImps 3500.0 nonTgtImps. Cost of imps is 0.31454044365506817
29/06 01:07:20 INFO naive.NaiveAgent|Day 18: Updating campaign 705392638 stats: 11266.0 tgtImps 30503.0 nonTgtImps. Cost of imps is 0.10536273513011844
29/06 01:07:20 INFO naive.NaiveAgent|Day 18: Daily notification for campaign 1926004786
29/06 01:07:20 INFO naive.NaiveAgent|Day 18:  allocated to DummyAdnetwork. UCS Level set to 0.47829690000000014 at price 0.0 Qualit Score is: 0.6756000245042627
29/06 01:07:20 INFO naive.NaiveAgent|Day 18: Campaign opportunity - Campaign ID 1897178292: day 20 to 29 [YOUNG, HIGH_INCOME], reach: 5000 coefs: (v=2.0, m=1.5)
29/06 01:07:20 INFO naive.NaiveAgent|Day 18: Campaign total budget bid: 4.685
29/06 01:07:20 INFO naive.NaiveAgent|Day 18: Adjusting ucs bid: was 0.08403920571890854 level reported: 0.47829690000000014 target: 0.6 adjusted: 0.09426703757643742
29/06 01:08:17 INFO naive.NaiveAgent|Day 18 : AdNetworkReport
29/06 01:08:17 INFO naive.NaiveAgent|Day 18 : Simulation Status Received
29/06 01:08:17 INFO naive.NaiveAgent|Day 18: Updated 36 Bid Bundle entries for Campaign id 979937758
29/06 01:08:17 INFO naive.NaiveAgent|Day 18: Updated 36 Bid Bundle entries for Campaign id 705392638
29/06 01:08:17 INFO naive.NaiveAgent|Day 18: Sending BidBundle
29/06 01:08:17 INFO naive.NaiveAgent|Day 18 ended. Starting next day
29/06 01:08:18 INFO naive.NaiveAgent|Day 19 :BankStatus[-1.884100]
29/06 01:08:18 INFO naive.NaiveAgent|Day 19: Updating campaign 979937758 stats: 6257.0 tgtImps 4122.0 nonTgtImps. Cost of imps is 0.32536407024468095
29/06 01:08:18 INFO naive.NaiveAgent|Day 19: Updating campaign 705392638 stats: 11270.0 tgtImps 30750.0 nonTgtImps. Cost of imps is 0.10566879099531513
29/06 01:08:18 INFO naive.NaiveAgent|Day 19: Daily notification for campaign 1897178292
29/06 01:08:18 INFO naive.NaiveAgent|Day 19:  allocated to . UCS Level set to 0.47829690000000014 at price 0.0 Qualit Score is: 0.6756000245042627
29/06 01:08:18 INFO naive.NaiveAgent|Day 19: Campaign opportunity - Campaign ID 366188901: day 21 to 25 [YOUNG, MALE], reach: 10000 coefs: (v=2.0, m=1.5)
29/06 01:08:18 INFO naive.NaiveAgent|Day 19: Campaign total budget bid: 5.657
29/06 01:08:18 INFO naive.NaiveAgent|Day 19: Adjusting ucs bid: was 0.09426703757643742 level reported: 0.47829690000000014 target: 0.6 adjusted: 0.10573962827730635
29/06 01:09:12 INFO naive.NaiveAgent|Day 19 : Simulation Status Received
29/06 01:09:12 INFO naive.NaiveAgent|Day 19: Updated 36 Bid Bundle entries for Campaign id 979937758
29/06 01:09:12 INFO naive.NaiveAgent|Day 19: Sending BidBundle
29/06 01:09:12 INFO naive.NaiveAgent|Day 19 ended. Starting next day
29/06 01:09:13 INFO naive.NaiveAgent|Day 20 :BankStatus[-1.956591]
29/06 01:09:13 INFO naive.NaiveAgent|Day 20: Updating campaign 979937758 stats: 6257.0 tgtImps 4122.0 nonTgtImps. Cost of imps is 0.32536407024468095
29/06 01:09:13 INFO naive.NaiveAgent|Day 20: Daily notification for campaign 366188901
29/06 01:09:13 INFO naive.NaiveAgent|Day 20:  allocated to . UCS Level set to 0.47829690000000014 at price 0.0 Qualit Score is: 0.9298847749472816
29/06 01:09:13 INFO naive.NaiveAgent|Day 20: Campaign opportunity - Campaign ID 1810613495: day 22 to 26 [YOUNG, LOW_INCOME], reach: 15000 coefs: (v=2.0, m=1.5)
29/06 01:09:13 INFO naive.NaiveAgent|Day 20: Campaign total budget bid: 6.919
29/06 01:09:13 INFO naive.NaiveAgent|Day 20: Adjusting ucs bid: was 0.10573962827730635 level reported: 0.47829690000000014 target: 0.6 adjusted: 0.11860846883150218
29/06 01:12:02 INFO naive.NaiveAgent|Day 20 : Simulation Status Received
29/06 01:12:02 INFO naive.NaiveAgent|Day 20: Updated 36 Bid Bundle entries for Campaign id 979937758
29/06 01:12:02 INFO naive.NaiveAgent|Day 20: Sending BidBundle
29/06 01:12:02 INFO naive.NaiveAgent|Day 20 ended. Starting next day
29/06 01:12:03 INFO naive.NaiveAgent|Day 21 :BankStatus[0.544582]
29/06 01:12:03 INFO naive.NaiveAgent|Day 21: Updating campaign 979937758 stats: 6257.0 tgtImps 4122.0 nonTgtImps. Cost of imps is 0.32536407024468095
29/06 01:12:03 INFO naive.NaiveAgent|Day 21: Daily notification for campaign 1810613495
29/06 01:12:03 INFO naive.NaiveAgent|Day 21:  allocated to . UCS Level set to 0.5904900000000002 at price 0.05222673604032927 Qualit Score is: 0.9298847749472816
29/06 01:12:04 INFO naive.NaiveAgent|Day 21: Campaign opportunity - Campaign ID 342525470: day 23 to 27 [YOUNG, MALE], reach: 15000 coefs: (v=2.0, m=1.5)
29/06 01:12:04 INFO naive.NaiveAgent|Day 21: Campaign total budget bid: 13.023
29/06 01:12:04 INFO naive.NaiveAgent|Day 21: Adjusting ucs bid: was 0.11860846883150218 level reported: 0.5904900000000002 target: 0.6 adjusted: 0.10016956676959517
29/06 01:14:20 SEVERE agentware.SimClient|************************************************************
29/06 01:14:20 SEVERE agentware.SimClient|* Forced Simulation End
29/06 01:14:20 SEVERE agentware.SimClient|* forcing simulation to end at time unit 62 (max 61 time units)
29/06 01:14:20 SEVERE agentware.SimClient|************************************************************
