06/07 00:33:01 INFO naive.Agent2|UNKNOWN Message Received: edu.umich.eecs.tac.props.AdvertiserInfo@bc76a1c1
06/07 00:33:02 INFO naive.Agent2|Day 0 :BankStatus[0.000000]
06/07 00:33:02 INFO naive.Agent2|tau.tac.adx.report.demand.InitialCampaignMessage[1343001934,1250,1,5,[FEMALE, OLD],2.0,1.5,demand,[]]
06/07 00:33:02 INFO naive.Agent2|Day 0: Allocated campaign - Campaign ID 1343001934: day 1 to 5 [FEMALE, OLD], reach: 1250 coefs: (v=2.0, m=1.5)
06/07 00:33:02 INFO naive.Agent2|Day 0: Campaign opportunity - Campaign ID 941732911: day 2 to 11 [LOW_INCOME, OLD], reach: 15000 coefs: (v=2.0, m=1.5)
06/07 00:33:02 INFO naive.Agent2|This is the value of cmpBid: 1
06/07 00:33:02 INFO naive.Agent2|Day 0: Campaign total budget bid: 0.0010
06/07 00:33:02 INFO naive.Agent2|Day 0: Initial ucs bid is 0.17574356311930286
06/07 00:33:02 INFO naive.Agent2|Day 0 : Simulation Status Received
06/07 00:33:02 INFO naive.Agent2|Day 0: Updated 36 Bid Bundle entries for Campaign id 1343001934
06/07 00:33:02 INFO naive.Agent2|Day 0: Sending BidBundle
06/07 00:33:02 INFO naive.Agent2|Day 0 ended. Starting next day
06/07 00:33:14 INFO naive.Agent2|Day 1 :BankStatus[0.000000]
06/07 00:33:14 INFO naive.Agent2|Day 1: Daily notification for campaign 941732911
06/07 00:33:14 INFO naive.Agent2|Day 1:  allocated to adv2. UCS Level set to 0.9 at price 0.1419860362569675 Qualit Score is: 1.0
06/07 00:33:14 INFO naive.Agent2|Day 1: Campaign opportunity - Campaign ID 240039301: day 3 to 7 [HIGH_INCOME, MALE], reach: 15000 coefs: (v=2.0, m=1.5)
06/07 00:33:14 INFO naive.Agent2|This is the value of cmpBid: 1
06/07 00:33:14 INFO naive.Agent2|Day 1: Campaign total budget bid: 0.0010
06/07 00:33:14 INFO naive.Agent2|Day 1: Adjusting ucs bid: was 0.17574356311930286 level reported: 0.9 target: 0.8 adjusted: 0.15626403935595742
06/07 00:33:14 INFO naive.Agent2|Day 1 : AdNetworkReport
06/07 00:33:14 INFO naive.Agent2|Day 1 : Simulation Status Received
06/07 00:33:14 INFO naive.Agent2|Day 1: Updated 36 Bid Bundle entries for Campaign id 1343001934
06/07 00:33:14 INFO naive.Agent2|Day 1: Sending BidBundle
06/07 00:33:14 INFO naive.Agent2|Day 1 ended. Starting next day
06/07 00:33:24 INFO naive.Agent2|Day 2 :BankStatus[-0.103166]
06/07 00:33:24 INFO naive.Agent2|Day 2: Updating campaign 1343001934 stats: 627.5 tgtImps 652.5 nonTgtImps. Cost of imps is 0.0014612200267918255
06/07 00:33:24 INFO naive.Agent2|Day 2: Daily notification for campaign 240039301
06/07 00:33:24 INFO naive.Agent2|Day 2:  allocated to adv2. UCS Level set to 0.81 at price 0.1263701110744932 Qualit Score is: 1.0
06/07 00:33:24 INFO naive.Agent2|Day 2: Campaign opportunity - Campaign ID 1487840863: day 4 to 8 [FEMALE, YOUNG], reach: 5000 coefs: (v=2.0, m=1.5)
06/07 00:33:24 INFO naive.Agent2|This is the value of cmpBid: 1
06/07 00:33:24 INFO naive.Agent2|Day 2: Campaign total budget bid: 0.0010
06/07 00:33:24 INFO naive.Agent2|Day 2: Adjusting ucs bid: was 0.15626403935595742 level reported: 0.81 target: 0.8 adjusted: 0.15470139896239785
06/07 00:33:24 INFO naive.Agent2|Day 2 : AdNetworkReport
06/07 00:33:24 INFO naive.Agent2|Day 2 : Simulation Status Received
06/07 00:33:24 INFO naive.Agent2|Day 2: Updated 36 Bid Bundle entries for Campaign id 1343001934
06/07 00:33:24 INFO naive.Agent2|Day 2: Sending BidBundle
06/07 00:33:24 INFO naive.Agent2|Day 2 ended. Starting next day
06/07 00:33:27 SEVERE agentware.SimClient|************************************************************
06/07 00:33:27 SEVERE agentware.SimClient|* ALERT: Multiple Connections
06/07 00:33:27 SEVERE agentware.SimClient|* The server connection was closed due to new connection
from agent KingHenryII@127.0.0.1.
06/07 00:33:27 SEVERE agentware.SimClient|************************************************************
06/07 00:33:27 SEVERE agentware.ServerConnection|(53) could not read
java.io.EOFException
	at java.io.DataInputStream.readInt(DataInputStream.java:375)
	at tau.tac.adx.agentware.ServerConnection.run(ServerConnection.java:216)
	at java.lang.Thread.run(Thread.java:680)
06/07 00:33:27 SEVERE agentware.SimClient|************************************************************
06/07 00:33:27 SEVERE agentware.SimClient|* Connection Lost
06/07 00:33:27 SEVERE agentware.SimClient|* Lost connection to localhost (will reconnect in 30 seconds)
06/07 00:33:27 SEVERE agentware.SimClient|************************************************************
06/07 00:33:34 INFO naive.Agent2|UNKNOWN Message Received: edu.umich.eecs.tac.props.AdvertiserInfo@bc76a1c1
06/07 00:33:43 INFO naive.Agent2|Day 0 :BankStatus[-0.683103]
06/07 00:33:43 SEVERE naive.Agent2|Exception thrown while trying to parse message.java.lang.NullPointerException
06/07 00:33:43 INFO naive.Agent2|Day 0: Daily notification for campaign 594903854
06/07 00:33:43 SEVERE naive.Agent2|Exception thrown while trying to parse message.java.lang.NullPointerException
06/07 00:33:43 INFO naive.Agent2|Day 4: Campaign opportunity - Campaign ID 327994462: day 6 to 8 [MALE, LOW_INCOME], reach: 10000 coefs: (v=2.0, m=1.5)
06/07 00:33:43 INFO naive.Agent2|This is the value of cmpBid: 1
06/07 00:33:43 INFO naive.Agent2|Day 4: Campaign total budget bid: 0.0010
06/07 00:33:43 INFO naive.Agent2|Day 4: Adjusting ucs bid: was 0.19729288766621106 level reported: 0.9 target: 0.9 adjusted: 0.15629156136909805
06/07 00:33:43 SEVERE naive.Agent2|Exception thrown while trying to parse message.java.lang.NullPointerException: receiver
06/07 00:33:43 INFO naive.Agent2|Day 4 : Simulation Status Received
06/07 00:33:43 INFO naive.Agent2|Day 4: Sending BidBundle
06/07 00:33:43 SEVERE naive.Agent2|Exception thrown while trying to parse message.java.lang.NullPointerException: receiver
06/07 00:33:52 SEVERE agentware.ServerConnection|(53) could not read
java.io.EOFException
	at java.io.DataInputStream.readInt(DataInputStream.java:375)
	at tau.tac.adx.agentware.ServerConnection.run(ServerConnection.java:216)
	at java.lang.Thread.run(Thread.java:680)
06/07 00:33:52 SEVERE agentware.SimClient|************************************************************
06/07 00:33:52 SEVERE agentware.SimClient|* Connection Lost
06/07 00:33:52 SEVERE agentware.SimClient|* Lost connection to localhost (will reconnect in 30 seconds)
06/07 00:33:52 SEVERE agentware.SimClient|************************************************************
