29/06 01:49:01 INFO naive.NaiveAgent|UNKNOWN Message Received: edu.umich.eecs.tac.props.AdvertiserInfo@bc76a1c1
29/06 01:49:01 INFO naive.NaiveAgent|Day 0 :BankStatus[0.000000]
29/06 01:49:01 INFO naive.NaiveAgent|tau.tac.adx.report.demand.InitialCampaignMessage[51163041,1250,1,5,[YOUNG, HIGH_INCOME],2.0,1.5,demand,[]]
29/06 01:49:01 INFO naive.NaiveAgent|Day 0: Allocated campaign - Campaign ID 51163041: day 1 to 5 [YOUNG, HIGH_INCOME], reach: 1250 coefs: (v=2.0, m=1.5)
29/06 01:49:01 INFO naive.NaiveAgent|Day 0: Campaign opportunity - Campaign ID 591444221: day 2 to 4 [HIGH_INCOME, MALE], reach: 10000 coefs: (v=2.0, m=1.5)
29/06 01:49:01 INFO naive.NaiveAgent|This is the value of cmpBid: 1
29/06 01:49:01 INFO naive.NaiveAgent|Day 0: Campaign total budget bid: 0.0010
29/06 01:49:01 INFO naive.NaiveAgent|Day 0: Initial ucs bid is 0.16452068566357508
29/06 01:49:01 INFO naive.NaiveAgent|Day 0 : Simulation Status Received
29/06 01:49:01 INFO naive.NaiveAgent|Day 0: Updated 36 Bid Bundle entries for Campaign id 51163041
29/06 01:49:01 INFO naive.NaiveAgent|Day 0: Sending BidBundle
29/06 01:49:01 INFO naive.NaiveAgent|Day 0 ended. Starting next day
29/06 01:49:13 INFO naive.NaiveAgent|Day 1 :BankStatus[0.000000]
29/06 01:49:13 INFO naive.NaiveAgent|Day 1: Daily notification for campaign 591444221
29/06 01:49:13 INFO naive.NaiveAgent|Day 1:  WON at cost 1.581. UCS Level set to 0.6561000000000001 at price 0.09580350069864649 Qualit Score is: 1.0
29/06 01:49:13 INFO naive.NaiveAgent|Day 1: Campaign opportunity - Campaign ID 1780374768: day 3 to 12 [YOUNG, LOW_INCOME], reach: 10000 coefs: (v=2.0, m=1.5)
29/06 01:49:13 INFO naive.NaiveAgent|This is the value of cmpBid: 1
29/06 01:49:13 INFO naive.NaiveAgent|Day 1: Campaign total budget bid: 0.0010
29/06 01:49:13 INFO naive.NaiveAgent|Day 1: Adjusting ucs bid: was 0.16452068566357508 level reported: 0.6561000000000001 target: 0.8 adjusted: 0.11148325422658581
29/06 01:49:13 INFO naive.NaiveAgent|Day 1 : AdNetworkReport
29/06 01:49:13 INFO naive.NaiveAgent|Day 1 : Simulation Status Received
29/06 01:49:13 INFO naive.NaiveAgent|Day 1: Updated 36 Bid Bundle entries for Campaign id 51163041
29/06 01:49:13 INFO naive.NaiveAgent|Day 1: Updated 36 Bid Bundle entries for Campaign id 591444221
29/06 01:49:13 INFO naive.NaiveAgent|Day 1: Sending BidBundle
29/06 01:49:13 INFO naive.NaiveAgent|Day 1 ended. Starting next day
29/06 01:49:23 INFO naive.NaiveAgent|Day 2 :BankStatus[-0.121083]
29/06 01:49:23 INFO naive.NaiveAgent|Day 2: Updating campaign 51163041 stats: 627.0 tgtImps 459.5 nonTgtImps. Cost of imps is 0.0011473841300685451
29/06 01:49:23 INFO naive.NaiveAgent|Day 2: Daily notification for campaign 1780374768
29/06 01:49:23 INFO naive.NaiveAgent|Day 2:  WON at cost 0.591. UCS Level set to 0.5314410000000002 at price 0.059003711640947934 Qualit Score is: 1.0
29/06 01:49:23 INFO naive.NaiveAgent|Day 2: Campaign opportunity - Campaign ID 1042803608: day 4 to 8 [HIGH_INCOME, FEMALE], reach: 15000 coefs: (v=2.0, m=1.5)
29/06 01:49:23 INFO naive.NaiveAgent|This is the value of cmpBid: 1
29/06 01:49:23 INFO naive.NaiveAgent|Day 2: Campaign total budget bid: 0.0010
29/06 01:49:23 INFO naive.NaiveAgent|Day 2: Adjusting ucs bid: was 0.11148325422658581 level reported: 0.5314410000000002 target: 0.8 adjusted: 0.10654471647997854
29/06 01:49:24 INFO naive.NaiveAgent|Day 2 : AdNetworkReport
29/06 01:49:24 INFO naive.NaiveAgent|Day 2 : Simulation Status Received
29/06 01:49:24 INFO naive.NaiveAgent|Day 2: Updated 36 Bid Bundle entries for Campaign id 51163041
29/06 01:49:24 INFO naive.NaiveAgent|Day 2: Updated 36 Bid Bundle entries for Campaign id 591444221
29/06 01:49:24 INFO naive.NaiveAgent|Day 2: Updated 36 Bid Bundle entries for Campaign id 1780374768
29/06 01:49:24 INFO naive.NaiveAgent|Day 2: Sending BidBundle
29/06 01:49:24 INFO naive.NaiveAgent|Day 2 ended. Starting next day
29/06 01:49:32 INFO naive.NaiveAgent|Day 3 :BankStatus[-0.300090]
29/06 01:49:32 INFO naive.NaiveAgent|Day 3: Updating campaign 51163041 stats: 1253.5 tgtImps 1071.0 nonTgtImps. Cost of imps is 0.002538564194590828
29/06 01:49:32 INFO naive.NaiveAgent|Day 3: Updating campaign 591444221 stats: 5001.0 tgtImps 61310.0 nonTgtImps. Cost of imps is 0.09312181142296944
29/06 01:49:32 INFO naive.NaiveAgent|Day 3: Daily notification for campaign 1042803608
29/06 01:49:32 INFO naive.NaiveAgent|Day 3:  WON at cost 1.396. UCS Level set to 0.5904900000000002 at price 0.0609301929538831 Qualit Score is: 1.0
29/06 01:49:32 INFO naive.NaiveAgent|Day 3: Campaign opportunity - Campaign ID 1883511844: day 5 to 7 [YOUNG, FEMALE], reach: 5000 coefs: (v=2.0, m=1.5)
29/06 01:49:32 INFO naive.NaiveAgent|This is the value of cmpBid: 1
29/06 01:49:32 INFO naive.NaiveAgent|Day 3: Campaign total budget bid: 0.0010
29/06 01:49:32 INFO naive.NaiveAgent|Day 3: Adjusting ucs bid: was 0.10654471647997854 level reported: 0.5904900000000002 target: 0.8 adjusted: 0.1037924140718057
29/06 01:49:32 INFO naive.NaiveAgent|Day 3 : AdNetworkReport
29/06 01:49:32 INFO naive.NaiveAgent|Day 3 : Simulation Status Received
29/06 01:49:32 INFO naive.NaiveAgent|Day 3: Updated 36 Bid Bundle entries for Campaign id 1042803608
29/06 01:49:32 INFO naive.NaiveAgent|Day 3: Updated 36 Bid Bundle entries for Campaign id 51163041
29/06 01:49:32 INFO naive.NaiveAgent|Day 3: Updated 36 Bid Bundle entries for Campaign id 591444221
29/06 01:49:32 INFO naive.NaiveAgent|Day 3: Updated 36 Bid Bundle entries for Campaign id 1780374768
29/06 01:49:32 INFO naive.NaiveAgent|Day 3: Sending BidBundle
29/06 01:49:32 INFO naive.NaiveAgent|Day 3 ended. Starting next day
29/06 01:49:42 INFO naive.NaiveAgent|Day 4 :BankStatus[-0.401853]
29/06 01:49:42 INFO naive.NaiveAgent|Day 4: Updating campaign 51163041 stats: 1565.5 tgtImps 1161.5 nonTgtImps. Cost of imps is 0.0029530756356200573
29/06 01:49:42 INFO naive.NaiveAgent|Day 4: Updating campaign 1780374768 stats: 5001.0 tgtImps 3484.0 nonTgtImps. Cost of imps is 0.009276871999288805
29/06 01:49:42 INFO naive.NaiveAgent|Day 4: Updating campaign 591444221 stats: 10002.0 tgtImps 66533.5 nonTgtImps. Cost of imps is 0.10543953037940902
29/06 01:49:42 INFO naive.NaiveAgent|Day 4: Daily notification for campaign 1883511844
29/06 01:49:42 INFO naive.NaiveAgent|Day 4:  WON at cost 0.159. UCS Level set to 0.6561000000000001 at price 0.06775176619432074 Qualit Score is: 1.0
29/06 01:49:42 INFO naive.NaiveAgent|Day 4: Campaign opportunity - Campaign ID 711275047: day 6 to 15 [HIGH_INCOME, FEMALE], reach: 10000 coefs: (v=2.0, m=1.5)
29/06 01:49:42 INFO naive.NaiveAgent|This is the value of cmpBid: 1
29/06 01:49:42 INFO naive.NaiveAgent|Day 4: Campaign total budget bid: 0.0010
29/06 01:49:42 INFO naive.NaiveAgent|Day 4: Adjusting ucs bid: was 0.1037924140718057 level reported: 0.6561000000000001 target: 0.8 adjusted: 0.11012459099767728
29/06 01:49:42 INFO naive.NaiveAgent|Day 4 : AdNetworkReport
29/06 01:49:42 INFO naive.NaiveAgent|Day 4 : Simulation Status Received
29/06 01:49:42 INFO naive.NaiveAgent|Day 4: Updated 36 Bid Bundle entries for Campaign id 1042803608
29/06 01:49:42 INFO naive.NaiveAgent|Day 4: Updated 36 Bid Bundle entries for Campaign id 51163041
29/06 01:49:42 INFO naive.NaiveAgent|Day 4: Updated 36 Bid Bundle entries for Campaign id 1780374768
29/06 01:49:42 INFO naive.NaiveAgent|Day 4: Updated 36 Bid Bundle entries for Campaign id 1883511844
29/06 01:49:42 INFO naive.NaiveAgent|Day 4: Sending BidBundle
29/06 01:49:42 INFO naive.NaiveAgent|Day 4 ended. Starting next day
29/06 01:49:51 INFO naive.NaiveAgent|Day 5 :BankStatus[-0.506352]
29/06 01:49:51 INFO naive.NaiveAgent|Day 5: Updating campaign 51163041 stats: 1568.5 tgtImps 1163.0 nonTgtImps. Cost of imps is 0.0029570133958335926
29/06 01:49:51 INFO naive.NaiveAgent|Day 5: Updating campaign 1780374768 stats: 10002.0 tgtImps 8020.0 nonTgtImps. Cost of imps is 0.020402129378895024
29/06 01:49:51 INFO naive.NaiveAgent|Day 5: Updating campaign 1042803608 stats: 7501.5 tgtImps 38.5 nonTgtImps. Cost of imps is 0.011205339413315654
29/06 01:49:51 INFO naive.NaiveAgent|Day 5: Daily notification for campaign 711275047
29/06 01:49:51 INFO naive.NaiveAgent|Day 5:  WON at cost 1.806. UCS Level set to 0.7290000000000001 at price 0.07643410076033633 Qualit Score is: 1.0957951174631622
29/06 01:49:51 INFO naive.NaiveAgent|Day 5: Campaign opportunity - Campaign ID 961753550: day 7 to 11 [LOW_INCOME, MALE], reach: 15000 coefs: (v=2.0, m=1.5)
29/06 01:49:51 INFO naive.NaiveAgent|This is the value of cmpBid: 1
29/06 01:49:51 INFO naive.NaiveAgent|Day 5: Campaign total budget bid: 0.0010
29/06 01:49:51 INFO naive.NaiveAgent|Day 5: Adjusting ucs bid: was 0.11012459099767728 level reported: 0.7290000000000001 target: 0.8 adjusted: 0.10848316588855321
29/06 01:49:51 INFO naive.NaiveAgent|Day 5 : AdNetworkReport
29/06 01:49:51 INFO naive.NaiveAgent|Day 5 : Simulation Status Received
29/06 01:49:51 INFO naive.NaiveAgent|Day 5: Updated 36 Bid Bundle entries for Campaign id 1042803608
29/06 01:49:51 INFO naive.NaiveAgent|Day 5: Updated 36 Bid Bundle entries for Campaign id 711275047
29/06 01:49:51 INFO naive.NaiveAgent|Day 5: Updated 36 Bid Bundle entries for Campaign id 1780374768
29/06 01:49:51 INFO naive.NaiveAgent|Day 5: Updated 36 Bid Bundle entries for Campaign id 1883511844
29/06 01:49:51 INFO naive.NaiveAgent|Day 5: Sending BidBundle
29/06 01:49:51 INFO naive.NaiveAgent|Day 5 ended. Starting next day
29/06 01:50:01 INFO naive.NaiveAgent|Day 6 :BankStatus[1.233872]
29/06 01:50:01 INFO naive.NaiveAgent|Day 6: Updating campaign 1883511844 stats: 0.0 tgtImps 0.0 nonTgtImps. Cost of imps is 0.0
29/06 01:50:01 INFO naive.NaiveAgent|Day 6: Updating campaign 1780374768 stats: 12502.0 tgtImps 9344.0 nonTgtImps. Cost of imps is 0.025080140529736446
29/06 01:50:01 INFO naive.NaiveAgent|Day 6: Updating campaign 1042803608 stats: 15002.5 tgtImps 3446.5 nonTgtImps. Cost of imps is 0.023281679987202115
29/06 01:50:01 INFO naive.NaiveAgent|Day 6: Daily notification for campaign 961753550
29/06 01:50:01 INFO naive.NaiveAgent|Day 6:  WON at cost 2.5301909262224416. UCS Level set to 0.81 at price 0.08524263242450186 Qualit Score is: 1.1353517191983542
29/06 01:50:01 INFO naive.NaiveAgent|Day 6: Campaign opportunity - Campaign ID 60729961: day 8 to 17 [YOUNG, LOW_INCOME], reach: 15000 coefs: (v=2.0, m=1.5)
29/06 01:50:01 INFO naive.NaiveAgent|This is the value of cmpBid: 1
29/06 01:50:01 INFO naive.NaiveAgent|Day 6: Campaign total budget bid: 0.0010
29/06 01:50:01 INFO naive.NaiveAgent|Day 6: Adjusting ucs bid: was 0.10848316588855321 level reported: 0.81 target: 0.8 adjusted: 0.10739833422966767
29/06 01:50:02 INFO naive.NaiveAgent|Day 6 : AdNetworkReport
29/06 01:50:02 INFO naive.NaiveAgent|Day 6 : Simulation Status Received
29/06 01:50:02 INFO naive.NaiveAgent|Day 6: Updated 36 Bid Bundle entries for Campaign id 961753550
29/06 01:50:02 INFO naive.NaiveAgent|Day 6: Updated 36 Bid Bundle entries for Campaign id 1042803608
29/06 01:50:02 INFO naive.NaiveAgent|Day 6: Updated 36 Bid Bundle entries for Campaign id 711275047
29/06 01:50:02 INFO naive.NaiveAgent|Day 6: Updated 36 Bid Bundle entries for Campaign id 1780374768
29/06 01:50:02 INFO naive.NaiveAgent|Day 6: Updated 36 Bid Bundle entries for Campaign id 1883511844
29/06 01:50:02 INFO naive.NaiveAgent|Day 6: Sending BidBundle
29/06 01:50:02 INFO naive.NaiveAgent|Day 6 ended. Starting next day
29/06 01:50:12 INFO naive.NaiveAgent|Day 7 :BankStatus[2.604633]
29/06 01:50:12 INFO naive.NaiveAgent|Day 7: Updating campaign 711275047 stats: 0.0 tgtImps 0.0 nonTgtImps. Cost of imps is 0.0
29/06 01:50:12 INFO naive.NaiveAgent|Day 7: Updating campaign 1883511844 stats: 0.0 tgtImps 0.0 nonTgtImps. Cost of imps is 0.0
29/06 01:50:12 INFO naive.NaiveAgent|Day 7: Updating campaign 1780374768 stats: 12504.0 tgtImps 9344.0 nonTgtImps. Cost of imps is 0.02508051071704479
29/06 01:50:12 INFO naive.NaiveAgent|Day 7: Updating campaign 1042803608 stats: 18753.5 tgtImps 5595.5 nonTgtImps. Cost of imps is 0.029862856531848028
29/06 01:50:12 INFO naive.NaiveAgent|Day 7: Daily notification for campaign 60729961
29/06 01:50:12 INFO naive.NaiveAgent|Day 7:  WON at cost 1.4504118212758974. UCS Level set to 0.81 at price 0.08610704176462346 Qualit Score is: 1.1353517191983542
29/06 01:50:12 INFO naive.NaiveAgent|Day 7: Campaign opportunity - Campaign ID 2056912755: day 9 to 11 [LOW_INCOME, OLD], reach: 10000 coefs: (v=2.0, m=1.5)
29/06 01:50:12 INFO naive.NaiveAgent|This is the value of cmpBid: 1
29/06 01:50:12 INFO naive.NaiveAgent|Day 7: Campaign total budget bid: 0.0010
29/06 01:50:12 INFO naive.NaiveAgent|Day 7: Adjusting ucs bid: was 0.10739833422966767 level reported: 0.81 target: 0.8 adjusted: 0.106324350887371
29/06 01:50:12 INFO naive.NaiveAgent|Day 7 : AdNetworkReport
29/06 01:50:12 INFO naive.NaiveAgent|Day 7 : Simulation Status Received
29/06 01:50:12 INFO naive.NaiveAgent|Day 7: Updated 36 Bid Bundle entries for Campaign id 961753550
29/06 01:50:12 INFO naive.NaiveAgent|Day 7: Updated 36 Bid Bundle entries for Campaign id 1042803608
29/06 01:50:12 INFO naive.NaiveAgent|Day 7: Updated 36 Bid Bundle entries for Campaign id 711275047
29/06 01:50:12 INFO naive.NaiveAgent|Day 7: Updated 36 Bid Bundle entries for Campaign id 60729961
29/06 01:50:12 INFO naive.NaiveAgent|Day 7: Updated 36 Bid Bundle entries for Campaign id 1780374768
29/06 01:50:12 INFO naive.NaiveAgent|Day 7: Sending BidBundle
29/06 01:50:12 INFO naive.NaiveAgent|Day 7 ended. Starting next day
29/06 01:50:22 INFO naive.NaiveAgent|Day 8 :BankStatus[2.516640]
29/06 01:50:22 INFO naive.NaiveAgent|Day 8: Updating campaign 961753550 stats: 7502.5 tgtImps 3728.0 nonTgtImps. Cost of imps is 0.012507974691108942
29/06 01:50:22 INFO naive.NaiveAgent|Day 8: Updating campaign 711275047 stats: 0.0 tgtImps 0.0 nonTgtImps. Cost of imps is 0.0
29/06 01:50:22 INFO naive.NaiveAgent|Day 8: Updating campaign 1780374768 stats: 12506.0 tgtImps 9344.0 nonTgtImps. Cost of imps is 0.025084049553078146
29/06 01:50:22 INFO naive.NaiveAgent|Day 8: Updating campaign 1042803608 stats: 18756.5 tgtImps 5595.5 nonTgtImps. Cost of imps is 0.029866532401129613
29/06 01:50:22 INFO naive.NaiveAgent|Day 8: Daily notification for campaign 2056912755
29/06 01:50:22 INFO naive.NaiveAgent|Day 8:  WON at cost 5.375890390404207. UCS Level set to 0.7290000000000001 at price 0.07545485611305701 Qualit Score is: 0.4541406876793417
29/06 01:50:22 INFO naive.NaiveAgent|Day 8: Campaign opportunity - Campaign ID 380569158: day 10 to 12 [YOUNG, LOW_INCOME], reach: 10000 coefs: (v=2.0, m=1.5)
29/06 01:50:22 INFO naive.NaiveAgent|This is the value of cmpBid: 1
29/06 01:50:22 INFO naive.NaiveAgent|Day 8: Campaign total budget bid: 0.0010
29/06 01:50:22 INFO naive.NaiveAgent|Day 8: Adjusting ucs bid: was 0.106324350887371 level reported: 0.7290000000000001 target: 0.8 adjusted: 0.11387337980037433
29/06 01:50:22 INFO naive.NaiveAgent|Day 8 : AdNetworkReport
29/06 01:50:22 INFO naive.NaiveAgent|Day 8 : Simulation Status Received
29/06 01:50:22 INFO naive.NaiveAgent|Day 8: Updated 36 Bid Bundle entries for Campaign id 961753550
29/06 01:50:22 INFO naive.NaiveAgent|Day 8: Updated 36 Bid Bundle entries for Campaign id 711275047
29/06 01:50:22 INFO naive.NaiveAgent|Day 8: Updated 36 Bid Bundle entries for Campaign id 2056912755
29/06 01:50:22 INFO naive.NaiveAgent|Day 8: Updated 36 Bid Bundle entries for Campaign id 60729961
29/06 01:50:22 INFO naive.NaiveAgent|Day 8: Updated 36 Bid Bundle entries for Campaign id 1780374768
29/06 01:50:22 INFO naive.NaiveAgent|Day 8: Sending BidBundle
29/06 01:50:22 INFO naive.NaiveAgent|Day 8 ended. Starting next day
29/06 01:50:34 INFO naive.NaiveAgent|Day 9 :BankStatus[2.413729]
29/06 01:50:34 INFO naive.NaiveAgent|Day 9: Updating campaign 961753550 stats: 15003.0 tgtImps 5337.5 nonTgtImps. Cost of imps is 0.022184699250876988
29/06 01:50:34 INFO naive.NaiveAgent|Day 9: Updating campaign 711275047 stats: 0.0 tgtImps 0.0 nonTgtImps. Cost of imps is 0.0
29/06 01:50:34 INFO naive.NaiveAgent|Day 9: Updating campaign 60729961 stats: 7501.5 tgtImps 9526.0 nonTgtImps. Cost of imps is 0.017775983183843352
29/06 01:50:34 INFO naive.NaiveAgent|Day 9: Updating campaign 1780374768 stats: 12506.0 tgtImps 9344.0 nonTgtImps. Cost of imps is 0.025084049553078146
29/06 01:50:34 INFO naive.NaiveAgent|Day 9: Daily notification for campaign 380569158
29/06 01:50:34 INFO naive.NaiveAgent|Day 9:  WON at cost 1.91079694341083. UCS Level set to 0.81 at price 0.0912984353126126 Qualit Score is: 0.8774985175214673
29/06 01:50:34 INFO naive.NaiveAgent|Day 9: Campaign opportunity - Campaign ID 1146420230: day 11 to 20 [LOW_INCOME, OLD], reach: 15000 coefs: (v=2.0, m=1.5)
29/06 01:50:34 INFO naive.NaiveAgent|This is the value of cmpBid: 1
29/06 01:50:34 INFO naive.NaiveAgent|Day 9: Campaign total budget bid: 0.0010
29/06 01:50:34 INFO naive.NaiveAgent|Day 9: Adjusting ucs bid: was 0.11387337980037433 level reported: 0.81 target: 0.8 adjusted: 0.11273464600237058
29/06 01:50:34 INFO naive.NaiveAgent|Day 9 : AdNetworkReport
29/06 01:50:34 INFO naive.NaiveAgent|Day 9 : Simulation Status Received
29/06 01:50:34 INFO naive.NaiveAgent|Day 9: Updated 36 Bid Bundle entries for Campaign id 961753550
29/06 01:50:34 INFO naive.NaiveAgent|Day 9: Updated 36 Bid Bundle entries for Campaign id 711275047
29/06 01:50:34 INFO naive.NaiveAgent|Day 9: Updated 36 Bid Bundle entries for Campaign id 2056912755
29/06 01:50:34 INFO naive.NaiveAgent|Day 9: Updated 36 Bid Bundle entries for Campaign id 60729961
29/06 01:50:34 INFO naive.NaiveAgent|Day 9: Updated 36 Bid Bundle entries for Campaign id 1780374768
29/06 01:50:34 INFO naive.NaiveAgent|Day 9: Updated 36 Bid Bundle entries for Campaign id 380569158
29/06 01:50:34 INFO naive.NaiveAgent|Day 9: Sending BidBundle
29/06 01:50:34 INFO naive.NaiveAgent|Day 9 ended. Starting next day
29/06 01:50:42 INFO naive.NaiveAgent|Day 10 :BankStatus[3.863841]
29/06 01:50:42 INFO naive.NaiveAgent|Day 10: Updating campaign 961753550 stats: 18752.5 tgtImps 24198.0 nonTgtImps. Cost of imps is 0.044183165058244274
29/06 01:50:42 INFO naive.NaiveAgent|Day 10: Updating campaign 711275047 stats: 5001.5 tgtImps 18466.5 nonTgtImps. Cost of imps is 0.022250084720721857
29/06 01:50:42 INFO naive.NaiveAgent|Day 10: Updating campaign 60729961 stats: 15002.5 tgtImps 13468.5 nonTgtImps. Cost of imps is 0.03189596958858232
29/06 01:50:42 INFO naive.NaiveAgent|Day 10: Updating campaign 1780374768 stats: 12506.0 tgtImps 9344.0 nonTgtImps. Cost of imps is 0.025084049553078146
29/06 01:50:42 INFO naive.NaiveAgent|Day 10: Updating campaign 2056912755 stats: 5001.0 tgtImps 25590.0 nonTgtImps. Cost of imps is 0.03059748754003381
29/06 01:50:42 INFO naive.NaiveAgent|Day 10: Daily notification for campaign 1146420230
29/06 01:50:42 INFO naive.NaiveAgent|Day 10:  WON at cost 10.211888997656077. UCS Level set to 0.81 at price 0.08983841060850596 Qualit Score is: 0.8774985175214673
29/06 01:50:42 INFO naive.NaiveAgent|Day 10: Campaign opportunity - Campaign ID 1881943133: day 12 to 14 [YOUNG, MALE], reach: 5000 coefs: (v=2.0, m=1.5)
29/06 01:50:42 INFO naive.NaiveAgent|This is the value of cmpBid: 1
29/06 01:50:42 INFO naive.NaiveAgent|Day 10: Campaign total budget bid: 0.0010
29/06 01:50:42 INFO naive.NaiveAgent|Day 10: Adjusting ucs bid: was 0.11273464600237058 level reported: 0.81 target: 0.8 adjusted: 0.10653805255249454
29/06 01:50:42 INFO naive.NaiveAgent|Day 10 : AdNetworkReport
29/06 01:50:42 INFO naive.NaiveAgent|Day 10 : Simulation Status Received
29/06 01:50:42 INFO naive.NaiveAgent|Day 10: Updated 36 Bid Bundle entries for Campaign id 961753550
29/06 01:50:42 INFO naive.NaiveAgent|Day 10: Updated 36 Bid Bundle entries for Campaign id 711275047
29/06 01:50:42 INFO naive.NaiveAgent|Day 10: Updated 36 Bid Bundle entries for Campaign id 2056912755
29/06 01:50:42 INFO naive.NaiveAgent|Day 10: Updated 36 Bid Bundle entries for Campaign id 1146420230
29/06 01:50:42 INFO naive.NaiveAgent|Day 10: Updated 36 Bid Bundle entries for Campaign id 60729961
29/06 01:50:42 INFO naive.NaiveAgent|Day 10: Updated 36 Bid Bundle entries for Campaign id 1780374768
29/06 01:50:42 INFO naive.NaiveAgent|Day 10: Updated 36 Bid Bundle entries for Campaign id 380569158
29/06 01:50:42 INFO naive.NaiveAgent|Day 10: Sending BidBundle
29/06 01:50:42 INFO naive.NaiveAgent|Day 10 ended. Starting next day
29/06 01:50:52 INFO naive.NaiveAgent|Day 11 :BankStatus[3.759349]
29/06 01:50:52 INFO naive.NaiveAgent|Day 11: Updating campaign 961753550 stats: 18753.5 tgtImps 24198.0 nonTgtImps. Cost of imps is 0.044184842158032686
29/06 01:50:52 INFO naive.NaiveAgent|Day 11: Updating campaign 711275047 stats: 10002.0 tgtImps 21101.0 nonTgtImps. Cost of imps is 0.03153999382117429
29/06 01:50:52 INFO naive.NaiveAgent|Day 11: Updating campaign 60729961 stats: 18754.0 tgtImps 14353.5 nonTgtImps. Cost of imps is 0.03694886311140344
29/06 01:50:52 INFO naive.NaiveAgent|Day 11: Updating campaign 380569158 stats: 0.0 tgtImps 0.0 nonTgtImps. Cost of imps is 0.0
29/06 01:50:52 INFO naive.NaiveAgent|Day 11: Updating campaign 1780374768 stats: 12506.0 tgtImps 9344.0 nonTgtImps. Cost of imps is 0.025084049553078146
29/06 01:50:52 INFO naive.NaiveAgent|Day 11: Updating campaign 2056912755 stats: 10003.5 tgtImps 28887.5 nonTgtImps. Cost of imps is 0.04085557204083954
29/06 01:50:52 INFO naive.NaiveAgent|Day 11: Daily notification for campaign 1881943133
29/06 01:50:52 INFO naive.NaiveAgent|Day 11:  WON at cost 0.1645309720352751. UCS Level set to 0.5904900000000002 at price 0.06108043290626337 Qualit Score is: 0.8774985175214673
29/06 01:50:52 INFO naive.NaiveAgent|Day 11: Campaign opportunity - Campaign ID 645332248: day 13 to 15 [YOUNG, HIGH_INCOME], reach: 15000 coefs: (v=2.0, m=1.5)
29/06 01:50:52 INFO naive.NaiveAgent|This is the value of cmpBid: 1
29/06 01:50:52 INFO naive.NaiveAgent|Day 11: Campaign total budget bid: 0.0010
29/06 01:50:52 INFO naive.NaiveAgent|Day 11: Adjusting ucs bid: was 0.10653805255249454 level reported: 0.5904900000000002 target: 0.8 adjusted: 0.12885883994276767
29/06 01:50:52 INFO naive.NaiveAgent|Day 11 : AdNetworkReport
29/06 01:50:52 INFO naive.NaiveAgent|Day 11 : Simulation Status Received
29/06 01:50:52 INFO naive.NaiveAgent|Day 11: Updated 36 Bid Bundle entries for Campaign id 711275047
29/06 01:50:52 INFO naive.NaiveAgent|Day 11: Updated 36 Bid Bundle entries for Campaign id 1146420230
29/06 01:50:52 INFO naive.NaiveAgent|Day 11: Updated 36 Bid Bundle entries for Campaign id 60729961
29/06 01:50:52 INFO naive.NaiveAgent|Day 11: Updated 36 Bid Bundle entries for Campaign id 1881943133
29/06 01:50:52 INFO naive.NaiveAgent|Day 11: Updated 36 Bid Bundle entries for Campaign id 1780374768
29/06 01:50:52 INFO naive.NaiveAgent|Day 11: Updated 36 Bid Bundle entries for Campaign id 380569158
29/06 01:50:52 INFO naive.NaiveAgent|Day 11: Sending BidBundle
29/06 01:50:52 INFO naive.NaiveAgent|Day 11 ended. Starting next day
29/06 01:51:02 INFO naive.NaiveAgent|Day 12 :BankStatus[3.672513]
29/06 01:51:02 INFO naive.NaiveAgent|Day 12: Updating campaign 711275047 stats: 12502.0 tgtImps 22623.0 nonTgtImps. Cost of imps is 0.036057143217493696
29/06 01:51:02 INFO naive.NaiveAgent|Day 12: Updating campaign 1146420230 stats: 0.0 tgtImps 0.0 nonTgtImps. Cost of imps is 0.0
29/06 01:51:02 INFO naive.NaiveAgent|Day 12: Updating campaign 60729961 stats: 18755.5 tgtImps 14353.5 nonTgtImps. Cost of imps is 0.036952295778418624
29/06 01:51:02 INFO naive.NaiveAgent|Day 12: Updating campaign 380569158 stats: 0.0 tgtImps 0.0 nonTgtImps. Cost of imps is 0.0
29/06 01:51:02 INFO naive.NaiveAgent|Day 12: Updating campaign 1780374768 stats: 12506.0 tgtImps 9344.0 nonTgtImps. Cost of imps is 0.025084049553078146
29/06 01:51:02 INFO naive.NaiveAgent|Day 12: Daily notification for campaign 645332248
29/06 01:51:02 INFO naive.NaiveAgent|Day 12:  WON at cost 1.044223235850546. UCS Level set to 0.9 at price 0.11106118418441593 Qualit Score is: 1.1145490615921618
29/06 01:51:02 INFO naive.NaiveAgent|Day 12: Campaign opportunity - Campaign ID 1852466459: day 14 to 23 [LOW_INCOME, OLD], reach: 10000 coefs: (v=2.0, m=1.5)
29/06 01:51:02 INFO naive.NaiveAgent|This is the value of cmpBid: 1
29/06 01:51:02 INFO naive.NaiveAgent|Day 12: Campaign total budget bid: 0.0010
29/06 01:51:02 INFO naive.NaiveAgent|Day 12: Adjusting ucs bid: was 0.12885883994276767 level reported: 0.9 target: 0.8 adjusted: 0.11597295594849091
29/06 01:51:02 INFO naive.NaiveAgent|Day 12 : AdNetworkReport
29/06 01:51:02 INFO naive.NaiveAgent|Day 12 : Simulation Status Received
29/06 01:51:02 INFO naive.NaiveAgent|Day 12: Updated 36 Bid Bundle entries for Campaign id 645332248
29/06 01:51:02 INFO naive.NaiveAgent|Day 12: Updated 36 Bid Bundle entries for Campaign id 60729961
29/06 01:51:02 INFO naive.NaiveAgent|Day 12: Updated 36 Bid Bundle entries for Campaign id 1146420230
29/06 01:51:02 INFO naive.NaiveAgent|Day 12: Updated 36 Bid Bundle entries for Campaign id 711275047
29/06 01:51:02 INFO naive.NaiveAgent|Day 12: Updated 36 Bid Bundle entries for Campaign id 1881943133
29/06 01:51:02 INFO naive.NaiveAgent|Day 12: Sending BidBundle
29/06 01:51:02 INFO naive.NaiveAgent|Day 12 ended. Starting next day
29/06 01:51:14 INFO naive.NaiveAgent|Day 13 :BankStatus[12.737148]
29/06 01:51:14 INFO naive.NaiveAgent|Day 13: Updating campaign 1881943133 stats: 2501.0 tgtImps 3026.0 nonTgtImps. Cost of imps is 0.007542388577595977
29/06 01:51:14 INFO naive.NaiveAgent|Day 13: Updating campaign 711275047 stats: 12503.5 tgtImps 22623.0 nonTgtImps. Cost of imps is 0.03605885135528447
29/06 01:51:14 INFO naive.NaiveAgent|Day 13: Updating campaign 1146420230 stats: 7501.5 tgtImps 5764.5 nonTgtImps. Cost of imps is 0.015940128183249778
29/06 01:51:14 INFO naive.NaiveAgent|Day 13: Updating campaign 60729961 stats: 18757.0 tgtImps 14353.5 nonTgtImps. Cost of imps is 0.0369543089595226
29/06 01:51:14 INFO naive.NaiveAgent|Day 13: Daily notification for campaign 1852466459
29/06 01:51:14 INFO naive.NaiveAgent|Day 13:  WON at cost 2.4826580346965406. UCS Level set to 0.7290000000000001 at price 0.0797464336125108 Qualit Score is: 0.4566741672442068
29/06 01:51:14 INFO naive.NaiveAgent|Day 13: Campaign opportunity - Campaign ID 1024194480: day 15 to 24 [MALE, OLD], reach: 5000 coefs: (v=2.0, m=1.5)
29/06 01:51:14 INFO naive.NaiveAgent|This is the value of cmpBid: 1
29/06 01:51:14 INFO naive.NaiveAgent|Day 13: Campaign total budget bid: 0.0010
29/06 01:51:14 INFO naive.NaiveAgent|Day 13: Adjusting ucs bid: was 0.11597295594849091 level reported: 0.7290000000000001 target: 0.8 adjusted: 0.11827193275145775
29/06 01:51:14 INFO naive.NaiveAgent|Day 13 : AdNetworkReport
29/06 01:51:14 INFO naive.NaiveAgent|Day 13 : Simulation Status Received
29/06 01:51:14 INFO naive.NaiveAgent|Day 13: Updated 36 Bid Bundle entries for Campaign id 645332248
29/06 01:51:14 INFO naive.NaiveAgent|Day 13: Updated 36 Bid Bundle entries for Campaign id 1852466459
29/06 01:51:14 INFO naive.NaiveAgent|Day 13: Updated 36 Bid Bundle entries for Campaign id 60729961
29/06 01:51:14 INFO naive.NaiveAgent|Day 13: Updated 36 Bid Bundle entries for Campaign id 1146420230
29/06 01:51:14 INFO naive.NaiveAgent|Day 13: Updated 36 Bid Bundle entries for Campaign id 711275047
29/06 01:51:14 INFO naive.NaiveAgent|Day 13: Updated 36 Bid Bundle entries for Campaign id 1881943133
29/06 01:51:14 INFO naive.NaiveAgent|Day 13: Sending BidBundle
29/06 01:51:14 INFO naive.NaiveAgent|Day 13 ended. Starting next day
29/06 01:51:24 INFO naive.NaiveAgent|Day 14 :BankStatus[13.247448]
29/06 01:51:24 INFO naive.NaiveAgent|Day 14: Updating campaign 1881943133 stats: 5003.5 tgtImps 4777.0 nonTgtImps. Cost of imps is 0.01188721590501416
29/06 01:51:24 INFO naive.NaiveAgent|Day 14: Updating campaign 711275047 stats: 12505.0 tgtImps 22623.0 nonTgtImps. Cost of imps is 0.036061458010024514
29/06 01:51:24 INFO naive.NaiveAgent|Day 14: Updating campaign 1146420230 stats: 15002.0 tgtImps 35571.5 nonTgtImps. Cost of imps is 0.0622194092547661
29/06 01:51:24 INFO naive.NaiveAgent|Day 14: Updating campaign 60729961 stats: 18758.5 tgtImps 14358.0 nonTgtImps. Cost of imps is 0.03696057436190581
29/06 01:51:24 INFO naive.NaiveAgent|Day 14: Updating campaign 645332248 stats: 7502.0 tgtImps 26082.5 nonTgtImps. Cost of imps is 0.04474825577076949
29/06 01:51:24 INFO naive.NaiveAgent|Day 14: Daily notification for campaign 1024194480
29/06 01:51:24 INFO naive.NaiveAgent|Day 14:  WON at cost 0.5091916964772906. UCS Level set to 0.81 at price 0.09030204328169524 Qualit Score is: 0.4566741672442068
29/06 01:51:24 INFO naive.NaiveAgent|Day 14: Campaign opportunity - Campaign ID 1207343598: day 16 to 18 [YOUNG, HIGH_INCOME], reach: 10000 coefs: (v=2.0, m=1.5)
29/06 01:51:24 INFO naive.NaiveAgent|This is the value of cmpBid: 1
29/06 01:51:24 INFO naive.NaiveAgent|Day 14: Campaign total budget bid: 0.0010
29/06 01:51:24 INFO naive.NaiveAgent|Day 14: Adjusting ucs bid: was 0.11827193275145775 level reported: 0.81 target: 0.8 adjusted: 0.11708921342394317
29/06 01:51:24 INFO naive.NaiveAgent|Day 14 : AdNetworkReport
29/06 01:51:24 INFO naive.NaiveAgent|Day 14 : Simulation Status Received
29/06 01:51:24 INFO naive.NaiveAgent|Day 14: Updated 36 Bid Bundle entries for Campaign id 645332248
29/06 01:51:24 INFO naive.NaiveAgent|Day 14: Updated 36 Bid Bundle entries for Campaign id 1852466459
29/06 01:51:24 INFO naive.NaiveAgent|Day 14: Updated 36 Bid Bundle entries for Campaign id 60729961
29/06 01:51:24 INFO naive.NaiveAgent|Day 14: Updated 36 Bid Bundle entries for Campaign id 1146420230
29/06 01:51:24 INFO naive.NaiveAgent|Day 14: Updated 36 Bid Bundle entries for Campaign id 711275047
29/06 01:51:24 INFO naive.NaiveAgent|Day 14: Updated 36 Bid Bundle entries for Campaign id 1024194480
29/06 01:51:24 INFO naive.NaiveAgent|Day 14: Sending BidBundle
29/06 01:51:24 INFO naive.NaiveAgent|Day 14 ended. Starting next day
29/06 01:51:33 INFO naive.NaiveAgent|Day 15 :BankStatus[13.040096]
29/06 01:51:33 INFO naive.NaiveAgent|Day 15: Updating campaign 711275047 stats: 12506.0 tgtImps 22623.0 nonTgtImps. Cost of imps is 0.03606414458752905
29/06 01:51:33 INFO naive.NaiveAgent|Day 15: Updating campaign 1852466459 stats: 5002.0 tgtImps 58142.5 nonTgtImps. Cost of imps is 0.05984818903403031
29/06 01:51:33 INFO naive.NaiveAgent|Day 15: Updating campaign 1146420230 stats: 15002.0 tgtImps 35571.5 nonTgtImps. Cost of imps is 0.0622194092547661
29/06 01:51:33 INFO naive.NaiveAgent|Day 15: Updating campaign 60729961 stats: 18758.5 tgtImps 14358.0 nonTgtImps. Cost of imps is 0.03696057436190581
29/06 01:51:33 INFO naive.NaiveAgent|Day 15: Updating campaign 645332248 stats: 15003.0 tgtImps 32413.5 nonTgtImps. Cost of imps is 0.05992159863379505
29/06 01:51:33 INFO naive.NaiveAgent|Day 15: Daily notification for campaign 1207343598
29/06 01:51:33 INFO naive.NaiveAgent|Day 15:  WON at cost 3.5723336732678073. UCS Level set to 0.7290000000000001 at price 0.08443357459428039 Qualit Score is: 0.8785825394975424
29/06 01:51:33 INFO naive.NaiveAgent|Day 15: Campaign opportunity - Campaign ID 1919138752: day 17 to 19 [LOW_INCOME, FEMALE], reach: 10000 coefs: (v=2.0, m=1.5)
29/06 01:51:33 INFO naive.NaiveAgent|This is the value of cmpBid: 1
29/06 01:51:33 INFO naive.NaiveAgent|Day 15: Campaign total budget bid: 0.0010
29/06 01:51:33 INFO naive.NaiveAgent|Day 15: Adjusting ucs bid: was 0.11708921342394317 level reported: 0.7290000000000001 target: 0.8 adjusted: 0.12540254757704314
29/06 01:51:33 INFO naive.NaiveAgent|Day 15 : AdNetworkReport
29/06 01:51:33 INFO naive.NaiveAgent|Day 15 : Simulation Status Received
29/06 01:51:33 INFO naive.NaiveAgent|Day 15: Updated 36 Bid Bundle entries for Campaign id 1852466459
29/06 01:51:33 INFO naive.NaiveAgent|Day 15: Updated 36 Bid Bundle entries for Campaign id 60729961
29/06 01:51:33 INFO naive.NaiveAgent|Day 15: Updated 36 Bid Bundle entries for Campaign id 1146420230
29/06 01:51:33 INFO naive.NaiveAgent|Day 15: Updated 36 Bid Bundle entries for Campaign id 1207343598
29/06 01:51:33 INFO naive.NaiveAgent|Day 15: Updated 36 Bid Bundle entries for Campaign id 1024194480
29/06 01:51:33 INFO naive.NaiveAgent|Day 15: Sending BidBundle
29/06 01:51:33 INFO naive.NaiveAgent|Day 15 ended. Starting next day
29/06 01:51:42 INFO naive.NaiveAgent|Day 16 :BankStatus[13.092266]
29/06 01:51:42 INFO naive.NaiveAgent|Day 16: Updating campaign 1024194480 stats: 2501.0 tgtImps 1120.5 nonTgtImps. Cost of imps is 0.0035846720105833564
29/06 01:51:42 INFO naive.NaiveAgent|Day 16: Updating campaign 1852466459 stats: 10003.5 tgtImps 97280.5 nonTgtImps. Cost of imps is 0.102949874758812
29/06 01:51:42 INFO naive.NaiveAgent|Day 16: Updating campaign 1146420230 stats: 15002.0 tgtImps 35571.5 nonTgtImps. Cost of imps is 0.0622194092547661
29/06 01:51:42 INFO naive.NaiveAgent|Day 16: Updating campaign 60729961 stats: 18758.5 tgtImps 14358.0 nonTgtImps. Cost of imps is 0.03696057436190581
29/06 01:51:42 INFO naive.NaiveAgent|Day 16: Daily notification for campaign 1919138752
29/06 01:51:42 INFO naive.NaiveAgent|Day 16:  WON at cost 3.5143301579901696. UCS Level set to 0.9 at price 0.10777654791975635 Qualit Score is: 1.114713050926515
29/06 01:51:42 INFO naive.NaiveAgent|Day 16: Campaign opportunity - Campaign ID 2021526313: day 18 to 22 [YOUNG, HIGH_INCOME], reach: 5000 coefs: (v=2.0, m=1.5)
29/06 01:51:42 INFO naive.NaiveAgent|This is the value of cmpBid: 1
29/06 01:51:42 INFO naive.NaiveAgent|Day 16: Campaign total budget bid: 0.0010
29/06 01:51:42 INFO naive.NaiveAgent|Day 16: Adjusting ucs bid: was 0.12540254757704314 level reported: 0.9 target: 0.8 adjusted: 0.10772406770682806
29/06 01:51:42 INFO naive.NaiveAgent|Day 16 : AdNetworkReport
29/06 01:51:42 INFO naive.NaiveAgent|Day 16 : Simulation Status Received
29/06 01:51:42 INFO naive.NaiveAgent|Day 16: Updated 36 Bid Bundle entries for Campaign id 1852466459
29/06 01:51:42 INFO naive.NaiveAgent|Day 16: Updated 36 Bid Bundle entries for Campaign id 1919138752
29/06 01:51:42 INFO naive.NaiveAgent|Day 16: Updated 36 Bid Bundle entries for Campaign id 60729961
29/06 01:51:42 INFO naive.NaiveAgent|Day 16: Updated 36 Bid Bundle entries for Campaign id 1146420230
29/06 01:51:42 INFO naive.NaiveAgent|Day 16: Updated 36 Bid Bundle entries for Campaign id 1207343598
29/06 01:51:42 INFO naive.NaiveAgent|Day 16: Updated 36 Bid Bundle entries for Campaign id 1024194480
29/06 01:51:42 INFO naive.NaiveAgent|Day 16: Sending BidBundle
29/06 01:51:42 INFO naive.NaiveAgent|Day 16 ended. Starting next day
29/06 01:51:53 INFO naive.NaiveAgent|Day 17 :BankStatus[16.297310]
29/06 01:51:53 INFO naive.NaiveAgent|Day 17: Updating campaign 1024194480 stats: 5002.5 tgtImps 3055.5 nonTgtImps. Cost of imps is 0.008868550731240621
29/06 01:51:53 INFO naive.NaiveAgent|Day 17: Updating campaign 1852466459 stats: 12503.0 tgtImps 99117.5 nonTgtImps. Cost of imps is 0.1080032336887843
29/06 01:51:53 INFO naive.NaiveAgent|Day 17: Updating campaign 1146420230 stats: 15002.0 tgtImps 35571.5 nonTgtImps. Cost of imps is 0.0622194092547661
29/06 01:51:53 INFO naive.NaiveAgent|Day 17: Updating campaign 1207343598 stats: 5001.0 tgtImps 2896.0 nonTgtImps. Cost of imps is 0.008541620583287602
29/06 01:51:53 INFO naive.NaiveAgent|Day 17: Updating campaign 60729961 stats: 18760.0 tgtImps 14359.5 nonTgtImps. Cost of imps is 0.036965841342119186
29/06 01:51:53 INFO naive.NaiveAgent|Day 17: Daily notification for campaign 2021526313
29/06 01:51:53 INFO naive.NaiveAgent|Day 17:  WON at cost 1.290280356447441. UCS Level set to 0.6561000000000001 at price 0.06936214852223806 Qualit Score is: 1.114713050926515
29/06 01:51:53 INFO naive.NaiveAgent|Day 17: Campaign opportunity - Campaign ID 699339930: day 19 to 23 [YOUNG, HIGH_INCOME], reach: 5000 coefs: (v=2.0, m=1.5)
29/06 01:51:53 INFO naive.NaiveAgent|This is the value of cmpBid: 1
29/06 01:51:53 INFO naive.NaiveAgent|Day 17: Campaign total budget bid: 0.0010
29/06 01:51:53 INFO naive.NaiveAgent|Day 17: Adjusting ucs bid: was 0.10772406770682806 level reported: 0.6561000000000001 target: 0.8 adjusted: 0.12322556104984062
29/06 01:51:53 INFO naive.NaiveAgent|Day 17 : AdNetworkReport
29/06 01:51:53 INFO naive.NaiveAgent|Day 17 : Simulation Status Received
29/06 01:51:53 INFO naive.NaiveAgent|Day 17: Updated 36 Bid Bundle entries for Campaign id 1852466459
29/06 01:51:53 INFO naive.NaiveAgent|Day 17: Updated 36 Bid Bundle entries for Campaign id 1919138752
29/06 01:51:53 INFO naive.NaiveAgent|Day 17: Updated 36 Bid Bundle entries for Campaign id 1146420230
29/06 01:51:53 INFO naive.NaiveAgent|Day 17: Updated 36 Bid Bundle entries for Campaign id 2021526313
29/06 01:51:53 INFO naive.NaiveAgent|Day 17: Updated 36 Bid Bundle entries for Campaign id 1207343598
29/06 01:51:53 INFO naive.NaiveAgent|Day 17: Updated 36 Bid Bundle entries for Campaign id 1024194480
29/06 01:51:53 INFO naive.NaiveAgent|Day 17: Sending BidBundle
29/06 01:51:53 INFO naive.NaiveAgent|Day 17 ended. Starting next day
29/06 01:52:02 INFO naive.NaiveAgent|Day 18 :BankStatus[16.160408]
29/06 01:52:02 INFO naive.NaiveAgent|Day 18: Updating campaign 1024194480 stats: 6252.5 tgtImps 3657.0 nonTgtImps. Cost of imps is 0.011328562460196465
29/06 01:52:02 INFO naive.NaiveAgent|Day 18: Updating campaign 1852466459 stats: 12506.0 tgtImps 99119.0 nonTgtImps. Cost of imps is 0.10800523489696096
29/06 01:52:02 INFO naive.NaiveAgent|Day 18: Updating campaign 1146420230 stats: 15002.0 tgtImps 35571.5 nonTgtImps. Cost of imps is 0.0622194092547661
29/06 01:52:02 INFO naive.NaiveAgent|Day 18: Updating campaign 1207343598 stats: 10002.5 tgtImps 42360.0 nonTgtImps. Cost of imps is 0.05206388943485582
29/06 01:52:02 INFO naive.NaiveAgent|Day 18: Updating campaign 1919138752 stats: 5001.5 tgtImps 6586.0 nonTgtImps. Cost of imps is 0.012382446427080024
29/06 01:52:02 INFO naive.NaiveAgent|Day 18: Daily notification for campaign 699339930
29/06 01:52:02 INFO naive.NaiveAgent|Day 18:  WON at cost 5.573565254632575. UCS Level set to 0.9 at price 0.10403247511264695 Qualit Score is: 1.1417980929704656
29/06 01:52:02 INFO naive.NaiveAgent|Day 18: Campaign opportunity - Campaign ID 1465081748: day 20 to 24 [HIGH_INCOME, OLD], reach: 15000 coefs: (v=2.0, m=1.5)
29/06 01:52:02 INFO naive.NaiveAgent|This is the value of cmpBid: 1
29/06 01:52:02 INFO naive.NaiveAgent|Day 18: Campaign total budget bid: 0.0010
29/06 01:52:02 INFO naive.NaiveAgent|Day 18: Adjusting ucs bid: was 0.12322556104984062 level reported: 0.9 target: 0.8 adjusted: 0.11090300494485655
29/06 01:52:02 INFO naive.NaiveAgent|Day 18 : AdNetworkReport
29/06 01:52:02 INFO naive.NaiveAgent|Day 18 : Simulation Status Received
29/06 01:52:02 INFO naive.NaiveAgent|Day 18: Updated 36 Bid Bundle entries for Campaign id 1852466459
29/06 01:52:02 INFO naive.NaiveAgent|Day 18: Updated 36 Bid Bundle entries for Campaign id 1919138752
29/06 01:52:02 INFO naive.NaiveAgent|Day 18: Updated 36 Bid Bundle entries for Campaign id 1146420230
29/06 01:52:02 INFO naive.NaiveAgent|Day 18: Updated 36 Bid Bundle entries for Campaign id 699339930
29/06 01:52:02 INFO naive.NaiveAgent|Day 18: Updated 36 Bid Bundle entries for Campaign id 2021526313
29/06 01:52:02 INFO naive.NaiveAgent|Day 18: Updated 36 Bid Bundle entries for Campaign id 1024194480
29/06 01:52:02 INFO naive.NaiveAgent|Day 18: Sending BidBundle
29/06 01:52:02 INFO naive.NaiveAgent|Day 18 ended. Starting next day
29/06 01:52:11 INFO naive.NaiveAgent|Day 19 :BankStatus[17.721935]
29/06 01:52:11 INFO naive.NaiveAgent|Day 19: Updating campaign 1024194480 stats: 6255.5 tgtImps 3658.5 nonTgtImps. Cost of imps is 0.011333331148856079
29/06 01:52:11 INFO naive.NaiveAgent|Day 19: Updating campaign 1852466459 stats: 12509.0 tgtImps 99126.0 nonTgtImps. Cost of imps is 0.10801893417912393
29/06 01:52:11 INFO naive.NaiveAgent|Day 19: Updating campaign 1146420230 stats: 15002.0 tgtImps 35571.5 nonTgtImps. Cost of imps is 0.0622194092547661
29/06 01:52:11 INFO naive.NaiveAgent|Day 19: Updating campaign 2021526313 stats: 2501.5 tgtImps 7522.0 nonTgtImps. Cost of imps is 0.01103572835435254
29/06 01:52:11 INFO naive.NaiveAgent|Day 19: Updating campaign 1919138752 stats: 10004.5 tgtImps 31145.0 nonTgtImps. Cost of imps is 0.04426668351561914
29/06 01:52:11 INFO naive.NaiveAgent|Day 19: Daily notification for campaign 1465081748
29/06 01:52:11 INFO naive.NaiveAgent|Day 19:  WON at cost 0.28830401847504256. UCS Level set to 0.7290000000000001 at price 0.0734372895037408 Qualit Score is: 1.0568458354674448
29/06 01:52:11 INFO naive.NaiveAgent|Day 19: Campaign opportunity - Campaign ID 408392186: day 21 to 23 [YOUNG, MALE], reach: 5000 coefs: (v=2.0, m=1.5)
29/06 01:52:11 INFO naive.NaiveAgent|This is the value of cmpBid: 1
29/06 01:52:11 INFO naive.NaiveAgent|Day 19: Campaign total budget bid: 0.0010
29/06 01:52:11 INFO naive.NaiveAgent|Day 19: Adjusting ucs bid: was 0.11090300494485655 level reported: 0.7290000000000001 target: 0.8 adjusted: 0.10208773186704445
29/06 01:52:11 INFO naive.NaiveAgent|Day 19 : AdNetworkReport
29/06 01:52:11 INFO naive.NaiveAgent|Day 19 : Simulation Status Received
29/06 01:52:11 INFO naive.NaiveAgent|Day 19: Updated 36 Bid Bundle entries for Campaign id 1852466459
29/06 01:52:11 INFO naive.NaiveAgent|Day 19: Updated 36 Bid Bundle entries for Campaign id 1146420230
29/06 01:52:11 INFO naive.NaiveAgent|Day 19: Updated 36 Bid Bundle entries for Campaign id 699339930
29/06 01:52:11 INFO naive.NaiveAgent|Day 19: Updated 36 Bid Bundle entries for Campaign id 2021526313
29/06 01:52:11 INFO naive.NaiveAgent|Day 19: Updated 36 Bid Bundle entries for Campaign id 1465081748
29/06 01:52:11 INFO naive.NaiveAgent|Day 19: Updated 36 Bid Bundle entries for Campaign id 1024194480
29/06 01:52:11 INFO naive.NaiveAgent|Day 19: Sending BidBundle
29/06 01:52:11 INFO naive.NaiveAgent|Day 19 ended. Starting next day
29/06 01:52:22 INFO naive.NaiveAgent|Day 20 :BankStatus[21.200502]
29/06 01:52:22 INFO naive.NaiveAgent|Day 20: Updating campaign 1024194480 stats: 6258.5 tgtImps 3660.0 nonTgtImps. Cost of imps is 0.011337957038856759
29/06 01:52:22 INFO naive.NaiveAgent|Day 20: Updating campaign 699339930 stats: 2500.5 tgtImps 2773.0 nonTgtImps. Cost of imps is 0.005404639684139333
29/06 01:52:22 INFO naive.NaiveAgent|Day 20: Updating campaign 1852466459 stats: 12510.5 tgtImps 99132.0 nonTgtImps. Cost of imps is 0.10802697767755647
29/06 01:52:22 INFO naive.NaiveAgent|Day 20: Updating campaign 1146420230 stats: 15002.0 tgtImps 35571.5 nonTgtImps. Cost of imps is 0.0622194092547661
29/06 01:52:22 INFO naive.NaiveAgent|Day 20: Updating campaign 2021526313 stats: 2501.5 tgtImps 7522.0 nonTgtImps. Cost of imps is 0.01103572835435254
29/06 01:52:22 INFO naive.NaiveAgent|Day 20: Daily notification for campaign 408392186
29/06 01:52:22 INFO naive.NaiveAgent|Day 20:  WON at cost 2.0080070873881453. UCS Level set to 0.5904900000000002 at price 0.05961174117406143 Qualit Score is: 1.1185805766367087
29/06 01:52:22 INFO naive.NaiveAgent|Day 20: Campaign opportunity - Campaign ID 444070342: day 22 to 31 [MALE, OLD], reach: 10000 coefs: (v=2.0, m=1.5)
29/06 01:52:22 INFO naive.NaiveAgent|This is the value of cmpBid: 1
29/06 01:52:22 INFO naive.NaiveAgent|Day 20: Campaign total budget bid: 0.0010
29/06 01:52:22 INFO naive.NaiveAgent|Day 20: Adjusting ucs bid: was 0.10208773186704445 level reported: 0.5904900000000002 target: 0.8 adjusted: 0.12347613257050892
29/06 01:52:22 INFO naive.NaiveAgent|Day 20 : AdNetworkReport
29/06 01:52:22 INFO naive.NaiveAgent|Day 20 : Simulation Status Received
29/06 01:52:22 INFO naive.NaiveAgent|Day 20: Updated 36 Bid Bundle entries for Campaign id 1852466459
29/06 01:52:22 INFO naive.NaiveAgent|Day 20: Updated 36 Bid Bundle entries for Campaign id 699339930
29/06 01:52:22 INFO naive.NaiveAgent|Day 20: Updated 36 Bid Bundle entries for Campaign id 2021526313
29/06 01:52:22 INFO naive.NaiveAgent|Day 20: Updated 36 Bid Bundle entries for Campaign id 1465081748
29/06 01:52:22 INFO naive.NaiveAgent|Day 20: Updated 36 Bid Bundle entries for Campaign id 1024194480
29/06 01:52:22 INFO naive.NaiveAgent|Day 20: Updated 36 Bid Bundle entries for Campaign id 408392186
29/06 01:52:22 INFO naive.NaiveAgent|Day 20: Sending BidBundle
29/06 01:52:22 INFO naive.NaiveAgent|Day 20 ended. Starting next day
29/06 01:52:27 SEVERE agentware.ServerConnection|(1) could not read
java.io.EOFException
	at java.io.DataInputStream.readInt(DataInputStream.java:375)
	at tau.tac.adx.agentware.ServerConnection.run(ServerConnection.java:216)
	at java.lang.Thread.run(Thread.java:680)
29/06 01:52:27 SEVERE agentware.SimClient|************************************************************
29/06 01:52:27 SEVERE agentware.SimClient|* Connection Lost
29/06 01:52:27 SEVERE agentware.SimClient|* Lost connection to localhost (will reconnect in 30 seconds)
29/06 01:52:27 SEVERE agentware.SimClient|************************************************************
