07/07 22:02:01 INFO naive.ReasonableBot|UNKNOWN Message Received: edu.umich.eecs.tac.props.AdvertiserInfo@bc76a1c1
07/07 22:02:01 INFO naive.ReasonableBot|DAY 0 Actually bidding 5011
07/07 22:02:15 INFO naive.ReasonableBot|DAY 1 Actually bidding 2004
07/07 22:02:23 INFO naive.ReasonableBot|Day 2 ongoing campaigns:
1762653738 days left: 3/4 target reach: 1250 to go: 1250
07/07 22:02:23 INFO naive.ReasonableBot|DAY 2 Actually bidding 3207
07/07 22:02:37 INFO naive.ReasonableBot|Day 3 ongoing campaigns:
1762653738 days left: 2/4 target reach: 1250 to go: 622
07/07 22:02:37 INFO naive.ReasonableBot|DAY 3 Actually bidding 2565
07/07 22:02:43 INFO naive.ReasonableBot|Day 4 ongoing campaigns:
1762653738 days left: 1/4 target reach: 1250 to go: 0
07/07 22:02:43 INFO naive.ReasonableBot|DAY 4 Actually bidding 3079
07/07 22:02:53 INFO naive.ReasonableBot|Day 5 ongoing campaigns:
1762653738 days left: 0/4 target reach: 1250 to go: 0
07/07 22:02:53 INFO naive.ReasonableBot|DAY 5 Actually bidding 821
07/07 22:03:04 INFO naive.ReasonableBot|Day 6 ongoing campaigns:
07/07 22:03:04 INFO naive.ReasonableBot|DAY 6 Actually bidding 656
07/07 22:03:12 INFO naive.ReasonableBot|Day 7 ongoing campaigns:
07/07 22:03:12 INFO naive.ReasonableBot|DAY 7 WON at cost 0.7084973186920359
07/07 22:03:12 INFO naive.ReasonableBot|DAY 7 Actually bidding 1970
07/07 22:03:23 INFO naive.ReasonableBot|Day 8 ongoing campaigns:
2001561174 days left: 9/9 target reach: 5000 to go: 5000
07/07 22:03:23 INFO naive.ReasonableBot|DAY 8 Actually bidding 525
07/07 22:03:33 INFO naive.ReasonableBot|Day 9 ongoing campaigns:
2001561174 days left: 8/9 target reach: 5000 to go: 5000
07/07 22:03:33 INFO naive.ReasonableBot|DAY 9 Actually bidding 1261
07/07 22:03:45 INFO naive.ReasonableBot|Day 10 ongoing campaigns:
2001561174 days left: 7/9 target reach: 5000 to go: 2506
07/07 22:03:45 INFO naive.ReasonableBot|DAY 10 WON at cost 2.241987331383004
07/07 22:03:45 INFO naive.ReasonableBot|DAY 10 Actually bidding 840
07/07 22:03:52 INFO naive.ReasonableBot|Day 11 ongoing campaigns:
2001561174 days left: 6/9 target reach: 5000 to go: 218
1824225524 days left: 4/4 target reach: 15000 to go: 15000
07/07 22:03:52 INFO naive.ReasonableBot|DAY 11 WON at cost 1.5843464704171177
07/07 22:03:52 INFO naive.ReasonableBot|DAY 11 Actually bidding 840
07/07 22:04:02 INFO naive.ReasonableBot|Day 12 ongoing campaigns:
2001561174 days left: 5/9 target reach: 5000 to go: 218
1954218728 days left: 2/2 target reach: 10000 to go: 10000
1824225524 days left: 3/4 target reach: 15000 to go: 15000
07/07 22:04:02 INFO naive.ReasonableBot|DAY 12 WON at cost 3.0972710548671083
07/07 22:04:02 INFO naive.ReasonableBot|DAY 12 Actually bidding 420
07/07 22:04:16 INFO naive.ReasonableBot|Day 13 ongoing campaigns:
2001561174 days left: 4/9 target reach: 5000 to go: 218
1894625884 days left: 2/2 target reach: 10000 to go: 10000
1954218728 days left: 1/2 target reach: 10000 to go: 10000
1824225524 days left: 2/4 target reach: 15000 to go: 12010
07/07 22:04:16 INFO naive.ReasonableBot|DAY 13 Actually bidding 672
07/07 22:04:25 INFO naive.ReasonableBot|Day 14 ongoing campaigns:
2001561174 days left: 3/9 target reach: 5000 to go: 218
1894625884 days left: 1/2 target reach: 10000 to go: 10000
1954218728 days left: 0/2 target reach: 10000 to go: 6699
1824225524 days left: 1/4 target reach: 15000 to go: 9772
07/07 22:04:25 INFO naive.ReasonableBot|DAY 14 WON at cost 3.2673090948836863
07/07 22:04:25 INFO naive.ReasonableBot|DAY 14 Actually bidding 672
07/07 22:04:32 INFO naive.ReasonableBot|Day 15 ongoing campaigns:
1330103272 days left: 9/9 target reach: 10000 to go: 10000
2001561174 days left: 2/9 target reach: 5000 to go: 218
1894625884 days left: 0/2 target reach: 10000 to go: 7629
1824225524 days left: 0/4 target reach: 15000 to go: 9772
07/07 22:04:32 INFO naive.ReasonableBot|DAY 15 WON at cost 2.289808893031073
07/07 22:04:32 INFO naive.ReasonableBot|DAY 15 Actually bidding 336
07/07 22:04:45 INFO naive.ReasonableBot|Day 16 ongoing campaigns:
1330103272 days left: 8/9 target reach: 10000 to go: 10000
2001561174 days left: 1/9 target reach: 5000 to go: 218
1827143713 days left: 2/2 target reach: 10000 to go: 10000
07/07 22:04:45 INFO naive.ReasonableBot|DAY 16 Actually bidding 269
07/07 22:04:52 INFO naive.ReasonableBot|Day 17 ongoing campaigns:
1330103272 days left: 7/9 target reach: 10000 to go: 4999
2001561174 days left: 0/9 target reach: 5000 to go: 218
1827143713 days left: 1/2 target reach: 10000 to go: 10000
07/07 22:04:52 INFO naive.ReasonableBot|DAY 17 Actually bidding 215
07/07 22:05:04 INFO naive.ReasonableBot|Day 18 ongoing campaigns:
1330103272 days left: 6/9 target reach: 10000 to go: 0
1827143713 days left: 0/2 target reach: 10000 to go: 10000
07/07 22:05:04 INFO naive.ReasonableBot|DAY 18 Actually bidding 516
07/07 22:05:13 INFO naive.ReasonableBot|Day 19 ongoing campaigns:
1330103272 days left: 5/9 target reach: 10000 to go: 0
07/07 22:05:13 INFO naive.ReasonableBot|DAY 19 WON at cost 0.8599749426866236
07/07 22:05:13 INFO naive.ReasonableBot|DAY 19 Actually bidding 516
07/07 22:05:23 INFO naive.ReasonableBot|Day 20 ongoing campaigns:
1330103272 days left: 4/9 target reach: 10000 to go: 0
1509057022 days left: 4/4 target reach: 15000 to go: 15000
07/07 22:05:23 INFO naive.ReasonableBot|DAY 20 WON at cost 2.090787400521197
07/07 22:05:23 INFO naive.ReasonableBot|DAY 20 Actually bidding 172
07/07 22:05:37 INFO naive.ReasonableBot|Day 21 ongoing campaigns:
1330103272 days left: 3/9 target reach: 10000 to go: 0
1621595 days left: 2/2 target reach: 15000 to go: 15000
1509057022 days left: 3/4 target reach: 15000 to go: 15000
07/07 22:05:37 INFO naive.ReasonableBot|DAY 21 WON at cost 0.268377023738462
07/07 22:05:37 INFO naive.ReasonableBot|DAY 21 Actually bidding 344
07/07 22:05:44 INFO naive.ReasonableBot|Day 22 ongoing campaigns:
1330103272 days left: 2/9 target reach: 10000 to go: 0
1621595 days left: 1/2 target reach: 15000 to go: 15000
1509057022 days left: 2/4 target reach: 15000 to go: 7498
1739738481 days left: 2/2 target reach: 5000 to go: 5000
07/07 22:05:44 INFO naive.ReasonableBot|DAY 22 Actually bidding 137
07/07 22:05:54 INFO naive.ReasonableBot|Day 23 ongoing campaigns:
1330103272 days left: 1/9 target reach: 10000 to go: 0
1621595 days left: 0/2 target reach: 15000 to go: 11359
1509057022 days left: 1/4 target reach: 15000 to go: 6104
1739738481 days left: 1/2 target reach: 5000 to go: 5000
07/07 22:05:54 INFO naive.ReasonableBot|DAY 23 WON at cost 0.45031558003653854
07/07 22:05:54 INFO naive.ReasonableBot|DAY 23 Actually bidding 413
07/07 22:06:07 INFO naive.ReasonableBot|Day 24 ongoing campaigns:
1330103272 days left: 0/9 target reach: 10000 to go: 0
1509057022 days left: 0/4 target reach: 15000 to go: 6104
1379693821 days left: 9/9 target reach: 5000 to go: 5000
1739738481 days left: 0/2 target reach: 5000 to go: 4346
07/07 22:06:07 INFO naive.ReasonableBot|DAY 24 Actually bidding 330
07/07 22:06:12 INFO naive.ReasonableBot|Day 25 ongoing campaigns:
1379693821 days left: 8/9 target reach: 5000 to go: 5000
07/07 22:06:12 INFO naive.ReasonableBot|DAY 25 WON at cost 0.9608366429354347
07/07 22:06:12 INFO naive.ReasonableBot|DAY 25 Actually bidding 220
07/07 22:06:23 INFO naive.ReasonableBot|Day 26 ongoing campaigns:
1365643039 days left: 4/4 target reach: 15000 to go: 15000
1379693821 days left: 7/9 target reach: 5000 to go: 2498
07/07 22:06:23 INFO naive.ReasonableBot|DAY 26 WON at cost 0.6708459704971652
07/07 22:06:23 INFO naive.ReasonableBot|DAY 26 Actually bidding 220
07/07 22:06:34 INFO naive.ReasonableBot|Day 27 ongoing campaigns:
505424932 days left: 2/2 target reach: 10000 to go: 10000
1365643039 days left: 3/4 target reach: 15000 to go: 15000
1379693821 days left: 6/9 target reach: 5000 to go: 598
07/07 22:06:34 INFO naive.ReasonableBot|DAY 27 WON at cost 2.1272119029924674
07/07 22:06:34 INFO naive.ReasonableBot|DAY 27 Actually bidding 330
07/07 22:06:44 INFO naive.ReasonableBot|Day 28 ongoing campaigns:
379986151 days left: 4/4 target reach: 10000 to go: 10000
505424932 days left: 1/2 target reach: 10000 to go: 10000
1365643039 days left: 2/4 target reach: 15000 to go: 13134
1379693821 days left: 5/9 target reach: 5000 to go: 598
07/07 22:06:44 INFO naive.ReasonableBot|DAY 28 WON at cost 0.6205510135028903
07/07 22:06:45 INFO naive.ReasonableBot|DAY 28 Actually bidding 220
07/07 22:06:54 INFO naive.ReasonableBot|Day 29 ongoing campaigns:
379986151 days left: 3/4 target reach: 10000 to go: 10000
505424932 days left: 0/2 target reach: 10000 to go: 6656
1365643039 days left: 1/4 target reach: 15000 to go: 9579
1379693821 days left: 4/9 target reach: 5000 to go: 598
1974615617 days left: 4/4 target reach: 15000 to go: 15000
07/07 22:06:54 INFO naive.ReasonableBot|DAY 29 WON at cost 2.628989199167866
07/07 22:06:54 INFO naive.ReasonableBot|DAY 29 Actually bidding 330
07/07 22:07:03 INFO naive.ReasonableBot|Day 30 ongoing campaigns:
379986151 days left: 2/4 target reach: 10000 to go: 6538
1080864386 days left: 2/2 target reach: 10000 to go: 10000
1365643039 days left: 0/4 target reach: 15000 to go: 9579
1379693821 days left: 3/9 target reach: 5000 to go: 598
1974615617 days left: 3/4 target reach: 15000 to go: 15000
07/07 22:07:03 INFO naive.ReasonableBot|DAY 30 WON at cost 1.3572242071249152
07/07 22:07:03 INFO naive.ReasonableBot|DAY 30 Actually bidding 110
07/07 22:07:13 INFO naive.ReasonableBot|Day 31 ongoing campaigns:
379986151 days left: 1/4 target reach: 10000 to go: 2805
1080864386 days left: 1/2 target reach: 10000 to go: 10000
1626125033 days left: 4/4 target reach: 15000 to go: 15000
1379693821 days left: 2/9 target reach: 5000 to go: 598
1974615617 days left: 2/4 target reach: 15000 to go: 15000
07/07 22:07:13 INFO naive.ReasonableBot|DAY 31 WON at cost 0.8624894878933681
07/07 22:07:13 INFO naive.ReasonableBot|DAY 31 Actually bidding 110
07/07 22:07:22 INFO naive.ReasonableBot|Day 32 ongoing campaigns:
2142147407 days left: 2/2 target reach: 5000 to go: 5000
379986151 days left: 0/4 target reach: 10000 to go: 2805
1080864386 days left: 0/2 target reach: 10000 to go: 7843
1626125033 days left: 3/4 target reach: 15000 to go: 15000
1379693821 days left: 1/9 target reach: 5000 to go: 598
1974615617 days left: 1/4 target reach: 15000 to go: 14087
07/07 22:07:22 INFO naive.ReasonableBot|DAY 32 WON at cost 0.8043974975630355
07/07 22:07:22 INFO naive.ReasonableBot|DAY 32 Actually bidding 220
07/07 22:07:34 INFO naive.ReasonableBot|Day 33 ongoing campaigns:
2142147407 days left: 1/2 target reach: 5000 to go: 5000
1358088745 days left: 9/9 target reach: 5000 to go: 5000
1626125033 days left: 2/4 target reach: 15000 to go: 13344
1379693821 days left: 0/9 target reach: 5000 to go: 598
1974615617 days left: 0/4 target reach: 15000 to go: 13034
07/07 22:07:34 INFO naive.ReasonableBot|DAY 33 WON at cost 0.4508836573035989
07/07 22:07:34 INFO naive.ReasonableBot|DAY 33 Actually bidding 330
07/07 22:07:43 INFO naive.ReasonableBot|Day 34 ongoing campaigns:
2142147407 days left: 0/2 target reach: 5000 to go: 2827
1358088745 days left: 8/9 target reach: 5000 to go: 5000
226933970 days left: 4/4 target reach: 10000 to go: 10000
1626125033 days left: 1/4 target reach: 15000 to go: 10586
07/07 22:07:43 INFO naive.ReasonableBot|DAY 34 WON at cost 1.3538026028725587
07/07 22:07:43 INFO naive.ReasonableBot|DAY 34 Actually bidding 220
07/07 22:07:53 INFO naive.ReasonableBot|Day 35 ongoing campaigns:
1358088745 days left: 7/9 target reach: 5000 to go: 2499
728403827 days left: 2/2 target reach: 15000 to go: 15000
226933970 days left: 3/4 target reach: 10000 to go: 10000
1626125033 days left: 0/4 target reach: 15000 to go: 10586
07/07 22:07:53 INFO naive.ReasonableBot|DAY 35 WON at cost 1.3542074800328843
07/07 22:07:53 INFO naive.ReasonableBot|DAY 35 Actually bidding 220
07/07 22:08:03 INFO naive.ReasonableBot|Day 36 ongoing campaigns:
227857040 days left: 2/2 target reach: 10000 to go: 10000
1358088745 days left: 6/9 target reach: 5000 to go: 0
728403827 days left: 1/2 target reach: 15000 to go: 15000
226933970 days left: 2/4 target reach: 10000 to go: 10000
07/07 22:08:03 INFO naive.ReasonableBot|DAY 36 WON at cost 0.41472017710236253
07/07 22:08:03 INFO naive.ReasonableBot|DAY 36 Actually bidding 110
07/07 22:08:15 INFO naive.ReasonableBot|Day 37 ongoing campaigns:
227857040 days left: 1/2 target reach: 10000 to go: 10000
1358088745 days left: 5/9 target reach: 5000 to go: 0
728403827 days left: 0/2 target reach: 15000 to go: 12465
226933970 days left: 1/4 target reach: 10000 to go: 10000
923812513 days left: 4/4 target reach: 10000 to go: 10000
07/07 22:08:15 INFO naive.ReasonableBot|DAY 37 Actually bidding 264
07/07 22:08:24 INFO naive.ReasonableBot|Day 38 ongoing campaigns:
227857040 days left: 0/2 target reach: 10000 to go: 4997
1358088745 days left: 4/9 target reach: 5000 to go: 0
226933970 days left: 0/4 target reach: 10000 to go: 10000
923812513 days left: 3/4 target reach: 10000 to go: 10000
07/07 22:08:24 INFO naive.ReasonableBot|DAY 38 WON at cost 1.6911512292272477
07/07 22:08:24 INFO naive.ReasonableBot|DAY 38 Actually bidding 88
07/07 22:08:33 INFO naive.ReasonableBot|Day 39 ongoing campaigns:
1042888859 days left: 4/4 target reach: 15000 to go: 15000
1358088745 days left: 3/9 target reach: 5000 to go: 0
923812513 days left: 2/4 target reach: 10000 to go: 10000
07/07 22:08:33 INFO naive.ReasonableBot|DAY 39 Actually bidding 141
07/07 22:08:45 INFO naive.ReasonableBot|Day 40 ongoing campaigns:
1042888859 days left: 3/4 target reach: 15000 to go: 15000
1358088745 days left: 2/9 target reach: 5000 to go: 0
923812513 days left: 1/4 target reach: 10000 to go: 10000
07/07 22:08:45 INFO naive.ReasonableBot|DAY 40 WON at cost 0.4688216081898727
07/07 22:08:45 INFO naive.ReasonableBot|DAY 40 Actually bidding 141
07/07 22:08:53 INFO naive.ReasonableBot|Day 41 ongoing campaigns:
1042888859 days left: 2/4 target reach: 15000 to go: 12931
1358088745 days left: 1/9 target reach: 5000 to go: 0
2100676289 days left: 4/4 target reach: 10000 to go: 10000
923812513 days left: 0/4 target reach: 10000 to go: 10000
07/07 22:08:53 INFO naive.ReasonableBot|DAY 41 WON at cost 3.1431484397454734
07/07 22:08:53 INFO naive.ReasonableBot|DAY 41 Actually bidding 211
07/07 22:09:07 INFO naive.ReasonableBot|Day 42 ongoing campaigns:
1042888859 days left: 1/4 target reach: 15000 to go: 11018
1358088745 days left: 0/9 target reach: 5000 to go: 0
2100676289 days left: 3/4 target reach: 10000 to go: 10000
1688362509 days left: 9/9 target reach: 10000 to go: 10000
07/07 22:09:07 INFO naive.ReasonableBot|DAY 42 Actually bidding 112
07/07 22:09:14 INFO naive.ReasonableBot|Day 43 ongoing campaigns:
1042888859 days left: 0/4 target reach: 15000 to go: 11018
2100676289 days left: 2/4 target reach: 10000 to go: 9218
1688362509 days left: 8/9 target reach: 10000 to go: 10000
07/07 22:09:14 INFO naive.ReasonableBot|DAY 43 WON at cost 2.170008868256401
07/07 22:09:14 INFO naive.ReasonableBot|DAY 43 Actually bidding 169
07/07 22:09:23 INFO naive.ReasonableBot|Day 44 ongoing campaigns:
2100676289 days left: 1/4 target reach: 10000 to go: 8282
1688362509 days left: 7/9 target reach: 10000 to go: 10000
98397276 days left: 4/4 target reach: 10000 to go: 10000
07/07 22:09:23 INFO naive.ReasonableBot|DAY 44 WON at cost 5.8408837798766085
07/07 22:09:23 INFO naive.ReasonableBot|DAY 44 Actually bidding 56
07/07 22:09:34 INFO naive.ReasonableBot|Day 45 ongoing campaigns:
460421813 days left: 2/2 target reach: 15000 to go: 15000
2100676289 days left: 0/4 target reach: 10000 to go: 8282
1688362509 days left: 6/9 target reach: 10000 to go: 5297
98397276 days left: 3/4 target reach: 10000 to go: 10000
07/07 22:09:34 INFO naive.ReasonableBot|DAY 45 WON at cost 0.3779353544326651
07/07 22:09:34 INFO naive.ReasonableBot|DAY 45 Actually bidding 169
07/07 22:09:44 INFO naive.ReasonableBot|Day 46 ongoing campaigns:
1100502707 days left: 2/2 target reach: 5000 to go: 5000
460421813 days left: 1/2 target reach: 15000 to go: 15000
1688362509 days left: 5/9 target reach: 10000 to go: 5297
98397276 days left: 2/4 target reach: 10000 to go: 7385
07/07 22:09:44 INFO naive.ReasonableBot|DAY 46 WON at cost 1.3227737405143278
07/07 22:09:44 INFO naive.ReasonableBot|DAY 46 Actually bidding 56
07/07 22:09:54 INFO naive.ReasonableBot|Day 47 ongoing campaigns:
1100502707 days left: 1/2 target reach: 5000 to go: 5000
460421813 days left: 0/2 target reach: 15000 to go: 7498
604056884 days left: 4/4 target reach: 15000 to go: 15000
1688362509 days left: 4/9 target reach: 10000 to go: 5297
98397276 days left: 1/4 target reach: 10000 to go: 7385
07/07 22:09:54 INFO naive.ReasonableBot|DAY 47 Actually bidding 90
07/07 22:10:04 INFO naive.ReasonableBot|Day 48 ongoing campaigns:
1100502707 days left: 0/2 target reach: 5000 to go: 2498
604056884 days left: 3/4 target reach: 15000 to go: 15000
1688362509 days left: 3/9 target reach: 10000 to go: 5297
98397276 days left: 0/4 target reach: 10000 to go: 7385
07/07 22:10:04 INFO naive.ReasonableBot|DAY 48 WON at cost 0.09896022435663042
07/07 22:10:04 INFO naive.ReasonableBot|DAY 48 Actually bidding 90
07/07 22:10:14 INFO naive.ReasonableBot|Day 49 ongoing campaigns:
1766307707 days left: 2/2 target reach: 10000 to go: 10000
604056884 days left: 2/4 target reach: 15000 to go: 13160
1688362509 days left: 2/9 target reach: 10000 to go: 5297
07/07 22:10:14 INFO naive.ReasonableBot|DAY 49 WON at cost 1.3594330484064405
07/07 22:10:14 INFO naive.ReasonableBot|DAY 49 Actually bidding 135
