08/07 21:31:04 INFO naive.ReasonableBot|UNKNOWN Message Received: edu.umich.eecs.tac.props.AdvertiserInfo@bc76a1c1
08/07 21:31:04 INFO naive.ReasonableBot|1 DAY 0 Actually bidding 7590
08/07 21:31:18 INFO naive.ReasonableBot|1 DAY 1 Actually bidding 2024
08/07 21:31:26 INFO naive.ReasonableBot|Day 2 ongoing campaigns:
[HIGH_INCOME, FEMALE] days left: 3/4 target reach: 1250 to go: 624
08/07 21:31:26 INFO naive.ReasonableBot|1 DAY 2 Actually bidding 3238
08/07 21:31:33 INFO naive.ReasonableBot|Day 3 ongoing campaigns:
[HIGH_INCOME, FEMALE] days left: 2/4 target reach: 1250 to go: 0
08/07 21:31:33 INFO naive.ReasonableBot|1 DAY 3 Actually bidding 1295
08/07 21:31:42 INFO naive.ReasonableBot|Day 4 ongoing campaigns:
[HIGH_INCOME, FEMALE] days left: 1/4 target reach: 1250 to go: 0
08/07 21:31:42 INFO naive.ReasonableBot|1 DAY 4 Actually bidding 3109
08/07 21:31:52 INFO naive.ReasonableBot|Day 5 ongoing campaigns:
[HIGH_INCOME, FEMALE] days left: 0/4 target reach: 1250 to go: 0
08/07 21:31:52 INFO naive.ReasonableBot|1 DAY 5 Actually bidding 1658
08/07 21:32:02 INFO naive.ReasonableBot|Day 6 ongoing campaigns:
08/07 21:32:02 INFO naive.ReasonableBot|1 DAY 6 Actually bidding 663
08/07 21:32:13 INFO naive.ReasonableBot|Day 7 ongoing campaigns:
08/07 21:32:13 INFO naive.ReasonableBot|1 DAY 7 Actually bidding 1591
08/07 21:32:22 INFO naive.ReasonableBot|Day 8 ongoing campaigns:
08/07 21:32:22 INFO naive.ReasonableBot|1 DAY 8 Actually bidding 1273
08/07 21:32:32 INFO naive.ReasonableBot|Day 9 ongoing campaigns:
08/07 21:32:32 INFO naive.ReasonableBot|1 DAY 9 Actually bidding 339
08/07 21:32:42 INFO naive.ReasonableBot|Day 10 ongoing campaigns:
08/07 21:32:42 INFO naive.ReasonableBot|1 DAY 10 Actually bidding 815
08/07 21:32:54 INFO naive.ReasonableBot|Day 11 ongoing campaigns:
08/07 21:32:54 INFO naive.ReasonableBot|1 DAY 11 Actually bidding 217
08/07 21:33:02 INFO naive.ReasonableBot|Day 12 ongoing campaigns:
08/07 21:33:02 INFO naive.ReasonableBot|1 DAY 12 Actually bidding 173
08/07 21:33:12 INFO naive.ReasonableBot|Day 13 ongoing campaigns:
08/07 21:33:12 INFO naive.ReasonableBot|1 DAY 13 Actually bidding 139
08/07 21:33:22 INFO naive.ReasonableBot|Day 14 ongoing campaigns:
08/07 21:33:22 INFO naive.ReasonableBot|1 DAY 14 Actually bidding 222
08/07 21:33:32 INFO naive.ReasonableBot|Day 15 ongoing campaigns:
08/07 21:33:32 INFO naive.ReasonableBot|1 DAY 15 Actually bidding 89
08/07 21:33:42 INFO naive.ReasonableBot|Day 16 ongoing campaigns:
08/07 21:33:42 INFO naive.ReasonableBot|1 DAY 16 Actually bidding 71
08/07 21:33:52 INFO naive.ReasonableBot|Day 17 ongoing campaigns:
08/07 21:33:52 INFO naive.ReasonableBot|1 DAY 17 Actually bidding 113
08/07 21:34:03 INFO naive.ReasonableBot|Day 18 ongoing campaigns:
08/07 21:34:03 INFO naive.ReasonableBot|1 DAY 18 Actually bidding 45
08/07 21:34:12 INFO naive.ReasonableBot|Day 19 ongoing campaigns:
08/07 21:34:12 INFO naive.ReasonableBot|1 DAY 19 Actually bidding 109
08/07 21:34:23 INFO naive.ReasonableBot|Day 20 ongoing campaigns:
08/07 21:34:23 INFO naive.ReasonableBot|1 DAY 20 Actually bidding 58
08/07 21:34:32 INFO naive.ReasonableBot|Day 21 ongoing campaigns:
08/07 21:34:32 INFO naive.ReasonableBot|1 DAY 21 WON at cost 0.05805410986104514
08/07 21:34:32 INFO naive.ReasonableBot|1 DAY 21 Actually bidding 87
08/07 21:34:43 INFO naive.ReasonableBot|Day 22 ongoing campaigns:
[HIGH_INCOME, FEMALE] days left: 2/2 target reach: 10000 to go: 10000
08/07 21:34:43 INFO naive.ReasonableBot|1 DAY 22 Actually bidding 23
08/07 21:34:52 INFO naive.ReasonableBot|Day 23 ongoing campaigns:
[HIGH_INCOME, FEMALE] days left: 1/2 target reach: 10000 to go: 9938
08/07 21:34:52 INFO naive.ReasonableBot|1 DAY 23 Actually bidding 56
08/07 21:35:02 INFO naive.ReasonableBot|Day 24 ongoing campaigns:
[HIGH_INCOME, FEMALE] days left: 0/2 target reach: 10000 to go: 9862
08/07 21:35:02 INFO naive.ReasonableBot|1 DAY 24 Actually bidding 44
08/07 21:35:14 INFO naive.ReasonableBot|Day 25 ongoing campaigns:
08/07 21:35:14 INFO naive.ReasonableBot|1 DAY 25 Actually bidding 23
08/07 21:35:22 INFO naive.ReasonableBot|Day 26 ongoing campaigns:
08/07 21:35:22 INFO naive.ReasonableBot|1 DAY 26 Actually bidding 19
08/07 21:35:32 INFO naive.ReasonableBot|Day 27 ongoing campaigns:
08/07 21:35:32 INFO naive.ReasonableBot|1 DAY 27 Actually bidding 22
08/07 21:35:42 INFO naive.ReasonableBot|Day 28 ongoing campaigns:
08/07 21:35:42 INFO naive.ReasonableBot|1 DAY 28 Actually bidding 12
08/07 21:35:52 INFO naive.ReasonableBot|Day 29 ongoing campaigns:
08/07 21:35:52 INFO naive.ReasonableBot|1 DAY 29 Actually bidding 9
08/07 21:36:02 INFO naive.ReasonableBot|Day 30 ongoing campaigns:
08/07 21:36:02 INFO naive.ReasonableBot|1 DAY 30 Actually bidding 11
08/07 21:36:12 INFO naive.ReasonableBot|Day 31 ongoing campaigns:
08/07 21:36:12 INFO naive.ReasonableBot|1 DAY 31 WON at cost 0.013965824170976172
08/07 21:36:12 INFO naive.ReasonableBot|1 DAY 31 Actually bidding 3
08/07 21:36:22 INFO naive.ReasonableBot|Day 32 ongoing campaigns:
[LOW_INCOME, MALE] days left: 9/9 target reach: 15000 to go: 15000
08/07 21:36:22 INFO naive.ReasonableBot|1 DAY 32 Actually bidding 9
