05/07 03:29:01 INFO naive.NaiveAgent|UNKNOWN Message Received: edu.umich.eecs.tac.props.AdvertiserInfo@bc76a1c1
05/07 03:29:02 INFO naive.NaiveAgent|Day 0 :BankStatus[0.000000]
05/07 03:29:02 INFO naive.NaiveAgent|tau.tac.adx.report.demand.InitialCampaignMessage[1399560387,1250,1,5,[FEMALE, OLD],2.0,1.5,demand,[]]
05/07 03:29:02 INFO naive.NaiveAgent|Day 0: Allocated campaign - Campaign ID 1399560387: day 1 to 5 [FEMALE, OLD], reach: 1250 coefs: (v=2.0, m=1.5)
05/07 03:29:02 INFO naive.NaiveAgent|Day 0: Campaign opportunity - Campaign ID 1958816120: day 2 to 4 [FEMALE, LOW_INCOME], reach: 15000 coefs: (v=2.0, m=1.5)
05/07 03:29:02 INFO naive.NaiveAgent|This is the value of cmpBid: 1
05/07 03:29:02 INFO naive.NaiveAgent|Day 0: Campaign total budget bid: 0.0010
05/07 03:29:02 INFO naive.NaiveAgent|Day 0: Initial ucs bid is 0.1135713474133792
05/07 03:29:02 INFO naive.NaiveAgent|Day 0 : Simulation Status Received
05/07 03:29:02 INFO naive.NaiveAgent|Day 0: Updated 36 Bid Bundle entries for Campaign id 1399560387
05/07 03:29:02 INFO naive.NaiveAgent|Day 0: Sending BidBundle
05/07 03:29:02 INFO naive.NaiveAgent|Day 0 ended. Starting next day
05/07 03:29:07 SEVERE agentware.SimClient|************************************************************
05/07 03:29:07 SEVERE agentware.SimClient|* ALERT: Multiple Connections
05/07 03:29:07 SEVERE agentware.SimClient|* The server connection was closed due to new connection
from agent BrendanBot@127.0.0.1.
05/07 03:29:07 SEVERE agentware.SimClient|************************************************************
05/07 03:29:07 SEVERE agentware.ServerConnection|(3) could not read
java.io.EOFException
	at java.io.DataInputStream.readInt(DataInputStream.java:375)
	at tau.tac.adx.agentware.ServerConnection.run(ServerConnection.java:216)
	at java.lang.Thread.run(Thread.java:680)
05/07 03:29:07 SEVERE agentware.SimClient|************************************************************
05/07 03:29:07 SEVERE agentware.SimClient|* Connection Lost
05/07 03:29:07 SEVERE agentware.SimClient|* Lost connection to localhost (will reconnect in 30 seconds)
05/07 03:29:07 SEVERE agentware.SimClient|************************************************************
05/07 03:29:14 INFO naive.Agent2|UNKNOWN Message Received: edu.umich.eecs.tac.props.AdvertiserInfo@bc771620
05/07 03:29:22 INFO naive.Agent2|Day 0 :BankStatus[-0.751400]
05/07 03:29:22 SEVERE naive.Agent2|Exception thrown while trying to parse message.java.lang.NullPointerException
05/07 03:29:22 INFO naive.Agent2|Day 0: Daily notification for campaign 1266484165
05/07 03:29:22 SEVERE naive.Agent2|Exception thrown while trying to parse message.java.lang.NullPointerException
05/07 03:29:22 INFO naive.Agent2|Day 2: Campaign opportunity - Campaign ID 1260641974: day 4 to 13 [LOW_INCOME, OLD], reach: 5000 coefs: (v=2.0, m=1.5)
05/07 03:29:22 INFO naive.Agent2|This is the value of cmpBid: 1
05/07 03:29:22 INFO naive.Agent2|Day 2: Campaign total budget bid: 0.0010
05/07 03:29:22 INFO naive.Agent2|Day 2: Adjusting ucs bid: was 0.15083854443485392 level reported: 0.5904900000000002 target: 0.7 adjusted: 0.1573177584739179
05/07 03:29:22 SEVERE naive.Agent2|Exception thrown while trying to parse message.java.lang.NullPointerException: receiver
05/07 03:29:22 INFO naive.Agent2|Day 2 : Simulation Status Received
05/07 03:29:22 INFO naive.Agent2|Day 2: Sending BidBundle
05/07 03:29:22 SEVERE naive.Agent2|Exception thrown while trying to parse message.java.lang.NullPointerException: receiver
05/07 03:29:33 INFO naive.Agent2|Day 2 :BankStatus[-0.856264]
05/07 03:29:33 SEVERE naive.Agent2|Exception thrown while trying to parse message.java.lang.NullPointerException
05/07 03:29:33 INFO naive.Agent2|Day 2: Daily notification for campaign 1260641974
05/07 03:29:33 INFO naive.Agent2|Day 2:  allocated to DummyAdnetwork. UCS Level set to 0.7290000000000001 at price 0.07684302262644235 Qualit Score is: 1.0
05/07 03:29:33 INFO naive.Agent2|Day 3: Campaign opportunity - Campaign ID 1558291281: day 5 to 14 [LOW_INCOME, MALE], reach: 5000 coefs: (v=2.0, m=1.5)
05/07 03:29:33 INFO naive.Agent2|This is the value of cmpBid: 1
05/07 03:29:33 INFO naive.Agent2|Day 3: Campaign total budget bid: 0.0010
05/07 03:29:33 INFO naive.Agent2|Day 3: Adjusting ucs bid: was 0.1573177584739179 level reported: 0.7290000000000001 target: 0.7 adjusted: 0.13266074671905126
05/07 03:29:33 SEVERE naive.Agent2|Exception thrown while trying to parse message.java.lang.NullPointerException: receiver
05/07 03:29:33 INFO naive.Agent2|Day 3 : Simulation Status Received
05/07 03:29:33 INFO naive.Agent2|Day 3: Sending BidBundle
05/07 03:29:33 SEVERE naive.Agent2|Exception thrown while trying to parse message.java.lang.NullPointerException: receiver
05/07 03:29:33 INFO naive.NaiveAgent|UNKNOWN Message Received: edu.umich.eecs.tac.props.AdvertiserInfo@bc76a1c1
05/07 03:29:37 SEVERE agentware.SimClient|************************************************************
05/07 03:29:37 SEVERE agentware.SimClient|* ALERT: Multiple Connections
05/07 03:29:37 SEVERE agentware.SimClient|* The server connection was closed due to new connection
from agent BrendanBot@127.0.0.1.
05/07 03:29:37 SEVERE agentware.SimClient|************************************************************
05/07 03:29:37 SEVERE agentware.ServerConnection|(2) could not read
java.io.EOFException
	at java.io.DataInputStream.readInt(DataInputStream.java:375)
	at tau.tac.adx.agentware.ServerConnection.run(ServerConnection.java:216)
	at java.lang.Thread.run(Thread.java:680)
05/07 03:29:37 SEVERE agentware.SimClient|************************************************************
05/07 03:29:37 SEVERE agentware.SimClient|* Connection Lost
05/07 03:29:37 SEVERE agentware.SimClient|* Lost connection to localhost (will reconnect in 30 seconds)
05/07 03:29:37 SEVERE agentware.SimClient|************************************************************
05/07 03:29:37 SEVERE agentware.SimClient|************************************************************
05/07 03:29:37 SEVERE agentware.SimClient|* ALERT: Multiple Connections
05/07 03:29:37 SEVERE agentware.SimClient|* The server connection was closed due to new connection
from agent KingHenryII@127.0.0.1.
05/07 03:29:37 SEVERE agentware.SimClient|************************************************************
05/07 03:29:37 SEVERE agentware.ServerConnection|(3) could not read
java.io.EOFException
	at java.io.DataInputStream.readInt(DataInputStream.java:375)
	at tau.tac.adx.agentware.ServerConnection.run(ServerConnection.java:216)
	at java.lang.Thread.run(Thread.java:680)
05/07 03:29:37 SEVERE agentware.SimClient|************************************************************
05/07 03:29:37 SEVERE agentware.SimClient|* Connection Lost
05/07 03:29:37 SEVERE agentware.SimClient|* Lost connection to localhost (will reconnect in 30 seconds)
05/07 03:29:37 SEVERE agentware.SimClient|************************************************************
05/07 03:29:42 INFO naive.NaiveAgent|UNKNOWN Message Received: edu.umich.eecs.tac.props.AdvertiserInfo@bc76a1c1
05/07 03:29:55 INFO naive.NaiveAgent|Day 0 :BankStatus[-0.320470]
05/07 03:29:55 SEVERE naive.NaiveAgent|Exception thrown while trying to parse message.java.lang.NullPointerException
05/07 03:29:55 INFO naive.NaiveAgent|Day 0: Daily notification for campaign 575783524
05/07 03:29:55 SEVERE naive.NaiveAgent|Exception thrown while trying to parse message.java.lang.NullPointerException
05/07 03:29:55 INFO naive.NaiveAgent|Day 5: Campaign opportunity - Campaign ID 1094178531: day 7 to 9 [OLD, HIGH_INCOME], reach: 15000 coefs: (v=2.0, m=1.5)
05/07 03:29:55 INFO naive.NaiveAgent|This is the value of cmpBid: 1
05/07 03:29:55 INFO naive.NaiveAgent|Day 5: Campaign total budget bid: 0.0010
05/07 03:29:55 INFO naive.NaiveAgent|Day 5: Adjusting ucs bid: was 0.11676031214437749 level reported: 1.0 target: 0.9 adjusted: 0.10499046812521089
05/07 03:29:55 SEVERE naive.NaiveAgent|Exception thrown while trying to parse message.java.lang.NullPointerException: receiver
05/07 03:29:55 INFO naive.NaiveAgent|Day 5 : Simulation Status Received
05/07 03:29:55 INFO naive.NaiveAgent|Day 5: Sending BidBundle
05/07 03:29:55 SEVERE naive.NaiveAgent|Exception thrown while trying to parse message.java.lang.NullPointerException: receiver
05/07 03:30:00 SEVERE agentware.SimClient|************************************************************
05/07 03:30:00 SEVERE agentware.SimClient|* ALERT: Multiple Connections
05/07 03:30:00 SEVERE agentware.SimClient|* The server connection was closed due to new connection
from agent BrendanBot@127.0.0.1.
05/07 03:30:00 SEVERE agentware.SimClient|************************************************************
05/07 03:30:00 SEVERE agentware.ServerConnection|(6) could not read
java.io.EOFException
	at java.io.DataInputStream.readInt(DataInputStream.java:375)
	at tau.tac.adx.agentware.ServerConnection.run(ServerConnection.java:216)
	at java.lang.Thread.run(Thread.java:680)
05/07 03:30:00 SEVERE agentware.SimClient|************************************************************
05/07 03:30:00 SEVERE agentware.SimClient|* Connection Lost
05/07 03:30:00 SEVERE agentware.SimClient|* Lost connection to localhost (will reconnect in 30 seconds)
05/07 03:30:00 SEVERE agentware.SimClient|************************************************************
05/07 03:30:05 INFO naive.NaiveAgent|UNKNOWN Message Received: edu.umich.eecs.tac.props.AdvertiserInfo@bc76a1c1
05/07 03:30:07 SEVERE agentware.SimClient|************************************************************
05/07 03:30:07 SEVERE agentware.SimClient|* ALERT: Multiple Connections
05/07 03:30:07 SEVERE agentware.SimClient|* The server connection was closed due to new connection
from agent BrendanBot@127.0.0.1.
05/07 03:30:07 SEVERE agentware.SimClient|************************************************************
05/07 03:30:07 SEVERE agentware.ServerConnection|(5) could not read
java.io.EOFException
	at java.io.DataInputStream.readInt(DataInputStream.java:375)
	at tau.tac.adx.agentware.ServerConnection.run(ServerConnection.java:216)
	at java.lang.Thread.run(Thread.java:680)
05/07 03:30:07 SEVERE agentware.SimClient|************************************************************
05/07 03:30:07 SEVERE agentware.SimClient|* Connection Lost
05/07 03:30:07 SEVERE agentware.SimClient|* Lost connection to localhost (will reconnect in 30 seconds)
05/07 03:30:07 SEVERE agentware.SimClient|************************************************************
05/07 03:30:13 INFO naive.NaiveAgent|UNKNOWN Message Received: edu.umich.eecs.tac.props.AdvertiserInfo@bc76a1c1
05/07 03:30:22 INFO naive.NaiveAgent|Day 0 :BankStatus[-0.557461]
05/07 03:30:22 INFO naive.NaiveAgent|Day 0: Daily notification for campaign 1201706553
05/07 03:30:22 SEVERE naive.NaiveAgent|Exception thrown while trying to parse message.java.lang.NullPointerException
05/07 03:30:22 INFO naive.NaiveAgent|Day 8: Campaign opportunity - Campaign ID 599446558: day 10 to 12 [FEMALE, HIGH_INCOME], reach: 5000 coefs: (v=2.0, m=1.5)
05/07 03:30:22 INFO naive.NaiveAgent|This is the value of cmpBid: 1
05/07 03:30:22 INFO naive.NaiveAgent|Day 8: Campaign total budget bid: 0.0010
05/07 03:30:22 INFO naive.NaiveAgent|Day 8: Adjusting ucs bid: was 0.17002711892875783 level reported: 1.0 target: 0.6 adjusted: 0.1020162713572547
05/07 03:30:22 SEVERE naive.NaiveAgent|Exception thrown while trying to parse message.java.lang.NullPointerException: receiver
05/07 03:30:22 INFO naive.NaiveAgent|Day 8 : Simulation Status Received
05/07 03:30:22 INFO naive.NaiveAgent|Day 8: Sending BidBundle
05/07 03:30:22 SEVERE naive.NaiveAgent|Exception thrown while trying to parse message.java.lang.NullPointerException: receiver
05/07 03:30:30 SEVERE agentware.SimClient|************************************************************
05/07 03:30:30 SEVERE agentware.SimClient|* ALERT: Multiple Connections
05/07 03:30:30 SEVERE agentware.SimClient|* The server connection was closed due to new connection
from agent BrendanBot@127.0.0.1.
05/07 03:30:30 SEVERE agentware.SimClient|************************************************************
05/07 03:30:30 SEVERE agentware.ServerConnection|(5) could not read
java.io.EOFException
	at java.io.DataInputStream.readInt(DataInputStream.java:375)
	at tau.tac.adx.agentware.ServerConnection.run(ServerConnection.java:216)
	at java.lang.Thread.run(Thread.java:680)
05/07 03:30:30 SEVERE agentware.SimClient|************************************************************
05/07 03:30:30 SEVERE agentware.SimClient|* Connection Lost
05/07 03:30:30 SEVERE agentware.SimClient|* Lost connection to localhost (will reconnect in 30 seconds)
05/07 03:30:30 SEVERE agentware.SimClient|************************************************************
05/07 03:30:34 INFO naive.NaiveAgent|UNKNOWN Message Received: edu.umich.eecs.tac.props.AdvertiserInfo@bc76a1c1
05/07 03:30:37 SEVERE agentware.SimClient|************************************************************
05/07 03:30:37 SEVERE agentware.SimClient|* ALERT: Multiple Connections
05/07 03:30:37 SEVERE agentware.SimClient|* The server connection was closed due to new connection
from agent BrendanBot@127.0.0.1.
05/07 03:30:37 SEVERE agentware.SimClient|************************************************************
05/07 03:30:37 SEVERE agentware.ServerConnection|(7) could not read
java.io.EOFException
	at java.io.DataInputStream.readInt(DataInputStream.java:375)
	at tau.tac.adx.agentware.ServerConnection.run(ServerConnection.java:216)
	at java.lang.Thread.run(Thread.java:680)
05/07 03:30:37 SEVERE agentware.SimClient|************************************************************
05/07 03:30:37 SEVERE agentware.SimClient|* Connection Lost
05/07 03:30:37 SEVERE agentware.SimClient|* Lost connection to localhost (will reconnect in 30 seconds)
05/07 03:30:37 SEVERE agentware.SimClient|************************************************************
05/07 03:30:44 INFO naive.Agent2|UNKNOWN Message Received: edu.umich.eecs.tac.props.AdvertiserInfo@bc771620
05/07 03:30:55 INFO naive.Agent2|Day 0 :BankStatus[-1.452068]
05/07 03:30:55 INFO naive.Agent2|Day 0: Daily notification for campaign 1384485490
05/07 03:30:55 SEVERE naive.Agent2|Exception thrown while trying to parse message.java.lang.NullPointerException
05/07 03:30:55 INFO naive.Agent2|Day 11: Campaign opportunity - Campaign ID 1171523153: day 13 to 17 [MALE, OLD], reach: 10000 coefs: (v=2.0, m=1.5)
05/07 03:30:55 INFO naive.Agent2|This is the value of cmpBid: 1
05/07 03:30:55 INFO naive.Agent2|Day 11: Campaign total budget bid: 0.0010
05/07 03:30:55 INFO naive.Agent2|Day 11: Adjusting ucs bid: was 0.14481499987152666 level reported: 0.81 target: 0.9 adjusted: 0.14225522626450415
05/07 03:30:55 SEVERE naive.Agent2|Exception thrown while trying to parse message.java.lang.NullPointerException: receiver
05/07 03:30:55 INFO naive.Agent2|Day 11 : Simulation Status Received
05/07 03:30:55 INFO naive.Agent2|Day 11: Sending BidBundle
05/07 03:30:55 SEVERE naive.Agent2|Exception thrown while trying to parse message.java.lang.NullPointerException: receiver
05/07 03:31:03 INFO naive.Agent2|Day 11 :BankStatus[-1.552054]
05/07 03:31:03 INFO naive.Agent2|Day 11: Daily notification for campaign 1171523153
05/07 03:31:03 INFO naive.Agent2|Day 11:  allocated to DummyAdnetwork. UCS Level set to 0.6561000000000001 at price 0.06795498641229723 Qualit Score is: 0.26041561138664304
05/07 03:31:03 INFO naive.Agent2|Day 12: Campaign opportunity - Campaign ID 582580989: day 14 to 23 [LOW_INCOME, OLD], reach: 5000 coefs: (v=2.0, m=1.5)
05/07 03:31:03 INFO naive.Agent2|This is the value of cmpBid: 1
05/07 03:31:03 INFO naive.Agent2|Day 12: Campaign total budget bid: 0.0010
05/07 03:31:03 INFO naive.Agent2|Day 12: Adjusting ucs bid: was 0.14225522626450415 level reported: 0.6561000000000001 target: 0.9 adjusted: 0.12377564846667113
05/07 03:31:03 SEVERE naive.Agent2|Exception thrown while trying to parse message.java.lang.NullPointerException: receiver
05/07 03:31:03 INFO naive.Agent2|Day 12 : Simulation Status Received
05/07 03:31:03 INFO naive.Agent2|Day 12: Sending BidBundle
05/07 03:31:03 SEVERE naive.Agent2|Exception thrown while trying to parse message.java.lang.NullPointerException: receiver
05/07 03:31:04 INFO naive.NaiveAgent|UNKNOWN Message Received: edu.umich.eecs.tac.props.AdvertiserInfo@bc76a1c1
05/07 03:31:07 SEVERE agentware.SimClient|************************************************************
05/07 03:31:07 SEVERE agentware.SimClient|* ALERT: Multiple Connections
05/07 03:31:07 SEVERE agentware.SimClient|* The server connection was closed due to new connection
from agent KingHenryII@127.0.0.1.
05/07 03:31:07 SEVERE agentware.SimClient|************************************************************
05/07 03:31:07 SEVERE agentware.ServerConnection|(3) could not read
java.io.EOFException
	at java.io.DataInputStream.readInt(DataInputStream.java:375)
	at tau.tac.adx.agentware.ServerConnection.run(ServerConnection.java:216)
	at java.lang.Thread.run(Thread.java:680)
05/07 03:31:07 SEVERE agentware.SimClient|************************************************************
05/07 03:31:07 SEVERE agentware.SimClient|* Connection Lost
05/07 03:31:07 SEVERE agentware.SimClient|* Lost connection to localhost (will reconnect in 30 seconds)
05/07 03:31:07 SEVERE agentware.SimClient|************************************************************
05/07 03:31:07 SEVERE agentware.SimClient|************************************************************
05/07 03:31:07 SEVERE agentware.SimClient|* ALERT: Multiple Connections
05/07 03:31:07 SEVERE agentware.SimClient|* The server connection was closed due to new connection
from agent BrendanBot@127.0.0.1.
05/07 03:31:07 SEVERE agentware.SimClient|************************************************************
05/07 03:31:07 SEVERE agentware.ServerConnection|(6) could not read
java.io.EOFException
	at java.io.DataInputStream.readInt(DataInputStream.java:375)
	at tau.tac.adx.agentware.ServerConnection.run(ServerConnection.java:216)
	at java.lang.Thread.run(Thread.java:680)
05/07 03:31:07 SEVERE agentware.SimClient|************************************************************
05/07 03:31:07 SEVERE agentware.SimClient|* Connection Lost
05/07 03:31:07 SEVERE agentware.SimClient|* Lost connection to localhost (will reconnect in 30 seconds)
05/07 03:31:07 SEVERE agentware.SimClient|************************************************************
05/07 03:31:13 INFO naive.NaiveAgent|UNKNOWN Message Received: edu.umich.eecs.tac.props.AdvertiserInfo@bc76a1c1
05/07 03:31:22 INFO naive.NaiveAgent|Day 0 :BankStatus[-1.024890]
05/07 03:31:22 INFO naive.NaiveAgent|Day 0: Daily notification for campaign 584456471
05/07 03:31:22 SEVERE naive.NaiveAgent|Exception thrown while trying to parse message.java.lang.NullPointerException
05/07 03:31:22 INFO naive.NaiveAgent|Day 14: Campaign opportunity - Campaign ID 347591382: day 16 to 18 [OLD, HIGH_INCOME], reach: 15000 coefs: (v=2.0, m=1.5)
05/07 03:31:22 INFO naive.NaiveAgent|This is the value of cmpBid: 1
05/07 03:31:22 INFO naive.NaiveAgent|Day 14: Campaign total budget bid: 0.0010
05/07 03:31:22 INFO naive.NaiveAgent|Day 14: Adjusting ucs bid: was 0.14246725993864842 level reported: 0.9 target: 1.0 adjusted: 0.10855421079263881
05/07 03:31:22 SEVERE naive.NaiveAgent|Exception thrown while trying to parse message.java.lang.NullPointerException: receiver
05/07 03:31:22 INFO naive.NaiveAgent|Day 14 : Simulation Status Received
05/07 03:31:22 INFO naive.NaiveAgent|Day 14: Sending BidBundle
05/07 03:31:22 SEVERE naive.NaiveAgent|Exception thrown while trying to parse message.java.lang.NullPointerException: receiver
05/07 03:31:30 SEVERE agentware.SimClient|************************************************************
05/07 03:31:30 SEVERE agentware.SimClient|* ALERT: Multiple Connections
05/07 03:31:30 SEVERE agentware.SimClient|* The server connection was closed due to new connection
from agent BrendanBot@127.0.0.1.
05/07 03:31:30 SEVERE agentware.SimClient|************************************************************
05/07 03:31:30 SEVERE agentware.ServerConnection|(7) could not read
java.io.EOFException
	at java.io.DataInputStream.readInt(DataInputStream.java:375)
	at tau.tac.adx.agentware.ServerConnection.run(ServerConnection.java:216)
	at java.lang.Thread.run(Thread.java:680)
05/07 03:31:30 SEVERE agentware.SimClient|************************************************************
05/07 03:31:30 SEVERE agentware.SimClient|* Connection Lost
05/07 03:31:30 SEVERE agentware.SimClient|* Lost connection to localhost (will reconnect in 30 seconds)
05/07 03:31:30 SEVERE agentware.SimClient|************************************************************
05/07 03:31:35 INFO naive.NaiveAgent|UNKNOWN Message Received: edu.umich.eecs.tac.props.AdvertiserInfo@bc76a1c1
05/07 03:31:37 SEVERE agentware.SimClient|************************************************************
05/07 03:31:37 SEVERE agentware.SimClient|* ALERT: Multiple Connections
05/07 03:31:37 SEVERE agentware.SimClient|* The server connection was closed due to new connection
from agent BrendanBot@127.0.0.1.
05/07 03:31:37 SEVERE agentware.SimClient|************************************************************
05/07 03:31:37 SEVERE agentware.ServerConnection|(5) could not read
java.io.EOFException
	at java.io.DataInputStream.readInt(DataInputStream.java:375)
	at tau.tac.adx.agentware.ServerConnection.run(ServerConnection.java:216)
	at java.lang.Thread.run(Thread.java:680)
05/07 03:31:37 SEVERE agentware.SimClient|************************************************************
05/07 03:31:37 SEVERE agentware.SimClient|* Connection Lost
05/07 03:31:37 SEVERE agentware.SimClient|* Lost connection to localhost (will reconnect in 30 seconds)
05/07 03:31:37 SEVERE agentware.SimClient|************************************************************
05/07 03:31:43 INFO naive.Agent2|UNKNOWN Message Received: edu.umich.eecs.tac.props.AdvertiserInfo@bc771620
05/07 03:31:54 INFO naive.Agent2|Day 0 :BankStatus[-2.053502]
05/07 03:31:54 INFO naive.Agent2|Day 0: Daily notification for campaign 1819104637
05/07 03:31:54 SEVERE naive.Agent2|Exception thrown while trying to parse message.java.lang.NullPointerException
05/07 03:31:54 INFO naive.Agent2|Day 17: Campaign opportunity - Campaign ID 72444085: day 19 to 21 [OLD, FEMALE], reach: 5000 coefs: (v=2.0, m=1.5)
05/07 03:31:54 INFO naive.Agent2|This is the value of cmpBid: 1
05/07 03:31:54 INFO naive.Agent2|Day 17: Campaign total budget bid: 0.0010
05/07 03:31:54 INFO naive.Agent2|Day 17: Adjusting ucs bid: was 0.1712394058513601 level reported: 0.81 target: 0.6 adjusted: 0.1352791306225745
05/07 03:31:54 SEVERE naive.Agent2|Exception thrown while trying to parse message.java.lang.NullPointerException: receiver
05/07 03:31:54 INFO naive.Agent2|Day 17 : Simulation Status Received
05/07 03:31:54 INFO naive.Agent2|Day 17: Sending BidBundle
05/07 03:31:54 SEVERE naive.Agent2|Exception thrown while trying to parse message.java.lang.NullPointerException: receiver
05/07 03:32:03 INFO naive.Agent2|Day 17 :BankStatus[-2.153488]
05/07 03:32:03 INFO naive.Agent2|Day 17: Daily notification for campaign 72444085
05/07 03:32:03 INFO naive.Agent2|Day 17:  allocated to DummyAdnetwork-4. UCS Level set to 0.7290000000000001 at price 0.07718837592663069 Qualit Score is: 0.26041561138664304
05/07 03:32:03 INFO naive.Agent2|Day 18: Campaign opportunity - Campaign ID 157412822: day 20 to 29 [MALE, LOW_INCOME], reach: 10000 coefs: (v=2.0, m=1.5)
05/07 03:32:03 INFO naive.Agent2|This is the value of cmpBid: 1
05/07 03:32:03 INFO naive.Agent2|Day 18: Campaign total budget bid: 0.0010
05/07 03:32:03 INFO naive.Agent2|Day 18: Adjusting ucs bid: was 0.1352791306225745 level reported: 0.7290000000000001 target: 0.6 adjusted: 0.11782812277226239
05/07 03:32:03 SEVERE naive.Agent2|Exception thrown while trying to parse message.java.lang.NullPointerException: receiver
05/07 03:32:03 INFO naive.Agent2|Day 18 : Simulation Status Received
05/07 03:32:03 INFO naive.Agent2|Day 18: Sending BidBundle
05/07 03:32:03 SEVERE naive.Agent2|Exception thrown while trying to parse message.java.lang.NullPointerException: receiver
05/07 03:32:04 INFO naive.NaiveAgent|UNKNOWN Message Received: edu.umich.eecs.tac.props.AdvertiserInfo@bc76a1c1
05/07 03:32:07 SEVERE agentware.SimClient|************************************************************
05/07 03:32:07 SEVERE agentware.SimClient|* ALERT: Multiple Connections
05/07 03:32:07 SEVERE agentware.SimClient|* The server connection was closed due to new connection
from agent KingHenryII@127.0.0.1.
05/07 03:32:07 SEVERE agentware.SimClient|************************************************************
05/07 03:32:07 SEVERE agentware.ServerConnection|(4) could not read
java.io.EOFException
	at java.io.DataInputStream.readInt(DataInputStream.java:375)
	at tau.tac.adx.agentware.ServerConnection.run(ServerConnection.java:216)
	at java.lang.Thread.run(Thread.java:680)
05/07 03:32:07 SEVERE agentware.SimClient|************************************************************
05/07 03:32:07 SEVERE agentware.SimClient|* Connection Lost
05/07 03:32:07 SEVERE agentware.SimClient|* Lost connection to localhost (will reconnect in 30 seconds)
05/07 03:32:07 SEVERE agentware.SimClient|************************************************************
05/07 03:32:07 SEVERE agentware.SimClient|************************************************************
05/07 03:32:07 SEVERE agentware.SimClient|* ALERT: Multiple Connections
05/07 03:32:07 SEVERE agentware.SimClient|* The server connection was closed due to new connection
from agent BrendanBot@127.0.0.1.
05/07 03:32:07 SEVERE agentware.SimClient|************************************************************
05/07 03:32:07 SEVERE agentware.ServerConnection|(8) could not read
java.io.EOFException
	at java.io.DataInputStream.readInt(DataInputStream.java:375)
	at tau.tac.adx.agentware.ServerConnection.run(ServerConnection.java:216)
	at java.lang.Thread.run(Thread.java:680)
05/07 03:32:07 SEVERE agentware.SimClient|************************************************************
05/07 03:32:07 SEVERE agentware.SimClient|* Connection Lost
05/07 03:32:07 SEVERE agentware.SimClient|* Lost connection to localhost (will reconnect in 30 seconds)
05/07 03:32:07 SEVERE agentware.SimClient|************************************************************
05/07 03:32:13 INFO naive.Agent2|UNKNOWN Message Received: edu.umich.eecs.tac.props.AdvertiserInfo@bc771620
05/07 03:32:22 INFO naive.Agent2|Day 0 :BankStatus[-2.357623]
05/07 03:32:22 INFO naive.Agent2|Day 0: Daily notification for campaign 1463624923
05/07 03:32:22 SEVERE naive.Agent2|Exception thrown while trying to parse message.java.lang.NullPointerException
05/07 03:32:22 INFO naive.Agent2|Day 20: Campaign opportunity - Campaign ID 2076626864: day 22 to 31 [HIGH_INCOME, OLD], reach: 5000 coefs: (v=2.0, m=1.5)
05/07 03:32:22 INFO naive.Agent2|This is the value of cmpBid: 1
05/07 03:32:22 INFO naive.Agent2|Day 20: Campaign total budget bid: 0.0010
05/07 03:32:22 INFO naive.Agent2|Day 20: Adjusting ucs bid: was 0.1797641521734204 level reported: 0.9 target: 0.6 adjusted: 0.12540217903971124
05/07 03:32:22 SEVERE naive.Agent2|Exception thrown while trying to parse message.java.lang.NullPointerException: receiver
05/07 03:32:22 INFO naive.Agent2|Day 20 : Simulation Status Received
05/07 03:32:22 INFO naive.Agent2|Day 20: Sending BidBundle
05/07 03:32:22 SEVERE naive.Agent2|Exception thrown while trying to parse message.java.lang.NullPointerException: receiver
05/07 03:32:33 INFO naive.Agent2|Day 20 :BankStatus[-2.457607]
05/07 03:32:33 INFO naive.Agent2|Day 20: Daily notification for campaign 2076626864
05/07 03:32:33 INFO naive.Agent2|Day 20:  allocated to DummyAdnetwork-5. UCS Level set to 0.81 at price 0.08891025921509729 Qualit Score is: 0.26041561138664304
05/07 03:32:33 INFO naive.Agent2|Day 21: Campaign opportunity - Campaign ID 1293660313: day 23 to 25 [FEMALE, YOUNG], reach: 15000 coefs: (v=2.0, m=1.5)
05/07 03:32:33 INFO naive.Agent2|This is the value of cmpBid: 1
05/07 03:32:33 INFO naive.Agent2|Day 21: Campaign total budget bid: 0.0010
05/07 03:32:33 INFO naive.Agent2|Day 21: Adjusting ucs bid: was 0.12540217903971124 level reported: 0.81 target: 0.6 adjusted: 0.09906772144137188
05/07 03:32:33 SEVERE naive.Agent2|Exception thrown while trying to parse message.java.lang.NullPointerException: receiver
05/07 03:32:33 INFO naive.Agent2|Day 21 : Simulation Status Received
05/07 03:32:33 INFO naive.Agent2|Day 21: Sending BidBundle
05/07 03:32:33 SEVERE naive.Agent2|Exception thrown while trying to parse message.java.lang.NullPointerException: receiver
05/07 03:32:34 INFO naive.NaiveAgent|UNKNOWN Message Received: edu.umich.eecs.tac.props.AdvertiserInfo@bc76a1c1
05/07 03:32:37 SEVERE agentware.SimClient|************************************************************
05/07 03:32:37 SEVERE agentware.SimClient|* ALERT: Multiple Connections
05/07 03:32:37 SEVERE agentware.SimClient|* The server connection was closed due to new connection
from agent KingHenryII@127.0.0.1.
05/07 03:32:37 SEVERE agentware.SimClient|************************************************************
05/07 03:32:37 SEVERE agentware.ServerConnection|(6) could not read
java.io.EOFException
	at java.io.DataInputStream.readInt(DataInputStream.java:375)
	at tau.tac.adx.agentware.ServerConnection.run(ServerConnection.java:216)
	at java.lang.Thread.run(Thread.java:680)
05/07 03:32:37 SEVERE agentware.SimClient|************************************************************
05/07 03:32:37 SEVERE agentware.SimClient|* Connection Lost
05/07 03:32:37 SEVERE agentware.SimClient|* Lost connection to localhost (will reconnect in 30 seconds)
05/07 03:32:37 SEVERE agentware.SimClient|************************************************************
05/07 03:32:37 SEVERE agentware.SimClient|************************************************************
05/07 03:32:37 SEVERE agentware.SimClient|* ALERT: Multiple Connections
05/07 03:32:37 SEVERE agentware.SimClient|* The server connection was closed due to new connection
from agent BrendanBot@127.0.0.1.
05/07 03:32:37 SEVERE agentware.SimClient|************************************************************
05/07 03:32:37 SEVERE agentware.ServerConnection|(10) could not read
java.io.EOFException
	at java.io.DataInputStream.readInt(DataInputStream.java:375)
	at tau.tac.adx.agentware.ServerConnection.run(ServerConnection.java:216)
	at java.lang.Thread.run(Thread.java:680)
05/07 03:32:37 SEVERE agentware.SimClient|************************************************************
05/07 03:32:37 SEVERE agentware.SimClient|* Connection Lost
05/07 03:32:37 SEVERE agentware.SimClient|* Lost connection to localhost (will reconnect in 30 seconds)
05/07 03:32:37 SEVERE agentware.SimClient|************************************************************
05/07 03:32:44 INFO naive.NaiveAgent|UNKNOWN Message Received: edu.umich.eecs.tac.props.AdvertiserInfo@bc76a1c1
05/07 03:32:53 INFO naive.NaiveAgent|Day 0 :BankStatus[-1.712447]
05/07 03:32:53 INFO naive.NaiveAgent|Day 0: Daily notification for campaign 233898735
05/07 03:32:53 SEVERE naive.NaiveAgent|Exception thrown while trying to parse message.java.lang.NullPointerException
05/07 03:32:53 INFO naive.NaiveAgent|Day 23: Campaign opportunity - Campaign ID 1250624550: day 25 to 27 [HIGH_INCOME, YOUNG], reach: 5000 coefs: (v=2.0, m=1.5)
05/07 03:32:53 INFO naive.NaiveAgent|This is the value of cmpBid: 1
05/07 03:32:53 INFO naive.NaiveAgent|Day 23: Campaign total budget bid: 0.0010
05/07 03:32:53 INFO naive.NaiveAgent|Day 23: Adjusting ucs bid: was 0.19559501562396106 level reported: 0.9 target: 0.6 adjusted: 0.13691651093677276
05/07 03:32:53 SEVERE naive.NaiveAgent|Exception thrown while trying to parse message.java.lang.NullPointerException: receiver
05/07 03:32:53 INFO naive.NaiveAgent|Day 23 : Simulation Status Received
05/07 03:32:53 INFO naive.NaiveAgent|Day 23: Sending BidBundle
05/07 03:32:53 SEVERE naive.NaiveAgent|Exception thrown while trying to parse message.java.lang.NullPointerException: receiver
05/07 03:33:00 SEVERE agentware.SimClient|************************************************************
05/07 03:33:00 SEVERE agentware.SimClient|* ALERT: Multiple Connections
05/07 03:33:00 SEVERE agentware.SimClient|* The server connection was closed due to new connection
from agent BrendanBot@127.0.0.1.
05/07 03:33:00 SEVERE agentware.SimClient|************************************************************
05/07 03:33:00 SEVERE agentware.ServerConnection|(7) could not read
java.io.EOFException
	at java.io.DataInputStream.readInt(DataInputStream.java:375)
	at tau.tac.adx.agentware.ServerConnection.run(ServerConnection.java:216)
	at java.lang.Thread.run(Thread.java:680)
05/07 03:33:00 SEVERE agentware.SimClient|************************************************************
05/07 03:33:00 SEVERE agentware.SimClient|* Connection Lost
05/07 03:33:00 SEVERE agentware.SimClient|* Lost connection to localhost (will reconnect in 30 seconds)
05/07 03:33:00 SEVERE agentware.SimClient|************************************************************
05/07 03:33:04 INFO naive.NaiveAgent|UNKNOWN Message Received: edu.umich.eecs.tac.props.AdvertiserInfo@bc76a1c1
05/07 03:33:07 SEVERE agentware.SimClient|************************************************************
05/07 03:33:07 SEVERE agentware.SimClient|* ALERT: Multiple Connections
05/07 03:33:07 SEVERE agentware.SimClient|* The server connection was closed due to new connection
from agent BrendanBot@127.0.0.1.
05/07 03:33:07 SEVERE agentware.SimClient|************************************************************
05/07 03:33:07 SEVERE agentware.ServerConnection|(9) could not read
java.io.EOFException
	at java.io.DataInputStream.readInt(DataInputStream.java:375)
	at tau.tac.adx.agentware.ServerConnection.run(ServerConnection.java:216)
	at java.lang.Thread.run(Thread.java:680)
05/07 03:33:07 SEVERE agentware.SimClient|************************************************************
05/07 03:33:07 SEVERE agentware.SimClient|* Connection Lost
05/07 03:33:07 SEVERE agentware.SimClient|* Lost connection to localhost (will reconnect in 30 seconds)
05/07 03:33:07 SEVERE agentware.SimClient|************************************************************
05/07 03:33:14 INFO naive.Agent2|UNKNOWN Message Received: edu.umich.eecs.tac.props.AdvertiserInfo@bc771620
05/07 03:33:22 INFO naive.Agent2|Day 0 :BankStatus[-2.961620]
05/07 03:33:22 INFO naive.Agent2|Day 0: Daily notification for campaign 1649805057
05/07 03:33:22 SEVERE naive.Agent2|Exception thrown while trying to parse message.java.lang.NullPointerException
05/07 03:33:22 INFO naive.Agent2|Day 26: Campaign opportunity - Campaign ID 2115299598: day 28 to 32 [LOW_INCOME, FEMALE], reach: 5000 coefs: (v=2.0, m=1.5)
05/07 03:33:22 INFO naive.Agent2|This is the value of cmpBid: 1
05/07 03:33:22 INFO naive.Agent2|Day 26: Campaign total budget bid: 0.0010
05/07 03:33:22 INFO naive.Agent2|Day 26: Adjusting ucs bid: was 0.1966300887573932 level reported: 0.7290000000000001 target: 0.8 adjusted: 0.17409537992971816
05/07 03:33:22 SEVERE naive.Agent2|Exception thrown while trying to parse message.java.lang.NullPointerException: receiver
05/07 03:33:22 INFO naive.Agent2|Day 26 : Simulation Status Received
05/07 03:33:22 INFO naive.Agent2|Day 26: Sending BidBundle
05/07 03:33:22 SEVERE naive.Agent2|Exception thrown while trying to parse message.java.lang.NullPointerException: receiver
05/07 03:33:32 INFO naive.Agent2|Day 26 :BankStatus[-3.061838]
05/07 03:33:32 INFO naive.Agent2|Day 26: Daily notification for campaign 2115299598
05/07 03:33:32 INFO naive.Agent2|Day 26:  allocated to DummyAdnetwork-4. UCS Level set to 0.81 at price 0.08523600427935991 Qualit Score is: 0.26041561138664304
05/07 03:33:32 INFO naive.Agent2|Day 27: Campaign opportunity - Campaign ID 80457563: day 29 to 33 [LOW_INCOME, YOUNG], reach: 15000 coefs: (v=2.0, m=1.5)
05/07 03:33:32 INFO naive.Agent2|This is the value of cmpBid: 1
05/07 03:33:32 INFO naive.Agent2|Day 27: Campaign total budget bid: 0.0010
05/07 03:33:32 INFO naive.Agent2|Day 27: Adjusting ucs bid: was 0.17409537992971816 level reported: 0.81 target: 0.8 adjusted: 0.12762915665127458
05/07 03:33:32 SEVERE naive.Agent2|Exception thrown while trying to parse message.java.lang.NullPointerException: receiver
05/07 03:33:32 INFO naive.Agent2|Day 27 : Simulation Status Received
05/07 03:33:32 INFO naive.Agent2|Day 27: Sending BidBundle
05/07 03:33:32 SEVERE naive.Agent2|Exception thrown while trying to parse message.java.lang.NullPointerException: receiver
05/07 03:33:33 INFO naive.NaiveAgent|UNKNOWN Message Received: edu.umich.eecs.tac.props.AdvertiserInfo@bc76a1c1
05/07 03:33:37 SEVERE agentware.SimClient|************************************************************
05/07 03:33:37 SEVERE agentware.SimClient|* ALERT: Multiple Connections
05/07 03:33:37 SEVERE agentware.SimClient|* The server connection was closed due to new connection
from agent KingHenryII@127.0.0.1.
05/07 03:33:37 SEVERE agentware.SimClient|************************************************************
05/07 03:33:37 SEVERE agentware.ServerConnection|(7) could not read
java.io.EOFException
	at java.io.DataInputStream.readInt(DataInputStream.java:375)
	at tau.tac.adx.agentware.ServerConnection.run(ServerConnection.java:216)
	at java.lang.Thread.run(Thread.java:680)
05/07 03:33:37 SEVERE agentware.SimClient|************************************************************
05/07 03:33:37 SEVERE agentware.SimClient|* Connection Lost
05/07 03:33:37 SEVERE agentware.SimClient|* Lost connection to localhost (will reconnect in 30 seconds)
05/07 03:33:37 SEVERE agentware.SimClient|************************************************************
05/07 03:33:37 SEVERE agentware.SimClient|************************************************************
05/07 03:33:37 SEVERE agentware.SimClient|* ALERT: Multiple Connections
05/07 03:33:37 SEVERE agentware.SimClient|* The server connection was closed due to new connection
from agent BrendanBot@127.0.0.1.
05/07 03:33:37 SEVERE agentware.SimClient|************************************************************
05/07 03:33:37 SEVERE agentware.ServerConnection|(8) could not read
java.io.EOFException
	at java.io.DataInputStream.readInt(DataInputStream.java:375)
	at tau.tac.adx.agentware.ServerConnection.run(ServerConnection.java:216)
	at java.lang.Thread.run(Thread.java:680)
05/07 03:33:37 SEVERE agentware.SimClient|************************************************************
05/07 03:33:37 SEVERE agentware.SimClient|* Connection Lost
05/07 03:33:37 SEVERE agentware.SimClient|* Lost connection to localhost (will reconnect in 30 seconds)
05/07 03:33:37 SEVERE agentware.SimClient|************************************************************
05/07 03:33:43 INFO naive.Agent2|UNKNOWN Message Received: edu.umich.eecs.tac.props.AdvertiserInfo@bc771620
05/07 03:33:52 INFO naive.Agent2|Day 0 :BankStatus[-3.261810]
05/07 03:33:52 INFO naive.Agent2|Day 0: Daily notification for campaign 628985373
05/07 03:33:52 SEVERE naive.Agent2|Exception thrown while trying to parse message.java.lang.NullPointerException
05/07 03:33:53 INFO naive.Agent2|Day 29: Campaign opportunity - Campaign ID 672897238: day 31 to 40 [OLD, FEMALE], reach: 5000 coefs: (v=2.0, m=1.5)
05/07 03:33:53 INFO naive.Agent2|This is the value of cmpBid: 1
05/07 03:33:53 INFO naive.Agent2|Day 29: Campaign total budget bid: 0.0010
05/07 03:33:53 INFO naive.Agent2|Day 29: Adjusting ucs bid: was 0.10800713057940958 level reported: 0.9 target: 0.7 adjusted: 0.08640570446352766
05/07 03:33:53 SEVERE naive.Agent2|Exception thrown while trying to parse message.java.lang.NullPointerException: receiver
05/07 03:33:53 INFO naive.Agent2|Day 29 : Simulation Status Received
05/07 03:33:53 INFO naive.Agent2|Day 29: Sending BidBundle
05/07 03:33:53 SEVERE naive.Agent2|Exception thrown while trying to parse message.java.lang.NullPointerException: receiver
05/07 03:34:03 INFO naive.Agent2|Day 29 :BankStatus[-3.359077]
05/07 03:34:03 INFO naive.Agent2|Day 29: Daily notification for campaign 672897238
05/07 03:34:03 INFO naive.Agent2|Day 29:  allocated to DummyAdnetwork-6. UCS Level set to 0.81 at price 0.08515211822522678 Qualit Score is: 0.26041561138664304
05/07 03:34:03 INFO naive.Agent2|Day 30: Campaign opportunity - Campaign ID 1078400536: day 32 to 34 [HIGH_INCOME, YOUNG], reach: 5000 coefs: (v=2.0, m=1.5)
05/07 03:34:03 INFO naive.Agent2|This is the value of cmpBid: 1
05/07 03:34:03 INFO naive.Agent2|Day 30: Campaign total budget bid: 0.0010
05/07 03:34:03 INFO naive.Agent2|Day 30: Adjusting ucs bid: was 0.08640570446352766 level reported: 0.81 target: 0.7 adjusted: 0.0769010769725396
05/07 03:34:03 SEVERE naive.Agent2|Exception thrown while trying to parse message.java.lang.NullPointerException: receiver
05/07 03:34:04 INFO naive.Agent2|Day 30 : Simulation Status Received
05/07 03:34:04 INFO naive.Agent2|Day 30: Sending BidBundle
05/07 03:34:04 SEVERE naive.Agent2|Exception thrown while trying to parse message.java.lang.NullPointerException: receiver
05/07 03:34:04 INFO naive.NaiveAgent|UNKNOWN Message Received: edu.umich.eecs.tac.props.AdvertiserInfo@bc76a1c1
05/07 03:34:07 SEVERE agentware.SimClient|************************************************************
05/07 03:34:07 SEVERE agentware.SimClient|* ALERT: Multiple Connections
05/07 03:34:07 SEVERE agentware.SimClient|* The server connection was closed due to new connection
from agent KingHenryII@127.0.0.1.
05/07 03:34:07 SEVERE agentware.SimClient|************************************************************
05/07 03:34:07 SEVERE agentware.ServerConnection|(6) could not read
java.io.EOFException
	at java.io.DataInputStream.readInt(DataInputStream.java:375)
	at tau.tac.adx.agentware.ServerConnection.run(ServerConnection.java:216)
	at java.lang.Thread.run(Thread.java:680)
05/07 03:34:07 SEVERE agentware.SimClient|************************************************************
05/07 03:34:07 SEVERE agentware.SimClient|* Connection Lost
05/07 03:34:07 SEVERE agentware.SimClient|* Lost connection to localhost (will reconnect in 30 seconds)
05/07 03:34:07 SEVERE agentware.SimClient|************************************************************
05/07 03:34:07 SEVERE agentware.SimClient|************************************************************
05/07 03:34:07 SEVERE agentware.SimClient|* ALERT: Multiple Connections
05/07 03:34:07 SEVERE agentware.SimClient|* The server connection was closed due to new connection
from agent BrendanBot@127.0.0.1.
05/07 03:34:07 SEVERE agentware.SimClient|************************************************************
05/07 03:34:07 SEVERE agentware.ServerConnection|(11) could not read
java.io.EOFException
	at java.io.DataInputStream.readInt(DataInputStream.java:375)
	at tau.tac.adx.agentware.ServerConnection.run(ServerConnection.java:216)
	at java.lang.Thread.run(Thread.java:680)
05/07 03:34:07 SEVERE agentware.SimClient|************************************************************
05/07 03:34:07 SEVERE agentware.SimClient|* Connection Lost
05/07 03:34:07 SEVERE agentware.SimClient|* Lost connection to localhost (will reconnect in 30 seconds)
05/07 03:34:07 SEVERE agentware.SimClient|************************************************************
05/07 03:34:13 INFO naive.Agent2|UNKNOWN Message Received: edu.umich.eecs.tac.props.AdvertiserInfo@bc771620
05/07 03:34:21 INFO naive.Agent2|Day 0 :BankStatus[-3.559050]
05/07 03:34:21 INFO naive.Agent2|Day 0: Daily notification for campaign 206814150
05/07 03:34:21 SEVERE naive.Agent2|Exception thrown while trying to parse message.java.lang.NullPointerException
05/07 03:34:21 INFO naive.Agent2|Day 32: Campaign opportunity - Campaign ID 124574489: day 34 to 36 [HIGH_INCOME, YOUNG], reach: 5000 coefs: (v=2.0, m=1.5)
05/07 03:34:21 INFO naive.Agent2|This is the value of cmpBid: 1
05/07 03:34:21 INFO naive.Agent2|Day 32: Campaign total budget bid: 0.0010
05/07 03:34:21 INFO naive.Agent2|Day 32: Adjusting ucs bid: was 0.19073581103022696 level reported: 0.7290000000000001 target: 0.9 adjusted: 0.13005862735981968
05/07 03:34:21 SEVERE naive.Agent2|Exception thrown while trying to parse message.java.lang.NullPointerException: receiver
05/07 03:34:22 INFO naive.Agent2|Day 32 : Simulation Status Received
05/07 03:34:22 INFO naive.Agent2|Day 32: Sending BidBundle
05/07 03:34:22 SEVERE naive.Agent2|Exception thrown while trying to parse message.java.lang.NullPointerException: receiver
05/07 03:35:10 SEVERE agentware.SimClient|************************************************************
05/07 03:35:10 SEVERE agentware.SimClient|* ALERT: Multiple Connections
05/07 03:35:10 SEVERE agentware.SimClient|* The server connection was closed due to new connection
from agent KingHenryII@127.0.0.1.
05/07 03:35:10 SEVERE agentware.SimClient|************************************************************
05/07 03:35:10 SEVERE agentware.ServerConnection|(8) could not read
java.io.EOFException
	at java.io.DataInputStream.readInt(DataInputStream.java:375)
	at tau.tac.adx.agentware.ServerConnection.run(ServerConnection.java:216)
	at java.lang.Thread.run(Thread.java:680)
05/07 04:03:26 SEVERE agentware.SimClient|************************************************************
05/07 04:03:26 SEVERE agentware.SimClient|* Connection Lost
05/07 04:03:26 SEVERE agentware.SimClient|* Lost connection to localhost (will reconnect in 30 seconds)
05/07 04:03:26 SEVERE agentware.SimClient|************************************************************
05/07 04:04:18 INFO naive.Agent2|UNKNOWN Message Received: edu.umich.eecs.tac.props.AdvertiserInfo@bc771620
05/07 04:04:18 INFO naive.Agent2|Day 0 :BankStatus[-4.161195]
05/07 04:04:20 INFO naive.Agent2|Day 0: Daily notification for campaign 1023753497
05/07 04:04:20 SEVERE naive.Agent2|Exception thrown while trying to parse message.java.lang.NullPointerException
05/07 04:04:20 INFO naive.Agent2|Day 38: Campaign opportunity - Campaign ID 51042552: day 40 to 44 [FEMALE, YOUNG], reach: 10000 coefs: (v=2.0, m=1.5)
05/07 04:04:20 INFO naive.Agent2|This is the value of cmpBid: 1
05/07 04:04:20 INFO naive.Agent2|Day 38: Campaign total budget bid: 0.0010
05/07 04:04:20 INFO naive.Agent2|Day 38: Adjusting ucs bid: was 0.18605895134606626 level reported: 0.7290000000000001 target: 0.8 adjusted: 0.12044362373769724
05/07 04:04:20 SEVERE naive.Agent2|Exception thrown while trying to parse message.java.lang.NullPointerException: receiver
05/07 04:04:20 INFO naive.Agent2|Day 38 : Simulation Status Received
05/07 04:04:20 INFO naive.Agent2|Day 38: Sending BidBundle
05/07 04:04:20 SEVERE naive.Agent2|Exception thrown while trying to parse message.java.lang.NullPointerException: receiver
05/07 04:04:20 INFO naive.Agent2|Day 38 :BankStatus[-4.261545]
05/07 04:04:21 INFO naive.Agent2|Day 38: Daily notification for campaign 51042552
05/07 04:04:21 INFO naive.Agent2|Day 38:  allocated to . UCS Level set to 0.7290000000000001 at price 0.07790574885238197 Qualit Score is: 0.26041561138664304
05/07 04:04:21 INFO naive.Agent2|Day 39: Campaign opportunity - Campaign ID 1696075414: day 41 to 43 [FEMALE, YOUNG], reach: 10000 coefs: (v=2.0, m=1.5)
05/07 04:04:21 INFO naive.Agent2|This is the value of cmpBid: 1
05/07 04:04:21 INFO naive.Agent2|Day 39: Campaign total budget bid: 0.0010
05/07 04:04:21 INFO naive.Agent2|Day 39: Adjusting ucs bid: was 0.12044362373769724 level reported: 0.7290000000000001 target: 0.8 adjusted: 0.10079260531622967
05/07 04:04:21 SEVERE naive.Agent2|Exception thrown while trying to parse message.java.lang.NullPointerException: receiver
05/07 04:04:21 INFO naive.Agent2|Day 39 : Simulation Status Received
05/07 04:04:21 INFO naive.Agent2|Day 39: Sending BidBundle
05/07 04:04:21 SEVERE naive.Agent2|Exception thrown while trying to parse message.java.lang.NullPointerException: receiver
05/07 04:04:21 INFO naive.Agent2|Day 39 :BankStatus[-4.361895]
05/07 04:04:21 INFO naive.Agent2|Day 39: Daily notification for campaign 1696075414
05/07 04:04:21 INFO naive.Agent2|Day 39:  allocated to . UCS Level set to 0.7290000000000001 at price 0.07790574885238197 Qualit Score is: 0.26041561138664304
05/07 04:04:21 INFO naive.Agent2|Day 40: Campaign opportunity - Campaign ID 413670419: day 42 to 51 [MALE, YOUNG], reach: 5000 coefs: (v=2.0, m=1.5)
05/07 04:04:21 INFO naive.Agent2|This is the value of cmpBid: 1
05/07 04:04:21 INFO naive.Agent2|Day 40: Campaign total budget bid: 0.0010
05/07 04:04:21 INFO naive.Agent2|Day 40: Adjusting ucs bid: was 0.10079260531622967 level reported: 0.7290000000000001 target: 0.8 adjusted: 0.10794888029368198
05/07 04:04:21 SEVERE naive.Agent2|Exception thrown while trying to parse message.java.lang.NullPointerException: receiver
05/07 04:04:21 INFO naive.Agent2|Day 40 : Simulation Status Received
05/07 04:04:21 INFO naive.Agent2|Day 40: Sending BidBundle
05/07 04:04:21 SEVERE naive.Agent2|Exception thrown while trying to parse message.java.lang.NullPointerException: receiver
05/07 04:04:22 INFO naive.Agent2|Day 40 :BankStatus[-4.462245]
05/07 04:04:22 INFO naive.Agent2|Day 40: Daily notification for campaign 413670419
05/07 04:04:22 INFO naive.Agent2|Day 40:  allocated to . UCS Level set to 0.7290000000000001 at price 0.07790574885238197 Qualit Score is: 0.26041561138664304
05/07 04:04:22 INFO naive.Agent2|Day 41: Campaign opportunity - Campaign ID 466447684: day 43 to 47 [HIGH_INCOME, MALE], reach: 5000 coefs: (v=2.0, m=1.5)
05/07 04:04:22 INFO naive.Agent2|This is the value of cmpBid: 1
05/07 04:04:22 INFO naive.Agent2|Day 41: Campaign total budget bid: 0.0010
05/07 04:04:22 INFO naive.Agent2|Day 41: Adjusting ucs bid: was 0.10794888029368198 level reported: 0.7290000000000001 target: 0.8 adjusted: 0.1156132507945334
05/07 04:04:22 SEVERE naive.Agent2|Exception thrown while trying to parse message.java.lang.NullPointerException: receiver
05/07 04:04:22 INFO naive.Agent2|Day 41 : Simulation Status Received
05/07 04:04:22 INFO naive.Agent2|Day 41: Sending BidBundle
05/07 04:04:22 SEVERE naive.Agent2|Exception thrown while trying to parse message.java.lang.NullPointerException: receiver
05/07 04:04:23 INFO naive.Agent2|Day 41 :BankStatus[-4.562595]
05/07 04:04:23 INFO naive.Agent2|Day 41: Daily notification for campaign 466447684
05/07 04:04:23 INFO naive.Agent2|Day 41:  allocated to . UCS Level set to 0.7290000000000001 at price 0.07790574885238197 Qualit Score is: 0.26041561138664304
05/07 04:04:23 INFO naive.Agent2|Day 42: Campaign opportunity - Campaign ID 1037477980: day 44 to 46 [HIGH_INCOME, YOUNG], reach: 15000 coefs: (v=2.0, m=1.5)
05/07 04:04:23 INFO naive.Agent2|This is the value of cmpBid: 1
05/07 04:04:23 INFO naive.Agent2|Day 42: Campaign total budget bid: 0.0010
05/07 04:04:23 INFO naive.Agent2|Day 42: Adjusting ucs bid: was 0.1156132507945334 level reported: 0.7290000000000001 target: 0.8 adjusted: 0.12382179160094527
05/07 04:04:23 SEVERE naive.Agent2|Exception thrown while trying to parse message.java.lang.NullPointerException: receiver
05/07 04:04:23 INFO naive.Agent2|Day 42 : Simulation Status Received
05/07 04:04:23 INFO naive.Agent2|Day 42: Sending BidBundle
05/07 04:04:23 SEVERE naive.Agent2|Exception thrown while trying to parse message.java.lang.NullPointerException: receiver
05/07 04:04:24 INFO naive.Agent2|Day 42 :BankStatus[-4.662945]
05/07 04:04:24 INFO naive.Agent2|Day 42: Daily notification for campaign 1037477980
05/07 04:04:24 INFO naive.Agent2|Day 42:  allocated to . UCS Level set to 0.7290000000000001 at price 0.07790574885238197 Qualit Score is: 0.26041561138664304
05/07 04:04:24 INFO naive.Agent2|Day 43: Campaign opportunity - Campaign ID 1306794884: day 45 to 47 [LOW_INCOME, FEMALE], reach: 5000 coefs: (v=2.0, m=1.5)
05/07 04:04:24 INFO naive.Agent2|This is the value of cmpBid: 1
05/07 04:04:24 INFO naive.Agent2|Day 43: Campaign total budget bid: 0.0010
05/07 04:04:24 INFO naive.Agent2|Day 43: Adjusting ucs bid: was 0.12382179160094527 level reported: 0.7290000000000001 target: 0.8 adjusted: 0.10521665049152437
05/07 04:04:24 SEVERE naive.Agent2|Exception thrown while trying to parse message.java.lang.NullPointerException: receiver
05/07 04:04:24 INFO naive.Agent2|Day 43 : Simulation Status Received
05/07 04:04:24 INFO naive.Agent2|Day 43: Sending BidBundle
05/07 04:04:24 SEVERE naive.Agent2|Exception thrown while trying to parse message.java.lang.NullPointerException: receiver
05/07 04:04:25 INFO naive.Agent2|Day 43 :BankStatus[-4.763295]
05/07 04:04:25 INFO naive.Agent2|Day 43: Daily notification for campaign 1306794884
05/07 04:04:25 INFO naive.Agent2|Day 43:  allocated to . UCS Level set to 0.7290000000000001 at price 0.07790574885238197 Qualit Score is: 0.26041561138664304
05/07 04:04:25 INFO naive.Agent2|Day 44: Campaign opportunity - Campaign ID 1644448170: day 46 to 55 [LOW_INCOME, YOUNG], reach: 5000 coefs: (v=2.0, m=1.5)
05/07 04:04:25 INFO naive.Agent2|This is the value of cmpBid: 1
05/07 04:04:25 INFO naive.Agent2|Day 44: Campaign total budget bid: 0.0010
05/07 04:04:25 INFO naive.Agent2|Day 44: Adjusting ucs bid: was 0.10521665049152437 level reported: 0.7290000000000001 target: 0.8 adjusted: 0.11268703267642259
05/07 04:04:25 SEVERE naive.Agent2|Exception thrown while trying to parse message.java.lang.NullPointerException: receiver
05/07 04:04:26 INFO naive.Agent2|Day 44 : Simulation Status Received
05/07 04:04:26 INFO naive.Agent2|Day 44: Sending BidBundle
05/07 04:04:26 SEVERE naive.Agent2|Exception thrown while trying to parse message.java.lang.NullPointerException: receiver
05/07 04:04:27 SEVERE agentware.SimClient|************************************************************
05/07 04:04:27 SEVERE agentware.SimClient|* ALERT: Multiple Connections
05/07 04:04:27 SEVERE agentware.SimClient|* The server connection was closed due to new connection
from agent KingHenryII@127.0.0.1.
05/07 04:04:27 SEVERE agentware.SimClient|************************************************************
05/07 04:04:27 SEVERE agentware.ServerConnection|(9) could not read
java.io.EOFException
	at java.io.DataInputStream.readInt(DataInputStream.java:375)
	at tau.tac.adx.agentware.ServerConnection.run(ServerConnection.java:216)
	at java.lang.Thread.run(Thread.java:680)
05/07 04:04:27 SEVERE agentware.SimClient|************************************************************
05/07 04:04:27 SEVERE agentware.SimClient|* Connection Lost
05/07 04:04:27 SEVERE agentware.SimClient|* Lost connection to localhost (will reconnect in 30 seconds)
05/07 04:04:27 SEVERE agentware.SimClient|************************************************************
