14/07 07:27:01 INFO naive.ReasonableBot|UNKNOWN Message Received: edu.umich.eecs.tac.props.AdvertiserInfo@bc771620
14/07 07:27:01 INFO naive.ReasonableBot|2 DAY 0 bid: 1524 qs: 0.0
14/07 07:27:17 INFO naive.ReasonableBot|2 DAY 1 bid: 813 qs: 1.0
14/07 07:27:26 INFO naive.ReasonableBot|2 DAY 2 bid: 325 qs: 1.0
14/07 07:27:39 INFO naive.ReasonableBot|2 DAY 3 bid: 780 qs: 1.0
14/07 07:27:45 INFO naive.ReasonableBot|2 DAY 4 WON at cost 0.96
14/07 07:27:45 INFO naive.ReasonableBot|2 DAY 4 bid: 520 qs: 1.0
14/07 07:27:57 INFO naive.ReasonableBot|2 DAY 5 bid: 624 qs: 1.0
14/07 07:28:03 INFO naive.ReasonableBot|2 DAY 6 WON at cost 1.092
14/07 07:28:03 INFO naive.ReasonableBot|2 DAY 6 bid: 624 qs: 1.096288408479601
14/07 07:28:15 INFO naive.ReasonableBot|2 DAY 7 WON at cost 0.8731493556730324
14/07 07:28:15 INFO naive.ReasonableBot|2 DAY 7 bid: 441 qs: 1.096288408479601
14/07 07:28:26 INFO naive.ReasonableBot|2 DAY 8 WON at cost 0.6418629150111643
14/07 07:28:26 INFO naive.ReasonableBot|2 DAY 8 bid: 469 qs: 1.096288408479601
14/07 07:28:33 INFO naive.ReasonableBot|2 DAY 9 WON at cost 0.5747529751539764
14/07 07:28:33 INFO naive.ReasonableBot|2 DAY 9 bid: 876 qs: 1.096288408479601
14/07 07:28:44 INFO naive.ReasonableBot|2 DAY 10 bid: 330 qs: 1.096288408479601
14/07 07:29:02 INFO naive.ReasonableBot|2 DAY 11 bid: 516 qs: 1.096288408479601
14/07 07:29:13 INFO naive.ReasonableBot|2 DAY 12 bid: 923 qs: 0.785842196176963
14/07 07:29:17 INFO naive.ReasonableBot|2 DAY 13 bid: 1364 qs: 0.31664385537321094
14/07 07:29:23 INFO naive.ReasonableBot|2 DAY 14 bid: 4416 qs: 0.13583968635526192
14/07 07:29:33 INFO naive.ReasonableBot|2 DAY 15 bid: 1364 qs: 0.5971805447304588
14/07 07:29:48 INFO naive.ReasonableBot|2 DAY 16 bid: 2475 qs: 0.5971805447304588
14/07 07:29:54 INFO naive.ReasonableBot|2 DAY 17 bid: 2970 qs: 0.5971805447304588
14/07 07:30:09 INFO naive.ReasonableBot|2 DAY 18 bid: 2376 qs: 0.9276080890606608
14/07 07:30:19 INFO naive.ReasonableBot|2 DAY 19 bid: 1267 qs: 0.9276080890606608
14/07 07:30:27 INFO naive.ReasonableBot|2 DAY 20 bid: 1521 qs: 0.9276080890606608
14/07 07:30:39 INFO naive.ReasonableBot|2 DAY 21 WON at cost 1.6028875238127995
14/07 07:30:39 INFO naive.ReasonableBot|2 DAY 21 bid: 1521 qs: 0.9276080890606608
14/07 07:30:43 INFO naive.ReasonableBot|2 DAY 22 WON at cost 1.9977495797351879
14/07 07:30:43 INFO naive.ReasonableBot|2 DAY 22 bid: 507 qs: 0.9276080890606608
14/07 07:30:54 INFO naive.ReasonableBot|2 DAY 23 bid: 405 qs: 0.9276080890606608
14/07 07:31:04 INFO naive.ReasonableBot|2 DAY 24 WON at cost 0.560323195301654
14/07 07:31:04 INFO naive.ReasonableBot|2 DAY 24 bid: 1804 qs: 0.9276080890606608
14/07 07:31:24 INFO naive.ReasonableBot|2 DAY 25 bid: 962 qs: 0.3750068419998333
14/07 07:31:30 INFO naive.ReasonableBot|2 DAY 26 bid: 770 qs: 0.3750068419998333
14/07 07:31:40 INFO naive.ReasonableBot|2 DAY 27 bid: 1353 qs: 0.3750068419998333
14/07 07:31:46 INFO naive.ReasonableBot|2 DAY 28 bid: 1082 qs: 0.1972104515012264
14/07 07:31:53 INFO naive.ReasonableBot|2 DAY 29 bid: 866 qs: 0.1972104515012264
14/07 07:32:05 INFO naive.ReasonableBot|2 DAY 30 bid: 487 qs: 0.1972104515012264
14/07 07:32:13 INFO naive.ReasonableBot|2 DAY 31 bid: 195 qs: 0.1972104515012264
14/07 07:32:25 INFO naive.ReasonableBot|2 DAY 32 bid: 312 qs: 0.1972104515012264
14/07 07:32:33 INFO naive.ReasonableBot|2 DAY 33 bid: 124 qs: 0.7251942409256842
14/07 07:32:45 INFO naive.ReasonableBot|2 DAY 34 bid: 99 qs: 0.7251942409256842
14/07 07:32:56 INFO naive.ReasonableBot|2 DAY 35 WON at cost 0.18256874342818774
14/07 07:32:56 INFO naive.ReasonableBot|2 DAY 35 bid: 199 qs: 0.7251942409256842
14/07 07:33:04 INFO naive.ReasonableBot|2 DAY 36 bid: 79 qs: 0.7251942409256842
14/07 07:33:19 INFO naive.ReasonableBot|2 DAY 37 WON at cost 0.1484910851459922
14/07 07:33:19 INFO naive.ReasonableBot|2 DAY 37 bid: 159 qs: 0.7251942409256842
14/07 07:33:26 INFO naive.ReasonableBot|2 DAY 38 WON at cost 0.24943698900173128
14/07 07:33:26 INFO naive.ReasonableBot|2 DAY 38 bid: 84 qs: 0.7251942409256842
14/07 07:33:35 INFO naive.ReasonableBot|2 DAY 39 WON at cost 0.1048591059682471
14/07 07:33:35 INFO naive.ReasonableBot|2 DAY 39 bid: 90 qs: 0.7251942409256842
14/07 07:33:48 INFO naive.ReasonableBot|2 DAY 40 bid: 346 qs: 0.7251942409256842
14/07 07:34:00 INFO naive.ReasonableBot|2 DAY 41 bid: 212 qs: 0.391928346477992
14/07 07:34:10 INFO naive.ReasonableBot|2 DAY 42 bid: 105 qs: 0.391928346477992
14/07 07:34:16 INFO naive.ReasonableBot|2 DAY 43 bid: 107 qs: 0.391928346477992
14/07 07:34:54 INFO naive.ReasonableBot|2 DAY 44 bid: 231 qs: 0.391928346477992
14/07 07:35:15 INFO naive.ReasonableBot|2 DAY 45 bid: 278 qs: 0.391928346477992
14/07 07:35:17 INFO naive.ReasonableBot|2 DAY 46 bid: 407 qs: 0.5353739553637026
14/07 07:37:20 SEVERE agentware.SimClient|************************************************************
14/07 07:37:20 SEVERE agentware.SimClient|* Forced Simulation End
14/07 07:37:20 SEVERE agentware.SimClient|* forcing simulation to end at time unit 62 (max 61 time units)
14/07 07:37:20 SEVERE agentware.SimClient|************************************************************
