09/07 22:49:01 INFO naive.ReasonableBot|UNKNOWN Message Received: edu.umich.eecs.tac.props.AdvertiserInfo@bc76a1c1
09/07 22:49:02 SEVERE naive.ReasonableBot|Exception thrown while trying to parse message.java.lang.NullPointerException
09/07 22:49:18 INFO naive.ReasonableBot|1 DAY 1 bid: 435 qs: 1.0 ucs bid: 0.05217030999999999 ucs level: 0.47829690000000014
09/07 22:49:23 INFO naive.ReasonableBot|1 DAY 2 bid: 697 qs: 1.0 ucs bid: 0.024444868283289987 ucs level: 0.5314410000000002
09/07 22:49:35 INFO naive.ReasonableBot|1 DAY 3 bid: 836 qs: 1.0 ucs bid: 0.01275296356248406 ucs level: 0.47829690000000014
09/07 22:49:42 INFO naive.ReasonableBot|1 DAY 4 bid: 223 qs: 1.0 ucs bid: 0.005975515853873967 ucs level: 0.5314410000000002
09/07 22:49:53 INFO naive.ReasonableBot|1 DAY 5 bid: 178 qs: 1.0 ucs bid: 0.0031174451450651946 ucs level: 0.47829690000000014
09/07 22:50:04 INFO naive.ReasonableBot|1 DAY 6 bid: 142 qs: 1.0970336722130893 ucs bid: 0.001460706979726602 ucs level: 0.5314410000000002
09/07 22:50:14 INFO naive.ReasonableBot|1 DAY 7 bid: 228 qs: 1.0970336722130893 ucs bid: 7.620553595150052E-4 ucs level: 0.47829690000000014
09/07 22:50:24 INFO naive.ReasonableBot|1 DAY 8 bid: 182 qs: 1.0970336722130893 ucs bid: 3.570678971989912E-4 ucs level: 0.5314410000000002
09/07 22:50:35 INFO naive.ReasonableBot|1 DAY 9 WON at cost 0.21016072208436834
09/07 22:50:35 INFO naive.ReasonableBot|1 DAY 9 bid: 182 qs: 1.0970336722130893 ucs bid: 1.8628342887919497E-4 ucs level: 0.47829690000000014
09/07 22:50:44 INFO naive.ReasonableBot|1 DAY 10 bid: 219 qs: 1.0970336722130893 ucs bid: 8.728477715220668E-5 ucs level: 0.5314410000000002
09/07 22:50:54 INFO naive.ReasonableBot|1 DAY 11 bid: 117 qs: 1.0970336722130893 ucs bid: 4.5536738823115384E-5 ucs level: 0.47829690000000014
09/07 22:51:03 INFO naive.ReasonableBot|1 DAY 12 WON at cost 0.13410255599669216
09/07 22:51:03 INFO naive.ReasonableBot|1 DAY 12 bid: 117 qs: 1.0970336722130893 ucs bid: 2.1336648806220114E-5 ucs level: 0.5314410000000002
09/07 22:51:13 INFO naive.ReasonableBot|1 DAY 13 WON at cost 0.13602301213545082
09/07 22:51:13 INFO naive.ReasonableBot|1 DAY 13 bid: 175 qs: 0.4461517376561415 ucs bid: 1.113139582581633E-5 ucs level: 0.47829690000000014
09/07 22:51:24 INFO naive.ReasonableBot|1 DAY 14 bid: 140 qs: 0.4461517376561415 ucs bid: 5.215715696748672E-6 ucs level: 0.5314410000000002
09/07 22:51:34 INFO naive.ReasonableBot|1 DAY 15 bid: 37 qs: 0.4461517376561415 ucs bid: 2.7210550477124413E-6 ucs level: 0.47829690000000014
09/07 22:51:42 INFO naive.ReasonableBot|1 DAY 16 bid: 29 qs: 0.4461517376561415 ucs bid: 1.2749748321010934E-6 ucs level: 0.5314410000000002
09/07 22:51:53 INFO naive.ReasonableBot|1 DAY 17 bid: 47 qs: 0.4461517376561415 ucs bid: 6.651583223291197E-7 ucs level: 0.47829690000000014
09/07 22:52:04 INFO naive.ReasonableBot|1 DAY 18 bid: 57 qs: 0.4461517376561415 ucs bid: 3.116659183522099E-7 ucs level: 0.5314410000000002
09/07 22:52:14 INFO naive.ReasonableBot|1 DAY 19 bid: 15 qs: 0.4461517376561415 ucs bid: 1.6259707576869475E-7 ucs level: 0.47829690000000014
09/07 22:52:23 INFO naive.ReasonableBot|1 DAY 20 bid: 24 qs: 0.4461517376561415 ucs bid: 7.618632322510382E-8 ucs level: 0.5314410000000002
09/07 22:52:34 INFO naive.ReasonableBot|1 DAY 21 bid: 9 qs: 0.4461517376561415 ucs bid: 3.974664100413865E-8 ucs level: 0.47829690000000014
09/07 22:52:43 INFO naive.ReasonableBot|1 DAY 22 bid: 23 qs: 0.4461517376561415 ucs bid: 1.8623646362258195E-8 ucs level: 0.5314410000000002
09/07 22:52:55 INFO naive.ReasonableBot|1 DAY 23 bid: 12 qs: 0.18157585477983262 ucs bid: 9.716014040493821E-9 ucs level: 0.47829690000000014
09/07 22:53:03 INFO naive.ReasonableBot|1 DAY 24 bid: 15 qs: 0.0728303435393838 ucs bid: 4.552525822799743E-9 ucs level: 0.5314410000000002
09/07 22:53:18 INFO naive.ReasonableBot|1 DAY 25 bid: 4 qs: 0.0728303435393838 ucs bid: 2.3750668345846757E-9 ucs level: 0.47829690000000014
09/07 22:53:23 INFO naive.ReasonableBot|1 DAY 26 bid: 6 qs: 0.0728303435393838 ucs bid: 1.1128589409461607E-9 ucs level: 0.5314410000000002
09/07 22:53:33 INFO naive.ReasonableBot|1 DAY 27 bid: 7 qs: 0.0728303435393838 ucs bid: 5.805819593543288E-10 ucs level: 0.47829690000000014
09/07 22:53:42 INFO naive.ReasonableBot|1 DAY 28 bid: 2 qs: 0.0728303435393838 ucs bid: 2.7203690229310484E-10 ucs level: 0.5314410000000002
09/07 22:53:53 INFO naive.ReasonableBot|1 DAY 29 bid: 3 qs: 0.0728303435393838 ucs bid: 1.4192249524070985E-10 ucs level: 0.47829690000000014
09/07 22:54:02 INFO naive.ReasonableBot|1 DAY 30 WON at cost 0.003509499948670836
09/07 22:54:02 INFO naive.ReasonableBot|1 DAY 30 bid: 1 qs: 0.0728303435393838 ucs bid: 6.649906244749174E-11 ucs level: 0.5314410000000002
09/07 22:54:13 INFO naive.ReasonableBot|1 DAY 31 WON at cost 0.001985029308264978
09/07 22:54:13 INFO naive.ReasonableBot|1 DAY 31 bid: 1 qs: 0.0728303435393838 ucs bid: 3.469276702595002E-11 ucs level: 0.47829690000000014
09/07 22:54:22 INFO naive.ReasonableBot|1 DAY 32 WON at cost 0.001512403282487602
09/07 22:54:22 INFO naive.ReasonableBot|1 DAY 32 bid: 4 qs: 0.0728303435393838 ucs bid: 1.625560822491211E-11 ucs level: 0.5314410000000002
09/07 22:54:33 INFO naive.ReasonableBot|1 DAY 33 bid: 1 qs: 0.0728303435393838 ucs bid: 8.480601203322142E-12 ucs level: 0.47829690000000014
09/07 22:54:43 INFO naive.ReasonableBot|1 DAY 34 WON at cost 0.0012288276670211768
09/07 22:54:43 INFO naive.ReasonableBot|1 DAY 34 bid: 3 qs: 0.0728303435393838 ucs bid: 3.9736620192274185E-12 ucs level: 0.5314410000000002
09/07 22:54:52 INFO naive.ReasonableBot|1 DAY 35 WON at cost 0.003024806564975204
09/07 22:54:52 INFO naive.ReasonableBot|1 DAY 35 bid: 3 qs: 0.029132137415753517 ucs bid: 2.0730717937832033E-12 ucs level: 0.47829690000000014
09/07 22:55:03 INFO naive.ReasonableBot|1 DAY 36 bid: 3 qs: 0.011664261034401092 ucs bid: 9.713564466232635E-13 ucs level: 0.5314410000000002
09/07 22:55:13 INFO naive.ReasonableBot|1 DAY 37 bid: 1 qs: 0.011664261034401092 ucs bid: 5.06759669408341E-13 ucs level: 0.47829690000000014
09/07 22:55:23 INFO naive.ReasonableBot|1 DAY 38 bid: 2 qs: 0.004665704413760437 ucs bid: 2.3744680393830275E-13 ucs level: 0.5314410000000002
09/07 22:55:34 INFO naive.ReasonableBot|1 DAY 39 bid: 1 qs: 0.0018852933978556992 ucs bid: 1.2387673369970473E-13 ucs level: 0.47829690000000014
09/07 22:55:43 INFO naive.ReasonableBot|1 DAY 40 bid: 1 qs: 0.0018852933978556992 ucs bid: 5.804355846559993E-14 ucs level: 0.5314410000000002
09/07 22:55:53 INFO naive.ReasonableBot|1 DAY 41 bid: 1 qs: 0.0018852933978556992 ucs bid: 3.028150438653472E-14 ucs level: 0.47829690000000014
09/07 22:56:04 INFO naive.ReasonableBot|1 DAY 42 bid: 1 qs: 0.0018852933978556992 ucs bid: 1.4188671413850315E-14 ucs level: 0.5314410000000002
09/07 22:56:13 INFO naive.ReasonableBot|1 DAY 43 bid: 1 qs: 7.541173591422797E-4 ucs bid: 7.40227386148709E-15 ucs level: 0.47829690000000014
09/07 22:56:26 INFO naive.ReasonableBot|1 DAY 44 bid: 1 qs: 7.541173591422797E-4 ucs bid: 3.4684020382645286E-15 ucs level: 0.5314410000000002
09/07 22:56:36 INFO naive.ReasonableBot|1 DAY 45 bid: 1 qs: 7.541173591422797E-4 ucs bid: 1.809476095408923E-15 ucs level: 0.47829690000000014
09/07 22:56:45 INFO naive.ReasonableBot|1 DAY 46 bid: 1 qs: 7.541173591422797E-4 ucs bid: 8.478463097887092E-16 ucs level: 0.5314410000000002
09/07 22:56:54 INFO naive.ReasonableBot|1 DAY 47 bid: 1 qs: 7.541173591422797E-4 ucs bid: 4.423240481403298E-16 ucs level: 0.47829690000000014
09/07 22:57:03 INFO naive.ReasonableBot|1 DAY 48 bid: 1 qs: 7.541173591422797E-4 ucs bid: 2.072549136725847E-16 ucs level: 0.5314410000000002
09/07 22:57:53 INFO naive.ReasonableBot|1 DAY 53 bid: 1 qs: 7.541173591422797E-4 ucs bid: 1.081255309532198E-16 ucs level: 0.47829690000000014
