14/07 00:45:01 INFO agents.BrownAgent|UNKNOWN Message Received: edu.umich.eecs.tac.props.AdvertiserInfo@bc76a1c1
14/07 00:45:01 INFO agents.BrownAgent|Day 0 :BankStatus[0.000000]
14/07 00:45:01 INFO agents.BrownAgent|tau.tac.adx.report.demand.InitialCampaignMessage[1940931807,1250,1,5,[LOW_INCOME, OLD],2.0,1.5,demand,[]]
14/07 00:45:01 INFO agents.BrownAgent|Day 0: Allocated campaign - Campaign ID 1940931807: day 1 to 5 [LOW_INCOME, OLD], reach: 1250 coefs: (v=2.0, m=1.5)
14/07 00:45:01 SEVERE agents.BrownAgent|Exception thrown while trying to parse message.java.lang.NullPointerException.  Message[coordinator,adv1,tau.tac.adx.report.demand.InitialCampaignMessage[1940931807,1250,1,5,[LOW_INCOME, OLD],2.0,1.5,demand,[]]]
14/07 00:45:01 SEVERE agents.BrownAgent|Exception thrown while trying to parse message.java.lang.NullPointerException.  Message[coordinator,adv1,tau.tac.adx.report.demand.CampaignOpportunityMessage[770900021,5000,2,11,[MALE, YOUNG],2.0,1.5,0,[]]]
14/07 00:45:01 SEVERE agents.BrownAgent|Exception thrown while trying to parse message.java.lang.NullPointerException.  Message[coordinator,adv1,simulationStatus[0,1548,false,[]]]
14/07 00:45:13 INFO agents.BrownAgent|Day 0 :BankStatus[0.000000]
14/07 00:45:13 INFO agents.BrownAgent|Day 0: Daily notification for campaign 770900021
14/07 00:45:13 INFO agents.BrownAgent|Day 0:  allocated to DummyAdnetwork-3. UCS Level set to 0.47829690000000014 at price 0.0 Qualit Score is: 1.0
14/07 00:45:13 SEVERE agents.BrownAgent|Exception thrown while trying to parse message.java.lang.NullPointerException.  Message[coordinator,adv1,tau.tac.adx.report.demand.CampaignOpportunityMessage[316985549,15000,3,7,[LOW_INCOME, FEMALE],2.0,1.5,1,[]]]
14/07 00:45:14 SEVERE agents.BrownAgent|Exception thrown while trying to parse message.java.lang.NullPointerException.  Message[coordinator,adv1,simulationStatus[1,3959,false,[]]]
14/07 00:45:25 INFO agents.BrownAgent|Day 1 :BankStatus[-0.098865]
14/07 00:45:25 INFO agents.BrownAgent|Day 1: Updating campaign 1940931807 stats: 0.0 tgtImps 0.0 nonTgtImps. Cost of imps is 0.0
14/07 00:45:25 INFO agents.BrownAgent|Day 1: Daily notification for campaign 316985549
14/07 00:45:25 INFO agents.BrownAgent|Day 1:  allocated to DummyAdnetwork-5. UCS Level set to 0.47829690000000014 at price 0.0 Qualit Score is: 1.0
14/07 00:45:25 SEVERE agents.BrownAgent|Exception thrown while trying to parse message.java.lang.NullPointerException.  Message[coordinator,adv1,tau.tac.adx.report.demand.CampaignOpportunityMessage[454995848,15000,4,6,[LOW_INCOME, YOUNG],2.0,1.5,2,[]]]
14/07 00:45:26 SEVERE agents.BrownAgent|Exception thrown while trying to parse message.java.lang.NullPointerException.  Message[coordinator,adv1,simulationStatus[2,5935,false,[]]]
14/07 00:45:37 INFO agents.BrownAgent|Day 2 :BankStatus[-0.198953]
14/07 00:45:37 INFO agents.BrownAgent|Day 2: Updating campaign 1940931807 stats: 0.0 tgtImps 0.0 nonTgtImps. Cost of imps is 0.0
14/07 00:45:37 INFO agents.BrownAgent|Day 2: Daily notification for campaign 454995848
14/07 00:45:37 INFO agents.BrownAgent|Day 2:  allocated to DummyAdnetwork-6. UCS Level set to 0.47829690000000014 at price 0.0 Qualit Score is: 1.0
14/07 00:45:37 SEVERE agents.BrownAgent|Exception thrown while trying to parse message.java.lang.NullPointerException.  Message[coordinator,adv1,tau.tac.adx.report.demand.CampaignOpportunityMessage[666291258,10000,5,7,[MALE, OLD],2.0,1.5,3,[]]]
14/07 00:45:37 SEVERE agents.BrownAgent|Exception thrown while trying to parse message.java.lang.NullPointerException.  Message[coordinator,adv1,simulationStatus[3,7550,false,[]]]
14/07 00:45:44 INFO agents.BrownAgent|Day 3 :BankStatus[-0.278079]
14/07 00:45:44 INFO agents.BrownAgent|Day 3: Updating campaign 1940931807 stats: 0.0 tgtImps 0.0 nonTgtImps. Cost of imps is 0.0
14/07 00:45:44 INFO agents.BrownAgent|Day 3: Daily notification for campaign 666291258
14/07 00:45:44 INFO agents.BrownAgent|Day 3:  allocated to DummyAdnetwork-2. UCS Level set to 0.47829690000000014 at price 0.0 Qualit Score is: 1.0
14/07 00:45:44 SEVERE agents.BrownAgent|Exception thrown while trying to parse message.java.lang.NullPointerException.  Message[coordinator,adv1,tau.tac.adx.report.demand.CampaignOpportunityMessage[181561413,15000,6,10,[MALE, YOUNG],2.0,1.5,4,[]]]
14/07 00:45:44 SEVERE agents.BrownAgent|Exception thrown while trying to parse message.java.lang.NullPointerException.  Message[coordinator,adv1,simulationStatus[4,4165,false,[]]]
14/07 00:45:54 INFO agents.BrownAgent|Day 4 :BankStatus[-0.360933]
14/07 00:45:54 INFO agents.BrownAgent|Day 4: Updating campaign 1940931807 stats: 0.0 tgtImps 0.0 nonTgtImps. Cost of imps is 0.0
14/07 00:45:54 INFO agents.BrownAgent|Day 4: Daily notification for campaign 181561413
14/07 00:45:54 INFO agents.BrownAgent|Day 4:  allocated to DummyAdnetwork-5. UCS Level set to 0.47829690000000014 at price 0.0 Qualit Score is: 1.0
14/07 00:45:54 SEVERE agents.BrownAgent|Exception thrown while trying to parse message.java.lang.NullPointerException.  Message[coordinator,adv1,tau.tac.adx.report.demand.CampaignOpportunityMessage[1375375911,5000,7,16,[OLD, HIGH_INCOME],2.0,1.5,5,[]]]
14/07 00:45:54 INFO agents.BrownAgent|Day 5 ended. Starting next day
14/07 00:46:04 INFO agents.BrownAgent|Day 6 :BankStatus[-0.445064]
14/07 00:46:04 INFO agents.BrownAgent|Day 6: Daily notification for campaign 1375375911
14/07 00:46:04 INFO agents.BrownAgent|Day 6:  allocated to DummyAdnetwork-5. UCS Level set to 0.47829690000000014 at price 0.0 Qualit Score is: 0.4
14/07 00:46:04 SEVERE agents.BrownAgent|Exception thrown while trying to parse message.java.lang.NullPointerException.  Message[coordinator,adv1,tau.tac.adx.report.demand.CampaignOpportunityMessage[794443488,15000,8,10,[FEMALE, OLD],2.0,1.5,6,[]]]
14/07 00:46:04 INFO agents.BrownAgent|Day 6 ended. Starting next day
14/07 00:46:13 INFO agents.BrownAgent|Day 7 :BankStatus[-0.521623]
14/07 00:46:13 INFO agents.BrownAgent|Day 7: Daily notification for campaign 794443488
14/07 00:46:13 INFO agents.BrownAgent|Day 7:  allocated to DummyAdnetwork-7. UCS Level set to 0.47829690000000014 at price 0.0 Qualit Score is: 0.4
14/07 00:46:13 SEVERE agents.BrownAgent|Exception thrown while trying to parse message.java.lang.NullPointerException.  Message[coordinator,adv1,tau.tac.adx.report.demand.CampaignOpportunityMessage[234463859,10000,9,18,[LOW_INCOME, FEMALE],2.0,1.5,7,[]]]
14/07 00:46:13 INFO agents.BrownAgent|Day 7 ended. Starting next day
14/07 00:46:22 INFO agents.BrownAgent|Day 8 :BankStatus[-0.604956]
14/07 00:46:22 INFO agents.BrownAgent|Day 8: Daily notification for campaign 234463859
14/07 00:46:22 INFO agents.BrownAgent|Day 8:  allocated to DummyAdnetwork-6. UCS Level set to 0.47829690000000014 at price 0.0 Qualit Score is: 0.4
14/07 00:46:22 SEVERE agents.BrownAgent|Exception thrown while trying to parse message.java.lang.NullPointerException.  Message[coordinator,adv1,tau.tac.adx.report.demand.CampaignOpportunityMessage[2103007240,15000,10,19,[FEMALE, YOUNG],2.0,1.5,8,[]]]
14/07 00:46:22 INFO agents.BrownAgent|Day 8 ended. Starting next day
14/07 00:46:33 INFO agents.BrownAgent|Day 9 :BankStatus[-0.687761]
14/07 00:46:33 INFO agents.BrownAgent|Day 9: Daily notification for campaign 2103007240
14/07 00:46:33 INFO agents.BrownAgent|Day 9:  allocated to DummyAdnetwork-3. UCS Level set to 0.47829690000000014 at price 0.0 Qualit Score is: 0.4
14/07 00:46:33 SEVERE agents.BrownAgent|Exception thrown while trying to parse message.java.lang.NullPointerException.  Message[coordinator,adv1,tau.tac.adx.report.demand.CampaignOpportunityMessage[802853774,5000,11,20,[FEMALE, OLD],2.0,1.5,9,[]]]
14/07 00:46:33 INFO agents.BrownAgent|Day 9 ended. Starting next day
14/07 00:46:42 INFO agents.BrownAgent|Day 10 :BankStatus[-0.767262]
14/07 00:46:42 INFO agents.BrownAgent|Day 10: Daily notification for campaign 802853774
14/07 00:46:42 INFO agents.BrownAgent|Day 10:  allocated to DummyAdnetwork-3. UCS Level set to 0.47829690000000014 at price 0.0 Qualit Score is: 0.4
14/07 00:46:42 SEVERE agents.BrownAgent|Exception thrown while trying to parse message.java.lang.NullPointerException.  Message[coordinator,adv1,tau.tac.adx.report.demand.CampaignOpportunityMessage[1849240212,15000,12,16,[LOW_INCOME, FEMALE],2.0,1.5,10,[]]]
14/07 00:46:42 INFO agents.BrownAgent|Day 10 ended. Starting next day
14/07 00:46:54 INFO agents.BrownAgent|Day 11 :BankStatus[-0.851996]
14/07 00:46:54 INFO agents.BrownAgent|Day 11: Daily notification for campaign 1849240212
14/07 00:46:54 INFO agents.BrownAgent|Day 11:  allocated to DummyAdnetwork-5. UCS Level set to 0.47829690000000014 at price 0.0 Qualit Score is: 0.4
14/07 00:46:54 SEVERE agents.BrownAgent|Exception thrown while trying to parse message.java.lang.NullPointerException.  Message[coordinator,adv1,tau.tac.adx.report.demand.CampaignOpportunityMessage[1650520611,5000,13,15,[HIGH_INCOME, YOUNG],2.0,1.5,11,[]]]
14/07 00:46:54 INFO agents.BrownAgent|Day 11 ended. Starting next day
14/07 00:47:05 INFO agents.BrownAgent|Day 12 :BankStatus[-0.938750]
14/07 00:47:05 INFO agents.BrownAgent|Day 12: Daily notification for campaign 1650520611
14/07 00:47:05 INFO agents.BrownAgent|Day 12:  allocated to DummyAdnetwork-7. UCS Level set to 0.47829690000000014 at price 0.0 Qualit Score is: 0.4
14/07 00:47:05 SEVERE agents.BrownAgent|Exception thrown while trying to parse message.java.lang.NullPointerException.  Message[coordinator,adv1,tau.tac.adx.report.demand.CampaignOpportunityMessage[1488941210,10000,14,18,[LOW_INCOME, OLD],2.0,1.5,12,[]]]
14/07 00:47:05 INFO agents.BrownAgent|Day 12 ended. Starting next day
14/07 00:47:13 INFO agents.BrownAgent|Day 13 :BankStatus[-1.019370]
14/07 00:47:13 INFO agents.BrownAgent|Day 13: Daily notification for campaign 1488941210
14/07 00:47:13 INFO agents.BrownAgent|Day 13:  allocated to DummyAdnetwork-7. UCS Level set to 0.47829690000000014 at price 0.0 Qualit Score is: 0.4
14/07 00:47:13 SEVERE agents.BrownAgent|Exception thrown while trying to parse message.java.lang.NullPointerException.  Message[coordinator,adv1,tau.tac.adx.report.demand.CampaignOpportunityMessage[1291186,10000,15,19,[LOW_INCOME, YOUNG],2.0,1.5,13,[]]]
14/07 00:47:13 INFO agents.BrownAgent|Day 13 ended. Starting next day
14/07 00:47:25 INFO agents.BrownAgent|Day 14 :BankStatus[-1.101049]
14/07 00:47:25 INFO agents.BrownAgent|Day 14: Daily notification for campaign 1291186
14/07 00:47:25 INFO agents.BrownAgent|Day 14:  allocated to DummyAdnetwork-5. UCS Level set to 0.47829690000000014 at price 0.0 Qualit Score is: 0.4
14/07 00:47:25 SEVERE agents.BrownAgent|Exception thrown while trying to parse message.java.lang.NullPointerException.  Message[coordinator,adv1,tau.tac.adx.report.demand.CampaignOpportunityMessage[624687747,5000,16,18,[FEMALE, HIGH_INCOME],2.0,1.5,14,[]]]
14/07 00:47:25 INFO agents.BrownAgent|Day 14 ended. Starting next day
14/07 00:47:32 INFO agents.BrownAgent|Day 15 :BankStatus[-1.187015]
14/07 00:47:32 INFO agents.BrownAgent|Day 15: Daily notification for campaign 624687747
14/07 00:47:32 INFO agents.BrownAgent|Day 15:  allocated to DummyAdnetwork-7. UCS Level set to 0.47829690000000014 at price 0.0 Qualit Score is: 0.4
14/07 00:47:32 SEVERE agents.BrownAgent|Exception thrown while trying to parse message.java.lang.NullPointerException.  Message[coordinator,adv1,tau.tac.adx.report.demand.CampaignOpportunityMessage[1272541568,15000,17,26,[OLD, HIGH_INCOME],2.0,1.5,15,[]]]
14/07 00:47:32 INFO agents.BrownAgent|Day 15 ended. Starting next day
14/07 00:47:42 INFO agents.BrownAgent|Day 16 :BankStatus[-1.271104]
14/07 00:47:42 INFO agents.BrownAgent|Day 16: Daily notification for campaign 1272541568
14/07 00:47:42 INFO agents.BrownAgent|Day 16:  allocated to DummyAdnetwork-6. UCS Level set to 0.47829690000000014 at price 0.0 Qualit Score is: 0.4
14/07 00:47:42 SEVERE agents.BrownAgent|Exception thrown while trying to parse message.java.lang.NullPointerException.  Message[coordinator,adv1,tau.tac.adx.report.demand.CampaignOpportunityMessage[1908279475,5000,18,20,[HIGH_INCOME, YOUNG],2.0,1.5,16,[]]]
14/07 00:47:42 INFO agents.BrownAgent|Day 16 ended. Starting next day
14/07 00:47:55 INFO agents.BrownAgent|Day 17 :BankStatus[-1.351799]
14/07 00:47:55 INFO agents.BrownAgent|Day 17: Daily notification for campaign 1908279475
14/07 00:47:55 INFO agents.BrownAgent|Day 17:  allocated to DummyAdnetwork-6. UCS Level set to 0.47829690000000014 at price 0.0 Qualit Score is: 0.4
14/07 00:47:55 SEVERE agents.BrownAgent|Exception thrown while trying to parse message.java.lang.NullPointerException.  Message[coordinator,adv1,tau.tac.adx.report.demand.CampaignOpportunityMessage[1332780328,5000,19,21,[FEMALE, YOUNG],2.0,1.5,17,[]]]
14/07 00:47:55 INFO agents.BrownAgent|Day 17 ended. Starting next day
