14/07 01:31:01 INFO agents.BrownAgent|UNKNOWN Message Received: edu.umich.eecs.tac.props.AdvertiserInfo@bc76a1c1
14/07 01:31:01 INFO agents.BrownAgent|Day 0 :BankStatus[0.000000]
14/07 01:31:01 INFO agents.BrownAgent|tau.tac.adx.report.demand.InitialCampaignMessage[1241535332,1250,1,5,[YOUNG, LOW_INCOME],2.0,1.5,demand,[]]
14/07 01:31:01 INFO agents.BrownAgent|Day 0: Allocated campaign - Campaign ID 1241535332: day 1 to 5 [YOUNG, LOW_INCOME], reach: 1250 coefs: (v=2.0, m=1.5)
14/07 01:31:01 INFO agents.BrownAgent|Day 0: Campaign opportunity - Campaign ID 1726531547: day 2 to 11 [MALE, HIGH_INCOME], reach: 15000 coefs: (v=2.0, m=1.5)
14/07 01:31:01 INFO agents.BrownAgent|BrownAgent DAY 0 bid: 1500
14/07 01:31:01 INFO agents.BrownAgent|about to get bid bundle from optimizer
14/07 01:31:14 INFO agents.BrownAgent|Day 1 :BankStatus[0.000000]
14/07 01:31:14 INFO agents.BrownAgent|Day 1: Daily notification for campaign 1726531547
14/07 01:31:14 INFO agents.BrownAgent|about to update modeler
14/07 01:31:14 INFO agents.BrownAgent|Day 1:  allocated to DummyAdnetwork. UCS Level set to 0.9 at price 0.16465657872952136 Qualit Score is: 1.0
14/07 01:31:14 INFO agents.BrownAgent|Day 1: Campaign opportunity - Campaign ID 1369711350: day 3 to 7 [MALE, HIGH_INCOME], reach: 10000 coefs: (v=2.0, m=1.5)
14/07 01:31:14 INFO agents.BrownAgent|BrownAgent DAY 1 bid: 800
14/07 01:31:15 INFO agents.BrownAgent|Day 1 : AdNetworkReport
14/07 01:31:15 INFO agents.BrownAgent|about to get bid bundle from optimizer
14/07 01:31:23 INFO agents.BrownAgent|Day 2 :BankStatus[-0.099066]
14/07 01:31:23 INFO agents.BrownAgent|Day 2: Daily notification for campaign 1369711350
14/07 01:31:23 INFO agents.BrownAgent|about to update modeler
14/07 01:31:23 INFO agents.BrownAgent|Day 2:  allocated to DummyAdnetwork-5. UCS Level set to 1.0 at price 0.1649355407668393 Qualit Score is: 1.0
14/07 01:31:23 INFO agents.BrownAgent|Day 2: Campaign opportunity - Campaign ID 1508482990: day 4 to 13 [YOUNG, HIGH_INCOME], reach: 10000 coefs: (v=2.0, m=1.5)
14/07 01:31:23 INFO agents.BrownAgent|BrownAgent DAY 2 bid: 640
14/07 01:31:24 INFO agents.BrownAgent|Day 2 : AdNetworkReport
14/07 01:31:24 INFO agents.BrownAgent|about to get bid bundle from optimizer
14/07 01:31:41 INFO agents.BrownAgent|Day 3 :BankStatus[-0.191456]
14/07 01:31:41 INFO agents.BrownAgent|Day 3: Daily notification for campaign 1508482990
14/07 01:31:41 INFO agents.BrownAgent|about to update modeler
14/07 01:31:41 INFO agents.BrownAgent|Day 3:  allocated to DummyAdnetwork-3. UCS Level set to 0.81 at price 0.10615878286145525 Qualit Score is: 1.0
14/07 01:31:41 INFO agents.BrownAgent|Day 3: Campaign opportunity - Campaign ID 430081916: day 5 to 9 [FEMALE, LOW_INCOME], reach: 10000 coefs: (v=2.0, m=1.5)
14/07 01:31:41 INFO agents.BrownAgent|BrownAgent DAY 3 bid: 512
14/07 01:31:43 INFO agents.BrownAgent|Day 3 : AdNetworkReport
14/07 01:31:43 INFO agents.BrownAgent|about to get bid bundle from optimizer
14/07 01:31:44 INFO agents.BrownAgent|Day 4 :BankStatus[-0.280202]
14/07 01:31:44 INFO agents.BrownAgent|Day 4: Daily notification for campaign 430081916
14/07 01:31:44 INFO agents.BrownAgent|about to update modeler
14/07 01:31:44 INFO agents.BrownAgent|Day 4:  allocated to . UCS Level set to 0.81 at price 0.10615878286145525 Qualit Score is: 1.0
14/07 01:31:44 INFO agents.BrownAgent|Day 4: Campaign opportunity - Campaign ID 777740553: day 6 to 15 [YOUNG, HIGH_INCOME], reach: 10000 coefs: (v=2.0, m=1.5)
14/07 01:31:44 INFO agents.BrownAgent|BrownAgent DAY 4 bid: 409
14/07 01:31:44 INFO agents.BrownAgent|about to get bid bundle from optimizer
14/07 01:31:56 INFO agents.BrownAgent|Day 5 :BankStatus[-0.368780]
14/07 01:31:56 INFO agents.BrownAgent|Day 5: Daily notification for campaign 777740553
14/07 01:31:56 INFO agents.BrownAgent|about to update modeler
14/07 01:31:56 INFO agents.BrownAgent|Day 5:  WON at cost 0.44499999999999995. UCS Level set to 0.7290000000000001 at price 0.09504194202820035 Qualit Score is: 1.0
14/07 01:31:56 INFO agents.BrownAgent|Day 5: Campaign opportunity - Campaign ID 307948966: day 7 to 11 [HIGH_INCOME, OLD], reach: 5000 coefs: (v=2.0, m=1.5)
14/07 01:31:56 INFO agents.BrownAgent|BrownAgent DAY 5 bid: 204
14/07 01:31:56 INFO agents.BrownAgent|Day 5 : AdNetworkReport
14/07 01:31:56 INFO agents.BrownAgent|about to get bid bundle from optimizer
14/07 01:32:07 INFO agents.BrownAgent|Day 6 :BankStatus[-0.463822]
14/07 01:32:07 INFO agents.BrownAgent|Day 6: Daily notification for campaign 307948966
14/07 01:32:07 INFO agents.BrownAgent|about to update modeler
14/07 01:32:07 INFO agents.BrownAgent|Day 6:  allocated to adv2. UCS Level set to 1.0 at price 0.1373245385220119 Qualit Score is: 1.0964754478252203
14/07 01:32:07 INFO agents.BrownAgent|Day 6: Campaign opportunity - Campaign ID 490472009: day 8 to 10 [MALE, OLD], reach: 10000 coefs: (v=2.0, m=1.5)
14/07 01:32:07 INFO agents.BrownAgent|BrownAgent DAY 6 bid: 327
14/07 01:32:07 INFO agents.BrownAgent|Day 6 : AdNetworkReport
14/07 01:32:07 INFO agents.BrownAgent|about to get bid bundle from optimizer
14/07 01:32:15 INFO agents.BrownAgent|Day 7 :BankStatus[0.898354]
14/07 01:32:15 INFO agents.BrownAgent|Day 7: Daily notification for campaign 490472009
14/07 01:32:15 INFO agents.BrownAgent|about to update modeler
14/07 01:32:15 INFO agents.BrownAgent|Day 7:  WON at cost 0.3560911733462663. UCS Level set to 0.5314410000000002 at price 0.0 Qualit Score is: 1.0964754478252203
14/07 01:32:15 INFO agents.BrownAgent|Day 7: Campaign opportunity - Campaign ID 1183775510: day 9 to 13 [LOW_INCOME, OLD], reach: 15000 coefs: (v=2.0, m=1.5)
14/07 01:32:15 INFO agents.BrownAgent|BrownAgent DAY 7 bid: 515
14/07 01:32:16 INFO agents.BrownAgent|Day 7 : AdNetworkReport
14/07 01:32:16 INFO agents.BrownAgent|about to get bid bundle from optimizer
14/07 01:32:22 INFO agents.BrownAgent|Day 8 :BankStatus[0.822373]
14/07 01:32:22 INFO agents.BrownAgent|Day 8: Daily notification for campaign 1183775510
14/07 01:32:22 INFO agents.BrownAgent|about to update modeler
14/07 01:32:22 INFO agents.BrownAgent|Day 8:  allocated to adv2. UCS Level set to 0.5314410000000002 at price 0.0 Qualit Score is: 1.0964754478252203
14/07 01:32:22 INFO agents.BrownAgent|Day 8: Campaign opportunity - Campaign ID 796301139: day 10 to 19 [MALE, OLD], reach: 10000 coefs: (v=2.0, m=1.5)
14/07 01:32:22 INFO agents.BrownAgent|BrownAgent DAY 8 bid: 289
14/07 01:32:22 INFO agents.BrownAgent|Day 8 : AdNetworkReport
14/07 01:32:22 INFO agents.BrownAgent|about to get bid bundle from optimizer
14/07 01:32:33 INFO agents.BrownAgent|Day 9 :BankStatus[0.754474]
14/07 01:32:33 INFO agents.BrownAgent|Day 9: Daily notification for campaign 796301139
14/07 01:32:33 INFO agents.BrownAgent|about to update modeler
14/07 01:32:33 INFO agents.BrownAgent|Day 9:  allocated to adv2. UCS Level set to 0.5904900000000002 at price 0.04641521608962614 Qualit Score is: 1.0964754478252203
14/07 01:32:33 INFO agents.BrownAgent|Day 9: Campaign opportunity - Campaign ID 1372194879: day 11 to 13 [MALE, YOUNG], reach: 10000 coefs: (v=2.0, m=1.5)
14/07 01:32:33 INFO agents.BrownAgent|BrownAgent DAY 9 bid: 341
14/07 01:32:33 INFO agents.BrownAgent|Day 9 : AdNetworkReport
14/07 01:32:34 INFO agents.BrownAgent|about to get bid bundle from optimizer
14/07 01:32:44 INFO agents.BrownAgent|Day 10 :BankStatus[0.690315]
14/07 01:32:44 INFO agents.BrownAgent|Day 10: Daily notification for campaign 1372194879
14/07 01:32:44 INFO agents.BrownAgent|about to update modeler
14/07 01:32:44 INFO agents.BrownAgent|Day 10:  allocated to adv2. UCS Level set to 0.7290000000000001 at price 0.06413575450771775 Qualit Score is: 1.0964754478252203
14/07 01:32:44 INFO agents.BrownAgent|Day 10: Campaign opportunity - Campaign ID 846870497: day 12 to 14 [FEMALE, OLD], reach: 15000 coefs: (v=2.0, m=1.5)
14/07 01:32:44 INFO agents.BrownAgent|BrownAgent DAY 10 bid: 9223372036854775807
14/07 01:32:44 INFO agents.BrownAgent|Day 10 : AdNetworkReport
14/07 01:32:44 INFO agents.BrownAgent|about to get bid bundle from optimizer
14/07 01:32:53 INFO agents.BrownAgent|Day 11 :BankStatus[0.625352]
14/07 01:32:53 INFO agents.BrownAgent|Day 11: Daily notification for campaign 846870497
14/07 01:32:53 INFO agents.BrownAgent|about to update modeler
14/07 01:32:53 INFO agents.BrownAgent|Day 11:  allocated to adv2. UCS Level set to 0.81 at price 0.08240620942723935 Qualit Score is: 0.5985204192432602
14/07 01:32:53 INFO agents.BrownAgent|Day 11: Campaign opportunity - Campaign ID 468205559: day 13 to 17 [YOUNG, HIGH_INCOME], reach: 15000 coefs: (v=2.0, m=1.5)
14/07 01:32:53 INFO agents.BrownAgent|BrownAgent DAY 11 bid: 9223372036854775807
14/07 01:32:53 INFO agents.BrownAgent|Day 11 : AdNetworkReport
14/07 01:32:53 INFO agents.BrownAgent|about to get bid bundle from optimizer
14/07 01:33:04 INFO agents.BrownAgent|Day 12 :BankStatus[0.652902]
14/07 01:33:04 INFO agents.BrownAgent|Day 12: Daily notification for campaign 468205559
14/07 01:33:04 INFO agents.BrownAgent|about to update modeler
14/07 01:33:04 INFO agents.BrownAgent|Day 12:  allocated to adv2. UCS Level set to 0.5314410000000002 at price 0.0 Qualit Score is: 0.5985204192432602
14/07 01:33:04 INFO agents.BrownAgent|Day 12: Campaign opportunity - Campaign ID 1535323329: day 14 to 18 [MALE, OLD], reach: 15000 coefs: (v=2.0, m=1.5)
14/07 01:33:04 INFO agents.BrownAgent|BrownAgent DAY 12 bid: 9223372036854775807
14/07 01:33:04 INFO agents.BrownAgent|Day 12 : AdNetworkReport
14/07 01:33:04 INFO agents.BrownAgent|about to get bid bundle from optimizer
14/07 01:33:13 INFO agents.BrownAgent|Day 13 :BankStatus[0.585661]
14/07 01:33:13 INFO agents.BrownAgent|Day 13: Daily notification for campaign 1535323329
14/07 01:33:13 INFO agents.BrownAgent|about to update modeler
14/07 01:33:13 INFO agents.BrownAgent|Day 13:  allocated to adv2. UCS Level set to 0.5314410000000002 at price 0.0 Qualit Score is: 0.5985204192432602
14/07 01:33:13 INFO agents.BrownAgent|Day 13: Campaign opportunity - Campaign ID 196928199: day 15 to 24 [LOW_INCOME, OLD], reach: 5000 coefs: (v=2.0, m=1.5)
14/07 01:33:13 INFO agents.BrownAgent|BrownAgent DAY 13 bid: 9223372036854775807
14/07 01:33:14 INFO agents.BrownAgent|Day 13 : AdNetworkReport
14/07 01:33:14 INFO agents.BrownAgent|about to get bid bundle from optimizer
14/07 01:33:23 INFO agents.BrownAgent|Day 14 :BankStatus[0.519406]
14/07 01:33:23 INFO agents.BrownAgent|Day 14: Daily notification for campaign 196928199
14/07 01:33:23 INFO agents.BrownAgent|about to update modeler
14/07 01:33:23 INFO agents.BrownAgent|Day 14:  allocated to adv2. UCS Level set to 0.5314410000000002 at price 0.0 Qualit Score is: 0.5985204192432602
14/07 01:33:23 INFO agents.BrownAgent|Day 14: Campaign opportunity - Campaign ID 1581748467: day 16 to 18 [HIGH_INCOME, OLD], reach: 15000 coefs: (v=2.0, m=1.5)
14/07 01:33:23 INFO agents.BrownAgent|BrownAgent DAY 14 bid: 9223372036854775807
14/07 01:33:23 INFO agents.BrownAgent|Day 14 : AdNetworkReport
14/07 01:33:23 INFO agents.BrownAgent|about to get bid bundle from optimizer
14/07 01:33:34 INFO agents.BrownAgent|Day 15 :BankStatus[0.455958]
14/07 01:33:34 INFO agents.BrownAgent|Day 15: Daily notification for campaign 1581748467
14/07 01:33:34 INFO agents.BrownAgent|about to update modeler
14/07 01:33:34 INFO agents.BrownAgent|Day 15:  allocated to DummyAdnetwork. UCS Level set to 0.5314410000000002 at price 0.0 Qualit Score is: 0.5985204192432602
14/07 01:33:34 INFO agents.BrownAgent|Day 15: Campaign opportunity - Campaign ID 1139965720: day 17 to 21 [MALE, YOUNG], reach: 10000 coefs: (v=2.0, m=1.5)
14/07 01:33:34 INFO agents.BrownAgent|BrownAgent DAY 15 bid: 9223372036854775807
14/07 01:33:34 INFO agents.BrownAgent|Day 15 : AdNetworkReport
14/07 01:33:34 INFO agents.BrownAgent|about to get bid bundle from optimizer
14/07 01:33:42 INFO agents.BrownAgent|Day 16 :BankStatus[0.390942]
14/07 01:33:43 INFO agents.BrownAgent|Day 16: Daily notification for campaign 1139965720
14/07 01:33:43 INFO agents.BrownAgent|about to update modeler
14/07 01:33:43 INFO agents.BrownAgent|Day 16:  allocated to DummyAdnetwork-3. UCS Level set to 0.5314410000000002 at price 0.0 Qualit Score is: 0.7812713382846873
14/07 01:33:43 INFO agents.BrownAgent|Day 16: Campaign opportunity - Campaign ID 2052849775: day 18 to 20 [LOW_INCOME, OLD], reach: 15000 coefs: (v=2.0, m=1.5)
14/07 01:33:43 INFO agents.BrownAgent|BrownAgent DAY 16 bid: 9223372036854775807
14/07 01:33:43 INFO agents.BrownAgent|about to get bid bundle from optimizer
14/07 01:33:53 INFO agents.BrownAgent|Day 17 :BankStatus[0.732851]
14/07 01:33:53 INFO agents.BrownAgent|Day 17: Daily notification for campaign 2052849775
14/07 01:33:53 INFO agents.BrownAgent|about to update modeler
14/07 01:33:53 INFO agents.BrownAgent|Day 17:  allocated to DummyAdnetwork-3. UCS Level set to 0.47829690000000014 at price 0.0 Qualit Score is: 0.7812713382846873
14/07 01:33:53 INFO agents.BrownAgent|Day 17: Campaign opportunity - Campaign ID 1291099928: day 19 to 28 [YOUNG, LOW_INCOME], reach: 15000 coefs: (v=2.0, m=1.5)
14/07 01:33:53 INFO agents.BrownAgent|BrownAgent DAY 17 bid: 9223372036854775807
14/07 01:33:53 INFO agents.BrownAgent|about to get bid bundle from optimizer
14/07 01:34:03 INFO agents.BrownAgent|Day 18 :BankStatus[0.673104]
14/07 01:34:03 INFO agents.BrownAgent|Day 18: Daily notification for campaign 1291099928
14/07 01:34:03 INFO agents.BrownAgent|about to update modeler
14/07 01:34:03 INFO agents.BrownAgent|Day 18:  allocated to DummyAdnetwork-3. UCS Level set to 0.47829690000000014 at price 0.0 Qualit Score is: 0.7812713382846873
14/07 01:34:03 INFO agents.BrownAgent|Day 18: Campaign opportunity - Campaign ID 1112433755: day 20 to 29 [FEMALE, HIGH_INCOME], reach: 5000 coefs: (v=2.0, m=1.5)
14/07 01:34:03 INFO agents.BrownAgent|BrownAgent DAY 18 bid: 9223372036854775807
14/07 01:34:03 INFO agents.BrownAgent|about to get bid bundle from optimizer
14/07 01:34:13 INFO agents.BrownAgent|Day 19 :BankStatus[0.615957]
14/07 01:34:13 INFO agents.BrownAgent|Day 19: Daily notification for campaign 1112433755
14/07 01:34:13 INFO agents.BrownAgent|about to update modeler
14/07 01:34:13 INFO agents.BrownAgent|Day 19:  allocated to DummyAdnetwork-4. UCS Level set to 0.47829690000000014 at price 0.0 Qualit Score is: 0.7812713382846873
14/07 01:34:13 INFO agents.BrownAgent|Day 19: Campaign opportunity - Campaign ID 1181693437: day 21 to 25 [MALE, LOW_INCOME], reach: 10000 coefs: (v=2.0, m=1.5)
14/07 01:34:13 INFO agents.BrownAgent|BrownAgent DAY 19 bid: 9223372036854775807
14/07 01:34:14 INFO agents.BrownAgent|about to get bid bundle from optimizer
14/07 01:34:24 INFO agents.BrownAgent|Day 20 :BankStatus[0.559078]
14/07 01:34:24 INFO agents.BrownAgent|Day 20: Daily notification for campaign 1181693437
14/07 01:34:24 INFO agents.BrownAgent|about to update modeler
14/07 01:34:24 INFO agents.BrownAgent|Day 20:  allocated to DummyAdnetwork. UCS Level set to 0.47829690000000014 at price 0.0 Qualit Score is: 0.7812713382846873
14/07 01:34:24 INFO agents.BrownAgent|Day 20: Campaign opportunity - Campaign ID 2081223618: day 22 to 24 [HIGH_INCOME, OLD], reach: 10000 coefs: (v=2.0, m=1.5)
14/07 01:34:24 INFO agents.BrownAgent|BrownAgent DAY 20 bid: 9223372036854775807
14/07 01:34:24 INFO agents.BrownAgent|about to get bid bundle from optimizer
14/07 01:34:32 INFO agents.BrownAgent|Day 21 :BankStatus[0.504624]
14/07 01:34:32 INFO agents.BrownAgent|Day 21: Daily notification for campaign 2081223618
14/07 01:34:32 INFO agents.BrownAgent|about to update modeler
14/07 01:34:32 INFO agents.BrownAgent|Day 21:  allocated to DummyAdnetwork-5. UCS Level set to 0.47829690000000014 at price 0.0 Qualit Score is: 0.7812713382846873
14/07 01:34:32 INFO agents.BrownAgent|Day 21: Campaign opportunity - Campaign ID 1096374560: day 23 to 25 [HIGH_INCOME, OLD], reach: 15000 coefs: (v=2.0, m=1.5)
14/07 01:34:32 INFO agents.BrownAgent|BrownAgent DAY 21 bid: 9223372036854775807
14/07 01:34:32 INFO agents.BrownAgent|about to get bid bundle from optimizer
14/07 01:34:42 INFO agents.BrownAgent|Day 22 :BankStatus[0.453224]
14/07 01:34:42 INFO agents.BrownAgent|Day 22: Daily notification for campaign 1096374560
14/07 01:34:42 INFO agents.BrownAgent|about to update modeler
14/07 01:34:42 INFO agents.BrownAgent|Day 22:  allocated to DummyAdnetwork-5. UCS Level set to 0.47829690000000014 at price 0.0 Qualit Score is: 0.7812713382846873
14/07 01:34:42 INFO agents.BrownAgent|Day 22: Campaign opportunity - Campaign ID 1345412849: day 24 to 33 [FEMALE, OLD], reach: 5000 coefs: (v=2.0, m=1.5)
14/07 01:34:42 INFO agents.BrownAgent|BrownAgent DAY 22 bid: 9223372036854775807
14/07 01:34:42 INFO agents.BrownAgent|about to get bid bundle from optimizer
14/07 01:34:53 INFO agents.BrownAgent|Day 23 :BankStatus[0.402689]
14/07 01:34:53 INFO agents.BrownAgent|Day 23: Daily notification for campaign 1345412849
14/07 01:34:53 INFO agents.BrownAgent|about to update modeler
14/07 01:34:53 INFO agents.BrownAgent|Day 23:  allocated to adv2. UCS Level set to 0.47829690000000014 at price 0.0 Qualit Score is: 0.7812713382846873
14/07 01:34:53 INFO agents.BrownAgent|Day 23: Campaign opportunity - Campaign ID 1200772438: day 25 to 29 [HIGH_INCOME, OLD], reach: 10000 coefs: (v=2.0, m=1.5)
14/07 01:34:53 INFO agents.BrownAgent|BrownAgent DAY 23 bid: 9223372036854775807
14/07 01:34:53 INFO agents.BrownAgent|about to get bid bundle from optimizer
14/07 01:35:02 INFO agents.BrownAgent|Day 24 :BankStatus[0.353712]
14/07 01:35:02 INFO agents.BrownAgent|Day 24: Daily notification for campaign 1200772438
14/07 01:35:02 INFO agents.BrownAgent|about to update modeler
14/07 01:35:02 INFO agents.BrownAgent|Day 24:  allocated to DummyAdnetwork-3. UCS Level set to 0.47829690000000014 at price 0.0 Qualit Score is: 0.7812713382846873
14/07 01:35:02 INFO agents.BrownAgent|Day 24: Campaign opportunity - Campaign ID 1628485612: day 26 to 28 [MALE, YOUNG], reach: 10000 coefs: (v=2.0, m=1.5)
14/07 01:35:02 INFO agents.BrownAgent|BrownAgent DAY 24 bid: 9223372036854775807
14/07 01:35:02 INFO agents.BrownAgent|about to get bid bundle from optimizer
14/07 01:35:12 INFO agents.BrownAgent|Day 25 :BankStatus[0.305559]
14/07 01:35:12 INFO agents.BrownAgent|Day 25: Daily notification for campaign 1628485612
14/07 01:35:12 INFO agents.BrownAgent|about to update modeler
14/07 01:35:12 INFO agents.BrownAgent|Day 25:  allocated to adv2. UCS Level set to 0.47829690000000014 at price 0.0 Qualit Score is: 0.7812713382846873
14/07 01:35:12 INFO agents.BrownAgent|Day 25: Campaign opportunity - Campaign ID 562708174: day 27 to 36 [MALE, LOW_INCOME], reach: 15000 coefs: (v=2.0, m=1.5)
14/07 01:35:12 INFO agents.BrownAgent|BrownAgent DAY 25 bid: 9223372036854775807
14/07 01:35:12 INFO agents.BrownAgent|about to get bid bundle from optimizer
14/07 01:35:23 INFO agents.BrownAgent|Day 26 :BankStatus[0.258890]
14/07 01:35:23 INFO agents.BrownAgent|Day 26: Daily notification for campaign 562708174
14/07 01:35:23 INFO agents.BrownAgent|about to update modeler
14/07 01:35:23 INFO agents.BrownAgent|Day 26:  allocated to DummyAdnetwork-2. UCS Level set to 0.47829690000000014 at price 0.0 Qualit Score is: 0.7812713382846873
14/07 01:35:23 INFO agents.BrownAgent|Day 26: Campaign opportunity - Campaign ID 369382984: day 28 to 32 [MALE, YOUNG], reach: 5000 coefs: (v=2.0, m=1.5)
14/07 01:35:23 INFO agents.BrownAgent|BrownAgent DAY 26 bid: 9223372036854775807
14/07 01:35:23 INFO agents.BrownAgent|about to get bid bundle from optimizer
14/07 01:35:32 INFO agents.BrownAgent|Day 27 :BankStatus[0.213005]
14/07 01:35:32 INFO agents.BrownAgent|Day 27: Daily notification for campaign 369382984
14/07 01:35:32 INFO agents.BrownAgent|about to update modeler
14/07 01:35:32 INFO agents.BrownAgent|Day 27:  allocated to adv2. UCS Level set to 0.47829690000000014 at price 0.0 Qualit Score is: 0.7812713382846873
14/07 01:35:32 INFO agents.BrownAgent|Day 27: Campaign opportunity - Campaign ID 1233731888: day 29 to 31 [YOUNG, HIGH_INCOME], reach: 5000 coefs: (v=2.0, m=1.5)
14/07 01:35:32 INFO agents.BrownAgent|BrownAgent DAY 27 bid: 9223372036854775807
14/07 01:35:32 INFO agents.BrownAgent|about to get bid bundle from optimizer
14/07 01:35:42 INFO agents.BrownAgent|Day 28 :BankStatus[0.168535]
14/07 01:35:42 INFO agents.BrownAgent|Day 28: Daily notification for campaign 1233731888
14/07 01:35:42 INFO agents.BrownAgent|about to update modeler
14/07 01:35:42 INFO agents.BrownAgent|Day 28:  allocated to DummyAdnetwork-3. UCS Level set to 0.47829690000000014 at price 0.0 Qualit Score is: 0.7812713382846873
14/07 01:35:42 INFO agents.BrownAgent|Day 28: Campaign opportunity - Campaign ID 1665784699: day 30 to 34 [FEMALE, OLD], reach: 10000 coefs: (v=2.0, m=1.5)
14/07 01:35:42 INFO agents.BrownAgent|BrownAgent DAY 28 bid: 9223372036854775807
14/07 01:35:42 INFO agents.BrownAgent|about to get bid bundle from optimizer
14/07 01:35:55 INFO agents.BrownAgent|Day 29 :BankStatus[0.124813]
14/07 01:35:55 INFO agents.BrownAgent|Day 29: Daily notification for campaign 1665784699
14/07 01:35:55 INFO agents.BrownAgent|about to update modeler
14/07 01:35:55 INFO agents.BrownAgent|Day 29:  allocated to DummyAdnetwork-4. UCS Level set to 0.47829690000000014 at price 0.0 Qualit Score is: 0.7812713382846873
14/07 01:35:55 INFO agents.BrownAgent|Day 29: Campaign opportunity - Campaign ID 761515549: day 31 to 33 [FEMALE, OLD], reach: 5000 coefs: (v=2.0, m=1.5)
14/07 01:35:55 INFO agents.BrownAgent|BrownAgent DAY 29 bid: 9223372036854775807
14/07 01:35:55 INFO agents.BrownAgent|about to get bid bundle from optimizer
14/07 01:36:01 SEVERE agentware.ServerConnection|(1) could not read
java.io.EOFException
	at java.io.DataInputStream.readInt(DataInputStream.java:375)
	at tau.tac.adx.agentware.ServerConnection.run(ServerConnection.java:216)
	at java.lang.Thread.run(Thread.java:680)
14/07 01:36:01 SEVERE agentware.SimClient|************************************************************
14/07 01:36:01 SEVERE agentware.SimClient|* Connection Lost
14/07 01:36:01 SEVERE agentware.SimClient|* Lost connection to localhost (will reconnect in 30 seconds)
14/07 01:36:01 SEVERE agentware.SimClient|************************************************************
