08/07 21:18:02 INFO naive.ReasonableBot|UNKNOWN Message Received: edu.umich.eecs.tac.props.AdvertiserInfo@bc76a1c1
08/07 21:18:02 INFO naive.ReasonableBot|DAY 0 Actually bidding 7642
08/07 21:18:17 INFO naive.ReasonableBot|DAY 1 Actually bidding 4075
08/07 21:18:25 INFO naive.ReasonableBot|Day 2 ongoing campaigns:
[FEMALE, OLD] days left: 3/4 target reach: 1250 to go: 622
08/07 21:18:25 INFO naive.ReasonableBot|DAY 2 Actually bidding 1630
08/07 21:18:33 INFO naive.ReasonableBot|Day 3 ongoing campaigns:
[FEMALE, OLD] days left: 2/4 target reach: 1250 to go: 0
08/07 21:18:33 INFO naive.ReasonableBot|DAY 3 Actually bidding 2608
08/07 21:18:43 INFO naive.ReasonableBot|Day 4 ongoing campaigns:
[FEMALE, OLD] days left: 1/4 target reach: 1250 to go: 0
08/07 21:18:43 INFO naive.ReasonableBot|DAY 4 Actually bidding 3130
08/07 21:18:52 INFO naive.ReasonableBot|Day 5 ongoing campaigns:
[FEMALE, OLD] days left: 0/4 target reach: 1250 to go: 0
08/07 21:18:52 INFO naive.ReasonableBot|DAY 5 Actually bidding 2504
08/07 21:19:02 INFO naive.ReasonableBot|Day 6 ongoing campaigns:
08/07 21:19:02 INFO naive.ReasonableBot|DAY 6 Actually bidding 1335
08/07 21:19:13 INFO naive.ReasonableBot|Day 7 ongoing campaigns:
08/07 21:19:13 INFO naive.ReasonableBot|DAY 7 Actually bidding 1068
08/07 21:19:22 INFO naive.ReasonableBot|Day 8 ongoing campaigns:
08/07 21:19:22 INFO naive.ReasonableBot|DAY 8 Actually bidding 427
08/07 21:19:32 INFO naive.ReasonableBot|Day 9 ongoing campaigns:
08/07 21:19:32 INFO naive.ReasonableBot|DAY 9 Actually bidding 341
08/07 21:19:42 INFO naive.ReasonableBot|Day 10 ongoing campaigns:
08/07 21:19:42 INFO naive.ReasonableBot|DAY 10 Actually bidding 547
08/07 21:19:52 INFO naive.ReasonableBot|Day 11 ongoing campaigns:
08/07 21:19:52 INFO naive.ReasonableBot|DAY 11 Actually bidding 218
08/07 21:20:02 INFO naive.ReasonableBot|Day 12 ongoing campaigns:
08/07 21:20:02 INFO naive.ReasonableBot|DAY 12 Actually bidding 525
08/07 21:20:12 INFO naive.ReasonableBot|Day 13 ongoing campaigns:
08/07 21:20:12 INFO naive.ReasonableBot|DAY 13 Actually bidding 140
08/07 21:20:22 INFO naive.ReasonableBot|Day 14 ongoing campaigns:
08/07 21:20:22 INFO naive.ReasonableBot|DAY 14 Actually bidding 336
08/07 21:20:32 INFO naive.ReasonableBot|Day 15 ongoing campaigns:
08/07 21:20:32 INFO naive.ReasonableBot|DAY 15 Actually bidding 268
08/07 21:20:41 INFO naive.ReasonableBot|Day 16 ongoing campaigns:
08/07 21:20:41 INFO naive.ReasonableBot|DAY 16 Actually bidding 71
08/07 21:20:52 INFO naive.ReasonableBot|Day 17 ongoing campaigns:
08/07 21:20:52 INFO naive.ReasonableBot|DAY 17 Actually bidding 114
08/07 21:21:02 INFO naive.ReasonableBot|Day 18 ongoing campaigns:
08/07 21:21:02 INFO naive.ReasonableBot|DAY 18 Actually bidding 137
08/07 21:21:12 INFO naive.ReasonableBot|Day 19 ongoing campaigns:
08/07 21:21:12 INFO naive.ReasonableBot|DAY 19 Actually bidding 110
08/07 21:21:23 INFO naive.ReasonableBot|Day 20 ongoing campaigns:
08/07 21:21:23 INFO naive.ReasonableBot|DAY 20 Actually bidding 29
08/07 21:21:32 INFO naive.ReasonableBot|Day 21 ongoing campaigns:
08/07 21:21:32 INFO naive.ReasonableBot|DAY 21 WON at cost 0.02901224380263882
08/07 21:21:32 INFO naive.ReasonableBot|DAY 21 Actually bidding 58
08/07 21:21:42 INFO naive.ReasonableBot|Day 22 ongoing campaigns:
[YOUNG, MALE] days left: 4/4 target reach: 5000 to go: 5000
08/07 21:21:42 INFO naive.ReasonableBot|DAY 22 Actually bidding 70
08/07 21:21:52 INFO naive.ReasonableBot|Day 23 ongoing campaigns:
[YOUNG, MALE] days left: 3/4 target reach: 5000 to go: 4903
08/07 21:21:52 INFO naive.ReasonableBot|DAY 23 Actually bidding 18
08/07 21:22:02 INFO naive.ReasonableBot|Day 24 ongoing campaigns:
[YOUNG, MALE] days left: 2/4 target reach: 5000 to go: 4824
08/07 21:22:02 INFO naive.ReasonableBot|DAY 24 Actually bidding 15
08/07 21:22:12 INFO naive.ReasonableBot|Day 25 ongoing campaigns:
[YOUNG, MALE] days left: 1/4 target reach: 5000 to go: 4638
08/07 21:22:12 INFO naive.ReasonableBot|DAY 25 Actually bidding 24
08/07 21:22:22 INFO naive.ReasonableBot|Day 26 ongoing campaigns:
[YOUNG, MALE] days left: 0/4 target reach: 5000 to go: 4529
08/07 21:22:22 INFO naive.ReasonableBot|DAY 26 Actually bidding 19
08/07 21:22:32 INFO naive.ReasonableBot|Day 27 ongoing campaigns:
08/07 21:22:32 INFO naive.ReasonableBot|DAY 27 WON at cost 0.019014481556028716
08/07 21:22:32 INFO naive.ReasonableBot|DAY 27 Actually bidding 28
08/07 21:22:42 INFO naive.ReasonableBot|Day 28 ongoing campaigns:
[LOW_INCOME, OLD] days left: 2/2 target reach: 10000 to go: 10000
08/07 21:22:42 INFO naive.ReasonableBot|DAY 28 Actually bidding 7
08/07 21:22:52 INFO naive.ReasonableBot|Day 29 ongoing campaigns:
[LOW_INCOME, OLD] days left: 1/2 target reach: 10000 to go: 10000
08/07 21:22:52 INFO naive.ReasonableBot|DAY 29 Actually bidding 18
08/07 21:23:02 INFO naive.ReasonableBot|Day 30 ongoing campaigns:
[LOW_INCOME, OLD] days left: 0/2 target reach: 10000 to go: 9982
08/07 21:23:02 INFO naive.ReasonableBot|DAY 30 Actually bidding 9
08/07 21:23:12 INFO naive.ReasonableBot|Day 31 ongoing campaigns:
08/07 21:23:12 INFO naive.ReasonableBot|DAY 31 WON at cost 0.009255092547481624
08/07 21:23:12 INFO naive.ReasonableBot|DAY 31 Actually bidding 4
08/07 21:23:22 INFO naive.ReasonableBot|Day 32 ongoing campaigns:
[YOUNG, HIGH_INCOME] days left: 2/2 target reach: 10000 to go: 10000
08/07 21:23:22 INFO naive.ReasonableBot|DAY 32 Actually bidding 7
