07/07 22:58:01 INFO naive.ReasonableBot|UNKNOWN Message Received: edu.umich.eecs.tac.props.AdvertiserInfo@bc76a1c1
07/07 22:58:01 INFO naive.ReasonableBot|DAY 0 Actually bidding 2502
07/07 22:58:01 INFO naive.ReasonableBot|1250/1250*4/5
07/07 22:58:01 INFO naive.ReasonableBot|DAY 0: [OLD, HIGH_INCOME] urgency: 0.0
07/07 22:58:13 INFO naive.ReasonableBot|DAY 1 Actually bidding 6005
07/07 22:58:13 INFO naive.ReasonableBot|1250/1250*4/4
07/07 22:58:13 INFO naive.ReasonableBot|DAY 1: [OLD, HIGH_INCOME] urgency: 1.0
07/07 22:58:21 INFO naive.ReasonableBot|Day 2 ongoing campaigns:
[OLD, HIGH_INCOME] days left: 3/4 target reach: 1250 to go: 1250
07/07 22:58:21 INFO naive.ReasonableBot|DAY 2 Actually bidding 3202
07/07 22:58:21 INFO naive.ReasonableBot|1250/1250*4/3
07/07 22:58:21 INFO naive.ReasonableBot|DAY 2: [OLD, HIGH_INCOME] urgency: 1.0
07/07 22:58:32 INFO naive.ReasonableBot|Day 3 ongoing campaigns:
[OLD, HIGH_INCOME] days left: 2/4 target reach: 1250 to go: 623
07/07 22:58:32 INFO naive.ReasonableBot|DAY 3 Actually bidding 1281
07/07 22:58:32 INFO naive.ReasonableBot|623/1250*4/2
07/07 22:58:32 INFO naive.ReasonableBot|DAY 3: [OLD, HIGH_INCOME] urgency: 0.0
07/07 22:58:42 INFO naive.ReasonableBot|Day 4 ongoing campaigns:
[OLD, HIGH_INCOME] days left: 1/4 target reach: 1250 to go: 0
07/07 22:58:42 INFO naive.ReasonableBot|DAY 4 Actually bidding 2049
07/07 22:58:42 INFO naive.ReasonableBot|0/1250*4/1
07/07 22:58:42 INFO naive.ReasonableBot|DAY 4: [OLD, HIGH_INCOME] urgency: 0.0
07/07 22:58:54 INFO naive.ReasonableBot|Day 5 ongoing campaigns:
[OLD, HIGH_INCOME] days left: 0/4 target reach: 1250 to go: 0
07/07 22:58:54 INFO naive.ReasonableBot|DAY 5 Actually bidding 819
07/07 22:59:01 INFO naive.ReasonableBot|Day 6 ongoing campaigns:
07/07 22:59:01 INFO naive.ReasonableBot|DAY 6 Actually bidding 1311
07/07 22:59:12 INFO naive.ReasonableBot|Day 7 ongoing campaigns:
07/07 22:59:12 INFO naive.ReasonableBot|DAY 7 Actually bidding 1049
