14/07 00:37:01 INFO agents.BrownAgent|UNKNOWN Message Received: edu.umich.eecs.tac.props.AdvertiserInfo@bc76a1c1
14/07 00:37:01 INFO agents.BrownAgent|Day 0 :BankStatus[0.000000]
14/07 00:37:01 INFO agents.BrownAgent|tau.tac.adx.report.demand.InitialCampaignMessage[1007300861,1250,1,5,[FEMALE, HIGH_INCOME],2.0,1.5,demand,[]]
14/07 00:37:01 INFO agents.BrownAgent|Day 0: Allocated campaign - Campaign ID 1007300861: day 1 to 5 [FEMALE, HIGH_INCOME], reach: 1250 coefs: (v=2.0, m=1.5)
14/07 00:37:01 SEVERE agents.BrownAgent|Exception thrown while trying to parse message.java.lang.NullPointerException.  Message[coordinator,adv1,tau.tac.adx.report.demand.InitialCampaignMessage[1007300861,1250,1,5,[FEMALE, HIGH_INCOME],2.0,1.5,demand,[]]]
14/07 00:37:01 SEVERE agents.BrownAgent|Exception thrown while trying to parse message.java.lang.NullPointerException.  Message[coordinator,adv1,tau.tac.adx.report.demand.CampaignOpportunityMessage[818048143,15000,2,4,[MALE, YOUNG],2.0,1.5,0,[]]]
14/07 00:37:01 SEVERE agents.BrownAgent|Exception thrown while trying to parse message.java.lang.NullPointerException.  Message[coordinator,adv1,simulationStatus[0,1496,false,[]]]
14/07 00:37:21 INFO agents.BrownAgent|Day 0 :BankStatus[0.000000]
14/07 00:37:21 INFO agents.BrownAgent|Day 0: Daily notification for campaign 818048143
14/07 00:37:21 INFO agents.BrownAgent|Day 0:  allocated to DummyAdnetwork-2. UCS Level set to 0.47829690000000014 at price 0.0 Qualit Score is: 1.0
14/07 00:37:21 SEVERE agents.BrownAgent|Exception thrown while trying to parse message.java.lang.NullPointerException.  Message[coordinator,adv1,tau.tac.adx.report.demand.CampaignOpportunityMessage[764954107,5000,3,7,[YOUNG, HIGH_INCOME],2.0,1.5,1,[]]]
14/07 00:37:23 SEVERE agents.BrownAgent|Exception thrown while trying to parse message.java.lang.NullPointerException.  Message[coordinator,adv1,simulationStatus[1,11606,false,[]]]
14/07 00:37:23 INFO agents.BrownAgent|Day 1 :BankStatus[-0.083925]
14/07 00:37:23 INFO agents.BrownAgent|Day 1: Updating campaign 1007300861 stats: 0.0 tgtImps 0.0 nonTgtImps. Cost of imps is 0.0
14/07 00:37:23 INFO agents.BrownAgent|Day 1: Daily notification for campaign 764954107
14/07 00:37:23 INFO agents.BrownAgent|Day 1:  allocated to . UCS Level set to 0.47829690000000014 at price 0.0 Qualit Score is: 1.0
14/07 00:37:23 SEVERE agents.BrownAgent|Exception thrown while trying to parse message.java.lang.NullPointerException.  Message[coordinator,adv1,tau.tac.adx.report.demand.CampaignOpportunityMessage[1816539665,5000,4,8,[OLD, HIGH_INCOME],2.0,1.5,2,[]]]
14/07 00:37:23 SEVERE agents.BrownAgent|Exception thrown while trying to parse message.java.lang.NullPointerException.  Message[coordinator,adv1,simulationStatus[2,3383,false,[]]]
14/07 00:37:38 INFO agents.BrownAgent|Day 2 :BankStatus[-0.167850]
14/07 00:37:38 INFO agents.BrownAgent|Day 2: Updating campaign 1007300861 stats: 0.0 tgtImps 0.0 nonTgtImps. Cost of imps is 0.0
14/07 00:37:38 INFO agents.BrownAgent|Day 2: Daily notification for campaign 1816539665
14/07 00:37:38 INFO agents.BrownAgent|Day 2:  allocated to DummyAdnetwork. UCS Level set to 0.47829690000000014 at price 0.0 Qualit Score is: 1.0
14/07 00:37:38 SEVERE agents.BrownAgent|Exception thrown while trying to parse message.java.lang.NullPointerException.  Message[coordinator,adv1,tau.tac.adx.report.demand.CampaignOpportunityMessage[81337120,10000,5,9,[MALE, OLD],2.0,1.5,3,[]]]
14/07 00:37:38 SEVERE agents.BrownAgent|Exception thrown while trying to parse message.java.lang.NullPointerException.  Message[coordinator,adv1,simulationStatus[3,8005,false,[]]]
14/07 00:37:52 INFO agents.BrownAgent|Day 3 :BankStatus[-0.247043]
14/07 00:37:52 INFO agents.BrownAgent|Day 3: Updating campaign 1007300861 stats: 0.0 tgtImps 0.0 nonTgtImps. Cost of imps is 0.0
14/07 00:37:52 INFO agents.BrownAgent|Day 3: Daily notification for campaign 81337120
14/07 00:37:52 INFO agents.BrownAgent|Day 3:  allocated to DummyAdnetwork. UCS Level set to 0.47829690000000014 at price 0.0 Qualit Score is: 1.0
14/07 00:37:52 SEVERE agents.BrownAgent|Exception thrown while trying to parse message.java.lang.NullPointerException.  Message[coordinator,adv1,tau.tac.adx.report.demand.CampaignOpportunityMessage[1849156009,10000,6,10,[OLD, LOW_INCOME],2.0,1.5,4,[]]]
14/07 00:37:59 SEVERE agents.BrownAgent|Exception thrown while trying to parse message.java.lang.NullPointerException.  Message[coordinator,adv1,simulationStatus[4,12754,false,[]]]
14/07 00:37:59 INFO agents.BrownAgent|Day 4 :BankStatus[-0.323687]
14/07 00:37:59 INFO agents.BrownAgent|Day 4: Updating campaign 1007300861 stats: 0.0 tgtImps 0.0 nonTgtImps. Cost of imps is 0.0
14/07 00:37:59 INFO agents.BrownAgent|Day 4: Daily notification for campaign 1849156009
14/07 00:37:59 INFO agents.BrownAgent|Day 4:  allocated to . UCS Level set to 0.47829690000000014 at price 0.0 Qualit Score is: 1.0
14/07 00:38:00 SEVERE agents.BrownAgent|Exception thrown while trying to parse message.java.lang.NullPointerException.  Message[coordinator,adv1,tau.tac.adx.report.demand.CampaignOpportunityMessage[327305025,10000,7,11,[OLD, HIGH_INCOME],2.0,1.5,5,[]]]
14/07 00:38:00 INFO agents.BrownAgent|Day 5 ended. Starting next day
14/07 00:38:10 INFO agents.BrownAgent|Day 6 :BankStatus[-0.400331]
14/07 00:38:10 INFO agents.BrownAgent|Day 6: Daily notification for campaign 327305025
14/07 00:38:10 INFO agents.BrownAgent|Day 6:  allocated to DummyAdnetwork. UCS Level set to 0.47829690000000014 at price 0.0 Qualit Score is: 0.4
14/07 00:38:10 SEVERE agents.BrownAgent|Exception thrown while trying to parse message.java.lang.NullPointerException.  Message[coordinator,adv1,tau.tac.adx.report.demand.CampaignOpportunityMessage[357098082,10000,8,10,[OLD, LOW_INCOME],2.0,1.5,6,[]]]
14/07 00:38:16 INFO agents.BrownAgent|Day 6 ended. Starting next day
14/07 00:38:17 INFO agents.BrownAgent|Day 7 :BankStatus[-0.482689]
14/07 00:38:17 INFO agents.BrownAgent|Day 7: Daily notification for campaign 357098082
14/07 00:38:17 INFO agents.BrownAgent|Day 7:  allocated to . UCS Level set to 0.47829690000000014 at price 0.0 Qualit Score is: 0.4
14/07 00:38:17 SEVERE agents.BrownAgent|Exception thrown while trying to parse message.java.lang.NullPointerException.  Message[coordinator,adv1,tau.tac.adx.report.demand.CampaignOpportunityMessage[1399569721,10000,9,13,[YOUNG, LOW_INCOME],2.0,1.5,7,[]]]
14/07 00:38:17 INFO agents.BrownAgent|Day 7 ended. Starting next day
14/07 00:38:22 INFO agents.BrownAgent|Day 8 :BankStatus[-0.565047]
14/07 00:38:22 INFO agents.BrownAgent|Day 8: Daily notification for campaign 1399569721
14/07 00:38:22 INFO agents.BrownAgent|Day 8:  allocated to DummyAdnetwork-5. UCS Level set to 0.47829690000000014 at price 0.0 Qualit Score is: 0.4
14/07 00:38:22 SEVERE agents.BrownAgent|Exception thrown while trying to parse message.java.lang.NullPointerException.  Message[coordinator,adv1,tau.tac.adx.report.demand.CampaignOpportunityMessage[953858227,10000,10,19,[OLD, FEMALE],2.0,1.5,8,[]]]
14/07 00:38:22 INFO agents.BrownAgent|Day 8 ended. Starting next day
14/07 00:38:34 INFO agents.BrownAgent|Day 9 :BankStatus[-0.643709]
14/07 00:38:34 INFO agents.BrownAgent|Day 9: Daily notification for campaign 953858227
14/07 00:38:34 INFO agents.BrownAgent|Day 9:  allocated to DummyAdnetwork-3. UCS Level set to 0.47829690000000014 at price 0.0 Qualit Score is: 0.4
14/07 00:38:34 SEVERE agents.BrownAgent|Exception thrown while trying to parse message.java.lang.NullPointerException.  Message[coordinator,adv1,tau.tac.adx.report.demand.CampaignOpportunityMessage[217983,5000,11,20,[YOUNG, FEMALE],2.0,1.5,9,[]]]
14/07 00:38:34 INFO agents.BrownAgent|Day 9 ended. Starting next day
14/07 00:38:52 INFO agents.BrownAgent|Day 10 :BankStatus[-0.731947]
14/07 00:38:52 INFO agents.BrownAgent|Day 10: Daily notification for campaign 217983
14/07 00:38:52 INFO agents.BrownAgent|Day 10:  allocated to DummyAdnetwork-2. UCS Level set to 0.47829690000000014 at price 0.0 Qualit Score is: 0.4
14/07 00:38:52 SEVERE agents.BrownAgent|Exception thrown while trying to parse message.java.lang.NullPointerException.  Message[coordinator,adv1,tau.tac.adx.report.demand.CampaignOpportunityMessage[2001970208,5000,12,21,[OLD, LOW_INCOME],2.0,1.5,10,[]]]
14/07 00:38:55 INFO agents.BrownAgent|Day 10 ended. Starting next day
14/07 00:38:56 INFO agents.BrownAgent|Day 11 :BankStatus[-0.818978]
14/07 00:38:56 INFO agents.BrownAgent|Day 11: Daily notification for campaign 2001970208
14/07 00:38:56 INFO agents.BrownAgent|Day 11:  allocated to . UCS Level set to 0.47829690000000014 at price 0.0 Qualit Score is: 0.4
14/07 00:38:56 SEVERE agents.BrownAgent|Exception thrown while trying to parse message.java.lang.NullPointerException.  Message[coordinator,adv1,tau.tac.adx.report.demand.CampaignOpportunityMessage[1245705284,15000,13,15,[MALE, LOW_INCOME],2.0,1.5,11,[]]]
14/07 00:38:56 INFO agents.BrownAgent|Day 11 ended. Starting next day
14/07 00:39:02 INFO agents.BrownAgent|Day 12 :BankStatus[-0.906009]
14/07 00:39:02 INFO agents.BrownAgent|Day 12: Daily notification for campaign 1245705284
14/07 00:39:02 INFO agents.BrownAgent|Day 12:  allocated to DummyAdnetwork-5. UCS Level set to 0.47829690000000014 at price 0.0 Qualit Score is: 0.4
14/07 00:39:02 SEVERE agents.BrownAgent|Exception thrown while trying to parse message.java.lang.NullPointerException.  Message[coordinator,adv1,tau.tac.adx.report.demand.CampaignOpportunityMessage[1737930955,15000,14,16,[LOW_INCOME, FEMALE],2.0,1.5,12,[]]]
14/07 00:39:02 INFO agents.BrownAgent|Day 12 ended. Starting next day
14/07 00:39:15 INFO agents.BrownAgent|Day 13 :BankStatus[-0.986824]
14/07 00:39:15 INFO agents.BrownAgent|Day 13: Daily notification for campaign 1737930955
14/07 00:39:15 INFO agents.BrownAgent|Day 13:  allocated to DummyAdnetwork-3. UCS Level set to 0.47829690000000014 at price 0.0 Qualit Score is: 0.4
14/07 00:39:15 SEVERE agents.BrownAgent|Exception thrown while trying to parse message.java.lang.NullPointerException.  Message[coordinator,adv1,tau.tac.adx.report.demand.CampaignOpportunityMessage[162664438,10000,15,19,[YOUNG, LOW_INCOME],2.0,1.5,13,[]]]
14/07 00:39:15 INFO agents.BrownAgent|Day 13 ended. Starting next day
14/07 00:39:33 INFO agents.BrownAgent|Day 14 :BankStatus[-1.066865]
14/07 00:39:33 INFO agents.BrownAgent|Day 14: Daily notification for campaign 162664438
14/07 00:39:33 INFO agents.BrownAgent|Day 14:  allocated to DummyAdnetwork-2. UCS Level set to 0.47829690000000014 at price 0.0 Qualit Score is: 0.4
14/07 00:39:33 SEVERE agents.BrownAgent|Exception thrown while trying to parse message.java.lang.NullPointerException.  Message[coordinator,adv1,tau.tac.adx.report.demand.CampaignOpportunityMessage[1673152691,10000,16,18,[YOUNG, LOW_INCOME],2.0,1.5,14,[]]]
14/07 00:39:36 INFO agents.BrownAgent|Day 14 ended. Starting next day
14/07 00:39:37 INFO agents.BrownAgent|Day 15 :BankStatus[-1.151265]
14/07 00:39:37 INFO agents.BrownAgent|Day 15: Daily notification for campaign 1673152691
14/07 00:39:37 INFO agents.BrownAgent|Day 15:  allocated to . UCS Level set to 0.47829690000000014 at price 0.0 Qualit Score is: 0.4
14/07 00:39:38 SEVERE agents.BrownAgent|Exception thrown while trying to parse message.java.lang.NullPointerException.  Message[coordinator,adv1,tau.tac.adx.report.demand.CampaignOpportunityMessage[1500624003,10000,17,21,[LOW_INCOME, FEMALE],2.0,1.5,15,[]]]
14/07 00:39:38 INFO agents.BrownAgent|Day 15 ended. Starting next day
14/07 00:39:45 INFO agents.BrownAgent|Day 16 :BankStatus[-1.235666]
14/07 00:39:45 INFO agents.BrownAgent|Day 16: Daily notification for campaign 1500624003
14/07 00:39:45 INFO agents.BrownAgent|Day 16:  allocated to DummyAdnetwork-4. UCS Level set to 0.47829690000000014 at price 0.0 Qualit Score is: 0.4
14/07 00:39:45 SEVERE agents.BrownAgent|Exception thrown while trying to parse message.java.lang.NullPointerException.  Message[coordinator,adv1,tau.tac.adx.report.demand.CampaignOpportunityMessage[757249647,5000,18,20,[YOUNG, LOW_INCOME],2.0,1.5,16,[]]]
14/07 00:39:45 INFO agents.BrownAgent|Day 16 ended. Starting next day
14/07 00:39:54 INFO agents.BrownAgent|Day 17 :BankStatus[-1.315720]
14/07 00:39:54 INFO agents.BrownAgent|Day 17: Daily notification for campaign 757249647
14/07 00:39:54 INFO agents.BrownAgent|Day 17:  allocated to DummyAdnetwork-5. UCS Level set to 0.47829690000000014 at price 0.0 Qualit Score is: 0.4
14/07 00:39:54 SEVERE agents.BrownAgent|Exception thrown while trying to parse message.java.lang.NullPointerException.  Message[coordinator,adv1,tau.tac.adx.report.demand.CampaignOpportunityMessage[1219981332,10000,19,28,[OLD, HIGH_INCOME],2.0,1.5,17,[]]]
14/07 00:39:54 INFO agents.BrownAgent|Day 17 ended. Starting next day
14/07 00:40:06 INFO agents.BrownAgent|Day 18 :BankStatus[-1.396702]
14/07 00:40:06 INFO agents.BrownAgent|Day 18: Daily notification for campaign 1219981332
14/07 00:40:06 INFO agents.BrownAgent|Day 18:  allocated to DummyAdnetwork-2. UCS Level set to 0.47829690000000014 at price 0.0 Qualit Score is: 0.4
14/07 00:40:06 SEVERE agents.BrownAgent|Exception thrown while trying to parse message.java.lang.NullPointerException.  Message[coordinator,adv1,tau.tac.adx.report.demand.CampaignOpportunityMessage[2006096154,15000,20,24,[MALE, OLD],2.0,1.5,18,[]]]
14/07 00:40:06 INFO agents.BrownAgent|Day 18 ended. Starting next day
14/07 00:40:18 INFO agents.BrownAgent|Day 19 :BankStatus[-1.480838]
14/07 00:40:18 INFO agents.BrownAgent|Day 19: Daily notification for campaign 2006096154
14/07 00:40:18 INFO agents.BrownAgent|Day 19:  allocated to DummyAdnetwork-2. UCS Level set to 0.47829690000000014 at price 0.0 Qualit Score is: 0.4
14/07 00:40:18 SEVERE agents.BrownAgent|Exception thrown while trying to parse message.java.lang.NullPointerException.  Message[coordinator,adv1,tau.tac.adx.report.demand.CampaignOpportunityMessage[1371687659,10000,21,30,[YOUNG, FEMALE],2.0,1.5,19,[]]]
14/07 00:40:18 INFO agents.BrownAgent|Day 19 ended. Starting next day
14/07 00:40:28 INFO agents.BrownAgent|Day 20 :BankStatus[-1.563832]
14/07 00:40:28 INFO agents.BrownAgent|Day 20: Daily notification for campaign 1371687659
14/07 00:40:28 INFO agents.BrownAgent|Day 20:  allocated to DummyAdnetwork-7. UCS Level set to 0.47829690000000014 at price 0.0 Qualit Score is: 0.4
14/07 00:40:28 SEVERE agents.BrownAgent|Exception thrown while trying to parse message.java.lang.NullPointerException.  Message[coordinator,adv1,tau.tac.adx.report.demand.CampaignOpportunityMessage[415082071,15000,22,26,[OLD, HIGH_INCOME],2.0,1.5,20,[]]]
14/07 00:40:28 INFO agents.BrownAgent|Day 20 ended. Starting next day
14/07 00:40:33 INFO agents.BrownAgent|Day 21 :BankStatus[-1.654907]
14/07 00:40:33 INFO agents.BrownAgent|Day 21: Daily notification for campaign 415082071
14/07 00:40:33 INFO agents.BrownAgent|Day 21:  allocated to DummyAdnetwork-5. UCS Level set to 0.47829690000000014 at price 0.0 Qualit Score is: 0.4
14/07 00:40:33 SEVERE agents.BrownAgent|Exception thrown while trying to parse message.java.lang.NullPointerException.  Message[coordinator,adv1,tau.tac.adx.report.demand.CampaignOpportunityMessage[607874461,5000,23,32,[MALE, HIGH_INCOME],2.0,1.5,21,[]]]
14/07 00:40:33 INFO agents.BrownAgent|Day 21 ended. Starting next day
14/07 00:40:43 INFO agents.BrownAgent|Day 22 :BankStatus[-1.734684]
14/07 00:40:43 INFO agents.BrownAgent|Day 22: Daily notification for campaign 607874461
14/07 00:40:43 INFO agents.BrownAgent|Day 22:  allocated to DummyAdnetwork-2. UCS Level set to 0.47829690000000014 at price 0.0 Qualit Score is: 0.4
14/07 00:40:44 SEVERE agents.BrownAgent|Exception thrown while trying to parse message.java.lang.NullPointerException.  Message[coordinator,adv1,tau.tac.adx.report.demand.CampaignOpportunityMessage[307472625,15000,24,28,[LOW_INCOME, FEMALE],2.0,1.5,22,[]]]
14/07 00:40:44 INFO agents.BrownAgent|Day 22 ended. Starting next day
14/07 00:40:53 INFO agents.BrownAgent|Day 23 :BankStatus[-1.818897]
14/07 00:40:53 INFO agents.BrownAgent|Day 23: Daily notification for campaign 307472625
14/07 00:40:53 INFO agents.BrownAgent|Day 23:  allocated to DummyAdnetwork-5. UCS Level set to 0.47829690000000014 at price 0.0 Qualit Score is: 0.4
14/07 00:40:53 SEVERE agents.BrownAgent|Exception thrown while trying to parse message.java.lang.NullPointerException.  Message[coordinator,adv1,tau.tac.adx.report.demand.CampaignOpportunityMessage[1199043460,5000,25,27,[MALE, YOUNG],2.0,1.5,23,[]]]
14/07 00:40:54 INFO agents.BrownAgent|Day 23 ended. Starting next day
