06/07 04:57:01 INFO naive.ReasonableBot|UNKNOWN Message Received: edu.umich.eecs.tac.props.AdvertiserInfo@bc76a1c1
06/07 04:57:01 INFO naive.ReasonableBot|Day 0 :BankStatus[0.000000]
06/07 04:57:01 INFO naive.ReasonableBot|tau.tac.adx.report.demand.InitialCampaignMessage[1320403535,1250,1,5,[YOUNG, MALE],2.0,1.5,demand,[]]
06/07 04:57:01 INFO naive.ReasonableBot|Day 0: Allocated campaign - Campaign ID 1320403535: day 1 to 5 [YOUNG, MALE], reach: 1250 coefs: (v=2.0, m=1.5)
06/07 04:57:01 INFO naive.ReasonableBot|Day 0: Campaign opportunity - Campaign ID 790913356: day 2 to 11 [OLD, MALE], reach: 10000 coefs: (v=2.0, m=1.5)
06/07 04:57:01 INFO naive.ReasonableBot|Day 0: Initial ucs bid is 0.0
06/07 04:57:01 INFO naive.ReasonableBot|Actually bidding 4595548912497746844
06/07 04:57:01 INFO naive.ReasonableBot|Day 0 : Simulation Status Received
06/07 04:57:01 INFO naive.ReasonableBot|Day 0: Sending BidBundle
06/07 04:57:01 INFO naive.ReasonableBot|Day 0 ended. Starting next day
06/07 04:57:14 INFO naive.ReasonableBot|Day 1 :BankStatus[0.000000]
06/07 04:57:14 INFO naive.ReasonableBot|Day 1: Daily notification for campaign 790913356
06/07 04:57:14 INFO naive.ReasonableBot|campaign was NOT won. new bid:0.14168426892194708
06/07 04:57:14 INFO naive.ReasonableBot|Day 1:  allocated to DummyAdnetwork-3. UCS Level set to 0.47829690000000014 at price 0.0 Quality Score is: 1.0
06/07 04:57:14 INFO naive.ReasonableBot|Day 1: Campaign opportunity - Campaign ID 687155732: day 3 to 7 [OLD, HIGH_INCOME], reach: 5000 coefs: (v=2.0, m=1.5)
06/07 04:57:14 INFO naive.ReasonableBot|Day 1: Adjusting ucs bid: was 0.0 level reported: 0.47829690000000014 target: 1.0 adjusted: 0.0
06/07 04:57:14 INFO naive.ReasonableBot|Actually bidding 4594272734056304560
06/07 04:57:14 INFO naive.ReasonableBot|Day 1 : AdNetworkReport
06/07 04:57:14 INFO naive.ReasonableBot|Day 1 : Simulation Status Received
06/07 04:57:14 INFO naive.ReasonableBot|Day 1: Sending BidBundle
06/07 04:57:14 INFO naive.ReasonableBot|Day 1 ended. Starting next day
06/07 04:57:22 INFO naive.ReasonableBot|Day 2 :BankStatus[-0.097002]
06/07 04:57:22 INFO naive.ReasonableBot|Day 2: Updating campaign 1320403535 stats: 625.5 tgtImps 1102.0 nonTgtImps. Cost of imps is 0.001071901432009462
06/07 04:57:22 INFO naive.ReasonableBot|Day 2: Daily notification for campaign 687155732
06/07 04:57:22 INFO naive.ReasonableBot|campaign was NOT won. new bid:0.11334741513755767
06/07 04:57:22 INFO naive.ReasonableBot|Day 2:  allocated to DummyAdnetwork-3. UCS Level set to 0.47829690000000014 at price 0.0 Quality Score is: 1.0
06/07 04:57:22 INFO naive.ReasonableBot|Day 2: Campaign opportunity - Campaign ID 1907748034: day 4 to 13 [LOW_INCOME, FEMALE], reach: 15000 coefs: (v=2.0, m=1.5)
06/07 04:57:22 INFO naive.ReasonableBot|Day 2: Adjusting ucs bid: was 0.0 level reported: 0.47829690000000014 target: 1.0 adjusted: 0.0
06/07 04:57:22 INFO naive.ReasonableBot|Actually bidding 4592831962688395546
06/07 04:57:22 INFO naive.ReasonableBot|Day 2 : AdNetworkReport
06/07 04:57:22 INFO naive.ReasonableBot|Day 2 : Simulation Status Received
06/07 04:57:22 INFO naive.ReasonableBot|Day 2: Sending BidBundle
06/07 04:57:22 INFO naive.ReasonableBot|Day 2 ended. Starting next day
06/07 04:57:32 INFO naive.ReasonableBot|Day 3 :BankStatus[-0.188358]
06/07 04:57:32 INFO naive.ReasonableBot|Day 3: Updating campaign 1320403535 stats: 1253.5 tgtImps 4403.0 nonTgtImps. Cost of imps is 0.002737794435420317
06/07 04:57:32 INFO naive.ReasonableBot|Day 3: Daily notification for campaign 1907748034
06/07 04:57:32 INFO naive.ReasonableBot|campaign was NOT won. new bid:0.09067793211004614
06/07 04:57:32 INFO naive.ReasonableBot|Day 3:  allocated to DummyAdnetwork-4. UCS Level set to 0.47829690000000014 at price 0.0 Quality Score is: 1.0
06/07 04:57:32 INFO naive.ReasonableBot|Day 3: Campaign opportunity - Campaign ID 780706551: day 5 to 14 [LOW_INCOME, FEMALE], reach: 5000 coefs: (v=2.0, m=1.5)
06/07 04:57:32 INFO naive.ReasonableBot|Day 3: Adjusting ucs bid: was 0.0 level reported: 0.47829690000000014 target: 1.0 adjusted: 0.0
06/07 04:57:32 INFO naive.ReasonableBot|Actually bidding 4591198454283349423
06/07 04:57:32 INFO naive.ReasonableBot|Day 3 : AdNetworkReport
06/07 04:57:32 INFO naive.ReasonableBot|Day 3 : Simulation Status Received
06/07 04:57:32 INFO naive.ReasonableBot|Day 3: Sending BidBundle
06/07 04:57:32 INFO naive.ReasonableBot|Day 3 ended. Starting next day
06/07 04:57:44 INFO naive.ReasonableBot|Day 4 :BankStatus[-0.273901]
06/07 04:57:44 INFO naive.ReasonableBot|Day 4: Updating campaign 1320403535 stats: 1568.5 tgtImps 6087.0 nonTgtImps. Cost of imps is 0.003621882541504416
06/07 04:57:44 INFO naive.ReasonableBot|Day 4: Daily notification for campaign 780706551
06/07 04:57:44 INFO naive.ReasonableBot|campaign was NOT won. new bid:0.07254234568803691
06/07 04:57:44 INFO naive.ReasonableBot|Day 4:  allocated to DummyAdnetwork-3. UCS Level set to 0.47829690000000014 at price 0.0 Quality Score is: 1.0
06/07 04:57:44 INFO naive.ReasonableBot|Day 4: Campaign opportunity - Campaign ID 1761611808: day 6 to 10 [YOUNG, MALE], reach: 5000 coefs: (v=2.0, m=1.5)
06/07 04:57:44 INFO naive.ReasonableBot|Day 4: Adjusting ucs bid: was 0.0 level reported: 0.47829690000000014 target: 1.0 adjusted: 0.0
06/07 04:57:44 INFO naive.ReasonableBot|Actually bidding 4589891647559312524
06/07 04:57:44 INFO naive.ReasonableBot|Day 4 : AdNetworkReport
06/07 04:57:44 INFO naive.ReasonableBot|Day 4 : Simulation Status Received
06/07 04:57:44 INFO naive.ReasonableBot|Day 4: Sending BidBundle
06/07 04:57:44 INFO naive.ReasonableBot|Day 4 ended. Starting next day
06/07 04:57:57 INFO naive.ReasonableBot|Day 5 :BankStatus[-0.353813]
06/07 04:57:57 INFO naive.ReasonableBot|Day 5: Updating campaign 1320403535 stats: 1571.5 tgtImps 6088.5 nonTgtImps. Cost of imps is 0.0036242139265013455
06/07 04:57:57 INFO naive.ReasonableBot|Day 5: Daily notification for campaign 1761611808
06/07 04:57:57 INFO naive.ReasonableBot|campaign was NOT won. new bid:0.05803387655042953
06/07 04:57:57 INFO naive.ReasonableBot|Day 5:  allocated to DummyAdnetwork-2. UCS Level set to 0.47829690000000014 at price 0.0 Quality Score is: 1.0
06/07 04:57:57 INFO naive.ReasonableBot|Day 5: Campaign opportunity - Campaign ID 2033353851: day 7 to 9 [OLD, MALE], reach: 5000 coefs: (v=2.0, m=1.5)
06/07 04:57:57 INFO naive.ReasonableBot|Day 5: Adjusting ucs bid: was 0.0 level reported: 0.47829690000000014 target: 1.0 adjusted: 0.0
06/07 04:57:57 INFO naive.ReasonableBot|Actually bidding 4588524384069630586
06/07 04:57:57 INFO naive.ReasonableBot|Day 5 : AdNetworkReport
06/07 04:57:57 INFO naive.ReasonableBot|Day 5 : Simulation Status Received
06/07 04:57:57 INFO naive.ReasonableBot|Day 5: Sending BidBundle
06/07 04:57:57 INFO naive.ReasonableBot|Day 5 ended. Starting next day
06/07 04:58:05 INFO naive.ReasonableBot|Day 6 :BankStatus[-0.429518]
06/07 04:58:05 INFO naive.ReasonableBot|Day 6: Daily notification for campaign 2033353851
06/07 04:58:05 INFO naive.ReasonableBot|campaign was NOT won. new bid:0.04642710124034363
06/07 04:58:05 INFO naive.ReasonableBot|Day 6:  allocated to DummyAdnetwork-4. UCS Level set to 0.47829690000000014 at price 0.0 Quality Score is: 1.0976794967487375
06/07 04:58:05 INFO naive.ReasonableBot|Day 6: Campaign opportunity - Campaign ID 863780901: day 8 to 10 [YOUNG, HIGH_INCOME], reach: 10000 coefs: (v=2.0, m=1.5)
06/07 04:58:05 INFO naive.ReasonableBot|Day 6: Adjusting ucs bid: was 0.0 level reported: 0.47829690000000014 target: 1.0 adjusted: 0.0
06/07 04:58:05 INFO naive.ReasonableBot|Actually bidding 4586851671462863356
06/07 04:58:05 INFO naive.ReasonableBot|Day 6 : Simulation Status Received
06/07 04:58:05 INFO naive.ReasonableBot|Day 6: Sending BidBundle
06/07 04:58:05 INFO naive.ReasonableBot|Day 6 ended. Starting next day
06/07 04:58:17 INFO naive.ReasonableBot|Day 7 :BankStatus[0.946576]
06/07 04:58:17 INFO naive.ReasonableBot|Day 7: Daily notification for campaign 863780901
06/07 04:58:17 INFO naive.ReasonableBot|campaign was NOT won. new bid:0.037141680992274904
06/07 04:58:17 INFO naive.ReasonableBot|Day 7:  allocated to DummyAdnetwork-7. UCS Level set to 0.47829690000000014 at price 0.0 Quality Score is: 1.0976794967487375
06/07 04:58:17 INFO naive.ReasonableBot|Day 7: Campaign opportunity - Campaign ID 197888866: day 9 to 18 [FEMALE, HIGH_INCOME], reach: 10000 coefs: (v=2.0, m=1.5)
06/07 04:58:17 INFO naive.ReasonableBot|Day 7: Adjusting ucs bid: was 0.0 level reported: 0.47829690000000014 target: 1.0 adjusted: 0.0
06/07 04:58:17 INFO naive.ReasonableBot|Actually bidding 4585513501377449571
06/07 04:58:17 INFO naive.ReasonableBot|Day 7 : Simulation Status Received
06/07 04:58:17 INFO naive.ReasonableBot|Day 7: Sending BidBundle
06/07 04:58:17 INFO naive.ReasonableBot|Day 7 ended. Starting next day
06/07 04:58:23 INFO naive.ReasonableBot|Day 8 :BankStatus[0.869708]
06/07 04:58:23 INFO naive.ReasonableBot|Day 8: Daily notification for campaign 197888866
06/07 04:58:23 INFO naive.ReasonableBot|campaign was NOT won. new bid:0.029713344793819926
06/07 04:58:23 INFO naive.ReasonableBot|Day 8:  allocated to DummyAdnetwork-7. UCS Level set to 0.47829690000000014 at price 0.0 Quality Score is: 1.0976794967487375
06/07 04:58:23 INFO naive.ReasonableBot|Day 8: Campaign opportunity - Campaign ID 38815484: day 10 to 12 [LOW_INCOME, OLD], reach: 10000 coefs: (v=2.0, m=1.5)
06/07 04:58:23 INFO naive.ReasonableBot|Day 8: Adjusting ucs bid: was 0.0 level reported: 0.47829690000000014 target: 1.0 adjusted: 0.0
06/07 04:58:23 INFO naive.ReasonableBot|Actually bidding 4584221509955072159
06/07 04:58:23 INFO naive.ReasonableBot|Day 8 : Simulation Status Received
06/07 04:58:23 INFO naive.ReasonableBot|Day 8: Sending BidBundle
06/07 04:58:23 INFO naive.ReasonableBot|Day 8 ended. Starting next day
06/07 04:58:32 INFO naive.ReasonableBot|Day 9 :BankStatus[0.791637]
06/07 04:58:32 INFO naive.ReasonableBot|Day 9: Daily notification for campaign 38815484
06/07 04:58:32 INFO naive.ReasonableBot|campaign was NOT won. new bid:0.023770675835055943
06/07 04:58:32 INFO naive.ReasonableBot|Day 9:  allocated to DummyAdnetwork-5. UCS Level set to 0.47829690000000014 at price 0.0 Quality Score is: 1.0976794967487375
06/07 04:58:32 INFO naive.ReasonableBot|Day 9: Campaign opportunity - Campaign ID 382362223: day 11 to 20 [YOUNG, HIGH_INCOME], reach: 15000 coefs: (v=2.0, m=1.5)
06/07 04:58:32 INFO naive.ReasonableBot|Day 9: Adjusting ucs bid: was 0.0 level reported: 0.47829690000000014 target: 1.0 adjusted: 0.0
06/07 04:58:32 INFO naive.ReasonableBot|Actually bidding 4582508652245742515
06/07 04:58:32 INFO naive.ReasonableBot|Day 9 : Simulation Status Received
06/07 04:58:32 INFO naive.ReasonableBot|Day 9: Sending BidBundle
06/07 04:58:32 INFO naive.ReasonableBot|Day 9 ended. Starting next day
06/07 04:58:42 INFO naive.ReasonableBot|Day 10 :BankStatus[0.714649]
06/07 04:58:42 INFO naive.ReasonableBot|Day 10: Daily notification for campaign 382362223
06/07 04:58:42 INFO naive.ReasonableBot|campaign was NOT won. new bid:0.019016540668044757
06/07 04:58:42 INFO naive.ReasonableBot|Day 10:  allocated to DummyAdnetwork. UCS Level set to 0.47829690000000014 at price 0.0 Quality Score is: 1.0976794967487375
06/07 04:58:42 INFO naive.ReasonableBot|Day 10: Campaign opportunity - Campaign ID 2086257037: day 12 to 21 [LOW_INCOME, FEMALE], reach: 5000 coefs: (v=2.0, m=1.5)
06/07 04:58:42 INFO naive.ReasonableBot|Day 10: Adjusting ucs bid: was 0.0 level reported: 0.47829690000000014 target: 1.0 adjusted: 0.0
06/07 04:58:42 INFO naive.ReasonableBot|Actually bidding 4581138366078278800
06/07 04:58:42 INFO naive.ReasonableBot|Day 10 : Simulation Status Received
06/07 04:58:42 INFO naive.ReasonableBot|Day 10: Sending BidBundle
06/07 04:58:42 INFO naive.ReasonableBot|Day 10 ended. Starting next day
