07/07 18:53:01 INFO naive.ReasonableBot|UNKNOWN Message Received: edu.umich.eecs.tac.props.AdvertiserInfo@bc76a1c1
07/07 18:53:01 INFO naive.ReasonableBot|DAY 0 Actually bidding 2479
07/07 18:53:17 INFO naive.ReasonableBot|Day 1
1533210672 days left: 4 target reach: 1250 to go: 1250
07/07 18:53:17 INFO naive.ReasonableBot|DAY 1 Actually bidding 5950
07/07 18:53:26 INFO naive.ReasonableBot|Day 2
1533210672 days left: 3 target reach: 1250 to go: 1250
07/07 18:53:26 INFO naive.ReasonableBot|DAY 2 Actually bidding 3173
07/07 18:53:42 INFO naive.ReasonableBot|Day 3
1533210672 days left: 2 target reach: 1250 to go: 1250
07/07 18:53:42 INFO naive.ReasonableBot|DAY 3 Actually bidding 2539
07/07 18:53:45 INFO naive.ReasonableBot|Day 4
1533210672 days left: 1 target reach: 1250 to go: 1250
07/07 18:53:45 INFO naive.ReasonableBot|DAY 4 Actually bidding 3046
07/07 18:53:53 INFO naive.ReasonableBot|Day 5
07/07 18:53:53 INFO naive.ReasonableBot|DAY 5 Actually bidding 812
07/07 18:54:13 INFO naive.ReasonableBot|DAY 6 WON at cost 0.987
07/07 18:54:13 INFO naive.ReasonableBot|Day 6
1973292003 days left: 10 target reach: 5000 to go: 5000
07/07 18:54:13 INFO naive.ReasonableBot|DAY 6 Actually bidding 1624
07/07 18:54:17 INFO naive.ReasonableBot|Day 7
1973292003 days left: 9 target reach: 5000 to go: 5000
07/07 18:54:18 INFO naive.ReasonableBot|DAY 7 Actually bidding 1949
07/07 18:54:24 INFO naive.ReasonableBot|DAY 8 WON at cost 3.092036606304578
07/07 18:54:24 INFO naive.ReasonableBot|Day 8
1973292003 days left: 8 target reach: 5000 to go: 5000
1722242287 days left: 5 target reach: 15000 to go: 15000
07/07 18:54:24 INFO naive.ReasonableBot|DAY 8 Actually bidding 1299
