06/07 02:49:02 INFO naive.ReasonableBot|UNKNOWN Message Received: edu.umich.eecs.tac.props.AdvertiserInfo@bc76a1c1
06/07 02:49:02 INFO naive.ReasonableBot|Day 0 :BankStatus[0.000000]
06/07 02:49:02 INFO naive.ReasonableBot|tau.tac.adx.report.demand.InitialCampaignMessage[1330945259,1250,1,5,[LOW_INCOME, YOUNG],2.0,1.5,demand,[]]
06/07 02:49:02 INFO naive.ReasonableBot|Day 0: Allocated campaign - Campaign ID 1330945259: day 1 to 5 [LOW_INCOME, YOUNG], reach: 1250 coefs: (v=2.0, m=1.5)
06/07 02:49:02 INFO naive.ReasonableBot|Day 0: Campaign opportunity - Campaign ID 1052151310: day 2 to 6 [LOW_INCOME, YOUNG], reach: 15000 coefs: (v=2.0, m=1.5)
06/07 02:49:02 INFO naive.ReasonableBot|Day 0: Initial ucs bid is 0.0
06/07 02:49:02 INFO naive.ReasonableBot|Day 0 : Simulation Status Received
06/07 02:49:02 INFO naive.ReasonableBot|Day 0: Sending BidBundle
06/07 02:49:02 INFO naive.ReasonableBot|Day 0 ended. Starting next day
06/07 02:49:18 INFO naive.ReasonableBot|Day 1 :BankStatus[0.000000]
06/07 02:49:18 INFO naive.ReasonableBot|Day 1: Daily notification for campaign 1052151310
06/07 02:49:18 INFO naive.ReasonableBot|campaign was NOT won. new bid:0.45449411968233266
06/07 02:49:18 INFO naive.ReasonableBot|Day 1:  allocated to . UCS Level set to 0.47829690000000014 at price 0.0 Quality Score is: 1.0
06/07 02:49:18 INFO naive.ReasonableBot|Day 1: Campaign opportunity - Campaign ID 1414813450: day 3 to 7 [MALE, YOUNG], reach: 5000 coefs: (v=2.0, m=1.5)
06/07 02:49:18 INFO naive.ReasonableBot|Day 1: Adjusting ucs bid: was 0.0 level reported: 0.47829690000000014 target: 0.7 adjusted: 0.0
06/07 02:49:20 INFO naive.ReasonableBot|Day 1 : AdNetworkReport
06/07 02:49:20 INFO naive.ReasonableBot|Day 1 : Simulation Status Received
06/07 02:49:20 INFO naive.ReasonableBot|Day 1: Sending BidBundle
06/07 02:49:20 INFO naive.ReasonableBot|Day 1 ended. Starting next day
06/07 02:49:21 INFO naive.ReasonableBot|Day 2 :BankStatus[-0.003313]
06/07 02:49:21 INFO naive.ReasonableBot|Day 2: Updating campaign 1330945259 stats: 625.5 tgtImps 2076.5 nonTgtImps. Cost of imps is 0.0033130620414882762
06/07 02:49:21 INFO naive.ReasonableBot|Day 2: Daily notification for campaign 1414813450
06/07 02:49:21 INFO naive.ReasonableBot|campaign was NOT won. new bid:0.36359529574586613
06/07 02:49:21 INFO naive.ReasonableBot|Day 2:  allocated to . UCS Level set to 0.47829690000000014 at price 0.0 Quality Score is: 1.0
06/07 02:49:21 INFO naive.ReasonableBot|Day 2: Campaign opportunity - Campaign ID 1796893892: day 4 to 8 [LOW_INCOME, FEMALE], reach: 10000 coefs: (v=2.0, m=1.5)
06/07 02:49:21 INFO naive.ReasonableBot|Day 2: Adjusting ucs bid: was 0.0 level reported: 0.47829690000000014 target: 0.7 adjusted: 0.0
06/07 02:49:21 INFO naive.ReasonableBot|Day 2 : Simulation Status Received
06/07 02:49:21 INFO naive.ReasonableBot|Day 2: Sending BidBundle
06/07 02:49:21 INFO naive.ReasonableBot|Day 2 ended. Starting next day
06/07 02:49:32 INFO naive.ReasonableBot|Day 3 :BankStatus[-0.003313]
06/07 02:49:32 INFO naive.ReasonableBot|Day 3: Updating campaign 1330945259 stats: 625.5 tgtImps 2076.5 nonTgtImps. Cost of imps is 0.0033130620414882762
06/07 02:49:32 INFO naive.ReasonableBot|Day 3: Daily notification for campaign 1796893892
06/07 02:49:32 INFO naive.ReasonableBot|campaign was NOT won. new bid:0.2908762365966929
06/07 02:49:32 INFO naive.ReasonableBot|Day 3:  allocated to . UCS Level set to 0.47829690000000014 at price 0.0 Quality Score is: 1.0
06/07 02:49:32 INFO naive.ReasonableBot|Day 3: Campaign opportunity - Campaign ID 140678345: day 5 to 7 [MALE, OLD], reach: 5000 coefs: (v=2.0, m=1.5)
06/07 02:49:32 INFO naive.ReasonableBot|Day 3: Adjusting ucs bid: was 0.0 level reported: 0.47829690000000014 target: 0.7 adjusted: 0.0
06/07 02:49:33 INFO naive.ReasonableBot|Day 3 : AdNetworkReport
06/07 02:49:33 INFO naive.ReasonableBot|Day 3 : Simulation Status Received
06/07 02:49:33 INFO naive.ReasonableBot|Day 3: Sending BidBundle
06/07 02:49:33 INFO naive.ReasonableBot|Day 3 ended. Starting next day
06/07 02:49:42 INFO naive.ReasonableBot|Day 4 :BankStatus[-0.005172]
06/07 02:49:42 INFO naive.ReasonableBot|Day 4: Updating campaign 1330945259 stats: 938.0 tgtImps 3453.5 nonTgtImps. Cost of imps is 0.005172017199765334
06/07 02:49:42 INFO naive.ReasonableBot|Day 4: Daily notification for campaign 140678345
06/07 02:49:42 INFO naive.ReasonableBot|campaign was NOT won. new bid:0.23270098927735436
06/07 02:49:42 INFO naive.ReasonableBot|Day 4:  allocated to . UCS Level set to 0.47829690000000014 at price 0.0 Quality Score is: 1.0
06/07 02:49:42 INFO naive.ReasonableBot|Day 4: Campaign opportunity - Campaign ID 1420969552: day 6 to 8 [LOW_INCOME, FEMALE], reach: 15000 coefs: (v=2.0, m=1.5)
06/07 02:49:42 INFO naive.ReasonableBot|Day 4: Adjusting ucs bid: was 0.0 level reported: 0.47829690000000014 target: 0.7 adjusted: 0.0
06/07 02:49:42 INFO naive.ReasonableBot|Day 4 : AdNetworkReport
06/07 02:49:42 INFO naive.ReasonableBot|Day 4 : Simulation Status Received
06/07 02:49:42 INFO naive.ReasonableBot|Day 4: Sending BidBundle
06/07 02:49:42 INFO naive.ReasonableBot|Day 4 ended. Starting next day
06/07 02:49:51 INFO naive.ReasonableBot|Day 5 :BankStatus[-0.006812]
06/07 02:49:51 INFO naive.ReasonableBot|Day 5: Updating campaign 1330945259 stats: 1252.0 tgtImps 4579.5 nonTgtImps. Cost of imps is 0.0068116095802092875
06/07 02:49:51 INFO naive.ReasonableBot|Day 5: Daily notification for campaign 1420969552
06/07 02:49:51 INFO naive.ReasonableBot|campaign was NOT won. new bid:0.1861607914218835
06/07 02:49:51 INFO naive.ReasonableBot|Day 5:  allocated to . UCS Level set to 0.47829690000000014 at price 0.0 Quality Score is: 1.0
06/07 02:49:51 INFO naive.ReasonableBot|Day 5: Campaign opportunity - Campaign ID 618356398: day 7 to 11 [MALE, LOW_INCOME], reach: 5000 coefs: (v=2.0, m=1.5)
06/07 02:49:51 INFO naive.ReasonableBot|Day 5: Adjusting ucs bid: was 0.0 level reported: 0.47829690000000014 target: 0.7 adjusted: 0.0
06/07 02:49:51 INFO naive.ReasonableBot|Day 5 : AdNetworkReport
06/07 02:49:51 INFO naive.ReasonableBot|Day 5 : Simulation Status Received
06/07 02:49:51 INFO naive.ReasonableBot|Day 5: Sending BidBundle
06/07 02:49:51 INFO naive.ReasonableBot|Day 5 ended. Starting next day
06/07 02:50:01 INFO naive.ReasonableBot|Day 6 :BankStatus[-0.007882]
06/07 02:50:01 INFO naive.ReasonableBot|Day 6: Daily notification for campaign 618356398
06/07 02:50:01 INFO naive.ReasonableBot|campaign was NOT won. new bid:0.1489286331375068
06/07 02:50:01 INFO naive.ReasonableBot|Day 6:  allocated to . UCS Level set to 0.47829690000000014 at price 0.0 Quality Score is: 1.0595721653450205
06/07 02:50:01 INFO naive.ReasonableBot|Day 6: Campaign opportunity - Campaign ID 1347611115: day 8 to 17 [LOW_INCOME, FEMALE], reach: 15000 coefs: (v=2.0, m=1.5)
06/07 02:50:01 INFO naive.ReasonableBot|Day 6: Adjusting ucs bid: was 0.0 level reported: 0.47829690000000014 target: 0.7 adjusted: 0.0
06/07 02:50:01 INFO naive.ReasonableBot|Day 6 : Simulation Status Received
06/07 02:50:01 INFO naive.ReasonableBot|Day 6: Sending BidBundle
06/07 02:50:01 INFO naive.ReasonableBot|Day 6 ended. Starting next day
06/07 02:50:11 INFO naive.ReasonableBot|Day 7 :BankStatus[1.366227]
06/07 02:50:11 INFO naive.ReasonableBot|Day 7: Daily notification for campaign 1347611115
06/07 02:50:11 INFO naive.ReasonableBot|campaign was NOT won. new bid:0.11914290651000543
06/07 02:50:11 INFO naive.ReasonableBot|Day 7:  allocated to . UCS Level set to 0.47829690000000014 at price 0.0 Quality Score is: 1.0595721653450205
06/07 02:50:11 INFO naive.ReasonableBot|Day 7: Campaign opportunity - Campaign ID 767353235: day 9 to 13 [HIGH_INCOME, FEMALE], reach: 15000 coefs: (v=2.0, m=1.5)
06/07 02:50:11 INFO naive.ReasonableBot|Day 7: Adjusting ucs bid: was 0.0 level reported: 0.47829690000000014 target: 0.7 adjusted: 0.0
06/07 02:50:11 INFO naive.ReasonableBot|Day 7 : Simulation Status Received
06/07 02:50:11 INFO naive.ReasonableBot|Day 7: Sending BidBundle
06/07 02:50:11 INFO naive.ReasonableBot|Day 7 ended. Starting next day
06/07 02:50:21 INFO naive.ReasonableBot|Day 8 :BankStatus[1.366227]
06/07 02:50:21 INFO naive.ReasonableBot|Day 8: Daily notification for campaign 767353235
06/07 02:50:21 INFO naive.ReasonableBot|campaign was NOT won. new bid:0.09531432520800436
06/07 02:50:21 INFO naive.ReasonableBot|Day 8:  allocated to . UCS Level set to 0.47829690000000014 at price 0.0 Quality Score is: 1.0595721653450205
06/07 02:50:21 INFO naive.ReasonableBot|Day 8: Campaign opportunity - Campaign ID 1585826036: day 10 to 14 [OLD, HIGH_INCOME], reach: 5000 coefs: (v=2.0, m=1.5)
06/07 02:50:21 INFO naive.ReasonableBot|Day 8: Adjusting ucs bid: was 0.0 level reported: 0.47829690000000014 target: 0.7 adjusted: 0.0
06/07 02:50:21 INFO naive.ReasonableBot|Day 8 : Simulation Status Received
06/07 02:50:21 INFO naive.ReasonableBot|Day 8: Sending BidBundle
06/07 02:50:21 INFO naive.ReasonableBot|Day 8 ended. Starting next day
06/07 02:50:31 INFO naive.ReasonableBot|Day 9 :BankStatus[1.366227]
06/07 02:50:31 INFO naive.ReasonableBot|Day 9: Daily notification for campaign 1585826036
06/07 02:50:31 INFO naive.ReasonableBot|campaign was NOT won. new bid:0.0762514601664035
06/07 02:50:31 INFO naive.ReasonableBot|Day 9:  allocated to . UCS Level set to 0.47829690000000014 at price 0.0 Quality Score is: 1.0595721653450205
06/07 02:50:31 INFO naive.ReasonableBot|Day 9: Campaign opportunity - Campaign ID 711843701: day 11 to 20 [MALE, OLD], reach: 5000 coefs: (v=2.0, m=1.5)
06/07 02:50:31 INFO naive.ReasonableBot|Day 9: Adjusting ucs bid: was 0.0 level reported: 0.47829690000000014 target: 0.7 adjusted: 0.0
06/07 02:50:31 INFO naive.ReasonableBot|Day 9 : Simulation Status Received
06/07 02:50:31 INFO naive.ReasonableBot|Day 9: Sending BidBundle
06/07 02:50:31 INFO naive.ReasonableBot|Day 9 ended. Starting next day
06/07 02:50:41 INFO naive.ReasonableBot|Day 10 :BankStatus[1.366227]
06/07 02:50:41 INFO naive.ReasonableBot|Day 10: Daily notification for campaign 711843701
06/07 02:50:41 INFO naive.ReasonableBot|campaign was NOT won. new bid:0.0610011681331228
06/07 02:50:41 INFO naive.ReasonableBot|Day 10:  allocated to . UCS Level set to 0.47829690000000014 at price 0.0 Quality Score is: 1.0595721653450205
06/07 02:50:41 INFO naive.ReasonableBot|Day 10: Campaign opportunity - Campaign ID 1868265470: day 12 to 14 [MALE, LOW_INCOME], reach: 5000 coefs: (v=2.0, m=1.5)
06/07 02:50:41 INFO naive.ReasonableBot|Day 10: Adjusting ucs bid: was 0.0 level reported: 0.47829690000000014 target: 0.7 adjusted: 0.0
06/07 02:50:41 INFO naive.ReasonableBot|Day 10 : Simulation Status Received
06/07 02:50:41 INFO naive.ReasonableBot|Day 10: Sending BidBundle
06/07 02:50:41 INFO naive.ReasonableBot|Day 10 ended. Starting next day
06/07 02:50:51 INFO naive.ReasonableBot|Day 11 :BankStatus[1.366227]
06/07 02:50:51 INFO naive.ReasonableBot|Day 11: Daily notification for campaign 1868265470
06/07 02:50:51 INFO naive.ReasonableBot|campaign was NOT won. new bid:0.04880093450649824
06/07 02:50:51 INFO naive.ReasonableBot|Day 11:  allocated to . UCS Level set to 0.47829690000000014 at price 0.0 Quality Score is: 1.0595721653450205
06/07 02:50:51 INFO naive.ReasonableBot|Day 11: Campaign opportunity - Campaign ID 628340239: day 13 to 17 [MALE, YOUNG], reach: 10000 coefs: (v=2.0, m=1.5)
06/07 02:50:51 INFO naive.ReasonableBot|Day 11: Adjusting ucs bid: was 0.0 level reported: 0.47829690000000014 target: 0.7 adjusted: 0.0
06/07 02:50:51 INFO naive.ReasonableBot|Day 11 : Simulation Status Received
06/07 02:50:51 INFO naive.ReasonableBot|Day 11: Sending BidBundle
06/07 02:50:51 INFO naive.ReasonableBot|Day 11 ended. Starting next day
06/07 02:51:01 INFO naive.ReasonableBot|Day 12 :BankStatus[1.366227]
06/07 02:51:01 INFO naive.ReasonableBot|Day 12: Daily notification for campaign 628340239
06/07 02:51:01 INFO naive.ReasonableBot|campaign was NOT won. new bid:0.0390407476051986
06/07 02:51:01 INFO naive.ReasonableBot|Day 12:  allocated to . UCS Level set to 0.47829690000000014 at price 0.0 Quality Score is: 1.0595721653450205
06/07 02:51:01 INFO naive.ReasonableBot|Day 12: Campaign opportunity - Campaign ID 770513469: day 14 to 23 [YOUNG, HIGH_INCOME], reach: 15000 coefs: (v=2.0, m=1.5)
06/07 02:51:01 INFO naive.ReasonableBot|Day 12: Adjusting ucs bid: was 0.0 level reported: 0.47829690000000014 target: 0.7 adjusted: 0.0
06/07 02:51:01 INFO naive.ReasonableBot|Day 12 : Simulation Status Received
06/07 02:51:01 INFO naive.ReasonableBot|Day 12: Sending BidBundle
06/07 02:51:01 INFO naive.ReasonableBot|Day 12 ended. Starting next day
06/07 02:51:11 INFO naive.ReasonableBot|Day 13 :BankStatus[1.366227]
06/07 02:51:11 INFO naive.ReasonableBot|Day 13: Daily notification for campaign 770513469
06/07 02:51:11 INFO naive.ReasonableBot|campaign was NOT won. new bid:0.03123259808415888
06/07 02:51:11 INFO naive.ReasonableBot|Day 13:  allocated to . UCS Level set to 0.47829690000000014 at price 0.0 Quality Score is: 1.0595721653450205
06/07 02:51:11 INFO naive.ReasonableBot|Day 13: Campaign opportunity - Campaign ID 1107326734: day 15 to 24 [YOUNG, FEMALE], reach: 5000 coefs: (v=2.0, m=1.5)
06/07 02:51:11 INFO naive.ReasonableBot|Day 13: Adjusting ucs bid: was 0.0 level reported: 0.47829690000000014 target: 0.7 adjusted: 0.0
06/07 02:51:11 INFO naive.ReasonableBot|Day 13 : Simulation Status Received
06/07 02:51:11 INFO naive.ReasonableBot|Day 13: Sending BidBundle
06/07 02:51:11 INFO naive.ReasonableBot|Day 13 ended. Starting next day
06/07 02:51:21 INFO naive.ReasonableBot|Day 14 :BankStatus[1.366227]
06/07 02:51:21 INFO naive.ReasonableBot|Day 14: Daily notification for campaign 1107326734
06/07 02:51:21 INFO naive.ReasonableBot|campaign was NOT won. new bid:0.024986078467327106
06/07 02:51:21 INFO naive.ReasonableBot|Day 14:  allocated to . UCS Level set to 0.47829690000000014 at price 0.0 Quality Score is: 1.0595721653450205
06/07 02:51:21 INFO naive.ReasonableBot|Day 14: Campaign opportunity - Campaign ID 8573020: day 16 to 20 [MALE, HIGH_INCOME], reach: 15000 coefs: (v=2.0, m=1.5)
06/07 02:51:21 INFO naive.ReasonableBot|Day 14: Adjusting ucs bid: was 0.0 level reported: 0.47829690000000014 target: 0.7 adjusted: 0.0
06/07 02:51:21 INFO naive.ReasonableBot|Day 14 : Simulation Status Received
06/07 02:51:21 INFO naive.ReasonableBot|Day 14: Sending BidBundle
06/07 02:51:21 INFO naive.ReasonableBot|Day 14 ended. Starting next day
06/07 02:51:31 INFO naive.ReasonableBot|Day 15 :BankStatus[1.366227]
06/07 02:51:31 INFO naive.ReasonableBot|Day 15: Daily notification for campaign 8573020
06/07 02:51:31 INFO naive.ReasonableBot|campaign was NOT won. new bid:0.019988862773861686
06/07 02:51:31 INFO naive.ReasonableBot|Day 15:  allocated to . UCS Level set to 0.47829690000000014 at price 0.0 Quality Score is: 1.0595721653450205
06/07 02:51:31 INFO naive.ReasonableBot|Day 15: Campaign opportunity - Campaign ID 1185277102: day 17 to 26 [MALE, HIGH_INCOME], reach: 5000 coefs: (v=2.0, m=1.5)
06/07 02:51:31 INFO naive.ReasonableBot|Day 15: Adjusting ucs bid: was 0.0 level reported: 0.47829690000000014 target: 0.7 adjusted: 0.0
06/07 02:51:31 INFO naive.ReasonableBot|Day 15 : Simulation Status Received
06/07 02:51:31 INFO naive.ReasonableBot|Day 15: Sending BidBundle
06/07 02:51:31 INFO naive.ReasonableBot|Day 15 ended. Starting next day
06/07 02:51:41 INFO naive.ReasonableBot|Day 16 :BankStatus[1.366227]
06/07 02:51:41 INFO naive.ReasonableBot|Day 16: Daily notification for campaign 1185277102
06/07 02:51:41 INFO naive.ReasonableBot|campaign was NOT won. new bid:0.01599109021908935
06/07 02:51:41 INFO naive.ReasonableBot|Day 16:  allocated to . UCS Level set to 0.47829690000000014 at price 0.0 Quality Score is: 1.0595721653450205
06/07 02:51:41 INFO naive.ReasonableBot|Day 16: Campaign opportunity - Campaign ID 561014430: day 18 to 27 [MALE, LOW_INCOME], reach: 10000 coefs: (v=2.0, m=1.5)
06/07 02:51:41 INFO naive.ReasonableBot|Day 16: Adjusting ucs bid: was 0.0 level reported: 0.47829690000000014 target: 0.7 adjusted: 0.0
06/07 02:51:41 INFO naive.ReasonableBot|Day 16 : Simulation Status Received
06/07 02:51:41 INFO naive.ReasonableBot|Day 16: Sending BidBundle
06/07 02:51:41 INFO naive.ReasonableBot|Day 16 ended. Starting next day
06/07 02:51:51 INFO naive.ReasonableBot|Day 17 :BankStatus[1.366227]
06/07 02:51:51 INFO naive.ReasonableBot|Day 17: Daily notification for campaign 561014430
06/07 02:51:51 INFO naive.ReasonableBot|campaign was NOT won. new bid:0.012792872175271482
06/07 02:51:51 INFO naive.ReasonableBot|Day 17:  allocated to . UCS Level set to 0.47829690000000014 at price 0.0 Quality Score is: 1.0595721653450205
06/07 02:51:51 INFO naive.ReasonableBot|Day 17: Campaign opportunity - Campaign ID 908356463: day 19 to 23 [MALE, HIGH_INCOME], reach: 10000 coefs: (v=2.0, m=1.5)
06/07 02:51:51 INFO naive.ReasonableBot|Day 17: Adjusting ucs bid: was 0.0 level reported: 0.47829690000000014 target: 0.7 adjusted: 0.0
06/07 02:51:51 INFO naive.ReasonableBot|Day 17 : Simulation Status Received
06/07 02:51:51 INFO naive.ReasonableBot|Day 17: Sending BidBundle
06/07 02:51:51 INFO naive.ReasonableBot|Day 17 ended. Starting next day
06/07 02:52:01 INFO naive.ReasonableBot|Day 18 :BankStatus[1.366227]
06/07 02:52:01 INFO naive.ReasonableBot|Day 18: Daily notification for campaign 908356463
06/07 02:52:01 INFO naive.ReasonableBot|campaign was NOT won. new bid:0.010234297740217186
06/07 02:52:01 INFO naive.ReasonableBot|Day 18:  allocated to . UCS Level set to 0.47829690000000014 at price 0.0 Quality Score is: 1.0595721653450205
06/07 02:52:01 INFO naive.ReasonableBot|Day 18: Campaign opportunity - Campaign ID 1294708657: day 20 to 22 [LOW_INCOME, YOUNG], reach: 15000 coefs: (v=2.0, m=1.5)
06/07 02:52:01 INFO naive.ReasonableBot|Day 18: Adjusting ucs bid: was 0.0 level reported: 0.47829690000000014 target: 0.7 adjusted: 0.0
06/07 02:52:01 INFO naive.ReasonableBot|Day 18 : Simulation Status Received
06/07 02:52:01 INFO naive.ReasonableBot|Day 18: Sending BidBundle
06/07 02:52:01 INFO naive.ReasonableBot|Day 18 ended. Starting next day
06/07 02:52:11 INFO naive.ReasonableBot|Day 19 :BankStatus[1.366227]
06/07 02:52:11 INFO naive.ReasonableBot|Day 19: Daily notification for campaign 1294708657
06/07 02:52:11 INFO naive.ReasonableBot|campaign was NOT won. new bid:0.00818743819217375
06/07 02:52:11 INFO naive.ReasonableBot|Day 19:  allocated to . UCS Level set to 0.47829690000000014 at price 0.0 Quality Score is: 1.0595721653450205
06/07 02:52:11 INFO naive.ReasonableBot|Day 19: Campaign opportunity - Campaign ID 1712555238: day 21 to 25 [YOUNG, HIGH_INCOME], reach: 5000 coefs: (v=2.0, m=1.5)
06/07 02:52:11 INFO naive.ReasonableBot|Day 19: Adjusting ucs bid: was 0.0 level reported: 0.47829690000000014 target: 0.7 adjusted: 0.0
06/07 02:52:11 INFO naive.ReasonableBot|Day 19 : Simulation Status Received
06/07 02:52:11 INFO naive.ReasonableBot|Day 19: Sending BidBundle
06/07 02:52:11 INFO naive.ReasonableBot|Day 19 ended. Starting next day
06/07 02:52:21 INFO naive.ReasonableBot|Day 20 :BankStatus[1.366227]
06/07 02:52:21 INFO naive.ReasonableBot|Day 20: Daily notification for campaign 1712555238
06/07 02:52:21 INFO naive.ReasonableBot|campaign was NOT won. new bid:0.006549950553739
06/07 02:52:21 INFO naive.ReasonableBot|Day 20:  allocated to . UCS Level set to 0.47829690000000014 at price 0.0 Quality Score is: 1.0595721653450205
06/07 02:52:21 INFO naive.ReasonableBot|Day 20: Campaign opportunity - Campaign ID 1997066002: day 22 to 26 [YOUNG, HIGH_INCOME], reach: 15000 coefs: (v=2.0, m=1.5)
06/07 02:52:21 INFO naive.ReasonableBot|Day 20: Adjusting ucs bid: was 0.0 level reported: 0.47829690000000014 target: 0.7 adjusted: 0.0
06/07 02:52:21 INFO naive.ReasonableBot|Day 20 : Simulation Status Received
06/07 02:52:21 INFO naive.ReasonableBot|Day 20: Sending BidBundle
06/07 02:52:21 INFO naive.ReasonableBot|Day 20 ended. Starting next day
06/07 02:52:31 INFO naive.ReasonableBot|Day 21 :BankStatus[1.366227]
06/07 02:52:31 INFO naive.ReasonableBot|Day 21: Daily notification for campaign 1997066002
06/07 02:52:31 INFO naive.ReasonableBot|campaign was NOT won. new bid:0.0052399604429912
06/07 02:52:31 INFO naive.ReasonableBot|Day 21:  allocated to . UCS Level set to 0.47829690000000014 at price 0.0 Quality Score is: 1.0595721653450205
06/07 02:52:31 INFO naive.ReasonableBot|Day 21: Campaign opportunity - Campaign ID 1725640645: day 23 to 32 [LOW_INCOME, FEMALE], reach: 10000 coefs: (v=2.0, m=1.5)
06/07 02:52:31 INFO naive.ReasonableBot|Day 21: Adjusting ucs bid: was 0.0 level reported: 0.47829690000000014 target: 0.7 adjusted: 0.0
06/07 02:52:31 INFO naive.ReasonableBot|Day 21 : Simulation Status Received
06/07 02:52:31 INFO naive.ReasonableBot|Day 21: Sending BidBundle
06/07 02:52:31 INFO naive.ReasonableBot|Day 21 ended. Starting next day
06/07 02:52:42 INFO naive.ReasonableBot|Day 22 :BankStatus[1.366227]
06/07 02:52:42 INFO naive.ReasonableBot|Day 22: Daily notification for campaign 1725640645
06/07 02:52:42 INFO naive.ReasonableBot|campaign was NOT won. new bid:0.00419196835439296
06/07 02:52:42 INFO naive.ReasonableBot|Day 22:  allocated to . UCS Level set to 0.47829690000000014 at price 0.0 Quality Score is: 1.0595721653450205
06/07 02:52:42 INFO naive.ReasonableBot|Day 22: Campaign opportunity - Campaign ID 1821937614: day 24 to 26 [LOW_INCOME, FEMALE], reach: 5000 coefs: (v=2.0, m=1.5)
06/07 02:52:42 INFO naive.ReasonableBot|Day 22: Adjusting ucs bid: was 0.0 level reported: 0.47829690000000014 target: 0.7 adjusted: 0.0
06/07 02:52:42 INFO naive.ReasonableBot|Day 22 : Simulation Status Received
06/07 02:52:42 INFO naive.ReasonableBot|Day 22: Sending BidBundle
06/07 02:52:42 INFO naive.ReasonableBot|Day 22 ended. Starting next day
06/07 02:52:51 INFO naive.ReasonableBot|Day 23 :BankStatus[1.366227]
06/07 02:52:51 INFO naive.ReasonableBot|Day 23: Daily notification for campaign 1821937614
06/07 02:52:51 INFO naive.ReasonableBot|campaign was NOT won. new bid:0.003353574683514368
06/07 02:52:51 INFO naive.ReasonableBot|Day 23:  allocated to . UCS Level set to 0.47829690000000014 at price 0.0 Quality Score is: 1.0595721653450205
06/07 02:52:51 INFO naive.ReasonableBot|Day 23: Campaign opportunity - Campaign ID 1179497595: day 25 to 29 [LOW_INCOME, FEMALE], reach: 10000 coefs: (v=2.0, m=1.5)
06/07 02:52:51 INFO naive.ReasonableBot|Day 23: Adjusting ucs bid: was 0.0 level reported: 0.47829690000000014 target: 0.7 adjusted: 0.0
06/07 02:52:51 INFO naive.ReasonableBot|Day 23 : Simulation Status Received
06/07 02:52:51 INFO naive.ReasonableBot|Day 23: Sending BidBundle
06/07 02:52:51 INFO naive.ReasonableBot|Day 23 ended. Starting next day
06/07 02:53:01 INFO naive.ReasonableBot|Day 24 :BankStatus[1.366227]
06/07 02:53:01 INFO naive.ReasonableBot|Day 24: Daily notification for campaign 1179497595
06/07 02:53:01 INFO naive.ReasonableBot|campaign was NOT won. new bid:0.0026828597468114947
06/07 02:53:01 INFO naive.ReasonableBot|Day 24:  allocated to . UCS Level set to 0.47829690000000014 at price 0.0 Quality Score is: 1.0595721653450205
06/07 02:53:01 INFO naive.ReasonableBot|Day 24: Campaign opportunity - Campaign ID 738143318: day 26 to 35 [LOW_INCOME, FEMALE], reach: 5000 coefs: (v=2.0, m=1.5)
06/07 02:53:01 INFO naive.ReasonableBot|Day 24: Adjusting ucs bid: was 0.0 level reported: 0.47829690000000014 target: 0.7 adjusted: 0.0
06/07 02:53:02 INFO naive.ReasonableBot|Day 24 : Simulation Status Received
06/07 02:53:02 INFO naive.ReasonableBot|Day 24: Sending BidBundle
06/07 02:53:02 INFO naive.ReasonableBot|Day 24 ended. Starting next day
