06/07 02:56:01 INFO naive.ReasonableBot|UNKNOWN Message Received: edu.umich.eecs.tac.props.AdvertiserInfo@bc76a1c1
06/07 02:56:01 INFO naive.ReasonableBot|Day 0 :BankStatus[0.000000]
06/07 02:56:01 INFO naive.ReasonableBot|tau.tac.adx.report.demand.InitialCampaignMessage[834536297,1250,1,5,[OLD, FEMALE],2.0,1.5,demand,[]]
06/07 02:56:01 INFO naive.ReasonableBot|Day 0: Allocated campaign - Campaign ID 834536297: day 1 to 5 [OLD, FEMALE], reach: 1250 coefs: (v=2.0, m=1.5)
06/07 02:56:01 INFO naive.ReasonableBot|Day 0: Campaign opportunity - Campaign ID 1091981526: day 2 to 4 [OLD, LOW_INCOME], reach: 15000 coefs: (v=2.0, m=1.5)
06/07 02:56:01 INFO naive.ReasonableBot|Day 0: Initial ucs bid is 0.0
06/07 02:56:01 INFO naive.ReasonableBot|Day 0 : Simulation Status Received
06/07 02:56:01 INFO naive.ReasonableBot|Day 0: Sending BidBundle
06/07 02:56:01 INFO naive.ReasonableBot|Day 0 ended. Starting next day
06/07 02:56:15 INFO naive.ReasonableBot|Day 1 :BankStatus[0.000000]
06/07 02:56:15 INFO naive.ReasonableBot|Day 1: Daily notification for campaign 1091981526
06/07 02:56:15 INFO naive.ReasonableBot|campaign was NOT won. new bid:0.28306790224026257
06/07 02:56:15 INFO naive.ReasonableBot|Day 1:  allocated to DummyAdnetwork-4. UCS Level set to 0.47829690000000014 at price 0.0 Quality Score is: 1.0
06/07 02:56:15 INFO naive.ReasonableBot|Day 1: Campaign opportunity - Campaign ID 750556787: day 3 to 12 [MALE, YOUNG], reach: 5000 coefs: (v=2.0, m=1.5)
06/07 02:56:15 INFO naive.ReasonableBot|Day 1: Adjusting ucs bid: was 0.0 level reported: 0.47829690000000014 target: 0.8 adjusted: 0.0
06/07 02:56:15 INFO naive.ReasonableBot|Day 1 : AdNetworkReport
06/07 02:56:15 INFO naive.ReasonableBot|Day 1 : Simulation Status Received
06/07 02:56:15 INFO naive.ReasonableBot|Day 1: Sending BidBundle
06/07 02:56:15 INFO naive.ReasonableBot|Day 1 ended. Starting next day
06/07 02:56:28 INFO naive.ReasonableBot|Day 2 :BankStatus[-0.091548]
06/07 02:56:28 INFO naive.ReasonableBot|Day 2: Updating campaign 834536297 stats: 627.0 tgtImps 699.0 nonTgtImps. Cost of imps is 8.048492210897325E-4
06/07 02:56:28 INFO naive.ReasonableBot|Day 2: Daily notification for campaign 750556787
06/07 02:56:28 INFO naive.ReasonableBot|campaign was NOT won. new bid:0.22645432179221006
06/07 02:56:28 INFO naive.ReasonableBot|Day 2:  allocated to DummyAdnetwork-3. UCS Level set to 0.47829690000000014 at price 0.0 Quality Score is: 1.0
06/07 02:56:28 INFO naive.ReasonableBot|Day 2: Campaign opportunity - Campaign ID 916270792: day 4 to 6 [FEMALE, HIGH_INCOME], reach: 15000 coefs: (v=2.0, m=1.5)
06/07 02:56:28 INFO naive.ReasonableBot|Day 2: Adjusting ucs bid: was 0.0 level reported: 0.47829690000000014 target: 0.8 adjusted: 0.0
06/07 02:56:28 INFO naive.ReasonableBot|Day 2 : AdNetworkReport
06/07 02:56:28 INFO naive.ReasonableBot|Day 2 : Simulation Status Received
06/07 02:56:28 INFO naive.ReasonableBot|Day 2: Sending BidBundle
06/07 02:56:28 INFO naive.ReasonableBot|Day 2 ended. Starting next day
06/07 02:56:34 INFO naive.ReasonableBot|Day 3 :BankStatus[-0.185844]
06/07 02:56:34 INFO naive.ReasonableBot|Day 3: Updating campaign 834536297 stats: 1253.5 tgtImps 17011.5 nonTgtImps. Cost of imps is 0.007776259811084354
06/07 02:56:34 INFO naive.ReasonableBot|Day 3: Daily notification for campaign 916270792
06/07 02:56:34 INFO naive.ReasonableBot|campaign was NOT won. new bid:0.18116345743376805
06/07 02:56:34 INFO naive.ReasonableBot|Day 3:  allocated to DummyAdnetwork-4. UCS Level set to 0.47829690000000014 at price 0.0 Quality Score is: 1.0
06/07 02:56:34 INFO naive.ReasonableBot|Day 3: Campaign opportunity - Campaign ID 1047321050: day 5 to 7 [LOW_INCOME, FEMALE], reach: 15000 coefs: (v=2.0, m=1.5)
06/07 02:56:34 INFO naive.ReasonableBot|Day 3: Adjusting ucs bid: was 0.0 level reported: 0.47829690000000014 target: 0.8 adjusted: 0.0
06/07 02:56:34 INFO naive.ReasonableBot|Day 3 : AdNetworkReport
06/07 02:56:34 INFO naive.ReasonableBot|Day 3 : Simulation Status Received
06/07 02:56:34 INFO naive.ReasonableBot|Day 3: Sending BidBundle
06/07 02:56:34 INFO naive.ReasonableBot|Day 3 ended. Starting next day
06/07 02:56:44 INFO naive.ReasonableBot|Day 4 :BankStatus[-0.276883]
06/07 02:56:44 INFO naive.ReasonableBot|Day 4: Updating campaign 834536297 stats: 1565.0 tgtImps 26819.5 nonTgtImps. Cost of imps is 0.012305917244026519
06/07 02:56:44 INFO naive.ReasonableBot|Day 4: Daily notification for campaign 1047321050
06/07 02:56:44 INFO naive.ReasonableBot|campaign was NOT won. new bid:0.14493076594701446
06/07 02:56:44 INFO naive.ReasonableBot|Day 4:  allocated to DummyAdnetwork-3. UCS Level set to 0.47829690000000014 at price 0.0 Quality Score is: 1.0
06/07 02:56:44 INFO naive.ReasonableBot|Day 4: Campaign opportunity - Campaign ID 1431697041: day 6 to 10 [LOW_INCOME, FEMALE], reach: 15000 coefs: (v=2.0, m=1.5)
06/07 02:56:44 INFO naive.ReasonableBot|Day 4: Adjusting ucs bid: was 0.0 level reported: 0.47829690000000014 target: 0.8 adjusted: 0.0
06/07 02:56:44 INFO naive.ReasonableBot|Day 4 : AdNetworkReport
06/07 02:56:44 INFO naive.ReasonableBot|Day 4 : Simulation Status Received
06/07 02:56:44 INFO naive.ReasonableBot|Day 4: Sending BidBundle
06/07 02:56:44 INFO naive.ReasonableBot|Day 4 ended. Starting next day
06/07 02:56:54 INFO naive.ReasonableBot|Day 5 :BankStatus[-0.370508]
06/07 02:56:54 INFO naive.ReasonableBot|Day 5: Updating campaign 834536297 stats: 1566.5 tgtImps 26819.5 nonTgtImps. Cost of imps is 0.012306836657443327
06/07 02:56:54 INFO naive.ReasonableBot|Day 5: Daily notification for campaign 1431697041
06/07 02:56:54 INFO naive.ReasonableBot|campaign was NOT won. new bid:0.11594461275761157
06/07 02:56:54 INFO naive.ReasonableBot|Day 5:  allocated to DummyAdnetwork-5. UCS Level set to 0.47829690000000014 at price 0.0 Quality Score is: 1.0
06/07 02:56:54 INFO naive.ReasonableBot|Day 5: Campaign opportunity - Campaign ID 320009239: day 7 to 9 [FEMALE, HIGH_INCOME], reach: 5000 coefs: (v=2.0, m=1.5)
06/07 02:56:54 INFO naive.ReasonableBot|Day 5: Adjusting ucs bid: was 0.0 level reported: 0.47829690000000014 target: 0.8 adjusted: 0.0
06/07 02:56:54 INFO naive.ReasonableBot|Day 5 : AdNetworkReport
06/07 02:56:54 INFO naive.ReasonableBot|Day 5 : Simulation Status Received
06/07 02:56:54 INFO naive.ReasonableBot|Day 5: Sending BidBundle
06/07 02:56:54 INFO naive.ReasonableBot|Day 5 ended. Starting next day
06/07 02:57:04 INFO naive.ReasonableBot|Day 6 :BankStatus[-0.457283]
06/07 02:57:04 INFO naive.ReasonableBot|Day 6: Daily notification for campaign 320009239
06/07 02:57:04 INFO naive.ReasonableBot|campaign was NOT won. new bid:0.09275569020608926
06/07 02:57:04 INFO naive.ReasonableBot|Day 6:  allocated to DummyAdnetwork-7. UCS Level set to 0.47829690000000014 at price 0.0 Quality Score is: 1.09675510096673
06/07 02:57:04 INFO naive.ReasonableBot|Day 6: Campaign opportunity - Campaign ID 771052399: day 8 to 10 [LOW_INCOME, MALE], reach: 15000 coefs: (v=2.0, m=1.5)
06/07 02:57:04 INFO naive.ReasonableBot|Day 6: Adjusting ucs bid: was 0.0 level reported: 0.47829690000000014 target: 0.8 adjusted: 0.0
06/07 02:57:04 INFO naive.ReasonableBot|Day 6 : Simulation Status Received
06/07 02:57:04 INFO naive.ReasonableBot|Day 6: Sending BidBundle
06/07 02:57:04 INFO naive.ReasonableBot|Day 6 ended. Starting next day
06/07 02:57:14 INFO naive.ReasonableBot|Day 7 :BankStatus[0.901635]
06/07 02:57:14 INFO naive.ReasonableBot|Day 7: Daily notification for campaign 771052399
06/07 02:57:14 INFO naive.ReasonableBot|campaign was NOT won. new bid:0.07420455216487142
06/07 02:57:14 INFO naive.ReasonableBot|Day 7:  allocated to DummyAdnetwork-7. UCS Level set to 0.47829690000000014 at price 0.0 Quality Score is: 1.09675510096673
06/07 02:57:14 INFO naive.ReasonableBot|Day 7: Campaign opportunity - Campaign ID 2108963580: day 9 to 18 [FEMALE, YOUNG], reach: 15000 coefs: (v=2.0, m=1.5)
06/07 02:57:14 INFO naive.ReasonableBot|Day 7: Adjusting ucs bid: was 0.0 level reported: 0.47829690000000014 target: 0.8 adjusted: 0.0
06/07 02:57:14 INFO naive.ReasonableBot|Day 7 : Simulation Status Received
06/07 02:57:14 INFO naive.ReasonableBot|Day 7: Sending BidBundle
06/07 02:57:14 INFO naive.ReasonableBot|Day 7 ended. Starting next day
06/07 02:57:22 INFO naive.ReasonableBot|Day 8 :BankStatus[0.804912]
06/07 02:57:22 INFO naive.ReasonableBot|Day 8: Daily notification for campaign 2108963580
06/07 02:57:22 INFO naive.ReasonableBot|campaign was NOT won. new bid:0.059363641731897135
06/07 02:57:22 INFO naive.ReasonableBot|Day 8:  allocated to DummyAdnetwork. UCS Level set to 0.47829690000000014 at price 0.0 Quality Score is: 1.09675510096673
06/07 02:57:22 INFO naive.ReasonableBot|Day 8: Campaign opportunity - Campaign ID 1150271744: day 10 to 12 [OLD, FEMALE], reach: 10000 coefs: (v=2.0, m=1.5)
06/07 02:57:22 INFO naive.ReasonableBot|Day 8: Adjusting ucs bid: was 0.0 level reported: 0.47829690000000014 target: 0.8 adjusted: 0.0
06/07 02:57:22 INFO naive.ReasonableBot|Day 8 : Simulation Status Received
06/07 02:57:22 INFO naive.ReasonableBot|Day 8: Sending BidBundle
06/07 02:57:22 INFO naive.ReasonableBot|Day 8 ended. Starting next day
06/07 02:57:33 INFO naive.ReasonableBot|Day 9 :BankStatus[0.719510]
06/07 02:57:33 INFO naive.ReasonableBot|Day 9: Daily notification for campaign 1150271744
06/07 02:57:33 INFO naive.ReasonableBot|campaign was NOT won. new bid:0.04749091338551771
06/07 02:57:33 INFO naive.ReasonableBot|Day 9:  allocated to DummyAdnetwork-4. UCS Level set to 0.47829690000000014 at price 0.0 Quality Score is: 1.09675510096673
06/07 02:57:33 INFO naive.ReasonableBot|Day 9: Campaign opportunity - Campaign ID 1955012511: day 11 to 13 [OLD, MALE], reach: 5000 coefs: (v=2.0, m=1.5)
06/07 02:57:33 INFO naive.ReasonableBot|Day 9: Adjusting ucs bid: was 0.0 level reported: 0.47829690000000014 target: 0.8 adjusted: 0.0
06/07 02:57:33 INFO naive.ReasonableBot|Day 9 : Simulation Status Received
06/07 02:57:33 INFO naive.ReasonableBot|Day 9: Sending BidBundle
06/07 02:57:33 INFO naive.ReasonableBot|Day 9 ended. Starting next day
06/07 02:57:43 INFO naive.ReasonableBot|Day 10 :BankStatus[0.638617]
06/07 02:57:44 INFO naive.ReasonableBot|Day 10: Daily notification for campaign 1955012511
06/07 02:57:44 INFO naive.ReasonableBot|campaign was NOT won. new bid:0.03799273070841417
06/07 02:57:44 INFO naive.ReasonableBot|Day 10:  allocated to DummyAdnetwork-2. UCS Level set to 0.47829690000000014 at price 0.0 Quality Score is: 1.09675510096673
06/07 02:57:44 INFO naive.ReasonableBot|Day 10: Campaign opportunity - Campaign ID 1127943562: day 12 to 21 [OLD, HIGH_INCOME], reach: 5000 coefs: (v=2.0, m=1.5)
06/07 02:57:44 INFO naive.ReasonableBot|Day 10: Adjusting ucs bid: was 0.0 level reported: 0.47829690000000014 target: 0.8 adjusted: 0.0
06/07 02:57:44 INFO naive.ReasonableBot|Day 10 : Simulation Status Received
06/07 02:57:44 INFO naive.ReasonableBot|Day 10: Sending BidBundle
06/07 02:57:44 INFO naive.ReasonableBot|Day 10 ended. Starting next day
06/07 02:57:52 INFO naive.ReasonableBot|Day 11 :BankStatus[0.554886]
06/07 02:57:52 INFO naive.ReasonableBot|Day 11: Daily notification for campaign 1127943562
06/07 02:57:52 INFO naive.ReasonableBot|campaign was NOT won. new bid:0.030394184566731337
06/07 02:57:52 INFO naive.ReasonableBot|Day 11:  allocated to DummyAdnetwork-6. UCS Level set to 0.47829690000000014 at price 0.0 Quality Score is: 1.09675510096673
06/07 02:57:52 INFO naive.ReasonableBot|Day 11: Campaign opportunity - Campaign ID 996873293: day 13 to 22 [MALE, HIGH_INCOME], reach: 5000 coefs: (v=2.0, m=1.5)
06/07 02:57:52 INFO naive.ReasonableBot|Day 11: Adjusting ucs bid: was 0.0 level reported: 0.47829690000000014 target: 0.8 adjusted: 0.0
06/07 02:57:52 INFO naive.ReasonableBot|Day 11 : Simulation Status Received
06/07 02:57:52 INFO naive.ReasonableBot|Day 11: Sending BidBundle
06/07 02:57:52 INFO naive.ReasonableBot|Day 11 ended. Starting next day
06/07 02:58:02 INFO naive.ReasonableBot|Day 12 :BankStatus[0.474969]
06/07 02:58:02 INFO naive.ReasonableBot|Day 12: Daily notification for campaign 996873293
06/07 02:58:02 INFO naive.ReasonableBot|campaign was NOT won. new bid:0.02431534765338507
06/07 02:58:02 INFO naive.ReasonableBot|Day 12:  allocated to DummyAdnetwork-4. UCS Level set to 0.47829690000000014 at price 0.0 Quality Score is: 1.09675510096673
06/07 02:58:02 INFO naive.ReasonableBot|Day 12: Campaign opportunity - Campaign ID 1266750469: day 14 to 16 [OLD, MALE], reach: 10000 coefs: (v=2.0, m=1.5)
06/07 02:58:02 INFO naive.ReasonableBot|Day 12: Adjusting ucs bid: was 0.0 level reported: 0.47829690000000014 target: 0.8 adjusted: 0.0
06/07 02:58:02 INFO naive.ReasonableBot|Day 12 : Simulation Status Received
06/07 02:58:02 INFO naive.ReasonableBot|Day 12: Sending BidBundle
06/07 02:58:02 INFO naive.ReasonableBot|Day 12 ended. Starting next day
06/07 02:58:11 INFO naive.ReasonableBot|Day 13 :BankStatus[0.394972]
06/07 02:58:11 INFO naive.ReasonableBot|Day 13: Daily notification for campaign 1266750469
06/07 02:58:11 INFO naive.ReasonableBot|campaign was NOT won. new bid:0.019452278122708055
06/07 02:58:11 INFO naive.ReasonableBot|Day 13:  allocated to DummyAdnetwork-3. UCS Level set to 0.47829690000000014 at price 0.0 Quality Score is: 1.09675510096673
06/07 02:58:11 INFO naive.ReasonableBot|Day 13: Campaign opportunity - Campaign ID 295984022: day 15 to 17 [FEMALE, YOUNG], reach: 15000 coefs: (v=2.0, m=1.5)
06/07 02:58:11 INFO naive.ReasonableBot|Day 13: Adjusting ucs bid: was 0.0 level reported: 0.47829690000000014 target: 0.8 adjusted: 0.0
06/07 02:58:11 INFO naive.ReasonableBot|Day 13 : Simulation Status Received
06/07 02:58:11 INFO naive.ReasonableBot|Day 13: Sending BidBundle
06/07 02:58:11 INFO naive.ReasonableBot|Day 13 ended. Starting next day
06/07 02:58:22 INFO naive.ReasonableBot|Day 14 :BankStatus[0.309695]
06/07 02:58:22 INFO naive.ReasonableBot|Day 14: Daily notification for campaign 295984022
06/07 02:58:22 INFO naive.ReasonableBot|campaign was NOT won. new bid:0.015561822498166445
06/07 02:58:22 INFO naive.ReasonableBot|Day 14:  allocated to DummyAdnetwork. UCS Level set to 0.47829690000000014 at price 0.0 Quality Score is: 1.09675510096673
06/07 02:58:22 INFO naive.ReasonableBot|Day 14: Campaign opportunity - Campaign ID 2042072058: day 16 to 25 [OLD, FEMALE], reach: 10000 coefs: (v=2.0, m=1.5)
06/07 02:58:22 INFO naive.ReasonableBot|Day 14: Adjusting ucs bid: was 0.0 level reported: 0.47829690000000014 target: 0.8 adjusted: 0.0
06/07 02:58:22 INFO naive.ReasonableBot|Day 14 : Simulation Status Received
06/07 02:58:22 INFO naive.ReasonableBot|Day 14: Sending BidBundle
06/07 02:58:22 INFO naive.ReasonableBot|Day 14 ended. Starting next day
06/07 02:58:32 INFO naive.ReasonableBot|Day 15 :BankStatus[0.223513]
06/07 02:58:32 INFO naive.ReasonableBot|Day 15: Daily notification for campaign 2042072058
06/07 02:58:32 INFO naive.ReasonableBot|campaign was NOT won. new bid:0.012449457998533156
06/07 02:58:32 INFO naive.ReasonableBot|Day 15:  allocated to DummyAdnetwork-3. UCS Level set to 0.47829690000000014 at price 0.0 Quality Score is: 1.09675510096673
06/07 02:58:32 INFO naive.ReasonableBot|Day 15: Campaign opportunity - Campaign ID 531916682: day 17 to 26 [HIGH_INCOME, YOUNG], reach: 10000 coefs: (v=2.0, m=1.5)
06/07 02:58:32 INFO naive.ReasonableBot|Day 15: Adjusting ucs bid: was 0.0 level reported: 0.47829690000000014 target: 0.8 adjusted: 0.0
06/07 02:58:32 INFO naive.ReasonableBot|Day 15 : Simulation Status Received
06/07 02:58:32 INFO naive.ReasonableBot|Day 15: Sending BidBundle
06/07 02:58:32 INFO naive.ReasonableBot|Day 15 ended. Starting next day
06/07 02:58:42 INFO naive.ReasonableBot|Day 16 :BankStatus[0.137074]
06/07 02:58:42 INFO naive.ReasonableBot|Day 16: Daily notification for campaign 531916682
06/07 02:58:42 INFO naive.ReasonableBot|campaign was NOT won. new bid:0.009959566398826525
06/07 02:58:42 INFO naive.ReasonableBot|Day 16:  allocated to DummyAdnetwork-2. UCS Level set to 0.47829690000000014 at price 0.0 Quality Score is: 1.09675510096673
06/07 02:58:42 INFO naive.ReasonableBot|Day 16: Campaign opportunity - Campaign ID 883348064: day 18 to 20 [MALE, HIGH_INCOME], reach: 10000 coefs: (v=2.0, m=1.5)
06/07 02:58:42 INFO naive.ReasonableBot|Day 16: Adjusting ucs bid: was 0.0 level reported: 0.47829690000000014 target: 0.8 adjusted: 0.0
06/07 02:58:42 INFO naive.ReasonableBot|Day 16 : Simulation Status Received
06/07 02:58:42 INFO naive.ReasonableBot|Day 16: Sending BidBundle
06/07 02:58:42 INFO naive.ReasonableBot|Day 16 ended. Starting next day
06/07 02:58:53 INFO naive.ReasonableBot|Day 17 :BankStatus[0.049718]
06/07 02:58:53 INFO naive.ReasonableBot|Day 17: Daily notification for campaign 883348064
06/07 02:58:53 INFO naive.ReasonableBot|campaign was NOT won. new bid:0.00796765311906122
06/07 02:58:53 INFO naive.ReasonableBot|Day 17:  allocated to DummyAdnetwork-4. UCS Level set to 0.47829690000000014 at price 0.0 Quality Score is: 1.09675510096673
06/07 02:58:53 INFO naive.ReasonableBot|Day 17: Campaign opportunity - Campaign ID 962237554: day 19 to 28 [FEMALE, HIGH_INCOME], reach: 5000 coefs: (v=2.0, m=1.5)
06/07 02:58:53 INFO naive.ReasonableBot|Day 17: Adjusting ucs bid: was 0.0 level reported: 0.47829690000000014 target: 0.8 adjusted: 0.0
06/07 02:58:53 INFO naive.ReasonableBot|Day 17 : Simulation Status Received
06/07 02:58:53 INFO naive.ReasonableBot|Day 17: Sending BidBundle
06/07 02:58:53 INFO naive.ReasonableBot|Day 17 ended. Starting next day
06/07 02:59:02 INFO naive.ReasonableBot|Day 18 :BankStatus[-0.030701]
06/07 02:59:02 INFO naive.ReasonableBot|Day 18: Daily notification for campaign 962237554
06/07 02:59:02 INFO naive.ReasonableBot|campaign was NOT won. new bid:0.006374122495248977
06/07 02:59:02 INFO naive.ReasonableBot|Day 18:  allocated to DummyAdnetwork-5. UCS Level set to 0.47829690000000014 at price 0.0 Quality Score is: 1.09675510096673
06/07 02:59:02 INFO naive.ReasonableBot|Day 18: Campaign opportunity - Campaign ID 1647485541: day 20 to 22 [FEMALE, YOUNG], reach: 5000 coefs: (v=2.0, m=1.5)
06/07 02:59:02 INFO naive.ReasonableBot|Day 18: Adjusting ucs bid: was 0.0 level reported: 0.47829690000000014 target: 0.8 adjusted: 0.0
06/07 02:59:02 INFO naive.ReasonableBot|Day 18 : Simulation Status Received
06/07 02:59:02 INFO naive.ReasonableBot|Day 18: Sending BidBundle
06/07 02:59:02 INFO naive.ReasonableBot|Day 18 ended. Starting next day
06/07 02:59:11 INFO naive.ReasonableBot|Day 19 :BankStatus[-0.117258]
06/07 02:59:11 INFO naive.ReasonableBot|Day 19: Daily notification for campaign 1647485541
06/07 02:59:11 INFO naive.ReasonableBot|campaign was NOT won. new bid:0.005099297996199181
06/07 02:59:11 INFO naive.ReasonableBot|Day 19:  allocated to DummyAdnetwork-5. UCS Level set to 0.47829690000000014 at price 0.0 Quality Score is: 1.09675510096673
06/07 02:59:11 INFO naive.ReasonableBot|Day 19: Campaign opportunity - Campaign ID 609926807: day 21 to 23 [OLD, FEMALE], reach: 5000 coefs: (v=2.0, m=1.5)
06/07 02:59:11 INFO naive.ReasonableBot|Day 19: Adjusting ucs bid: was 0.0 level reported: 0.47829690000000014 target: 0.8 adjusted: 0.0
06/07 02:59:12 INFO naive.ReasonableBot|Day 19 : Simulation Status Received
06/07 02:59:12 INFO naive.ReasonableBot|Day 19: Sending BidBundle
06/07 02:59:12 INFO naive.ReasonableBot|Day 19 ended. Starting next day
06/07 02:59:21 INFO naive.ReasonableBot|Day 20 :BankStatus[-0.202378]
06/07 02:59:21 INFO naive.ReasonableBot|Day 20: Daily notification for campaign 609926807
06/07 02:59:21 INFO naive.ReasonableBot|campaign was NOT won. new bid:0.004079438396959345
06/07 02:59:21 INFO naive.ReasonableBot|Day 20:  allocated to DummyAdnetwork-7. UCS Level set to 0.47829690000000014 at price 0.0 Quality Score is: 1.09675510096673
06/07 02:59:21 INFO naive.ReasonableBot|Day 20: Campaign opportunity - Campaign ID 166110875: day 22 to 31 [LOW_INCOME, YOUNG], reach: 10000 coefs: (v=2.0, m=1.5)
06/07 02:59:21 INFO naive.ReasonableBot|Day 20: Adjusting ucs bid: was 0.0 level reported: 0.47829690000000014 target: 0.8 adjusted: 0.0
06/07 02:59:21 INFO naive.ReasonableBot|Day 20 : Simulation Status Received
06/07 02:59:21 INFO naive.ReasonableBot|Day 20: Sending BidBundle
06/07 02:59:21 INFO naive.ReasonableBot|Day 20 ended. Starting next day
06/07 02:59:32 INFO naive.ReasonableBot|Day 21 :BankStatus[-0.285895]
06/07 02:59:32 INFO naive.ReasonableBot|Day 21: Daily notification for campaign 166110875
06/07 02:59:32 INFO naive.ReasonableBot|campaign was NOT won. new bid:0.0032635507175674764
06/07 02:59:32 INFO naive.ReasonableBot|Day 21:  allocated to DummyAdnetwork-4. UCS Level set to 0.47829690000000014 at price 0.0 Quality Score is: 1.09675510096673
06/07 02:59:32 INFO naive.ReasonableBot|Day 21: Campaign opportunity - Campaign ID 1881333990: day 23 to 25 [LOW_INCOME, YOUNG], reach: 10000 coefs: (v=2.0, m=1.5)
06/07 02:59:32 INFO naive.ReasonableBot|Day 21: Adjusting ucs bid: was 0.0 level reported: 0.47829690000000014 target: 0.8 adjusted: 0.0
06/07 02:59:32 INFO naive.ReasonableBot|Day 21 : Simulation Status Received
06/07 02:59:32 INFO naive.ReasonableBot|Day 21: Sending BidBundle
06/07 02:59:32 INFO naive.ReasonableBot|Day 21 ended. Starting next day
06/07 02:59:45 INFO naive.ReasonableBot|Day 22 :BankStatus[-0.368830]
06/07 02:59:45 INFO naive.ReasonableBot|Day 22: Daily notification for campaign 1881333990
06/07 02:59:45 INFO naive.ReasonableBot|campaign was NOT won. new bid:0.002610840574053981
06/07 02:59:45 INFO naive.ReasonableBot|Day 22:  allocated to DummyAdnetwork-6. UCS Level set to 0.47829690000000014 at price 0.0 Quality Score is: 1.09675510096673
06/07 02:59:45 INFO naive.ReasonableBot|Day 22: Campaign opportunity - Campaign ID 1092038109: day 24 to 33 [OLD, HIGH_INCOME], reach: 10000 coefs: (v=2.0, m=1.5)
06/07 02:59:45 INFO naive.ReasonableBot|Day 22: Adjusting ucs bid: was 0.0 level reported: 0.47829690000000014 target: 0.8 adjusted: 0.0
06/07 02:59:45 INFO naive.ReasonableBot|Day 22 : Simulation Status Received
06/07 02:59:45 INFO naive.ReasonableBot|Day 22: Sending BidBundle
06/07 02:59:45 INFO naive.ReasonableBot|Day 22 ended. Starting next day
06/07 02:59:52 INFO naive.ReasonableBot|Day 23 :BankStatus[-0.455651]
06/07 02:59:52 INFO naive.ReasonableBot|Day 23: Daily notification for campaign 1092038109
06/07 02:59:52 INFO naive.ReasonableBot|campaign was NOT won. new bid:0.002088672459243185
06/07 02:59:52 INFO naive.ReasonableBot|Day 23:  allocated to DummyAdnetwork-7. UCS Level set to 0.47829690000000014 at price 0.0 Quality Score is: 1.09675510096673
06/07 02:59:52 INFO naive.ReasonableBot|Day 23: Campaign opportunity - Campaign ID 665950923: day 25 to 27 [MALE, YOUNG], reach: 10000 coefs: (v=2.0, m=1.5)
06/07 02:59:52 INFO naive.ReasonableBot|Day 23: Adjusting ucs bid: was 0.0 level reported: 0.47829690000000014 target: 0.8 adjusted: 0.0
06/07 02:59:52 INFO naive.ReasonableBot|Day 23 : Simulation Status Received
06/07 02:59:52 INFO naive.ReasonableBot|Day 23: Sending BidBundle
06/07 02:59:52 INFO naive.ReasonableBot|Day 23 ended. Starting next day
06/07 03:00:02 INFO naive.ReasonableBot|Day 24 :BankStatus[-0.546283]
06/07 03:00:02 INFO naive.ReasonableBot|Day 24: Daily notification for campaign 665950923
06/07 03:00:02 INFO naive.ReasonableBot|campaign was NOT won. new bid:0.001670937967394548
06/07 03:00:02 INFO naive.ReasonableBot|Day 24:  allocated to DummyAdnetwork-5. UCS Level set to 0.47829690000000014 at price 0.0 Quality Score is: 1.09675510096673
06/07 03:00:02 INFO naive.ReasonableBot|Day 24: Campaign opportunity - Campaign ID 798465023: day 26 to 35 [MALE, HIGH_INCOME], reach: 10000 coefs: (v=2.0, m=1.5)
06/07 03:00:02 INFO naive.ReasonableBot|Day 24: Adjusting ucs bid: was 0.0 level reported: 0.47829690000000014 target: 0.8 adjusted: 0.0
06/07 03:00:02 INFO naive.ReasonableBot|Day 24 : Simulation Status Received
06/07 03:00:02 INFO naive.ReasonableBot|Day 24: Sending BidBundle
06/07 03:00:02 INFO naive.ReasonableBot|Day 24 ended. Starting next day
06/07 03:00:13 INFO naive.ReasonableBot|Day 25 :BankStatus[-0.635983]
06/07 03:00:13 INFO naive.ReasonableBot|Day 25: Daily notification for campaign 798465023
06/07 03:00:13 INFO naive.ReasonableBot|campaign was NOT won. new bid:0.0013367503739156385
06/07 03:00:13 INFO naive.ReasonableBot|Day 25:  allocated to DummyAdnetwork. UCS Level set to 0.47829690000000014 at price 0.0 Quality Score is: 1.09675510096673
06/07 03:00:13 INFO naive.ReasonableBot|Day 25: Campaign opportunity - Campaign ID 345943208: day 27 to 29 [OLD, FEMALE], reach: 10000 coefs: (v=2.0, m=1.5)
06/07 03:00:13 INFO naive.ReasonableBot|Day 25: Adjusting ucs bid: was 0.0 level reported: 0.47829690000000014 target: 0.8 adjusted: 0.0
06/07 03:00:13 INFO naive.ReasonableBot|Day 25 : Simulation Status Received
06/07 03:00:13 INFO naive.ReasonableBot|Day 25: Sending BidBundle
06/07 03:00:13 INFO naive.ReasonableBot|Day 25 ended. Starting next day
06/07 03:00:22 INFO naive.ReasonableBot|Day 26 :BankStatus[-0.720132]
06/07 03:00:22 INFO naive.ReasonableBot|Day 26: Daily notification for campaign 345943208
06/07 03:00:22 INFO naive.ReasonableBot|campaign was NOT won. new bid:0.001069400299132511
06/07 03:00:22 INFO naive.ReasonableBot|Day 26:  allocated to DummyAdnetwork-5. UCS Level set to 0.47829690000000014 at price 0.0 Quality Score is: 1.09675510096673
06/07 03:00:22 INFO naive.ReasonableBot|Day 26: Campaign opportunity - Campaign ID 1155456937: day 28 to 37 [FEMALE, HIGH_INCOME], reach: 10000 coefs: (v=2.0, m=1.5)
06/07 03:00:22 INFO naive.ReasonableBot|Day 26: Adjusting ucs bid: was 0.0 level reported: 0.47829690000000014 target: 0.8 adjusted: 0.0
06/07 03:00:22 INFO naive.ReasonableBot|Day 26 : Simulation Status Received
06/07 03:00:22 INFO naive.ReasonableBot|Day 26: Sending BidBundle
06/07 03:00:22 INFO naive.ReasonableBot|Day 26 ended. Starting next day
06/07 03:00:31 INFO naive.ReasonableBot|Day 27 :BankStatus[-0.806121]
06/07 03:00:31 INFO naive.ReasonableBot|Day 27: Daily notification for campaign 1155456937
06/07 03:00:31 INFO naive.ReasonableBot|campaign was NOT won. new bid:8.555202393060088E-4
06/07 03:00:31 INFO naive.ReasonableBot|Day 27:  allocated to DummyAdnetwork. UCS Level set to 0.47829690000000014 at price 0.0 Quality Score is: 1.09675510096673
06/07 03:00:31 INFO naive.ReasonableBot|Day 27: Campaign opportunity - Campaign ID 77654287: day 29 to 31 [MALE, YOUNG], reach: 10000 coefs: (v=2.0, m=1.5)
06/07 03:00:31 INFO naive.ReasonableBot|Day 27: Adjusting ucs bid: was 0.0 level reported: 0.47829690000000014 target: 0.8 adjusted: 0.0
06/07 03:00:31 INFO naive.ReasonableBot|Day 27 : Simulation Status Received
06/07 03:00:31 INFO naive.ReasonableBot|Day 27: Sending BidBundle
06/07 03:00:31 INFO naive.ReasonableBot|Day 27 ended. Starting next day
06/07 03:00:43 INFO naive.ReasonableBot|Day 28 :BankStatus[-0.895886]
06/07 03:00:43 INFO naive.ReasonableBot|Day 28: Daily notification for campaign 77654287
06/07 03:00:43 INFO naive.ReasonableBot|campaign was NOT won. new bid:6.844161914448071E-4
06/07 03:00:43 INFO naive.ReasonableBot|Day 28:  allocated to DummyAdnetwork-2. UCS Level set to 0.47829690000000014 at price 0.0 Quality Score is: 1.09675510096673
06/07 03:00:43 INFO naive.ReasonableBot|Day 28: Campaign opportunity - Campaign ID 1526422751: day 30 to 34 [OLD, MALE], reach: 10000 coefs: (v=2.0, m=1.5)
06/07 03:00:43 INFO naive.ReasonableBot|Day 28: Adjusting ucs bid: was 0.0 level reported: 0.47829690000000014 target: 0.8 adjusted: 0.0
06/07 03:00:43 INFO naive.ReasonableBot|Day 28 : Simulation Status Received
06/07 03:00:43 INFO naive.ReasonableBot|Day 28: Sending BidBundle
06/07 03:00:43 INFO naive.ReasonableBot|Day 28 ended. Starting next day
06/07 03:00:53 INFO naive.ReasonableBot|Day 29 :BankStatus[-0.987336]
06/07 03:00:53 INFO naive.ReasonableBot|Day 29: Daily notification for campaign 1526422751
06/07 03:00:53 INFO naive.ReasonableBot|campaign was NOT won. new bid:5.475329531558457E-4
06/07 03:00:53 INFO naive.ReasonableBot|Day 29:  allocated to DummyAdnetwork-6. UCS Level set to 0.47829690000000014 at price 0.0 Quality Score is: 1.09675510096673
06/07 03:00:53 INFO naive.ReasonableBot|Day 29: Campaign opportunity - Campaign ID 1840513046: day 31 to 35 [FEMALE, YOUNG], reach: 15000 coefs: (v=2.0, m=1.5)
06/07 03:00:53 INFO naive.ReasonableBot|Day 29: Adjusting ucs bid: was 0.0 level reported: 0.47829690000000014 target: 0.8 adjusted: 0.0
06/07 03:00:53 INFO naive.ReasonableBot|Day 29 : Simulation Status Received
06/07 03:00:53 INFO naive.ReasonableBot|Day 29: Sending BidBundle
06/07 03:00:53 INFO naive.ReasonableBot|Day 29 ended. Starting next day
06/07 03:01:03 INFO naive.ReasonableBot|Day 30 :BankStatus[-1.067414]
06/07 03:01:03 INFO naive.ReasonableBot|Day 30: Daily notification for campaign 1840513046
06/07 03:01:03 INFO naive.ReasonableBot|campaign was NOT won. new bid:4.3802636252467656E-4
06/07 03:01:03 INFO naive.ReasonableBot|Day 30:  allocated to DummyAdnetwork-5. UCS Level set to 0.47829690000000014 at price 0.0 Quality Score is: 1.09675510096673
06/07 03:01:03 INFO naive.ReasonableBot|Day 30: Campaign opportunity - Campaign ID 20922153: day 32 to 36 [FEMALE, YOUNG], reach: 5000 coefs: (v=2.0, m=1.5)
06/07 03:01:03 INFO naive.ReasonableBot|Day 30: Adjusting ucs bid: was 0.0 level reported: 0.47829690000000014 target: 0.8 adjusted: 0.0
06/07 03:01:03 INFO naive.ReasonableBot|Day 30 : Simulation Status Received
06/07 03:01:03 INFO naive.ReasonableBot|Day 30: Sending BidBundle
06/07 03:01:03 INFO naive.ReasonableBot|Day 30 ended. Starting next day
06/07 03:01:14 INFO naive.ReasonableBot|Day 31 :BankStatus[-1.150199]
06/07 03:01:14 INFO naive.ReasonableBot|Day 31: Daily notification for campaign 20922153
06/07 03:01:14 INFO naive.ReasonableBot|campaign was NOT won. new bid:3.504210900197413E-4
06/07 03:01:14 INFO naive.ReasonableBot|Day 31:  allocated to DummyAdnetwork-3. UCS Level set to 0.47829690000000014 at price 0.0 Quality Score is: 1.09675510096673
06/07 03:01:14 INFO naive.ReasonableBot|Day 31: Campaign opportunity - Campaign ID 1155276710: day 33 to 37 [OLD, MALE], reach: 10000 coefs: (v=2.0, m=1.5)
06/07 03:01:14 INFO naive.ReasonableBot|Day 31: Adjusting ucs bid: was 0.0 level reported: 0.47829690000000014 target: 0.8 adjusted: 0.0
06/07 03:01:14 INFO naive.ReasonableBot|Day 31 : Simulation Status Received
06/07 03:01:14 INFO naive.ReasonableBot|Day 31: Sending BidBundle
06/07 03:01:14 INFO naive.ReasonableBot|Day 31 ended. Starting next day
06/07 03:01:22 INFO naive.ReasonableBot|Day 32 :BankStatus[-1.231368]
06/07 03:01:22 INFO naive.ReasonableBot|Day 32: Daily notification for campaign 1155276710
06/07 03:01:22 INFO naive.ReasonableBot|campaign was NOT won. new bid:2.80336872015793E-4
06/07 03:01:22 INFO naive.ReasonableBot|Day 32:  allocated to DummyAdnetwork-2. UCS Level set to 0.47829690000000014 at price 0.0 Quality Score is: 1.09675510096673
06/07 03:01:22 INFO naive.ReasonableBot|Day 32: Campaign opportunity - Campaign ID 1172703202: day 34 to 36 [LOW_INCOME, YOUNG], reach: 5000 coefs: (v=2.0, m=1.5)
06/07 03:01:22 INFO naive.ReasonableBot|Day 32: Adjusting ucs bid: was 0.0 level reported: 0.47829690000000014 target: 0.8 adjusted: 0.0
06/07 03:01:22 INFO naive.ReasonableBot|Day 32 : Simulation Status Received
06/07 03:01:22 INFO naive.ReasonableBot|Day 32: Sending BidBundle
06/07 03:01:22 INFO naive.ReasonableBot|Day 32 ended. Starting next day
06/07 03:01:32 INFO naive.ReasonableBot|Day 33 :BankStatus[-1.311916]
06/07 03:01:32 INFO naive.ReasonableBot|Day 33: Daily notification for campaign 1172703202
06/07 03:01:32 INFO naive.ReasonableBot|campaign was NOT won. new bid:2.2426949761263442E-4
06/07 03:01:32 INFO naive.ReasonableBot|Day 33:  allocated to DummyAdnetwork. UCS Level set to 0.47829690000000014 at price 0.0 Quality Score is: 1.09675510096673
06/07 03:01:32 INFO naive.ReasonableBot|Day 33: Campaign opportunity - Campaign ID 1247737941: day 35 to 37 [HIGH_INCOME, YOUNG], reach: 10000 coefs: (v=2.0, m=1.5)
06/07 03:01:32 INFO naive.ReasonableBot|Day 33: Adjusting ucs bid: was 0.0 level reported: 0.47829690000000014 target: 0.8 adjusted: 0.0
06/07 03:01:32 INFO naive.ReasonableBot|Day 33 : Simulation Status Received
06/07 03:01:32 INFO naive.ReasonableBot|Day 33: Sending BidBundle
06/07 03:01:32 INFO naive.ReasonableBot|Day 33 ended. Starting next day
06/07 03:01:42 INFO naive.ReasonableBot|Day 34 :BankStatus[-1.396000]
06/07 03:01:42 INFO naive.ReasonableBot|Day 34: Daily notification for campaign 1247737941
06/07 03:01:42 INFO naive.ReasonableBot|campaign was NOT won. new bid:1.7941559809010754E-4
06/07 03:01:42 INFO naive.ReasonableBot|Day 34:  allocated to DummyAdnetwork-5. UCS Level set to 0.47829690000000014 at price 0.0 Quality Score is: 1.09675510096673
06/07 03:01:42 INFO naive.ReasonableBot|Day 34: Campaign opportunity - Campaign ID 499644707: day 36 to 45 [HIGH_INCOME, YOUNG], reach: 15000 coefs: (v=2.0, m=1.5)
06/07 03:01:42 INFO naive.ReasonableBot|Day 34: Adjusting ucs bid: was 0.0 level reported: 0.47829690000000014 target: 0.8 adjusted: 0.0
06/07 03:01:42 INFO naive.ReasonableBot|Day 34 : Simulation Status Received
06/07 03:01:42 INFO naive.ReasonableBot|Day 34: Sending BidBundle
06/07 03:01:42 INFO naive.ReasonableBot|Day 34 ended. Starting next day
06/07 03:01:53 INFO naive.ReasonableBot|Day 35 :BankStatus[-1.479205]
06/07 03:01:53 INFO naive.ReasonableBot|Day 35: Daily notification for campaign 499644707
06/07 03:01:53 INFO naive.ReasonableBot|campaign was NOT won. new bid:1.4353247847208604E-4
06/07 03:01:53 INFO naive.ReasonableBot|Day 35:  allocated to DummyAdnetwork-6. UCS Level set to 0.47829690000000014 at price 0.0 Quality Score is: 1.09675510096673
06/07 03:01:53 INFO naive.ReasonableBot|Day 35: Campaign opportunity - Campaign ID 117670483: day 37 to 41 [HIGH_INCOME, YOUNG], reach: 10000 coefs: (v=2.0, m=1.5)
06/07 03:01:53 INFO naive.ReasonableBot|Day 35: Adjusting ucs bid: was 0.0 level reported: 0.47829690000000014 target: 0.8 adjusted: 0.0
06/07 03:01:53 INFO naive.ReasonableBot|Day 35 : Simulation Status Received
06/07 03:01:53 INFO naive.ReasonableBot|Day 35: Sending BidBundle
06/07 03:01:53 INFO naive.ReasonableBot|Day 35 ended. Starting next day
06/07 03:02:04 INFO naive.ReasonableBot|Day 36 :BankStatus[-1.566119]
06/07 03:02:04 INFO naive.ReasonableBot|Day 36: Daily notification for campaign 117670483
06/07 03:02:04 INFO naive.ReasonableBot|campaign was NOT won. new bid:1.1482598277766884E-4
06/07 03:02:04 INFO naive.ReasonableBot|Day 36:  allocated to DummyAdnetwork-6. UCS Level set to 0.47829690000000014 at price 0.0 Quality Score is: 1.09675510096673
06/07 03:02:04 INFO naive.ReasonableBot|Day 36: Campaign opportunity - Campaign ID 842712712: day 38 to 40 [OLD, HIGH_INCOME], reach: 5000 coefs: (v=2.0, m=1.5)
06/07 03:02:04 INFO naive.ReasonableBot|Day 36: Adjusting ucs bid: was 0.0 level reported: 0.47829690000000014 target: 0.8 adjusted: 0.0
06/07 03:02:04 INFO naive.ReasonableBot|Day 36 : Simulation Status Received
06/07 03:02:04 INFO naive.ReasonableBot|Day 36: Sending BidBundle
06/07 03:02:04 INFO naive.ReasonableBot|Day 36 ended. Starting next day
06/07 03:02:13 INFO naive.ReasonableBot|Day 37 :BankStatus[-1.646271]
06/07 03:02:13 INFO naive.ReasonableBot|Day 37: Daily notification for campaign 842712712
06/07 03:02:13 INFO naive.ReasonableBot|campaign was NOT won. new bid:9.186078622213508E-5
06/07 03:02:13 INFO naive.ReasonableBot|Day 37:  allocated to DummyAdnetwork-3. UCS Level set to 0.47829690000000014 at price 0.0 Quality Score is: 1.09675510096673
06/07 03:02:13 INFO naive.ReasonableBot|Day 37: Campaign opportunity - Campaign ID 574356659: day 39 to 48 [MALE, HIGH_INCOME], reach: 5000 coefs: (v=2.0, m=1.5)
06/07 03:02:13 INFO naive.ReasonableBot|Day 37: Adjusting ucs bid: was 0.0 level reported: 0.47829690000000014 target: 0.8 adjusted: 0.0
06/07 03:02:13 INFO naive.ReasonableBot|Day 37 : Simulation Status Received
06/07 03:02:13 INFO naive.ReasonableBot|Day 37: Sending BidBundle
06/07 03:02:13 INFO naive.ReasonableBot|Day 37 ended. Starting next day
06/07 03:02:22 INFO naive.ReasonableBot|Day 38 :BankStatus[-1.729339]
06/07 03:02:22 INFO naive.ReasonableBot|Day 38: Daily notification for campaign 574356659
06/07 03:02:22 INFO naive.ReasonableBot|campaign was NOT won. new bid:7.348862897770806E-5
06/07 03:02:22 INFO naive.ReasonableBot|Day 38:  allocated to DummyAdnetwork-5. UCS Level set to 0.47829690000000014 at price 0.0 Quality Score is: 1.09675510096673
06/07 03:02:22 INFO naive.ReasonableBot|Day 38: Campaign opportunity - Campaign ID 1454345654: day 40 to 44 [OLD, MALE], reach: 10000 coefs: (v=2.0, m=1.5)
06/07 03:02:22 INFO naive.ReasonableBot|Day 38: Adjusting ucs bid: was 0.0 level reported: 0.47829690000000014 target: 0.8 adjusted: 0.0
06/07 03:02:22 INFO naive.ReasonableBot|Day 38 : Simulation Status Received
06/07 03:02:22 INFO naive.ReasonableBot|Day 38: Sending BidBundle
06/07 03:02:22 INFO naive.ReasonableBot|Day 38 ended. Starting next day
06/07 03:02:32 INFO naive.ReasonableBot|Day 39 :BankStatus[-1.812920]
06/07 03:02:32 INFO naive.ReasonableBot|Day 39: Daily notification for campaign 1454345654
06/07 03:02:32 INFO naive.ReasonableBot|campaign was NOT won. new bid:5.879090318216645E-5
06/07 03:02:32 INFO naive.ReasonableBot|Day 39:  allocated to DummyAdnetwork-6. UCS Level set to 0.47829690000000014 at price 0.0 Quality Score is: 1.09675510096673
06/07 03:02:33 INFO naive.ReasonableBot|Day 39: Campaign opportunity - Campaign ID 1992202035: day 41 to 43 [OLD, FEMALE], reach: 10000 coefs: (v=2.0, m=1.5)
06/07 03:02:33 INFO naive.ReasonableBot|Day 39: Adjusting ucs bid: was 0.0 level reported: 0.47829690000000014 target: 0.8 adjusted: 0.0
06/07 03:02:33 INFO naive.ReasonableBot|Day 39 : Simulation Status Received
06/07 03:02:33 INFO naive.ReasonableBot|Day 39: Sending BidBundle
06/07 03:02:33 INFO naive.ReasonableBot|Day 39 ended. Starting next day
06/07 03:02:43 INFO naive.ReasonableBot|Day 40 :BankStatus[-1.903061]
06/07 03:02:43 INFO naive.ReasonableBot|Day 40: Daily notification for campaign 1992202035
06/07 03:02:43 INFO naive.ReasonableBot|campaign was NOT won. new bid:4.7032722545733165E-5
06/07 03:02:43 INFO naive.ReasonableBot|Day 40:  allocated to DummyAdnetwork-5. UCS Level set to 0.47829690000000014 at price 0.0 Quality Score is: 1.09675510096673
06/07 03:02:43 INFO naive.ReasonableBot|Day 40: Campaign opportunity - Campaign ID 1580113432: day 42 to 51 [MALE, HIGH_INCOME], reach: 15000 coefs: (v=2.0, m=1.5)
06/07 03:02:43 INFO naive.ReasonableBot|Day 40: Adjusting ucs bid: was 0.0 level reported: 0.47829690000000014 target: 0.8 adjusted: 0.0
06/07 03:02:43 INFO naive.ReasonableBot|Day 40 : Simulation Status Received
06/07 03:02:43 INFO naive.ReasonableBot|Day 40: Sending BidBundle
06/07 03:02:43 INFO naive.ReasonableBot|Day 40 ended. Starting next day
