02/07 00:54:01 INFO naive.NaiveAgent|UNKNOWN Message Received: edu.umich.eecs.tac.props.AdvertiserInfo@bc76a1c1
02/07 00:54:01 INFO naive.NaiveAgent|Day 0 :BankStatus[0.000000]
02/07 00:54:01 INFO naive.NaiveAgent|tau.tac.adx.report.demand.InitialCampaignMessage[156178214,1250,1,5,[FEMALE, YOUNG],2.0,1.5,demand,[]]
02/07 00:54:01 INFO naive.NaiveAgent|Day 0: Allocated campaign - Campaign ID 156178214: day 1 to 5 [FEMALE, YOUNG], reach: 1250 coefs: (v=2.0, m=1.5)
02/07 00:54:01 INFO naive.NaiveAgent|Day 0: Campaign opportunity - Campaign ID 1738223535: day 2 to 4 [HIGH_INCOME, OLD], reach: 10000 coefs: (v=2.0, m=1.5)
02/07 00:54:01 INFO naive.NaiveAgent|This is the value of cmpBid: 0
02/07 00:54:01 INFO naive.NaiveAgent|Day 0: Campaign total budget bid: 0.0
02/07 00:54:01 INFO naive.NaiveAgent|Day 0: Initial ucs bid is 0.1453171871929568
02/07 00:54:01 INFO naive.NaiveAgent|Day 0 : Simulation Status Received
02/07 00:54:01 INFO naive.NaiveAgent|Day 0: Updated 36 Bid Bundle entries for Campaign id 156178214
02/07 00:54:01 INFO naive.NaiveAgent|Day 0: Sending BidBundle
02/07 00:54:01 INFO naive.NaiveAgent|Day 0 ended. Starting next day
02/07 00:54:14 INFO naive.NaiveAgent|Day 1 :BankStatus[0.000000]
02/07 00:54:14 INFO naive.NaiveAgent|Day 1: Daily notification for campaign 1738223535
02/07 00:54:14 INFO naive.NaiveAgent|Day 1:  allocated to DummyAdnetwork. UCS Level set to 0.7290000000000001 at price 0.10318094991977357 Qualit Score is: 1.0
02/07 00:54:14 INFO naive.NaiveAgent|Day 1: Campaign opportunity - Campaign ID 1515461378: day 3 to 12 [HIGH_INCOME, OLD], reach: 5000 coefs: (v=2.0, m=1.5)
02/07 00:54:14 INFO naive.NaiveAgent|This is the value of cmpBid: 0
02/07 00:54:14 INFO naive.NaiveAgent|Day 1: Campaign total budget bid: 0.0
02/07 00:54:14 INFO naive.NaiveAgent|Day 1: Adjusting ucs bid: was 0.1453171871929568 level reported: 0.7290000000000001 target: 1.0 adjusted: 0.10751287255996586
02/07 00:54:14 INFO naive.NaiveAgent|Day 1 : AdNetworkReport
02/07 00:54:14 INFO naive.NaiveAgent|Day 1 : Simulation Status Received
02/07 00:54:14 INFO naive.NaiveAgent|Day 1: Updated 36 Bid Bundle entries for Campaign id 156178214
02/07 00:54:14 INFO naive.NaiveAgent|Day 1: Sending BidBundle
02/07 00:54:14 INFO naive.NaiveAgent|Day 1 ended. Starting next day
02/07 00:54:23 INFO naive.NaiveAgent|Day 2 :BankStatus[-0.728219]
02/07 00:54:23 INFO naive.NaiveAgent|Day 2: Updating campaign 156178214 stats: 346.0 tgtImps 1543.5 nonTgtImps. Cost of imps is 0.6250377306396259
02/07 00:54:23 INFO naive.NaiveAgent|Day 2: Daily notification for campaign 1515461378
02/07 00:54:23 INFO naive.NaiveAgent|Day 2:  allocated to DummyAdnetwork-5. UCS Level set to 0.5314410000000002 at price 0.05660346164832952 Qualit Score is: 1.0
02/07 00:54:23 INFO naive.NaiveAgent|Day 2: Campaign opportunity - Campaign ID 2082788337: day 4 to 6 [OLD, LOW_INCOME], reach: 10000 coefs: (v=2.0, m=1.5)
02/07 00:54:23 INFO naive.NaiveAgent|This is the value of cmpBid: 0
02/07 00:54:23 INFO naive.NaiveAgent|Day 2: Campaign total budget bid: 0.0
02/07 00:54:23 INFO naive.NaiveAgent|Day 2: Adjusting ucs bid: was 0.10751287255996586 level reported: 0.5314410000000002 target: 1.0 adjusted: 0.13483767530430069
02/07 00:54:23 INFO naive.NaiveAgent|Day 2 : AdNetworkReport
02/07 00:54:23 INFO naive.NaiveAgent|Day 2 : Simulation Status Received
02/07 00:54:23 INFO naive.NaiveAgent|Day 2: Updated 36 Bid Bundle entries for Campaign id 156178214
02/07 00:54:23 INFO naive.NaiveAgent|Day 2: Sending BidBundle
02/07 00:54:23 INFO naive.NaiveAgent|Day 2 ended. Starting next day
02/07 00:54:33 INFO naive.NaiveAgent|Day 3 :BankStatus[-1.437700]
02/07 00:54:33 INFO naive.NaiveAgent|Day 3: Updating campaign 156178214 stats: 606.5 tgtImps 2927.0 nonTgtImps. Cost of imps is 1.2502478235041177
02/07 00:54:33 INFO naive.NaiveAgent|Day 3: Daily notification for campaign 2082788337
02/07 00:54:33 INFO naive.NaiveAgent|Day 3:  allocated to DummyAdnetwork-7. UCS Level set to 0.5904900000000002 at price 0.07936929656981247 Qualit Score is: 1.0
02/07 00:54:33 INFO naive.NaiveAgent|Day 3: Campaign opportunity - Campaign ID 2112969315: day 5 to 14 [HIGH_INCOME, OLD], reach: 5000 coefs: (v=2.0, m=1.5)
02/07 00:54:33 INFO naive.NaiveAgent|This is the value of cmpBid: 0
02/07 00:54:33 INFO naive.NaiveAgent|Day 3: Campaign total budget bid: 0.0
02/07 00:54:33 INFO naive.NaiveAgent|Day 3: Adjusting ucs bid: was 0.13483767530430069 level reported: 0.5904900000000002 target: 1.0 adjusted: 0.16206121591815031
02/07 00:54:33 INFO naive.NaiveAgent|Day 3 : AdNetworkReport
02/07 00:54:33 INFO naive.NaiveAgent|Day 3 : Simulation Status Received
02/07 00:54:33 INFO naive.NaiveAgent|Day 3: Updated 36 Bid Bundle entries for Campaign id 156178214
02/07 00:54:33 INFO naive.NaiveAgent|Day 3: Sending BidBundle
02/07 00:54:33 INFO naive.NaiveAgent|Day 3 ended. Starting next day
02/07 00:54:42 INFO naive.NaiveAgent|Day 4 :BankStatus[-1.742838]
02/07 00:54:42 INFO naive.NaiveAgent|Day 4: Updating campaign 156178214 stats: 1060.5 tgtImps 3328.0 nonTgtImps. Cost of imps is 1.4566267524887653
02/07 00:54:42 INFO naive.NaiveAgent|Day 4: Daily notification for campaign 2112969315
02/07 00:54:42 INFO naive.NaiveAgent|Day 4:  allocated to DummyAdnetwork-2. UCS Level set to 0.81 at price 0.12216678577887596 Qualit Score is: 1.0
02/07 00:54:42 INFO naive.NaiveAgent|Day 4: Campaign opportunity - Campaign ID 576653024: day 6 to 8 [HIGH_INCOME, OLD], reach: 15000 coefs: (v=2.0, m=1.5)
02/07 00:54:42 INFO naive.NaiveAgent|This is the value of cmpBid: 0
02/07 00:54:42 INFO naive.NaiveAgent|Day 4: Campaign total budget bid: 0.0
02/07 00:54:42 INFO naive.NaiveAgent|Day 4: Adjusting ucs bid: was 0.16206121591815031 level reported: 0.81 target: 1.0 adjusted: 0.12310278344918647
02/07 00:54:42 INFO naive.NaiveAgent|Day 4 : AdNetworkReport
02/07 00:54:42 INFO naive.NaiveAgent|Day 4 : Simulation Status Received
02/07 00:54:42 INFO naive.NaiveAgent|Day 4: Updated 36 Bid Bundle entries for Campaign id 156178214
02/07 00:54:42 INFO naive.NaiveAgent|Day 4: Sending BidBundle
02/07 00:54:42 INFO naive.NaiveAgent|Day 4 ended. Starting next day
02/07 00:54:53 INFO naive.NaiveAgent|Day 5 :BankStatus[-1.851637]
02/07 00:54:53 INFO naive.NaiveAgent|Day 5: Updating campaign 156178214 stats: 1060.5 tgtImps 3329.5 nonTgtImps. Cost of imps is 1.457403357151884
02/07 00:54:53 INFO naive.NaiveAgent|Day 5: Daily notification for campaign 576653024
02/07 00:54:53 INFO naive.NaiveAgent|Day 5:  allocated to DummyAdnetwork-7. UCS Level set to 0.6561000000000001 at price 0.06792572566395225 Qualit Score is: 1.0
02/07 00:54:53 INFO naive.NaiveAgent|Day 5: Campaign opportunity - Campaign ID 1983141279: day 7 to 9 [YOUNG, MALE], reach: 10000 coefs: (v=2.0, m=1.5)
02/07 00:54:53 INFO naive.NaiveAgent|This is the value of cmpBid: 0
02/07 00:54:53 INFO naive.NaiveAgent|Day 5: Campaign total budget bid: 0.0
02/07 00:54:53 INFO naive.NaiveAgent|Day 5: Adjusting ucs bid: was 0.12310278344918647 level reported: 0.6561000000000001 target: 1.0 adjusted: 0.1616640143950388
02/07 00:54:53 INFO naive.NaiveAgent|Day 5 : AdNetworkReport
02/07 00:54:53 INFO naive.NaiveAgent|Day 5 : Simulation Status Received
02/07 00:54:53 INFO naive.NaiveAgent|Day 5: Sending BidBundle
02/07 00:54:53 INFO naive.NaiveAgent|Day 5 ended. Starting next day
02/07 00:55:02 INFO naive.NaiveAgent|Day 6 :BankStatus[-1.942087]
02/07 00:55:02 INFO naive.NaiveAgent|Day 6: Daily notification for campaign 1983141279
02/07 00:55:02 INFO naive.NaiveAgent|Day 6:  allocated to DummyAdnetwork-2. UCS Level set to 0.9 at price 0.12724261302832374 Qualit Score is: 0.8786211681363896
02/07 00:55:02 INFO naive.NaiveAgent|Day 6: Campaign opportunity - Campaign ID 1549433626: day 8 to 10 [HIGH_INCOME, YOUNG], reach: 5000 coefs: (v=2.0, m=1.5)
02/07 00:55:02 INFO naive.NaiveAgent|This is the value of cmpBid: 0
02/07 00:55:02 INFO naive.NaiveAgent|Day 6: Campaign total budget bid: 0.0
02/07 00:55:02 INFO naive.NaiveAgent|Day 6: Adjusting ucs bid: was 0.1616640143950388 level reported: 0.9 target: 1.0 adjusted: 0.16357686925386583
02/07 00:55:02 INFO naive.NaiveAgent|Day 6 : Simulation Status Received
02/07 00:55:02 INFO naive.NaiveAgent|Day 6: Sending BidBundle
02/07 00:55:02 INFO naive.NaiveAgent|Day 6 ended. Starting next day
02/07 00:55:12 INFO naive.NaiveAgent|Day 7 :BankStatus[-1.042040]
02/07 00:55:12 INFO naive.NaiveAgent|Day 7: Daily notification for campaign 1549433626
02/07 00:55:12 INFO naive.NaiveAgent|Day 7:  allocated to DummyAdnetwork-5. UCS Level set to 0.9 at price 0.13869444820087287 Qualit Score is: 0.8786211681363896
02/07 00:55:12 INFO naive.NaiveAgent|Day 7: Campaign opportunity - Campaign ID 1791113902: day 9 to 18 [FEMALE, OLD], reach: 5000 coefs: (v=2.0, m=1.5)
02/07 00:55:12 INFO naive.NaiveAgent|This is the value of cmpBid: 0
02/07 00:55:12 INFO naive.NaiveAgent|Day 7: Campaign total budget bid: 0.0
02/07 00:55:12 INFO naive.NaiveAgent|Day 7: Adjusting ucs bid: was 0.16357686925386583 level reported: 0.9 target: 1.0 adjusted: 0.15824917444026917
02/07 00:55:12 INFO naive.NaiveAgent|Day 7 : Simulation Status Received
02/07 00:55:12 INFO naive.NaiveAgent|Day 7: Sending BidBundle
02/07 00:55:12 INFO naive.NaiveAgent|Day 7 ended. Starting next day
02/07 00:55:22 INFO naive.NaiveAgent|Day 8 :BankStatus[-1.142262]
02/07 00:55:22 INFO naive.NaiveAgent|Day 8: Daily notification for campaign 1791113902
02/07 00:55:22 INFO naive.NaiveAgent|Day 8:  allocated to DummyAdnetwork-4. UCS Level set to 0.81 at price 0.1231481284108483 Qualit Score is: 0.8786211681363896
02/07 00:55:22 INFO naive.NaiveAgent|Day 8: Campaign opportunity - Campaign ID 1316103735: day 10 to 12 [HIGH_INCOME, FEMALE], reach: 10000 coefs: (v=2.0, m=1.5)
02/07 00:55:22 INFO naive.NaiveAgent|This is the value of cmpBid: 0
02/07 00:55:22 INFO naive.NaiveAgent|Day 8: Campaign total budget bid: 0.0
02/07 00:55:22 INFO naive.NaiveAgent|Day 8: Adjusting ucs bid: was 0.15824917444026917 level reported: 0.81 target: 1.0 adjusted: 0.10942774547789286
02/07 00:55:22 INFO naive.NaiveAgent|Day 8 : Simulation Status Received
02/07 00:55:22 INFO naive.NaiveAgent|Day 8: Sending BidBundle
02/07 00:55:22 INFO naive.NaiveAgent|Day 8 ended. Starting next day
02/07 00:55:32 INFO naive.NaiveAgent|Day 9 :BankStatus[-1.252246]
02/07 00:55:32 INFO naive.NaiveAgent|Day 9: Daily notification for campaign 1316103735
02/07 00:55:32 INFO naive.NaiveAgent|Day 9:  allocated to DummyAdnetwork. UCS Level set to 0.47829690000000014 at price 0.0 Qualit Score is: 0.8786211681363896
02/07 00:55:32 INFO naive.NaiveAgent|Day 9: Campaign opportunity - Campaign ID 1025887539: day 11 to 13 [YOUNG, LOW_INCOME], reach: 5000 coefs: (v=2.0, m=1.5)
02/07 00:55:32 INFO naive.NaiveAgent|This is the value of cmpBid: 0
02/07 00:55:32 INFO naive.NaiveAgent|Day 9: Campaign total budget bid: 0.0
02/07 00:55:32 INFO naive.NaiveAgent|Day 9: Adjusting ucs bid: was 0.10942774547789286 level reported: 0.47829690000000014 target: 1.0 adjusted: 0.16240794113591633
02/07 00:55:32 INFO naive.NaiveAgent|Day 9 : Simulation Status Received
02/07 00:55:32 INFO naive.NaiveAgent|Day 9: Sending BidBundle
02/07 00:55:32 INFO naive.NaiveAgent|Day 9 ended. Starting next day
02/07 00:55:42 INFO naive.NaiveAgent|Day 10 :BankStatus[-1.348521]
02/07 00:55:42 INFO naive.NaiveAgent|Day 10: Daily notification for campaign 1025887539
02/07 00:55:42 INFO naive.NaiveAgent|Day 10:  allocated to DummyAdnetwork-6. UCS Level set to 0.81 at price 0.12435759627508247 Qualit Score is: 0.8786211681363896
02/07 00:55:42 INFO naive.NaiveAgent|Day 10: Campaign opportunity - Campaign ID 830043060: day 12 to 14 [HIGH_INCOME, YOUNG], reach: 5000 coefs: (v=2.0, m=1.5)
02/07 00:55:42 INFO naive.NaiveAgent|This is the value of cmpBid: 0
02/07 00:55:42 INFO naive.NaiveAgent|Day 10: Campaign total budget bid: 0.0
02/07 00:55:42 INFO naive.NaiveAgent|Day 10: Adjusting ucs bid: was 0.16240794113591633 level reported: 0.81 target: 1.0 adjusted: 0.13642437182749978
02/07 00:55:42 INFO naive.NaiveAgent|Day 10 : Simulation Status Received
02/07 00:55:42 INFO naive.NaiveAgent|Day 10: Sending BidBundle
02/07 00:55:42 INFO naive.NaiveAgent|Day 10 ended. Starting next day
02/07 00:55:52 INFO naive.NaiveAgent|Day 11 :BankStatus[-1.459438]
02/07 00:55:52 INFO naive.NaiveAgent|Day 11: Daily notification for campaign 830043060
02/07 00:55:52 INFO naive.NaiveAgent|Day 11:  allocated to DummyAdnetwork-3. UCS Level set to 0.7290000000000001 at price 0.09847218150721677 Qualit Score is: 0.8786211681363896
02/07 00:55:52 INFO naive.NaiveAgent|Day 11: Campaign opportunity - Campaign ID 552516213: day 13 to 17 [HIGH_INCOME, YOUNG], reach: 15000 coefs: (v=2.0, m=1.5)
02/07 00:55:52 INFO naive.NaiveAgent|This is the value of cmpBid: 0
02/07 00:55:52 INFO naive.NaiveAgent|Day 11: Campaign total budget bid: 0.0
02/07 00:55:52 INFO naive.NaiveAgent|Day 11: Adjusting ucs bid: was 0.13642437182749978 level reported: 0.7290000000000001 target: 1.0 adjusted: 0.1147658447807621
02/07 00:55:52 INFO naive.NaiveAgent|Day 11 : Simulation Status Received
02/07 00:55:52 INFO naive.NaiveAgent|Day 11: Sending BidBundle
02/07 00:55:52 INFO naive.NaiveAgent|Day 11 ended. Starting next day
02/07 00:56:02 INFO naive.NaiveAgent|Day 12 :BankStatus[-1.557910]
02/07 00:56:02 INFO naive.NaiveAgent|Day 12: Daily notification for campaign 552516213
02/07 00:56:02 INFO naive.NaiveAgent|Day 12:  allocated to DummyAdnetwork-3. UCS Level set to 0.5314410000000002 at price 0.05712096314760567 Qualit Score is: 0.8786211681363896
02/07 00:56:02 INFO naive.NaiveAgent|Day 12: Campaign opportunity - Campaign ID 1545024058: day 14 to 18 [HIGH_INCOME, OLD], reach: 5000 coefs: (v=2.0, m=1.5)
02/07 00:56:02 INFO naive.NaiveAgent|This is the value of cmpBid: 0
02/07 00:56:02 INFO naive.NaiveAgent|Day 12: Campaign total budget bid: 0.0
02/07 00:56:02 INFO naive.NaiveAgent|Day 12: Adjusting ucs bid: was 0.1147658447807621 level reported: 0.5314410000000002 target: 1.0 adjusted: 0.1685404142453912
02/07 00:56:02 INFO naive.NaiveAgent|Day 12 : Simulation Status Received
02/07 00:56:02 INFO naive.NaiveAgent|Day 12: Sending BidBundle
02/07 00:56:02 INFO naive.NaiveAgent|Day 12 ended. Starting next day
02/07 00:56:12 INFO naive.NaiveAgent|Day 13 :BankStatus[-1.658757]
02/07 00:56:12 INFO naive.NaiveAgent|Day 13: Daily notification for campaign 1545024058
02/07 00:56:12 INFO naive.NaiveAgent|Day 13:  allocated to DummyAdnetwork-7. UCS Level set to 0.9 at price 0.1381976554430345 Qualit Score is: 0.8786211681363896
02/07 00:56:12 INFO naive.NaiveAgent|Day 13: Campaign opportunity - Campaign ID 258080232: day 15 to 19 [YOUNG, LOW_INCOME], reach: 5000 coefs: (v=2.0, m=1.5)
02/07 00:56:12 INFO naive.NaiveAgent|This is the value of cmpBid: 0
02/07 00:56:12 INFO naive.NaiveAgent|Day 13: Campaign total budget bid: 0.0
02/07 00:56:12 INFO naive.NaiveAgent|Day 13: Adjusting ucs bid: was 0.1685404142453912 level reported: 0.9 target: 1.0 adjusted: 0.16947880781997504
02/07 00:56:12 INFO naive.NaiveAgent|Day 13 : Simulation Status Received
02/07 00:56:12 INFO naive.NaiveAgent|Day 13: Sending BidBundle
02/07 00:56:12 INFO naive.NaiveAgent|Day 13 ended. Starting next day
02/07 00:56:23 INFO naive.NaiveAgent|Day 14 :BankStatus[-1.766727]
02/07 00:56:23 INFO naive.NaiveAgent|Day 14: Daily notification for campaign 258080232
02/07 00:56:23 INFO naive.NaiveAgent|Day 14:  allocated to DummyAdnetwork-4. UCS Level set to 1.0 at price 0.15621152261365176 Qualit Score is: 0.8786211681363896
02/07 00:56:23 INFO naive.NaiveAgent|Day 14: Campaign opportunity - Campaign ID 1623558752: day 16 to 25 [OLD, MALE], reach: 15000 coefs: (v=2.0, m=1.5)
02/07 00:56:23 INFO naive.NaiveAgent|This is the value of cmpBid: 0
02/07 00:56:23 INFO naive.NaiveAgent|Day 14: Campaign total budget bid: 0.0
02/07 00:56:23 INFO naive.NaiveAgent|Day 14: Adjusting ucs bid: was 0.16947880781997504 level reported: 1.0 target: 1.0 adjusted: 0.16947880781997504
02/07 00:56:23 INFO naive.NaiveAgent|Day 14 : Simulation Status Received
02/07 00:56:23 INFO naive.NaiveAgent|Day 14: Sending BidBundle
02/07 00:56:23 INFO naive.NaiveAgent|Day 14 ended. Starting next day
02/07 00:56:32 INFO naive.NaiveAgent|Day 15 :BankStatus[-1.870516]
02/07 00:56:32 INFO naive.NaiveAgent|Day 15: Daily notification for campaign 1623558752
02/07 00:56:32 INFO naive.NaiveAgent|Day 15:  allocated to DummyAdnetwork-2. UCS Level set to 0.81 at price 0.13351025079755824 Qualit Score is: 0.8786211681363896
02/07 00:56:32 INFO naive.NaiveAgent|Day 15: Campaign opportunity - Campaign ID 755889297: day 17 to 21 [YOUNG, MALE], reach: 5000 coefs: (v=2.0, m=1.5)
02/07 00:56:32 INFO naive.NaiveAgent|This is the value of cmpBid: 0
02/07 00:56:32 INFO naive.NaiveAgent|Day 15: Campaign total budget bid: 0.0
02/07 00:56:32 INFO naive.NaiveAgent|Day 15: Adjusting ucs bid: was 0.16947880781997504 level reported: 0.81 target: 1.0 adjusted: 0.15954017617340108
02/07 00:56:32 INFO naive.NaiveAgent|Day 15 : Simulation Status Received
02/07 00:56:32 INFO naive.NaiveAgent|Day 15: Sending BidBundle
02/07 00:56:32 INFO naive.NaiveAgent|Day 15 ended. Starting next day
02/07 00:56:42 INFO naive.NaiveAgent|Day 16 :BankStatus[-1.990443]
02/07 00:56:42 INFO naive.NaiveAgent|Day 16: Daily notification for campaign 755889297
02/07 00:56:42 INFO naive.NaiveAgent|Day 16:  allocated to DummyAdnetwork-7. UCS Level set to 0.81 at price 0.12365132496623318 Qualit Score is: 0.8786211681363896
02/07 00:56:42 INFO naive.NaiveAgent|Day 16: Campaign opportunity - Campaign ID 1007346073: day 18 to 22 [YOUNG, LOW_INCOME], reach: 15000 coefs: (v=2.0, m=1.5)
02/07 00:56:42 INFO naive.NaiveAgent|This is the value of cmpBid: 0
02/07 00:56:42 INFO naive.NaiveAgent|Day 16: Campaign total budget bid: 0.0
02/07 00:56:42 INFO naive.NaiveAgent|Day 16: Adjusting ucs bid: was 0.15954017617340108 level reported: 0.81 target: 1.0 adjusted: 0.18985280964634726
02/07 00:56:42 INFO naive.NaiveAgent|Day 16 : Simulation Status Received
02/07 00:56:42 INFO naive.NaiveAgent|Day 16: Sending BidBundle
02/07 00:56:42 INFO naive.NaiveAgent|Day 16 ended. Starting next day
02/07 00:56:52 INFO naive.NaiveAgent|Day 17 :BankStatus[-2.088702]
02/07 00:56:52 INFO naive.NaiveAgent|Day 17: Daily notification for campaign 1007346073
02/07 00:56:52 INFO naive.NaiveAgent|Day 17:  allocated to DummyAdnetwork-7. UCS Level set to 1.0 at price 0.18399668111175246 Qualit Score is: 0.8786211681363896
02/07 00:56:52 INFO naive.NaiveAgent|Day 17: Campaign opportunity - Campaign ID 744873746: day 19 to 21 [OLD, LOW_INCOME], reach: 15000 coefs: (v=2.0, m=1.5)
02/07 00:56:52 INFO naive.NaiveAgent|This is the value of cmpBid: 0
02/07 00:56:52 INFO naive.NaiveAgent|Day 17: Campaign total budget bid: 0.0
02/07 00:56:52 INFO naive.NaiveAgent|Day 17: Adjusting ucs bid: was 0.18985280964634726 level reported: 1.0 target: 1.0 adjusted: 0.15521081190783595
02/07 00:56:52 INFO naive.NaiveAgent|Day 17 : Simulation Status Received
02/07 00:56:52 INFO naive.NaiveAgent|Day 17: Sending BidBundle
02/07 00:56:52 INFO naive.NaiveAgent|Day 17 ended. Starting next day
02/07 00:57:03 INFO naive.NaiveAgent|Day 18 :BankStatus[-2.174577]
02/07 00:57:03 INFO naive.NaiveAgent|Day 18: Daily notification for campaign 744873746
02/07 00:57:03 INFO naive.NaiveAgent|Day 18:  allocated to DummyAdnetwork-5. UCS Level set to 0.9 at price 0.1342709127960189 Qualit Score is: 0.8786211681363896
02/07 00:57:03 INFO naive.NaiveAgent|Day 18: Campaign opportunity - Campaign ID 320356952: day 20 to 24 [OLD, MALE], reach: 5000 coefs: (v=2.0, m=1.5)
02/07 00:57:03 INFO naive.NaiveAgent|This is the value of cmpBid: 0
02/07 00:57:03 INFO naive.NaiveAgent|Day 18: Campaign total budget bid: 0.0
02/07 00:57:03 INFO naive.NaiveAgent|Day 18: Adjusting ucs bid: was 0.15521081190783595 level reported: 0.9 target: 1.0 adjusted: 0.17073189309861955
02/07 00:57:03 INFO naive.NaiveAgent|Day 18 : Simulation Status Received
02/07 00:57:03 INFO naive.NaiveAgent|Day 18: Sending BidBundle
02/07 00:57:03 INFO naive.NaiveAgent|Day 18 ended. Starting next day
02/07 00:57:14 INFO naive.NaiveAgent|Day 19 :BankStatus[-2.275008]
02/07 00:57:14 INFO naive.NaiveAgent|Day 19: Daily notification for campaign 320356952
02/07 00:57:14 INFO naive.NaiveAgent|Day 19:  allocated to DummyAdnetwork-7. UCS Level set to 0.81 at price 0.1215576969655625 Qualit Score is: 0.8786211681363896
02/07 00:57:14 INFO naive.NaiveAgent|Day 19: Campaign opportunity - Campaign ID 502230830: day 21 to 25 [HIGH_INCOME, YOUNG], reach: 15000 coefs: (v=2.0, m=1.5)
02/07 00:57:14 INFO naive.NaiveAgent|This is the value of cmpBid: 0
02/07 00:57:14 INFO naive.NaiveAgent|Day 19: Campaign total budget bid: 0.0
02/07 00:57:14 INFO naive.NaiveAgent|Day 19: Adjusting ucs bid: was 0.17073189309861955 level reported: 0.81 target: 1.0 adjusted: 0.18755980232162522
02/07 00:57:14 INFO naive.NaiveAgent|Day 19 : Simulation Status Received
02/07 00:57:14 INFO naive.NaiveAgent|Day 19: Sending BidBundle
02/07 00:57:14 INFO naive.NaiveAgent|Day 19 ended. Starting next day
02/07 00:57:22 INFO naive.NaiveAgent|Day 20 :BankStatus[-2.381290]
02/07 00:57:22 INFO naive.NaiveAgent|Day 20: Daily notification for campaign 502230830
02/07 00:57:22 INFO naive.NaiveAgent|Day 20:  allocated to DummyAdnetwork-3. UCS Level set to 1.0 at price 0.16243749572620111 Qualit Score is: 0.8786211681363896
02/07 00:57:22 INFO naive.NaiveAgent|Day 20: Campaign opportunity - Campaign ID 679603712: day 22 to 24 [OLD, MALE], reach: 15000 coefs: (v=2.0, m=1.5)
02/07 00:57:22 INFO naive.NaiveAgent|This is the value of cmpBid: 0
02/07 00:57:22 INFO naive.NaiveAgent|Day 20: Campaign total budget bid: 0.0
02/07 00:57:22 INFO naive.NaiveAgent|Day 20: Adjusting ucs bid: was 0.18755980232162522 level reported: 1.0 target: 1.0 adjusted: 0.10504418710828983
02/07 00:57:22 INFO naive.NaiveAgent|Day 20 : Simulation Status Received
02/07 00:57:22 INFO naive.NaiveAgent|Day 20: Sending BidBundle
02/07 00:57:22 INFO naive.NaiveAgent|Day 20 ended. Starting next day
02/07 00:57:32 INFO naive.NaiveAgent|Day 21 :BankStatus[-2.473458]
02/07 00:57:32 INFO naive.NaiveAgent|Day 21: Daily notification for campaign 679603712
02/07 00:57:32 INFO naive.NaiveAgent|Day 21:  allocated to DummyAdnetwork-5. UCS Level set to 0.5314410000000002 at price 0.0543011355116695 Qualit Score is: 0.8786211681363896
02/07 00:57:32 INFO naive.NaiveAgent|Day 21: Campaign opportunity - Campaign ID 755533325: day 23 to 25 [HIGH_INCOME, MALE], reach: 15000 coefs: (v=2.0, m=1.5)
02/07 00:57:32 INFO naive.NaiveAgent|This is the value of cmpBid: 0
02/07 00:57:32 INFO naive.NaiveAgent|Day 21: Campaign total budget bid: 0.0
02/07 00:57:32 INFO naive.NaiveAgent|Day 21: Adjusting ucs bid: was 0.10504418710828983 level reported: 0.5314410000000002 target: 1.0 adjusted: 0.154263586375563
02/07 00:57:32 INFO naive.NaiveAgent|Day 21 : Simulation Status Received
02/07 00:57:32 INFO naive.NaiveAgent|Day 21: Sending BidBundle
02/07 00:57:32 INFO naive.NaiveAgent|Day 21 ended. Starting next day
02/07 00:57:42 INFO naive.NaiveAgent|Day 22 :BankStatus[-2.557857]
02/07 00:57:42 INFO naive.NaiveAgent|Day 22: Daily notification for campaign 755533325
02/07 00:57:42 INFO naive.NaiveAgent|Day 22:  allocated to DummyAdnetwork-6. UCS Level set to 0.81 at price 0.12303415293356965 Qualit Score is: 0.8786211681363896
02/07 00:57:42 INFO naive.NaiveAgent|Day 22: Campaign opportunity - Campaign ID 1806548733: day 24 to 28 [FEMALE, LOW_INCOME], reach: 5000 coefs: (v=2.0, m=1.5)
02/07 00:57:42 INFO naive.NaiveAgent|This is the value of cmpBid: 0
02/07 00:57:42 INFO naive.NaiveAgent|Day 22: Campaign total budget bid: 0.0
02/07 00:57:42 INFO naive.NaiveAgent|Day 22: Adjusting ucs bid: was 0.154263586375563 level reported: 0.81 target: 1.0 adjusted: 0.13884342407805375
02/07 00:57:42 INFO naive.NaiveAgent|Day 22 : Simulation Status Received
02/07 00:57:42 INFO naive.NaiveAgent|Day 22: Sending BidBundle
02/07 00:57:42 INFO naive.NaiveAgent|Day 22 ended. Starting next day
02/07 00:57:54 INFO naive.NaiveAgent|Day 23 :BankStatus[-2.661113]
02/07 00:57:54 INFO naive.NaiveAgent|Day 23: Daily notification for campaign 1806548733
02/07 00:57:54 INFO naive.NaiveAgent|Day 23:  allocated to DummyAdnetwork-5. UCS Level set to 0.6561000000000001 at price 0.07515483525944329 Qualit Score is: 0.8786211681363896
02/07 00:57:54 INFO naive.NaiveAgent|Day 23: Campaign opportunity - Campaign ID 666533291: day 25 to 29 [YOUNG, MALE], reach: 10000 coefs: (v=2.0, m=1.5)
02/07 00:57:54 INFO naive.NaiveAgent|This is the value of cmpBid: 0
02/07 00:57:54 INFO naive.NaiveAgent|Day 23: Campaign total budget bid: 0.0
02/07 00:57:54 INFO naive.NaiveAgent|Day 23: Adjusting ucs bid: was 0.13884342407805375 level reported: 0.6561000000000001 target: 1.0 adjusted: 0.18659167761849643
02/07 00:57:54 INFO naive.NaiveAgent|Day 23 : Simulation Status Received
02/07 00:57:54 INFO naive.NaiveAgent|Day 23: Sending BidBundle
02/07 00:57:54 INFO naive.NaiveAgent|Day 23 ended. Starting next day
02/07 00:58:02 INFO naive.NaiveAgent|Day 24 :BankStatus[-2.762330]
02/07 00:58:02 INFO naive.NaiveAgent|Day 24: Daily notification for campaign 666533291
02/07 00:58:02 INFO naive.NaiveAgent|Day 24:  allocated to DummyAdnetwork-5. UCS Level set to 1.0 at price 0.16380125325682005 Qualit Score is: 0.8786211681363896
02/07 00:58:02 INFO naive.NaiveAgent|Day 24: Campaign opportunity - Campaign ID 1802805594: day 26 to 30 [HIGH_INCOME, FEMALE], reach: 5000 coefs: (v=2.0, m=1.5)
02/07 00:58:02 INFO naive.NaiveAgent|This is the value of cmpBid: 0
02/07 00:58:02 INFO naive.NaiveAgent|Day 24: Campaign total budget bid: 0.0
02/07 00:58:02 INFO naive.NaiveAgent|Day 24: Adjusting ucs bid: was 0.18659167761849643 level reported: 1.0 target: 1.0 adjusted: 0.18071931632132152
02/07 00:58:02 INFO naive.NaiveAgent|Day 24 : Simulation Status Received
02/07 00:58:02 INFO naive.NaiveAgent|Day 24: Sending BidBundle
02/07 00:58:02 INFO naive.NaiveAgent|Day 24 ended. Starting next day
02/07 00:58:13 INFO naive.NaiveAgent|Day 25 :BankStatus[-2.868633]
02/07 00:58:13 INFO naive.NaiveAgent|Day 25: Daily notification for campaign 1802805594
02/07 00:58:13 INFO naive.NaiveAgent|Day 25:  allocated to DummyAdnetwork-2. UCS Level set to 1.0 at price 0.17673125873096235 Qualit Score is: 0.8786211681363896
02/07 00:58:13 INFO naive.NaiveAgent|Day 25: Campaign opportunity - Campaign ID 87316911: day 27 to 31 [MALE, LOW_INCOME], reach: 15000 coefs: (v=2.0, m=1.5)
02/07 00:58:13 INFO naive.NaiveAgent|This is the value of cmpBid: 0
02/07 00:58:13 INFO naive.NaiveAgent|Day 25: Campaign total budget bid: 0.0
02/07 00:58:13 INFO naive.NaiveAgent|Day 25: Adjusting ucs bid: was 0.18071931632132152 level reported: 1.0 target: 1.0 adjusted: 0.12103369723388774
02/07 00:58:13 INFO naive.NaiveAgent|Day 25 : Simulation Status Received
02/07 00:58:13 INFO naive.NaiveAgent|Day 25: Sending BidBundle
02/07 00:58:13 INFO naive.NaiveAgent|Day 25 ended. Starting next day
02/07 00:58:22 INFO naive.NaiveAgent|Day 26 :BankStatus[-2.978276]
02/07 00:58:22 INFO naive.NaiveAgent|Day 26: Daily notification for campaign 87316911
02/07 00:58:22 INFO naive.NaiveAgent|Day 26:  allocated to DummyAdnetwork. UCS Level set to 0.5904900000000002 at price 0.06515453090284734 Qualit Score is: 0.8786211681363896
02/07 00:58:22 INFO naive.NaiveAgent|Day 26: Campaign opportunity - Campaign ID 1251925834: day 28 to 32 [YOUNG, MALE], reach: 15000 coefs: (v=2.0, m=1.5)
02/07 00:58:22 INFO naive.NaiveAgent|This is the value of cmpBid: 0
02/07 00:58:22 INFO naive.NaiveAgent|Day 26: Campaign total budget bid: 0.0
02/07 00:58:22 INFO naive.NaiveAgent|Day 26: Adjusting ucs bid: was 0.12103369723388774 level reported: 0.5904900000000002 target: 1.0 adjusted: 0.1705982065881371
02/07 00:58:22 INFO naive.NaiveAgent|Day 26 : Simulation Status Received
02/07 00:58:22 INFO naive.NaiveAgent|Day 26: Sending BidBundle
02/07 00:58:22 INFO naive.NaiveAgent|Day 26 ended. Starting next day
02/07 00:58:31 INFO naive.NaiveAgent|Day 27 :BankStatus[-3.077256]
02/07 00:58:31 INFO naive.NaiveAgent|Day 27: Daily notification for campaign 1251925834
02/07 00:58:31 INFO naive.NaiveAgent|Day 27:  allocated to DummyAdnetwork-2. UCS Level set to 0.81 at price 0.12495234496807309 Qualit Score is: 0.8786211681363896
02/07 00:58:32 INFO naive.NaiveAgent|Day 27: Campaign opportunity - Campaign ID 494851885: day 29 to 38 [HIGH_INCOME, OLD], reach: 5000 coefs: (v=2.0, m=1.5)
02/07 00:58:32 INFO naive.NaiveAgent|This is the value of cmpBid: 0
02/07 00:58:32 INFO naive.NaiveAgent|Day 27: Campaign total budget bid: 0.0
02/07 00:58:32 INFO naive.NaiveAgent|Day 27: Adjusting ucs bid: was 0.1705982065881371 level reported: 0.81 target: 1.0 adjusted: 0.13028308435172073
02/07 00:58:32 INFO naive.NaiveAgent|Day 27 : Simulation Status Received
02/07 00:58:32 INFO naive.NaiveAgent|Day 27: Sending BidBundle
02/07 00:58:32 INFO naive.NaiveAgent|Day 27 ended. Starting next day
02/07 00:58:42 INFO naive.NaiveAgent|Day 28 :BankStatus[-3.180581]
02/07 00:58:42 INFO naive.NaiveAgent|Day 28: Daily notification for campaign 494851885
02/07 00:58:42 INFO naive.NaiveAgent|Day 28:  allocated to DummyAdnetwork. UCS Level set to 0.47829690000000014 at price 0.0 Qualit Score is: 0.8786211681363896
02/07 00:58:42 INFO naive.NaiveAgent|Day 28: Campaign opportunity - Campaign ID 1413726287: day 30 to 34 [OLD, MALE], reach: 5000 coefs: (v=2.0, m=1.5)
02/07 00:58:42 INFO naive.NaiveAgent|This is the value of cmpBid: 0
02/07 00:58:42 INFO naive.NaiveAgent|Day 28: Campaign total budget bid: 0.0
02/07 00:58:42 INFO naive.NaiveAgent|Day 28: Adjusting ucs bid: was 0.13028308435172073 level reported: 0.47829690000000014 target: 1.0 adjusted: 0.11874268581667269
02/07 00:58:42 INFO naive.NaiveAgent|Day 28 : Simulation Status Received
02/07 00:58:42 INFO naive.NaiveAgent|Day 28: Sending BidBundle
02/07 00:58:42 INFO naive.NaiveAgent|Day 28 ended. Starting next day
02/07 00:58:52 INFO naive.NaiveAgent|Day 29 :BankStatus[-3.292752]
02/07 00:58:52 INFO naive.NaiveAgent|Day 29: Daily notification for campaign 1413726287
02/07 00:58:52 INFO naive.NaiveAgent|Day 29:  allocated to DummyAdnetwork. UCS Level set to 0.5314410000000002 at price 0.06126831111784058 Qualit Score is: 0.8786211681363896
02/07 00:58:52 INFO naive.NaiveAgent|Day 29: Campaign opportunity - Campaign ID 1098394945: day 31 to 33 [FEMALE, LOW_INCOME], reach: 10000 coefs: (v=2.0, m=1.5)
02/07 00:58:52 INFO naive.NaiveAgent|This is the value of cmpBid: 0
02/07 00:58:52 INFO naive.NaiveAgent|Day 29: Campaign total budget bid: 0.0
02/07 00:58:52 INFO naive.NaiveAgent|Day 29: Adjusting ucs bid: was 0.11874268581667269 level reported: 0.5314410000000002 target: 1.0 adjusted: 0.13777841099439037
02/07 00:58:52 INFO naive.NaiveAgent|Day 29 : Simulation Status Received
02/07 00:58:52 INFO naive.NaiveAgent|Day 29: Sending BidBundle
02/07 00:58:52 INFO naive.NaiveAgent|Day 29 ended. Starting next day
02/07 00:59:02 INFO naive.NaiveAgent|Day 30 :BankStatus[-3.406745]
02/07 00:59:02 INFO naive.NaiveAgent|Day 30: Daily notification for campaign 1098394945
02/07 00:59:02 INFO naive.NaiveAgent|Day 30:  allocated to DummyAdnetwork. UCS Level set to 0.6561000000000001 at price 0.08401220737164786 Qualit Score is: 0.8786211681363896
02/07 00:59:02 INFO naive.NaiveAgent|Day 30: Campaign opportunity - Campaign ID 707436311: day 32 to 41 [OLD, MALE], reach: 5000 coefs: (v=2.0, m=1.5)
02/07 00:59:02 INFO naive.NaiveAgent|This is the value of cmpBid: 0
02/07 00:59:02 INFO naive.NaiveAgent|Day 30: Campaign total budget bid: 0.0
02/07 00:59:02 INFO naive.NaiveAgent|Day 30: Adjusting ucs bid: was 0.13777841099439037 level reported: 0.6561000000000001 target: 1.0 adjusted: 0.12469891223890425
02/07 00:59:02 INFO naive.NaiveAgent|Day 30 : Simulation Status Received
02/07 00:59:02 INFO naive.NaiveAgent|Day 30: Sending BidBundle
02/07 00:59:02 INFO naive.NaiveAgent|Day 30 ended. Starting next day
