14/07 01:19:01 INFO agents.BrownAgent|UNKNOWN Message Received: edu.umich.eecs.tac.props.AdvertiserInfo@bc76a1c1
14/07 01:19:01 INFO agents.BrownAgent|Day 0 :BankStatus[0.000000]
14/07 01:19:01 INFO agents.BrownAgent|tau.tac.adx.report.demand.InitialCampaignMessage[460910552,1250,1,5,[FEMALE, YOUNG],2.0,1.5,demand,[]]
14/07 01:19:01 INFO agents.BrownAgent|Day 0: Allocated campaign - Campaign ID 460910552: day 1 to 5 [FEMALE, YOUNG], reach: 1250 coefs: (v=2.0, m=1.5)
14/07 01:19:01 INFO agents.BrownAgent|Day 0: Campaign opportunity - Campaign ID 439690959: day 2 to 4 [MALE, HIGH_INCOME], reach: 15000 coefs: (v=2.0, m=1.5)
14/07 01:19:01 INFO agents.BrownAgent|about to get bid bundle from optimizer
14/07 01:19:01 INFO agents.BrownAgent|the bid bundle was null
14/07 01:19:01 INFO agents.BrownAgent|just got new bid bundle
14/07 01:19:01 INFO agents.BrownAgent|just sent new bid bundle
14/07 01:19:01 INFO agents.BrownAgent|Day 0 ended. Starting next day
14/07 01:19:13 INFO agents.BrownAgent|Day 1 :BankStatus[0.000000]
14/07 01:19:13 INFO agents.BrownAgent|Day 1: Daily notification for campaign 439690959
14/07 01:19:13 INFO agents.BrownAgent|about to update modeler
14/07 01:19:13 INFO agents.BrownAgent|Day 1:  allocated to DummyAdnetwork-2. UCS Level set to 1.0 at price 0.1880293214936219 Qualit Score is: 1.0
14/07 01:19:13 INFO agents.BrownAgent|Day 1: Campaign opportunity - Campaign ID 2057009018: day 3 to 12 [OLD, LOW_INCOME], reach: 15000 coefs: (v=2.0, m=1.5)
14/07 01:19:13 INFO agents.BrownAgent|Day 1 : AdNetworkReport
14/07 01:19:13 INFO agents.BrownAgent|about to get bid bundle from optimizer
14/07 01:19:13 INFO agents.BrownAgent|the bid bundle was null
14/07 01:19:13 INFO agents.BrownAgent|just got new bid bundle
14/07 01:19:13 INFO agents.BrownAgent|just sent new bid bundle
14/07 01:19:13 INFO agents.BrownAgent|Day 1 ended. Starting next day
14/07 01:19:22 INFO agents.BrownAgent|Day 2 :BankStatus[-0.120549]
14/07 01:19:22 INFO agents.BrownAgent|Day 2: Updating campaign 460910552 stats: 625.5 tgtImps 3965.0 nonTgtImps. Cost of imps is 0.0022016693257137913
14/07 01:19:22 INFO agents.BrownAgent|Day 2: Daily notification for campaign 2057009018
14/07 01:19:22 INFO agents.BrownAgent|about to update modeler
14/07 01:19:22 INFO agents.BrownAgent|Day 2:  allocated to DummyAdnetwork-3. UCS Level set to 0.7290000000000001 at price 0.11170844455207991 Qualit Score is: 1.0
14/07 01:19:22 INFO agents.BrownAgent|Day 2: Campaign opportunity - Campaign ID 20921409: day 4 to 13 [FEMALE, OLD], reach: 15000 coefs: (v=2.0, m=1.5)
14/07 01:19:22 INFO agents.BrownAgent|Day 2 : AdNetworkReport
14/07 01:19:22 INFO agents.BrownAgent|about to get bid bundle from optimizer
14/07 01:19:22 INFO agents.BrownAgent|the bid bundle was null
14/07 01:19:22 INFO agents.BrownAgent|just got new bid bundle
14/07 01:19:22 INFO agents.BrownAgent|just sent new bid bundle
14/07 01:19:22 INFO agents.BrownAgent|Day 2 ended. Starting next day
14/07 01:19:32 INFO agents.BrownAgent|Day 3 :BankStatus[-0.234598]
14/07 01:19:32 INFO agents.BrownAgent|Day 3: Updating campaign 460910552 stats: 1251.5 tgtImps 5395.0 nonTgtImps. Cost of imps is 0.004541418515524165
14/07 01:19:32 INFO agents.BrownAgent|Day 3: Daily notification for campaign 20921409
14/07 01:19:32 INFO agents.BrownAgent|about to update modeler
14/07 01:19:32 INFO agents.BrownAgent|Day 3:  WON at cost 0.972. UCS Level set to 1.0 at price 0.15678220353103875 Qualit Score is: 1.0
14/07 01:19:32 INFO agents.BrownAgent|Day 3: Campaign opportunity - Campaign ID 221036192: day 5 to 7 [MALE, HIGH_INCOME], reach: 5000 coefs: (v=2.0, m=1.5)
14/07 01:19:32 INFO agents.BrownAgent|Day 3 : AdNetworkReport
14/07 01:19:32 INFO agents.BrownAgent|about to get bid bundle from optimizer
14/07 01:19:32 INFO agents.BrownAgent|the bid bundle was null
14/07 01:19:32 INFO agents.BrownAgent|just got new bid bundle
14/07 01:19:32 INFO agents.BrownAgent|just sent new bid bundle
14/07 01:19:32 INFO agents.BrownAgent|Day 3 ended. Starting next day
14/07 01:19:43 INFO agents.BrownAgent|Day 4 :BankStatus[-0.325942]
14/07 01:19:43 INFO agents.BrownAgent|Day 4: Updating campaign 460910552 stats: 1566.5 tgtImps 6116.5 nonTgtImps. Cost of imps is 0.005057147524178546
14/07 01:19:43 INFO agents.BrownAgent|Day 4: Daily notification for campaign 221036192
14/07 01:19:43 INFO agents.BrownAgent|about to update modeler
14/07 01:19:43 INFO agents.BrownAgent|Day 4:  allocated to adv2. UCS Level set to 0.9 at price 0.10389968709463715 Qualit Score is: 1.0
14/07 01:19:43 INFO agents.BrownAgent|Day 4: Campaign opportunity - Campaign ID 1099499803: day 6 to 8 [MALE, HIGH_INCOME], reach: 5000 coefs: (v=2.0, m=1.5)
14/07 01:19:43 INFO agents.BrownAgent|Day 4 : AdNetworkReport
14/07 01:19:43 INFO agents.BrownAgent|about to get bid bundle from optimizer
14/07 01:19:43 INFO agents.BrownAgent|the bid bundle was null
14/07 01:19:43 INFO agents.BrownAgent|just got new bid bundle
14/07 01:19:43 INFO agents.BrownAgent|just sent new bid bundle
14/07 01:19:43 INFO agents.BrownAgent|Day 4 ended. Starting next day
14/07 01:19:53 INFO agents.BrownAgent|Day 5 :BankStatus[-0.405434]
14/07 01:19:53 INFO agents.BrownAgent|Day 5: Updating campaign 460910552 stats: 1566.5 tgtImps 6116.5 nonTgtImps. Cost of imps is 0.005057147524178546
14/07 01:19:53 INFO agents.BrownAgent|Day 5: Updating campaign 20921409 stats: 1319.0 tgtImps 1853.0 nonTgtImps. Cost of imps is 1.0101413196884158E-4
14/07 01:19:53 INFO agents.BrownAgent|Day 5: Daily notification for campaign 1099499803
14/07 01:19:53 INFO agents.BrownAgent|about to update modeler
14/07 01:19:53 INFO agents.BrownAgent|Day 5:  WON at cost 0.259. UCS Level set to 0.9 at price 0.10546245477044226 Qualit Score is: 1.0
14/07 01:19:53 INFO agents.BrownAgent|Day 5: Campaign opportunity - Campaign ID 1923979328: day 7 to 9 [FEMALE, YOUNG], reach: 5000 coefs: (v=2.0, m=1.5)
14/07 01:19:53 INFO agents.BrownAgent|Day 5 : AdNetworkReport
14/07 01:19:53 INFO agents.BrownAgent|about to get bid bundle from optimizer
14/07 01:19:53 INFO agents.BrownAgent|the bid bundle was null
14/07 01:19:53 INFO agents.BrownAgent|just got new bid bundle
14/07 01:19:53 INFO agents.BrownAgent|just sent new bid bundle
14/07 01:19:53 INFO agents.BrownAgent|Day 5 ended. Starting next day
14/07 01:20:02 INFO agents.BrownAgent|Day 6 :BankStatus[-0.485385]
14/07 01:20:02 INFO agents.BrownAgent|Day 6: Updating campaign 20921409 stats: 2615.0 tgtImps 5063.5 nonTgtImps. Cost of imps is 3.1352674062554083E-4
14/07 01:20:02 INFO agents.BrownAgent|Day 6: Daily notification for campaign 1923979328
14/07 01:20:02 INFO agents.BrownAgent|about to update modeler
14/07 01:20:02 INFO agents.BrownAgent|Day 6:  allocated to adv2. UCS Level set to 0.5314410000000002 at price 0.05486854306248681 Qualit Score is: 1.0964754478252203
14/07 01:20:02 INFO agents.BrownAgent|Day 6: Campaign opportunity - Campaign ID 2134656837: day 8 to 10 [FEMALE, YOUNG], reach: 15000 coefs: (v=2.0, m=1.5)
14/07 01:20:02 INFO agents.BrownAgent|Day 6 : AdNetworkReport
14/07 01:20:02 INFO agents.BrownAgent|about to get bid bundle from optimizer
14/07 01:20:02 INFO agents.BrownAgent|the bid bundle was null
14/07 01:20:02 INFO agents.BrownAgent|just got new bid bundle
14/07 01:20:02 INFO agents.BrownAgent|just sent new bid bundle
14/07 01:20:02 INFO agents.BrownAgent|Day 6 ended. Starting next day
14/07 01:20:13 INFO agents.BrownAgent|Day 7 :BankStatus[0.881426]
14/07 01:20:13 INFO agents.BrownAgent|Day 7: Updating campaign 1099499803 stats: 19.0 tgtImps 176.5 nonTgtImps. Cost of imps is 6.611085061105814E-6
14/07 01:20:13 INFO agents.BrownAgent|Day 7: Updating campaign 20921409 stats: 3502.0 tgtImps 6241.5 nonTgtImps. Cost of imps is 4.2851048972129607E-4
14/07 01:20:13 INFO agents.BrownAgent|Day 7: Daily notification for campaign 2134656837
14/07 01:20:13 INFO agents.BrownAgent|about to update modeler
14/07 01:20:13 INFO agents.BrownAgent|Day 7:  allocated to adv2. UCS Level set to 1.0 at price 0.1304434011310074 Qualit Score is: 1.0964754478252203
14/07 01:20:13 INFO agents.BrownAgent|Day 7: Campaign opportunity - Campaign ID 1242060875: day 9 to 13 [HIGH_INCOME, OLD], reach: 5000 coefs: (v=2.0, m=1.5)
14/07 01:20:13 INFO agents.BrownAgent|Day 7 : AdNetworkReport
14/07 01:20:13 INFO agents.BrownAgent|about to get bid bundle from optimizer
14/07 01:20:13 INFO agents.BrownAgent|the bid bundle was null
14/07 01:20:13 INFO agents.BrownAgent|just got new bid bundle
14/07 01:20:13 INFO agents.BrownAgent|just sent new bid bundle
14/07 01:20:13 INFO agents.BrownAgent|Day 7 ended. Starting next day
14/07 01:20:23 INFO agents.BrownAgent|Day 8 :BankStatus[0.796887]
14/07 01:20:23 INFO agents.BrownAgent|Day 8: Updating campaign 1099499803 stats: 19.0 tgtImps 747.5 nonTgtImps. Cost of imps is 3.2331102295197215E-5
14/07 01:20:23 INFO agents.BrownAgent|Day 8: Updating campaign 20921409 stats: 4736.5 tgtImps 6852.0 nonTgtImps. Cost of imps is 5.168761187489252E-4
14/07 01:20:23 INFO agents.BrownAgent|Day 8: Daily notification for campaign 1242060875
14/07 01:20:23 INFO agents.BrownAgent|about to update modeler
14/07 01:20:23 INFO agents.BrownAgent|Day 8:  WON at cost 0.3091320878007772. UCS Level set to 0.5314410000000002 at price 0.05809347219283258 Qualit Score is: 1.0964754478252203
14/07 01:20:23 INFO agents.BrownAgent|Day 8: Campaign opportunity - Campaign ID 1109779587: day 10 to 14 [MALE, OLD], reach: 15000 coefs: (v=2.0, m=1.5)
14/07 01:20:23 INFO agents.BrownAgent|Day 8 : AdNetworkReport
14/07 01:20:23 INFO agents.BrownAgent|about to get bid bundle from optimizer
14/07 01:20:23 INFO agents.BrownAgent|the bid bundle was null
14/07 01:20:23 INFO agents.BrownAgent|just got new bid bundle
14/07 01:20:23 INFO agents.BrownAgent|just sent new bid bundle
14/07 01:20:23 INFO agents.BrownAgent|Day 8 ended. Starting next day
14/07 01:20:32 INFO agents.BrownAgent|Day 9 :BankStatus[0.713497]
14/07 01:20:32 INFO agents.BrownAgent|Day 9: Updating campaign 20921409 stats: 6375.0 tgtImps 8895.0 nonTgtImps. Cost of imps is 7.0169296540149E-4
14/07 01:20:32 INFO agents.BrownAgent|Day 9: Daily notification for campaign 1109779587
14/07 01:20:32 INFO agents.BrownAgent|about to update modeler
14/07 01:20:32 INFO agents.BrownAgent|Day 9:  allocated to DummyAdnetwork-3. UCS Level set to 1.0 at price 0.12261686216995694 Qualit Score is: 0.47611163751115015
14/07 01:20:32 INFO agents.BrownAgent|Day 9: Campaign opportunity - Campaign ID 1659980315: day 11 to 20 [HIGH_INCOME, YOUNG], reach: 5000 coefs: (v=2.0, m=1.5)
14/07 01:20:32 INFO agents.BrownAgent|Day 9 : AdNetworkReport
14/07 01:20:32 INFO agents.BrownAgent|about to get bid bundle from optimizer
14/07 01:20:32 INFO agents.BrownAgent|the bid bundle was null
14/07 01:20:32 INFO agents.BrownAgent|just got new bid bundle
14/07 01:20:32 INFO agents.BrownAgent|just sent new bid bundle
14/07 01:20:32 INFO agents.BrownAgent|Day 9 ended. Starting next day
14/07 01:20:43 INFO agents.BrownAgent|Day 10 :BankStatus[0.644339]
14/07 01:20:43 INFO agents.BrownAgent|Day 10: Updating campaign 1242060875 stats: 251.0 tgtImps 734.0 nonTgtImps. Cost of imps is 2.903217581555746E-5
14/07 01:20:43 INFO agents.BrownAgent|Day 10: Updating campaign 20921409 stats: 7429.5 tgtImps 10085.5 nonTgtImps. Cost of imps is 8.757456917693774E-4
14/07 01:20:43 INFO agents.BrownAgent|Day 10: Daily notification for campaign 1659980315
14/07 01:20:43 INFO agents.BrownAgent|about to update modeler
14/07 01:20:43 INFO agents.BrownAgent|Day 10:  allocated to DummyAdnetwork-2. UCS Level set to 0.5314410000000002 at price 0.045614539493924876 Qualit Score is: 0.47611163751115015
14/07 01:20:43 INFO agents.BrownAgent|Day 10: Campaign opportunity - Campaign ID 1870306536: day 12 to 21 [FEMALE, OLD], reach: 15000 coefs: (v=2.0, m=1.5)
14/07 01:20:43 INFO agents.BrownAgent|Day 10 : AdNetworkReport
14/07 01:20:43 INFO agents.BrownAgent|about to get bid bundle from optimizer
14/07 01:20:43 INFO agents.BrownAgent|the bid bundle was null
14/07 01:20:43 INFO agents.BrownAgent|just got new bid bundle
14/07 01:20:43 INFO agents.BrownAgent|just sent new bid bundle
14/07 01:20:43 INFO agents.BrownAgent|Day 10 ended. Starting next day
14/07 01:20:52 INFO agents.BrownAgent|Day 11 :BankStatus[0.557122]
14/07 01:20:52 INFO agents.BrownAgent|Day 11: Updating campaign 1242060875 stats: 460.0 tgtImps 1847.0 nonTgtImps. Cost of imps is 8.341966355955459E-5
14/07 01:20:52 INFO agents.BrownAgent|Day 11: Updating campaign 20921409 stats: 7805.0 tgtImps 10614.0 nonTgtImps. Cost of imps is 0.0010134960577145443
14/07 01:20:52 INFO agents.BrownAgent|Day 11: Daily notification for campaign 1870306536
14/07 01:20:52 INFO agents.BrownAgent|about to update modeler
14/07 01:20:52 INFO agents.BrownAgent|Day 11:  allocated to adv2. UCS Level set to 1.0 at price 0.1366641511419617 Qualit Score is: 0.47611163751115015
14/07 01:20:52 INFO agents.BrownAgent|Day 11: Campaign opportunity - Campaign ID 1926243179: day 13 to 22 [OLD, LOW_INCOME], reach: 5000 coefs: (v=2.0, m=1.5)
14/07 01:20:52 INFO agents.BrownAgent|Day 11 : AdNetworkReport
14/07 01:20:52 INFO agents.BrownAgent|about to get bid bundle from optimizer
14/07 01:20:52 INFO agents.BrownAgent|the bid bundle was null
14/07 01:20:52 INFO agents.BrownAgent|just got new bid bundle
14/07 01:20:52 INFO agents.BrownAgent|just sent new bid bundle
14/07 01:20:52 INFO agents.BrownAgent|Day 11 ended. Starting next day
14/07 01:21:03 INFO agents.BrownAgent|Day 12 :BankStatus[0.472469]
14/07 01:21:03 INFO agents.BrownAgent|Day 12: Updating campaign 1242060875 stats: 1331.0 tgtImps 4483.5 nonTgtImps. Cost of imps is 2.9306624333746766E-4
14/07 01:21:03 INFO agents.BrownAgent|Day 12: Updating campaign 20921409 stats: 9173.0 tgtImps 12921.5 nonTgtImps. Cost of imps is 0.0013413521546782078
14/07 01:21:03 INFO agents.BrownAgent|Day 12: Daily notification for campaign 1926243179
14/07 01:21:03 INFO agents.BrownAgent|about to update modeler
14/07 01:21:03 INFO agents.BrownAgent|Day 12:  allocated to DummyAdnetwork-3. UCS Level set to 0.7290000000000001 at price 0.08134565669588191 Qualit Score is: 0.47611163751115015
14/07 01:21:03 INFO agents.BrownAgent|Day 12: Campaign opportunity - Campaign ID 601202567: day 14 to 23 [MALE, LOW_INCOME], reach: 15000 coefs: (v=2.0, m=1.5)
14/07 01:21:03 INFO agents.BrownAgent|Day 12 : AdNetworkReport
14/07 01:21:03 INFO agents.BrownAgent|about to get bid bundle from optimizer
14/07 01:21:03 INFO agents.BrownAgent|the bid bundle was null
14/07 01:21:03 INFO agents.BrownAgent|just got new bid bundle
14/07 01:21:03 INFO agents.BrownAgent|just sent new bid bundle
14/07 01:21:03 INFO agents.BrownAgent|Day 12 ended. Starting next day
14/07 01:21:13 INFO agents.BrownAgent|Day 13 :BankStatus[0.388898]
14/07 01:21:13 INFO agents.BrownAgent|Day 13: Updating campaign 1242060875 stats: 3153.5 tgtImps 8545.5 nonTgtImps. Cost of imps is 0.001166227033134959
14/07 01:21:13 INFO agents.BrownAgent|Day 13: Updating campaign 20921409 stats: 11266.0 tgtImps 16989.0 nonTgtImps. Cost of imps is 0.002693667704982907
14/07 01:21:13 INFO agents.BrownAgent|Day 13: Daily notification for campaign 601202567
14/07 01:21:13 INFO agents.BrownAgent|about to update modeler
14/07 01:21:13 INFO agents.BrownAgent|Day 13:  allocated to DummyAdnetwork-4. UCS Level set to 0.81 at price 0.09347330611005024 Qualit Score is: 0.47611163751115015
14/07 01:21:13 INFO agents.BrownAgent|Day 13: Campaign opportunity - Campaign ID 1415070803: day 15 to 17 [YOUNG, LOW_INCOME], reach: 10000 coefs: (v=2.0, m=1.5)
14/07 01:21:13 INFO agents.BrownAgent|Day 13 : AdNetworkReport
14/07 01:21:13 INFO agents.BrownAgent|about to get bid bundle from optimizer
14/07 01:21:13 INFO agents.BrownAgent|the bid bundle was null
14/07 01:21:13 INFO agents.BrownAgent|just got new bid bundle
14/07 01:21:13 INFO agents.BrownAgent|just sent new bid bundle
14/07 01:21:13 INFO agents.BrownAgent|Day 13 ended. Starting next day
14/07 01:21:22 INFO agents.BrownAgent|Day 14 :BankStatus[0.300178]
14/07 01:21:22 INFO agents.BrownAgent|Day 14: Daily notification for campaign 1415070803
14/07 01:21:22 INFO agents.BrownAgent|about to update modeler
14/07 01:21:22 INFO agents.BrownAgent|Day 14:  allocated to adv2. UCS Level set to 0.9 at price 0.10250156459212849 Qualit Score is: 0.8999958083446786
14/07 01:21:22 INFO agents.BrownAgent|Day 14: Campaign opportunity - Campaign ID 254046595: day 16 to 20 [HIGH_INCOME, YOUNG], reach: 10000 coefs: (v=2.0, m=1.5)
14/07 01:21:22 INFO agents.BrownAgent|about to get bid bundle from optimizer
14/07 01:21:22 INFO agents.BrownAgent|the bid bundle was null
14/07 01:21:22 INFO agents.BrownAgent|just got new bid bundle
14/07 01:21:22 INFO agents.BrownAgent|just sent new bid bundle
14/07 01:21:22 INFO agents.BrownAgent|Day 14 ended. Starting next day
14/07 01:21:33 INFO agents.BrownAgent|Day 15 :BankStatus[1.445108]
14/07 01:21:33 INFO agents.BrownAgent|Day 15: Daily notification for campaign 254046595
14/07 01:21:33 INFO agents.BrownAgent|about to update modeler
14/07 01:21:33 INFO agents.BrownAgent|Day 15:  allocated to DummyAdnetwork-2. UCS Level set to 0.47829690000000014 at price 0.0 Qualit Score is: 0.8999958083446786
14/07 01:21:33 INFO agents.BrownAgent|Day 15: Campaign opportunity - Campaign ID 357959676: day 17 to 21 [OLD, LOW_INCOME], reach: 5000 coefs: (v=2.0, m=1.5)
14/07 01:21:33 INFO agents.BrownAgent|about to get bid bundle from optimizer
14/07 01:21:33 INFO agents.BrownAgent|the bid bundle was null
14/07 01:21:33 INFO agents.BrownAgent|just got new bid bundle
14/07 01:21:33 INFO agents.BrownAgent|just sent new bid bundle
14/07 01:21:33 INFO agents.BrownAgent|Day 15 ended. Starting next day
14/07 01:21:42 INFO agents.BrownAgent|Day 16 :BankStatus[1.368734]
14/07 01:21:42 INFO agents.BrownAgent|Day 16: Daily notification for campaign 357959676
14/07 01:21:42 INFO agents.BrownAgent|about to update modeler
14/07 01:21:42 INFO agents.BrownAgent|Day 16:  allocated to adv2. UCS Level set to 0.47829690000000014 at price 0.0 Qualit Score is: 0.8999958083446786
14/07 01:21:42 INFO agents.BrownAgent|Day 16: Campaign opportunity - Campaign ID 1837301527: day 18 to 27 [MALE, HIGH_INCOME], reach: 10000 coefs: (v=2.0, m=1.5)
14/07 01:21:42 INFO agents.BrownAgent|about to get bid bundle from optimizer
14/07 01:21:42 INFO agents.BrownAgent|the bid bundle was null
14/07 01:21:42 INFO agents.BrownAgent|just got new bid bundle
14/07 01:21:42 INFO agents.BrownAgent|just sent new bid bundle
14/07 01:21:42 INFO agents.BrownAgent|Day 16 ended. Starting next day
14/07 01:21:52 INFO agents.BrownAgent|Day 17 :BankStatus[1.303967]
14/07 01:21:52 INFO agents.BrownAgent|Day 17: Daily notification for campaign 1837301527
14/07 01:21:52 INFO agents.BrownAgent|about to update modeler
14/07 01:21:52 INFO agents.BrownAgent|Day 17:  allocated to DummyAdnetwork-3. UCS Level set to 0.47829690000000014 at price 0.0 Qualit Score is: 0.8999958083446786
14/07 01:21:52 INFO agents.BrownAgent|Day 17: Campaign opportunity - Campaign ID 1524789637: day 19 to 23 [YOUNG, LOW_INCOME], reach: 15000 coefs: (v=2.0, m=1.5)
14/07 01:21:52 INFO agents.BrownAgent|about to get bid bundle from optimizer
14/07 01:21:52 INFO agents.BrownAgent|the bid bundle was null
14/07 01:21:52 INFO agents.BrownAgent|just got new bid bundle
14/07 01:21:52 INFO agents.BrownAgent|just sent new bid bundle
14/07 01:21:52 INFO agents.BrownAgent|Day 17 ended. Starting next day
14/07 01:22:03 INFO agents.BrownAgent|Day 18 :BankStatus[1.241523]
14/07 01:22:03 INFO agents.BrownAgent|Day 18: Daily notification for campaign 1524789637
14/07 01:22:03 INFO agents.BrownAgent|about to update modeler
14/07 01:22:03 INFO agents.BrownAgent|Day 18:  allocated to DummyAdnetwork-5. UCS Level set to 0.47829690000000014 at price 0.0 Qualit Score is: 0.8999958083446786
14/07 01:22:03 INFO agents.BrownAgent|Day 18: Campaign opportunity - Campaign ID 1299345872: day 20 to 22 [OLD, LOW_INCOME], reach: 15000 coefs: (v=2.0, m=1.5)
14/07 01:22:03 INFO agents.BrownAgent|about to get bid bundle from optimizer
14/07 01:22:03 INFO agents.BrownAgent|the bid bundle was null
14/07 01:22:03 INFO agents.BrownAgent|just got new bid bundle
14/07 01:22:03 INFO agents.BrownAgent|just sent new bid bundle
14/07 01:22:03 INFO agents.BrownAgent|Day 18 ended. Starting next day
14/07 01:22:13 INFO agents.BrownAgent|Day 19 :BankStatus[1.183989]
14/07 01:22:13 INFO agents.BrownAgent|Day 19: Daily notification for campaign 1299345872
14/07 01:22:13 INFO agents.BrownAgent|about to update modeler
14/07 01:22:13 INFO agents.BrownAgent|Day 19:  allocated to adv2. UCS Level set to 0.47829690000000014 at price 0.0 Qualit Score is: 0.8999958083446786
14/07 01:22:13 INFO agents.BrownAgent|Day 19: Campaign opportunity - Campaign ID 1418737776: day 21 to 25 [FEMALE, YOUNG], reach: 10000 coefs: (v=2.0, m=1.5)
14/07 01:22:13 INFO agents.BrownAgent|about to get bid bundle from optimizer
14/07 01:22:13 INFO agents.BrownAgent|the bid bundle was null
14/07 01:22:13 INFO agents.BrownAgent|just got new bid bundle
14/07 01:22:13 INFO agents.BrownAgent|just sent new bid bundle
14/07 01:22:13 INFO agents.BrownAgent|Day 19 ended. Starting next day
14/07 01:22:23 INFO agents.BrownAgent|Day 20 :BankStatus[1.129683]
14/07 01:22:23 INFO agents.BrownAgent|Day 20: Daily notification for campaign 1418737776
14/07 01:22:23 INFO agents.BrownAgent|about to update modeler
14/07 01:22:23 INFO agents.BrownAgent|Day 20:  allocated to adv2. UCS Level set to 0.47829690000000014 at price 0.0 Qualit Score is: 0.8999958083446786
14/07 01:22:23 INFO agents.BrownAgent|Day 20: Campaign opportunity - Campaign ID 362527253: day 22 to 26 [OLD, LOW_INCOME], reach: 15000 coefs: (v=2.0, m=1.5)
14/07 01:22:23 INFO agents.BrownAgent|about to get bid bundle from optimizer
14/07 01:22:23 INFO agents.BrownAgent|the bid bundle was null
14/07 01:22:23 INFO agents.BrownAgent|just got new bid bundle
14/07 01:22:23 INFO agents.BrownAgent|just sent new bid bundle
14/07 01:22:23 INFO agents.BrownAgent|Day 20 ended. Starting next day
14/07 01:22:32 INFO agents.BrownAgent|Day 21 :BankStatus[1.078423]
14/07 01:22:32 INFO agents.BrownAgent|Day 21: Daily notification for campaign 362527253
14/07 01:22:32 INFO agents.BrownAgent|about to update modeler
14/07 01:22:32 INFO agents.BrownAgent|Day 21:  allocated to adv2. UCS Level set to 0.47829690000000014 at price 0.0 Qualit Score is: 0.8999958083446786
14/07 01:22:32 INFO agents.BrownAgent|Day 21: Campaign opportunity - Campaign ID 203121197: day 23 to 27 [FEMALE, HIGH_INCOME], reach: 5000 coefs: (v=2.0, m=1.5)
14/07 01:22:32 INFO agents.BrownAgent|about to get bid bundle from optimizer
14/07 01:22:32 INFO agents.BrownAgent|the bid bundle was null
14/07 01:22:32 INFO agents.BrownAgent|just got new bid bundle
14/07 01:22:32 INFO agents.BrownAgent|just sent new bid bundle
14/07 01:22:32 INFO agents.BrownAgent|Day 21 ended. Starting next day
14/07 01:22:44 INFO agents.BrownAgent|Day 22 :BankStatus[1.030039]
14/07 01:22:44 INFO agents.BrownAgent|Day 22: Daily notification for campaign 203121197
14/07 01:22:44 INFO agents.BrownAgent|about to update modeler
14/07 01:22:44 INFO agents.BrownAgent|Day 22:  allocated to adv2. UCS Level set to 0.47829690000000014 at price 0.0 Qualit Score is: 0.8999958083446786
14/07 01:22:44 INFO agents.BrownAgent|Day 22: Campaign opportunity - Campaign ID 806483192: day 24 to 28 [MALE, HIGH_INCOME], reach: 5000 coefs: (v=2.0, m=1.5)
14/07 01:22:44 INFO agents.BrownAgent|about to get bid bundle from optimizer
14/07 01:22:44 INFO agents.BrownAgent|the bid bundle was null
14/07 01:22:44 INFO agents.BrownAgent|just got new bid bundle
14/07 01:22:44 INFO agents.BrownAgent|just sent new bid bundle
14/07 01:22:44 INFO agents.BrownAgent|Day 22 ended. Starting next day
14/07 01:22:52 INFO agents.BrownAgent|Day 23 :BankStatus[0.984470]
14/07 01:22:52 INFO agents.BrownAgent|Day 23: Daily notification for campaign 806483192
14/07 01:22:52 INFO agents.BrownAgent|about to update modeler
14/07 01:22:52 INFO agents.BrownAgent|Day 23:  allocated to adv2. UCS Level set to 0.47829690000000014 at price 0.0 Qualit Score is: 0.8999958083446786
14/07 01:22:52 INFO agents.BrownAgent|Day 23: Campaign opportunity - Campaign ID 647417217: day 25 to 34 [HIGH_INCOME, YOUNG], reach: 10000 coefs: (v=2.0, m=1.5)
14/07 01:22:52 INFO agents.BrownAgent|about to get bid bundle from optimizer
14/07 01:22:52 INFO agents.BrownAgent|the bid bundle was null
14/07 01:22:52 INFO agents.BrownAgent|just got new bid bundle
14/07 01:22:52 INFO agents.BrownAgent|just sent new bid bundle
14/07 01:22:52 INFO agents.BrownAgent|Day 23 ended. Starting next day
14/07 01:23:02 INFO agents.BrownAgent|Day 24 :BankStatus[0.941785]
14/07 01:23:02 INFO agents.BrownAgent|Day 24: Daily notification for campaign 647417217
14/07 01:23:02 INFO agents.BrownAgent|about to update modeler
14/07 01:23:02 INFO agents.BrownAgent|Day 24:  allocated to DummyAdnetwork-5. UCS Level set to 0.47829690000000014 at price 0.0 Qualit Score is: 0.8999958083446786
14/07 01:23:02 INFO agents.BrownAgent|Day 24: Campaign opportunity - Campaign ID 111789177: day 26 to 28 [MALE, HIGH_INCOME], reach: 5000 coefs: (v=2.0, m=1.5)
14/07 01:23:02 INFO agents.BrownAgent|about to get bid bundle from optimizer
14/07 01:23:02 INFO agents.BrownAgent|the bid bundle was null
14/07 01:23:02 INFO agents.BrownAgent|just got new bid bundle
14/07 01:23:02 INFO agents.BrownAgent|just sent new bid bundle
14/07 01:23:02 INFO agents.BrownAgent|Day 24 ended. Starting next day
14/07 01:23:12 INFO agents.BrownAgent|Day 25 :BankStatus[0.903672]
14/07 01:23:12 INFO agents.BrownAgent|Day 25: Daily notification for campaign 111789177
14/07 01:23:12 INFO agents.BrownAgent|about to update modeler
14/07 01:23:12 INFO agents.BrownAgent|Day 25:  allocated to DummyAdnetwork-5. UCS Level set to 0.47829690000000014 at price 0.0 Qualit Score is: 0.8999958083446786
14/07 01:23:12 INFO agents.BrownAgent|Day 25: Campaign opportunity - Campaign ID 872576797: day 27 to 29 [FEMALE, LOW_INCOME], reach: 15000 coefs: (v=2.0, m=1.5)
14/07 01:23:12 INFO agents.BrownAgent|about to get bid bundle from optimizer
14/07 01:23:12 INFO agents.BrownAgent|the bid bundle was null
14/07 01:23:12 INFO agents.BrownAgent|just got new bid bundle
14/07 01:23:12 INFO agents.BrownAgent|just sent new bid bundle
14/07 01:23:12 INFO agents.BrownAgent|Day 25 ended. Starting next day
14/07 01:23:23 INFO agents.BrownAgent|Day 26 :BankStatus[0.868695]
14/07 01:23:23 INFO agents.BrownAgent|Day 26: Daily notification for campaign 872576797
14/07 01:23:23 INFO agents.BrownAgent|about to update modeler
14/07 01:23:23 INFO agents.BrownAgent|Day 26:  allocated to adv2. UCS Level set to 0.47829690000000014 at price 0.0 Qualit Score is: 0.8999958083446786
14/07 01:23:23 INFO agents.BrownAgent|Day 26: Campaign opportunity - Campaign ID 1667292669: day 28 to 37 [HIGH_INCOME, YOUNG], reach: 15000 coefs: (v=2.0, m=1.5)
14/07 01:23:23 INFO agents.BrownAgent|about to get bid bundle from optimizer
14/07 01:23:23 INFO agents.BrownAgent|the bid bundle was null
14/07 01:23:23 INFO agents.BrownAgent|just got new bid bundle
14/07 01:23:23 INFO agents.BrownAgent|just sent new bid bundle
14/07 01:23:23 INFO agents.BrownAgent|Day 26 ended. Starting next day
14/07 01:23:35 INFO agents.BrownAgent|Day 27 :BankStatus[0.835754]
14/07 01:23:35 INFO agents.BrownAgent|Day 27: Daily notification for campaign 1667292669
14/07 01:23:35 INFO agents.BrownAgent|about to update modeler
14/07 01:23:35 INFO agents.BrownAgent|Day 27:  allocated to DummyAdnetwork-4. UCS Level set to 0.47829690000000014 at price 0.0 Qualit Score is: 0.8999958083446786
14/07 01:23:35 INFO agents.BrownAgent|Day 27: Campaign opportunity - Campaign ID 691919204: day 29 to 38 [HIGH_INCOME, OLD], reach: 10000 coefs: (v=2.0, m=1.5)
14/07 01:23:35 INFO agents.BrownAgent|about to get bid bundle from optimizer
14/07 01:23:35 INFO agents.BrownAgent|the bid bundle was null
14/07 01:23:35 INFO agents.BrownAgent|just got new bid bundle
14/07 01:23:35 INFO agents.BrownAgent|just sent new bid bundle
14/07 01:23:35 INFO agents.BrownAgent|Day 27 ended. Starting next day
14/07 01:23:43 INFO agents.BrownAgent|Day 28 :BankStatus[0.804661]
14/07 01:23:43 INFO agents.BrownAgent|Day 28: Daily notification for campaign 691919204
14/07 01:23:43 INFO agents.BrownAgent|about to update modeler
14/07 01:23:43 INFO agents.BrownAgent|Day 28:  allocated to adv2. UCS Level set to 0.47829690000000014 at price 0.0 Qualit Score is: 0.8999958083446786
14/07 01:23:43 INFO agents.BrownAgent|Day 28: Campaign opportunity - Campaign ID 1416349134: day 30 to 34 [MALE, LOW_INCOME], reach: 15000 coefs: (v=2.0, m=1.5)
14/07 01:23:43 INFO agents.BrownAgent|about to get bid bundle from optimizer
14/07 01:23:43 INFO agents.BrownAgent|the bid bundle was null
14/07 01:23:43 INFO agents.BrownAgent|just got new bid bundle
14/07 01:23:43 INFO agents.BrownAgent|just sent new bid bundle
14/07 01:23:43 INFO agents.BrownAgent|Day 28 ended. Starting next day
14/07 01:23:52 INFO agents.BrownAgent|Day 29 :BankStatus[0.775632]
14/07 01:23:53 INFO agents.BrownAgent|Day 29: Daily notification for campaign 1416349134
14/07 01:23:53 INFO agents.BrownAgent|about to update modeler
14/07 01:23:53 INFO agents.BrownAgent|Day 29:  allocated to DummyAdnetwork-3. UCS Level set to 0.47829690000000014 at price 0.0 Qualit Score is: 0.8999958083446786
14/07 01:23:53 INFO agents.BrownAgent|Day 29: Campaign opportunity - Campaign ID 1870520165: day 31 to 35 [YOUNG, LOW_INCOME], reach: 10000 coefs: (v=2.0, m=1.5)
14/07 01:23:53 INFO agents.BrownAgent|about to get bid bundle from optimizer
14/07 01:23:53 INFO agents.BrownAgent|the bid bundle was null
14/07 01:23:53 INFO agents.BrownAgent|just got new bid bundle
14/07 01:23:53 INFO agents.BrownAgent|just sent new bid bundle
14/07 01:23:53 INFO agents.BrownAgent|Day 29 ended. Starting next day
14/07 01:24:02 INFO agents.BrownAgent|Day 30 :BankStatus[0.748231]
14/07 01:24:02 INFO agents.BrownAgent|Day 30: Daily notification for campaign 1870520165
14/07 01:24:02 INFO agents.BrownAgent|about to update modeler
14/07 01:24:02 INFO agents.BrownAgent|Day 30:  allocated to DummyAdnetwork-3. UCS Level set to 0.47829690000000014 at price 0.0 Qualit Score is: 0.8999958083446786
14/07 01:24:02 INFO agents.BrownAgent|Day 30: Campaign opportunity - Campaign ID 156788917: day 32 to 34 [MALE, YOUNG], reach: 10000 coefs: (v=2.0, m=1.5)
14/07 01:24:02 INFO agents.BrownAgent|about to get bid bundle from optimizer
14/07 01:24:02 INFO agents.BrownAgent|the bid bundle was null
14/07 01:24:02 INFO agents.BrownAgent|just got new bid bundle
14/07 01:24:02 INFO agents.BrownAgent|just sent new bid bundle
14/07 01:24:02 INFO agents.BrownAgent|Day 30 ended. Starting next day
14/07 01:24:12 INFO agents.BrownAgent|Day 31 :BankStatus[0.722425]
14/07 01:24:12 INFO agents.BrownAgent|Day 31: Daily notification for campaign 156788917
14/07 01:24:12 INFO agents.BrownAgent|about to update modeler
14/07 01:24:12 INFO agents.BrownAgent|Day 31:  allocated to adv2. UCS Level set to 0.47829690000000014 at price 0.0 Qualit Score is: 0.8999958083446786
14/07 01:24:12 INFO agents.BrownAgent|Day 31: Campaign opportunity - Campaign ID 1367912810: day 33 to 42 [FEMALE, HIGH_INCOME], reach: 15000 coefs: (v=2.0, m=1.5)
14/07 01:24:12 INFO agents.BrownAgent|about to get bid bundle from optimizer
14/07 01:24:12 INFO agents.BrownAgent|the bid bundle was null
14/07 01:24:12 INFO agents.BrownAgent|just got new bid bundle
14/07 01:24:12 INFO agents.BrownAgent|just sent new bid bundle
14/07 01:24:12 INFO agents.BrownAgent|Day 31 ended. Starting next day
14/07 01:24:22 INFO agents.BrownAgent|Day 32 :BankStatus[0.698067]
14/07 01:24:22 INFO agents.BrownAgent|Day 32: Daily notification for campaign 1367912810
14/07 01:24:22 INFO agents.BrownAgent|about to update modeler
14/07 01:24:22 INFO agents.BrownAgent|Day 32:  allocated to DummyAdnetwork. UCS Level set to 0.47829690000000014 at price 0.0 Qualit Score is: 0.8999958083446786
14/07 01:24:22 INFO agents.BrownAgent|Day 32: Campaign opportunity - Campaign ID 1609727166: day 34 to 38 [HIGH_INCOME, YOUNG], reach: 15000 coefs: (v=2.0, m=1.5)
14/07 01:24:22 INFO agents.BrownAgent|about to get bid bundle from optimizer
14/07 01:24:22 INFO agents.BrownAgent|the bid bundle was null
14/07 01:24:22 INFO agents.BrownAgent|just got new bid bundle
14/07 01:24:22 INFO agents.BrownAgent|just sent new bid bundle
14/07 01:24:22 INFO agents.BrownAgent|Day 32 ended. Starting next day
14/07 01:24:33 INFO agents.BrownAgent|Day 33 :BankStatus[0.675326]
14/07 01:24:33 INFO agents.BrownAgent|Day 33: Daily notification for campaign 1609727166
14/07 01:24:33 INFO agents.BrownAgent|about to update modeler
14/07 01:24:33 INFO agents.BrownAgent|Day 33:  allocated to adv2. UCS Level set to 0.47829690000000014 at price 0.0 Qualit Score is: 0.8999958083446786
14/07 01:24:33 INFO agents.BrownAgent|Day 33: Campaign opportunity - Campaign ID 175822231: day 35 to 39 [MALE, YOUNG], reach: 10000 coefs: (v=2.0, m=1.5)
14/07 01:24:33 INFO agents.BrownAgent|about to get bid bundle from optimizer
14/07 01:24:33 INFO agents.BrownAgent|the bid bundle was null
14/07 01:24:33 INFO agents.BrownAgent|just got new bid bundle
14/07 01:24:33 INFO agents.BrownAgent|just sent new bid bundle
14/07 01:24:33 INFO agents.BrownAgent|Day 33 ended. Starting next day
14/07 01:24:42 INFO agents.BrownAgent|Day 34 :BankStatus[0.654987]
14/07 01:24:42 INFO agents.BrownAgent|Day 34: Daily notification for campaign 175822231
14/07 01:24:42 INFO agents.BrownAgent|about to update modeler
14/07 01:24:42 INFO agents.BrownAgent|Day 34:  allocated to adv2. UCS Level set to 0.47829690000000014 at price 0.0 Qualit Score is: 0.8999958083446786
14/07 01:24:42 INFO agents.BrownAgent|Day 34: Campaign opportunity - Campaign ID 1191456147: day 36 to 45 [HIGH_INCOME, YOUNG], reach: 10000 coefs: (v=2.0, m=1.5)
14/07 01:24:42 INFO agents.BrownAgent|about to get bid bundle from optimizer
14/07 01:24:42 INFO agents.BrownAgent|the bid bundle was null
14/07 01:24:42 INFO agents.BrownAgent|just got new bid bundle
14/07 01:24:42 INFO agents.BrownAgent|just sent new bid bundle
14/07 01:24:42 INFO agents.BrownAgent|Day 34 ended. Starting next day
14/07 01:24:52 INFO agents.BrownAgent|Day 35 :BankStatus[0.636291]
14/07 01:24:52 INFO agents.BrownAgent|Day 35: Daily notification for campaign 1191456147
14/07 01:24:52 INFO agents.BrownAgent|about to update modeler
14/07 01:24:52 INFO agents.BrownAgent|Day 35:  allocated to DummyAdnetwork. UCS Level set to 0.47829690000000014 at price 0.0 Qualit Score is: 0.8999958083446786
14/07 01:24:52 INFO agents.BrownAgent|Day 35: Campaign opportunity - Campaign ID 825375682: day 37 to 46 [MALE, OLD], reach: 5000 coefs: (v=2.0, m=1.5)
14/07 01:24:52 INFO agents.BrownAgent|about to get bid bundle from optimizer
14/07 01:24:52 INFO agents.BrownAgent|the bid bundle was null
14/07 01:24:52 INFO agents.BrownAgent|just got new bid bundle
14/07 01:24:52 INFO agents.BrownAgent|just sent new bid bundle
14/07 01:24:52 INFO agents.BrownAgent|Day 35 ended. Starting next day
14/07 01:25:02 INFO agents.BrownAgent|Day 36 :BankStatus[0.618682]
14/07 01:25:02 INFO agents.BrownAgent|Day 36: Daily notification for campaign 825375682
14/07 01:25:02 INFO agents.BrownAgent|about to update modeler
14/07 01:25:02 INFO agents.BrownAgent|Day 36:  allocated to DummyAdnetwork-4. UCS Level set to 0.47829690000000014 at price 0.0 Qualit Score is: 0.8999958083446786
14/07 01:25:02 INFO agents.BrownAgent|Day 36: Campaign opportunity - Campaign ID 224594806: day 38 to 47 [HIGH_INCOME, OLD], reach: 5000 coefs: (v=2.0, m=1.5)
14/07 01:25:03 INFO agents.BrownAgent|about to get bid bundle from optimizer
14/07 01:25:03 INFO agents.BrownAgent|the bid bundle was null
14/07 01:25:03 INFO agents.BrownAgent|just got new bid bundle
14/07 01:25:03 INFO agents.BrownAgent|just sent new bid bundle
14/07 01:25:03 INFO agents.BrownAgent|Day 36 ended. Starting next day
14/07 01:25:13 INFO agents.BrownAgent|Day 37 :BankStatus[0.602062]
14/07 01:25:13 INFO agents.BrownAgent|Day 37: Daily notification for campaign 224594806
14/07 01:25:13 INFO agents.BrownAgent|about to update modeler
14/07 01:25:13 INFO agents.BrownAgent|Day 37:  allocated to DummyAdnetwork-4. UCS Level set to 0.47829690000000014 at price 0.0 Qualit Score is: 0.8999958083446786
14/07 01:25:13 INFO agents.BrownAgent|Day 37: Campaign opportunity - Campaign ID 311120870: day 39 to 41 [MALE, HIGH_INCOME], reach: 5000 coefs: (v=2.0, m=1.5)
14/07 01:25:13 INFO agents.BrownAgent|about to get bid bundle from optimizer
14/07 01:25:13 INFO agents.BrownAgent|the bid bundle was null
14/07 01:25:13 INFO agents.BrownAgent|just got new bid bundle
14/07 01:25:13 INFO agents.BrownAgent|just sent new bid bundle
14/07 01:25:13 INFO agents.BrownAgent|Day 37 ended. Starting next day
14/07 01:25:23 INFO agents.BrownAgent|Day 38 :BankStatus[0.586544]
14/07 01:25:23 INFO agents.BrownAgent|Day 38: Daily notification for campaign 311120870
14/07 01:25:23 INFO agents.BrownAgent|about to update modeler
14/07 01:25:23 INFO agents.BrownAgent|Day 38:  allocated to DummyAdnetwork. UCS Level set to 0.47829690000000014 at price 0.0 Qualit Score is: 0.8999958083446786
14/07 01:25:23 INFO agents.BrownAgent|Day 38: Campaign opportunity - Campaign ID 1578043939: day 40 to 42 [MALE, LOW_INCOME], reach: 15000 coefs: (v=2.0, m=1.5)
14/07 01:25:23 INFO agents.BrownAgent|about to get bid bundle from optimizer
14/07 01:25:23 INFO agents.BrownAgent|the bid bundle was null
14/07 01:25:23 INFO agents.BrownAgent|just got new bid bundle
14/07 01:25:23 INFO agents.BrownAgent|just sent new bid bundle
14/07 01:25:23 INFO agents.BrownAgent|Day 38 ended. Starting next day
14/07 01:25:32 INFO agents.BrownAgent|Day 39 :BankStatus[0.571898]
14/07 01:25:32 INFO agents.BrownAgent|Day 39: Daily notification for campaign 1578043939
14/07 01:25:32 INFO agents.BrownAgent|about to update modeler
14/07 01:25:32 INFO agents.BrownAgent|Day 39:  allocated to adv2. UCS Level set to 0.47829690000000014 at price 0.0 Qualit Score is: 0.8999958083446786
14/07 01:25:32 INFO agents.BrownAgent|Day 39: Campaign opportunity - Campaign ID 757239129: day 41 to 50 [FEMALE, LOW_INCOME], reach: 5000 coefs: (v=2.0, m=1.5)
14/07 01:25:32 INFO agents.BrownAgent|about to get bid bundle from optimizer
14/07 01:25:32 INFO agents.BrownAgent|the bid bundle was null
14/07 01:25:32 INFO agents.BrownAgent|just got new bid bundle
14/07 01:25:32 INFO agents.BrownAgent|just sent new bid bundle
14/07 01:25:32 INFO agents.BrownAgent|Day 39 ended. Starting next day
14/07 01:25:42 INFO agents.BrownAgent|Day 40 :BankStatus[0.558104]
14/07 01:25:42 INFO agents.BrownAgent|Day 40: Daily notification for campaign 757239129
14/07 01:25:42 INFO agents.BrownAgent|about to update modeler
14/07 01:25:42 INFO agents.BrownAgent|Day 40:  allocated to adv2. UCS Level set to 0.47829690000000014 at price 0.0 Qualit Score is: 0.8999958083446786
14/07 01:25:42 INFO agents.BrownAgent|Day 40: Campaign opportunity - Campaign ID 480882934: day 42 to 46 [YOUNG, LOW_INCOME], reach: 15000 coefs: (v=2.0, m=1.5)
14/07 01:25:42 INFO agents.BrownAgent|about to get bid bundle from optimizer
14/07 01:25:42 INFO agents.BrownAgent|the bid bundle was null
14/07 01:25:42 INFO agents.BrownAgent|just got new bid bundle
14/07 01:25:42 INFO agents.BrownAgent|just sent new bid bundle
14/07 01:25:42 INFO agents.BrownAgent|Day 40 ended. Starting next day
14/07 01:25:53 INFO agents.BrownAgent|Day 41 :BankStatus[0.545083]
14/07 01:25:53 INFO agents.BrownAgent|Day 41: Daily notification for campaign 480882934
14/07 01:25:53 INFO agents.BrownAgent|about to update modeler
14/07 01:25:53 INFO agents.BrownAgent|Day 41:  allocated to adv2. UCS Level set to 0.47829690000000014 at price 0.0 Qualit Score is: 0.8999958083446786
14/07 01:25:53 INFO agents.BrownAgent|Day 41: Campaign opportunity - Campaign ID 162055318: day 43 to 47 [FEMALE, HIGH_INCOME], reach: 15000 coefs: (v=2.0, m=1.5)
14/07 01:25:53 INFO agents.BrownAgent|about to get bid bundle from optimizer
14/07 01:25:53 INFO agents.BrownAgent|the bid bundle was null
14/07 01:25:53 INFO agents.BrownAgent|just got new bid bundle
14/07 01:25:53 INFO agents.BrownAgent|just sent new bid bundle
14/07 01:25:53 INFO agents.BrownAgent|Day 41 ended. Starting next day
14/07 01:26:02 INFO agents.BrownAgent|Day 42 :BankStatus[0.532927]
14/07 01:26:02 INFO agents.BrownAgent|Day 42: Daily notification for campaign 162055318
14/07 01:26:02 INFO agents.BrownAgent|about to update modeler
14/07 01:26:02 INFO agents.BrownAgent|Day 42:  allocated to DummyAdnetwork. UCS Level set to 0.47829690000000014 at price 0.0 Qualit Score is: 0.8999958083446786
14/07 01:26:02 INFO agents.BrownAgent|Day 42: Campaign opportunity - Campaign ID 1786461318: day 44 to 53 [YOUNG, LOW_INCOME], reach: 5000 coefs: (v=2.0, m=1.5)
14/07 01:26:02 INFO agents.BrownAgent|about to get bid bundle from optimizer
14/07 01:26:02 INFO agents.BrownAgent|the bid bundle was null
14/07 01:26:02 INFO agents.BrownAgent|just got new bid bundle
14/07 01:26:02 INFO agents.BrownAgent|just sent new bid bundle
14/07 01:26:02 INFO agents.BrownAgent|Day 42 ended. Starting next day
14/07 01:26:12 INFO agents.BrownAgent|Day 43 :BankStatus[0.521981]
14/07 01:26:12 INFO agents.BrownAgent|Day 43: Daily notification for campaign 1786461318
14/07 01:26:12 INFO agents.BrownAgent|about to update modeler
14/07 01:26:12 INFO agents.BrownAgent|Day 43:  allocated to DummyAdnetwork-6. UCS Level set to 0.47829690000000014 at price 0.0 Qualit Score is: 0.8999958083446786
14/07 01:26:12 INFO agents.BrownAgent|Day 43: Campaign opportunity - Campaign ID 1266085756: day 45 to 54 [MALE, YOUNG], reach: 15000 coefs: (v=2.0, m=1.5)
14/07 01:26:12 INFO agents.BrownAgent|about to get bid bundle from optimizer
14/07 01:26:12 INFO agents.BrownAgent|the bid bundle was null
14/07 01:26:12 INFO agents.BrownAgent|just got new bid bundle
14/07 01:26:12 INFO agents.BrownAgent|just sent new bid bundle
14/07 01:26:12 INFO agents.BrownAgent|Day 43 ended. Starting next day
14/07 01:26:24 INFO agents.BrownAgent|Day 44 :BankStatus[0.511987]
14/07 01:26:24 INFO agents.BrownAgent|Day 44: Daily notification for campaign 1266085756
14/07 01:26:24 INFO agents.BrownAgent|about to update modeler
14/07 01:26:24 INFO agents.BrownAgent|Day 44:  allocated to adv2. UCS Level set to 0.47829690000000014 at price 0.0 Qualit Score is: 0.8999958083446786
14/07 01:26:24 INFO agents.BrownAgent|Day 44: Campaign opportunity - Campaign ID 1256578710: day 46 to 50 [FEMALE, HIGH_INCOME], reach: 15000 coefs: (v=2.0, m=1.5)
14/07 01:26:24 INFO agents.BrownAgent|about to get bid bundle from optimizer
14/07 01:26:24 INFO agents.BrownAgent|the bid bundle was null
14/07 01:26:24 INFO agents.BrownAgent|just got new bid bundle
14/07 01:26:24 INFO agents.BrownAgent|just sent new bid bundle
14/07 01:26:24 INFO agents.BrownAgent|Day 44 ended. Starting next day
14/07 01:26:32 INFO agents.BrownAgent|Day 45 :BankStatus[0.502554]
14/07 01:26:32 INFO agents.BrownAgent|Day 45: Daily notification for campaign 1256578710
14/07 01:26:32 INFO agents.BrownAgent|about to update modeler
14/07 01:26:32 INFO agents.BrownAgent|Day 45:  allocated to DummyAdnetwork-2. UCS Level set to 0.47829690000000014 at price 0.0 Qualit Score is: 0.8999958083446786
14/07 01:26:32 INFO agents.BrownAgent|Day 45: Campaign opportunity - Campaign ID 1185406310: day 47 to 56 [MALE, OLD], reach: 5000 coefs: (v=2.0, m=1.5)
14/07 01:26:32 INFO agents.BrownAgent|about to get bid bundle from optimizer
14/07 01:26:32 INFO agents.BrownAgent|the bid bundle was null
14/07 01:26:32 INFO agents.BrownAgent|just got new bid bundle
14/07 01:26:32 INFO agents.BrownAgent|just sent new bid bundle
14/07 01:26:32 INFO agents.BrownAgent|Day 45 ended. Starting next day
14/07 01:26:43 INFO agents.BrownAgent|Day 46 :BankStatus[0.493649]
14/07 01:26:43 INFO agents.BrownAgent|Day 46: Daily notification for campaign 1185406310
14/07 01:26:43 INFO agents.BrownAgent|about to update modeler
14/07 01:26:43 INFO agents.BrownAgent|Day 46:  allocated to adv2. UCS Level set to 0.47829690000000014 at price 0.0 Qualit Score is: 0.8999958083446786
14/07 01:26:43 INFO agents.BrownAgent|Day 46: Campaign opportunity - Campaign ID 1352368837: day 48 to 52 [OLD, LOW_INCOME], reach: 10000 coefs: (v=2.0, m=1.5)
14/07 01:26:43 INFO agents.BrownAgent|about to get bid bundle from optimizer
14/07 01:26:43 INFO agents.BrownAgent|the bid bundle was null
14/07 01:26:43 INFO agents.BrownAgent|just got new bid bundle
14/07 01:26:43 INFO agents.BrownAgent|just sent new bid bundle
14/07 01:26:43 INFO agents.BrownAgent|Day 46 ended. Starting next day
14/07 01:26:52 INFO agents.BrownAgent|Day 47 :BankStatus[0.485245]
14/07 01:26:52 INFO agents.BrownAgent|Day 47: Daily notification for campaign 1352368837
14/07 01:26:52 INFO agents.BrownAgent|about to update modeler
14/07 01:26:52 INFO agents.BrownAgent|Day 47:  allocated to adv2. UCS Level set to 0.47829690000000014 at price 0.0 Qualit Score is: 0.8999958083446786
14/07 01:26:52 INFO agents.BrownAgent|Day 47: Campaign opportunity - Campaign ID 359044049: day 49 to 58 [FEMALE, LOW_INCOME], reach: 15000 coefs: (v=2.0, m=1.5)
14/07 01:26:52 INFO agents.BrownAgent|about to get bid bundle from optimizer
14/07 01:26:52 INFO agents.BrownAgent|the bid bundle was null
14/07 01:26:52 INFO agents.BrownAgent|just got new bid bundle
14/07 01:26:52 INFO agents.BrownAgent|just sent new bid bundle
14/07 01:26:52 INFO agents.BrownAgent|Day 47 ended. Starting next day
