30/06 01:50:00 INFO naive.NaiveAgent|UNKNOWN Message Received: edu.umich.eecs.tac.props.AdvertiserInfo@bc76a1c1
30/06 01:50:00 INFO naive.NaiveAgent|Day 0 :BankStatus[0.000000]
30/06 01:50:00 INFO naive.NaiveAgent|tau.tac.adx.report.demand.InitialCampaignMessage[756477686,1250,1,5,[HIGH_INCOME, YOUNG],2.0,1.5,demand,[]]
30/06 01:50:00 INFO naive.NaiveAgent|Day 0: Allocated campaign - Campaign ID 756477686: day 1 to 5 [HIGH_INCOME, YOUNG], reach: 1250 coefs: (v=2.0, m=1.5)
30/06 01:50:00 INFO naive.NaiveAgent|Day 0: Campaign opportunity - Campaign ID 1133734786: day 2 to 4 [HIGH_INCOME, YOUNG], reach: 10000 coefs: (v=2.0, m=1.5)
30/06 01:50:00 INFO naive.NaiveAgent|This is the value of cmpBid: 1
30/06 01:50:00 INFO naive.NaiveAgent|Day 0: Campaign total budget bid: 0.0010
30/06 01:50:00 INFO naive.NaiveAgent|Day 0: Initial ucs bid is 0.19676277786043667
30/06 01:50:00 INFO naive.NaiveAgent|Day 0 : Simulation Status Received
30/06 01:50:00 INFO naive.NaiveAgent|Day 0: Updated 36 Bid Bundle entries for Campaign id 756477686
30/06 01:50:00 INFO naive.NaiveAgent|Day 0: Sending BidBundle
30/06 01:50:00 INFO naive.NaiveAgent|Day 0 ended. Starting next day
30/06 01:50:12 INFO naive.NaiveAgent|Day 1 :BankStatus[0.000000]
30/06 01:50:12 INFO naive.NaiveAgent|Day 1: Daily notification for campaign 1133734786
30/06 01:50:12 INFO naive.NaiveAgent|Day 1:  WON at cost 1.01. UCS Level set to 1.0 at price 0.1806267605729935 Qualit Score is: 1.0
30/06 01:50:12 INFO naive.NaiveAgent|Day 1: Campaign opportunity - Campaign ID 925746060: day 3 to 12 [LOW_INCOME, OLD], reach: 15000 coefs: (v=2.0, m=1.5)
30/06 01:50:12 INFO naive.NaiveAgent|This is the value of cmpBid: 1
30/06 01:50:12 INFO naive.NaiveAgent|Day 1: Campaign total budget bid: 0.0010
30/06 01:50:12 INFO naive.NaiveAgent|Day 1: Adjusting ucs bid: was 0.19676277786043667 level reported: 1.0 target: 0.7 adjusted: 0.12873203369750966
30/06 01:50:12 INFO naive.NaiveAgent|Day 1 : AdNetworkReport
30/06 01:50:12 INFO naive.NaiveAgent|Day 1 : Simulation Status Received
30/06 01:50:12 INFO naive.NaiveAgent|Day 1: Updated 36 Bid Bundle entries for Campaign id 756477686
30/06 01:50:12 INFO naive.NaiveAgent|Day 1: Updated 36 Bid Bundle entries for Campaign id 1133734786
30/06 01:50:12 INFO naive.NaiveAgent|Day 1: Sending BidBundle
30/06 01:50:12 INFO naive.NaiveAgent|Day 1 ended. Starting next day
30/06 01:50:22 INFO naive.NaiveAgent|Day 2 :BankStatus[-0.104261]
30/06 01:50:22 INFO naive.NaiveAgent|Day 2: Updating campaign 756477686 stats: 627.0 tgtImps 657.0 nonTgtImps. Cost of imps is 0.0013495720802592839
30/06 01:50:22 INFO naive.NaiveAgent|Day 2: Daily notification for campaign 925746060
30/06 01:50:22 INFO naive.NaiveAgent|Day 2:  WON at cost 0.376. UCS Level set to 0.5314410000000002 at price 0.06840063312414428 Qualit Score is: 1.0
30/06 01:50:22 INFO naive.NaiveAgent|Day 2: Campaign opportunity - Campaign ID 217353636: day 4 to 8 [MALE, OLD], reach: 10000 coefs: (v=2.0, m=1.5)
30/06 01:50:22 INFO naive.NaiveAgent|This is the value of cmpBid: 1
30/06 01:50:22 INFO naive.NaiveAgent|Day 2: Campaign total budget bid: 0.0010
30/06 01:50:22 INFO naive.NaiveAgent|Day 2: Adjusting ucs bid: was 0.12873203369750966 level reported: 0.5314410000000002 target: 0.7 adjusted: 0.12608147476114762
30/06 01:50:22 INFO naive.NaiveAgent|Day 2 : AdNetworkReport
30/06 01:50:22 INFO naive.NaiveAgent|Day 2 : Simulation Status Received
30/06 01:50:22 INFO naive.NaiveAgent|Day 2: Updated 36 Bid Bundle entries for Campaign id 925746060
30/06 01:50:22 INFO naive.NaiveAgent|Day 2: Updated 36 Bid Bundle entries for Campaign id 756477686
30/06 01:50:22 INFO naive.NaiveAgent|Day 2: Updated 36 Bid Bundle entries for Campaign id 1133734786
30/06 01:50:22 INFO naive.NaiveAgent|Day 2: Sending BidBundle
30/06 01:50:22 INFO naive.NaiveAgent|Day 2 ended. Starting next day
30/06 01:50:32 INFO naive.NaiveAgent|Day 3 :BankStatus[-0.206942]
30/06 01:50:32 INFO naive.NaiveAgent|Day 3: Updating campaign 1133734786 stats: 0.0 tgtImps 0.0 nonTgtImps. Cost of imps is 0.0
30/06 01:50:32 INFO naive.NaiveAgent|Day 3: Updating campaign 756477686 stats: 1259.0 tgtImps 1093.0 nonTgtImps. Cost of imps is 0.002431540066073837
30/06 01:50:32 INFO naive.NaiveAgent|Day 3: Daily notification for campaign 217353636
30/06 01:50:32 INFO naive.NaiveAgent|Day 3:  WON at cost 1.782. UCS Level set to 0.5904900000000002 at price 0.07316338833209776 Qualit Score is: 1.0
30/06 01:50:32 INFO naive.NaiveAgent|Day 3: Campaign opportunity - Campaign ID 1044226663: day 5 to 14 [LOW_INCOME, YOUNG], reach: 10000 coefs: (v=2.0, m=1.5)
30/06 01:50:32 INFO naive.NaiveAgent|This is the value of cmpBid: 1
30/06 01:50:32 INFO naive.NaiveAgent|Day 3: Campaign total budget bid: 0.0010
30/06 01:50:32 INFO naive.NaiveAgent|Day 3: Adjusting ucs bid: was 0.12608147476114762 level reported: 0.5904900000000002 target: 0.7 adjusted: 0.10874807483917226
30/06 01:50:32 INFO naive.NaiveAgent|Day 3 : AdNetworkReport
30/06 01:50:32 INFO naive.NaiveAgent|Day 3 : Simulation Status Received
30/06 01:50:32 INFO naive.NaiveAgent|Day 3: Updated 36 Bid Bundle entries for Campaign id 925746060
30/06 01:50:32 INFO naive.NaiveAgent|Day 3: Updated 36 Bid Bundle entries for Campaign id 217353636
30/06 01:50:32 INFO naive.NaiveAgent|Day 3: Updated 36 Bid Bundle entries for Campaign id 756477686
30/06 01:50:32 INFO naive.NaiveAgent|Day 3: Updated 36 Bid Bundle entries for Campaign id 1133734786
30/06 01:50:32 INFO naive.NaiveAgent|Day 3: Sending BidBundle
30/06 01:50:32 INFO naive.NaiveAgent|Day 3 ended. Starting next day
30/06 01:50:42 INFO naive.NaiveAgent|Day 4 :BankStatus[-0.303174]
30/06 01:50:42 INFO naive.NaiveAgent|Day 4: Updating campaign 925746060 stats: 0.0 tgtImps 0.0 nonTgtImps. Cost of imps is 0.0
30/06 01:50:42 INFO naive.NaiveAgent|Day 4: Updating campaign 1133734786 stats: 0.0 tgtImps 0.0 nonTgtImps. Cost of imps is 0.0
30/06 01:50:42 INFO naive.NaiveAgent|Day 4: Updating campaign 756477686 stats: 1577.0 tgtImps 1143.0 nonTgtImps. Cost of imps is 0.002804121789406219
30/06 01:50:42 INFO naive.NaiveAgent|Day 4: Daily notification for campaign 1044226663
30/06 01:50:42 INFO naive.NaiveAgent|Day 4:  WON at cost 2.355. UCS Level set to 0.47829690000000014 at price 0.0 Qualit Score is: 1.0
30/06 01:50:42 INFO naive.NaiveAgent|Day 4: Campaign opportunity - Campaign ID 1392311038: day 6 to 15 [OLD, HIGH_INCOME], reach: 10000 coefs: (v=2.0, m=1.5)
30/06 01:50:42 INFO naive.NaiveAgent|This is the value of cmpBid: 1
30/06 01:50:42 INFO naive.NaiveAgent|Day 4: Campaign total budget bid: 0.0010
30/06 01:50:42 INFO naive.NaiveAgent|Day 4: Adjusting ucs bid: was 0.10874807483917226 level reported: 0.47829690000000014 target: 0.7 adjusted: 0.13285786015004872
30/06 01:50:42 INFO naive.NaiveAgent|Day 4 : AdNetworkReport
30/06 01:50:42 INFO naive.NaiveAgent|Day 4 : Simulation Status Received
30/06 01:50:42 INFO naive.NaiveAgent|Day 4: Updated 36 Bid Bundle entries for Campaign id 925746060
30/06 01:50:42 INFO naive.NaiveAgent|Day 4: Updated 36 Bid Bundle entries for Campaign id 217353636
30/06 01:50:42 INFO naive.NaiveAgent|Day 4: Updated 36 Bid Bundle entries for Campaign id 756477686
30/06 01:50:42 INFO naive.NaiveAgent|Day 4: Updated 36 Bid Bundle entries for Campaign id 1044226663
30/06 01:50:42 INFO naive.NaiveAgent|Day 4: Sending BidBundle
30/06 01:50:42 INFO naive.NaiveAgent|Day 4 ended. Starting next day
30/06 01:50:52 INFO naive.NaiveAgent|Day 5 :BankStatus[-0.412865]
30/06 01:50:52 INFO naive.NaiveAgent|Day 5: Updating campaign 925746060 stats: 0.0 tgtImps 0.0 nonTgtImps. Cost of imps is 0.0
30/06 01:50:52 INFO naive.NaiveAgent|Day 5: Updating campaign 217353636 stats: 5007.0 tgtImps 978.0 nonTgtImps. Cost of imps is 0.006945771231229353
30/06 01:50:52 INFO naive.NaiveAgent|Day 5: Updating campaign 756477686 stats: 1580.0 tgtImps 1309.0 nonTgtImps. Cost of imps is 0.0029200261960742858
30/06 01:50:52 INFO naive.NaiveAgent|Day 5: Daily notification for campaign 1392311038
30/06 01:50:52 INFO naive.NaiveAgent|Day 5:  WON at cost 0.986. UCS Level set to 0.81 at price 0.10327299627479569 Qualit Score is: 0.4
30/06 01:50:52 INFO naive.NaiveAgent|Day 5: Campaign opportunity - Campaign ID 2088557559: day 7 to 11 [OLD, HIGH_INCOME], reach: 10000 coefs: (v=2.0, m=1.5)
30/06 01:50:52 INFO naive.NaiveAgent|This is the value of cmpBid: 1
30/06 01:50:52 INFO naive.NaiveAgent|Day 5: Campaign total budget bid: 0.0010
30/06 01:50:52 INFO naive.NaiveAgent|Day 5: Adjusting ucs bid: was 0.13285786015004872 level reported: 0.81 target: 0.7 adjusted: 0.11824349553354335
30/06 01:50:52 INFO naive.NaiveAgent|Day 5 : AdNetworkReport
30/06 01:50:52 INFO naive.NaiveAgent|Day 5 : Simulation Status Received
30/06 01:50:52 INFO naive.NaiveAgent|Day 5: Updated 36 Bid Bundle entries for Campaign id 925746060
30/06 01:50:52 INFO naive.NaiveAgent|Day 5: Updated 36 Bid Bundle entries for Campaign id 217353636
30/06 01:50:52 INFO naive.NaiveAgent|Day 5: Updated 36 Bid Bundle entries for Campaign id 1392311038
30/06 01:50:52 INFO naive.NaiveAgent|Day 5: Updated 36 Bid Bundle entries for Campaign id 1044226663
30/06 01:50:52 INFO naive.NaiveAgent|Day 5: Sending BidBundle
30/06 01:50:52 INFO naive.NaiveAgent|Day 5 ended. Starting next day
30/06 01:51:03 INFO naive.NaiveAgent|Day 6 :BankStatus[-0.510913]
30/06 01:51:03 INFO naive.NaiveAgent|Day 6: Updating campaign 1044226663 stats: 0.0 tgtImps 0.0 nonTgtImps. Cost of imps is 0.0
30/06 01:51:03 INFO naive.NaiveAgent|Day 6: Updating campaign 925746060 stats: 0.0 tgtImps 0.0 nonTgtImps. Cost of imps is 0.0
30/06 01:51:03 INFO naive.NaiveAgent|Day 6: Updating campaign 217353636 stats: 10010.0 tgtImps 9517.0 nonTgtImps. Cost of imps is 0.021272895473054644
30/06 01:51:03 INFO naive.NaiveAgent|Day 6: Daily notification for campaign 2088557559
30/06 01:51:03 INFO naive.NaiveAgent|Day 6:  WON at cost 0.2088. UCS Level set to 0.47829690000000014 at price 0.0 Qualit Score is: 0.8600281744622056
30/06 01:51:03 INFO naive.NaiveAgent|Day 6: Campaign opportunity - Campaign ID 309147740: day 8 to 10 [MALE, LOW_INCOME], reach: 5000 coefs: (v=2.0, m=1.5)
30/06 01:51:03 INFO naive.NaiveAgent|This is the value of cmpBid: 1
30/06 01:51:03 INFO naive.NaiveAgent|Day 6: Campaign total budget bid: 0.0010
30/06 01:51:03 INFO naive.NaiveAgent|Day 6: Adjusting ucs bid: was 0.11824349553354335 level reported: 0.47829690000000014 target: 0.7 adjusted: 0.1400816315594501
30/06 01:51:03 INFO naive.NaiveAgent|Day 6 : AdNetworkReport
30/06 01:51:03 INFO naive.NaiveAgent|Day 6 : Simulation Status Received
30/06 01:51:03 INFO naive.NaiveAgent|Day 6: Updated 36 Bid Bundle entries for Campaign id 925746060
30/06 01:51:03 INFO naive.NaiveAgent|Day 6: Updated 36 Bid Bundle entries for Campaign id 2088557559
30/06 01:51:03 INFO naive.NaiveAgent|Day 6: Updated 36 Bid Bundle entries for Campaign id 217353636
30/06 01:51:03 INFO naive.NaiveAgent|Day 6: Updated 36 Bid Bundle entries for Campaign id 1392311038
30/06 01:51:03 INFO naive.NaiveAgent|Day 6: Updated 36 Bid Bundle entries for Campaign id 1044226663
30/06 01:51:03 INFO naive.NaiveAgent|Day 6: Sending BidBundle
30/06 01:51:03 INFO naive.NaiveAgent|Day 6 ended. Starting next day
30/06 01:51:12 INFO naive.NaiveAgent|Day 7 :BankStatus[0.830966]
30/06 01:51:12 INFO naive.NaiveAgent|Day 7: Updating campaign 1392311038 stats: 5004.0 tgtImps 3640.0 nonTgtImps. Cost of imps is 0.009669321863121815
30/06 01:51:12 INFO naive.NaiveAgent|Day 7: Updating campaign 1044226663 stats: 5007.0 tgtImps 19488.0 nonTgtImps. Cost of imps is 0.030041202979540053
30/06 01:51:12 INFO naive.NaiveAgent|Day 7: Updating campaign 925746060 stats: 0.0 tgtImps 0.0 nonTgtImps. Cost of imps is 0.0
30/06 01:51:12 INFO naive.NaiveAgent|Day 7: Updating campaign 217353636 stats: 12510.0 tgtImps 10440.0 nonTgtImps. Cost of imps is 0.024846759567214022
30/06 01:51:12 INFO naive.NaiveAgent|Day 7: Daily notification for campaign 309147740
30/06 01:51:12 INFO naive.NaiveAgent|Day 7:  WON at cost 0.06880225395697645. UCS Level set to 0.7290000000000001 at price 0.09903533274061757 Qualit Score is: 0.8600281744622056
30/06 01:51:12 INFO naive.NaiveAgent|Day 7: Campaign opportunity - Campaign ID 436409597: day 9 to 18 [OLD, HIGH_INCOME], reach: 5000 coefs: (v=2.0, m=1.5)
30/06 01:51:12 INFO naive.NaiveAgent|This is the value of cmpBid: 1
30/06 01:51:12 INFO naive.NaiveAgent|Day 7: Campaign total budget bid: 0.0010
30/06 01:51:12 INFO naive.NaiveAgent|Day 7: Adjusting ucs bid: was 0.1400816315594501 level reported: 0.7290000000000001 target: 0.7 adjusted: 0.11599335151011803
30/06 01:51:12 INFO naive.NaiveAgent|Day 7 : AdNetworkReport
30/06 01:51:12 INFO naive.NaiveAgent|Day 7 : Simulation Status Received
30/06 01:51:12 INFO naive.NaiveAgent|Day 7: Updated 36 Bid Bundle entries for Campaign id 925746060
30/06 01:51:12 INFO naive.NaiveAgent|Day 7: Updated 36 Bid Bundle entries for Campaign id 2088557559
30/06 01:51:12 INFO naive.NaiveAgent|Day 7: Updated 36 Bid Bundle entries for Campaign id 217353636
30/06 01:51:12 INFO naive.NaiveAgent|Day 7: Updated 36 Bid Bundle entries for Campaign id 309147740
30/06 01:51:12 INFO naive.NaiveAgent|Day 7: Updated 36 Bid Bundle entries for Campaign id 1392311038
30/06 01:51:12 INFO naive.NaiveAgent|Day 7: Updated 36 Bid Bundle entries for Campaign id 1044226663
30/06 01:51:12 INFO naive.NaiveAgent|Day 7: Sending BidBundle
30/06 01:51:12 INFO naive.NaiveAgent|Day 7 ended. Starting next day
30/06 01:51:22 INFO naive.NaiveAgent|Day 8 :BankStatus[0.723283]
30/06 01:51:22 INFO naive.NaiveAgent|Day 8: Updating campaign 1392311038 stats: 5004.0 tgtImps 3640.0 nonTgtImps. Cost of imps is 0.009669321863121815
30/06 01:51:22 INFO naive.NaiveAgent|Day 8: Updating campaign 1044226663 stats: 10012.0 tgtImps 20470.0 nonTgtImps. Cost of imps is 0.03694261357448481
30/06 01:51:22 INFO naive.NaiveAgent|Day 8: Updating campaign 925746060 stats: 0.0 tgtImps 0.0 nonTgtImps. Cost of imps is 0.0
30/06 01:51:22 INFO naive.NaiveAgent|Day 8: Updating campaign 217353636 stats: 12513.0 tgtImps 10440.0 nonTgtImps. Cost of imps is 0.02484974830580441
30/06 01:51:22 INFO naive.NaiveAgent|Day 8: Updating campaign 2088557559 stats: 5003.0 tgtImps 4573.0 nonTgtImps. Cost of imps is 0.010391216908561606
30/06 01:51:22 INFO naive.NaiveAgent|Day 8: Daily notification for campaign 436409597
30/06 01:51:22 INFO naive.NaiveAgent|Day 8:  WON at cost 1.6512540949674346. UCS Level set to 0.5904900000000002 at price 0.06732951555084588 Qualit Score is: 0.8600281744622056
30/06 01:51:22 INFO naive.NaiveAgent|Day 8: Campaign opportunity - Campaign ID 1730310405: day 10 to 14 [MALE, HIGH_INCOME], reach: 10000 coefs: (v=2.0, m=1.5)
30/06 01:51:22 INFO naive.NaiveAgent|This is the value of cmpBid: 1
30/06 01:51:22 INFO naive.NaiveAgent|Day 8: Campaign total budget bid: 0.0010
30/06 01:51:22 INFO naive.NaiveAgent|Day 8: Adjusting ucs bid: was 0.11599335151011803 level reported: 0.5904900000000002 target: 0.7 adjusted: 0.12869578343399102
30/06 01:51:22 INFO naive.NaiveAgent|Day 8 : AdNetworkReport
30/06 01:51:22 INFO naive.NaiveAgent|Day 8 : Simulation Status Received
30/06 01:51:22 INFO naive.NaiveAgent|Day 8: Updated 36 Bid Bundle entries for Campaign id 436409597
30/06 01:51:22 INFO naive.NaiveAgent|Day 8: Updated 36 Bid Bundle entries for Campaign id 925746060
30/06 01:51:22 INFO naive.NaiveAgent|Day 8: Updated 36 Bid Bundle entries for Campaign id 2088557559
30/06 01:51:22 INFO naive.NaiveAgent|Day 8: Updated 36 Bid Bundle entries for Campaign id 309147740
30/06 01:51:22 INFO naive.NaiveAgent|Day 8: Updated 36 Bid Bundle entries for Campaign id 1392311038
30/06 01:51:22 INFO naive.NaiveAgent|Day 8: Updated 36 Bid Bundle entries for Campaign id 1044226663
30/06 01:51:22 INFO naive.NaiveAgent|Day 8: Sending BidBundle
30/06 01:51:22 INFO naive.NaiveAgent|Day 8 ended. Starting next day
30/06 01:51:32 INFO naive.NaiveAgent|Day 9 :BankStatus[0.624252]
30/06 01:51:32 INFO naive.NaiveAgent|Day 9: Updating campaign 1392311038 stats: 5004.0 tgtImps 3640.0 nonTgtImps. Cost of imps is 0.009669321863121815
30/06 01:51:32 INFO naive.NaiveAgent|Day 9: Updating campaign 1044226663 stats: 12510.0 tgtImps 21955.0 nonTgtImps. Cost of imps is 0.04169733430785551
30/06 01:51:32 INFO naive.NaiveAgent|Day 9: Updating campaign 925746060 stats: 0.0 tgtImps 0.0 nonTgtImps. Cost of imps is 0.0
30/06 01:51:32 INFO naive.NaiveAgent|Day 9: Updating campaign 2088557559 stats: 10005.0 tgtImps 9572.0 nonTgtImps. Cost of imps is 0.021353837845161767
30/06 01:51:32 INFO naive.NaiveAgent|Day 9: Updating campaign 309147740 stats: 0.0 tgtImps 0.0 nonTgtImps. Cost of imps is 0.0
30/06 01:51:32 INFO naive.NaiveAgent|Day 9: Daily notification for campaign 1730310405
30/06 01:51:32 INFO naive.NaiveAgent|Day 9:  WON at cost 1.7974588846260098. UCS Level set to 0.7290000000000001 at price 0.09201085562465827 Qualit Score is: 1.040088679007623
30/06 01:51:33 INFO naive.NaiveAgent|Day 9: Campaign opportunity - Campaign ID 841662727: day 11 to 13 [LOW_INCOME, OLD], reach: 15000 coefs: (v=2.0, m=1.5)
30/06 01:51:33 INFO naive.NaiveAgent|This is the value of cmpBid: 1
30/06 01:51:33 INFO naive.NaiveAgent|Day 9: Campaign total budget bid: 0.0010
30/06 01:51:33 INFO naive.NaiveAgent|Day 9: Adjusting ucs bid: was 0.12869578343399102 level reported: 0.7290000000000001 target: 0.7 adjusted: 0.12496360571440526
30/06 01:51:33 INFO naive.NaiveAgent|Day 9 : AdNetworkReport
30/06 01:51:33 INFO naive.NaiveAgent|Day 9 : Simulation Status Received
30/06 01:51:33 INFO naive.NaiveAgent|Day 9: Updated 36 Bid Bundle entries for Campaign id 436409597
30/06 01:51:33 INFO naive.NaiveAgent|Day 9: Updated 36 Bid Bundle entries for Campaign id 925746060
30/06 01:51:33 INFO naive.NaiveAgent|Day 9: Updated 36 Bid Bundle entries for Campaign id 2088557559
30/06 01:51:33 INFO naive.NaiveAgent|Day 9: Updated 36 Bid Bundle entries for Campaign id 309147740
30/06 01:51:33 INFO naive.NaiveAgent|Day 9: Updated 36 Bid Bundle entries for Campaign id 1730310405
30/06 01:51:33 INFO naive.NaiveAgent|Day 9: Updated 36 Bid Bundle entries for Campaign id 1392311038
30/06 01:51:33 INFO naive.NaiveAgent|Day 9: Updated 36 Bid Bundle entries for Campaign id 1044226663
30/06 01:51:33 INFO naive.NaiveAgent|Day 9: Sending BidBundle
30/06 01:51:33 INFO naive.NaiveAgent|Day 9 ended. Starting next day
30/06 01:51:42 INFO naive.NaiveAgent|Day 10 :BankStatus[2.589450]
30/06 01:51:42 INFO naive.NaiveAgent|Day 10: Updating campaign 1392311038 stats: 5004.0 tgtImps 3640.0 nonTgtImps. Cost of imps is 0.009669321863121815
30/06 01:51:42 INFO naive.NaiveAgent|Day 10: Updating campaign 1044226663 stats: 12516.0 tgtImps 21955.0 nonTgtImps. Cost of imps is 0.041701247088592575
30/06 01:51:42 INFO naive.NaiveAgent|Day 10: Updating campaign 925746060 stats: 7504.0 tgtImps 5414.0 nonTgtImps. Cost of imps is 0.013617751287173643
30/06 01:51:42 INFO naive.NaiveAgent|Day 10: Updating campaign 2088557559 stats: 10005.0 tgtImps 9572.0 nonTgtImps. Cost of imps is 0.021353837845161767
30/06 01:51:42 INFO naive.NaiveAgent|Day 10: Updating campaign 309147740 stats: 2509.0 tgtImps 181.0 nonTgtImps. Cost of imps is 0.003082284016828212
30/06 01:51:42 INFO naive.NaiveAgent|Day 10: Updating campaign 436409597 stats: 2504.0 tgtImps 1032.0 nonTgtImps. Cost of imps is 0.0035786493203682143
30/06 01:51:42 INFO naive.NaiveAgent|Day 10: Daily notification for campaign 841662727
30/06 01:51:42 INFO naive.NaiveAgent|Day 10:  WON at cost 2.9122483012213443. UCS Level set to 0.5314410000000002 at price 0.053165133921922604 Qualit Score is: 1.040088679007623
30/06 01:51:42 INFO naive.NaiveAgent|Day 10: Campaign opportunity - Campaign ID 853281602: day 12 to 21 [LOW_INCOME, OLD], reach: 10000 coefs: (v=2.0, m=1.5)
30/06 01:51:42 INFO naive.NaiveAgent|This is the value of cmpBid: 1
30/06 01:51:42 INFO naive.NaiveAgent|Day 10: Campaign total budget bid: 0.0010
30/06 01:51:42 INFO naive.NaiveAgent|Day 10: Adjusting ucs bid: was 0.12496360571440526 level reported: 0.5314410000000002 target: 0.7 adjusted: 0.11702523145715045
30/06 01:51:42 INFO naive.NaiveAgent|Day 10 : AdNetworkReport
30/06 01:51:42 INFO naive.NaiveAgent|Day 10 : Simulation Status Received
30/06 01:51:42 INFO naive.NaiveAgent|Day 10: Updated 36 Bid Bundle entries for Campaign id 841662727
30/06 01:51:42 INFO naive.NaiveAgent|Day 10: Updated 36 Bid Bundle entries for Campaign id 436409597
30/06 01:51:42 INFO naive.NaiveAgent|Day 10: Updated 36 Bid Bundle entries for Campaign id 925746060
30/06 01:51:42 INFO naive.NaiveAgent|Day 10: Updated 36 Bid Bundle entries for Campaign id 2088557559
30/06 01:51:42 INFO naive.NaiveAgent|Day 10: Updated 36 Bid Bundle entries for Campaign id 1730310405
30/06 01:51:42 INFO naive.NaiveAgent|Day 10: Updated 36 Bid Bundle entries for Campaign id 1392311038
30/06 01:51:42 INFO naive.NaiveAgent|Day 10: Updated 36 Bid Bundle entries for Campaign id 1044226663
30/06 01:51:42 INFO naive.NaiveAgent|Day 10: Sending BidBundle
30/06 01:51:42 INFO naive.NaiveAgent|Day 10 ended. Starting next day
30/06 01:51:55 INFO naive.NaiveAgent|Day 11 :BankStatus[2.477105]
30/06 01:51:55 INFO naive.NaiveAgent|Day 11: Updating campaign 1392311038 stats: 5004.0 tgtImps 3640.0 nonTgtImps. Cost of imps is 0.009669321863121815
30/06 01:51:55 INFO naive.NaiveAgent|Day 11: Updating campaign 1044226663 stats: 12519.0 tgtImps 21979.0 nonTgtImps. Cost of imps is 0.04174019366024245
30/06 01:51:55 INFO naive.NaiveAgent|Day 11: Updating campaign 925746060 stats: 15008.0 tgtImps 13643.0 nonTgtImps. Cost of imps is 0.029969719200863342
30/06 01:51:55 INFO naive.NaiveAgent|Day 11: Updating campaign 2088557559 stats: 10005.0 tgtImps 9572.0 nonTgtImps. Cost of imps is 0.021353837845161767
30/06 01:51:55 INFO naive.NaiveAgent|Day 11: Updating campaign 1730310405 stats: 0.0 tgtImps 0.0 nonTgtImps. Cost of imps is 0.0
30/06 01:51:55 INFO naive.NaiveAgent|Day 11: Updating campaign 436409597 stats: 5006.0 tgtImps 4417.0 nonTgtImps. Cost of imps is 0.010492515624733379
30/06 01:51:55 INFO naive.NaiveAgent|Day 11: Daily notification for campaign 853281602
30/06 01:51:55 INFO naive.NaiveAgent|Day 11:  WON at cost 2.2621928768415795. UCS Level set to 0.47829690000000014 at price 0.0 Qualit Score is: 1.0176825733775539
30/06 01:51:55 INFO naive.NaiveAgent|Day 11: Campaign opportunity - Campaign ID 22337123: day 13 to 17 [FEMALE, HIGH_INCOME], reach: 5000 coefs: (v=2.0, m=1.5)
30/06 01:51:55 INFO naive.NaiveAgent|This is the value of cmpBid: 1
30/06 01:51:55 INFO naive.NaiveAgent|Day 11: Campaign total budget bid: 0.0010
30/06 01:51:55 INFO naive.NaiveAgent|Day 11: Adjusting ucs bid: was 0.11702523145715045 level reported: 0.47829690000000014 target: 0.7 adjusted: 0.1429700880494182
30/06 01:51:55 INFO naive.NaiveAgent|Day 11 : AdNetworkReport
30/06 01:51:55 INFO naive.NaiveAgent|Day 11 : Simulation Status Received
30/06 01:51:55 INFO naive.NaiveAgent|Day 11: Updated 36 Bid Bundle entries for Campaign id 841662727
30/06 01:51:55 INFO naive.NaiveAgent|Day 11: Updated 36 Bid Bundle entries for Campaign id 436409597
30/06 01:51:55 INFO naive.NaiveAgent|Day 11: Updated 36 Bid Bundle entries for Campaign id 925746060
30/06 01:51:55 INFO naive.NaiveAgent|Day 11: Updated 36 Bid Bundle entries for Campaign id 853281602
30/06 01:51:55 INFO naive.NaiveAgent|Day 11: Updated 36 Bid Bundle entries for Campaign id 1730310405
30/06 01:51:55 INFO naive.NaiveAgent|Day 11: Updated 36 Bid Bundle entries for Campaign id 1392311038
30/06 01:51:55 INFO naive.NaiveAgent|Day 11: Updated 36 Bid Bundle entries for Campaign id 1044226663
30/06 01:51:55 INFO naive.NaiveAgent|Day 11: Sending BidBundle
30/06 01:51:55 INFO naive.NaiveAgent|Day 11 ended. Starting next day
30/06 01:52:06 INFO naive.NaiveAgent|Day 12 :BankStatus[2.394553]
30/06 01:52:06 INFO naive.NaiveAgent|Day 12: Updating campaign 1392311038 stats: 5004.0 tgtImps 3640.0 nonTgtImps. Cost of imps is 0.009669321863121815
30/06 01:52:06 INFO naive.NaiveAgent|Day 12: Updating campaign 1044226663 stats: 12522.0 tgtImps 21979.0 nonTgtImps. Cost of imps is 0.04174070251667245
30/06 01:52:06 INFO naive.NaiveAgent|Day 12: Updating campaign 925746060 stats: 15008.0 tgtImps 13643.0 nonTgtImps. Cost of imps is 0.029969719200863342
30/06 01:52:06 INFO naive.NaiveAgent|Day 12: Updating campaign 841662727 stats: 0.0 tgtImps 0.0 nonTgtImps. Cost of imps is 0.0
30/06 01:52:06 INFO naive.NaiveAgent|Day 12: Updating campaign 1730310405 stats: 5003.0 tgtImps 77665.0 nonTgtImps. Cost of imps is 0.0929835388305747
30/06 01:52:06 INFO naive.NaiveAgent|Day 12: Updating campaign 436409597 stats: 6258.0 tgtImps 9587.0 nonTgtImps. Cost of imps is 0.01854240229612663
30/06 01:52:06 INFO naive.NaiveAgent|Day 12: Daily notification for campaign 22337123
30/06 01:52:06 INFO naive.NaiveAgent|Day 12:  WON at cost 0.27477429481193955. UCS Level set to 0.5904900000000002 at price 0.08426857655282746 Qualit Score is: 1.0073493979883026
30/06 01:52:06 INFO naive.NaiveAgent|Day 12: Campaign opportunity - Campaign ID 420321211: day 14 to 23 [MALE, LOW_INCOME], reach: 10000 coefs: (v=2.0, m=1.5)
30/06 01:52:06 INFO naive.NaiveAgent|This is the value of cmpBid: 1
30/06 01:52:06 INFO naive.NaiveAgent|Day 12: Campaign total budget bid: 0.0010
30/06 01:52:06 INFO naive.NaiveAgent|Day 12: Adjusting ucs bid: was 0.1429700880494182 level reported: 0.5904900000000002 target: 0.7 adjusted: 0.1416098690482736
30/06 01:52:06 INFO naive.NaiveAgent|Day 12 : AdNetworkReport
30/06 01:52:06 INFO naive.NaiveAgent|Day 12 : Simulation Status Received
30/06 01:52:06 INFO naive.NaiveAgent|Day 12: Updated 36 Bid Bundle entries for Campaign id 841662727
30/06 01:52:06 INFO naive.NaiveAgent|Day 12: Updated 36 Bid Bundle entries for Campaign id 22337123
30/06 01:52:06 INFO naive.NaiveAgent|Day 12: Updated 36 Bid Bundle entries for Campaign id 1730310405
30/06 01:52:06 INFO naive.NaiveAgent|Day 12: Updated 36 Bid Bundle entries for Campaign id 436409597
30/06 01:52:06 INFO naive.NaiveAgent|Day 12: Updated 36 Bid Bundle entries for Campaign id 853281602
30/06 01:52:06 INFO naive.NaiveAgent|Day 12: Updated 36 Bid Bundle entries for Campaign id 1044226663
30/06 01:52:06 INFO naive.NaiveAgent|Day 12: Updated 36 Bid Bundle entries for Campaign id 1392311038
30/06 01:52:06 INFO naive.NaiveAgent|Day 12: Sending BidBundle
30/06 01:52:06 INFO naive.NaiveAgent|Day 12 ended. Starting next day
30/06 01:52:13 INFO naive.NaiveAgent|Day 13 :BankStatus[2.427529]
30/06 01:52:13 INFO naive.NaiveAgent|Day 13: Updating campaign 1392311038 stats: 5004.0 tgtImps 3640.0 nonTgtImps. Cost of imps is 0.009669321863121815
30/06 01:52:13 INFO naive.NaiveAgent|Day 13: Updating campaign 1044226663 stats: 12526.0 tgtImps 21987.0 nonTgtImps. Cost of imps is 0.04176516821928564
30/06 01:52:13 INFO naive.NaiveAgent|Day 13: Updating campaign 841662727 stats: 0.0 tgtImps 0.0 nonTgtImps. Cost of imps is 0.0
30/06 01:52:13 INFO naive.NaiveAgent|Day 13: Updating campaign 1730310405 stats: 10006.0 tgtImps 197830.0 nonTgtImps. Cost of imps is 0.23387609209707041
30/06 01:52:13 INFO naive.NaiveAgent|Day 13: Updating campaign 436409597 stats: 6260.0 tgtImps 9587.0 nonTgtImps. Cost of imps is 0.01854269426281048
30/06 01:52:13 INFO naive.NaiveAgent|Day 13: Updating campaign 853281602 stats: 0.0 tgtImps 0.0 nonTgtImps. Cost of imps is 0.0
30/06 01:52:13 INFO naive.NaiveAgent|Day 13: Daily notification for campaign 420321211
30/06 01:52:13 INFO naive.NaiveAgent|Day 13:  WON at cost 5.7544834360081785. UCS Level set to 0.5904900000000002 at price 0.07520874479150609 Qualit Score is: 1.0032360856575564
30/06 01:52:13 INFO naive.NaiveAgent|Day 13: Campaign opportunity - Campaign ID 903679969: day 15 to 17 [OLD, FEMALE], reach: 10000 coefs: (v=2.0, m=1.5)
30/06 01:52:13 INFO naive.NaiveAgent|This is the value of cmpBid: 1
30/06 01:52:13 INFO naive.NaiveAgent|Day 13: Campaign total budget bid: 0.0010
30/06 01:52:13 INFO naive.NaiveAgent|Day 13: Adjusting ucs bid: was 0.1416098690482736 level reported: 0.5904900000000002 target: 0.7 adjusted: 0.15711756580775002
30/06 01:52:13 INFO naive.NaiveAgent|Day 13 : AdNetworkReport
30/06 01:52:13 INFO naive.NaiveAgent|Day 13 : Simulation Status Received
30/06 01:52:13 INFO naive.NaiveAgent|Day 13: Updated 36 Bid Bundle entries for Campaign id 22337123
30/06 01:52:13 INFO naive.NaiveAgent|Day 13: Updated 36 Bid Bundle entries for Campaign id 1730310405
30/06 01:52:13 INFO naive.NaiveAgent|Day 13: Updated 36 Bid Bundle entries for Campaign id 420321211
30/06 01:52:13 INFO naive.NaiveAgent|Day 13: Updated 36 Bid Bundle entries for Campaign id 436409597
30/06 01:52:13 INFO naive.NaiveAgent|Day 13: Updated 36 Bid Bundle entries for Campaign id 853281602
30/06 01:52:13 INFO naive.NaiveAgent|Day 13: Updated 36 Bid Bundle entries for Campaign id 1044226663
30/06 01:52:13 INFO naive.NaiveAgent|Day 13: Updated 36 Bid Bundle entries for Campaign id 1392311038
30/06 01:52:13 INFO naive.NaiveAgent|Day 13: Sending BidBundle
30/06 01:52:13 INFO naive.NaiveAgent|Day 13 ended. Starting next day
30/06 01:52:22 INFO naive.NaiveAgent|Day 14 :BankStatus[2.683898]
30/06 01:52:22 INFO naive.NaiveAgent|Day 14: Updating campaign 22337123 stats: 2502.0 tgtImps 157.0 nonTgtImps. Cost of imps is 0.00259029005800466
30/06 01:52:22 INFO naive.NaiveAgent|Day 14: Updating campaign 1392311038 stats: 5004.0 tgtImps 3640.0 nonTgtImps. Cost of imps is 0.009669321863121815
30/06 01:52:22 INFO naive.NaiveAgent|Day 14: Updating campaign 1044226663 stats: 12528.0 tgtImps 21987.0 nonTgtImps. Cost of imps is 0.04177236773838382
30/06 01:52:22 INFO naive.NaiveAgent|Day 14: Updating campaign 1730310405 stats: 12506.0 tgtImps 222860.0 nonTgtImps. Cost of imps is 0.2634858156254671
30/06 01:52:22 INFO naive.NaiveAgent|Day 14: Updating campaign 436409597 stats: 6260.0 tgtImps 9587.0 nonTgtImps. Cost of imps is 0.01854269426281048
30/06 01:52:22 INFO naive.NaiveAgent|Day 14: Updating campaign 853281602 stats: 0.0 tgtImps 0.0 nonTgtImps. Cost of imps is 0.0
30/06 01:52:22 INFO naive.NaiveAgent|Day 14: Daily notification for campaign 903679969
30/06 01:52:22 INFO naive.NaiveAgent|Day 14:  WON at cost 2.982119264617086. UCS Level set to 0.81 at price 0.12334876056065065 Qualit Score is: 0.4012944342630226
30/06 01:52:22 INFO naive.NaiveAgent|Day 14: Campaign opportunity - Campaign ID 1590493809: day 16 to 25 [LOW_INCOME, FEMALE], reach: 10000 coefs: (v=2.0, m=1.5)
30/06 01:52:22 INFO naive.NaiveAgent|This is the value of cmpBid: 1
30/06 01:52:22 INFO naive.NaiveAgent|Day 14: Campaign total budget bid: 0.0010
30/06 01:52:22 INFO naive.NaiveAgent|Day 14: Adjusting ucs bid: was 0.15711756580775002 level reported: 0.81 target: 0.7 adjusted: 0.1398346335688975
30/06 01:52:22 INFO naive.NaiveAgent|Day 14 : AdNetworkReport
30/06 01:52:22 INFO naive.NaiveAgent|Day 14 : Simulation Status Received
30/06 01:52:22 INFO naive.NaiveAgent|Day 14: Updated 36 Bid Bundle entries for Campaign id 22337123
30/06 01:52:22 INFO naive.NaiveAgent|Day 14: Updated 36 Bid Bundle entries for Campaign id 420321211
30/06 01:52:22 INFO naive.NaiveAgent|Day 14: Updated 36 Bid Bundle entries for Campaign id 436409597
30/06 01:52:22 INFO naive.NaiveAgent|Day 14: Updated 36 Bid Bundle entries for Campaign id 903679969
30/06 01:52:22 INFO naive.NaiveAgent|Day 14: Updated 36 Bid Bundle entries for Campaign id 853281602
30/06 01:52:22 INFO naive.NaiveAgent|Day 14: Updated 36 Bid Bundle entries for Campaign id 1392311038
30/06 01:52:22 INFO naive.NaiveAgent|Day 14: Sending BidBundle
30/06 01:52:22 INFO naive.NaiveAgent|Day 14 ended. Starting next day
30/06 01:52:32 INFO naive.NaiveAgent|Day 15 :BankStatus[2.568542]
30/06 01:52:32 INFO naive.NaiveAgent|Day 15: Updating campaign 22337123 stats: 5004.0 tgtImps 926.0 nonTgtImps. Cost of imps is 0.006311180956611215
30/06 01:52:32 INFO naive.NaiveAgent|Day 15: Updating campaign 1392311038 stats: 5004.0 tgtImps 3640.0 nonTgtImps. Cost of imps is 0.009669321863121815
30/06 01:52:32 INFO naive.NaiveAgent|Day 15: Updating campaign 420321211 stats: 5003.0 tgtImps 236.0 nonTgtImps. Cost of imps is 0.005645280628272228
30/06 01:52:32 INFO naive.NaiveAgent|Day 15: Updating campaign 436409597 stats: 6263.0 tgtImps 9599.0 nonTgtImps. Cost of imps is 0.018549570090932492
30/06 01:52:32 INFO naive.NaiveAgent|Day 15: Updating campaign 853281602 stats: 0.0 tgtImps 0.0 nonTgtImps. Cost of imps is 0.0
30/06 01:52:32 INFO naive.NaiveAgent|Day 15: Daily notification for campaign 1590493809
30/06 01:52:32 INFO naive.NaiveAgent|Day 15:  WON at cost 0.6531066917630692. UCS Level set to 0.6561000000000001 at price 0.08746776255886815 Qualit Score is: 1.0387758834925909
30/06 01:52:32 INFO naive.NaiveAgent|Day 15: Campaign opportunity - Campaign ID 1029019012: day 17 to 19 [LOW_INCOME, OLD], reach: 15000 coefs: (v=2.0, m=1.5)
30/06 01:52:32 INFO naive.NaiveAgent|This is the value of cmpBid: 1
30/06 01:52:32 INFO naive.NaiveAgent|Day 15: Campaign total budget bid: 0.0010
30/06 01:52:32 INFO naive.NaiveAgent|Day 15: Adjusting ucs bid: was 0.1398346335688975 level reported: 0.6561000000000001 target: 0.7 adjusted: 0.10754089530810612
30/06 01:52:32 INFO naive.NaiveAgent|Day 15 : AdNetworkReport
30/06 01:52:32 INFO naive.NaiveAgent|Day 15 : Simulation Status Received
30/06 01:52:32 INFO naive.NaiveAgent|Day 15: Updated 36 Bid Bundle entries for Campaign id 22337123
30/06 01:52:32 INFO naive.NaiveAgent|Day 15: Updated 36 Bid Bundle entries for Campaign id 1590493809
30/06 01:52:32 INFO naive.NaiveAgent|Day 15: Updated 36 Bid Bundle entries for Campaign id 420321211
30/06 01:52:32 INFO naive.NaiveAgent|Day 15: Updated 36 Bid Bundle entries for Campaign id 436409597
30/06 01:52:32 INFO naive.NaiveAgent|Day 15: Updated 36 Bid Bundle entries for Campaign id 903679969
30/06 01:52:32 INFO naive.NaiveAgent|Day 15: Updated 36 Bid Bundle entries for Campaign id 853281602
30/06 01:52:32 INFO naive.NaiveAgent|Day 15: Sending BidBundle
30/06 01:52:32 INFO naive.NaiveAgent|Day 15 ended. Starting next day
30/06 01:52:50 INFO naive.NaiveAgent|Day 16 :BankStatus[7.281673]
30/06 01:52:50 INFO naive.NaiveAgent|Day 16: Updating campaign 22337123 stats: 6255.0 tgtImps 932.0 nonTgtImps. Cost of imps is 0.007820596165991189
30/06 01:52:50 INFO naive.NaiveAgent|Day 16: Updating campaign 420321211 stats: 10008.0 tgtImps 605.0 nonTgtImps. Cost of imps is 0.011543590819843418
30/06 01:52:50 INFO naive.NaiveAgent|Day 16: Updating campaign 903679969 stats: 0.0 tgtImps 0.0 nonTgtImps. Cost of imps is 0.0
30/06 01:52:50 INFO naive.NaiveAgent|Day 16: Updating campaign 436409597 stats: 6266.0 tgtImps 9611.0 nonTgtImps. Cost of imps is 0.01856368396534947
30/06 01:52:50 INFO naive.NaiveAgent|Day 16: Updating campaign 853281602 stats: 0.0 tgtImps 0.0 nonTgtImps. Cost of imps is 0.0
30/06 01:52:50 INFO naive.NaiveAgent|Day 16: Daily notification for campaign 1029019012
30/06 01:52:50 INFO naive.NaiveAgent|Day 16:  WON at cost 11.771927699679786. UCS Level set to 0.47829690000000014 at price 0.0 Qualit Score is: 0.5482060659641329
30/06 01:52:50 INFO naive.NaiveAgent|Day 16: Campaign opportunity - Campaign ID 918962367: day 18 to 27 [LOW_INCOME, YOUNG], reach: 10000 coefs: (v=2.0, m=1.5)
30/06 01:52:50 INFO naive.NaiveAgent|This is the value of cmpBid: 1
30/06 01:52:50 INFO naive.NaiveAgent|Day 16: Campaign total budget bid: 0.0010
30/06 01:52:50 INFO naive.NaiveAgent|Day 16: Adjusting ucs bid: was 0.10754089530810612 level reported: 0.47829690000000014 target: 0.7 adjusted: 0.13138304517468868
30/06 01:53:02 INFO naive.NaiveAgent|Day 16 : AdNetworkReport
30/06 01:53:02 INFO naive.NaiveAgent|Day 16 : Simulation Status Received
30/06 01:53:02 INFO naive.NaiveAgent|Day 16: Updated 36 Bid Bundle entries for Campaign id 22337123
30/06 01:53:02 INFO naive.NaiveAgent|Day 16: Updated 36 Bid Bundle entries for Campaign id 1590493809
30/06 01:53:02 INFO naive.NaiveAgent|Day 16: Updated 36 Bid Bundle entries for Campaign id 420321211
30/06 01:53:02 INFO naive.NaiveAgent|Day 16: Updated 36 Bid Bundle entries for Campaign id 436409597
30/06 01:53:02 INFO naive.NaiveAgent|Day 16: Updated 36 Bid Bundle entries for Campaign id 903679969
30/06 01:53:02 INFO naive.NaiveAgent|Day 16: Updated 36 Bid Bundle entries for Campaign id 1029019012
30/06 01:53:02 INFO naive.NaiveAgent|Day 16: Updated 36 Bid Bundle entries for Campaign id 853281602
30/06 01:53:02 INFO naive.NaiveAgent|Day 16: Sending BidBundle
30/06 01:53:02 INFO naive.NaiveAgent|Day 16 ended. Starting next day
30/06 01:53:03 INFO naive.NaiveAgent|Day 17 :BankStatus[7.322007]
30/06 01:53:03 INFO naive.NaiveAgent|Day 17: Updating campaign 22337123 stats: 6258.0 tgtImps 932.0 nonTgtImps. Cost of imps is 0.007827832567451651
30/06 01:53:03 INFO naive.NaiveAgent|Day 17: Updating campaign 1590493809 stats: 3921.0 tgtImps 143495.0 nonTgtImps. Cost of imps is 0.16680679785387667
30/06 01:53:03 INFO naive.NaiveAgent|Day 17: Updating campaign 420321211 stats: 12510.0 tgtImps 669.0 nonTgtImps. Cost of imps is 0.014358332679763993
30/06 01:53:03 INFO naive.NaiveAgent|Day 17: Updating campaign 903679969 stats: 0.0 tgtImps 0.0 nonTgtImps. Cost of imps is 0.0
30/06 01:53:03 INFO naive.NaiveAgent|Day 17: Updating campaign 436409597 stats: 6269.0 tgtImps 9611.0 nonTgtImps. Cost of imps is 0.01857093277999088
30/06 01:53:03 INFO naive.NaiveAgent|Day 17: Updating campaign 853281602 stats: 0.0 tgtImps 0.0 nonTgtImps. Cost of imps is 0.0
30/06 01:53:03 INFO naive.NaiveAgent|Day 17: Daily notification for campaign 918962367
30/06 01:53:03 INFO naive.NaiveAgent|Day 17:  allocated to . UCS Level set to 0.47829690000000014 at price 0.0 Qualit Score is: 0.5482060659641329
30/06 01:53:03 INFO naive.NaiveAgent|Day 17: Campaign opportunity - Campaign ID 102067352: day 19 to 28 [LOW_INCOME, FEMALE], reach: 15000 coefs: (v=2.0, m=1.5)
30/06 01:53:03 INFO naive.NaiveAgent|This is the value of cmpBid: 1
30/06 01:53:03 INFO naive.NaiveAgent|Day 17: Campaign total budget bid: 0.0010
30/06 01:53:03 INFO naive.NaiveAgent|Day 17: Adjusting ucs bid: was 0.13138304517468868 level reported: 0.47829690000000014 target: 0.7 adjusted: 0.1605110735773572
30/06 01:54:30 INFO naive.NaiveAgent|Day 17 : AdNetworkReport
30/06 01:54:30 INFO naive.NaiveAgent|Day 17 : Simulation Status Received
30/06 01:54:30 INFO naive.NaiveAgent|Day 17: Updated 36 Bid Bundle entries for Campaign id 1590493809
30/06 01:54:30 INFO naive.NaiveAgent|Day 17: Updated 36 Bid Bundle entries for Campaign id 420321211
30/06 01:54:30 INFO naive.NaiveAgent|Day 17: Updated 36 Bid Bundle entries for Campaign id 436409597
30/06 01:54:30 INFO naive.NaiveAgent|Day 17: Updated 36 Bid Bundle entries for Campaign id 1029019012
30/06 01:54:30 INFO naive.NaiveAgent|Day 17: Updated 36 Bid Bundle entries for Campaign id 853281602
30/06 01:54:30 INFO naive.NaiveAgent|Day 17: Sending BidBundle
30/06 01:54:30 INFO naive.NaiveAgent|Day 17 ended. Starting next day
30/06 01:54:31 INFO naive.NaiveAgent|Day 18 :BankStatus[7.131776]
30/06 01:54:31 INFO naive.NaiveAgent|Day 18: Updating campaign 1590493809 stats: 9184.0 tgtImps 309883.0 nonTgtImps. Cost of imps is 0.36144292055927135
30/06 01:54:31 INFO naive.NaiveAgent|Day 18: Updating campaign 420321211 stats: 12510.0 tgtImps 669.0 nonTgtImps. Cost of imps is 0.014358332679763993
30/06 01:54:31 INFO naive.NaiveAgent|Day 18: Updating campaign 1029019012 stats: 0.0 tgtImps 0.0 nonTgtImps. Cost of imps is 0.0
30/06 01:54:31 INFO naive.NaiveAgent|Day 18: Updating campaign 436409597 stats: 6269.0 tgtImps 9611.0 nonTgtImps. Cost of imps is 0.01857093277999088
30/06 01:54:31 INFO naive.NaiveAgent|Day 18: Updating campaign 853281602 stats: 0.0 tgtImps 0.0 nonTgtImps. Cost of imps is 0.0
30/06 01:54:31 INFO naive.NaiveAgent|Day 18: Daily notification for campaign 102067352
30/06 01:54:31 INFO naive.NaiveAgent|Day 18:  allocated to . UCS Level set to 0.5904900000000002 at price 0.07652087959785034 Qualit Score is: 0.36615332414759594
30/06 01:54:31 INFO naive.NaiveAgent|Day 18: Campaign opportunity - Campaign ID 1872803037: day 20 to 24 [FEMALE, HIGH_INCOME], reach: 5000 coefs: (v=2.0, m=1.5)
30/06 01:54:31 INFO naive.NaiveAgent|This is the value of cmpBid: 1
30/06 01:54:31 INFO naive.NaiveAgent|Day 18: Campaign total budget bid: 0.0010
30/06 01:54:31 INFO naive.NaiveAgent|Day 18: Adjusting ucs bid: was 0.1605110735773572 level reported: 0.5904900000000002 target: 0.7 adjusted: 0.106861017277885
30/06 01:55:02 INFO naive.NaiveAgent|Day 18 : AdNetworkReport
30/06 01:55:02 INFO naive.NaiveAgent|Day 18 : Simulation Status Received
30/06 01:55:02 INFO naive.NaiveAgent|Day 18: Updated 36 Bid Bundle entries for Campaign id 1590493809
30/06 01:55:02 INFO naive.NaiveAgent|Day 18: Updated 36 Bid Bundle entries for Campaign id 420321211
30/06 01:55:02 INFO naive.NaiveAgent|Day 18: Updated 36 Bid Bundle entries for Campaign id 1029019012
30/06 01:55:02 INFO naive.NaiveAgent|Day 18: Updated 36 Bid Bundle entries for Campaign id 853281602
30/06 01:55:02 INFO naive.NaiveAgent|Day 18: Sending BidBundle
30/06 01:55:02 INFO naive.NaiveAgent|Day 18 ended. Starting next day
30/06 01:55:03 INFO naive.NaiveAgent|Day 19 :BankStatus[7.264811]
30/06 01:55:03 INFO naive.NaiveAgent|Day 19: Updating campaign 1590493809 stats: 13560.0 tgtImps 460418.0 nonTgtImps. Cost of imps is 0.5389604938247762
30/06 01:55:03 INFO naive.NaiveAgent|Day 19: Updating campaign 420321211 stats: 12510.0 tgtImps 669.0 nonTgtImps. Cost of imps is 0.014358332679763993
30/06 01:55:03 INFO naive.NaiveAgent|Day 19: Updating campaign 1029019012 stats: 0.0 tgtImps 0.0 nonTgtImps. Cost of imps is 0.0
30/06 01:55:03 INFO naive.NaiveAgent|Day 19: Updating campaign 853281602 stats: 0.0 tgtImps 0.0 nonTgtImps. Cost of imps is 0.0
30/06 01:55:03 INFO naive.NaiveAgent|Day 19: Daily notification for campaign 1872803037
30/06 01:55:03 INFO naive.NaiveAgent|Day 19:  allocated to . UCS Level set to 0.9 at price 0.1419242650755127 Qualit Score is: 0.8430767396538424
30/06 01:55:03 INFO naive.NaiveAgent|Day 19: Campaign opportunity - Campaign ID 901688850: day 21 to 23 [HIGH_INCOME, YOUNG], reach: 10000 coefs: (v=2.0, m=1.5)
30/06 01:55:03 INFO naive.NaiveAgent|This is the value of cmpBid: 1
30/06 01:55:03 INFO naive.NaiveAgent|Day 19: Campaign total budget bid: 0.0010
30/06 01:55:03 INFO naive.NaiveAgent|Day 19: Adjusting ucs bid: was 0.106861017277885 level reported: 0.9 target: 0.7 adjusted: 0.08548881382230798
30/06 01:55:24 INFO naive.NaiveAgent|Day 19 : AdNetworkReport
30/06 01:55:24 INFO naive.NaiveAgent|Day 19 : Simulation Status Received
30/06 01:55:24 INFO naive.NaiveAgent|Day 19: Updated 36 Bid Bundle entries for Campaign id 1590493809
30/06 01:55:24 INFO naive.NaiveAgent|Day 19: Updated 36 Bid Bundle entries for Campaign id 420321211
30/06 01:55:24 INFO naive.NaiveAgent|Day 19: Updated 36 Bid Bundle entries for Campaign id 853281602
30/06 01:55:24 INFO naive.NaiveAgent|Day 19: Sending BidBundle
30/06 01:55:24 INFO naive.NaiveAgent|Day 19 ended. Starting next day
30/06 01:55:25 INFO naive.NaiveAgent|Day 20 :BankStatus[9.000854]
30/06 01:55:25 INFO naive.NaiveAgent|Day 20: Updating campaign 1590493809 stats: 18529.0 tgtImps 604649.0 nonTgtImps. Cost of imps is 0.7022149604690742
30/06 01:55:25 INFO naive.NaiveAgent|Day 20: Updating campaign 420321211 stats: 12513.0 tgtImps 669.0 nonTgtImps. Cost of imps is 0.014365189374729645
30/06 01:55:25 INFO naive.NaiveAgent|Day 20: Updating campaign 853281602 stats: 0.0 tgtImps 0.0 nonTgtImps. Cost of imps is 0.0
30/06 01:55:25 INFO naive.NaiveAgent|Day 20: Daily notification for campaign 901688850
30/06 01:55:25 INFO naive.NaiveAgent|Day 20:  allocated to . UCS Level set to 0.9 at price 0.1419242650755127 Qualit Score is: 0.337230695861537
30/06 01:55:25 INFO naive.NaiveAgent|Day 20: Campaign opportunity - Campaign ID 514298273: day 22 to 31 [MALE, HIGH_INCOME], reach: 10000 coefs: (v=2.0, m=1.5)
30/06 01:55:25 INFO naive.NaiveAgent|This is the value of cmpBid: 1
30/06 01:55:25 INFO naive.NaiveAgent|Day 20: Campaign total budget bid: 0.0010
30/06 01:55:25 INFO naive.NaiveAgent|Day 20: Adjusting ucs bid: was 0.08548881382230798 level reported: 0.9 target: 0.7 adjusted: 0.06839105105784637
30/06 01:55:28 INFO naive.NaiveAgent|Day 20 : AdNetworkReport
30/06 01:55:28 INFO naive.NaiveAgent|Day 20 : Simulation Status Received
30/06 01:55:28 INFO naive.NaiveAgent|Day 20: Updated 36 Bid Bundle entries for Campaign id 1590493809
30/06 01:55:28 INFO naive.NaiveAgent|Day 20: Updated 36 Bid Bundle entries for Campaign id 420321211
30/06 01:55:28 INFO naive.NaiveAgent|Day 20: Updated 36 Bid Bundle entries for Campaign id 853281602
30/06 01:55:28 INFO naive.NaiveAgent|Day 20: Sending BidBundle
30/06 01:55:28 INFO naive.NaiveAgent|Day 20 ended. Starting next day
30/06 01:55:29 INFO naive.NaiveAgent|Day 21 :BankStatus[8.826200]
30/06 01:55:29 INFO naive.NaiveAgent|Day 21: Updating campaign 1590493809 stats: 24094.0 tgtImps 737922.0 nonTgtImps. Cost of imps is 0.8525757445944737
30/06 01:55:29 INFO naive.NaiveAgent|Day 21: Updating campaign 420321211 stats: 12513.0 tgtImps 669.0 nonTgtImps. Cost of imps is 0.014365189374729645
30/06 01:55:29 INFO naive.NaiveAgent|Day 21: Updating campaign 853281602 stats: 0.0 tgtImps 0.0 nonTgtImps. Cost of imps is 0.0
30/06 01:55:29 INFO naive.NaiveAgent|Day 21: Daily notification for campaign 514298273
30/06 01:55:29 INFO naive.NaiveAgent|Day 21:  allocated to . UCS Level set to 0.9 at price 0.1419242650755127 Qualit Score is: 0.337230695861537
30/06 01:55:29 INFO naive.NaiveAgent|Day 21: Campaign opportunity - Campaign ID 1527042241: day 23 to 27 [LOW_INCOME, OLD], reach: 15000 coefs: (v=2.0, m=1.5)
30/06 01:55:29 INFO naive.NaiveAgent|This is the value of cmpBid: 1
30/06 01:55:29 INFO naive.NaiveAgent|Day 21: Campaign total budget bid: 0.0010
30/06 01:55:29 INFO naive.NaiveAgent|Day 21: Adjusting ucs bid: was 0.06839105105784637 level reported: 0.9 target: 0.7 adjusted: 0.054712840846277096
30/06 01:55:31 INFO naive.NaiveAgent|Day 21 : AdNetworkReport
30/06 01:55:31 INFO naive.NaiveAgent|Day 21 : Simulation Status Received
30/06 01:55:31 INFO naive.NaiveAgent|Day 21: Updated 36 Bid Bundle entries for Campaign id 1590493809
30/06 01:55:31 INFO naive.NaiveAgent|Day 21: Updated 36 Bid Bundle entries for Campaign id 420321211
30/06 01:55:31 INFO naive.NaiveAgent|Day 21: Sending BidBundle
30/06 01:55:31 INFO naive.NaiveAgent|Day 21 ended. Starting next day
30/06 01:55:32 INFO naive.NaiveAgent|Day 22 :BankStatus[8.647249]
30/06 01:55:32 INFO naive.NaiveAgent|Day 22: Updating campaign 1590493809 stats: 30365.0 tgtImps 882121.0 nonTgtImps. Cost of imps is 1.0115316017073028
30/06 01:55:32 INFO naive.NaiveAgent|Day 22: Updating campaign 420321211 stats: 12513.0 tgtImps 669.0 nonTgtImps. Cost of imps is 0.014365189374729645
30/06 01:55:32 INFO naive.NaiveAgent|Day 22: Daily notification for campaign 1527042241
30/06 01:55:32 INFO naive.NaiveAgent|Day 22:  allocated to . UCS Level set to 0.47829690000000014 at price 0.0 Qualit Score is: 0.13489227834461479
30/06 01:55:32 INFO naive.NaiveAgent|Day 22: Campaign opportunity - Campaign ID 2045415129: day 24 to 33 [LOW_INCOME, YOUNG], reach: 15000 coefs: (v=2.0, m=1.5)
30/06 01:55:32 INFO naive.NaiveAgent|This is the value of cmpBid: 1
30/06 01:55:32 INFO naive.NaiveAgent|Day 22: Campaign total budget bid: 0.0010
30/06 01:55:32 INFO naive.NaiveAgent|Day 22: Adjusting ucs bid: was 0.054712840846277096 level reported: 0.47829690000000014 target: 0.7 adjusted: 0.06684284727170334
30/06 01:55:36 INFO naive.NaiveAgent|Day 22 : AdNetworkReport
30/06 01:55:36 INFO naive.NaiveAgent|Day 22 : Simulation Status Received
30/06 01:55:36 INFO naive.NaiveAgent|Day 22: Updated 36 Bid Bundle entries for Campaign id 1590493809
30/06 01:55:36 INFO naive.NaiveAgent|Day 22: Updated 36 Bid Bundle entries for Campaign id 420321211
30/06 01:55:36 INFO naive.NaiveAgent|Day 22: Sending BidBundle
30/06 01:55:36 INFO naive.NaiveAgent|Day 22 ended. Starting next day
30/06 01:55:36 INFO naive.NaiveAgent|Day 23 :BankStatus[8.511265]
30/06 01:55:36 INFO naive.NaiveAgent|Day 23: Updating campaign 1590493809 stats: 33406.0 tgtImps 970954.0 nonTgtImps. Cost of imps is 1.1129272638841317
30/06 01:55:36 INFO naive.NaiveAgent|Day 23: Updating campaign 420321211 stats: 12517.0 tgtImps 669.0 nonTgtImps. Cost of imps is 0.014366556550207622
30/06 01:55:36 INFO naive.NaiveAgent|Day 23: Daily notification for campaign 2045415129
30/06 01:55:36 INFO naive.NaiveAgent|Day 23:  allocated to . UCS Level set to 0.47829690000000014 at price 0.0 Qualit Score is: 0.13489227834461479
30/06 01:55:37 INFO naive.NaiveAgent|Day 23: Campaign opportunity - Campaign ID 1838854894: day 25 to 34 [MALE, HIGH_INCOME], reach: 15000 coefs: (v=2.0, m=1.5)
30/06 01:55:37 INFO naive.NaiveAgent|This is the value of cmpBid: 1
30/06 01:55:37 INFO naive.NaiveAgent|Day 23: Campaign total budget bid: 0.0010
30/06 01:55:37 INFO naive.NaiveAgent|Day 23: Adjusting ucs bid: was 0.06684284727170334 level reported: 0.47829690000000014 target: 0.7 adjusted: 0.0816621137246665
30/06 01:55:37 INFO naive.NaiveAgent|Day 23 : Simulation Status Received
30/06 01:55:37 INFO naive.NaiveAgent|Day 23: Updated 36 Bid Bundle entries for Campaign id 1590493809
30/06 01:55:37 INFO naive.NaiveAgent|Day 23: Sending BidBundle
30/06 01:55:37 INFO naive.NaiveAgent|Day 23 ended. Starting next day
30/06 01:55:37 INFO naive.NaiveAgent|Day 24 :BankStatus[8.425979]
30/06 01:55:37 INFO naive.NaiveAgent|Day 24: Updating campaign 1590493809 stats: 33406.0 tgtImps 970954.0 nonTgtImps. Cost of imps is 1.1129272638841317
30/06 01:55:37 INFO naive.NaiveAgent|Day 24: Daily notification for campaign 1838854894
30/06 01:55:37 INFO naive.NaiveAgent|Day 24:  allocated to . UCS Level set to 0.47829690000000014 at price 0.0 Qualit Score is: 0.7500812624741755
30/06 01:55:37 INFO naive.NaiveAgent|Day 24: Campaign opportunity - Campaign ID 221023357: day 26 to 35 [HIGH_INCOME, YOUNG], reach: 5000 coefs: (v=2.0, m=1.5)
30/06 01:55:37 INFO naive.NaiveAgent|This is the value of cmpBid: 1
30/06 01:55:37 INFO naive.NaiveAgent|Day 24: Campaign total budget bid: 0.0010
30/06 01:55:37 INFO naive.NaiveAgent|Day 24: Adjusting ucs bid: was 0.0816621137246665 level reported: 0.47829690000000014 target: 0.7 adjusted: 0.0997668574899776
30/06 01:55:37 INFO naive.NaiveAgent|Day 24 : Simulation Status Received
30/06 01:55:37 INFO naive.NaiveAgent|Day 24: Updated 36 Bid Bundle entries for Campaign id 1590493809
30/06 01:55:37 INFO naive.NaiveAgent|Day 24: Sending BidBundle
30/06 01:55:37 INFO naive.NaiveAgent|Day 24 ended. Starting next day
30/06 01:55:38 INFO naive.NaiveAgent|Day 25 :BankStatus[15.017087]
30/06 01:55:38 INFO naive.NaiveAgent|Day 25: Updating campaign 1590493809 stats: 33406.0 tgtImps 970954.0 nonTgtImps. Cost of imps is 1.1129272638841317
30/06 01:55:38 INFO naive.NaiveAgent|Day 25: Daily notification for campaign 221023357
30/06 01:55:38 INFO naive.NaiveAgent|Day 25:  allocated to . UCS Level set to 0.47829690000000014 at price 0.0 Qualit Score is: 0.7500812624741755
30/06 01:55:38 INFO naive.NaiveAgent|Day 25: Campaign opportunity - Campaign ID 1764566199: day 27 to 36 [MALE, OLD], reach: 15000 coefs: (v=2.0, m=1.5)
30/06 01:55:38 INFO naive.NaiveAgent|This is the value of cmpBid: 1
30/06 01:55:38 INFO naive.NaiveAgent|Day 25: Campaign total budget bid: 0.0010
30/06 01:55:38 INFO naive.NaiveAgent|Day 25: Adjusting ucs bid: was 0.0997668574899776 level reported: 0.47829690000000014 target: 0.7 adjusted: 0.12188547907276384
30/06 01:55:39 INFO naive.NaiveAgent|Day 25 : Simulation Status Received
30/06 01:55:39 INFO naive.NaiveAgent|Day 25: Sending BidBundle
30/06 01:55:39 INFO naive.NaiveAgent|Day 25 ended. Starting next day
30/06 01:55:39 INFO naive.NaiveAgent|Day 26 :BankStatus[14.931801]
30/06 01:55:39 INFO naive.NaiveAgent|Day 26: Daily notification for campaign 1764566199
30/06 01:55:39 INFO naive.NaiveAgent|Day 26:  allocated to . UCS Level set to 0.47829690000000014 at price 0.0 Qualit Score is: 1.102960622502004
30/06 01:55:39 INFO naive.NaiveAgent|Day 26: Campaign opportunity - Campaign ID 1729148626: day 28 to 32 [HIGH_INCOME, YOUNG], reach: 10000 coefs: (v=2.0, m=1.5)
30/06 01:55:39 INFO naive.NaiveAgent|This is the value of cmpBid: 1
30/06 01:55:39 INFO naive.NaiveAgent|Day 26: Campaign total budget bid: 0.0010
30/06 01:55:39 INFO naive.NaiveAgent|Day 26: Adjusting ucs bid: was 0.12188547907276384 level reported: 0.47829690000000014 target: 0.7 adjusted: 0.11392540402741413
30/06 01:55:41 INFO naive.NaiveAgent|Day 26 : Simulation Status Received
30/06 01:55:41 INFO naive.NaiveAgent|Day 26: Sending BidBundle
30/06 01:55:41 INFO naive.NaiveAgent|Day 26 ended. Starting next day
30/06 01:55:42 INFO naive.NaiveAgent|Day 27 :BankStatus[15.720511]
30/06 01:55:42 INFO naive.NaiveAgent|Day 27: Daily notification for campaign 1729148626
30/06 01:55:42 INFO naive.NaiveAgent|Day 27:  allocated to . UCS Level set to 0.47829690000000014 at price 0.0 Qualit Score is: 1.102960622502004
30/06 01:55:42 INFO naive.NaiveAgent|Day 27: Campaign opportunity - Campaign ID 693638899: day 29 to 38 [OLD, HIGH_INCOME], reach: 10000 coefs: (v=2.0, m=1.5)
30/06 01:55:42 INFO naive.NaiveAgent|This is the value of cmpBid: 1
30/06 01:55:42 INFO naive.NaiveAgent|Day 27: Campaign total budget bid: 0.0010
30/06 01:55:42 INFO naive.NaiveAgent|Day 27: Adjusting ucs bid: was 0.11392540402741413 level reported: 0.47829690000000014 target: 0.7 adjusted: 0.1391830192690443
30/06 01:55:43 INFO naive.NaiveAgent|Day 27 : Simulation Status Received
30/06 01:55:43 INFO naive.NaiveAgent|Day 27: Sending BidBundle
30/06 01:55:43 INFO naive.NaiveAgent|Day 27 ended. Starting next day
30/06 01:55:43 INFO naive.NaiveAgent|Day 28 :BankStatus[15.635226]
30/06 01:55:43 INFO naive.NaiveAgent|Day 28: Daily notification for campaign 693638899
30/06 01:55:43 INFO naive.NaiveAgent|Day 28:  allocated to . UCS Level set to 0.47829690000000014 at price 0.0 Qualit Score is: 1.102960622502004
30/06 01:55:43 INFO naive.NaiveAgent|Day 28: Campaign opportunity - Campaign ID 1783838058: day 30 to 39 [OLD, HIGH_INCOME], reach: 5000 coefs: (v=2.0, m=1.5)
30/06 01:55:43 INFO naive.NaiveAgent|This is the value of cmpBid: 1
30/06 01:55:43 INFO naive.NaiveAgent|Day 28: Campaign total budget bid: 0.0010
30/06 01:55:43 INFO naive.NaiveAgent|Day 28: Adjusting ucs bid: was 0.1391830192690443 level reported: 0.47829690000000014 target: 0.7 adjusted: 0.1504011570083463
30/06 01:55:43 INFO naive.NaiveAgent|Day 28 : Simulation Status Received
30/06 01:55:43 INFO naive.NaiveAgent|Day 28: Sending BidBundle
30/06 01:55:43 INFO naive.NaiveAgent|Day 28 ended. Starting next day
30/06 01:55:44 INFO naive.NaiveAgent|Day 29 :BankStatus[15.549940]
30/06 01:55:44 INFO naive.NaiveAgent|Day 29: Daily notification for campaign 1783838058
30/06 01:55:44 INFO naive.NaiveAgent|Day 29:  allocated to . UCS Level set to 0.47829690000000014 at price 0.0 Qualit Score is: 1.102960622502004
30/06 01:55:44 INFO naive.NaiveAgent|Day 29: Campaign opportunity - Campaign ID 873657209: day 31 to 40 [LOW_INCOME, OLD], reach: 15000 coefs: (v=2.0, m=1.5)
30/06 01:55:44 INFO naive.NaiveAgent|This is the value of cmpBid: 1
30/06 01:55:44 INFO naive.NaiveAgent|Day 29: Campaign total budget bid: 0.0010
30/06 01:55:44 INFO naive.NaiveAgent|Day 29: Adjusting ucs bid: was 0.1504011570083463 level reported: 0.47829690000000014 target: 0.7 adjusted: 0.16655082831743434
30/06 01:55:44 INFO naive.NaiveAgent|Day 29 : Simulation Status Received
30/06 01:55:44 INFO naive.NaiveAgent|Day 29: Sending BidBundle
30/06 01:55:44 INFO naive.NaiveAgent|Day 29 ended. Starting next day
30/06 01:55:45 INFO naive.NaiveAgent|Day 30 :BankStatus[15.464654]
30/06 01:55:45 INFO naive.NaiveAgent|Day 30: Daily notification for campaign 873657209
30/06 01:55:45 INFO naive.NaiveAgent|Day 30:  allocated to . UCS Level set to 0.47829690000000014 at price 0.0 Qualit Score is: 1.102960622502004
30/06 01:55:45 INFO naive.NaiveAgent|Day 30: Campaign opportunity - Campaign ID 124925745: day 32 to 36 [FEMALE, HIGH_INCOME], reach: 15000 coefs: (v=2.0, m=1.5)
30/06 01:55:45 INFO naive.NaiveAgent|This is the value of cmpBid: 1
30/06 01:55:45 INFO naive.NaiveAgent|Day 30: Campaign total budget bid: 0.0010
30/06 01:55:45 INFO naive.NaiveAgent|Day 30: Adjusting ucs bid: was 0.16655082831743434 level reported: 0.47829690000000014 target: 0.7 adjusted: 0.14417876817383338
30/06 01:55:48 INFO naive.NaiveAgent|Day 30 : Simulation Status Received
30/06 01:55:48 INFO naive.NaiveAgent|Day 30: Sending BidBundle
30/06 01:55:48 INFO naive.NaiveAgent|Day 30 ended. Starting next day
30/06 01:55:49 INFO naive.NaiveAgent|Day 31 :BankStatus[15.379368]
30/06 01:55:49 INFO naive.NaiveAgent|Day 31: Daily notification for campaign 124925745
30/06 01:55:49 INFO naive.NaiveAgent|Day 31:  allocated to . UCS Level set to 0.47829690000000014 at price 0.0 Qualit Score is: 1.102960622502004
30/06 01:55:49 INFO naive.NaiveAgent|Day 31: Campaign opportunity - Campaign ID 1822263717: day 33 to 37 [OLD, HIGH_INCOME], reach: 5000 coefs: (v=2.0, m=1.5)
30/06 01:55:49 INFO naive.NaiveAgent|This is the value of cmpBid: 1
30/06 01:55:49 INFO naive.NaiveAgent|Day 31: Campaign total budget bid: 0.0010
30/06 01:55:49 INFO naive.NaiveAgent|Day 31: Adjusting ucs bid: was 0.14417876817383338 level reported: 0.47829690000000014 target: 0.7 adjusted: 0.17376643847929774
30/06 01:55:49 INFO naive.NaiveAgent|Day 31 : AdNetworkReport
30/06 01:55:49 INFO naive.NaiveAgent|Day 31 : Simulation Status Received
30/06 01:55:49 INFO naive.NaiveAgent|Day 31: Sending BidBundle
30/06 01:55:49 INFO naive.NaiveAgent|Day 31 ended. Starting next day
30/06 01:55:50 INFO naive.NaiveAgent|Day 32 :BankStatus[15.274982]
30/06 01:55:50 INFO naive.NaiveAgent|Day 32: Daily notification for campaign 1822263717
30/06 01:55:50 INFO naive.NaiveAgent|Day 32:  allocated to . UCS Level set to 0.47829690000000014 at price 0.0 Qualit Score is: 1.102960622502004
30/06 01:55:50 INFO naive.NaiveAgent|Day 32: Campaign opportunity - Campaign ID 182640094: day 34 to 43 [LOW_INCOME, YOUNG], reach: 5000 coefs: (v=2.0, m=1.5)
30/06 01:55:50 INFO naive.NaiveAgent|This is the value of cmpBid: 1
30/06 01:55:50 INFO naive.NaiveAgent|Day 32: Campaign total budget bid: 0.0010
30/06 01:55:50 INFO naive.NaiveAgent|Day 32: Adjusting ucs bid: was 0.17376643847929774 level reported: 0.47829690000000014 target: 0.7 adjusted: 0.1667078092375897
30/06 01:55:52 INFO naive.NaiveAgent|Day 32 : Simulation Status Received
30/06 01:55:52 INFO naive.NaiveAgent|Day 32: Sending BidBundle
30/06 01:55:52 INFO naive.NaiveAgent|Day 32 ended. Starting next day
30/06 01:55:53 INFO naive.NaiveAgent|Day 33 :BankStatus[15.185952]
30/06 01:55:53 INFO naive.NaiveAgent|Day 33: Daily notification for campaign 182640094
30/06 01:55:53 INFO naive.NaiveAgent|Day 33:  allocated to . UCS Level set to 0.47829690000000014 at price 0.0 Qualit Score is: 1.102960622502004
30/06 01:55:53 INFO naive.NaiveAgent|Day 33: Campaign opportunity - Campaign ID 1376428929: day 35 to 39 [MALE, OLD], reach: 5000 coefs: (v=2.0, m=1.5)
30/06 01:55:53 INFO naive.NaiveAgent|This is the value of cmpBid: 1
30/06 01:55:53 INFO naive.NaiveAgent|Day 33: Campaign total budget bid: 0.0010
30/06 01:55:53 INFO naive.NaiveAgent|Day 33: Adjusting ucs bid: was 0.1667078092375897 level reported: 0.47829690000000014 target: 0.7 adjusted: 0.17065198099265744
30/06 01:55:53 INFO naive.NaiveAgent|Day 33 : AdNetworkReport
30/06 01:55:53 INFO naive.NaiveAgent|Day 33 : Simulation Status Received
30/06 01:55:53 INFO naive.NaiveAgent|Day 33: Sending BidBundle
30/06 01:55:53 INFO naive.NaiveAgent|Day 33 ended. Starting next day
30/06 01:55:57 INFO naive.NaiveAgent|Day 34 :BankStatus[15.094852]
30/06 01:55:57 INFO naive.NaiveAgent|Day 34: Daily notification for campaign 1376428929
30/06 01:55:57 INFO naive.NaiveAgent|Day 34:  allocated to . UCS Level set to 0.5904900000000002 at price 0.0661652252770592 Qualit Score is: 1.102960622502004
30/06 01:55:57 INFO naive.NaiveAgent|Day 34: Campaign opportunity - Campaign ID 328035302: day 36 to 45 [FEMALE, YOUNG], reach: 10000 coefs: (v=2.0, m=1.5)
30/06 01:55:57 INFO naive.NaiveAgent|This is the value of cmpBid: 1
30/06 01:55:57 INFO naive.NaiveAgent|Day 34: Campaign total budget bid: 0.0010
30/06 01:55:57 INFO naive.NaiveAgent|Day 34: Adjusting ucs bid: was 0.17065198099265744 level reported: 0.5904900000000002 target: 0.7 adjusted: 0.10321655969637204
30/06 01:55:57 INFO naive.NaiveAgent|Day 34 : Simulation Status Received
30/06 01:55:57 INFO naive.NaiveAgent|Day 34: Sending BidBundle
30/06 01:55:57 INFO naive.NaiveAgent|Day 34 ended. Starting next day
30/06 01:55:57 INFO naive.NaiveAgent|Day 35 :BankStatus[15.007678]
30/06 01:55:57 INFO naive.NaiveAgent|Day 35: Daily notification for campaign 328035302
30/06 01:55:57 INFO naive.NaiveAgent|Day 35:  allocated to . UCS Level set to 1.0 at price 0.15385604233682346 Qualit Score is: 1.102960622502004
30/06 01:55:58 INFO naive.NaiveAgent|Day 35: Campaign opportunity - Campaign ID 1672326313: day 37 to 39 [LOW_INCOME, YOUNG], reach: 15000 coefs: (v=2.0, m=1.5)
30/06 01:55:58 INFO naive.NaiveAgent|This is the value of cmpBid: 1
30/06 01:55:58 INFO naive.NaiveAgent|Day 35: Campaign total budget bid: 0.0010
30/06 01:55:58 INFO naive.NaiveAgent|Day 35: Adjusting ucs bid: was 0.10321655969637204 level reported: 1.0 target: 0.7 adjusted: 0.07225159178746042
30/06 01:55:58 INFO naive.NaiveAgent|Day 35 : Simulation Status Received
30/06 01:55:58 INFO naive.NaiveAgent|Day 35: Sending BidBundle
30/06 01:55:58 INFO naive.NaiveAgent|Day 35 ended. Starting next day
30/06 01:56:02 INFO naive.NaiveAgent|Day 36 :BankStatus[14.917647]
30/06 01:56:03 INFO naive.NaiveAgent|Day 36: Daily notification for campaign 1672326313
30/06 01:56:03 INFO naive.NaiveAgent|Day 36:  WON at cost 4.908174770133918. UCS Level set to 0.47829690000000014 at price 0.0 Qualit Score is: 1.102960622502004
30/06 01:56:03 INFO naive.NaiveAgent|Day 36: Campaign opportunity - Campaign ID 983697475: day 38 to 42 [FEMALE, HIGH_INCOME], reach: 10000 coefs: (v=2.0, m=1.5)
30/06 01:56:03 INFO naive.NaiveAgent|This is the value of cmpBid: 1
30/06 01:56:03 INFO naive.NaiveAgent|Day 36: Campaign total budget bid: 0.0010
30/06 01:56:03 INFO naive.NaiveAgent|Day 36: Adjusting ucs bid: was 0.07225159178746042 level reported: 0.47829690000000014 target: 0.7 adjusted: 0.08826999366667493
30/06 01:56:03 INFO naive.NaiveAgent|Day 36 : Simulation Status Received
30/06 01:56:03 INFO naive.NaiveAgent|Day 36: Updated 36 Bid Bundle entries for Campaign id 1672326313
30/06 01:56:03 INFO naive.NaiveAgent|Day 36: Sending BidBundle
30/06 01:56:03 INFO naive.NaiveAgent|Day 36 ended. Starting next day
30/06 01:56:13 INFO naive.NaiveAgent|Day 37 :BankStatus[14.844176]
30/06 01:56:13 INFO naive.NaiveAgent|Day 37: Daily notification for campaign 983697475
30/06 01:56:13 INFO naive.NaiveAgent|Day 37:  WON at cost 0.1378700778127505. UCS Level set to 0.47829690000000014 at price 0.0 Qualit Score is: 1.102960622502004
30/06 01:56:13 INFO naive.NaiveAgent|Day 37: Campaign opportunity - Campaign ID 2012492708: day 39 to 43 [OLD, HIGH_INCOME], reach: 15000 coefs: (v=2.0, m=1.5)
30/06 01:56:13 INFO naive.NaiveAgent|This is the value of cmpBid: 1
30/06 01:56:13 INFO naive.NaiveAgent|Day 37: Campaign total budget bid: 0.0010
30/06 01:56:13 INFO naive.NaiveAgent|Day 37: Adjusting ucs bid: was 0.08826999366667493 level reported: 0.47829690000000014 target: 0.7 adjusted: 0.10783972489955711
30/06 01:56:13 INFO naive.NaiveAgent|Day 37 : AdNetworkReport
30/06 01:56:13 INFO naive.NaiveAgent|Day 37 : Simulation Status Received
30/06 01:56:13 INFO naive.NaiveAgent|Day 37: Updated 36 Bid Bundle entries for Campaign id 1672326313
30/06 01:56:13 INFO naive.NaiveAgent|Day 37: Updated 36 Bid Bundle entries for Campaign id 983697475
30/06 01:56:13 INFO naive.NaiveAgent|Day 37: Sending BidBundle
30/06 01:56:13 INFO naive.NaiveAgent|Day 37 ended. Starting next day
30/06 01:56:23 INFO naive.NaiveAgent|Day 38 :BankStatus[14.752824]
30/06 01:56:23 INFO naive.NaiveAgent|Day 38: Updating campaign 1672326313 stats: 7503.0 tgtImps 5757.0 nonTgtImps. Cost of imps is 0.014615275350285699
30/06 01:56:23 INFO naive.NaiveAgent|Day 38: Daily notification for campaign 2012492708
30/06 01:56:23 INFO naive.NaiveAgent|Day 38:  WON at cost 11.820980471665226. UCS Level set to 0.5314410000000002 at price 0.054060709825184065 Qualit Score is: 1.102960622502004
30/06 01:56:23 INFO naive.NaiveAgent|Day 38: Campaign opportunity - Campaign ID 435739851: day 40 to 44 [FEMALE, YOUNG], reach: 15000 coefs: (v=2.0, m=1.5)
30/06 01:56:23 INFO naive.NaiveAgent|This is the value of cmpBid: 1
30/06 01:56:23 INFO naive.NaiveAgent|Day 38: Campaign total budget bid: 0.0010
30/06 01:56:23 INFO naive.NaiveAgent|Day 38: Adjusting ucs bid: was 0.10783972489955711 level reported: 0.5314410000000002 target: 0.7 adjusted: 0.12601708108890153
30/06 01:56:24 INFO naive.NaiveAgent|Day 38 : AdNetworkReport
30/06 01:56:24 INFO naive.NaiveAgent|Day 38 : Simulation Status Received
30/06 01:56:24 INFO naive.NaiveAgent|Day 38: Updated 36 Bid Bundle entries for Campaign id 1672326313
30/06 01:56:24 INFO naive.NaiveAgent|Day 38: Updated 36 Bid Bundle entries for Campaign id 2012492708
30/06 01:56:24 INFO naive.NaiveAgent|Day 38: Updated 36 Bid Bundle entries for Campaign id 983697475
30/06 01:56:24 INFO naive.NaiveAgent|Day 38: Sending BidBundle
30/06 01:56:24 INFO naive.NaiveAgent|Day 38 ended. Starting next day
30/06 01:56:34 INFO naive.NaiveAgent|Day 39 :BankStatus[14.643512]
30/06 01:56:35 INFO naive.NaiveAgent|Day 39: Updating campaign 983697475 stats: 5005.0 tgtImps 389.0 nonTgtImps. Cost of imps is 0.005536145702890931
30/06 01:56:35 INFO naive.NaiveAgent|Day 39: Updating campaign 1672326313 stats: 15006.0 tgtImps 18165.0 nonTgtImps. Cost of imps is 0.03542739782895382
30/06 01:56:35 INFO naive.NaiveAgent|Day 39: Daily notification for campaign 435739851
30/06 01:56:35 INFO naive.NaiveAgent|Day 39:  WON at cost 0.18198850271283068. UCS Level set to 0.5314410000000002 at price 0.0560171580153716 Qualit Score is: 1.102960622502004
30/06 01:56:35 INFO naive.NaiveAgent|Day 39: Campaign opportunity - Campaign ID 1711441866: day 41 to 50 [HIGH_INCOME, YOUNG], reach: 5000 coefs: (v=2.0, m=1.5)
30/06 01:56:35 INFO naive.NaiveAgent|This is the value of cmpBid: 1
30/06 01:56:35 INFO naive.NaiveAgent|Day 39: Campaign total budget bid: 0.0010
30/06 01:56:35 INFO naive.NaiveAgent|Day 39: Adjusting ucs bid: was 0.12601708108890153 level reported: 0.5314410000000002 target: 0.7 adjusted: 0.1192317508783576
30/06 01:56:35 INFO naive.NaiveAgent|Day 39 : AdNetworkReport
30/06 01:56:35 INFO naive.NaiveAgent|Day 39 : Simulation Status Received
30/06 01:56:35 INFO naive.NaiveAgent|Day 39: Updated 36 Bid Bundle entries for Campaign id 435739851
30/06 01:56:35 INFO naive.NaiveAgent|Day 39: Updated 36 Bid Bundle entries for Campaign id 2012492708
30/06 01:56:35 INFO naive.NaiveAgent|Day 39: Updated 36 Bid Bundle entries for Campaign id 983697475
30/06 01:56:35 INFO naive.NaiveAgent|Day 39: Sending BidBundle
30/06 01:56:35 INFO naive.NaiveAgent|Day 39 ended. Starting next day
30/06 01:56:45 INFO naive.NaiveAgent|Day 40 :BankStatus[14.538209]
30/06 01:56:45 INFO naive.NaiveAgent|Day 40: Updating campaign 983697475 stats: 10007.0 tgtImps 511.0 nonTgtImps. Cost of imps is 0.006527308695370006
30/06 01:56:45 INFO naive.NaiveAgent|Day 40: Updating campaign 2012492708 stats: 7504.0 tgtImps 6631.0 nonTgtImps. Cost of imps is 0.015474648854386638
30/06 01:56:45 INFO naive.NaiveAgent|Day 40: Daily notification for campaign 1711441866
30/06 01:56:45 INFO naive.NaiveAgent|Day 40:  WON at cost 0.01930181089378507. UCS Level set to 0.47829690000000014 at price 0.0 Qualit Score is: 1.1370343426411265
30/06 01:56:45 INFO naive.NaiveAgent|Day 40: Campaign opportunity - Campaign ID 798119374: day 42 to 51 [OLD, FEMALE], reach: 5000 coefs: (v=2.0, m=1.5)
30/06 01:56:45 INFO naive.NaiveAgent|This is the value of cmpBid: 1
30/06 01:56:45 INFO naive.NaiveAgent|Day 40: Campaign total budget bid: 0.0010
30/06 01:56:45 INFO naive.NaiveAgent|Day 40: Adjusting ucs bid: was 0.1192317508783576 level reported: 0.47829690000000014 target: 0.7 adjusted: 0.1456657996665172
30/06 01:56:45 INFO naive.NaiveAgent|Day 40 : AdNetworkReport
30/06 01:56:45 INFO naive.NaiveAgent|Day 40 : Simulation Status Received
30/06 01:56:45 INFO naive.NaiveAgent|Day 40: Updated 36 Bid Bundle entries for Campaign id 435739851
30/06 01:56:45 INFO naive.NaiveAgent|Day 40: Updated 36 Bid Bundle entries for Campaign id 2012492708
30/06 01:56:45 INFO naive.NaiveAgent|Day 40: Updated 36 Bid Bundle entries for Campaign id 983697475
30/06 01:56:45 INFO naive.NaiveAgent|Day 40: Updated 36 Bid Bundle entries for Campaign id 1711441866
30/06 01:56:45 INFO naive.NaiveAgent|Day 40: Sending BidBundle
30/06 01:56:45 INFO naive.NaiveAgent|Day 40 ended. Starting next day
30/06 01:56:56 INFO naive.NaiveAgent|Day 41 :BankStatus[20.110735]
30/06 01:56:56 INFO naive.NaiveAgent|Day 41: Updating campaign 435739851 stats: 7506.0 tgtImps 10436.0 nonTgtImps. Cost of imps is 0.02160606317749362
30/06 01:56:56 INFO naive.NaiveAgent|Day 41: Updating campaign 983697475 stats: 10007.0 tgtImps 511.0 nonTgtImps. Cost of imps is 0.006527308695370006
30/06 01:56:56 INFO naive.NaiveAgent|Day 41: Updating campaign 2012492708 stats: 15006.0 tgtImps 10494.0 nonTgtImps. Cost of imps is 0.029324358832076063
30/06 01:56:56 INFO naive.NaiveAgent|Day 41: Daily notification for campaign 798119374
30/06 01:56:56 INFO naive.NaiveAgent|Day 41:  WON at cost 1.3559134535995432. UCS Level set to 0.7290000000000001 at price 0.1034265726344005 Qualit Score is: 1.1370343426411265
30/06 01:56:57 INFO naive.NaiveAgent|Day 41: Campaign opportunity - Campaign ID 1200072897: day 43 to 52 [LOW_INCOME, FEMALE], reach: 5000 coefs: (v=2.0, m=1.5)
30/06 01:56:57 INFO naive.NaiveAgent|This is the value of cmpBid: 1
30/06 01:56:57 INFO naive.NaiveAgent|Day 41: Campaign total budget bid: 0.0010
30/06 01:56:57 INFO naive.NaiveAgent|Day 41: Adjusting ucs bid: was 0.1456657996665172 level reported: 0.7290000000000001 target: 0.7 adjusted: 0.12288968632120571
30/06 01:56:57 INFO naive.NaiveAgent|Day 41 : AdNetworkReport
30/06 01:56:57 INFO naive.NaiveAgent|Day 41 : Simulation Status Received
30/06 01:56:57 INFO naive.NaiveAgent|Day 41: Updated 36 Bid Bundle entries for Campaign id 798119374
30/06 01:56:57 INFO naive.NaiveAgent|Day 41: Updated 36 Bid Bundle entries for Campaign id 435739851
30/06 01:56:57 INFO naive.NaiveAgent|Day 41: Updated 36 Bid Bundle entries for Campaign id 2012492708
30/06 01:56:57 INFO naive.NaiveAgent|Day 41: Updated 36 Bid Bundle entries for Campaign id 983697475
30/06 01:56:57 INFO naive.NaiveAgent|Day 41: Updated 36 Bid Bundle entries for Campaign id 1711441866
30/06 01:56:57 INFO naive.NaiveAgent|Day 41: Sending BidBundle
30/06 01:56:57 INFO naive.NaiveAgent|Day 41 ended. Starting next day
30/06 01:57:04 INFO naive.NaiveAgent|Day 42 :BankStatus[19.982139]
30/06 01:57:04 INFO naive.NaiveAgent|Day 42: Updating campaign 435739851 stats: 15011.0 tgtImps 45685.0 nonTgtImps. Cost of imps is 0.05997240764067195
30/06 01:57:04 INFO naive.NaiveAgent|Day 42: Updating campaign 983697475 stats: 10007.0 tgtImps 511.0 nonTgtImps. Cost of imps is 0.006527308695370006
30/06 01:57:04 INFO naive.NaiveAgent|Day 42: Updating campaign 2012492708 stats: 18762.0 tgtImps 17962.0 nonTgtImps. Cost of imps is 0.041297382206542325
30/06 01:57:04 INFO naive.NaiveAgent|Day 42: Updating campaign 1711441866 stats: 0.0 tgtImps 0.0 nonTgtImps. Cost of imps is 0.0
30/06 01:57:04 INFO naive.NaiveAgent|Day 42: Daily notification for campaign 1200072897
30/06 01:57:04 INFO naive.NaiveAgent|Day 42:  WON at cost 1.6145887665503995. UCS Level set to 0.47829690000000014 at price 0.0 Qualit Score is: 1.1370343426411265
30/06 01:57:04 INFO naive.NaiveAgent|Day 42: Campaign opportunity - Campaign ID 1600981104: day 44 to 53 [HIGH_INCOME, YOUNG], reach: 5000 coefs: (v=2.0, m=1.5)
30/06 01:57:04 INFO naive.NaiveAgent|This is the value of cmpBid: 1
30/06 01:57:04 INFO naive.NaiveAgent|Day 42: Campaign total budget bid: 0.0010
30/06 01:57:04 INFO naive.NaiveAgent|Day 42: Adjusting ucs bid: was 0.12288968632120571 level reported: 0.47829690000000014 target: 0.7 adjusted: 0.10604994171513334
30/06 01:57:04 INFO naive.NaiveAgent|Day 42 : AdNetworkReport
30/06 01:57:04 INFO naive.NaiveAgent|Day 42 : Simulation Status Received
30/06 01:57:04 INFO naive.NaiveAgent|Day 42: Updated 36 Bid Bundle entries for Campaign id 1200072897
30/06 01:57:04 INFO naive.NaiveAgent|Day 42: Updated 36 Bid Bundle entries for Campaign id 798119374
30/06 01:57:04 INFO naive.NaiveAgent|Day 42: Updated 36 Bid Bundle entries for Campaign id 435739851
30/06 01:57:04 INFO naive.NaiveAgent|Day 42: Updated 36 Bid Bundle entries for Campaign id 2012492708
30/06 01:57:04 INFO naive.NaiveAgent|Day 42: Updated 36 Bid Bundle entries for Campaign id 1711441866
30/06 01:57:04 INFO naive.NaiveAgent|Day 42: Sending BidBundle
30/06 01:57:04 INFO naive.NaiveAgent|Day 42 ended. Starting next day
30/06 01:57:23 INFO naive.NaiveAgent|Day 43 :BankStatus[19.870784]
30/06 01:57:23 INFO naive.NaiveAgent|Day 43: Updating campaign 435739851 stats: 18760.0 tgtImps 46667.0 nonTgtImps. Cost of imps is 0.0657357138756539
30/06 01:57:23 INFO naive.NaiveAgent|Day 43: Updating campaign 2012492708 stats: 18768.0 tgtImps 17962.0 nonTgtImps. Cost of imps is 0.04129926624398829
30/06 01:57:23 INFO naive.NaiveAgent|Day 43: Updating campaign 1711441866 stats: 0.0 tgtImps 0.0 nonTgtImps. Cost of imps is 0.0
30/06 01:57:23 INFO naive.NaiveAgent|Day 43: Updating campaign 798119374 stats: 2508.0 tgtImps 7656.0 nonTgtImps. Cost of imps is 0.013115777756925295
30/06 01:57:23 INFO naive.NaiveAgent|Day 43: Daily notification for campaign 1600981104
30/06 01:57:23 INFO naive.NaiveAgent|Day 43:  WON at cost 0.5372487268979321. UCS Level set to 0.47829690000000014 at price 0.0 Qualit Score is: 1.055209811882209
30/06 01:57:23 INFO naive.NaiveAgent|Day 43: Campaign opportunity - Campaign ID 1146404901: day 45 to 54 [LOW_INCOME, FEMALE], reach: 5000 coefs: (v=2.0, m=1.5)
30/06 01:57:23 INFO naive.NaiveAgent|This is the value of cmpBid: 1
30/06 01:57:23 INFO naive.NaiveAgent|Day 43: Campaign total budget bid: 0.0010
30/06 01:57:23 INFO naive.NaiveAgent|Day 43: Adjusting ucs bid: was 0.10604994171513334 level reported: 0.47829690000000014 target: 0.7 adjusted: 0.12956154254819768
30/06 01:57:25 INFO naive.NaiveAgent|Day 43 : AdNetworkReport
30/06 01:57:25 INFO naive.NaiveAgent|Day 43 : Simulation Status Received
30/06 01:57:25 INFO naive.NaiveAgent|Day 43: Updated 36 Bid Bundle entries for Campaign id 1600981104
30/06 01:57:25 INFO naive.NaiveAgent|Day 43: Updated 36 Bid Bundle entries for Campaign id 1711441866
30/06 01:57:25 INFO naive.NaiveAgent|Day 43: Updated 36 Bid Bundle entries for Campaign id 1200072897
30/06 01:57:25 INFO naive.NaiveAgent|Day 43: Updated 36 Bid Bundle entries for Campaign id 798119374
30/06 01:57:25 INFO naive.NaiveAgent|Day 43: Updated 36 Bid Bundle entries for Campaign id 435739851
30/06 01:57:25 INFO naive.NaiveAgent|Day 43: Sending BidBundle
30/06 01:57:25 INFO naive.NaiveAgent|Day 43 ended. Starting next day
30/06 01:57:27 INFO naive.NaiveAgent|Day 44 :BankStatus[19.846203]
30/06 01:57:27 INFO naive.NaiveAgent|Day 44: Updating campaign 435739851 stats: 18762.0 tgtImps 46824.0 nonTgtImps. Cost of imps is 0.0657742211684137
30/06 01:57:27 INFO naive.NaiveAgent|Day 44: Updating campaign 1200072897 stats: 2504.0 tgtImps 94884.0 nonTgtImps. Cost of imps is 0.10897383579561727
30/06 01:57:27 INFO naive.NaiveAgent|Day 44: Updating campaign 1711441866 stats: 0.0 tgtImps 0.0 nonTgtImps. Cost of imps is 0.0
30/06 01:57:27 INFO naive.NaiveAgent|Day 44: Updating campaign 798119374 stats: 5010.0 tgtImps 16169.0 nonTgtImps. Cost of imps is 0.025354829161205635
30/06 01:57:27 INFO naive.NaiveAgent|Day 44: Daily notification for campaign 1146404901
30/06 01:57:27 INFO naive.NaiveAgent|Day 44:  allocated to . UCS Level set to 0.47829690000000014 at price 0.0 Qualit Score is: 1.118137851604025
30/06 01:57:27 INFO naive.NaiveAgent|Day 44: Campaign opportunity - Campaign ID 88649701: day 46 to 55 [OLD, FEMALE], reach: 10000 coefs: (v=2.0, m=1.5)
30/06 01:57:27 INFO naive.NaiveAgent|This is the value of cmpBid: 1
30/06 01:57:27 INFO naive.NaiveAgent|Day 44: Campaign total budget bid: 0.0010
30/06 01:57:27 INFO naive.NaiveAgent|Day 44: Adjusting ucs bid: was 0.12956154254819768 level reported: 0.47829690000000014 target: 0.7 adjusted: 0.158285738171915
30/06 01:57:27 INFO naive.NaiveAgent|Day 44 : Simulation Status Received
30/06 01:57:27 INFO naive.NaiveAgent|Day 44: Updated 36 Bid Bundle entries for Campaign id 1600981104
30/06 01:57:27 INFO naive.NaiveAgent|Day 44: Updated 36 Bid Bundle entries for Campaign id 1711441866
30/06 01:57:27 INFO naive.NaiveAgent|Day 44: Updated 36 Bid Bundle entries for Campaign id 1200072897
30/06 01:57:27 INFO naive.NaiveAgent|Day 44: Updated 36 Bid Bundle entries for Campaign id 798119374
30/06 01:57:27 INFO naive.NaiveAgent|Day 44: Sending BidBundle
30/06 01:57:27 INFO naive.NaiveAgent|Day 44 ended. Starting next day
30/06 01:57:38 INFO naive.NaiveAgent|Day 45 :BankStatus[33.457687]
30/06 01:57:38 INFO naive.NaiveAgent|Day 45: Updating campaign 1600981104 stats: 0.0 tgtImps 0.0 nonTgtImps. Cost of imps is 0.0
30/06 01:57:38 INFO naive.NaiveAgent|Day 45: Updating campaign 1200072897 stats: 2504.0 tgtImps 94884.0 nonTgtImps. Cost of imps is 0.10897383579561727
30/06 01:57:38 INFO naive.NaiveAgent|Day 45: Updating campaign 1711441866 stats: 0.0 tgtImps 0.0 nonTgtImps. Cost of imps is 0.0
30/06 01:57:38 INFO naive.NaiveAgent|Day 45: Updating campaign 798119374 stats: 5010.0 tgtImps 16169.0 nonTgtImps. Cost of imps is 0.025354829161205635
30/06 01:57:38 INFO naive.NaiveAgent|Day 45: Daily notification for campaign 88649701
30/06 01:57:38 INFO naive.NaiveAgent|Day 45:  WON at cost 2.4487218950128145. UCS Level set to 0.81 at price 0.12314030981904439 Qualit Score is: 1.1431680132414697
30/06 01:57:38 INFO naive.NaiveAgent|Day 45: Campaign opportunity - Campaign ID 1662486189: day 47 to 49 [FEMALE, HIGH_INCOME], reach: 15000 coefs: (v=2.0, m=1.5)
30/06 01:57:38 INFO naive.NaiveAgent|This is the value of cmpBid: 1
30/06 01:57:38 INFO naive.NaiveAgent|Day 45: Campaign total budget bid: 0.0010
30/06 01:57:38 INFO naive.NaiveAgent|Day 45: Adjusting ucs bid: was 0.158285738171915 level reported: 0.81 target: 0.7 adjusted: 0.13069996300435072
30/06 01:57:38 INFO naive.NaiveAgent|Day 45 : AdNetworkReport
30/06 01:57:38 INFO naive.NaiveAgent|Day 45 : Simulation Status Received
30/06 01:57:38 INFO naive.NaiveAgent|Day 45: Updated 36 Bid Bundle entries for Campaign id 1600981104
30/06 01:57:38 INFO naive.NaiveAgent|Day 45: Updated 36 Bid Bundle entries for Campaign id 1711441866
30/06 01:57:38 INFO naive.NaiveAgent|Day 45: Updated 36 Bid Bundle entries for Campaign id 1200072897
30/06 01:57:38 INFO naive.NaiveAgent|Day 45: Updated 36 Bid Bundle entries for Campaign id 798119374
30/06 01:57:38 INFO naive.NaiveAgent|Day 45: Updated 36 Bid Bundle entries for Campaign id 88649701
30/06 01:57:38 INFO naive.NaiveAgent|Day 45: Sending BidBundle
30/06 01:57:38 INFO naive.NaiveAgent|Day 45 ended. Starting next day
30/06 01:57:48 INFO naive.NaiveAgent|Day 46 :BankStatus[33.533638]
30/06 01:57:48 INFO naive.NaiveAgent|Day 46: Updating campaign 1600981104 stats: 2502.0 tgtImps 1646.0 nonTgtImps. Cost of imps is 0.004452994173862439
30/06 01:57:48 INFO naive.NaiveAgent|Day 46: Updating campaign 1200072897 stats: 3757.0 tgtImps 145937.0 nonTgtImps. Cost of imps is 0.17083293924867998
30/06 01:57:48 INFO naive.NaiveAgent|Day 46: Updating campaign 1711441866 stats: 0.0 tgtImps 0.0 nonTgtImps. Cost of imps is 0.0
30/06 01:57:48 INFO naive.NaiveAgent|Day 46: Updating campaign 798119374 stats: 5013.0 tgtImps 16195.0 nonTgtImps. Cost of imps is 0.02538699718378357
30/06 01:57:48 INFO naive.NaiveAgent|Day 46: Daily notification for campaign 1662486189
30/06 01:57:48 INFO naive.NaiveAgent|Day 46:  WON at cost 0.10288512119173228. UCS Level set to 0.5314410000000002 at price 0.06316766659164144 Qualit Score is: 1.1431680132414697
30/06 01:57:49 INFO naive.NaiveAgent|Day 46: Campaign opportunity - Campaign ID 1020148538: day 48 to 50 [FEMALE, YOUNG], reach: 5000 coefs: (v=2.0, m=1.5)
30/06 01:57:49 INFO naive.NaiveAgent|This is the value of cmpBid: 1
30/06 01:57:49 INFO naive.NaiveAgent|Day 46: Campaign total budget bid: 0.0010
30/06 01:57:49 INFO naive.NaiveAgent|Day 46: Adjusting ucs bid: was 0.13069996300435072 level reported: 0.5314410000000002 target: 0.7 adjusted: 0.12254549005039798
30/06 01:57:49 INFO naive.NaiveAgent|Day 46 : AdNetworkReport
30/06 01:57:49 INFO naive.NaiveAgent|Day 46 : Simulation Status Received
30/06 01:57:49 INFO naive.NaiveAgent|Day 46: Updated 36 Bid Bundle entries for Campaign id 1600981104
30/06 01:57:49 INFO naive.NaiveAgent|Day 46: Updated 36 Bid Bundle entries for Campaign id 1662486189
30/06 01:57:49 INFO naive.NaiveAgent|Day 46: Updated 36 Bid Bundle entries for Campaign id 1711441866
30/06 01:57:49 INFO naive.NaiveAgent|Day 46: Updated 36 Bid Bundle entries for Campaign id 1200072897
30/06 01:57:49 INFO naive.NaiveAgent|Day 46: Updated 36 Bid Bundle entries for Campaign id 798119374
30/06 01:57:49 INFO naive.NaiveAgent|Day 46: Updated 36 Bid Bundle entries for Campaign id 88649701
30/06 01:57:49 INFO naive.NaiveAgent|Day 46: Sending BidBundle
30/06 01:57:49 INFO naive.NaiveAgent|Day 46 ended. Starting next day
30/06 01:57:57 INFO naive.NaiveAgent|Day 47 :BankStatus[33.385886]
30/06 01:57:57 INFO naive.NaiveAgent|Day 47: Updating campaign 1600981104 stats: 5006.0 tgtImps 12670.0 nonTgtImps. Cost of imps is 0.019408936403294788
30/06 01:57:57 INFO naive.NaiveAgent|Day 47: Updating campaign 1200072897 stats: 5008.0 tgtImps 186792.0 nonTgtImps. Cost of imps is 0.21811542106032367
30/06 01:57:57 INFO naive.NaiveAgent|Day 47: Updating campaign 1711441866 stats: 0.0 tgtImps 0.0 nonTgtImps. Cost of imps is 0.0
30/06 01:57:57 INFO naive.NaiveAgent|Day 47: Updating campaign 798119374 stats: 5016.0 tgtImps 16198.0 nonTgtImps. Cost of imps is 0.025395399648334014
30/06 01:57:57 INFO naive.NaiveAgent|Day 47: Updating campaign 88649701 stats: 0.0 tgtImps 0.0 nonTgtImps. Cost of imps is 0.0
30/06 01:57:57 INFO naive.NaiveAgent|Day 47: Daily notification for campaign 1020148538
30/06 01:57:57 INFO naive.NaiveAgent|Day 47:  WON at cost 1.1803209736718174. UCS Level set to 0.5904900000000002 at price 0.06968661429831728 Qualit Score is: 1.1431680132414697
30/06 01:57:58 INFO naive.NaiveAgent|Day 47: Campaign opportunity - Campaign ID 1656381506: day 49 to 51 [LOW_INCOME, FEMALE], reach: 15000 coefs: (v=2.0, m=1.5)
30/06 01:57:58 INFO naive.NaiveAgent|This is the value of cmpBid: 1
30/06 01:57:58 INFO naive.NaiveAgent|Day 47: Campaign total budget bid: 0.0010
30/06 01:57:58 INFO naive.NaiveAgent|Day 47: Adjusting ucs bid: was 0.12254549005039798 level reported: 0.5904900000000002 target: 0.7 adjusted: 0.11948921424908301
30/06 01:57:58 INFO naive.NaiveAgent|Day 47 : AdNetworkReport
30/06 01:57:58 INFO naive.NaiveAgent|Day 47 : Simulation Status Received
30/06 01:57:58 INFO naive.NaiveAgent|Day 47: Updated 36 Bid Bundle entries for Campaign id 1600981104
30/06 01:57:58 INFO naive.NaiveAgent|Day 47: Updated 36 Bid Bundle entries for Campaign id 1662486189
30/06 01:57:58 INFO naive.NaiveAgent|Day 47: Updated 36 Bid Bundle entries for Campaign id 1711441866
30/06 01:57:58 INFO naive.NaiveAgent|Day 47: Updated 36 Bid Bundle entries for Campaign id 1200072897
30/06 01:57:58 INFO naive.NaiveAgent|Day 47: Updated 36 Bid Bundle entries for Campaign id 798119374
30/06 01:57:58 INFO naive.NaiveAgent|Day 47: Updated 36 Bid Bundle entries for Campaign id 1020148538
30/06 01:57:58 INFO naive.NaiveAgent|Day 47: Updated 36 Bid Bundle entries for Campaign id 88649701
30/06 01:57:58 INFO naive.NaiveAgent|Day 47: Sending BidBundle
30/06 01:57:58 INFO naive.NaiveAgent|Day 47 ended. Starting next day
30/06 01:58:03 INFO naive.NaiveAgent|Day 48 :BankStatus[33.254610]
30/06 01:58:03 INFO naive.NaiveAgent|Day 48: Updating campaign 1600981104 stats: 6261.0 tgtImps 13156.0 nonTgtImps. Cost of imps is 0.021733916889782573
30/06 01:58:03 INFO naive.NaiveAgent|Day 48: Updating campaign 1200072897 stats: 5630.0 tgtImps 218999.0 nonTgtImps. Cost of imps is 0.253686225656746
30/06 01:58:03 INFO naive.NaiveAgent|Day 48: Updating campaign 1711441866 stats: 0.0 tgtImps 0.0 nonTgtImps. Cost of imps is 0.0
30/06 01:58:03 INFO naive.NaiveAgent|Day 48: Updating campaign 1662486189 stats: 7507.0 tgtImps 114.0 nonTgtImps. Cost of imps is 0.004235558574867339
30/06 01:58:03 INFO naive.NaiveAgent|Day 48: Updating campaign 798119374 stats: 5018.0 tgtImps 16198.0 nonTgtImps. Cost of imps is 0.025403148846355098
30/06 01:58:03 INFO naive.NaiveAgent|Day 48: Updating campaign 88649701 stats: 0.0 tgtImps 0.0 nonTgtImps. Cost of imps is 0.0
30/06 01:58:03 INFO naive.NaiveAgent|Day 48: Daily notification for campaign 1656381506
30/06 01:58:03 INFO naive.NaiveAgent|Day 48:  WON at cost 0.5287152061241797. UCS Level set to 0.5314410000000002 at price 0.05670816269880993 Qualit Score is: 1.1431680132414697
30/06 01:58:03 INFO naive.NaiveAgent|Day 48: Campaign opportunity - Campaign ID 1891754590: day 50 to 59 [LOW_INCOME, YOUNG], reach: 5000 coefs: (v=2.0, m=1.5)
30/06 01:58:03 INFO naive.NaiveAgent|This is the value of cmpBid: 1
30/06 01:58:03 INFO naive.NaiveAgent|Day 48: Campaign total budget bid: 0.0010
30/06 01:58:03 INFO naive.NaiveAgent|Day 48: Adjusting ucs bid: was 0.11948921424908301 level reported: 0.5314410000000002 target: 0.7 adjusted: 0.12321341326845003
30/06 01:58:04 INFO naive.NaiveAgent|Day 48 : AdNetworkReport
30/06 01:58:04 INFO naive.NaiveAgent|Day 48 : Simulation Status Received
30/06 01:58:04 INFO naive.NaiveAgent|Day 48: Updated 36 Bid Bundle entries for Campaign id 1656381506
30/06 01:58:04 INFO naive.NaiveAgent|Day 48: Updated 36 Bid Bundle entries for Campaign id 1600981104
30/06 01:58:04 INFO naive.NaiveAgent|Day 48: Updated 36 Bid Bundle entries for Campaign id 1662486189
30/06 01:58:04 INFO naive.NaiveAgent|Day 48: Updated 36 Bid Bundle entries for Campaign id 1711441866
30/06 01:58:04 INFO naive.NaiveAgent|Day 48: Updated 36 Bid Bundle entries for Campaign id 1200072897
30/06 01:58:04 INFO naive.NaiveAgent|Day 48: Updated 36 Bid Bundle entries for Campaign id 798119374
30/06 01:58:04 INFO naive.NaiveAgent|Day 48: Updated 36 Bid Bundle entries for Campaign id 1020148538
30/06 01:58:04 INFO naive.NaiveAgent|Day 48: Updated 36 Bid Bundle entries for Campaign id 88649701
30/06 01:58:04 INFO naive.NaiveAgent|Day 48: Sending BidBundle
30/06 01:58:04 INFO naive.NaiveAgent|Day 48 ended. Starting next day
30/06 01:58:31 INFO naive.NaiveAgent|Day 49 :BankStatus[33.153534]
30/06 01:58:31 INFO naive.NaiveAgent|Day 49: Updating campaign 1600981104 stats: 6267.0 tgtImps 13156.0 nonTgtImps. Cost of imps is 0.021736354294199265
30/06 01:58:31 INFO naive.NaiveAgent|Day 49: Updating campaign 1200072897 stats: 5636.0 tgtImps 219151.0 nonTgtImps. Cost of imps is 0.2538262546087216
30/06 01:58:31 INFO naive.NaiveAgent|Day 49: Updating campaign 1711441866 stats: 0.0 tgtImps 0.0 nonTgtImps. Cost of imps is 0.0
30/06 01:58:31 INFO naive.NaiveAgent|Day 49: Updating campaign 1020148538 stats: 0.0 tgtImps 0.0 nonTgtImps. Cost of imps is 0.0
30/06 01:58:31 INFO naive.NaiveAgent|Day 49: Updating campaign 1662486189 stats: 15009.0 tgtImps 364.0 nonTgtImps. Cost of imps is 0.005138875977609009
30/06 01:58:31 INFO naive.NaiveAgent|Day 49: Updating campaign 798119374 stats: 5024.0 tgtImps 16226.0 nonTgtImps. Cost of imps is 0.025439146697539123
30/06 01:58:31 INFO naive.NaiveAgent|Day 49: Updating campaign 88649701 stats: 0.0 tgtImps 0.0 nonTgtImps. Cost of imps is 0.0
30/06 01:58:31 INFO naive.NaiveAgent|Day 49: Daily notification for campaign 1891754590
30/06 01:58:31 INFO naive.NaiveAgent|Day 49:  WON at cost 0.31722912367450784. UCS Level set to 0.5904900000000002 at price 0.06617745542732413 Qualit Score is: 1.1431680132414697
30/06 01:58:31 INFO naive.NaiveAgent|Day 49: Campaign opportunity - Campaign ID 650353527: day 51 to 53 [FEMALE, HIGH_INCOME], reach: 15000 coefs: (v=2.0, m=1.5)
30/06 01:58:31 INFO naive.NaiveAgent|This is the value of cmpBid: 1
30/06 01:58:31 INFO naive.NaiveAgent|Day 49: Campaign total budget bid: 0.0010
30/06 01:58:31 INFO naive.NaiveAgent|Day 49: Adjusting ucs bid: was 0.12321341326845003 level reported: 0.5904900000000002 target: 0.7 adjusted: 0.13670651415547797
30/06 01:59:12 INFO naive.NaiveAgent|Day 49 : AdNetworkReport
30/06 01:59:12 INFO naive.NaiveAgent|Day 49 : Simulation Status Received
30/06 01:59:12 INFO naive.NaiveAgent|Day 49: Updated 36 Bid Bundle entries for Campaign id 1656381506
30/06 01:59:12 INFO naive.NaiveAgent|Day 49: Updated 36 Bid Bundle entries for Campaign id 1891754590
30/06 01:59:12 INFO naive.NaiveAgent|Day 49: Updated 36 Bid Bundle entries for Campaign id 1600981104
30/06 01:59:12 INFO naive.NaiveAgent|Day 49: Updated 36 Bid Bundle entries for Campaign id 1711441866
30/06 01:59:12 INFO naive.NaiveAgent|Day 49: Updated 36 Bid Bundle entries for Campaign id 1200072897
30/06 01:59:12 INFO naive.NaiveAgent|Day 49: Updated 36 Bid Bundle entries for Campaign id 798119374
30/06 01:59:12 INFO naive.NaiveAgent|Day 49: Updated 36 Bid Bundle entries for Campaign id 1020148538
30/06 01:59:12 INFO naive.NaiveAgent|Day 49: Updated 36 Bid Bundle entries for Campaign id 88649701
30/06 01:59:12 INFO naive.NaiveAgent|Day 49: Sending BidBundle
30/06 01:59:12 INFO naive.NaiveAgent|Day 49 ended. Starting next day
30/06 01:59:13 INFO naive.NaiveAgent|Day 50 :BankStatus[32.977645]
30/06 01:59:13 INFO naive.NaiveAgent|Day 50: Updating campaign 1600981104 stats: 6270.0 tgtImps 13164.0 nonTgtImps. Cost of imps is 0.021751591562032498
30/06 01:59:13 INFO naive.NaiveAgent|Day 50: Updating campaign 1200072897 stats: 5636.0 tgtImps 219151.0 nonTgtImps. Cost of imps is 0.2538262546087216
30/06 01:59:13 INFO naive.NaiveAgent|Day 50: Updating campaign 1711441866 stats: 0.0 tgtImps 0.0 nonTgtImps. Cost of imps is 0.0
30/06 01:59:13 INFO naive.NaiveAgent|Day 50: Updating campaign 1656381506 stats: 5864.0 tgtImps 139937.0 nonTgtImps. Cost of imps is 0.16802915536027554
30/06 01:59:13 INFO naive.NaiveAgent|Day 50: Updating campaign 1020148538 stats: 0.0 tgtImps 0.0 nonTgtImps. Cost of imps is 0.0
30/06 01:59:13 INFO naive.NaiveAgent|Day 50: Updating campaign 798119374 stats: 5027.0 tgtImps 16226.0 nonTgtImps. Cost of imps is 0.025446004360884737
30/06 01:59:13 INFO naive.NaiveAgent|Day 50: Updating campaign 88649701 stats: 0.0 tgtImps 0.0 nonTgtImps. Cost of imps is 0.0
30/06 01:59:13 INFO naive.NaiveAgent|Day 50: Daily notification for campaign 650353527
30/06 01:59:13 INFO naive.NaiveAgent|Day 50:  allocated to . UCS Level set to 0.5904900000000002 at price 0.06617745542732413 Qualit Score is: 1.0576034392553697
30/06 01:59:13 INFO naive.NaiveAgent|Day 50: Campaign opportunity - Campaign ID 1051302837: day 52 to 54 [OLD, FEMALE], reach: 15000 coefs: (v=2.0, m=1.5)
30/06 01:59:13 INFO naive.NaiveAgent|This is the value of cmpBid: 1
30/06 01:59:13 INFO naive.NaiveAgent|Day 50: Campaign total budget bid: 0.0010
30/06 01:59:13 INFO naive.NaiveAgent|Day 50: Adjusting ucs bid: was 0.13670651415547797 level reported: 0.5904900000000002 target: 0.7 adjusted: 0.15167724452064432
30/06 01:59:52 INFO naive.NaiveAgent|Day 50 : AdNetworkReport
30/06 01:59:52 INFO naive.NaiveAgent|Day 50 : Simulation Status Received
30/06 01:59:52 INFO naive.NaiveAgent|Day 50: Updated 36 Bid Bundle entries for Campaign id 1656381506
30/06 01:59:52 INFO naive.NaiveAgent|Day 50: Updated 36 Bid Bundle entries for Campaign id 1891754590
30/06 01:59:52 INFO naive.NaiveAgent|Day 50: Updated 36 Bid Bundle entries for Campaign id 1600981104
30/06 01:59:52 INFO naive.NaiveAgent|Day 50: Updated 36 Bid Bundle entries for Campaign id 1200072897
30/06 01:59:52 INFO naive.NaiveAgent|Day 50: Updated 36 Bid Bundle entries for Campaign id 798119374
30/06 01:59:52 INFO naive.NaiveAgent|Day 50: Updated 36 Bid Bundle entries for Campaign id 88649701
30/06 01:59:52 INFO naive.NaiveAgent|Day 50: Sending BidBundle
30/06 01:59:52 INFO naive.NaiveAgent|Day 50 ended. Starting next day
30/06 01:59:54 INFO naive.NaiveAgent|Day 51 :BankStatus[32.909455]
30/06 01:59:54 INFO naive.NaiveAgent|Day 51: Updating campaign 1600981104 stats: 6270.0 tgtImps 13164.0 nonTgtImps. Cost of imps is 0.021751591562032498
30/06 01:59:54 INFO naive.NaiveAgent|Day 51: Updating campaign 1200072897 stats: 5636.0 tgtImps 219151.0 nonTgtImps. Cost of imps is 0.2538262546087216
30/06 01:59:54 INFO naive.NaiveAgent|Day 51: Updating campaign 1656381506 stats: 10149.0 tgtImps 275535.0 nonTgtImps. Cost of imps is 0.3265669570180977
30/06 01:59:54 INFO naive.NaiveAgent|Day 51: Updating campaign 1891754590 stats: 0.0 tgtImps 0.0 nonTgtImps. Cost of imps is 0.0
30/06 01:59:54 INFO naive.NaiveAgent|Day 51: Updating campaign 798119374 stats: 5027.0 tgtImps 16226.0 nonTgtImps. Cost of imps is 0.025446004360884737
30/06 01:59:54 INFO naive.NaiveAgent|Day 51: Updating campaign 88649701 stats: 0.0 tgtImps 0.0 nonTgtImps. Cost of imps is 0.0
30/06 01:59:54 INFO naive.NaiveAgent|Day 51: Daily notification for campaign 1051302837
30/06 01:59:54 INFO naive.NaiveAgent|Day 51:  allocated to . UCS Level set to 0.5904900000000002 at price 0.06617745542732413 Qualit Score is: 0.16921655028085916
30/06 01:59:54 INFO naive.NaiveAgent|Day 51: Campaign opportunity - Campaign ID 591839161: day 53 to 57 [LOW_INCOME, FEMALE], reach: 5000 coefs: (v=2.0, m=1.5)
30/06 01:59:54 INFO naive.NaiveAgent|This is the value of cmpBid: 1
30/06 01:59:54 INFO naive.NaiveAgent|Day 51: Campaign total budget bid: 0.0010
30/06 01:59:54 INFO naive.NaiveAgent|Day 51: Adjusting ucs bid: was 0.15167724452064432 level reported: 0.5904900000000002 target: 0.7 adjusted: 0.16828741956810006
30/06 02:00:20 SEVERE agentware.SimClient|************************************************************
30/06 02:00:20 SEVERE agentware.SimClient|* Forced Simulation End
30/06 02:00:20 SEVERE agentware.SimClient|* forcing simulation to end at time unit 62 (max 61 time units)
30/06 02:00:20 SEVERE agentware.SimClient|************************************************************
