14/07 01:03:01 INFO agents.BrownAgent|UNKNOWN Message Received: edu.umich.eecs.tac.props.AdvertiserInfo@bc76a1c1
14/07 01:03:01 INFO agents.BrownAgent|Day 0 :BankStatus[0.000000]
14/07 01:03:01 INFO agents.BrownAgent|tau.tac.adx.report.demand.InitialCampaignMessage[1242359702,1250,1,5,[YOUNG, FEMALE],2.0,1.5,demand,[]]
14/07 01:03:01 INFO agents.BrownAgent|Day 0: Allocated campaign - Campaign ID 1242359702: day 1 to 5 [YOUNG, FEMALE], reach: 1250 coefs: (v=2.0, m=1.5)
14/07 01:03:01 SEVERE agents.BrownAgent|Exception thrown while trying to parse message.java.lang.NullPointerException.  Message[coordinator,adv1,tau.tac.adx.report.demand.InitialCampaignMessage[1242359702,1250,1,5,[YOUNG, FEMALE],2.0,1.5,demand,[]]]
14/07 01:03:01 INFO agents.BrownAgent|1
14/07 01:03:01 INFO agents.BrownAgent|2
14/07 01:03:01 SEVERE agents.BrownAgent|Exception thrown while trying to parse message.java.lang.NullPointerException.  Message[coordinator,adv1,tau.tac.adx.report.demand.CampaignOpportunityMessage[355807572,10000,2,11,[HIGH_INCOME, FEMALE],2.0,1.5,0,[]]]
14/07 01:03:01 INFO agents.BrownAgent|about to get bid bundle from optimizer
14/07 01:03:01 INFO agents.BrownAgent|the bid bundle was null
14/07 01:03:01 SEVERE agents.BrownAgent|Exception thrown while trying to parse message.java.lang.NullPointerException.  Message[coordinator,adv1,simulationStatus[0,1517,false,[]]]
14/07 01:03:12 INFO agents.BrownAgent|Day 0 :BankStatus[0.000000]
14/07 01:03:12 INFO agents.BrownAgent|Day 0: Daily notification for campaign 355807572
14/07 01:03:12 INFO agents.BrownAgent|about to update modeler
14/07 01:03:12 INFO agents.BrownAgent|Day 0:  allocated to DummyAdnetwork-3. UCS Level set to 0.47829690000000014 at price 0.0 Qualit Score is: 1.0
14/07 01:03:12 INFO agents.BrownAgent|1
14/07 01:03:12 INFO agents.BrownAgent|2
14/07 01:03:12 SEVERE agents.BrownAgent|Exception thrown while trying to parse message.java.lang.NullPointerException.  Message[coordinator,adv1,tau.tac.adx.report.demand.CampaignOpportunityMessage[1019115111,10000,3,5,[FEMALE, OLD],2.0,1.5,1,[]]]
14/07 01:03:12 INFO agents.BrownAgent|about to get bid bundle from optimizer
14/07 01:03:12 INFO agents.BrownAgent|the bid bundle was null
14/07 01:03:12 SEVERE agents.BrownAgent|Exception thrown while trying to parse message.java.lang.NullPointerException.  Message[coordinator,adv1,simulationStatus[1,2960,false,[]]]
14/07 01:03:22 INFO agents.BrownAgent|Day 1 :BankStatus[-0.081264]
14/07 01:03:22 INFO agents.BrownAgent|Day 1: Updating campaign 1242359702 stats: 0.0 tgtImps 0.0 nonTgtImps. Cost of imps is 0.0
14/07 01:03:22 INFO agents.BrownAgent|Day 1: Daily notification for campaign 1019115111
14/07 01:03:22 INFO agents.BrownAgent|about to update modeler
14/07 01:03:22 INFO agents.BrownAgent|Day 1:  allocated to DummyAdnetwork-6. UCS Level set to 0.47829690000000014 at price 0.0 Qualit Score is: 1.0
14/07 01:03:22 INFO agents.BrownAgent|1
14/07 01:03:22 INFO agents.BrownAgent|2
14/07 01:03:22 SEVERE agents.BrownAgent|Exception thrown while trying to parse message.java.lang.NullPointerException.  Message[coordinator,adv1,tau.tac.adx.report.demand.CampaignOpportunityMessage[402301463,15000,4,13,[YOUNG, FEMALE],2.0,1.5,2,[]]]
14/07 01:03:22 INFO agents.BrownAgent|about to get bid bundle from optimizer
14/07 01:03:22 INFO agents.BrownAgent|the bid bundle was null
14/07 01:03:22 SEVERE agents.BrownAgent|Exception thrown while trying to parse message.java.lang.NullPointerException.  Message[coordinator,adv1,simulationStatus[2,2271,false,[]]]
14/07 01:03:32 INFO agents.BrownAgent|Day 2 :BankStatus[-0.169613]
14/07 01:03:32 INFO agents.BrownAgent|Day 2: Updating campaign 1242359702 stats: 0.0 tgtImps 0.0 nonTgtImps. Cost of imps is 0.0
14/07 01:03:32 INFO agents.BrownAgent|Day 2: Daily notification for campaign 402301463
14/07 01:03:32 INFO agents.BrownAgent|about to update modeler
14/07 01:03:32 INFO agents.BrownAgent|Day 2:  allocated to DummyAdnetwork-7. UCS Level set to 0.47829690000000014 at price 0.0 Qualit Score is: 1.0
14/07 01:03:32 INFO agents.BrownAgent|1
14/07 01:03:32 INFO agents.BrownAgent|2
14/07 01:03:32 SEVERE agents.BrownAgent|Exception thrown while trying to parse message.java.lang.NullPointerException.  Message[coordinator,adv1,tau.tac.adx.report.demand.CampaignOpportunityMessage[1851228504,5000,5,9,[MALE, OLD],2.0,1.5,3,[]]]
14/07 01:03:32 INFO agents.BrownAgent|about to get bid bundle from optimizer
14/07 01:03:32 INFO agents.BrownAgent|the bid bundle was null
14/07 01:03:32 SEVERE agents.BrownAgent|Exception thrown while trying to parse message.java.lang.NullPointerException.  Message[coordinator,adv1,simulationStatus[3,2226,false,[]]]
14/07 01:03:42 INFO agents.BrownAgent|Day 3 :BankStatus[-0.253090]
14/07 01:03:42 INFO agents.BrownAgent|Day 3: Updating campaign 1242359702 stats: 0.0 tgtImps 0.0 nonTgtImps. Cost of imps is 0.0
14/07 01:03:42 INFO agents.BrownAgent|Day 3: Daily notification for campaign 1851228504
14/07 01:03:42 INFO agents.BrownAgent|about to update modeler
14/07 01:03:42 INFO agents.BrownAgent|Day 3:  allocated to DummyAdnetwork-7. UCS Level set to 0.47829690000000014 at price 0.0 Qualit Score is: 1.0
14/07 01:03:42 INFO agents.BrownAgent|1
14/07 01:03:42 INFO agents.BrownAgent|2
14/07 01:03:42 SEVERE agents.BrownAgent|Exception thrown while trying to parse message.java.lang.NullPointerException.  Message[coordinator,adv1,tau.tac.adx.report.demand.CampaignOpportunityMessage[471358066,15000,6,15,[LOW_INCOME, OLD],2.0,1.5,4,[]]]
14/07 01:03:42 INFO agents.BrownAgent|about to get bid bundle from optimizer
14/07 01:03:42 INFO agents.BrownAgent|the bid bundle was null
14/07 01:03:42 SEVERE agents.BrownAgent|Exception thrown while trying to parse message.java.lang.NullPointerException.  Message[coordinator,adv1,simulationStatus[4,2509,false,[]]]
14/07 01:03:51 INFO agents.BrownAgent|Day 4 :BankStatus[-0.335172]
14/07 01:03:51 INFO agents.BrownAgent|Day 4: Updating campaign 1242359702 stats: 0.0 tgtImps 0.0 nonTgtImps. Cost of imps is 0.0
14/07 01:03:51 INFO agents.BrownAgent|Day 4: Daily notification for campaign 471358066
14/07 01:03:51 INFO agents.BrownAgent|about to update modeler
14/07 01:03:51 INFO agents.BrownAgent|Day 4:  allocated to DummyAdnetwork-7. UCS Level set to 0.47829690000000014 at price 0.0 Qualit Score is: 1.0
14/07 01:03:51 INFO agents.BrownAgent|1
14/07 01:03:51 INFO agents.BrownAgent|2
14/07 01:03:51 SEVERE agents.BrownAgent|Exception thrown while trying to parse message.java.lang.NullPointerException.  Message[coordinator,adv1,tau.tac.adx.report.demand.CampaignOpportunityMessage[162392427,5000,7,11,[FEMALE, OLD],2.0,1.5,5,[]]]
14/07 01:03:51 INFO agents.BrownAgent|about to get bid bundle from optimizer
14/07 01:03:51 INFO agents.BrownAgent|the bid bundle was null
14/07 01:03:51 INFO agents.BrownAgent|just got new bid bundle
14/07 01:03:51 INFO agents.BrownAgent|just sent new bid bundle
14/07 01:03:51 INFO agents.BrownAgent|Day 5 ended. Starting next day
14/07 01:04:02 INFO agents.BrownAgent|Day 6 :BankStatus[-0.410248]
14/07 01:04:02 INFO agents.BrownAgent|Day 6: Daily notification for campaign 162392427
14/07 01:04:02 INFO agents.BrownAgent|about to update modeler
14/07 01:04:02 INFO agents.BrownAgent|Day 6:  allocated to DummyAdnetwork. UCS Level set to 0.47829690000000014 at price 0.0 Qualit Score is: 0.4
14/07 01:04:02 INFO agents.BrownAgent|1
14/07 01:04:02 INFO agents.BrownAgent|2
14/07 01:04:02 SEVERE agents.BrownAgent|Exception thrown while trying to parse message.java.lang.NullPointerException.  Message[coordinator,adv1,tau.tac.adx.report.demand.CampaignOpportunityMessage[1657057799,10000,8,10,[HIGH_INCOME, MALE],2.0,1.5,6,[]]]
14/07 01:04:02 INFO agents.BrownAgent|about to get bid bundle from optimizer
14/07 01:04:02 INFO agents.BrownAgent|the bid bundle was null
14/07 01:04:02 INFO agents.BrownAgent|just got new bid bundle
14/07 01:04:02 INFO agents.BrownAgent|just sent new bid bundle
14/07 01:04:02 INFO agents.BrownAgent|Day 6 ended. Starting next day
14/07 01:04:12 INFO agents.BrownAgent|Day 7 :BankStatus[-0.486785]
14/07 01:04:12 INFO agents.BrownAgent|Day 7: Daily notification for campaign 1657057799
14/07 01:04:12 INFO agents.BrownAgent|about to update modeler
14/07 01:04:12 INFO agents.BrownAgent|Day 7:  allocated to DummyAdnetwork-7. UCS Level set to 0.47829690000000014 at price 0.0 Qualit Score is: 0.4
14/07 01:04:12 INFO agents.BrownAgent|1
14/07 01:04:12 INFO agents.BrownAgent|2
14/07 01:04:12 SEVERE agents.BrownAgent|Exception thrown while trying to parse message.java.lang.NullPointerException.  Message[coordinator,adv1,tau.tac.adx.report.demand.CampaignOpportunityMessage[452415392,10000,9,11,[YOUNG, FEMALE],2.0,1.5,7,[]]]
14/07 01:04:12 INFO agents.BrownAgent|about to get bid bundle from optimizer
14/07 01:04:12 INFO agents.BrownAgent|the bid bundle was null
14/07 01:04:12 INFO agents.BrownAgent|just got new bid bundle
14/07 01:04:12 INFO agents.BrownAgent|just sent new bid bundle
14/07 01:04:12 INFO agents.BrownAgent|Day 7 ended. Starting next day
14/07 01:04:23 INFO agents.BrownAgent|Day 8 :BankStatus[-0.559029]
14/07 01:04:23 INFO agents.BrownAgent|Day 8: Daily notification for campaign 452415392
14/07 01:04:23 INFO agents.BrownAgent|about to update modeler
14/07 01:04:23 INFO agents.BrownAgent|Day 8:  allocated to DummyAdnetwork-7. UCS Level set to 0.47829690000000014 at price 0.0 Qualit Score is: 0.4
14/07 01:04:23 INFO agents.BrownAgent|1
14/07 01:04:23 INFO agents.BrownAgent|2
14/07 01:04:23 SEVERE agents.BrownAgent|Exception thrown while trying to parse message.java.lang.NullPointerException.  Message[coordinator,adv1,tau.tac.adx.report.demand.CampaignOpportunityMessage[552850464,5000,10,12,[MALE, OLD],2.0,1.5,8,[]]]
14/07 01:04:23 INFO agents.BrownAgent|about to get bid bundle from optimizer
14/07 01:04:23 INFO agents.BrownAgent|the bid bundle was null
14/07 01:04:23 INFO agents.BrownAgent|just got new bid bundle
14/07 01:04:23 INFO agents.BrownAgent|just sent new bid bundle
14/07 01:04:23 INFO agents.BrownAgent|Day 8 ended. Starting next day
14/07 01:04:31 INFO agents.BrownAgent|Day 9 :BankStatus[-0.624824]
14/07 01:04:31 INFO agents.BrownAgent|Day 9: Daily notification for campaign 552850464
14/07 01:04:31 INFO agents.BrownAgent|about to update modeler
14/07 01:04:31 INFO agents.BrownAgent|Day 9:  allocated to DummyAdnetwork-7. UCS Level set to 0.47829690000000014 at price 0.0 Qualit Score is: 0.4
14/07 01:04:31 INFO agents.BrownAgent|1
14/07 01:04:31 INFO agents.BrownAgent|2
14/07 01:04:31 SEVERE agents.BrownAgent|Exception thrown while trying to parse message.java.lang.NullPointerException.  Message[coordinator,adv1,tau.tac.adx.report.demand.CampaignOpportunityMessage[1401224188,15000,11,13,[HIGH_INCOME, YOUNG],2.0,1.5,9,[]]]
14/07 01:04:31 INFO agents.BrownAgent|about to get bid bundle from optimizer
14/07 01:04:31 INFO agents.BrownAgent|the bid bundle was null
14/07 01:04:31 INFO agents.BrownAgent|just got new bid bundle
14/07 01:04:31 INFO agents.BrownAgent|just sent new bid bundle
14/07 01:04:31 INFO agents.BrownAgent|Day 9 ended. Starting next day
14/07 01:04:43 INFO agents.BrownAgent|Day 10 :BankStatus[-0.693701]
14/07 01:04:43 INFO agents.BrownAgent|Day 10: Daily notification for campaign 1401224188
14/07 01:04:43 INFO agents.BrownAgent|about to update modeler
14/07 01:04:43 INFO agents.BrownAgent|Day 10:  allocated to DummyAdnetwork-7. UCS Level set to 0.47829690000000014 at price 0.0 Qualit Score is: 0.4
14/07 01:04:43 INFO agents.BrownAgent|1
14/07 01:04:43 INFO agents.BrownAgent|2
14/07 01:04:43 SEVERE agents.BrownAgent|Exception thrown while trying to parse message.java.lang.NullPointerException.  Message[coordinator,adv1,tau.tac.adx.report.demand.CampaignOpportunityMessage[921606552,5000,12,14,[HIGH_INCOME, FEMALE],2.0,1.5,10,[]]]
14/07 01:04:43 INFO agents.BrownAgent|about to get bid bundle from optimizer
14/07 01:04:43 INFO agents.BrownAgent|the bid bundle was null
14/07 01:04:43 INFO agents.BrownAgent|just got new bid bundle
14/07 01:04:43 INFO agents.BrownAgent|just sent new bid bundle
14/07 01:04:43 INFO agents.BrownAgent|Day 10 ended. Starting next day
14/07 01:04:52 INFO agents.BrownAgent|Day 11 :BankStatus[-0.758508]
14/07 01:04:52 INFO agents.BrownAgent|Day 11: Daily notification for campaign 921606552
14/07 01:04:52 INFO agents.BrownAgent|about to update modeler
14/07 01:04:52 INFO agents.BrownAgent|Day 11:  allocated to DummyAdnetwork-7. UCS Level set to 0.47829690000000014 at price 0.0 Qualit Score is: 0.4
14/07 01:04:52 INFO agents.BrownAgent|1
14/07 01:04:52 INFO agents.BrownAgent|2
14/07 01:04:52 SEVERE agents.BrownAgent|Exception thrown while trying to parse message.java.lang.NullPointerException.  Message[coordinator,adv1,tau.tac.adx.report.demand.CampaignOpportunityMessage[1575281789,5000,13,17,[LOW_INCOME, FEMALE],2.0,1.5,11,[]]]
14/07 01:04:52 INFO agents.BrownAgent|about to get bid bundle from optimizer
14/07 01:04:52 INFO agents.BrownAgent|the bid bundle was null
14/07 01:04:52 INFO agents.BrownAgent|just got new bid bundle
14/07 01:04:52 INFO agents.BrownAgent|just sent new bid bundle
14/07 01:04:52 INFO agents.BrownAgent|Day 11 ended. Starting next day
14/07 01:05:02 INFO agents.BrownAgent|Day 12 :BankStatus[-0.822578]
14/07 01:05:02 INFO agents.BrownAgent|Day 12: Daily notification for campaign 1575281789
14/07 01:05:02 INFO agents.BrownAgent|about to update modeler
14/07 01:05:02 INFO agents.BrownAgent|Day 12:  allocated to DummyAdnetwork-3. UCS Level set to 0.47829690000000014 at price 0.0 Qualit Score is: 0.4
14/07 01:05:02 INFO agents.BrownAgent|1
14/07 01:05:02 INFO agents.BrownAgent|2
14/07 01:05:02 SEVERE agents.BrownAgent|Exception thrown while trying to parse message.java.lang.NullPointerException.  Message[coordinator,adv1,tau.tac.adx.report.demand.CampaignOpportunityMessage[1202497010,15000,14,23,[HIGH_INCOME, FEMALE],2.0,1.5,12,[]]]
14/07 01:05:02 INFO agents.BrownAgent|about to get bid bundle from optimizer
14/07 01:05:02 INFO agents.BrownAgent|the bid bundle was null
14/07 01:05:02 INFO agents.BrownAgent|just got new bid bundle
14/07 01:05:02 INFO agents.BrownAgent|just sent new bid bundle
14/07 01:05:02 INFO agents.BrownAgent|Day 12 ended. Starting next day
14/07 01:05:12 INFO agents.BrownAgent|Day 13 :BankStatus[-0.883053]
14/07 01:05:12 INFO agents.BrownAgent|Day 13: Daily notification for campaign 1202497010
14/07 01:05:12 INFO agents.BrownAgent|about to update modeler
14/07 01:05:12 INFO agents.BrownAgent|Day 13:  allocated to DummyAdnetwork-2. UCS Level set to 0.47829690000000014 at price 0.0 Qualit Score is: 0.4
14/07 01:05:12 INFO agents.BrownAgent|1
14/07 01:05:12 INFO agents.BrownAgent|2
14/07 01:05:12 SEVERE agents.BrownAgent|Exception thrown while trying to parse message.java.lang.NullPointerException.  Message[coordinator,adv1,tau.tac.adx.report.demand.CampaignOpportunityMessage[683651154,15000,15,19,[FEMALE, OLD],2.0,1.5,13,[]]]
14/07 01:05:12 INFO agents.BrownAgent|about to get bid bundle from optimizer
14/07 01:05:12 INFO agents.BrownAgent|the bid bundle was null
14/07 01:05:12 INFO agents.BrownAgent|just got new bid bundle
14/07 01:05:12 INFO agents.BrownAgent|just sent new bid bundle
14/07 01:05:12 INFO agents.BrownAgent|Day 13 ended. Starting next day
14/07 01:05:22 INFO agents.BrownAgent|Day 14 :BankStatus[-0.940136]
14/07 01:05:22 INFO agents.BrownAgent|Day 14: Daily notification for campaign 683651154
14/07 01:05:22 INFO agents.BrownAgent|about to update modeler
14/07 01:05:22 INFO agents.BrownAgent|Day 14:  allocated to DummyAdnetwork-3. UCS Level set to 0.47829690000000014 at price 0.0 Qualit Score is: 0.4
14/07 01:05:22 INFO agents.BrownAgent|1
14/07 01:05:22 INFO agents.BrownAgent|2
14/07 01:05:22 SEVERE agents.BrownAgent|Exception thrown while trying to parse message.java.lang.NullPointerException.  Message[coordinator,adv1,tau.tac.adx.report.demand.CampaignOpportunityMessage[1336705883,5000,16,20,[MALE, OLD],2.0,1.5,14,[]]]
14/07 01:05:22 INFO agents.BrownAgent|about to get bid bundle from optimizer
14/07 01:05:22 INFO agents.BrownAgent|the bid bundle was null
14/07 01:05:22 INFO agents.BrownAgent|just got new bid bundle
14/07 01:05:22 INFO agents.BrownAgent|just sent new bid bundle
14/07 01:05:22 INFO agents.BrownAgent|Day 14 ended. Starting next day
14/07 01:05:32 INFO agents.BrownAgent|Day 15 :BankStatus[-0.999592]
14/07 01:05:32 INFO agents.BrownAgent|Day 15: Daily notification for campaign 1336705883
14/07 01:05:32 INFO agents.BrownAgent|about to update modeler
14/07 01:05:32 INFO agents.BrownAgent|Day 15:  allocated to DummyAdnetwork-3. UCS Level set to 0.47829690000000014 at price 0.0 Qualit Score is: 0.4
14/07 01:05:32 INFO agents.BrownAgent|1
14/07 01:05:32 INFO agents.BrownAgent|2
14/07 01:05:32 SEVERE agents.BrownAgent|Exception thrown while trying to parse message.java.lang.NullPointerException.  Message[coordinator,adv1,tau.tac.adx.report.demand.CampaignOpportunityMessage[1876661692,15000,17,21,[HIGH_INCOME, MALE],2.0,1.5,15,[]]]
14/07 01:05:32 INFO agents.BrownAgent|about to get bid bundle from optimizer
14/07 01:05:32 INFO agents.BrownAgent|the bid bundle was null
14/07 01:05:32 INFO agents.BrownAgent|just got new bid bundle
14/07 01:05:32 INFO agents.BrownAgent|just sent new bid bundle
14/07 01:05:32 INFO agents.BrownAgent|Day 15 ended. Starting next day
14/07 01:05:42 INFO agents.BrownAgent|Day 16 :BankStatus[-1.057166]
14/07 01:05:42 INFO agents.BrownAgent|Day 16: Daily notification for campaign 1876661692
14/07 01:05:42 INFO agents.BrownAgent|about to update modeler
14/07 01:05:42 INFO agents.BrownAgent|Day 16:  allocated to DummyAdnetwork-3. UCS Level set to 0.47829690000000014 at price 0.0 Qualit Score is: 0.4
14/07 01:05:42 INFO agents.BrownAgent|1
14/07 01:05:42 INFO agents.BrownAgent|2
14/07 01:05:42 SEVERE agents.BrownAgent|Exception thrown while trying to parse message.java.lang.NullPointerException.  Message[coordinator,adv1,tau.tac.adx.report.demand.CampaignOpportunityMessage[1834666134,10000,18,22,[MALE, OLD],2.0,1.5,16,[]]]
14/07 01:05:42 INFO agents.BrownAgent|about to get bid bundle from optimizer
14/07 01:05:42 INFO agents.BrownAgent|the bid bundle was null
14/07 01:05:42 INFO agents.BrownAgent|just got new bid bundle
14/07 01:05:42 INFO agents.BrownAgent|just sent new bid bundle
14/07 01:05:42 INFO agents.BrownAgent|Day 16 ended. Starting next day
14/07 01:05:54 INFO agents.BrownAgent|Day 17 :BankStatus[-1.113573]
14/07 01:05:54 INFO agents.BrownAgent|Day 17: Daily notification for campaign 1834666134
14/07 01:05:54 INFO agents.BrownAgent|about to update modeler
14/07 01:05:54 INFO agents.BrownAgent|Day 17:  allocated to DummyAdnetwork-7. UCS Level set to 0.47829690000000014 at price 0.0 Qualit Score is: 0.4
14/07 01:05:54 INFO agents.BrownAgent|1
14/07 01:05:54 INFO agents.BrownAgent|2
14/07 01:05:54 SEVERE agents.BrownAgent|Exception thrown while trying to parse message.java.lang.NullPointerException.  Message[coordinator,adv1,tau.tac.adx.report.demand.CampaignOpportunityMessage[1222157398,15000,19,23,[MALE, YOUNG],2.0,1.5,17,[]]]
14/07 01:05:54 INFO agents.BrownAgent|about to get bid bundle from optimizer
14/07 01:05:54 INFO agents.BrownAgent|the bid bundle was null
14/07 01:05:54 INFO agents.BrownAgent|just got new bid bundle
14/07 01:05:54 INFO agents.BrownAgent|just sent new bid bundle
14/07 01:05:54 INFO agents.BrownAgent|Day 17 ended. Starting next day
14/07 01:06:02 INFO agents.BrownAgent|Day 18 :BankStatus[-1.168243]
14/07 01:06:02 INFO agents.BrownAgent|Day 18: Daily notification for campaign 1222157398
14/07 01:06:02 INFO agents.BrownAgent|about to update modeler
14/07 01:06:02 INFO agents.BrownAgent|Day 18:  allocated to DummyAdnetwork-7. UCS Level set to 0.47829690000000014 at price 0.0 Qualit Score is: 0.4
14/07 01:06:02 INFO agents.BrownAgent|1
14/07 01:06:02 INFO agents.BrownAgent|2
14/07 01:06:02 SEVERE agents.BrownAgent|Exception thrown while trying to parse message.java.lang.NullPointerException.  Message[coordinator,adv1,tau.tac.adx.report.demand.CampaignOpportunityMessage[73018804,10000,20,29,[HIGH_INCOME, MALE],2.0,1.5,18,[]]]
14/07 01:06:02 INFO agents.BrownAgent|about to get bid bundle from optimizer
14/07 01:06:02 INFO agents.BrownAgent|the bid bundle was null
14/07 01:06:02 INFO agents.BrownAgent|just got new bid bundle
14/07 01:06:02 INFO agents.BrownAgent|just sent new bid bundle
14/07 01:06:02 INFO agents.BrownAgent|Day 18 ended. Starting next day
14/07 01:06:13 INFO agents.BrownAgent|Day 19 :BankStatus[-1.217073]
14/07 01:06:13 INFO agents.BrownAgent|Day 19: Daily notification for campaign 73018804
14/07 01:06:13 INFO agents.BrownAgent|about to update modeler
14/07 01:06:13 INFO agents.BrownAgent|Day 19:  allocated to DummyAdnetwork-2. UCS Level set to 0.47829690000000014 at price 0.0 Qualit Score is: 0.4
14/07 01:06:13 INFO agents.BrownAgent|1
14/07 01:06:13 INFO agents.BrownAgent|2
14/07 01:06:13 SEVERE agents.BrownAgent|Exception thrown while trying to parse message.java.lang.NullPointerException.  Message[coordinator,adv1,tau.tac.adx.report.demand.CampaignOpportunityMessage[1813843029,15000,21,25,[FEMALE, OLD],2.0,1.5,19,[]]]
14/07 01:06:13 INFO agents.BrownAgent|about to get bid bundle from optimizer
14/07 01:06:13 INFO agents.BrownAgent|the bid bundle was null
14/07 01:06:13 INFO agents.BrownAgent|just got new bid bundle
14/07 01:06:13 INFO agents.BrownAgent|just sent new bid bundle
14/07 01:06:13 INFO agents.BrownAgent|Day 19 ended. Starting next day
