14/07 01:28:01 INFO agents.BrownAgent|UNKNOWN Message Received: edu.umich.eecs.tac.props.AdvertiserInfo@bc76a1c1
14/07 01:28:01 INFO agents.BrownAgent|Day 0 :BankStatus[0.000000]
14/07 01:28:01 INFO agents.BrownAgent|tau.tac.adx.report.demand.InitialCampaignMessage[126643388,1250,1,5,[MALE, YOUNG],2.0,1.5,demand,[]]
14/07 01:28:01 INFO agents.BrownAgent|Day 0: Allocated campaign - Campaign ID 126643388: day 1 to 5 [MALE, YOUNG], reach: 1250 coefs: (v=2.0, m=1.5)
14/07 01:28:01 INFO agents.BrownAgent|Day 0: Campaign opportunity - Campaign ID 156178214: day 2 to 11 [LOW_INCOME, OLD], reach: 5000 coefs: (v=2.0, m=1.5)
14/07 01:28:01 INFO agents.BrownAgent|BrownAgent DAY 0 bid: 500
14/07 01:28:01 INFO agents.BrownAgent|about to get bid bundle from optimizer
14/07 01:28:01 INFO agents.BrownAgent|the bid bundle was null
14/07 01:28:01 INFO agents.BrownAgent|just got new bid bundle
14/07 01:28:01 INFO agents.BrownAgent|just sent new bid bundle
14/07 01:28:01 INFO agents.BrownAgent|Day 0 ended. Starting next day
14/07 01:28:14 INFO agents.BrownAgent|Day 1 :BankStatus[0.000000]
14/07 01:28:14 INFO agents.BrownAgent|Day 1: Daily notification for campaign 156178214
14/07 01:28:14 INFO agents.BrownAgent|about to update modeler
14/07 01:28:14 INFO agents.BrownAgent|Day 1:  WON at cost 0.546. UCS Level set to 0.5314410000000002 at price 0.02657205000000001 Qualit Score is: 1.0
14/07 01:28:14 INFO agents.BrownAgent|Day 1: Campaign opportunity - Campaign ID 464673410: day 3 to 12 [FEMALE, LOW_INCOME], reach: 5000 coefs: (v=2.0, m=1.5)
14/07 01:28:14 INFO agents.BrownAgent|BrownAgent DAY 1 bid: 500
14/07 01:28:14 INFO agents.BrownAgent|Day 1 : AdNetworkReport
14/07 01:28:14 INFO agents.BrownAgent|about to get bid bundle from optimizer
14/07 01:28:14 INFO agents.BrownAgent|the bid bundle was null
14/07 01:28:14 INFO agents.BrownAgent|just got new bid bundle
14/07 01:28:14 INFO agents.BrownAgent|just sent new bid bundle
14/07 01:28:14 INFO agents.BrownAgent|Day 1 ended. Starting next day
14/07 01:28:27 INFO agents.BrownAgent|Day 2 :BankStatus[-0.090816]
14/07 01:28:27 INFO agents.BrownAgent|Day 2: Updating campaign 126643388 stats: 625.5 tgtImps 929.0 nonTgtImps. Cost of imps is 7.31936900711229E-4
14/07 01:28:27 INFO agents.BrownAgent|Day 2: Daily notification for campaign 464673410
14/07 01:28:27 INFO agents.BrownAgent|about to update modeler
14/07 01:28:27 INFO agents.BrownAgent|Day 2:  allocated to DummyAdnetwork-5. UCS Level set to 0.81 at price 0.10448740808019143 Qualit Score is: 1.0
14/07 01:28:27 INFO agents.BrownAgent|Day 2: Campaign opportunity - Campaign ID 185507723: day 4 to 13 [LOW_INCOME, OLD], reach: 5000 coefs: (v=2.0, m=1.5)
14/07 01:28:27 INFO agents.BrownAgent|BrownAgent DAY 2 bid: 400
14/07 01:28:27 INFO agents.BrownAgent|Day 2 : AdNetworkReport
14/07 01:28:27 INFO agents.BrownAgent|about to get bid bundle from optimizer
14/07 01:28:27 INFO agents.BrownAgent|the bid bundle was null
14/07 01:28:27 INFO agents.BrownAgent|just got new bid bundle
14/07 01:28:27 INFO agents.BrownAgent|just sent new bid bundle
14/07 01:28:27 INFO agents.BrownAgent|Day 2 ended. Starting next day
14/07 01:28:36 INFO agents.BrownAgent|Day 3 :BankStatus[-0.174622]
14/07 01:28:36 INFO agents.BrownAgent|Day 3: Updating campaign 156178214 stats: 1087.0 tgtImps 967.0 nonTgtImps. Cost of imps is 1.0809961395967788E-4
14/07 01:28:36 INFO agents.BrownAgent|Day 3: Updating campaign 126643388 stats: 1251.5 tgtImps 2369.0 nonTgtImps. Cost of imps is 0.0023631576009046336
14/07 01:28:36 INFO agents.BrownAgent|Day 3: Daily notification for campaign 185507723
14/07 01:28:36 INFO agents.BrownAgent|about to update modeler
14/07 01:28:36 INFO agents.BrownAgent|Day 3:  allocated to adv2. UCS Level set to 0.81 at price 0.10145727324586586 Qualit Score is: 1.0
14/07 01:28:36 INFO agents.BrownAgent|Day 3: Campaign opportunity - Campaign ID 1029575404: day 5 to 14 [FEMALE, HIGH_INCOME], reach: 5000 coefs: (v=2.0, m=1.5)
14/07 01:28:36 INFO agents.BrownAgent|BrownAgent DAY 3 bid: 320
14/07 01:28:36 INFO agents.BrownAgent|Day 3 : AdNetworkReport
14/07 01:28:36 INFO agents.BrownAgent|about to get bid bundle from optimizer
14/07 01:28:36 INFO agents.BrownAgent|the bid bundle was null
14/07 01:28:36 INFO agents.BrownAgent|just got new bid bundle
14/07 01:28:36 INFO agents.BrownAgent|just sent new bid bundle
14/07 01:28:36 INFO agents.BrownAgent|Day 3 ended. Starting next day
14/07 01:28:43 INFO agents.BrownAgent|Day 4 :BankStatus[-0.266186]
14/07 01:28:43 INFO agents.BrownAgent|Day 4: Updating campaign 156178214 stats: 2435.5 tgtImps 2252.5 nonTgtImps. Cost of imps is 2.9338844522572234E-4
14/07 01:28:43 INFO agents.BrownAgent|Day 4: Updating campaign 126643388 stats: 1566.0 tgtImps 2996.5 nonTgtImps. Cost of imps is 0.0027583127331216374
14/07 01:28:43 INFO agents.BrownAgent|Day 4: Daily notification for campaign 1029575404
14/07 01:28:43 INFO agents.BrownAgent|about to update modeler
14/07 01:28:43 INFO agents.BrownAgent|Day 4:  WON at cost 0.35. UCS Level set to 0.9 at price 0.11425403464137394 Qualit Score is: 1.0
14/07 01:28:43 INFO agents.BrownAgent|Day 4: Campaign opportunity - Campaign ID 1969783258: day 6 to 8 [YOUNG, HIGH_INCOME], reach: 5000 coefs: (v=2.0, m=1.5)
14/07 01:28:43 INFO agents.BrownAgent|BrownAgent DAY 4 bid: 320
14/07 01:28:43 INFO agents.BrownAgent|Day 4 : AdNetworkReport
14/07 01:28:43 INFO agents.BrownAgent|about to get bid bundle from optimizer
14/07 01:28:43 INFO agents.BrownAgent|the bid bundle was null
14/07 01:28:43 INFO agents.BrownAgent|just got new bid bundle
14/07 01:28:43 INFO agents.BrownAgent|just sent new bid bundle
14/07 01:28:43 INFO agents.BrownAgent|Day 4 ended. Starting next day
14/07 01:28:53 INFO agents.BrownAgent|Day 5 :BankStatus[-0.350416]
14/07 01:28:53 INFO agents.BrownAgent|Day 5: Updating campaign 156178214 stats: 2914.0 tgtImps 2771.0 nonTgtImps. Cost of imps is 3.639491485131355E-4
14/07 01:28:53 INFO agents.BrownAgent|Day 5: Updating campaign 126643388 stats: 1566.0 tgtImps 2996.5 nonTgtImps. Cost of imps is 0.0027583127331216374
14/07 01:28:53 INFO agents.BrownAgent|Day 5: Daily notification for campaign 1969783258
14/07 01:28:53 INFO agents.BrownAgent|about to update modeler
14/07 01:28:53 INFO agents.BrownAgent|Day 5:  allocated to adv2. UCS Level set to 0.5314410000000002 at price 0.06091563640154561 Qualit Score is: 1.0
14/07 01:28:53 INFO agents.BrownAgent|Day 5: Campaign opportunity - Campaign ID 494924336: day 7 to 9 [FEMALE, YOUNG], reach: 5000 coefs: (v=2.0, m=1.5)
14/07 01:28:53 INFO agents.BrownAgent|BrownAgent DAY 5 bid: 256
14/07 01:28:53 INFO agents.BrownAgent|Day 5 : AdNetworkReport
14/07 01:28:53 INFO agents.BrownAgent|about to get bid bundle from optimizer
14/07 01:28:53 INFO agents.BrownAgent|the bid bundle was null
14/07 01:28:53 INFO agents.BrownAgent|just got new bid bundle
14/07 01:28:53 INFO agents.BrownAgent|just sent new bid bundle
14/07 01:28:53 INFO agents.BrownAgent|Day 5 ended. Starting next day
14/07 01:29:03 INFO agents.BrownAgent|Day 6 :BankStatus[-0.438495]
14/07 01:29:03 INFO agents.BrownAgent|Day 6: Updating campaign 156178214 stats: 3040.0 tgtImps 2946.5 nonTgtImps. Cost of imps is 3.810025500399982E-4
14/07 01:29:03 INFO agents.BrownAgent|Day 6: Updating campaign 1029575404 stats: 1963.5 tgtImps 263.5 nonTgtImps. Cost of imps is 7.269052741213618E-5
14/07 01:29:03 INFO agents.BrownAgent|Day 6: Daily notification for campaign 494924336
14/07 01:29:03 INFO agents.BrownAgent|about to update modeler
14/07 01:29:03 INFO agents.BrownAgent|Day 6:  WON at cost 0.28. UCS Level set to 0.9 at price 0.11571619873340197 Qualit Score is: 1.0963819886879953
14/07 01:29:03 INFO agents.BrownAgent|Day 6: Campaign opportunity - Campaign ID 772468495: day 8 to 17 [YOUNG, HIGH_INCOME], reach: 5000 coefs: (v=2.0, m=1.5)
14/07 01:29:03 INFO agents.BrownAgent|BrownAgent DAY 6 bid: 256
14/07 01:29:03 INFO agents.BrownAgent|Day 6 : AdNetworkReport
14/07 01:29:03 INFO agents.BrownAgent|about to get bid bundle from optimizer
14/07 01:29:03 INFO agents.BrownAgent|the bid bundle was null
14/07 01:29:03 INFO agents.BrownAgent|just got new bid bundle
14/07 01:29:03 INFO agents.BrownAgent|just sent new bid bundle
14/07 01:29:03 INFO agents.BrownAgent|Day 6 ended. Starting next day
14/07 01:29:12 INFO agents.BrownAgent|Day 7 :BankStatus[0.921465]
14/07 01:29:12 INFO agents.BrownAgent|Day 7: Updating campaign 156178214 stats: 3098.0 tgtImps 3351.5 nonTgtImps. Cost of imps is 3.9892563460866136E-4
14/07 01:29:12 INFO agents.BrownAgent|Day 7: Updating campaign 1029575404 stats: 4465.5 tgtImps 443.5 nonTgtImps. Cost of imps is 1.8642114190415952E-4
14/07 01:29:12 INFO agents.BrownAgent|Day 7: Daily notification for campaign 772468495
14/07 01:29:12 INFO agents.BrownAgent|about to update modeler
14/07 01:29:12 INFO agents.BrownAgent|Day 7:  allocated to adv2. UCS Level set to 0.7290000000000001 at price 0.090867259337406 Qualit Score is: 1.0963819886879953
14/07 01:29:12 INFO agents.BrownAgent|Day 7: Campaign opportunity - Campaign ID 1137711783: day 9 to 18 [FEMALE, HIGH_INCOME], reach: 5000 coefs: (v=2.0, m=1.5)
14/07 01:29:12 INFO agents.BrownAgent|BrownAgent DAY 7 bid: 204
14/07 01:29:12 INFO agents.BrownAgent|Day 7 : AdNetworkReport
14/07 01:29:12 INFO agents.BrownAgent|about to get bid bundle from optimizer
14/07 01:29:12 INFO agents.BrownAgent|the bid bundle was null
14/07 01:29:12 INFO agents.BrownAgent|just got new bid bundle
14/07 01:29:12 INFO agents.BrownAgent|just sent new bid bundle
14/07 01:29:12 INFO agents.BrownAgent|Day 7 ended. Starting next day
14/07 01:29:22 INFO agents.BrownAgent|Day 8 :BankStatus[0.830549]
14/07 01:29:22 INFO agents.BrownAgent|Day 8: Updating campaign 156178214 stats: 3410.5 tgtImps 3681.5 nonTgtImps. Cost of imps is 4.400017962348302E-4
14/07 01:29:22 INFO agents.BrownAgent|Day 8: Updating campaign 1029575404 stats: 4580.5 tgtImps 488.5 nonTgtImps. Cost of imps is 1.9266373161148259E-4
14/07 01:29:22 INFO agents.BrownAgent|Day 8: Updating campaign 494924336 stats: 23.5 tgtImps 25.0 nonTgtImps. Cost of imps is 1.4387388879698887E-6
14/07 01:29:22 INFO agents.BrownAgent|Day 8: Daily notification for campaign 1137711783
14/07 01:29:22 INFO agents.BrownAgent|about to update modeler
14/07 01:29:22 INFO agents.BrownAgent|Day 8:  WON at cost 0.23706078073284825. UCS Level set to 0.9 at price 0.11739933898821976 Qualit Score is: 1.0963819886879953
14/07 01:29:22 INFO agents.BrownAgent|Day 8: Campaign opportunity - Campaign ID 1866644314: day 10 to 19 [MALE, HIGH_INCOME], reach: 15000 coefs: (v=2.0, m=1.5)
14/07 01:29:22 INFO agents.BrownAgent|BrownAgent DAY 8 bid: 858
14/07 01:29:22 INFO agents.BrownAgent|Day 8 : AdNetworkReport
14/07 01:29:22 INFO agents.BrownAgent|about to get bid bundle from optimizer
14/07 01:29:22 INFO agents.BrownAgent|the bid bundle was null
14/07 01:29:22 INFO agents.BrownAgent|just got new bid bundle
14/07 01:29:22 INFO agents.BrownAgent|just sent new bid bundle
14/07 01:29:22 INFO agents.BrownAgent|Day 8 ended. Starting next day
14/07 01:29:33 INFO agents.BrownAgent|Day 9 :BankStatus[0.736104]
14/07 01:29:33 INFO agents.BrownAgent|Day 9: Updating campaign 156178214 stats: 4326.0 tgtImps 4449.5 nonTgtImps. Cost of imps is 5.401063118670407E-4
14/07 01:29:33 INFO agents.BrownAgent|Day 9: Updating campaign 1029575404 stats: 4583.5 tgtImps 490.5 nonTgtImps. Cost of imps is 1.9266563731096348E-4
14/07 01:29:33 INFO agents.BrownAgent|Day 9: Updating campaign 494924336 stats: 434.0 tgtImps 358.5 nonTgtImps. Cost of imps is 3.1591687714097424E-5
14/07 01:29:33 INFO agents.BrownAgent|Day 9: Daily notification for campaign 1866644314
14/07 01:29:33 INFO agents.BrownAgent|about to update modeler
14/07 01:29:33 INFO agents.BrownAgent|Day 9:  allocated to adv2. UCS Level set to 0.81 at price 0.10233944265963431 Qualit Score is: 1.0963819886879953
14/07 01:29:33 INFO agents.BrownAgent|Day 9: Campaign opportunity - Campaign ID 1261050761: day 11 to 20 [YOUNG, LOW_INCOME], reach: 15000 coefs: (v=2.0, m=1.5)
14/07 01:29:33 INFO agents.BrownAgent|BrownAgent DAY 9 bid: 9223372036854775807
14/07 01:29:33 INFO agents.BrownAgent|Day 9 : AdNetworkReport
14/07 01:29:33 INFO agents.BrownAgent|about to get bid bundle from optimizer
14/07 01:29:33 INFO agents.BrownAgent|the bid bundle was null
14/07 01:29:33 INFO agents.BrownAgent|just got new bid bundle
14/07 01:29:33 INFO agents.BrownAgent|just sent new bid bundle
14/07 01:29:33 INFO agents.BrownAgent|Day 9 ended. Starting next day
14/07 01:29:42 INFO agents.BrownAgent|Day 10 :BankStatus[0.646693]
14/07 01:29:42 INFO agents.BrownAgent|Day 10: Updating campaign 1137711783 stats: 621.5 tgtImps 126.0 nonTgtImps. Cost of imps is 2.6516623059483E-5
14/07 01:29:42 INFO agents.BrownAgent|Day 10: Updating campaign 156178214 stats: 5121.5 tgtImps 5119.5 nonTgtImps. Cost of imps is 6.312304751872347E-4
14/07 01:29:42 INFO agents.BrownAgent|Day 10: Updating campaign 1029575404 stats: 4583.5 tgtImps 490.5 nonTgtImps. Cost of imps is 1.9266563731096348E-4
14/07 01:29:42 INFO agents.BrownAgent|Day 10: Daily notification for campaign 1261050761
14/07 01:29:42 INFO agents.BrownAgent|about to update modeler
14/07 01:29:42 INFO agents.BrownAgent|Day 10:  allocated to DummyAdnetwork-3. UCS Level set to 0.7290000000000001 at price 0.08554679593143596 Qualit Score is: 0.629354800234743
14/07 01:29:42 INFO agents.BrownAgent|Day 10: Campaign opportunity - Campaign ID 1499301029: day 12 to 14 [FEMALE, LOW_INCOME], reach: 10000 coefs: (v=2.0, m=1.5)
14/07 01:29:42 INFO agents.BrownAgent|BrownAgent DAY 10 bid: 9223372036854775807
14/07 01:29:42 INFO agents.BrownAgent|Day 10 : AdNetworkReport
14/07 01:29:42 INFO agents.BrownAgent|about to get bid bundle from optimizer
14/07 01:29:42 INFO agents.BrownAgent|the bid bundle was null
14/07 01:29:42 INFO agents.BrownAgent|just got new bid bundle
14/07 01:29:42 INFO agents.BrownAgent|just sent new bid bundle
14/07 01:29:42 INFO agents.BrownAgent|Day 10 ended. Starting next day
14/07 01:29:53 INFO agents.BrownAgent|Day 11 :BankStatus[0.650113]
14/07 01:29:53 INFO agents.BrownAgent|Day 11: Updating campaign 1137711783 stats: 1754.5 tgtImps 499.5 nonTgtImps. Cost of imps is 8.403903501606226E-5
14/07 01:29:53 INFO agents.BrownAgent|Day 11: Updating campaign 156178214 stats: 5460.0 tgtImps 5282.5 nonTgtImps. Cost of imps is 6.479360690359656E-4
14/07 01:29:53 INFO agents.BrownAgent|Day 11: Updating campaign 1029575404 stats: 4583.5 tgtImps 490.5 nonTgtImps. Cost of imps is 1.9266563731096348E-4
14/07 01:29:53 INFO agents.BrownAgent|Day 11: Daily notification for campaign 1499301029
14/07 01:29:53 INFO agents.BrownAgent|about to update modeler
14/07 01:29:53 INFO agents.BrownAgent|Day 11:  allocated to adv2. UCS Level set to 0.81 at price 0.10090284233938421 Qualit Score is: 0.629354800234743
14/07 01:29:53 INFO agents.BrownAgent|Day 11: Campaign opportunity - Campaign ID 1119593543: day 13 to 15 [HIGH_INCOME, OLD], reach: 5000 coefs: (v=2.0, m=1.5)
14/07 01:29:53 INFO agents.BrownAgent|BrownAgent DAY 11 bid: 9223372036854775807
14/07 01:29:53 INFO agents.BrownAgent|Day 11 : AdNetworkReport
14/07 01:29:53 INFO agents.BrownAgent|about to get bid bundle from optimizer
14/07 01:29:53 INFO agents.BrownAgent|the bid bundle was null
14/07 01:29:53 INFO agents.BrownAgent|just got new bid bundle
14/07 01:29:53 INFO agents.BrownAgent|just sent new bid bundle
14/07 01:29:53 INFO agents.BrownAgent|Day 11 ended. Starting next day
14/07 01:30:02 INFO agents.BrownAgent|Day 12 :BankStatus[0.565271]
14/07 01:30:02 INFO agents.BrownAgent|Day 12: Updating campaign 1137711783 stats: 3196.5 tgtImps 910.0 nonTgtImps. Cost of imps is 1.591102940720058E-4
14/07 01:30:02 INFO agents.BrownAgent|Day 12: Updating campaign 1029575404 stats: 4583.5 tgtImps 490.5 nonTgtImps. Cost of imps is 1.9266563731096348E-4
14/07 01:30:02 INFO agents.BrownAgent|Day 12: Daily notification for campaign 1119593543
14/07 01:30:02 INFO agents.BrownAgent|about to update modeler
14/07 01:30:02 INFO agents.BrownAgent|Day 12:  allocated to adv2. UCS Level set to 0.9 at price 0.10997778358360162 Qualit Score is: 0.8978034001953374
14/07 01:30:02 INFO agents.BrownAgent|Day 12: Campaign opportunity - Campaign ID 1585492339: day 14 to 23 [YOUNG, LOW_INCOME], reach: 5000 coefs: (v=2.0, m=1.5)
14/07 01:30:02 INFO agents.BrownAgent|BrownAgent DAY 12 bid: 9223372036854775807
14/07 01:30:02 INFO agents.BrownAgent|Day 12 : AdNetworkReport
14/07 01:30:02 INFO agents.BrownAgent|about to get bid bundle from optimizer
14/07 01:30:02 INFO agents.BrownAgent|the bid bundle was null
14/07 01:30:02 INFO agents.BrownAgent|just got new bid bundle
14/07 01:30:02 INFO agents.BrownAgent|just sent new bid bundle
14/07 01:30:02 INFO agents.BrownAgent|Day 12 ended. Starting next day
14/07 01:30:12 INFO agents.BrownAgent|Day 13 :BankStatus[1.073161]
14/07 01:30:12 INFO agents.BrownAgent|Day 13: Updating campaign 1137711783 stats: 3486.5 tgtImps 1028.5 nonTgtImps. Cost of imps is 1.733499573011565E-4
14/07 01:30:12 INFO agents.BrownAgent|Day 13: Updating campaign 1029575404 stats: 4583.5 tgtImps 490.5 nonTgtImps. Cost of imps is 1.9266563731096348E-4
14/07 01:30:12 INFO agents.BrownAgent|Day 13: Daily notification for campaign 1585492339
14/07 01:30:12 INFO agents.BrownAgent|about to update modeler
14/07 01:30:12 INFO agents.BrownAgent|Day 13:  allocated to DummyAdnetwork-6. UCS Level set to 0.47829690000000014 at price 0.0 Qualit Score is: 0.8978034001953374
14/07 01:30:12 INFO agents.BrownAgent|Day 13: Campaign opportunity - Campaign ID 664860914: day 15 to 24 [FEMALE, LOW_INCOME], reach: 5000 coefs: (v=2.0, m=1.5)
14/07 01:30:12 INFO agents.BrownAgent|BrownAgent DAY 13 bid: 9223372036854775807
14/07 01:30:12 INFO agents.BrownAgent|Day 13 : AdNetworkReport
14/07 01:30:12 INFO agents.BrownAgent|about to get bid bundle from optimizer
14/07 01:30:12 INFO agents.BrownAgent|the bid bundle was null
14/07 01:30:12 INFO agents.BrownAgent|just got new bid bundle
14/07 01:30:12 INFO agents.BrownAgent|just sent new bid bundle
14/07 01:30:12 INFO agents.BrownAgent|Day 13 ended. Starting next day
