06/07 04:52:01 INFO naive.ReasonableBot|UNKNOWN Message Received: edu.umich.eecs.tac.props.AdvertiserInfo@bc76a1c1
06/07 04:52:01 INFO naive.ReasonableBot|Day 0 :BankStatus[0.000000]
06/07 04:52:01 INFO naive.ReasonableBot|tau.tac.adx.report.demand.InitialCampaignMessage[2102902604,1250,1,5,[FEMALE, YOUNG],2.0,1.5,demand,[]]
06/07 04:52:01 INFO naive.ReasonableBot|Day 0: Allocated campaign - Campaign ID 2102902604: day 1 to 5 [FEMALE, YOUNG], reach: 1250 coefs: (v=2.0, m=1.5)
06/07 04:52:01 INFO naive.ReasonableBot|Day 0: Campaign opportunity - Campaign ID 747810596: day 2 to 4 [FEMALE, LOW_INCOME], reach: 5000 coefs: (v=2.0, m=1.5)
06/07 04:52:01 INFO naive.ReasonableBot|Day 0: Initial ucs bid is 0.0
06/07 04:52:01 INFO naive.ReasonableBot|Day 0 : Simulation Status Received
06/07 04:52:01 INFO naive.ReasonableBot|Day 0: Sending BidBundle
06/07 04:52:01 INFO naive.ReasonableBot|Day 0 ended. Starting next day
06/07 04:52:13 INFO naive.ReasonableBot|Day 1 :BankStatus[0.000000]
06/07 04:52:13 INFO naive.ReasonableBot|Day 1: Daily notification for campaign 747810596
06/07 04:52:13 INFO naive.ReasonableBot|campaign was NOT won. new bid:0.13645198829031235
06/07 04:52:13 INFO naive.ReasonableBot|Day 1:  allocated to DummyAdnetwork-4. UCS Level set to 0.7290000000000001 at price 0.1209233852444597 Quality Score is: 1.0
06/07 04:52:13 INFO naive.ReasonableBot|Day 1: Campaign opportunity - Campaign ID 2090003334: day 3 to 7 [OLD, LOW_INCOME], reach: 10000 coefs: (v=2.0, m=1.5)
06/07 04:52:13 INFO naive.ReasonableBot|Day 1: Adjusting ucs bid: was 0.0 level reported: 0.7290000000000001 target: 0.6 adjusted: 0.0
06/07 04:52:13 INFO naive.ReasonableBot|Day 1 : AdNetworkReport
06/07 04:52:13 INFO naive.ReasonableBot|Day 1 : Simulation Status Received
06/07 04:52:13 INFO naive.ReasonableBot|Day 1: Sending BidBundle
06/07 04:52:13 INFO naive.ReasonableBot|Day 1 ended. Starting next day
06/07 04:52:22 INFO naive.ReasonableBot|Day 2 :BankStatus[-0.122048]
06/07 04:52:22 INFO naive.ReasonableBot|Day 2: Updating campaign 2102902604 stats: 626.5 tgtImps 1232.5 nonTgtImps. Cost of imps is 0.0011242068288665663
06/07 04:52:22 INFO naive.ReasonableBot|Day 2: Daily notification for campaign 2090003334
06/07 04:52:22 INFO naive.ReasonableBot|campaign was NOT won. new bid:0.1091615906322499
06/07 04:52:22 INFO naive.ReasonableBot|Day 2:  allocated to DummyAdnetwork-2. UCS Level set to 0.81 at price 0.10820254538812499 Quality Score is: 1.0
06/07 04:52:22 INFO naive.ReasonableBot|Day 2: Campaign opportunity - Campaign ID 1767370218: day 4 to 8 [HIGH_INCOME, YOUNG], reach: 10000 coefs: (v=2.0, m=1.5)
06/07 04:52:23 INFO naive.ReasonableBot|Day 2: Adjusting ucs bid: was 0.0 level reported: 0.81 target: 0.6 adjusted: 0.0
06/07 04:52:23 INFO naive.ReasonableBot|Day 2 : AdNetworkReport
06/07 04:52:23 INFO naive.ReasonableBot|Day 2 : Simulation Status Received
06/07 04:52:23 INFO naive.ReasonableBot|Day 2: Sending BidBundle
06/07 04:52:23 INFO naive.ReasonableBot|Day 2 ended. Starting next day
06/07 04:52:32 INFO naive.ReasonableBot|Day 3 :BankStatus[-0.240739]
06/07 04:52:32 INFO naive.ReasonableBot|Day 3: Updating campaign 2102902604 stats: 1252.5 tgtImps 31881.0 nonTgtImps. Cost of imps is 0.025988055831756937
06/07 04:52:32 INFO naive.ReasonableBot|Day 3: Daily notification for campaign 1767370218
06/07 04:52:32 INFO naive.ReasonableBot|campaign was NOT won. new bid:0.08732927250579992
06/07 04:52:32 INFO naive.ReasonableBot|Day 3:  allocated to DummyAdnetwork. UCS Level set to 0.47829690000000014 at price 0.0 Quality Score is: 1.0
06/07 04:52:32 INFO naive.ReasonableBot|Day 3: Campaign opportunity - Campaign ID 1257000902: day 5 to 7 [OLD, HIGH_INCOME], reach: 10000 coefs: (v=2.0, m=1.5)
06/07 04:52:32 INFO naive.ReasonableBot|Day 3: Adjusting ucs bid: was 0.0 level reported: 0.47829690000000014 target: 0.6 adjusted: 0.0
06/07 04:52:32 INFO naive.ReasonableBot|Day 3 : AdNetworkReport
06/07 04:52:32 INFO naive.ReasonableBot|Day 3 : Simulation Status Received
06/07 04:52:32 INFO naive.ReasonableBot|Day 3: Sending BidBundle
06/07 04:52:32 INFO naive.ReasonableBot|Day 3 ended. Starting next day
06/07 04:52:43 INFO naive.ReasonableBot|Day 4 :BankStatus[-0.327949]
06/07 04:52:43 INFO naive.ReasonableBot|Day 4: Updating campaign 2102902604 stats: 1564.5 tgtImps 31937.0 nonTgtImps. Cost of imps is 0.026195737133828292
06/07 04:52:43 INFO naive.ReasonableBot|Day 4: Daily notification for campaign 1257000902
06/07 04:52:43 INFO naive.ReasonableBot|campaign was NOT won. new bid:0.06986341800463994
06/07 04:52:43 INFO naive.ReasonableBot|Day 4:  allocated to DummyAdnetwork-6. UCS Level set to 0.47829690000000014 at price 0.0 Quality Score is: 1.0
06/07 04:52:43 INFO naive.ReasonableBot|Day 4: Campaign opportunity - Campaign ID 1544127607: day 6 to 8 [OLD, LOW_INCOME], reach: 15000 coefs: (v=2.0, m=1.5)
06/07 04:52:43 INFO naive.ReasonableBot|Day 4: Adjusting ucs bid: was 0.0 level reported: 0.47829690000000014 target: 0.6 adjusted: 0.0
06/07 04:52:43 INFO naive.ReasonableBot|Day 4 : AdNetworkReport
06/07 04:52:43 INFO naive.ReasonableBot|Day 4 : Simulation Status Received
06/07 04:52:43 INFO naive.ReasonableBot|Day 4: Sending BidBundle
06/07 04:52:43 INFO naive.ReasonableBot|Day 4 ended. Starting next day
06/07 04:52:53 INFO naive.ReasonableBot|Day 5 :BankStatus[-0.405495]
06/07 04:52:53 INFO naive.ReasonableBot|Day 5: Updating campaign 2102902604 stats: 1566.0 tgtImps 31937.0 nonTgtImps. Cost of imps is 0.02619582095694544
06/07 04:52:53 INFO naive.ReasonableBot|Day 5: Daily notification for campaign 1544127607
06/07 04:52:53 INFO naive.ReasonableBot|campaign was NOT won. new bid:0.05589073440371195
06/07 04:52:53 INFO naive.ReasonableBot|Day 5:  allocated to DummyAdnetwork. UCS Level set to 0.47829690000000014 at price 0.0 Quality Score is: 1.0
06/07 04:52:53 INFO naive.ReasonableBot|Day 5: Campaign opportunity - Campaign ID 1870041516: day 7 to 11 [MALE, YOUNG], reach: 5000 coefs: (v=2.0, m=1.5)
06/07 04:52:53 INFO naive.ReasonableBot|Day 5: Adjusting ucs bid: was 0.0 level reported: 0.47829690000000014 target: 0.6 adjusted: 0.0
06/07 04:52:53 INFO naive.ReasonableBot|Day 5 : AdNetworkReport
06/07 04:52:53 INFO naive.ReasonableBot|Day 5 : Simulation Status Received
06/07 04:52:53 INFO naive.ReasonableBot|Day 5: Sending BidBundle
06/07 04:52:53 INFO naive.ReasonableBot|Day 5 ended. Starting next day
06/07 04:53:01 INFO naive.ReasonableBot|Day 6 :BankStatus[-0.480216]
06/07 04:53:01 INFO naive.ReasonableBot|Day 6: Daily notification for campaign 1870041516
06/07 04:53:01 INFO naive.ReasonableBot|campaign was NOT won. new bid:0.04471258752296956
06/07 04:53:01 INFO naive.ReasonableBot|Day 6:  allocated to DummyAdnetwork-7. UCS Level set to 0.47829690000000014 at price 0.0 Quality Score is: 1.0969409349847417
06/07 04:53:01 INFO naive.ReasonableBot|Day 6: Campaign opportunity - Campaign ID 1477068762: day 8 to 10 [OLD, FEMALE], reach: 5000 coefs: (v=2.0, m=1.5)
06/07 04:53:01 INFO naive.ReasonableBot|Day 6: Adjusting ucs bid: was 0.0 level reported: 0.47829690000000014 target: 0.6 adjusted: 0.0
06/07 04:53:02 INFO naive.ReasonableBot|Day 6 : Simulation Status Received
06/07 04:53:02 INFO naive.ReasonableBot|Day 6: Sending BidBundle
06/07 04:53:02 INFO naive.ReasonableBot|Day 6 ended. Starting next day
06/07 04:53:12 INFO naive.ReasonableBot|Day 7 :BankStatus[0.897596]
06/07 04:53:12 INFO naive.ReasonableBot|Day 7: Daily notification for campaign 1477068762
06/07 04:53:12 INFO naive.ReasonableBot|campaign was NOT won. new bid:0.03577007001837565
06/07 04:53:12 INFO naive.ReasonableBot|Day 7:  allocated to DummyAdnetwork-7. UCS Level set to 0.47829690000000014 at price 0.0 Quality Score is: 1.0969409349847417
06/07 04:53:12 INFO naive.ReasonableBot|Day 7: Campaign opportunity - Campaign ID 968469088: day 9 to 18 [MALE, YOUNG], reach: 5000 coefs: (v=2.0, m=1.5)
06/07 04:53:12 INFO naive.ReasonableBot|Day 7: Adjusting ucs bid: was 0.0 level reported: 0.47829690000000014 target: 0.6 adjusted: 0.0
06/07 04:53:12 INFO naive.ReasonableBot|Day 7 : Simulation Status Received
06/07 04:53:12 INFO naive.ReasonableBot|Day 7: Sending BidBundle
06/07 04:53:12 INFO naive.ReasonableBot|Day 7 ended. Starting next day
06/07 04:53:22 INFO naive.ReasonableBot|Day 8 :BankStatus[0.822236]
06/07 04:53:22 INFO naive.ReasonableBot|Day 8: Daily notification for campaign 968469088
06/07 04:53:22 INFO naive.ReasonableBot|campaign was NOT won. new bid:0.02861605601470052
06/07 04:53:22 INFO naive.ReasonableBot|Day 8:  allocated to DummyAdnetwork-3. UCS Level set to 0.47829690000000014 at price 0.0 Quality Score is: 1.0969409349847417
06/07 04:53:22 INFO naive.ReasonableBot|Day 8: Campaign opportunity - Campaign ID 1622015127: day 10 to 14 [OLD, FEMALE], reach: 10000 coefs: (v=2.0, m=1.5)
06/07 04:53:22 INFO naive.ReasonableBot|Day 8: Adjusting ucs bid: was 0.0 level reported: 0.47829690000000014 target: 0.6 adjusted: 0.0
06/07 04:53:22 INFO naive.ReasonableBot|Day 8 : Simulation Status Received
06/07 04:53:22 INFO naive.ReasonableBot|Day 8: Sending BidBundle
06/07 04:53:22 INFO naive.ReasonableBot|Day 8 ended. Starting next day
06/07 04:53:32 INFO naive.ReasonableBot|Day 9 :BankStatus[0.747449]
06/07 04:53:32 INFO naive.ReasonableBot|Day 9: Daily notification for campaign 1622015127
06/07 04:53:32 INFO naive.ReasonableBot|campaign was NOT won. new bid:0.02289284481176042
06/07 04:53:32 INFO naive.ReasonableBot|Day 9:  allocated to DummyAdnetwork-2. UCS Level set to 0.47829690000000014 at price 0.0 Quality Score is: 1.0969409349847417
06/07 04:53:32 INFO naive.ReasonableBot|Day 9: Campaign opportunity - Campaign ID 1111414205: day 11 to 13 [LOW_INCOME, YOUNG], reach: 10000 coefs: (v=2.0, m=1.5)
06/07 04:53:32 INFO naive.ReasonableBot|Day 9: Adjusting ucs bid: was 0.0 level reported: 0.47829690000000014 target: 0.6 adjusted: 0.0
06/07 04:53:32 INFO naive.ReasonableBot|Day 9 : Simulation Status Received
06/07 04:53:32 INFO naive.ReasonableBot|Day 9: Sending BidBundle
06/07 04:53:32 INFO naive.ReasonableBot|Day 9 ended. Starting next day
06/07 04:53:42 INFO naive.ReasonableBot|Day 10 :BankStatus[0.671440]
06/07 04:53:42 INFO naive.ReasonableBot|Day 10: Daily notification for campaign 1111414205
06/07 04:53:42 INFO naive.ReasonableBot|campaign was NOT won. new bid:0.018314275849408337
06/07 04:53:42 INFO naive.ReasonableBot|Day 10:  allocated to DummyAdnetwork-4. UCS Level set to 0.47829690000000014 at price 0.0 Quality Score is: 1.0969409349847417
06/07 04:53:42 INFO naive.ReasonableBot|Day 10: Campaign opportunity - Campaign ID 1894716547: day 12 to 21 [MALE, YOUNG], reach: 10000 coefs: (v=2.0, m=1.5)
06/07 04:53:42 INFO naive.ReasonableBot|Day 10: Adjusting ucs bid: was 0.0 level reported: 0.47829690000000014 target: 0.6 adjusted: 0.0
06/07 04:53:42 INFO naive.ReasonableBot|Day 10 : Simulation Status Received
06/07 04:53:42 INFO naive.ReasonableBot|Day 10: Sending BidBundle
06/07 04:53:42 INFO naive.ReasonableBot|Day 10 ended. Starting next day
06/07 04:53:51 INFO naive.ReasonableBot|Day 11 :BankStatus[0.596009]
06/07 04:53:51 INFO naive.ReasonableBot|Day 11: Daily notification for campaign 1894716547
06/07 04:53:51 INFO naive.ReasonableBot|campaign was NOT won. new bid:0.01465142067952667
06/07 04:53:51 INFO naive.ReasonableBot|Day 11:  allocated to DummyAdnetwork. UCS Level set to 0.47829690000000014 at price 0.0 Quality Score is: 1.0969409349847417
06/07 04:53:51 INFO naive.ReasonableBot|Day 11: Campaign opportunity - Campaign ID 643316765: day 13 to 22 [MALE, LOW_INCOME], reach: 10000 coefs: (v=2.0, m=1.5)
06/07 04:53:51 INFO naive.ReasonableBot|Day 11: Adjusting ucs bid: was 0.0 level reported: 0.47829690000000014 target: 0.6 adjusted: 0.0
06/07 04:53:52 INFO naive.ReasonableBot|Day 11 : Simulation Status Received
06/07 04:53:52 INFO naive.ReasonableBot|Day 11: Sending BidBundle
06/07 04:53:52 INFO naive.ReasonableBot|Day 11 ended. Starting next day
06/07 04:54:02 INFO naive.ReasonableBot|Day 12 :BankStatus[0.519346]
06/07 04:54:02 INFO naive.ReasonableBot|Day 12: Daily notification for campaign 643316765
06/07 04:54:02 INFO naive.ReasonableBot|campaign was NOT won. new bid:0.011721136543621336
06/07 04:54:02 INFO naive.ReasonableBot|Day 12:  allocated to DummyAdnetwork-5. UCS Level set to 0.47829690000000014 at price 0.0 Quality Score is: 1.0969409349847417
06/07 04:54:02 INFO naive.ReasonableBot|Day 12: Campaign opportunity - Campaign ID 2119343119: day 14 to 18 [MALE, YOUNG], reach: 15000 coefs: (v=2.0, m=1.5)
06/07 04:54:02 INFO naive.ReasonableBot|Day 12: Adjusting ucs bid: was 0.0 level reported: 0.47829690000000014 target: 0.6 adjusted: 0.0
06/07 04:54:02 INFO naive.ReasonableBot|Day 12 : Simulation Status Received
06/07 04:54:02 INFO naive.ReasonableBot|Day 12: Sending BidBundle
06/07 04:54:02 INFO naive.ReasonableBot|Day 12 ended. Starting next day
06/07 04:54:11 INFO naive.ReasonableBot|Day 13 :BankStatus[0.442918]
06/07 04:54:11 INFO naive.ReasonableBot|Day 13: Daily notification for campaign 2119343119
06/07 04:54:11 INFO naive.ReasonableBot|campaign was NOT won. new bid:0.00937690923489707
06/07 04:54:11 INFO naive.ReasonableBot|Day 13:  allocated to DummyAdnetwork-5. UCS Level set to 0.47829690000000014 at price 0.0 Quality Score is: 1.0969409349847417
06/07 04:54:11 INFO naive.ReasonableBot|Day 13: Campaign opportunity - Campaign ID 1544484137: day 15 to 17 [FEMALE, YOUNG], reach: 5000 coefs: (v=2.0, m=1.5)
06/07 04:54:11 INFO naive.ReasonableBot|Day 13: Adjusting ucs bid: was 0.0 level reported: 0.47829690000000014 target: 0.6 adjusted: 0.0
06/07 04:54:11 INFO naive.ReasonableBot|Day 13 : Simulation Status Received
06/07 04:54:11 INFO naive.ReasonableBot|Day 13: Sending BidBundle
06/07 04:54:11 INFO naive.ReasonableBot|Day 13 ended. Starting next day
06/07 04:54:21 INFO naive.ReasonableBot|Day 14 :BankStatus[0.367223]
06/07 04:54:22 INFO naive.ReasonableBot|Day 14: Daily notification for campaign 1544484137
06/07 04:54:22 INFO naive.ReasonableBot|campaign was NOT won. new bid:0.007501527387917656
06/07 04:54:22 INFO naive.ReasonableBot|Day 14:  allocated to DummyAdnetwork. UCS Level set to 0.47829690000000014 at price 0.0 Quality Score is: 1.0969409349847417
06/07 04:54:22 INFO naive.ReasonableBot|Day 14: Campaign opportunity - Campaign ID 2015710984: day 16 to 20 [MALE, LOW_INCOME], reach: 15000 coefs: (v=2.0, m=1.5)
06/07 04:54:22 INFO naive.ReasonableBot|Day 14: Adjusting ucs bid: was 0.0 level reported: 0.47829690000000014 target: 0.6 adjusted: 0.0
06/07 04:54:22 INFO naive.ReasonableBot|Day 14 : Simulation Status Received
06/07 04:54:22 INFO naive.ReasonableBot|Day 14: Sending BidBundle
06/07 04:54:22 INFO naive.ReasonableBot|Day 14 ended. Starting next day
06/07 04:54:32 INFO naive.ReasonableBot|Day 15 :BankStatus[0.290137]
06/07 04:54:32 INFO naive.ReasonableBot|Day 15: Daily notification for campaign 2015710984
06/07 04:54:32 INFO naive.ReasonableBot|campaign was NOT won. new bid:0.006001221910334125
06/07 04:54:32 INFO naive.ReasonableBot|Day 15:  allocated to DummyAdnetwork. UCS Level set to 0.47829690000000014 at price 0.0 Quality Score is: 1.0969409349847417
06/07 04:54:32 INFO naive.ReasonableBot|Day 15: Campaign opportunity - Campaign ID 196365027: day 17 to 19 [OLD, MALE], reach: 5000 coefs: (v=2.0, m=1.5)
06/07 04:54:32 INFO naive.ReasonableBot|Day 15: Adjusting ucs bid: was 0.0 level reported: 0.47829690000000014 target: 0.6 adjusted: 0.0
06/07 04:54:32 INFO naive.ReasonableBot|Day 15 : Simulation Status Received
06/07 04:54:32 INFO naive.ReasonableBot|Day 15: Sending BidBundle
06/07 04:54:32 INFO naive.ReasonableBot|Day 15 ended. Starting next day
06/07 04:54:42 INFO naive.ReasonableBot|Day 16 :BankStatus[0.217376]
06/07 04:54:42 INFO naive.ReasonableBot|Day 16: Daily notification for campaign 196365027
06/07 04:54:42 INFO naive.ReasonableBot|campaign was NOT won. new bid:0.0048009775282673
06/07 04:54:42 INFO naive.ReasonableBot|Day 16:  allocated to DummyAdnetwork-5. UCS Level set to 0.47829690000000014 at price 0.0 Quality Score is: 1.0969409349847417
06/07 04:54:42 INFO naive.ReasonableBot|Day 16: Campaign opportunity - Campaign ID 161598678: day 18 to 20 [LOW_INCOME, YOUNG], reach: 15000 coefs: (v=2.0, m=1.5)
06/07 04:54:42 INFO naive.ReasonableBot|Day 16: Adjusting ucs bid: was 0.0 level reported: 0.47829690000000014 target: 0.6 adjusted: 0.0
06/07 04:54:42 INFO naive.ReasonableBot|Day 16 : Simulation Status Received
06/07 04:54:42 INFO naive.ReasonableBot|Day 16: Sending BidBundle
06/07 04:54:42 INFO naive.ReasonableBot|Day 16 ended. Starting next day
06/07 04:54:52 INFO naive.ReasonableBot|Day 17 :BankStatus[0.140476]
06/07 04:54:52 INFO naive.ReasonableBot|Day 17: Daily notification for campaign 161598678
06/07 04:54:52 INFO naive.ReasonableBot|campaign was NOT won. new bid:0.0038407820226138405
06/07 04:54:52 INFO naive.ReasonableBot|Day 17:  allocated to DummyAdnetwork-5. UCS Level set to 0.47829690000000014 at price 0.0 Quality Score is: 1.0969409349847417
06/07 04:54:52 INFO naive.ReasonableBot|Day 17: Campaign opportunity - Campaign ID 2064802517: day 19 to 23 [OLD, HIGH_INCOME], reach: 5000 coefs: (v=2.0, m=1.5)
06/07 04:54:52 INFO naive.ReasonableBot|Day 17: Adjusting ucs bid: was 0.0 level reported: 0.47829690000000014 target: 0.6 adjusted: 0.0
06/07 04:54:52 INFO naive.ReasonableBot|Day 17 : Simulation Status Received
06/07 04:54:52 INFO naive.ReasonableBot|Day 17: Sending BidBundle
06/07 04:54:52 INFO naive.ReasonableBot|Day 17 ended. Starting next day
06/07 04:55:02 INFO naive.ReasonableBot|Day 18 :BankStatus[0.066970]
06/07 04:55:02 INFO naive.ReasonableBot|Day 18: Daily notification for campaign 2064802517
06/07 04:55:02 INFO naive.ReasonableBot|campaign was NOT won. new bid:0.0030726256180910725
06/07 04:55:02 INFO naive.ReasonableBot|Day 18:  allocated to DummyAdnetwork-3. UCS Level set to 0.47829690000000014 at price 0.0 Quality Score is: 1.0969409349847417
06/07 04:55:02 INFO naive.ReasonableBot|Day 18: Campaign opportunity - Campaign ID 760938750: day 20 to 29 [LOW_INCOME, YOUNG], reach: 10000 coefs: (v=2.0, m=1.5)
06/07 04:55:02 INFO naive.ReasonableBot|Day 18: Adjusting ucs bid: was 0.0 level reported: 0.47829690000000014 target: 0.6 adjusted: 0.0
06/07 04:55:02 INFO naive.ReasonableBot|Day 18 : Simulation Status Received
06/07 04:55:02 INFO naive.ReasonableBot|Day 18: Sending BidBundle
06/07 04:55:02 INFO naive.ReasonableBot|Day 18 ended. Starting next day
06/07 04:55:11 INFO naive.ReasonableBot|Day 19 :BankStatus[-0.010592]
06/07 04:55:11 INFO naive.ReasonableBot|Day 19: Daily notification for campaign 760938750
06/07 04:55:11 INFO naive.ReasonableBot|campaign was NOT won. new bid:0.002458100494472858
06/07 04:55:11 INFO naive.ReasonableBot|Day 19:  allocated to DummyAdnetwork. UCS Level set to 0.47829690000000014 at price 0.0 Quality Score is: 1.0969409349847417
06/07 04:55:11 INFO naive.ReasonableBot|Day 19: Campaign opportunity - Campaign ID 462548437: day 21 to 23 [FEMALE, YOUNG], reach: 15000 coefs: (v=2.0, m=1.5)
06/07 04:55:11 INFO naive.ReasonableBot|Day 19: Adjusting ucs bid: was 0.0 level reported: 0.47829690000000014 target: 0.6 adjusted: 0.0
06/07 04:55:11 INFO naive.ReasonableBot|Day 19 : Simulation Status Received
06/07 04:55:11 INFO naive.ReasonableBot|Day 19: Sending BidBundle
06/07 04:55:11 INFO naive.ReasonableBot|Day 19 ended. Starting next day
06/07 04:55:21 INFO naive.ReasonableBot|Day 20 :BankStatus[-0.085383]
06/07 04:55:21 INFO naive.ReasonableBot|Day 20: Daily notification for campaign 462548437
06/07 04:55:21 INFO naive.ReasonableBot|campaign was NOT won. new bid:0.0019664803955782863
06/07 04:55:21 INFO naive.ReasonableBot|Day 20:  allocated to DummyAdnetwork. UCS Level set to 0.47829690000000014 at price 0.0 Quality Score is: 1.0969409349847417
06/07 04:55:21 INFO naive.ReasonableBot|Day 20: Campaign opportunity - Campaign ID 1680037870: day 22 to 26 [LOW_INCOME, YOUNG], reach: 10000 coefs: (v=2.0, m=1.5)
06/07 04:55:21 INFO naive.ReasonableBot|Day 20: Adjusting ucs bid: was 0.0 level reported: 0.47829690000000014 target: 0.6 adjusted: 0.0
06/07 04:55:22 INFO naive.ReasonableBot|Day 20 : Simulation Status Received
06/07 04:55:22 INFO naive.ReasonableBot|Day 20: Sending BidBundle
06/07 04:55:22 INFO naive.ReasonableBot|Day 20 ended. Starting next day
06/07 04:55:32 INFO naive.ReasonableBot|Day 21 :BankStatus[-0.163613]
06/07 04:55:32 INFO naive.ReasonableBot|Day 21: Daily notification for campaign 1680037870
06/07 04:55:32 INFO naive.ReasonableBot|campaign was NOT won. new bid:0.0015731843164626291
06/07 04:55:32 INFO naive.ReasonableBot|Day 21:  allocated to DummyAdnetwork. UCS Level set to 0.47829690000000014 at price 0.0 Quality Score is: 1.0969409349847417
06/07 04:55:32 INFO naive.ReasonableBot|Day 21: Campaign opportunity - Campaign ID 149637190: day 23 to 27 [HIGH_INCOME, MALE], reach: 5000 coefs: (v=2.0, m=1.5)
06/07 04:55:32 INFO naive.ReasonableBot|Day 21: Adjusting ucs bid: was 0.0 level reported: 0.47829690000000014 target: 0.6 adjusted: 0.0
06/07 04:55:32 INFO naive.ReasonableBot|Day 21 : Simulation Status Received
06/07 04:55:32 INFO naive.ReasonableBot|Day 21: Sending BidBundle
06/07 04:55:32 INFO naive.ReasonableBot|Day 21 ended. Starting next day
06/07 04:55:42 INFO naive.ReasonableBot|Day 22 :BankStatus[-0.239169]
06/07 04:55:42 INFO naive.ReasonableBot|Day 22: Daily notification for campaign 149637190
06/07 04:55:42 INFO naive.ReasonableBot|campaign was NOT won. new bid:0.0012585474531701035
06/07 04:55:42 INFO naive.ReasonableBot|Day 22:  allocated to DummyAdnetwork-7. UCS Level set to 0.47829690000000014 at price 0.0 Quality Score is: 1.0969409349847417
06/07 04:55:42 INFO naive.ReasonableBot|Day 22: Campaign opportunity - Campaign ID 700573382: day 24 to 28 [FEMALE, LOW_INCOME], reach: 10000 coefs: (v=2.0, m=1.5)
06/07 04:55:42 INFO naive.ReasonableBot|Day 22: Adjusting ucs bid: was 0.0 level reported: 0.47829690000000014 target: 0.6 adjusted: 0.0
06/07 04:55:42 INFO naive.ReasonableBot|Day 22 : Simulation Status Received
06/07 04:55:42 INFO naive.ReasonableBot|Day 22: Sending BidBundle
06/07 04:55:42 INFO naive.ReasonableBot|Day 22 ended. Starting next day
06/07 04:55:52 INFO naive.ReasonableBot|Day 23 :BankStatus[-0.317965]
06/07 04:55:52 INFO naive.ReasonableBot|Day 23: Daily notification for campaign 700573382
06/07 04:55:52 INFO naive.ReasonableBot|campaign was NOT won. new bid:0.0010068379625360827
06/07 04:55:52 INFO naive.ReasonableBot|Day 23:  allocated to DummyAdnetwork-5. UCS Level set to 0.47829690000000014 at price 0.0 Quality Score is: 1.0969409349847417
06/07 04:55:52 INFO naive.ReasonableBot|Day 23: Campaign opportunity - Campaign ID 745031912: day 25 to 27 [FEMALE, YOUNG], reach: 15000 coefs: (v=2.0, m=1.5)
06/07 04:55:52 INFO naive.ReasonableBot|Day 23: Adjusting ucs bid: was 0.0 level reported: 0.47829690000000014 target: 0.6 adjusted: 0.0
06/07 04:55:52 INFO naive.ReasonableBot|Day 23 : Simulation Status Received
06/07 04:55:52 INFO naive.ReasonableBot|Day 23: Sending BidBundle
06/07 04:55:52 INFO naive.ReasonableBot|Day 23 ended. Starting next day
06/07 04:56:01 INFO naive.ReasonableBot|Day 24 :BankStatus[-0.394841]
06/07 04:56:01 INFO naive.ReasonableBot|Day 24: Daily notification for campaign 745031912
06/07 04:56:01 INFO naive.ReasonableBot|campaign was NOT won. new bid:8.054703700288662E-4
06/07 04:56:01 INFO naive.ReasonableBot|Day 24:  allocated to DummyAdnetwork. UCS Level set to 0.47829690000000014 at price 0.0 Quality Score is: 1.0969409349847417
06/07 04:56:01 INFO naive.ReasonableBot|Day 24: Campaign opportunity - Campaign ID 12963535: day 26 to 35 [OLD, FEMALE], reach: 5000 coefs: (v=2.0, m=1.5)
06/07 04:56:01 INFO naive.ReasonableBot|Day 24: Adjusting ucs bid: was 0.0 level reported: 0.47829690000000014 target: 0.6 adjusted: 0.0
06/07 04:56:02 INFO naive.ReasonableBot|Day 24 : Simulation Status Received
06/07 04:56:02 INFO naive.ReasonableBot|Day 24: Sending BidBundle
06/07 04:56:02 INFO naive.ReasonableBot|Day 24 ended. Starting next day
06/07 04:56:11 INFO naive.ReasonableBot|Day 25 :BankStatus[-0.473574]
06/07 04:56:11 INFO naive.ReasonableBot|Day 25: Daily notification for campaign 12963535
06/07 04:56:11 INFO naive.ReasonableBot|campaign was NOT won. new bid:6.443762960230931E-4
06/07 04:56:11 INFO naive.ReasonableBot|Day 25:  allocated to DummyAdnetwork. UCS Level set to 0.47829690000000014 at price 0.0 Quality Score is: 1.0969409349847417
06/07 04:56:11 INFO naive.ReasonableBot|Day 25: Campaign opportunity - Campaign ID 1494646781: day 27 to 36 [OLD, FEMALE], reach: 10000 coefs: (v=2.0, m=1.5)
06/07 04:56:11 INFO naive.ReasonableBot|Day 25: Adjusting ucs bid: was 0.0 level reported: 0.47829690000000014 target: 0.6 adjusted: 0.0
06/07 04:56:11 INFO naive.ReasonableBot|Day 25 : Simulation Status Received
06/07 04:56:11 INFO naive.ReasonableBot|Day 25: Sending BidBundle
06/07 04:56:11 INFO naive.ReasonableBot|Day 25 ended. Starting next day
06/07 04:56:22 INFO naive.ReasonableBot|Day 26 :BankStatus[-0.551237]
06/07 04:56:22 INFO naive.ReasonableBot|Day 26: Daily notification for campaign 1494646781
06/07 04:56:22 INFO naive.ReasonableBot|campaign was NOT won. new bid:5.155010368184745E-4
06/07 04:56:22 INFO naive.ReasonableBot|Day 26:  allocated to DummyAdnetwork-2. UCS Level set to 0.47829690000000014 at price 0.0 Quality Score is: 1.0969409349847417
06/07 04:56:22 INFO naive.ReasonableBot|Day 26: Campaign opportunity - Campaign ID 710595227: day 28 to 30 [HIGH_INCOME, YOUNG], reach: 15000 coefs: (v=2.0, m=1.5)
06/07 04:56:22 INFO naive.ReasonableBot|Day 26: Adjusting ucs bid: was 0.0 level reported: 0.47829690000000014 target: 0.6 adjusted: 0.0
06/07 04:56:22 INFO naive.ReasonableBot|Day 26 : Simulation Status Received
06/07 04:56:22 INFO naive.ReasonableBot|Day 26: Sending BidBundle
06/07 04:56:22 INFO naive.ReasonableBot|Day 26 ended. Starting next day
