01/07 17:22:00 INFO naive.NaiveAgent|UNKNOWN Message Received: edu.umich.eecs.tac.props.AdvertiserInfo@bc76a1c1
01/07 17:22:00 INFO naive.NaiveAgent|Day 0 :BankStatus[0.000000]
01/07 17:22:00 INFO naive.NaiveAgent|tau.tac.adx.report.demand.InitialCampaignMessage[564297174,1250,1,5,[OLD, MALE],2.0,1.5,demand,[]]
01/07 17:22:00 INFO naive.NaiveAgent|Day 0: Allocated campaign - Campaign ID 564297174: day 1 to 5 [OLD, MALE], reach: 1250 coefs: (v=2.0, m=1.5)
01/07 17:22:00 INFO naive.NaiveAgent|Day 0: Campaign opportunity - Campaign ID 357096188: day 2 to 11 [MALE, LOW_INCOME], reach: 5000 coefs: (v=2.0, m=1.5)
01/07 17:22:00 INFO naive.NaiveAgent|This is the value of cmpBid: 1
01/07 17:22:00 INFO naive.NaiveAgent|Day 0: Campaign total budget bid: 0.0010
01/07 17:22:00 INFO naive.NaiveAgent|Day 0: Initial ucs bid is 0.17913721016399145
01/07 17:22:00 INFO naive.NaiveAgent|Day 0 : Simulation Status Received
01/07 17:22:00 INFO naive.NaiveAgent|Day 0: Updated 36 Bid Bundle entries for Campaign id 564297174
01/07 17:22:00 INFO naive.NaiveAgent|Day 0: Sending BidBundle
01/07 17:22:00 INFO naive.NaiveAgent|Day 0 ended. Starting next day
01/07 17:22:15 INFO naive.NaiveAgent|Day 1 :BankStatus[0.000000]
01/07 17:22:15 INFO naive.NaiveAgent|Day 1: Daily notification for campaign 357096188
01/07 17:22:15 INFO naive.NaiveAgent|Day 1:  WON at cost 0.502. UCS Level set to 0.9 at price 0.1547840197512261 Qualit Score is: 1.0
01/07 17:22:15 INFO naive.NaiveAgent|Day 1: Campaign opportunity - Campaign ID 261700949: day 3 to 5 [OLD, LOW_INCOME], reach: 5000 coefs: (v=2.0, m=1.5)
01/07 17:22:15 INFO naive.NaiveAgent|This is the value of cmpBid: 1
01/07 17:22:15 INFO naive.NaiveAgent|Day 1: Campaign total budget bid: 0.0010
01/07 17:22:15 INFO naive.NaiveAgent|Day 1: Adjusting ucs bid: was 0.17913721016399145 level reported: 0.9 target: 0.7 adjusted: 0.14330976813119314
01/07 17:22:15 INFO naive.NaiveAgent|Day 1 : AdNetworkReport
01/07 17:22:15 INFO naive.NaiveAgent|Day 1 : Simulation Status Received
01/07 17:22:15 INFO naive.NaiveAgent|Day 1: Updated 36 Bid Bundle entries for Campaign id 357096188
01/07 17:22:15 INFO naive.NaiveAgent|Day 1: Updated 36 Bid Bundle entries for Campaign id 564297174
01/07 17:22:15 INFO naive.NaiveAgent|Day 1: Sending BidBundle
01/07 17:22:15 INFO naive.NaiveAgent|Day 1 ended. Starting next day
01/07 17:22:24 INFO naive.NaiveAgent|Day 2 :BankStatus[-0.120419]
01/07 17:22:24 INFO naive.NaiveAgent|Day 2: Updating campaign 564297174 stats: 630.0 tgtImps 442.0 nonTgtImps. Cost of imps is 0.0011786382550295932
01/07 17:22:24 INFO naive.NaiveAgent|Day 2: Daily notification for campaign 261700949
01/07 17:22:24 INFO naive.NaiveAgent|Day 2:  WON at cost 0.709. UCS Level set to 0.81 at price 0.11504861397809653 Qualit Score is: 1.0
01/07 17:22:24 INFO naive.NaiveAgent|Day 2: Campaign opportunity - Campaign ID 1911657484: day 4 to 8 [FEMALE, LOW_INCOME], reach: 5000 coefs: (v=2.0, m=1.5)
01/07 17:22:24 INFO naive.NaiveAgent|This is the value of cmpBid: 1
01/07 17:22:24 INFO naive.NaiveAgent|Day 2: Campaign total budget bid: 0.0010
01/07 17:22:24 INFO naive.NaiveAgent|Day 2: Adjusting ucs bid: was 0.14330976813119314 level reported: 0.81 target: 0.7 adjusted: 0.12754569363676188
01/07 17:22:24 INFO naive.NaiveAgent|Day 2 : AdNetworkReport
01/07 17:22:24 INFO naive.NaiveAgent|Day 2 : Simulation Status Received
01/07 17:22:24 INFO naive.NaiveAgent|Day 2: Updated 36 Bid Bundle entries for Campaign id 261700949
01/07 17:22:24 INFO naive.NaiveAgent|Day 2: Updated 36 Bid Bundle entries for Campaign id 357096188
01/07 17:22:24 INFO naive.NaiveAgent|Day 2: Updated 36 Bid Bundle entries for Campaign id 564297174
01/07 17:22:24 INFO naive.NaiveAgent|Day 2: Sending BidBundle
01/07 17:22:24 INFO naive.NaiveAgent|Day 2 ended. Starting next day
01/07 17:22:34 INFO naive.NaiveAgent|Day 3 :BankStatus[-0.223222]
01/07 17:22:34 INFO naive.NaiveAgent|Day 3: Updating campaign 357096188 stats: 2502.0 tgtImps 46.0 nonTgtImps. Cost of imps is 0.0028121477681780876
01/07 17:22:34 INFO naive.NaiveAgent|Day 3: Updating campaign 564297174 stats: 1256.0 tgtImps 1616.0 nonTgtImps. Cost of imps is 0.0031894454556530933
01/07 17:22:34 INFO naive.NaiveAgent|Day 3: Daily notification for campaign 1911657484
01/07 17:22:34 INFO naive.NaiveAgent|Day 3:  WON at cost 2.214. UCS Level set to 0.7290000000000001 at price 0.09077371782063233 Qualit Score is: 1.0
01/07 17:22:34 INFO naive.NaiveAgent|Day 3: Campaign opportunity - Campaign ID 1998442449: day 5 to 14 [HIGH_INCOME, MALE], reach: 15000 coefs: (v=2.0, m=1.5)
01/07 17:22:34 INFO naive.NaiveAgent|This is the value of cmpBid: 1
01/07 17:22:34 INFO naive.NaiveAgent|Day 3: Campaign total budget bid: 0.0010
01/07 17:22:34 INFO naive.NaiveAgent|Day 3: Adjusting ucs bid: was 0.12754569363676188 level reported: 0.7290000000000001 target: 0.7 adjusted: 0.12384686852129577
01/07 17:22:34 INFO naive.NaiveAgent|Day 3 : AdNetworkReport
01/07 17:22:34 INFO naive.NaiveAgent|Day 3 : Simulation Status Received
01/07 17:22:34 INFO naive.NaiveAgent|Day 3: Updated 36 Bid Bundle entries for Campaign id 1911657484
01/07 17:22:34 INFO naive.NaiveAgent|Day 3: Updated 36 Bid Bundle entries for Campaign id 261700949
01/07 17:22:34 INFO naive.NaiveAgent|Day 3: Updated 36 Bid Bundle entries for Campaign id 357096188
01/07 17:22:34 INFO naive.NaiveAgent|Day 3: Updated 36 Bid Bundle entries for Campaign id 564297174
01/07 17:22:34 INFO naive.NaiveAgent|Day 3: Sending BidBundle
01/07 17:22:34 INFO naive.NaiveAgent|Day 3 ended. Starting next day
01/07 17:22:46 INFO naive.NaiveAgent|Day 4 :BankStatus[-0.318636]
01/07 17:22:46 INFO naive.NaiveAgent|Day 4: Updating campaign 357096188 stats: 5005.0 tgtImps 1199.0 nonTgtImps. Cost of imps is 0.007201250467811253
01/07 17:22:46 INFO naive.NaiveAgent|Day 4: Updating campaign 261700949 stats: 2501.0 tgtImps 1662.0 nonTgtImps. Cost of imps is 0.004891087752490512
01/07 17:22:46 INFO naive.NaiveAgent|Day 4: Updating campaign 564297174 stats: 1256.0 tgtImps 1616.0 nonTgtImps. Cost of imps is 0.0031894454556530933
01/07 17:22:46 INFO naive.NaiveAgent|Day 4: Daily notification for campaign 1998442449
01/07 17:22:46 INFO naive.NaiveAgent|Day 4:  WON at cost 0.896. UCS Level set to 0.5904900000000002 at price 0.07046464900920699 Qualit Score is: 1.0
01/07 17:22:46 INFO naive.NaiveAgent|Day 4: Campaign opportunity - Campaign ID 1250530555: day 6 to 10 [HIGH_INCOME, MALE], reach: 10000 coefs: (v=2.0, m=1.5)
01/07 17:22:46 INFO naive.NaiveAgent|This is the value of cmpBid: 1
01/07 17:22:46 INFO naive.NaiveAgent|Day 4: Campaign total budget bid: 0.0010
01/07 17:22:46 INFO naive.NaiveAgent|Day 4: Adjusting ucs bid: was 0.12384686852129577 level reported: 0.5904900000000002 target: 0.7 adjusted: 0.1341923509086139
01/07 17:22:46 INFO naive.NaiveAgent|Day 4 : AdNetworkReport
01/07 17:22:46 INFO naive.NaiveAgent|Day 4 : Simulation Status Received
01/07 17:22:46 INFO naive.NaiveAgent|Day 4: Updated 36 Bid Bundle entries for Campaign id 1911657484
01/07 17:22:46 INFO naive.NaiveAgent|Day 4: Updated 36 Bid Bundle entries for Campaign id 261700949
01/07 17:22:46 INFO naive.NaiveAgent|Day 4: Updated 36 Bid Bundle entries for Campaign id 1998442449
01/07 17:22:46 INFO naive.NaiveAgent|Day 4: Updated 36 Bid Bundle entries for Campaign id 357096188
01/07 17:22:46 INFO naive.NaiveAgent|Day 4: Updated 36 Bid Bundle entries for Campaign id 564297174
01/07 17:22:46 INFO naive.NaiveAgent|Day 4: Sending BidBundle
01/07 17:22:46 INFO naive.NaiveAgent|Day 4 ended. Starting next day
01/07 17:23:05 INFO naive.NaiveAgent|Day 5 :BankStatus[-0.442536]
01/07 17:23:05 INFO naive.NaiveAgent|Day 5: Updating campaign 357096188 stats: 6255.0 tgtImps 1906.0 nonTgtImps. Cost of imps is 0.009648568236103295
01/07 17:23:05 INFO naive.NaiveAgent|Day 5: Updating campaign 1911657484 stats: 2502.0 tgtImps 51463.0 nonTgtImps. Cost of imps is 0.05922478044288247
01/07 17:23:05 INFO naive.NaiveAgent|Day 5: Updating campaign 261700949 stats: 5003.0 tgtImps 2997.0 nonTgtImps. Cost of imps is 0.008931081954309705
01/07 17:23:05 INFO naive.NaiveAgent|Day 5: Updating campaign 564297174 stats: 1256.0 tgtImps 1616.0 nonTgtImps. Cost of imps is 0.0031894454556530933
01/07 17:23:05 INFO naive.NaiveAgent|Day 5: Daily notification for campaign 1250530555
01/07 17:23:05 INFO naive.NaiveAgent|Day 5:  WON at cost 1.074. UCS Level set to 0.6561000000000001 at price 0.0836651559857824 Qualit Score is: 1.0
01/07 17:23:05 INFO naive.NaiveAgent|Day 5: Campaign opportunity - Campaign ID 2112845447: day 7 to 9 [YOUNG, MALE], reach: 10000 coefs: (v=2.0, m=1.5)
01/07 17:23:05 INFO naive.NaiveAgent|This is the value of cmpBid: 1
01/07 17:23:05 INFO naive.NaiveAgent|Day 5: Campaign total budget bid: 0.0010
01/07 17:23:05 INFO naive.NaiveAgent|Day 5: Adjusting ucs bid: was 0.1341923509086139 level reported: 0.6561000000000001 target: 0.7 adjusted: 0.10107459059474055
01/07 17:23:09 INFO naive.NaiveAgent|Day 5 : AdNetworkReport
01/07 17:23:09 INFO naive.NaiveAgent|Day 5 : Simulation Status Received
01/07 17:23:09 INFO naive.NaiveAgent|Day 5: Updated 36 Bid Bundle entries for Campaign id 1911657484
01/07 17:23:09 INFO naive.NaiveAgent|Day 5: Updated 36 Bid Bundle entries for Campaign id 1250530555
01/07 17:23:09 INFO naive.NaiveAgent|Day 5: Updated 36 Bid Bundle entries for Campaign id 1998442449
01/07 17:23:09 INFO naive.NaiveAgent|Day 5: Updated 36 Bid Bundle entries for Campaign id 357096188
01/07 17:23:09 INFO naive.NaiveAgent|Day 5: Sending BidBundle
01/07 17:23:09 INFO naive.NaiveAgent|Day 5 ended. Starting next day
01/07 17:23:10 INFO naive.NaiveAgent|Day 6 :BankStatus[-0.669785]
01/07 17:23:10 INFO naive.NaiveAgent|Day 6: Updating campaign 357096188 stats: 6255.0 tgtImps 1906.0 nonTgtImps. Cost of imps is 0.009648568236103295
01/07 17:23:10 INFO naive.NaiveAgent|Day 6: Updating campaign 1911657484 stats: 5004.0 tgtImps 152999.0 nonTgtImps. Cost of imps is 0.16606794849842205
01/07 17:23:10 INFO naive.NaiveAgent|Day 6: Updating campaign 1998442449 stats: 7504.0 tgtImps 127278.0 nonTgtImps. Cost of imps is 0.14882453958168695
01/07 17:23:10 INFO naive.NaiveAgent|Day 6: Daily notification for campaign 2112845447
01/07 17:23:10 INFO naive.NaiveAgent|Day 6:  allocated to . UCS Level set to 0.6561000000000001 at price 0.0836651559857824 Qualit Score is: 1.0969972409196935
01/07 17:23:10 INFO naive.NaiveAgent|Day 6: Campaign opportunity - Campaign ID 914681915: day 8 to 17 [FEMALE, LOW_INCOME], reach: 10000 coefs: (v=2.0, m=1.5)
01/07 17:23:10 INFO naive.NaiveAgent|This is the value of cmpBid: 1
01/07 17:23:10 INFO naive.NaiveAgent|Day 6: Campaign total budget bid: 0.0010
01/07 17:23:10 INFO naive.NaiveAgent|Day 6: Adjusting ucs bid: was 0.10107459059474055 level reported: 0.6561000000000001 target: 0.7 adjusted: 0.10551176512184965
01/07 17:23:11 INFO naive.NaiveAgent|Day 6 : Simulation Status Received
01/07 17:23:11 INFO naive.NaiveAgent|Day 6: Updated 36 Bid Bundle entries for Campaign id 1911657484
01/07 17:23:11 INFO naive.NaiveAgent|Day 6: Updated 36 Bid Bundle entries for Campaign id 1250530555
01/07 17:23:11 INFO naive.NaiveAgent|Day 6: Updated 36 Bid Bundle entries for Campaign id 1998442449
01/07 17:23:11 INFO naive.NaiveAgent|Day 6: Updated 36 Bid Bundle entries for Campaign id 357096188
01/07 17:23:11 INFO naive.NaiveAgent|Day 6: Sending BidBundle
01/07 17:23:11 INFO naive.NaiveAgent|Day 6 ended. Starting next day
01/07 17:23:24 INFO naive.NaiveAgent|Day 7 :BankStatus[1.310564]
01/07 17:23:24 INFO naive.NaiveAgent|Day 7: Updating campaign 357096188 stats: 6255.0 tgtImps 1906.0 nonTgtImps. Cost of imps is 0.009648568236103295
01/07 17:23:24 INFO naive.NaiveAgent|Day 7: Updating campaign 1911657484 stats: 5004.0 tgtImps 152999.0 nonTgtImps. Cost of imps is 0.16606794849842205
01/07 17:23:24 INFO naive.NaiveAgent|Day 7: Updating campaign 1998442449 stats: 7504.0 tgtImps 127278.0 nonTgtImps. Cost of imps is 0.14882453958168695
01/07 17:23:24 INFO naive.NaiveAgent|Day 7: Updating campaign 1250530555 stats: 0.0 tgtImps 0.0 nonTgtImps. Cost of imps is 0.0
01/07 17:23:24 INFO naive.NaiveAgent|Day 7: Daily notification for campaign 914681915
01/07 17:23:24 INFO naive.NaiveAgent|Day 7:  allocated to . UCS Level set to 0.47829690000000014 at price 0.0 Qualit Score is: 1.0969972409196935
01/07 17:23:24 INFO naive.NaiveAgent|Day 7: Campaign opportunity - Campaign ID 922487359: day 9 to 13 [HIGH_INCOME, OLD], reach: 15000 coefs: (v=2.0, m=1.5)
01/07 17:23:24 INFO naive.NaiveAgent|This is the value of cmpBid: 1
01/07 17:23:24 INFO naive.NaiveAgent|Day 7: Campaign total budget bid: 0.0010
01/07 17:23:24 INFO naive.NaiveAgent|Day 7: Adjusting ucs bid: was 0.10551176512184965 level reported: 0.47829690000000014 target: 0.7 adjusted: 0.12890405053583556
01/07 17:23:34 INFO naive.NaiveAgent|Day 7 : AdNetworkReport
01/07 17:23:34 INFO naive.NaiveAgent|Day 7 : Simulation Status Received
01/07 17:23:34 INFO naive.NaiveAgent|Day 7: Updated 36 Bid Bundle entries for Campaign id 1911657484
01/07 17:23:34 INFO naive.NaiveAgent|Day 7: Updated 36 Bid Bundle entries for Campaign id 1250530555
01/07 17:23:34 INFO naive.NaiveAgent|Day 7: Updated 36 Bid Bundle entries for Campaign id 1998442449
01/07 17:23:34 INFO naive.NaiveAgent|Day 7: Updated 36 Bid Bundle entries for Campaign id 357096188
01/07 17:23:34 INFO naive.NaiveAgent|Day 7: Sending BidBundle
01/07 17:23:34 INFO naive.NaiveAgent|Day 7 ended. Starting next day
01/07 17:23:35 INFO naive.NaiveAgent|Day 8 :BankStatus[1.126687]
01/07 17:23:35 INFO naive.NaiveAgent|Day 8: Updating campaign 357096188 stats: 6255.0 tgtImps 1906.0 nonTgtImps. Cost of imps is 0.009648568236103295
01/07 17:23:35 INFO naive.NaiveAgent|Day 8: Updating campaign 1911657484 stats: 6254.0 tgtImps 176774.0 nonTgtImps. Cost of imps is 0.19404133691958814
01/07 17:23:35 INFO naive.NaiveAgent|Day 8: Updating campaign 1998442449 stats: 7504.0 tgtImps 127278.0 nonTgtImps. Cost of imps is 0.14882453958168695
01/07 17:23:35 INFO naive.NaiveAgent|Day 8: Updating campaign 1250530555 stats: 5004.0 tgtImps 105521.0 nonTgtImps. Cost of imps is 0.12127495130075087
01/07 17:23:35 INFO naive.NaiveAgent|Day 8: Daily notification for campaign 922487359
01/07 17:23:35 INFO naive.NaiveAgent|Day 8:  allocated to . UCS Level set to 0.47829690000000014 at price 0.0 Qualit Score is: 1.0969972409196935
01/07 17:23:35 INFO naive.NaiveAgent|Day 8: Campaign opportunity - Campaign ID 52060009: day 10 to 19 [FEMALE, OLD], reach: 5000 coefs: (v=2.0, m=1.5)
01/07 17:23:35 INFO naive.NaiveAgent|This is the value of cmpBid: 1
01/07 17:23:35 INFO naive.NaiveAgent|Day 8: Campaign total budget bid: 0.0010
01/07 17:23:35 INFO naive.NaiveAgent|Day 8: Adjusting ucs bid: was 0.12890405053583556 level reported: 0.47829690000000014 target: 0.7 adjusted: 0.1339460803186621
01/07 17:23:39 INFO naive.NaiveAgent|Day 8 : AdNetworkReport
01/07 17:23:39 INFO naive.NaiveAgent|Day 8 : Simulation Status Received
01/07 17:23:39 INFO naive.NaiveAgent|Day 8: Updated 36 Bid Bundle entries for Campaign id 1250530555
01/07 17:23:39 INFO naive.NaiveAgent|Day 8: Updated 36 Bid Bundle entries for Campaign id 1998442449
01/07 17:23:39 INFO naive.NaiveAgent|Day 8: Updated 36 Bid Bundle entries for Campaign id 357096188
01/07 17:23:39 INFO naive.NaiveAgent|Day 8: Sending BidBundle
01/07 17:23:39 INFO naive.NaiveAgent|Day 8 ended. Starting next day
01/07 17:23:40 INFO naive.NaiveAgent|Day 9 :BankStatus[0.994812]
01/07 17:23:40 INFO naive.NaiveAgent|Day 9: Updating campaign 357096188 stats: 6255.0 tgtImps 1906.0 nonTgtImps. Cost of imps is 0.009648568236103295
01/07 17:23:40 INFO naive.NaiveAgent|Day 9: Updating campaign 1998442449 stats: 7504.0 tgtImps 127278.0 nonTgtImps. Cost of imps is 0.14882453958168695
01/07 17:23:40 INFO naive.NaiveAgent|Day 9: Updating campaign 1250530555 stats: 10008.0 tgtImps 178594.0 nonTgtImps. Cost of imps is 0.20403388889568919
01/07 17:23:40 INFO naive.NaiveAgent|Day 9: Daily notification for campaign 52060009
01/07 17:23:40 INFO naive.NaiveAgent|Day 9:  allocated to . UCS Level set to 0.7290000000000001 at price 0.09057765766508497 Qualit Score is: 1.1349936033515384
01/07 17:23:40 INFO naive.NaiveAgent|Day 9: Campaign opportunity - Campaign ID 835191311: day 11 to 20 [YOUNG, LOW_INCOME], reach: 10000 coefs: (v=2.0, m=1.5)
01/07 17:23:40 INFO naive.NaiveAgent|This is the value of cmpBid: 1
01/07 17:23:40 INFO naive.NaiveAgent|Day 9: Campaign total budget bid: 0.0010
01/07 17:23:40 INFO naive.NaiveAgent|Day 9: Adjusting ucs bid: was 0.1339460803186621 level reported: 0.7290000000000001 target: 0.7 adjusted: 0.13006164398942088
01/07 17:23:40 INFO naive.NaiveAgent|Day 9 : Simulation Status Received
01/07 17:23:40 INFO naive.NaiveAgent|Day 9: Updated 36 Bid Bundle entries for Campaign id 1250530555
01/07 17:23:40 INFO naive.NaiveAgent|Day 9: Updated 36 Bid Bundle entries for Campaign id 1998442449
01/07 17:23:40 INFO naive.NaiveAgent|Day 9: Updated 36 Bid Bundle entries for Campaign id 357096188
01/07 17:23:40 INFO naive.NaiveAgent|Day 9: Sending BidBundle
01/07 17:23:40 INFO naive.NaiveAgent|Day 9 ended. Starting next day
01/07 17:23:52 INFO naive.NaiveAgent|Day 10 :BankStatus[3.473193]
01/07 17:23:52 INFO naive.NaiveAgent|Day 10: Updating campaign 357096188 stats: 6255.0 tgtImps 1906.0 nonTgtImps. Cost of imps is 0.009648568236103295
01/07 17:23:52 INFO naive.NaiveAgent|Day 10: Updating campaign 1998442449 stats: 7504.0 tgtImps 127278.0 nonTgtImps. Cost of imps is 0.14882453958168695
01/07 17:23:52 INFO naive.NaiveAgent|Day 10: Updating campaign 1250530555 stats: 10008.0 tgtImps 178594.0 nonTgtImps. Cost of imps is 0.20403388889568919
01/07 17:23:52 INFO naive.NaiveAgent|Day 10: Daily notification for campaign 835191311
01/07 17:23:52 INFO naive.NaiveAgent|Day 10:  allocated to . UCS Level set to 0.6561000000000001 at price 0.07284834164356922 Qualit Score is: 1.1349936033515384
01/07 17:23:52 INFO naive.NaiveAgent|Day 10: Campaign opportunity - Campaign ID 1549014013: day 12 to 16 [FEMALE, OLD], reach: 15000 coefs: (v=2.0, m=1.5)
01/07 17:23:52 INFO naive.NaiveAgent|This is the value of cmpBid: 1
01/07 17:23:52 INFO naive.NaiveAgent|Day 10: Campaign total budget bid: 0.0010
01/07 17:23:52 INFO naive.NaiveAgent|Day 10: Adjusting ucs bid: was 0.13006164398942088 level reported: 0.6561000000000001 target: 0.7 adjusted: 0.13577135016055644
01/07 17:23:56 INFO naive.NaiveAgent|Day 10 : AdNetworkReport
01/07 17:23:56 INFO naive.NaiveAgent|Day 10 : Simulation Status Received
01/07 17:23:56 INFO naive.NaiveAgent|Day 10: Updated 36 Bid Bundle entries for Campaign id 1998442449
01/07 17:23:56 INFO naive.NaiveAgent|Day 10: Updated 36 Bid Bundle entries for Campaign id 357096188
01/07 17:23:56 INFO naive.NaiveAgent|Day 10: Sending BidBundle
01/07 17:23:56 INFO naive.NaiveAgent|Day 10 ended. Starting next day
01/07 17:23:57 INFO naive.NaiveAgent|Day 11 :BankStatus[3.319230]
01/07 17:23:57 INFO naive.NaiveAgent|Day 11: Updating campaign 357096188 stats: 6255.0 tgtImps 1906.0 nonTgtImps. Cost of imps is 0.009648568236103295
01/07 17:23:57 INFO naive.NaiveAgent|Day 11: Updating campaign 1998442449 stats: 7504.0 tgtImps 127278.0 nonTgtImps. Cost of imps is 0.14882453958168695
01/07 17:23:57 INFO naive.NaiveAgent|Day 11: Daily notification for campaign 1549014013
01/07 17:23:57 INFO naive.NaiveAgent|Day 11:  allocated to . UCS Level set to 0.81 at price 0.09803048443393882 Qualit Score is: 1.1915205104757898
01/07 17:23:57 INFO naive.NaiveAgent|Day 11: Campaign opportunity - Campaign ID 1431883250: day 13 to 15 [HIGH_INCOME, MALE], reach: 5000 coefs: (v=2.0, m=1.5)
01/07 17:23:57 INFO naive.NaiveAgent|This is the value of cmpBid: 1
01/07 17:23:57 INFO naive.NaiveAgent|Day 11: Campaign total budget bid: 0.0010
01/07 17:23:57 INFO naive.NaiveAgent|Day 11: Adjusting ucs bid: was 0.13577135016055644 level reported: 0.81 target: 0.7 adjusted: 0.12083650164289522
01/07 17:23:57 INFO naive.NaiveAgent|Day 11 : AdNetworkReport
01/07 17:23:57 INFO naive.NaiveAgent|Day 11 : Simulation Status Received
01/07 17:23:57 INFO naive.NaiveAgent|Day 11: Updated 36 Bid Bundle entries for Campaign id 1998442449
01/07 17:23:57 INFO naive.NaiveAgent|Day 11: Sending BidBundle
01/07 17:23:57 INFO naive.NaiveAgent|Day 11 ended. Starting next day
01/07 17:24:05 INFO naive.NaiveAgent|Day 12 :BankStatus[4.551999]
01/07 17:24:05 INFO naive.NaiveAgent|Day 12: Updating campaign 1998442449 stats: 7504.0 tgtImps 127278.0 nonTgtImps. Cost of imps is 0.14882453958168695
01/07 17:24:05 INFO naive.NaiveAgent|Day 12: Daily notification for campaign 1431883250
01/07 17:24:05 INFO naive.NaiveAgent|Day 12:  WON at cost 0.515332620780779. UCS Level set to 0.81 at price 0.09647445294756654 Qualit Score is: 1.1727560148754335
01/07 17:24:05 INFO naive.NaiveAgent|Day 12: Campaign opportunity - Campaign ID 1391631224: day 14 to 18 [HIGH_INCOME, OLD], reach: 5000 coefs: (v=2.0, m=1.5)
01/07 17:24:05 INFO naive.NaiveAgent|This is the value of cmpBid: 1
01/07 17:24:05 INFO naive.NaiveAgent|Day 12: Campaign total budget bid: 0.0010
01/07 17:24:05 INFO naive.NaiveAgent|Day 12: Adjusting ucs bid: was 0.12083650164289522 level reported: 0.81 target: 0.7 adjusted: 0.10754448646217674
01/07 17:24:05 INFO naive.NaiveAgent|Day 12 : AdNetworkReport
01/07 17:24:05 INFO naive.NaiveAgent|Day 12 : Simulation Status Received
01/07 17:24:05 INFO naive.NaiveAgent|Day 12: Updated 36 Bid Bundle entries for Campaign id 1431883250
01/07 17:24:05 INFO naive.NaiveAgent|Day 12: Updated 36 Bid Bundle entries for Campaign id 1998442449
01/07 17:24:05 INFO naive.NaiveAgent|Day 12: Sending BidBundle
01/07 17:24:05 INFO naive.NaiveAgent|Day 12 ended. Starting next day
01/07 17:24:19 INFO naive.NaiveAgent|Day 13 :BankStatus[5.035306]
01/07 17:24:19 INFO naive.NaiveAgent|Day 13: Updating campaign 1998442449 stats: 11255.0 tgtImps 152775.0 nonTgtImps. Cost of imps is 0.18114293917819804
01/07 17:24:19 INFO naive.NaiveAgent|Day 13: Daily notification for campaign 1391631224
01/07 17:24:19 INFO naive.NaiveAgent|Day 13:  WON at cost 0.26093821330978395. UCS Level set to 0.5314410000000002 at price 0.055131589952220526 Qualit Score is: 1.1727560148754335
01/07 17:24:19 INFO naive.NaiveAgent|Day 13: Campaign opportunity - Campaign ID 782857784: day 15 to 17 [HIGH_INCOME, YOUNG], reach: 5000 coefs: (v=2.0, m=1.5)
01/07 17:24:19 INFO naive.NaiveAgent|This is the value of cmpBid: 1
01/07 17:24:19 INFO naive.NaiveAgent|Day 13: Campaign total budget bid: 0.0010
01/07 17:24:19 INFO naive.NaiveAgent|Day 13: Adjusting ucs bid: was 0.10754448646217674 level reported: 0.5314410000000002 target: 0.7 adjusted: 0.12567207755575474
01/07 17:24:19 INFO naive.NaiveAgent|Day 13 : AdNetworkReport
01/07 17:24:19 INFO naive.NaiveAgent|Day 13 : Simulation Status Received
01/07 17:24:19 INFO naive.NaiveAgent|Day 13: Updated 36 Bid Bundle entries for Campaign id 1431883250
01/07 17:24:19 INFO naive.NaiveAgent|Day 13: Updated 36 Bid Bundle entries for Campaign id 1998442449
01/07 17:24:19 INFO naive.NaiveAgent|Day 13: Updated 36 Bid Bundle entries for Campaign id 1391631224
01/07 17:24:19 INFO naive.NaiveAgent|Day 13: Sending BidBundle
01/07 17:24:19 INFO naive.NaiveAgent|Day 13 ended. Starting next day
01/07 17:24:29 INFO naive.NaiveAgent|Day 14 :BankStatus[4.903042]
01/07 17:24:29 INFO naive.NaiveAgent|Day 14: Updating campaign 1431883250 stats: 2502.0 tgtImps 76709.0 nonTgtImps. Cost of imps is 0.08719764266716011
01/07 17:24:29 INFO naive.NaiveAgent|Day 14: Updating campaign 1998442449 stats: 11255.0 tgtImps 152775.0 nonTgtImps. Cost of imps is 0.18114293917819804
01/07 17:24:29 INFO naive.NaiveAgent|Day 14: Daily notification for campaign 782857784
01/07 17:24:29 INFO naive.NaiveAgent|Day 14:  WON at cost 0.25214254319821816. UCS Level set to 0.81 at price 0.10055079474996964 Qualit Score is: 1.1727560148754335
01/07 17:24:29 INFO naive.NaiveAgent|Day 14: Campaign opportunity - Campaign ID 737937721: day 16 to 25 [FEMALE, LOW_INCOME], reach: 15000 coefs: (v=2.0, m=1.5)
01/07 17:24:29 INFO naive.NaiveAgent|This is the value of cmpBid: 1
01/07 17:24:29 INFO naive.NaiveAgent|Day 14: Campaign total budget bid: 0.0010
01/07 17:24:29 INFO naive.NaiveAgent|Day 14: Adjusting ucs bid: was 0.12567207755575474 level reported: 0.81 target: 0.7 adjusted: 0.1118481490246217
01/07 17:24:30 INFO naive.NaiveAgent|Day 14 : AdNetworkReport
01/07 17:24:30 INFO naive.NaiveAgent|Day 14 : Simulation Status Received
01/07 17:24:30 INFO naive.NaiveAgent|Day 14: Updated 36 Bid Bundle entries for Campaign id 1431883250
01/07 17:24:30 INFO naive.NaiveAgent|Day 14: Updated 36 Bid Bundle entries for Campaign id 1391631224
01/07 17:24:30 INFO naive.NaiveAgent|Day 14: Updated 36 Bid Bundle entries for Campaign id 782857784
01/07 17:24:30 INFO naive.NaiveAgent|Day 14: Sending BidBundle
01/07 17:24:30 INFO naive.NaiveAgent|Day 14 ended. Starting next day
01/07 17:24:35 INFO naive.NaiveAgent|Day 15 :BankStatus[4.783894]
01/07 17:24:35 INFO naive.NaiveAgent|Day 15: Updating campaign 1431883250 stats: 5005.0 tgtImps 123285.0 nonTgtImps. Cost of imps is 0.14059246004980436
01/07 17:24:35 INFO naive.NaiveAgent|Day 15: Updating campaign 1391631224 stats: 2502.0 tgtImps 5543.0 nonTgtImps. Cost of imps is 0.00933719777336608
01/07 17:24:35 INFO naive.NaiveAgent|Day 15: Daily notification for campaign 737937721
01/07 17:24:35 INFO naive.NaiveAgent|Day 15:  allocated to DummyAdnetwork. UCS Level set to 0.6561000000000001 at price 0.08022799468791092 Qualit Score is: 0.832508923894363
01/07 17:24:35 INFO naive.NaiveAgent|Day 15: Campaign opportunity - Campaign ID 2028027304: day 17 to 19 [MALE, LOW_INCOME], reach: 5000 coefs: (v=2.0, m=1.5)
01/07 17:24:35 INFO naive.NaiveAgent|This is the value of cmpBid: 1
01/07 17:24:35 INFO naive.NaiveAgent|Day 15: Campaign total budget bid: 0.0010
01/07 17:24:35 INFO naive.NaiveAgent|Day 15: Adjusting ucs bid: was 0.1118481490246217 level reported: 0.6561000000000001 target: 0.7 adjusted: 0.11675828276680257
01/07 17:24:35 INFO naive.NaiveAgent|Day 15 : Simulation Status Received
01/07 17:24:35 INFO naive.NaiveAgent|Day 15: Updated 36 Bid Bundle entries for Campaign id 1391631224
01/07 17:24:35 INFO naive.NaiveAgent|Day 15: Updated 36 Bid Bundle entries for Campaign id 782857784
01/07 17:24:35 INFO naive.NaiveAgent|Day 15: Sending BidBundle
01/07 17:24:35 INFO naive.NaiveAgent|Day 15 ended. Starting next day
01/07 17:24:44 INFO naive.NaiveAgent|Day 16 :BankStatus[5.234966]
01/07 17:24:44 INFO naive.NaiveAgent|Day 16: Updating campaign 782857784 stats: 0.0 tgtImps 0.0 nonTgtImps. Cost of imps is 0.0
01/07 17:24:44 INFO naive.NaiveAgent|Day 16: Updating campaign 1391631224 stats: 2502.0 tgtImps 5543.0 nonTgtImps. Cost of imps is 0.00933719777336608
01/07 17:24:44 INFO naive.NaiveAgent|Day 16: Daily notification for campaign 2028027304
01/07 17:24:44 INFO naive.NaiveAgent|Day 16:  WON at cost 0.5536184343897513. UCS Level set to 0.6561000000000001 at price 0.07433814013082551 Qualit Score is: 0.9335790203574508
01/07 17:24:44 INFO naive.NaiveAgent|Day 16: Campaign opportunity - Campaign ID 491929303: day 18 to 22 [YOUNG, MALE], reach: 15000 coefs: (v=2.0, m=1.5)
01/07 17:24:44 INFO naive.NaiveAgent|This is the value of cmpBid: 1
01/07 17:24:44 INFO naive.NaiveAgent|Day 16: Campaign total budget bid: 0.0010
01/07 17:24:44 INFO naive.NaiveAgent|Day 16: Adjusting ucs bid: was 0.11675828276680257 level reported: 0.6561000000000001 target: 0.7 adjusted: 0.12188397138026519
01/07 17:24:44 INFO naive.NaiveAgent|Day 16 : AdNetworkReport
01/07 17:24:44 INFO naive.NaiveAgent|Day 16 : Simulation Status Received
01/07 17:24:44 INFO naive.NaiveAgent|Day 16: Updated 36 Bid Bundle entries for Campaign id 1391631224
01/07 17:24:44 INFO naive.NaiveAgent|Day 16: Updated 36 Bid Bundle entries for Campaign id 782857784
01/07 17:24:44 INFO naive.NaiveAgent|Day 16: Updated 36 Bid Bundle entries for Campaign id 2028027304
01/07 17:24:44 INFO naive.NaiveAgent|Day 16: Sending BidBundle
01/07 17:24:44 INFO naive.NaiveAgent|Day 16 ended. Starting next day
01/07 17:24:54 INFO naive.NaiveAgent|Day 17 :BankStatus[5.659849]
01/07 17:24:54 INFO naive.NaiveAgent|Day 17: Updating campaign 782857784 stats: 2501.0 tgtImps 4061.0 nonTgtImps. Cost of imps is 0.007216966252120412
01/07 17:24:54 INFO naive.NaiveAgent|Day 17: Updating campaign 1391631224 stats: 3754.0 tgtImps 8076.0 nonTgtImps. Cost of imps is 0.013775462309060722
01/07 17:24:54 INFO naive.NaiveAgent|Day 17: Daily notification for campaign 491929303
01/07 17:24:54 INFO naive.NaiveAgent|Day 17:  WON at cost 1.2486619397280903. UCS Level set to 0.5904900000000002 at price 0.06801571147994714 Qualit Score is: 0.9335790203574508
01/07 17:24:54 INFO naive.NaiveAgent|Day 17: Campaign opportunity - Campaign ID 1029681343: day 19 to 28 [OLD, LOW_INCOME], reach: 15000 coefs: (v=2.0, m=1.5)
01/07 17:24:54 INFO naive.NaiveAgent|This is the value of cmpBid: 1
01/07 17:24:54 INFO naive.NaiveAgent|Day 17: Campaign total budget bid: 0.0010
01/07 17:24:54 INFO naive.NaiveAgent|Day 17: Adjusting ucs bid: was 0.12188397138026519 level reported: 0.5904900000000002 target: 0.7 adjusted: 0.13523148508611801
01/07 17:24:54 INFO naive.NaiveAgent|Day 17 : AdNetworkReport
01/07 17:24:54 INFO naive.NaiveAgent|Day 17 : Simulation Status Received
01/07 17:24:54 INFO naive.NaiveAgent|Day 17: Updated 36 Bid Bundle entries for Campaign id 491929303
01/07 17:24:54 INFO naive.NaiveAgent|Day 17: Updated 36 Bid Bundle entries for Campaign id 1391631224
01/07 17:24:54 INFO naive.NaiveAgent|Day 17: Updated 36 Bid Bundle entries for Campaign id 2028027304
01/07 17:24:54 INFO naive.NaiveAgent|Day 17: Sending BidBundle
01/07 17:24:54 INFO naive.NaiveAgent|Day 17 ended. Starting next day
01/07 17:25:05 INFO naive.NaiveAgent|Day 18 :BankStatus[5.557854]
01/07 17:25:05 INFO naive.NaiveAgent|Day 18: Updating campaign 2028027304 stats: 2503.0 tgtImps 41.0 nonTgtImps. Cost of imps is 0.0028920004895289127
01/07 17:25:05 INFO naive.NaiveAgent|Day 18: Updating campaign 1391631224 stats: 5007.0 tgtImps 9699.0 nonTgtImps. Cost of imps is 0.01716829350470676
01/07 17:25:05 INFO naive.NaiveAgent|Day 18: Daily notification for campaign 1029681343
01/07 17:25:05 INFO naive.NaiveAgent|Day 18:  WON at cost 2.478652299049032. UCS Level set to 0.7290000000000001 at price 0.09353146294157445 Qualit Score is: 0.9738874993912079
01/07 17:25:05 INFO naive.NaiveAgent|Day 18: Campaign opportunity - Campaign ID 1091464902: day 20 to 22 [FEMALE, LOW_INCOME], reach: 15000 coefs: (v=2.0, m=1.5)
01/07 17:25:05 INFO naive.NaiveAgent|This is the value of cmpBid: 1
01/07 17:25:05 INFO naive.NaiveAgent|Day 18: Campaign total budget bid: 0.0010
01/07 17:25:05 INFO naive.NaiveAgent|Day 18: Adjusting ucs bid: was 0.13523148508611801 level reported: 0.7290000000000001 target: 0.7 adjusted: 0.12691678492692612
01/07 17:25:06 INFO naive.NaiveAgent|Day 18 : AdNetworkReport
01/07 17:25:06 INFO naive.NaiveAgent|Day 18 : Simulation Status Received
01/07 17:25:06 INFO naive.NaiveAgent|Day 18: Updated 36 Bid Bundle entries for Campaign id 1029681343
01/07 17:25:06 INFO naive.NaiveAgent|Day 18: Updated 36 Bid Bundle entries for Campaign id 491929303
01/07 17:25:06 INFO naive.NaiveAgent|Day 18: Updated 36 Bid Bundle entries for Campaign id 2028027304
01/07 17:25:06 INFO naive.NaiveAgent|Day 18: Sending BidBundle
01/07 17:25:06 INFO naive.NaiveAgent|Day 18 ended. Starting next day
01/07 17:25:17 INFO naive.NaiveAgent|Day 19 :BankStatus[5.703112]
01/07 17:25:17 INFO naive.NaiveAgent|Day 19: Updating campaign 491929303 stats: 7503.0 tgtImps 11163.0 nonTgtImps. Cost of imps is 0.019999006915480587
01/07 17:25:17 INFO naive.NaiveAgent|Day 19: Updating campaign 2028027304 stats: 5008.0 tgtImps 52.0 nonTgtImps. Cost of imps is 0.004998013356472597
01/07 17:25:17 INFO naive.NaiveAgent|Day 19: Daily notification for campaign 1091464902
01/07 17:25:17 INFO naive.NaiveAgent|Day 19:  WON at cost 3.481647810323568. UCS Level set to 0.81 at price 0.10260358848243241 Qualit Score is: 1.0491997649020597
01/07 17:25:17 INFO naive.NaiveAgent|Day 19: Campaign opportunity - Campaign ID 1141124529: day 21 to 25 [MALE, LOW_INCOME], reach: 15000 coefs: (v=2.0, m=1.5)
01/07 17:25:17 INFO naive.NaiveAgent|This is the value of cmpBid: 1
01/07 17:25:17 INFO naive.NaiveAgent|Day 19: Campaign total budget bid: 0.0010
01/07 17:25:17 INFO naive.NaiveAgent|Day 19: Adjusting ucs bid: was 0.12691678492692612 level reported: 0.81 target: 0.7 adjusted: 0.11295593858496424
01/07 17:25:17 INFO naive.NaiveAgent|Day 19 : AdNetworkReport
01/07 17:25:17 INFO naive.NaiveAgent|Day 19 : Simulation Status Received
01/07 17:25:17 INFO naive.NaiveAgent|Day 19: Updated 36 Bid Bundle entries for Campaign id 1091464902
01/07 17:25:17 INFO naive.NaiveAgent|Day 19: Updated 36 Bid Bundle entries for Campaign id 1029681343
01/07 17:25:17 INFO naive.NaiveAgent|Day 19: Updated 36 Bid Bundle entries for Campaign id 491929303
01/07 17:25:17 INFO naive.NaiveAgent|Day 19: Sending BidBundle
01/07 17:25:17 INFO naive.NaiveAgent|Day 19 ended. Starting next day
01/07 17:25:40 INFO naive.NaiveAgent|Day 20 :BankStatus[5.884419]
01/07 17:25:40 INFO naive.NaiveAgent|Day 20: Updating campaign 1029681343 stats: 7504.0 tgtImps 830.0 nonTgtImps. Cost of imps is 0.008049126403832199
01/07 17:25:40 INFO naive.NaiveAgent|Day 20: Updating campaign 491929303 stats: 15005.0 tgtImps 25897.0 nonTgtImps. Cost of imps is 0.04652122504140879
01/07 17:25:40 INFO naive.NaiveAgent|Day 20: Daily notification for campaign 1141124529
01/07 17:25:40 INFO naive.NaiveAgent|Day 20:  WON at cost 1.5606846502918137. UCS Level set to 0.5314410000000002 at price 0.05835050448421186 Qualit Score is: 1.0206134497884034
01/07 17:25:40 INFO naive.NaiveAgent|Day 20: Campaign opportunity - Campaign ID 12723778: day 22 to 31 [FEMALE, YOUNG], reach: 10000 coefs: (v=2.0, m=1.5)
01/07 17:25:40 INFO naive.NaiveAgent|This is the value of cmpBid: 1
01/07 17:25:40 INFO naive.NaiveAgent|Day 20: Campaign total budget bid: 0.0010
01/07 17:25:40 INFO naive.NaiveAgent|Day 20: Adjusting ucs bid: was 0.11295593858496424 level reported: 0.5314410000000002 target: 0.7 adjusted: 0.1319956786369072
01/07 17:26:33 INFO naive.NaiveAgent|Day 20 : AdNetworkReport
01/07 17:26:33 INFO naive.NaiveAgent|Day 20 : Simulation Status Received
01/07 17:26:33 INFO naive.NaiveAgent|Day 20: Updated 36 Bid Bundle entries for Campaign id 1091464902
01/07 17:26:33 INFO naive.NaiveAgent|Day 20: Updated 36 Bid Bundle entries for Campaign id 1029681343
01/07 17:26:33 INFO naive.NaiveAgent|Day 20: Updated 36 Bid Bundle entries for Campaign id 491929303
01/07 17:26:33 INFO naive.NaiveAgent|Day 20: Updated 36 Bid Bundle entries for Campaign id 1141124529
01/07 17:26:33 INFO naive.NaiveAgent|Day 20: Sending BidBundle
01/07 17:26:33 INFO naive.NaiveAgent|Day 20 ended. Starting next day
01/07 17:26:34 INFO naive.NaiveAgent|Day 21 :BankStatus[6.256573]
01/07 17:26:34 INFO naive.NaiveAgent|Day 21: Updating campaign 1029681343 stats: 15009.0 tgtImps 18891.0 nonTgtImps. Cost of imps is 0.03732322763793449
01/07 17:26:34 INFO naive.NaiveAgent|Day 21: Updating campaign 491929303 stats: 18754.0 tgtImps 38161.0 nonTgtImps. Cost of imps is 0.06409967039031982
01/07 17:26:34 INFO naive.NaiveAgent|Day 21: Updating campaign 1091464902 stats: 4893.0 tgtImps 126962.0 nonTgtImps. Cost of imps is 0.14209915479627544
01/07 17:26:34 INFO naive.NaiveAgent|Day 21: Daily notification for campaign 12723778
01/07 17:26:34 INFO naive.NaiveAgent|Day 21:  allocated to . UCS Level set to 0.5314410000000002 at price 0.05835050448421186 Qualit Score is: 1.0206134497884034
01/07 17:26:34 INFO naive.NaiveAgent|Day 21: Campaign opportunity - Campaign ID 2066109198: day 23 to 32 [OLD, MALE], reach: 10000 coefs: (v=2.0, m=1.5)
01/07 17:26:34 INFO naive.NaiveAgent|This is the value of cmpBid: 1
01/07 17:26:34 INFO naive.NaiveAgent|Day 21: Campaign total budget bid: 0.0010
01/07 17:26:34 INFO naive.NaiveAgent|Day 21: Adjusting ucs bid: was 0.1319956786369072 level reported: 0.5314410000000002 target: 0.7 adjusted: 0.1542447382322656
01/07 17:27:22 INFO naive.NaiveAgent|Day 21 : AdNetworkReport
01/07 17:27:22 INFO naive.NaiveAgent|Day 21 : Simulation Status Received
01/07 17:27:22 INFO naive.NaiveAgent|Day 21: Updated 36 Bid Bundle entries for Campaign id 1091464902
01/07 17:27:22 INFO naive.NaiveAgent|Day 21: Updated 36 Bid Bundle entries for Campaign id 1029681343
01/07 17:27:22 INFO naive.NaiveAgent|Day 21: Updated 36 Bid Bundle entries for Campaign id 491929303
01/07 17:27:22 INFO naive.NaiveAgent|Day 21: Updated 36 Bid Bundle entries for Campaign id 1141124529
01/07 17:27:22 INFO naive.NaiveAgent|Day 21: Sending BidBundle
01/07 17:27:22 INFO naive.NaiveAgent|Day 21 ended. Starting next day
01/07 17:27:24 INFO naive.NaiveAgent|Day 22 :BankStatus[6.078607]
01/07 17:27:24 INFO naive.NaiveAgent|Day 22: Updating campaign 1029681343 stats: 15009.0 tgtImps 18891.0 nonTgtImps. Cost of imps is 0.03732322763793449
01/07 17:27:24 INFO naive.NaiveAgent|Day 22: Updating campaign 491929303 stats: 18754.0 tgtImps 38161.0 nonTgtImps. Cost of imps is 0.06409967039031982
01/07 17:27:24 INFO naive.NaiveAgent|Day 22: Updating campaign 1091464902 stats: 11863.0 tgtImps 288959.0 nonTgtImps. Cost of imps is 0.32232861601952206
01/07 17:27:24 INFO naive.NaiveAgent|Day 22: Updating campaign 1141124529 stats: 0.0 tgtImps 0.0 nonTgtImps. Cost of imps is 0.0
01/07 17:27:24 INFO naive.NaiveAgent|Day 22: Daily notification for campaign 2066109198
01/07 17:27:24 INFO naive.NaiveAgent|Day 22:  allocated to . UCS Level set to 0.5314410000000002 at price 0.05835050448421186 Qualit Score is: 1.0206134497884034
01/07 17:27:24 INFO naive.NaiveAgent|Day 22: Campaign opportunity - Campaign ID 538587647: day 24 to 28 [OLD, MALE], reach: 10000 coefs: (v=2.0, m=1.5)
01/07 17:27:24 INFO naive.NaiveAgent|This is the value of cmpBid: 1
01/07 17:27:24 INFO naive.NaiveAgent|Day 22: Campaign total budget bid: 0.0010
01/07 17:27:24 INFO naive.NaiveAgent|Day 22: Adjusting ucs bid: was 0.1542447382322656 level reported: 0.5314410000000002 target: 0.7 adjusted: 0.1659484948545587
01/07 17:28:28 INFO naive.NaiveAgent|Day 22 : AdNetworkReport
01/07 17:28:28 INFO naive.NaiveAgent|Day 22 : Simulation Status Received
01/07 17:28:28 INFO naive.NaiveAgent|Day 22: Updated 36 Bid Bundle entries for Campaign id 1029681343
01/07 17:28:28 INFO naive.NaiveAgent|Day 22: Updated 36 Bid Bundle entries for Campaign id 1141124529
01/07 17:28:28 INFO naive.NaiveAgent|Day 22: Sending BidBundle
01/07 17:28:28 INFO naive.NaiveAgent|Day 22 ended. Starting next day
01/07 17:28:31 INFO naive.NaiveAgent|Day 23 :BankStatus[5.861904]
01/07 17:28:31 INFO naive.NaiveAgent|Day 23: Updating campaign 1029681343 stats: 15009.0 tgtImps 18891.0 nonTgtImps. Cost of imps is 0.03732322763793449
01/07 17:28:31 INFO naive.NaiveAgent|Day 23: Updating campaign 1141124529 stats: 0.0 tgtImps 0.0 nonTgtImps. Cost of imps is 0.0
01/07 17:28:31 INFO naive.NaiveAgent|Day 23: Daily notification for campaign 538587647
01/07 17:28:31 INFO naive.NaiveAgent|Day 23:  allocated to . UCS Level set to 0.7290000000000001 at price 0.09128426829843059 Qualit Score is: 1.1203291662902726
01/07 17:28:31 INFO naive.NaiveAgent|Day 23: Campaign opportunity - Campaign ID 1630616107: day 25 to 27 [YOUNG, LOW_INCOME], reach: 5000 coefs: (v=2.0, m=1.5)
01/07 17:28:31 INFO naive.NaiveAgent|This is the value of cmpBid: 1
01/07 17:28:31 INFO naive.NaiveAgent|Day 23: Campaign total budget bid: 0.0010
01/07 17:28:31 INFO naive.NaiveAgent|Day 23: Adjusting ucs bid: was 0.1659484948545587 level reported: 0.7290000000000001 target: 0.7 adjusted: 0.10947303516126658
01/07 17:29:14 INFO naive.NaiveAgent|Day 23 : AdNetworkReport
01/07 17:29:14 INFO naive.NaiveAgent|Day 23 : Simulation Status Received
01/07 17:29:14 INFO naive.NaiveAgent|Day 23: Updated 36 Bid Bundle entries for Campaign id 1029681343
01/07 17:29:14 INFO naive.NaiveAgent|Day 23: Updated 36 Bid Bundle entries for Campaign id 1141124529
01/07 17:29:14 INFO naive.NaiveAgent|Day 23: Sending BidBundle
01/07 17:29:14 INFO naive.NaiveAgent|Day 23 ended. Starting next day
01/07 17:29:16 INFO naive.NaiveAgent|Day 24 :BankStatus[11.059999]
01/07 17:29:16 INFO naive.NaiveAgent|Day 24: Updating campaign 1029681343 stats: 15009.0 tgtImps 18891.0 nonTgtImps. Cost of imps is 0.03732322763793449
01/07 17:29:16 INFO naive.NaiveAgent|Day 24: Updating campaign 1141124529 stats: 0.0 tgtImps 0.0 nonTgtImps. Cost of imps is 0.0
01/07 17:29:16 INFO naive.NaiveAgent|Day 24: Daily notification for campaign 1630616107
01/07 17:29:16 INFO naive.NaiveAgent|Day 24:  allocated to . UCS Level set to 0.7290000000000001 at price 0.09128426829843059 Qualit Score is: 1.1203291662902726
01/07 17:29:16 INFO naive.NaiveAgent|Day 24: Campaign opportunity - Campaign ID 688578796: day 26 to 30 [HIGH_INCOME, YOUNG], reach: 10000 coefs: (v=2.0, m=1.5)
01/07 17:29:16 INFO naive.NaiveAgent|This is the value of cmpBid: 1
01/07 17:29:16 INFO naive.NaiveAgent|Day 24: Campaign total budget bid: 0.0010
01/07 17:29:16 INFO naive.NaiveAgent|Day 24: Adjusting ucs bid: was 0.10947303516126658 level reported: 0.7290000000000001 target: 0.7 adjusted: 0.10629831714158984
01/07 17:30:24 INFO naive.NaiveAgent|Day 24 : AdNetworkReport
01/07 17:30:24 INFO naive.NaiveAgent|Day 24 : Simulation Status Received
01/07 17:30:24 INFO naive.NaiveAgent|Day 24: Updated 36 Bid Bundle entries for Campaign id 1029681343
01/07 17:30:24 INFO naive.NaiveAgent|Day 24: Updated 36 Bid Bundle entries for Campaign id 1141124529
01/07 17:30:24 INFO naive.NaiveAgent|Day 24: Sending BidBundle
01/07 17:30:24 INFO naive.NaiveAgent|Day 24 ended. Starting next day
01/07 17:30:27 INFO naive.NaiveAgent|Day 25 :BankStatus[10.881752]
01/07 17:30:27 INFO naive.NaiveAgent|Day 25: Updating campaign 1029681343 stats: 15009.0 tgtImps 18891.0 nonTgtImps. Cost of imps is 0.03732322763793449
01/07 17:30:27 INFO naive.NaiveAgent|Day 25: Updating campaign 1141124529 stats: 0.0 tgtImps 0.0 nonTgtImps. Cost of imps is 0.0
01/07 17:30:27 INFO naive.NaiveAgent|Day 25: Daily notification for campaign 688578796
01/07 17:30:27 INFO naive.NaiveAgent|Day 25:  allocated to . UCS Level set to 0.7290000000000001 at price 0.09128426829843059 Qualit Score is: 1.1203291662902726
01/07 17:30:27 INFO naive.NaiveAgent|Day 25: Campaign opportunity - Campaign ID 1314328813: day 27 to 36 [HIGH_INCOME, FEMALE], reach: 5000 coefs: (v=2.0, m=1.5)
01/07 17:30:27 INFO naive.NaiveAgent|This is the value of cmpBid: 1
01/07 17:30:27 INFO naive.NaiveAgent|Day 25: Campaign total budget bid: 0.0010
01/07 17:30:27 INFO naive.NaiveAgent|Day 25: Adjusting ucs bid: was 0.10629831714158984 level reported: 0.7290000000000001 target: 0.7 adjusted: 0.10321566594448373
01/07 17:30:40 INFO naive.NaiveAgent|Day 25 : AdNetworkReport
01/07 17:30:40 INFO naive.NaiveAgent|Day 25 : Simulation Status Received
01/07 17:30:40 INFO naive.NaiveAgent|Day 25: Updated 36 Bid Bundle entries for Campaign id 1029681343
01/07 17:30:40 INFO naive.NaiveAgent|Day 25: Sending BidBundle
01/07 17:30:40 INFO naive.NaiveAgent|Day 25 ended. Starting next day
01/07 17:30:42 INFO naive.NaiveAgent|Day 26 :BankStatus[10.698465]
01/07 17:30:42 INFO naive.NaiveAgent|Day 26: Updating campaign 1029681343 stats: 15009.0 tgtImps 18891.0 nonTgtImps. Cost of imps is 0.03732322763793449
01/07 17:30:42 INFO naive.NaiveAgent|Day 26: Daily notification for campaign 1314328813
01/07 17:30:42 INFO naive.NaiveAgent|Day 26:  allocated to . UCS Level set to 0.7290000000000001 at price 0.09128426829843059 Qualit Score is: 0.44813166651610903
01/07 17:30:42 INFO naive.NaiveAgent|Day 26: Campaign opportunity - Campaign ID 605111963: day 28 to 37 [OLD, LOW_INCOME], reach: 15000 coefs: (v=2.0, m=1.5)
01/07 17:30:42 INFO naive.NaiveAgent|This is the value of cmpBid: 1
01/07 17:30:42 INFO naive.NaiveAgent|Day 26: Campaign total budget bid: 0.0010
01/07 17:30:42 INFO naive.NaiveAgent|Day 26: Adjusting ucs bid: was 0.10321566594448373 level reported: 0.7290000000000001 target: 0.7 adjusted: 0.10022241163209368
01/07 17:30:51 INFO naive.NaiveAgent|Day 26 : AdNetworkReport
01/07 17:30:51 INFO naive.NaiveAgent|Day 26 : Simulation Status Received
01/07 17:30:51 INFO naive.NaiveAgent|Day 26: Updated 36 Bid Bundle entries for Campaign id 1029681343
01/07 17:30:51 INFO naive.NaiveAgent|Day 26: Sending BidBundle
01/07 17:30:51 INFO naive.NaiveAgent|Day 26 ended. Starting next day
01/07 17:30:53 INFO naive.NaiveAgent|Day 27 :BankStatus[10.524776]
01/07 17:30:53 INFO naive.NaiveAgent|Day 27: Updating campaign 1029681343 stats: 15009.0 tgtImps 18891.0 nonTgtImps. Cost of imps is 0.03732322763793449
01/07 17:30:53 INFO naive.NaiveAgent|Day 27: Daily notification for campaign 605111963
01/07 17:30:53 INFO naive.NaiveAgent|Day 27:  allocated to . UCS Level set to 0.7290000000000001 at price 0.09128426829843059 Qualit Score is: 0.44813166651610903
01/07 17:30:53 INFO naive.NaiveAgent|Day 27: Campaign opportunity - Campaign ID 1057878957: day 29 to 31 [HIGH_INCOME, MALE], reach: 15000 coefs: (v=2.0, m=1.5)
01/07 17:30:53 INFO naive.NaiveAgent|This is the value of cmpBid: 1
01/07 17:30:53 INFO naive.NaiveAgent|Day 27: Campaign total budget bid: 0.0010
01/07 17:30:53 INFO naive.NaiveAgent|Day 27: Adjusting ucs bid: was 0.10022241163209368 level reported: 0.7290000000000001 target: 0.7 adjusted: 0.09731596169476295
01/07 17:31:05 INFO naive.NaiveAgent|Day 27 : AdNetworkReport
01/07 17:31:05 INFO naive.NaiveAgent|Day 27 : Simulation Status Received
01/07 17:31:05 INFO naive.NaiveAgent|Day 27: Updated 36 Bid Bundle entries for Campaign id 1029681343
01/07 17:31:05 INFO naive.NaiveAgent|Day 27: Sending BidBundle
01/07 17:31:05 INFO naive.NaiveAgent|Day 27 ended. Starting next day
01/07 17:31:13 INFO naive.NaiveAgent|Day 28 :BankStatus[10.359007]
01/07 17:31:13 INFO naive.NaiveAgent|Day 28: Updating campaign 1029681343 stats: 15009.0 tgtImps 18891.0 nonTgtImps. Cost of imps is 0.03732322763793449
01/07 17:31:13 INFO naive.NaiveAgent|Day 28: Daily notification for campaign 1057878957
01/07 17:31:13 INFO naive.NaiveAgent|Day 28:  allocated to . UCS Level set to 0.9 at price 0.11626180227697722 Qualit Score is: 0.44813166651610903
01/07 17:31:13 INFO naive.NaiveAgent|Day 28: Campaign opportunity - Campaign ID 789768012: day 30 to 32 [YOUNG, LOW_INCOME], reach: 10000 coefs: (v=2.0, m=1.5)
01/07 17:31:13 INFO naive.NaiveAgent|This is the value of cmpBid: 1
01/07 17:31:13 INFO naive.NaiveAgent|Day 28: Campaign total budget bid: 0.0010
01/07 17:31:13 INFO naive.NaiveAgent|Day 28: Adjusting ucs bid: was 0.09731596169476295 level reported: 0.9 target: 0.7 adjusted: 0.07785276935581036
01/07 17:31:20 INFO naive.NaiveAgent|Day 28 : AdNetworkReport
01/07 17:31:20 INFO naive.NaiveAgent|Day 28 : Simulation Status Received
01/07 17:31:20 INFO naive.NaiveAgent|Day 28: Sending BidBundle
01/07 17:31:20 INFO naive.NaiveAgent|Day 28 ended. Starting next day
01/07 17:31:23 INFO naive.NaiveAgent|Day 29 :BankStatus[10.208744]
01/07 17:31:23 INFO naive.NaiveAgent|Day 29: Daily notification for campaign 789768012
01/07 17:31:23 INFO naive.NaiveAgent|Day 29:  allocated to . UCS Level set to 0.9 at price 0.11626180227697722 Qualit Score is: 0.8751341565171191
01/07 17:31:23 INFO naive.NaiveAgent|Day 29: Campaign opportunity - Campaign ID 1429967188: day 31 to 40 [OLD, LOW_INCOME], reach: 5000 coefs: (v=2.0, m=1.5)
01/07 17:31:23 INFO naive.NaiveAgent|This is the value of cmpBid: 1
01/07 17:31:23 INFO naive.NaiveAgent|Day 29: Campaign total budget bid: 0.0010
01/07 17:31:23 INFO naive.NaiveAgent|Day 29: Adjusting ucs bid: was 0.07785276935581036 level reported: 0.9 target: 0.7 adjusted: 0.06228221548464828
01/07 17:31:35 INFO naive.NaiveAgent|Day 29 : AdNetworkReport
01/07 17:31:35 INFO naive.NaiveAgent|Day 29 : Simulation Status Received
01/07 17:31:35 INFO naive.NaiveAgent|Day 29: Sending BidBundle
01/07 17:31:35 INFO naive.NaiveAgent|Day 29 ended. Starting next day
01/07 17:31:38 INFO naive.NaiveAgent|Day 30 :BankStatus[12.908134]
01/07 17:31:38 INFO naive.NaiveAgent|Day 30: Daily notification for campaign 1429967188
01/07 17:31:38 INFO naive.NaiveAgent|Day 30:  allocated to . UCS Level set to 0.9 at price 0.11626180227697722 Qualit Score is: 0.8751341565171191
01/07 17:31:38 INFO naive.NaiveAgent|Day 30: Campaign opportunity - Campaign ID 171619544: day 32 to 41 [HIGH_INCOME, OLD], reach: 10000 coefs: (v=2.0, m=1.5)
01/07 17:31:38 INFO naive.NaiveAgent|This is the value of cmpBid: 1
01/07 17:31:38 INFO naive.NaiveAgent|Day 30: Campaign total budget bid: 0.0010
01/07 17:31:38 INFO naive.NaiveAgent|Day 30: Adjusting ucs bid: was 0.06228221548464828 level reported: 0.9 target: 0.7 adjusted: 0.04982577238771862
01/07 17:31:49 INFO naive.NaiveAgent|Day 30 : AdNetworkReport
01/07 17:31:49 INFO naive.NaiveAgent|Day 30 : Simulation Status Received
01/07 17:31:49 INFO naive.NaiveAgent|Day 30: Sending BidBundle
01/07 17:31:49 INFO naive.NaiveAgent|Day 30 ended. Starting next day
01/07 17:31:51 INFO naive.NaiveAgent|Day 31 :BankStatus[12.754499]
01/07 17:31:51 INFO naive.NaiveAgent|Day 31: Daily notification for campaign 171619544
01/07 17:31:51 INFO naive.NaiveAgent|Day 31:  allocated to . UCS Level set to 0.9 at price 0.11626180227697722 Qualit Score is: 0.8751341565171191
01/07 17:31:51 INFO naive.NaiveAgent|Day 31: Campaign opportunity - Campaign ID 2099286112: day 33 to 42 [FEMALE, OLD], reach: 5000 coefs: (v=2.0, m=1.5)
01/07 17:31:51 INFO naive.NaiveAgent|This is the value of cmpBid: 1
01/07 17:31:51 INFO naive.NaiveAgent|Day 31: Campaign total budget bid: 0.0010
01/07 17:31:51 INFO naive.NaiveAgent|Day 31: Adjusting ucs bid: was 0.04982577238771862 level reported: 0.9 target: 0.7 adjusted: 0.039860617910174895
01/07 17:32:04 INFO naive.NaiveAgent|Day 31 : AdNetworkReport
01/07 17:32:04 INFO naive.NaiveAgent|Day 31 : Simulation Status Received
01/07 17:32:04 INFO naive.NaiveAgent|Day 31: Sending BidBundle
01/07 17:32:04 INFO naive.NaiveAgent|Day 31 ended. Starting next day
01/07 17:32:06 INFO naive.NaiveAgent|Day 32 :BankStatus[12.565234]
01/07 17:32:06 INFO naive.NaiveAgent|Day 32: Daily notification for campaign 2099286112
01/07 17:32:06 INFO naive.NaiveAgent|Day 32:  allocated to . UCS Level set to 0.9 at price 0.11626180227697722 Qualit Score is: 0.8751341565171191
01/07 17:32:06 INFO naive.NaiveAgent|Day 32: Campaign opportunity - Campaign ID 565840041: day 34 to 38 [HIGH_INCOME, FEMALE], reach: 10000 coefs: (v=2.0, m=1.5)
01/07 17:32:06 INFO naive.NaiveAgent|This is the value of cmpBid: 1
01/07 17:32:06 INFO naive.NaiveAgent|Day 32: Campaign total budget bid: 0.0010
01/07 17:32:06 INFO naive.NaiveAgent|Day 32: Adjusting ucs bid: was 0.039860617910174895 level reported: 0.9 target: 0.7 adjusted: 0.031888494328139914
01/07 17:32:15 INFO naive.NaiveAgent|Day 32 : AdNetworkReport
01/07 17:32:15 INFO naive.NaiveAgent|Day 32 : Simulation Status Received
01/07 17:32:15 INFO naive.NaiveAgent|Day 32: Sending BidBundle
01/07 17:32:15 INFO naive.NaiveAgent|Day 32 ended. Starting next day
01/07 17:32:18 INFO naive.NaiveAgent|Day 33 :BankStatus[12.398996]
01/07 17:32:18 INFO naive.NaiveAgent|Day 33: Daily notification for campaign 565840041
01/07 17:32:18 INFO naive.NaiveAgent|Day 33:  allocated to . UCS Level set to 0.9 at price 0.11886107328308879 Qualit Score is: 0.8751341565171191
01/07 17:32:18 INFO naive.NaiveAgent|Day 33: Campaign opportunity - Campaign ID 395954317: day 35 to 44 [OLD, LOW_INCOME], reach: 15000 coefs: (v=2.0, m=1.5)
01/07 17:32:18 INFO naive.NaiveAgent|This is the value of cmpBid: 1
01/07 17:32:18 INFO naive.NaiveAgent|Day 33: Campaign total budget bid: 0.0010
01/07 17:32:18 INFO naive.NaiveAgent|Day 33: Adjusting ucs bid: was 0.031888494328139914 level reported: 0.9 target: 0.7 adjusted: 0.02551079546251193
01/07 17:32:20 SEVERE agentware.SimClient|************************************************************
01/07 17:32:20 SEVERE agentware.SimClient|* Forced Simulation End
01/07 17:32:20 SEVERE agentware.SimClient|* forcing simulation to end at time unit 62 (max 61 time units)
01/07 17:32:20 SEVERE agentware.SimClient|************************************************************
