10/07 15:15:00 INFO naive.ReasonableBot|UNKNOWN Message Received: edu.umich.eecs.tac.props.AdvertiserInfo@bc76a1c1
10/07 15:15:00 INFO naive.ReasonableBot|1 DAY 0 bid: 1063 qs: 0.0
10/07 15:15:11 INFO naive.ReasonableBot|1 DAY 1 bid: 425 qs: 1.0
10/07 15:15:22 INFO naive.ReasonableBot|1 DAY 2 bid: 340 qs: 1.0
10/07 15:15:32 INFO naive.ReasonableBot|1 DAY 3 WON at cost 0.415
10/07 15:15:32 INFO naive.ReasonableBot|1 DAY 3 bid: 680 qs: 1.0
10/07 15:15:43 INFO naive.ReasonableBot|1 DAY 4 bid: 544 qs: 1.0
10/07 15:15:53 INFO naive.ReasonableBot|1 DAY 5 WON at cost 0.6639999999999999
10/07 15:15:53 INFO naive.ReasonableBot|1 DAY 5 bid: 816 qs: 1.0
10/07 15:16:03 INFO naive.ReasonableBot|1 DAY 6 bid: 435 qs: 1.0976794967487375
10/07 15:16:13 INFO naive.ReasonableBot|1 DAY 7 WON at cost 0.5315378480202367
10/07 15:16:13 INFO naive.ReasonableBot|1 DAY 7 bid: 653 qs: 1.0976794967487375
10/07 15:16:23 INFO naive.ReasonableBot|1 DAY 8 WON at cost 0.8808913488847612
10/07 15:16:23 INFO naive.ReasonableBot|1 DAY 8 bid: 595 qs: 1.0976794967487375
10/07 15:16:33 INFO naive.ReasonableBot|1 DAY 9 WON at cost 0.7150660685887659
10/07 15:16:33 INFO naive.ReasonableBot|1 DAY 9 bid: 297 qs: 0.8050803881700216
10/07 15:16:44 INFO naive.ReasonableBot|1 DAY 10 bid: 903 qs: 0.8050803881700216
10/07 15:16:55 INFO naive.ReasonableBot|1 DAY 11 bid: 1384 qs: 0.8050803881700216
10/07 15:17:10 INFO naive.ReasonableBot|1 DAY 12 bid: 656 qs: 0.4642067380010385
10/07 15:17:21 INFO naive.ReasonableBot|1 DAY 13 bid: 1050 qs: 0.26024927468690406
10/07 15:17:31 INFO naive.ReasonableBot|1 DAY 14 bid: 1260 qs: 0.26024927468690406
10/07 15:17:34 INFO naive.ReasonableBot|1 DAY 15 bid: 1008 qs: 0.26024927468690406
10/07 15:17:45 INFO naive.ReasonableBot|1 DAY 16 WON at cost 1.9544720528986494
10/07 15:17:45 INFO naive.ReasonableBot|1 DAY 16 bid: 1008 qs: 0.26024927468690406
10/07 15:17:56 INFO naive.ReasonableBot|1 DAY 17 bid: 806 qs: 0.26024927468690406
10/07 15:18:02 INFO naive.ReasonableBot|1 DAY 18 WON at cost 1.5614956481214242
10/07 15:18:02 INFO naive.ReasonableBot|1 DAY 18 bid: 537 qs: 0.26024927468690406
10/07 15:18:13 INFO naive.ReasonableBot|1 DAY 19 bid: 263 qs: 0.26024927468690406
10/07 15:18:23 INFO naive.ReasonableBot|1 DAY 20 bid: 265 qs: 0.7885403622350311
10/07 15:18:34 INFO naive.ReasonableBot|1 DAY 21 WON at cost 1.5252250537820544
10/07 15:18:34 INFO naive.ReasonableBot|1 DAY 21 bid: 344 qs: 0.7885403622350311
10/07 15:18:45 INFO naive.ReasonableBot|1 DAY 22 WON at cost 0.7123734382667577
10/07 15:18:45 INFO naive.ReasonableBot|1 DAY 22 bid: 829 qs: 0.7885403622350311
10/07 15:18:53 INFO naive.ReasonableBot|1 DAY 23 WON at cost 1.9531590850107874
10/07 15:18:53 INFO naive.ReasonableBot|1 DAY 23 bid: 998 qs: 0.7885403622350311
10/07 15:19:04 INFO naive.ReasonableBot|1 DAY 24 bid: 484 qs: 0.7885403622350311
10/07 15:19:38 INFO naive.ReasonableBot|1 DAY 25 bid: 657 qs: 0.7885403622350311
10/07 15:19:48 INFO naive.ReasonableBot|1 DAY 26 bid: 759 qs: 0.3154161448940125
10/07 15:19:54 INFO naive.ReasonableBot|1 DAY 27 bid: 1948 qs: 0.8220636409100124
10/07 15:19:54 INFO naive.ReasonableBot|1 DAY 28 bid: 988 qs: 0.8220636409100124
10/07 15:20:22 INFO naive.ReasonableBot|1 DAY 29 bid: 2372 qs: 1.1671516069699788
10/07 15:20:32 INFO naive.ReasonableBot|1 DAY 30 bid: 632 qs: 1.1671516069699788
10/07 15:20:32 INFO naive.ReasonableBot|1 DAY 31 bid: 1012 qs: 1.1671516069699788
10/07 15:20:33 INFO naive.ReasonableBot|1 DAY 32 bid: 809 qs: 1.162961526771328
10/07 15:20:36 INFO naive.ReasonableBot|1 DAY 33 bid: 971 qs: 1.162961526771328
10/07 15:20:41 INFO naive.ReasonableBot|1 DAY 34 bid: 777 qs: 1.162961526771328
10/07 15:20:53 INFO naive.ReasonableBot|1 DAY 35 bid: 414 qs: 1.162961526771328
10/07 15:21:03 INFO naive.ReasonableBot|1 DAY 36 bid: 165 qs: 1.162961526771328
10/07 15:21:13 INFO naive.ReasonableBot|1 DAY 37 bid: 398 qs: 1.162961526771328
10/07 15:21:24 INFO naive.ReasonableBot|1 DAY 38 WON at cost 0.5096507575549658
10/07 15:21:24 INFO naive.ReasonableBot|1 DAY 38 bid: 265 qs: 1.162961526771328
10/07 15:21:34 INFO naive.ReasonableBot|1 DAY 39 WON at cost 0.7375468918428596
10/07 15:21:34 INFO naive.ReasonableBot|1 DAY 39 bid: 265 qs: 1.162961526771328
10/07 15:21:44 INFO naive.ReasonableBot|1 DAY 40 WON at cost 1.0566826524037287
10/07 15:21:44 INFO naive.ReasonableBot|1 DAY 40 bid: 398 qs: 1.162961526771328
10/07 15:21:58 INFO naive.ReasonableBot|1 DAY 41 WON at cost 1.9020287743267121
10/07 15:21:58 INFO naive.ReasonableBot|1 DAY 41 bid: 185 qs: 1.162961526771328
10/07 15:22:07 INFO naive.ReasonableBot|1 DAY 42 WON at cost 0.7442953771336499
10/07 15:22:07 INFO naive.ReasonableBot|1 DAY 42 bid: 776 qs: 0.5387060916016589
10/07 15:22:17 INFO naive.ReasonableBot|1 DAY 43 WON at cost 1.6002089471260266
10/07 15:22:17 INFO naive.ReasonableBot|1 DAY 43 bid: 258 qs: 0.219636111355442
10/07 15:22:29 INFO naive.ReasonableBot|1 DAY 44 bid: 520 qs: 0.219636111355442
10/07 15:22:41 INFO naive.ReasonableBot|1 DAY 45 bid: 374 qs: 0.219636111355442
10/07 15:22:47 INFO naive.ReasonableBot|1 DAY 46 bid: 957 qs: 0.08785444454217681
10/07 15:22:57 INFO naive.ReasonableBot|1 DAY 47 bid: 481 qs: 0.7586379518530599
10/07 15:23:15 INFO naive.ReasonableBot|1 DAY 48 bid: 500 qs: 0.7586379518530599
10/07 15:23:53 INFO naive.ReasonableBot|1 DAY 51 bid: 768 qs: 0.8928694303967137
10/07 15:24:16 INFO naive.ReasonableBot|1 DAY 52 bid: 2214 qs: 0.8928694303967137
10/07 15:24:49 INFO naive.ReasonableBot|1 DAY 53 bid: 2275 qs: 0.8928694303967137
10/07 15:25:20 SEVERE agentware.SimClient|************************************************************
10/07 15:25:20 SEVERE agentware.SimClient|* Forced Simulation End
10/07 15:25:20 SEVERE agentware.SimClient|* forcing simulation to end at time unit 62 (max 61 time units)
10/07 15:25:20 SEVERE agentware.SimClient|************************************************************
