02/07 14:34:01 INFO naive.NaiveAgent|UNKNOWN Message Received: edu.umich.eecs.tac.props.AdvertiserInfo@bc76a1c1
02/07 14:34:02 INFO naive.NaiveAgent|Day 0 :BankStatus[0.000000]
02/07 14:34:02 INFO naive.NaiveAgent|tau.tac.adx.report.demand.InitialCampaignMessage[405305361,1250,1,5,[HIGH_INCOME, YOUNG],2.0,1.5,demand,[]]
02/07 14:34:02 INFO naive.NaiveAgent|Day 0: Allocated campaign - Campaign ID 405305361: day 1 to 5 [HIGH_INCOME, YOUNG], reach: 1250 coefs: (v=2.0, m=1.5)
02/07 14:34:02 INFO naive.NaiveAgent|Day 0: Campaign opportunity - Campaign ID 735700397: day 2 to 11 [LOW_INCOME, FEMALE], reach: 10000 coefs: (v=2.0, m=1.5)
02/07 14:34:02 INFO naive.NaiveAgent|This is the value of cmpBid: 1
02/07 14:34:02 INFO naive.NaiveAgent|Day 0: Campaign total budget bid: 0.0010
02/07 14:34:02 INFO naive.NaiveAgent|Day 0: Initial ucs bid is 0.11057298481074246
02/07 14:34:02 INFO naive.NaiveAgent|Day 0 : Simulation Status Received
02/07 14:34:02 INFO naive.NaiveAgent|Day 0: Updated 36 Bid Bundle entries for Campaign id 405305361
02/07 14:34:02 INFO naive.NaiveAgent|Day 0: Sending BidBundle
02/07 14:34:02 INFO naive.NaiveAgent|Day 0 ended. Starting next day
02/07 14:34:22 INFO naive.NaiveAgent|Day 1 :BankStatus[0.000000]
02/07 14:34:22 INFO naive.NaiveAgent|Day 1: Daily notification for campaign 735700397
02/07 14:34:22 INFO naive.NaiveAgent|Day 1:  WON at cost 0.092. UCS Level set to 0.5314410000000002 at price 0.05353394706764938 Qualit Score is: 1.0
02/07 14:34:22 INFO naive.NaiveAgent|Day 1: Campaign opportunity - Campaign ID 459973678: day 3 to 5 [FEMALE, OLD], reach: 10000 coefs: (v=2.0, m=1.5)
02/07 14:34:22 INFO naive.NaiveAgent|This is the value of cmpBid: 1
02/07 14:34:22 INFO naive.NaiveAgent|Day 1: Campaign total budget bid: 0.0010
02/07 14:34:22 INFO naive.NaiveAgent|Day 1: Adjusting ucs bid: was 0.11057298481074246 level reported: 0.5314410000000002 target: 0.6 adjusted: 0.11815375807638215
02/07 14:34:31 INFO naive.NaiveAgent|Day 1 : AdNetworkReport
02/07 14:34:31 INFO naive.NaiveAgent|Day 1 : Simulation Status Received
02/07 14:34:31 INFO naive.NaiveAgent|Day 1: Updated 36 Bid Bundle entries for Campaign id 735700397
02/07 14:34:31 INFO naive.NaiveAgent|Day 1: Updated 36 Bid Bundle entries for Campaign id 405305361
02/07 14:34:31 INFO naive.NaiveAgent|Day 1: Sending BidBundle
02/07 14:34:31 INFO naive.NaiveAgent|Day 1 ended. Starting next day
02/07 14:34:31 INFO naive.NaiveAgent|Day 2 :BankStatus[-0.433131]
02/07 14:34:31 INFO naive.NaiveAgent|Day 2: Updating campaign 405305361 stats: 628.0 tgtImps 164.0 nonTgtImps. Cost of imps is 0.326780671147305
02/07 14:34:31 INFO naive.NaiveAgent|Day 2: Daily notification for campaign 459973678
02/07 14:34:31 INFO naive.NaiveAgent|Day 2:  allocated to . UCS Level set to 0.5314410000000002 at price 0.05353394706764938 Qualit Score is: 1.0
02/07 14:34:31 INFO naive.NaiveAgent|Day 2: Campaign opportunity - Campaign ID 393040601: day 4 to 8 [MALE, OLD], reach: 5000 coefs: (v=2.0, m=1.5)
02/07 14:34:31 INFO naive.NaiveAgent|This is the value of cmpBid: 1
02/07 14:34:31 INFO naive.NaiveAgent|Day 2: Campaign total budget bid: 0.0010
02/07 14:34:31 INFO naive.NaiveAgent|Day 2: Adjusting ucs bid: was 0.11815375807638215 level reported: 0.5314410000000002 target: 0.6 adjusted: 0.12625426157634084
02/07 14:34:37 INFO naive.NaiveAgent|Day 2 : Simulation Status Received
02/07 14:34:37 INFO naive.NaiveAgent|Day 2: Updated 36 Bid Bundle entries for Campaign id 735700397
02/07 14:34:37 INFO naive.NaiveAgent|Day 2: Updated 36 Bid Bundle entries for Campaign id 405305361
02/07 14:34:37 INFO naive.NaiveAgent|Day 2: Sending BidBundle
02/07 14:34:37 INFO naive.NaiveAgent|Day 2 ended. Starting next day
02/07 14:34:37 INFO naive.NaiveAgent|Day 3 :BankStatus[-0.539482]
02/07 14:34:37 INFO naive.NaiveAgent|Day 3: Updating campaign 405305361 stats: 628.0 tgtImps 164.0 nonTgtImps. Cost of imps is 0.326780671147305
02/07 14:34:37 INFO naive.NaiveAgent|Day 3: Updating campaign 735700397 stats: 0.0 tgtImps 0.0 nonTgtImps. Cost of imps is 0.0
02/07 14:34:37 INFO naive.NaiveAgent|Day 3: Daily notification for campaign 393040601
02/07 14:34:37 INFO naive.NaiveAgent|Day 3:  allocated to . UCS Level set to 0.5314410000000002 at price 0.0615547005844703 Qualit Score is: 1.0
02/07 14:34:37 INFO naive.NaiveAgent|Day 3: Campaign opportunity - Campaign ID 2130686104: day 5 to 7 [LOW_INCOME, OLD], reach: 15000 coefs: (v=2.0, m=1.5)
02/07 14:34:37 INFO naive.NaiveAgent|This is the value of cmpBid: 1
02/07 14:34:37 INFO naive.NaiveAgent|Day 3: Campaign total budget bid: 0.0010
02/07 14:34:37 INFO naive.NaiveAgent|Day 3: Adjusting ucs bid: was 0.12625426157634084 level reported: 0.5314410000000002 target: 0.6 adjusted: 0.10941436932302405
02/07 14:34:37 INFO naive.NaiveAgent|Day 3 : Simulation Status Received
02/07 14:34:37 INFO naive.NaiveAgent|Day 3: Updated 36 Bid Bundle entries for Campaign id 735700397
02/07 14:34:37 INFO naive.NaiveAgent|Day 3: Updated 36 Bid Bundle entries for Campaign id 405305361
02/07 14:34:37 INFO naive.NaiveAgent|Day 3: Sending BidBundle
02/07 14:34:37 INFO naive.NaiveAgent|Day 3 ended. Starting next day
02/07 14:34:42 INFO naive.NaiveAgent|Day 4 :BankStatus[-0.646702]
02/07 14:34:42 INFO naive.NaiveAgent|Day 4: Updating campaign 405305361 stats: 628.0 tgtImps 164.0 nonTgtImps. Cost of imps is 0.326780671147305
02/07 14:34:42 INFO naive.NaiveAgent|Day 4: Updating campaign 735700397 stats: 0.0 tgtImps 0.0 nonTgtImps. Cost of imps is 0.0
02/07 14:34:42 INFO naive.NaiveAgent|Day 4: Daily notification for campaign 2130686104
02/07 14:34:42 INFO naive.NaiveAgent|Day 4:  WON at cost 0.531. UCS Level set to 0.5904900000000002 at price 0.06183486594795354 Qualit Score is: 1.0
02/07 14:34:42 INFO naive.NaiveAgent|Day 4: Campaign opportunity - Campaign ID 654184924: day 6 to 15 [LOW_INCOME, FEMALE], reach: 15000 coefs: (v=2.0, m=1.5)
02/07 14:34:42 INFO naive.NaiveAgent|This is the value of cmpBid: 1
02/07 14:34:42 INFO naive.NaiveAgent|Day 4: Campaign total budget bid: 0.0010
02/07 14:34:42 INFO naive.NaiveAgent|Day 4: Adjusting ucs bid: was 0.10941436932302405 level reported: 0.5904900000000002 target: 0.6 adjusted: 0.110454899975286
02/07 14:34:42 INFO naive.NaiveAgent|Day 4 : AdNetworkReport
02/07 14:34:42 INFO naive.NaiveAgent|Day 4 : Simulation Status Received
02/07 14:34:42 INFO naive.NaiveAgent|Day 4: Updated 36 Bid Bundle entries for Campaign id 735700397
02/07 14:34:42 INFO naive.NaiveAgent|Day 4: Updated 36 Bid Bundle entries for Campaign id 405305361
02/07 14:34:42 INFO naive.NaiveAgent|Day 4: Updated 36 Bid Bundle entries for Campaign id 2130686104
02/07 14:34:42 INFO naive.NaiveAgent|Day 4: Sending BidBundle
02/07 14:34:42 INFO naive.NaiveAgent|Day 4 ended. Starting next day
02/07 14:34:53 INFO naive.NaiveAgent|Day 5 :BankStatus[-1.013688]
02/07 14:34:53 INFO naive.NaiveAgent|Day 5: Updating campaign 405305361 stats: 939.5 tgtImps 418.0 nonTgtImps. Cost of imps is 0.5870933875526134
02/07 14:34:53 INFO naive.NaiveAgent|Day 5: Updating campaign 735700397 stats: 5001.0 tgtImps 790.5 nonTgtImps. Cost of imps is 0.007654466667162147
02/07 14:34:53 INFO naive.NaiveAgent|Day 5: Daily notification for campaign 654184924
02/07 14:34:53 INFO naive.NaiveAgent|Day 5:  WON at cost 1.838. UCS Level set to 0.5314410000000002 at price 0.05441846064661115 Qualit Score is: 1.0
02/07 14:34:53 INFO naive.NaiveAgent|Day 5: Campaign opportunity - Campaign ID 1877298348: day 7 to 11 [OLD, HIGH_INCOME], reach: 10000 coefs: (v=2.0, m=1.5)
02/07 14:34:53 INFO naive.NaiveAgent|This is the value of cmpBid: 1
02/07 14:34:53 INFO naive.NaiveAgent|Day 5: Campaign total budget bid: 0.0010
02/07 14:34:53 INFO naive.NaiveAgent|Day 5: Adjusting ucs bid: was 0.110454899975286 level reported: 0.5314410000000002 target: 0.6 adjusted: 0.11802757746269164
02/07 14:34:53 INFO naive.NaiveAgent|Day 5 : AdNetworkReport
02/07 14:34:53 INFO naive.NaiveAgent|Day 5 : Simulation Status Received
02/07 14:34:53 INFO naive.NaiveAgent|Day 5: Updated 36 Bid Bundle entries for Campaign id 735700397
02/07 14:34:53 INFO naive.NaiveAgent|Day 5: Updated 36 Bid Bundle entries for Campaign id 2130686104
02/07 14:34:53 INFO naive.NaiveAgent|Day 5: Updated 36 Bid Bundle entries for Campaign id 654184924
02/07 14:34:53 INFO naive.NaiveAgent|Day 5: Sending BidBundle
02/07 14:34:53 INFO naive.NaiveAgent|Day 5 ended. Starting next day
02/07 14:35:04 INFO naive.NaiveAgent|Day 6 :BankStatus[-1.368526]
02/07 14:35:04 INFO naive.NaiveAgent|Day 6: Updating campaign 735700397 stats: 10003.0 tgtImps 15996.5 nonTgtImps. Cost of imps is 0.03061800899225391
02/07 14:35:04 INFO naive.NaiveAgent|Day 6: Updating campaign 2130686104 stats: 7502.0 tgtImps 14660.5 nonTgtImps. Cost of imps is 0.02510492900554356
02/07 14:35:04 INFO naive.NaiveAgent|Day 6: Daily notification for campaign 1877298348
02/07 14:35:04 INFO naive.NaiveAgent|Day 6:  WON at cost 3.11. UCS Level set to 0.5904900000000002 at price 0.06534339177870903 Qualit Score is: 1.0016471017745046
02/07 14:35:04 INFO naive.NaiveAgent|Day 6: Campaign opportunity - Campaign ID 15707528: day 8 to 10 [MALE, HIGH_INCOME], reach: 5000 coefs: (v=2.0, m=1.5)
02/07 14:35:04 INFO naive.NaiveAgent|This is the value of cmpBid: 1
02/07 14:35:04 INFO naive.NaiveAgent|Day 6: Campaign total budget bid: 0.0010
02/07 14:35:04 INFO naive.NaiveAgent|Day 6: Adjusting ucs bid: was 0.11802757746269164 level reported: 0.5904900000000002 target: 0.6 adjusted: 0.11915001972436183
02/07 14:35:04 INFO naive.NaiveAgent|Day 6 : AdNetworkReport
02/07 14:35:04 INFO naive.NaiveAgent|Day 6 : Simulation Status Received
02/07 14:35:04 INFO naive.NaiveAgent|Day 6: Updated 36 Bid Bundle entries for Campaign id 735700397
02/07 14:35:04 INFO naive.NaiveAgent|Day 6: Updated 36 Bid Bundle entries for Campaign id 2130686104
02/07 14:35:04 INFO naive.NaiveAgent|Day 6: Updated 36 Bid Bundle entries for Campaign id 1877298348
02/07 14:35:04 INFO naive.NaiveAgent|Day 6: Updated 36 Bid Bundle entries for Campaign id 654184924
02/07 14:35:04 INFO naive.NaiveAgent|Day 6: Sending BidBundle
02/07 14:35:04 INFO naive.NaiveAgent|Day 6 ended. Starting next day
02/07 14:35:26 INFO naive.NaiveAgent|Day 7 :BankStatus[-0.242857]
02/07 14:35:26 INFO naive.NaiveAgent|Day 7: Updating campaign 735700397 stats: 12503.5 tgtImps 30337.5 nonTgtImps. Cost of imps is 0.049217664049623376
02/07 14:35:26 INFO naive.NaiveAgent|Day 7: Updating campaign 2130686104 stats: 15003.0 tgtImps 22019.0 nonTgtImps. Cost of imps is 0.04247250933911137
02/07 14:35:26 INFO naive.NaiveAgent|Day 7: Updating campaign 654184924 stats: 0.0 tgtImps 0.0 nonTgtImps. Cost of imps is 0.0
02/07 14:35:26 INFO naive.NaiveAgent|Day 7: Daily notification for campaign 15707528
02/07 14:35:26 INFO naive.NaiveAgent|Day 7:  WON at cost 1.7228330150521478. UCS Level set to 0.5314410000000002 at price 0.06012964526258346 Qualit Score is: 1.0016471017745046
02/07 14:35:26 INFO naive.NaiveAgent|Day 7: Campaign opportunity - Campaign ID 1029813224: day 9 to 18 [LOW_INCOME, OLD], reach: 15000 coefs: (v=2.0, m=1.5)
02/07 14:35:26 INFO naive.NaiveAgent|This is the value of cmpBid: 1
02/07 14:35:26 INFO naive.NaiveAgent|Day 7: Campaign total budget bid: 0.0010
02/07 14:35:26 INFO naive.NaiveAgent|Day 7: Adjusting ucs bid: was 0.11915001972436183 level reported: 0.5314410000000002 target: 0.6 adjusted: 0.12731882592664437
02/07 14:35:30 INFO naive.NaiveAgent|Day 7 : AdNetworkReport
02/07 14:35:30 INFO naive.NaiveAgent|Day 7 : Simulation Status Received
02/07 14:35:30 INFO naive.NaiveAgent|Day 7: Updated 36 Bid Bundle entries for Campaign id 735700397
02/07 14:35:30 INFO naive.NaiveAgent|Day 7: Updated 36 Bid Bundle entries for Campaign id 15707528
02/07 14:35:30 INFO naive.NaiveAgent|Day 7: Updated 36 Bid Bundle entries for Campaign id 1877298348
02/07 14:35:30 INFO naive.NaiveAgent|Day 7: Updated 36 Bid Bundle entries for Campaign id 654184924
02/07 14:35:30 INFO naive.NaiveAgent|Day 7: Sending BidBundle
02/07 14:35:30 INFO naive.NaiveAgent|Day 7 ended. Starting next day
02/07 14:35:31 INFO naive.NaiveAgent|Day 8 :BankStatus[-1.214363]
02/07 14:35:31 INFO naive.NaiveAgent|Day 8: Updating campaign 735700397 stats: 12504.5 tgtImps 30385.0 nonTgtImps. Cost of imps is 0.049279517756208306
02/07 14:35:31 INFO naive.NaiveAgent|Day 8: Updating campaign 654184924 stats: 0.0 tgtImps 0.0 nonTgtImps. Cost of imps is 0.0
02/07 14:35:31 INFO naive.NaiveAgent|Day 8: Updating campaign 1877298348 stats: 5000.5 tgtImps 437695.0 nonTgtImps. Cost of imps is 0.8734675196599891
02/07 14:35:31 INFO naive.NaiveAgent|Day 8: Daily notification for campaign 1029813224
02/07 14:35:31 INFO naive.NaiveAgent|Day 8:  allocated to . UCS Level set to 0.5314410000000002 at price 0.06012964526258346 Qualit Score is: 1.096422524512622
02/07 14:35:31 INFO naive.NaiveAgent|Day 8: Campaign opportunity - Campaign ID 783971664: day 10 to 12 [HIGH_INCOME, YOUNG], reach: 5000 coefs: (v=2.0, m=1.5)
02/07 14:35:31 INFO naive.NaiveAgent|This is the value of cmpBid: 1
02/07 14:35:31 INFO naive.NaiveAgent|Day 8: Campaign total budget bid: 0.0010
02/07 14:35:31 INFO naive.NaiveAgent|Day 8: Adjusting ucs bid: was 0.12731882592664437 level reported: 0.5314410000000002 target: 0.6 adjusted: 0.11208363780710746
02/07 14:35:41 INFO naive.NaiveAgent|Day 8 : Simulation Status Received
02/07 14:35:41 INFO naive.NaiveAgent|Day 8: Updated 36 Bid Bundle entries for Campaign id 735700397
02/07 14:35:41 INFO naive.NaiveAgent|Day 8: Updated 36 Bid Bundle entries for Campaign id 15707528
02/07 14:35:41 INFO naive.NaiveAgent|Day 8: Updated 36 Bid Bundle entries for Campaign id 1877298348
02/07 14:35:41 INFO naive.NaiveAgent|Day 8: Updated 36 Bid Bundle entries for Campaign id 654184924
02/07 14:35:41 INFO naive.NaiveAgent|Day 8: Sending BidBundle
02/07 14:35:41 INFO naive.NaiveAgent|Day 8 ended. Starting next day
02/07 14:35:42 INFO naive.NaiveAgent|Day 9 :BankStatus[-0.690860]
02/07 14:35:42 INFO naive.NaiveAgent|Day 9: Updating campaign 15707528 stats: 0.0 tgtImps 0.0 nonTgtImps. Cost of imps is 0.0
02/07 14:35:42 INFO naive.NaiveAgent|Day 9: Updating campaign 735700397 stats: 12504.5 tgtImps 30385.0 nonTgtImps. Cost of imps is 0.049279517756208306
02/07 14:35:42 INFO naive.NaiveAgent|Day 9: Updating campaign 654184924 stats: 0.0 tgtImps 0.0 nonTgtImps. Cost of imps is 0.0
02/07 14:35:42 INFO naive.NaiveAgent|Day 9: Updating campaign 1877298348 stats: 5000.5 tgtImps 437695.0 nonTgtImps. Cost of imps is 0.8734675196599891
02/07 14:35:42 INFO naive.NaiveAgent|Day 9: Daily notification for campaign 783971664
02/07 14:35:42 INFO naive.NaiveAgent|Day 9:  allocated to . UCS Level set to 0.5904900000000002 at price 0.06911970899418267 Qualit Score is: 1.096422524512622
02/07 14:35:42 INFO naive.NaiveAgent|Day 9: Campaign opportunity - Campaign ID 1954324924: day 11 to 13 [MALE, YOUNG], reach: 10000 coefs: (v=2.0, m=1.5)
02/07 14:35:42 INFO naive.NaiveAgent|This is the value of cmpBid: 1
02/07 14:35:42 INFO naive.NaiveAgent|Day 9: Campaign total budget bid: 0.0010
02/07 14:35:42 INFO naive.NaiveAgent|Day 9: Adjusting ucs bid: was 0.11208363780710746 level reported: 0.5904900000000002 target: 0.6 adjusted: 0.11314955320265305
02/07 14:35:47 INFO naive.NaiveAgent|Day 9 : Simulation Status Received
02/07 14:35:47 INFO naive.NaiveAgent|Day 9: Updated 36 Bid Bundle entries for Campaign id 735700397
02/07 14:35:47 INFO naive.NaiveAgent|Day 9: Updated 36 Bid Bundle entries for Campaign id 15707528
02/07 14:35:47 INFO naive.NaiveAgent|Day 9: Updated 36 Bid Bundle entries for Campaign id 1877298348
02/07 14:35:47 INFO naive.NaiveAgent|Day 9: Updated 36 Bid Bundle entries for Campaign id 654184924
02/07 14:35:47 INFO naive.NaiveAgent|Day 9: Sending BidBundle
02/07 14:35:47 INFO naive.NaiveAgent|Day 9 ended. Starting next day
02/07 14:35:48 INFO naive.NaiveAgent|Day 10 :BankStatus[-0.796381]
02/07 14:35:48 INFO naive.NaiveAgent|Day 10: Updating campaign 15707528 stats: 0.0 tgtImps 0.0 nonTgtImps. Cost of imps is 0.0
02/07 14:35:48 INFO naive.NaiveAgent|Day 10: Updating campaign 735700397 stats: 12504.5 tgtImps 30385.0 nonTgtImps. Cost of imps is 0.049279517756208306
02/07 14:35:48 INFO naive.NaiveAgent|Day 10: Updating campaign 654184924 stats: 0.0 tgtImps 0.0 nonTgtImps. Cost of imps is 0.0
02/07 14:35:48 INFO naive.NaiveAgent|Day 10: Updating campaign 1877298348 stats: 5000.5 tgtImps 437695.0 nonTgtImps. Cost of imps is 0.8734675196599891
02/07 14:35:48 INFO naive.NaiveAgent|Day 10: Daily notification for campaign 1954324924
02/07 14:35:48 INFO naive.NaiveAgent|Day 10:  allocated to . UCS Level set to 0.5314410000000002 at price 0.05742509424167126 Qualit Score is: 1.096422524512622
02/07 14:35:48 INFO naive.NaiveAgent|Day 10: Campaign opportunity - Campaign ID 1543183354: day 12 to 14 [FEMALE, YOUNG], reach: 15000 coefs: (v=2.0, m=1.5)
02/07 14:35:48 INFO naive.NaiveAgent|This is the value of cmpBid: 1
02/07 14:35:48 INFO naive.NaiveAgent|Day 10: Campaign total budget bid: 0.0010
02/07 14:35:48 INFO naive.NaiveAgent|Day 10: Adjusting ucs bid: was 0.11314955320265305 level reported: 0.5314410000000002 target: 0.6 adjusted: 0.12090697342067375
02/07 14:35:48 INFO naive.NaiveAgent|Day 10 : AdNetworkReport
02/07 14:35:48 INFO naive.NaiveAgent|Day 10 : Simulation Status Received
02/07 14:35:48 INFO naive.NaiveAgent|Day 10: Updated 36 Bid Bundle entries for Campaign id 735700397
02/07 14:35:48 INFO naive.NaiveAgent|Day 10: Updated 36 Bid Bundle entries for Campaign id 1877298348
02/07 14:35:48 INFO naive.NaiveAgent|Day 10: Updated 36 Bid Bundle entries for Campaign id 654184924
02/07 14:35:48 INFO naive.NaiveAgent|Day 10: Sending BidBundle
02/07 14:35:48 INFO naive.NaiveAgent|Day 10 ended. Starting next day
02/07 14:35:53 INFO naive.NaiveAgent|Day 11 :BankStatus[-0.895748]
02/07 14:35:53 INFO naive.NaiveAgent|Day 11: Updating campaign 735700397 stats: 12506.0 tgtImps 30385.0 nonTgtImps. Cost of imps is 0.049283275743144006
02/07 14:35:53 INFO naive.NaiveAgent|Day 11: Updating campaign 654184924 stats: 0.0 tgtImps 0.0 nonTgtImps. Cost of imps is 0.0
02/07 14:35:53 INFO naive.NaiveAgent|Day 11: Updating campaign 1877298348 stats: 10002.0 tgtImps 439690.5 nonTgtImps. Cost of imps is 0.8813320520404896
02/07 14:35:53 INFO naive.NaiveAgent|Day 11: Daily notification for campaign 1543183354
02/07 14:35:53 INFO naive.NaiveAgent|Day 11:  WON at cost 3.733318695965478. UCS Level set to 0.5904900000000002 at price 0.06675000397033025 Qualit Score is: 0.5712071581575988
02/07 14:35:53 INFO naive.NaiveAgent|Day 11: Campaign opportunity - Campaign ID 1177061060: day 13 to 22 [LOW_INCOME, YOUNG], reach: 10000 coefs: (v=2.0, m=1.5)
02/07 14:35:53 INFO naive.NaiveAgent|This is the value of cmpBid: 1
02/07 14:35:53 INFO naive.NaiveAgent|Day 11: Campaign total budget bid: 0.0010
02/07 14:35:53 INFO naive.NaiveAgent|Day 11: Adjusting ucs bid: was 0.12090697342067375 level reported: 0.5904900000000002 target: 0.6 adjusted: 0.12205679873790434
02/07 14:35:53 INFO naive.NaiveAgent|Day 11 : AdNetworkReport
02/07 14:35:53 INFO naive.NaiveAgent|Day 11 : Simulation Status Received
02/07 14:35:53 INFO naive.NaiveAgent|Day 11: Updated 36 Bid Bundle entries for Campaign id 1543183354
02/07 14:35:53 INFO naive.NaiveAgent|Day 11: Updated 36 Bid Bundle entries for Campaign id 654184924
02/07 14:35:53 INFO naive.NaiveAgent|Day 11: Sending BidBundle
02/07 14:35:53 INFO naive.NaiveAgent|Day 11 ended. Starting next day
02/07 14:36:05 INFO naive.NaiveAgent|Day 12 :BankStatus[-0.620977]
02/07 14:36:05 INFO naive.NaiveAgent|Day 12: Updating campaign 654184924 stats: 0.0 tgtImps 0.0 nonTgtImps. Cost of imps is 0.0
02/07 14:36:05 INFO naive.NaiveAgent|Day 12: Daily notification for campaign 1177061060
02/07 14:36:05 INFO naive.NaiveAgent|Day 12:  WON at cost 3.7047681113331223. UCS Level set to 0.47829690000000014 at price 0.0 Qualit Score is: 1.0655369190133184
02/07 14:36:05 INFO naive.NaiveAgent|Day 12: Campaign opportunity - Campaign ID 181594964: day 14 to 18 [MALE, OLD], reach: 5000 coefs: (v=2.0, m=1.5)
02/07 14:36:05 INFO naive.NaiveAgent|This is the value of cmpBid: 1
02/07 14:36:05 INFO naive.NaiveAgent|Day 12: Campaign total budget bid: 0.0010
02/07 14:36:05 INFO naive.NaiveAgent|Day 12: Adjusting ucs bid: was 0.12205679873790434 level reported: 0.47829690000000014 target: 0.6 adjusted: 0.12514191817467255
02/07 14:36:05 INFO naive.NaiveAgent|Day 12 : AdNetworkReport
02/07 14:36:05 INFO naive.NaiveAgent|Day 12 : Simulation Status Received
02/07 14:36:05 INFO naive.NaiveAgent|Day 12: Updated 36 Bid Bundle entries for Campaign id 1543183354
02/07 14:36:05 INFO naive.NaiveAgent|Day 12: Updated 36 Bid Bundle entries for Campaign id 1177061060
02/07 14:36:05 INFO naive.NaiveAgent|Day 12: Updated 36 Bid Bundle entries for Campaign id 654184924
02/07 14:36:05 INFO naive.NaiveAgent|Day 12: Sending BidBundle
02/07 14:36:05 INFO naive.NaiveAgent|Day 12 ended. Starting next day
02/07 14:36:14 INFO naive.NaiveAgent|Day 13 :BankStatus[2.922372]
02/07 14:36:14 INFO naive.NaiveAgent|Day 13: Updating campaign 1543183354 stats: 7500.5 tgtImps 11808.5 nonTgtImps. Cost of imps is 0.021644176402939405
02/07 14:36:14 INFO naive.NaiveAgent|Day 13: Updating campaign 654184924 stats: 7501.0 tgtImps 24275.0 nonTgtImps. Cost of imps is 0.0374072650179409
02/07 14:36:14 INFO naive.NaiveAgent|Day 13: Daily notification for campaign 181594964
02/07 14:36:14 INFO naive.NaiveAgent|Day 13:  WON at cost 1.225367456865316. UCS Level set to 0.5314410000000002 at price 0.06568588949078015 Qualit Score is: 1.0655369190133184
02/07 14:36:14 INFO naive.NaiveAgent|Day 13: Campaign opportunity - Campaign ID 699998523: day 15 to 17 [HIGH_INCOME, YOUNG], reach: 10000 coefs: (v=2.0, m=1.5)
02/07 14:36:14 INFO naive.NaiveAgent|This is the value of cmpBid: 1
02/07 14:36:14 INFO naive.NaiveAgent|Day 13: Campaign total budget bid: 0.0010
02/07 14:36:14 INFO naive.NaiveAgent|Day 13: Adjusting ucs bid: was 0.12514191817467255 level reported: 0.5314410000000002 target: 0.6 adjusted: 0.1198926365282947
02/07 14:36:14 INFO naive.NaiveAgent|Day 13 : AdNetworkReport
02/07 14:36:14 INFO naive.NaiveAgent|Day 13 : Simulation Status Received
02/07 14:36:14 INFO naive.NaiveAgent|Day 13: Updated 36 Bid Bundle entries for Campaign id 181594964
02/07 14:36:14 INFO naive.NaiveAgent|Day 13: Updated 36 Bid Bundle entries for Campaign id 1543183354
02/07 14:36:14 INFO naive.NaiveAgent|Day 13: Updated 36 Bid Bundle entries for Campaign id 1177061060
02/07 14:36:14 INFO naive.NaiveAgent|Day 13: Updated 36 Bid Bundle entries for Campaign id 654184924
02/07 14:36:14 INFO naive.NaiveAgent|Day 13: Sending BidBundle
02/07 14:36:14 INFO naive.NaiveAgent|Day 13 ended. Starting next day
02/07 14:36:24 INFO naive.NaiveAgent|Day 14 :BankStatus[2.795996]
02/07 14:36:24 INFO naive.NaiveAgent|Day 14: Updating campaign 1177061060 stats: 5001.5 tgtImps 4567.5 nonTgtImps. Cost of imps is 0.01144970441799179
02/07 14:36:24 INFO naive.NaiveAgent|Day 14: Updating campaign 1543183354 stats: 15001.5 tgtImps 17375.5 nonTgtImps. Cost of imps is 0.038394034117428685
02/07 14:36:24 INFO naive.NaiveAgent|Day 14: Updating campaign 654184924 stats: 7501.0 tgtImps 24275.0 nonTgtImps. Cost of imps is 0.0374072650179409
02/07 14:36:24 INFO naive.NaiveAgent|Day 14: Daily notification for campaign 699998523
02/07 14:36:24 INFO naive.NaiveAgent|Day 14:  WON at cost 2.693144562806162. UCS Level set to 0.47829690000000014 at price 0.0 Qualit Score is: 1.0655369190133184
02/07 14:36:24 INFO naive.NaiveAgent|Day 14: Campaign opportunity - Campaign ID 732877863: day 16 to 25 [LOW_INCOME, OLD], reach: 10000 coefs: (v=2.0, m=1.5)
02/07 14:36:24 INFO naive.NaiveAgent|This is the value of cmpBid: 1
02/07 14:36:24 INFO naive.NaiveAgent|Day 14: Campaign total budget bid: 0.0010
02/07 14:36:24 INFO naive.NaiveAgent|Day 14: Adjusting ucs bid: was 0.1198926365282947 level reported: 0.47829690000000014 target: 0.6 adjusted: 0.10639963744821997
02/07 14:36:24 INFO naive.NaiveAgent|Day 14 : AdNetworkReport
02/07 14:36:24 INFO naive.NaiveAgent|Day 14 : Simulation Status Received
02/07 14:36:24 INFO naive.NaiveAgent|Day 14: Updated 36 Bid Bundle entries for Campaign id 699998523
02/07 14:36:24 INFO naive.NaiveAgent|Day 14: Updated 36 Bid Bundle entries for Campaign id 181594964
02/07 14:36:24 INFO naive.NaiveAgent|Day 14: Updated 36 Bid Bundle entries for Campaign id 1177061060
02/07 14:36:24 INFO naive.NaiveAgent|Day 14: Updated 36 Bid Bundle entries for Campaign id 654184924
02/07 14:36:24 INFO naive.NaiveAgent|Day 14: Sending BidBundle
02/07 14:36:24 INFO naive.NaiveAgent|Day 14 ended. Starting next day
02/07 14:36:34 INFO naive.NaiveAgent|Day 15 :BankStatus[2.668194]
02/07 14:36:34 INFO naive.NaiveAgent|Day 15: Updating campaign 181594964 stats: 2502.0 tgtImps 10841.0 nonTgtImps. Cost of imps is 0.015673765529387797
02/07 14:36:34 INFO naive.NaiveAgent|Day 15: Updating campaign 1177061060 stats: 10002.0 tgtImps 4593.0 nonTgtImps. Cost of imps is 0.018125683145474174
02/07 14:36:34 INFO naive.NaiveAgent|Day 15: Updating campaign 654184924 stats: 7501.0 tgtImps 24275.0 nonTgtImps. Cost of imps is 0.0374072650179409
02/07 14:36:34 INFO naive.NaiveAgent|Day 15: Daily notification for campaign 732877863
02/07 14:36:34 INFO naive.NaiveAgent|Day 15:  WON at cost 1.9961334350702664. UCS Level set to 0.5904900000000002 at price 0.06147379289557005 Qualit Score is: 1.121962729474145
02/07 14:36:34 INFO naive.NaiveAgent|Day 15: Campaign opportunity - Campaign ID 557318961: day 17 to 21 [LOW_INCOME, YOUNG], reach: 10000 coefs: (v=2.0, m=1.5)
02/07 14:36:34 INFO naive.NaiveAgent|This is the value of cmpBid: 1
02/07 14:36:34 INFO naive.NaiveAgent|Day 15: Campaign total budget bid: 0.0010
02/07 14:36:34 INFO naive.NaiveAgent|Day 15: Adjusting ucs bid: was 0.10639963744821997 level reported: 0.5904900000000002 target: 0.6 adjusted: 0.1000494139728416
02/07 14:36:34 INFO naive.NaiveAgent|Day 15 : AdNetworkReport
02/07 14:36:34 INFO naive.NaiveAgent|Day 15 : Simulation Status Received
02/07 14:36:34 INFO naive.NaiveAgent|Day 15: Updated 36 Bid Bundle entries for Campaign id 699998523
02/07 14:36:34 INFO naive.NaiveAgent|Day 15: Updated 36 Bid Bundle entries for Campaign id 181594964
02/07 14:36:34 INFO naive.NaiveAgent|Day 15: Updated 36 Bid Bundle entries for Campaign id 1177061060
02/07 14:36:34 INFO naive.NaiveAgent|Day 15: Updated 36 Bid Bundle entries for Campaign id 732877863
02/07 14:36:34 INFO naive.NaiveAgent|Day 15: Sending BidBundle
02/07 14:36:34 INFO naive.NaiveAgent|Day 15 ended. Starting next day
02/07 14:36:46 INFO naive.NaiveAgent|Day 16 :BankStatus[6.773865]
02/07 14:36:46 INFO naive.NaiveAgent|Day 16: Updating campaign 181594964 stats: 5003.0 tgtImps 12158.0 nonTgtImps. Cost of imps is 0.020219379903503275
02/07 14:36:46 INFO naive.NaiveAgent|Day 16: Updating campaign 699998523 stats: 5000.5 tgtImps 2224.0 nonTgtImps. Cost of imps is 0.011122519267824926
02/07 14:36:46 INFO naive.NaiveAgent|Day 16: Updating campaign 1177061060 stats: 12501.5 tgtImps 7659.0 nonTgtImps. Cost of imps is 0.024404907542082577
02/07 14:36:46 INFO naive.NaiveAgent|Day 16: Daily notification for campaign 557318961
02/07 14:36:46 INFO naive.NaiveAgent|Day 16:  WON at cost 5.5172517221891075. UCS Level set to 0.47829690000000014 at price 0.0 Qualit Score is: 0.8119517104581901
02/07 14:36:46 INFO naive.NaiveAgent|Day 16: Campaign opportunity - Campaign ID 451929723: day 18 to 20 [FEMALE, YOUNG], reach: 5000 coefs: (v=2.0, m=1.5)
02/07 14:36:46 INFO naive.NaiveAgent|This is the value of cmpBid: 1
02/07 14:36:46 INFO naive.NaiveAgent|Day 16: Campaign total budget bid: 0.0010
02/07 14:36:46 INFO naive.NaiveAgent|Day 16: Adjusting ucs bid: was 0.1000494139728416 level reported: 0.47829690000000014 target: 0.6 adjusted: 0.11222573780651973
02/07 14:36:47 INFO naive.NaiveAgent|Day 16 : AdNetworkReport
02/07 14:36:47 INFO naive.NaiveAgent|Day 16 : Simulation Status Received
02/07 14:36:47 INFO naive.NaiveAgent|Day 16: Updated 36 Bid Bundle entries for Campaign id 699998523
02/07 14:36:47 INFO naive.NaiveAgent|Day 16: Updated 36 Bid Bundle entries for Campaign id 181594964
02/07 14:36:47 INFO naive.NaiveAgent|Day 16: Updated 36 Bid Bundle entries for Campaign id 1177061060
02/07 14:36:47 INFO naive.NaiveAgent|Day 16: Updated 36 Bid Bundle entries for Campaign id 557318961
02/07 14:36:47 INFO naive.NaiveAgent|Day 16: Updated 36 Bid Bundle entries for Campaign id 732877863
02/07 14:36:47 INFO naive.NaiveAgent|Day 16: Sending BidBundle
02/07 14:36:47 INFO naive.NaiveAgent|Day 16 ended. Starting next day
02/07 14:36:53 INFO naive.NaiveAgent|Day 17 :BankStatus[7.790747]
02/07 14:36:53 INFO naive.NaiveAgent|Day 17: Updating campaign 181594964 stats: 6254.5 tgtImps 13589.5 nonTgtImps. Cost of imps is 0.023095924412711338
02/07 14:36:53 INFO naive.NaiveAgent|Day 17: Updating campaign 699998523 stats: 10001.5 tgtImps 6347.5 nonTgtImps. Cost of imps is 0.021128455272089355
02/07 14:36:53 INFO naive.NaiveAgent|Day 17: Updating campaign 732877863 stats: 0.0 tgtImps 0.0 nonTgtImps. Cost of imps is 0.0
02/07 14:36:53 INFO naive.NaiveAgent|Day 17: Updating campaign 1177061060 stats: 12503.5 tgtImps 7664.5 nonTgtImps. Cost of imps is 0.024414759788069937
02/07 14:36:53 INFO naive.NaiveAgent|Day 17: Daily notification for campaign 451929723
02/07 14:36:53 INFO naive.NaiveAgent|Day 17:  WON at cost 1.0079844930803277. UCS Level set to 0.47829690000000014 at price 0.0 Qualit Score is: 0.8119517104581901
02/07 14:36:53 INFO naive.NaiveAgent|Day 17: Campaign opportunity - Campaign ID 871715160: day 19 to 23 [LOW_INCOME, YOUNG], reach: 15000 coefs: (v=2.0, m=1.5)
02/07 14:36:53 INFO naive.NaiveAgent|This is the value of cmpBid: 1
02/07 14:36:53 INFO naive.NaiveAgent|Day 17: Campaign total budget bid: 0.0010
02/07 14:36:53 INFO naive.NaiveAgent|Day 17: Adjusting ucs bid: was 0.11222573780651973 level reported: 0.47829690000000014 target: 0.6 adjusted: 0.12588395799736038
02/07 14:36:53 INFO naive.NaiveAgent|Day 17 : AdNetworkReport
02/07 14:36:53 INFO naive.NaiveAgent|Day 17 : Simulation Status Received
02/07 14:36:53 INFO naive.NaiveAgent|Day 17: Updated 36 Bid Bundle entries for Campaign id 451929723
02/07 14:36:53 INFO naive.NaiveAgent|Day 17: Updated 36 Bid Bundle entries for Campaign id 1177061060
02/07 14:36:53 INFO naive.NaiveAgent|Day 17: Updated 36 Bid Bundle entries for Campaign id 557318961
02/07 14:36:53 INFO naive.NaiveAgent|Day 17: Updated 36 Bid Bundle entries for Campaign id 732877863
02/07 14:36:53 INFO naive.NaiveAgent|Day 17: Updated 36 Bid Bundle entries for Campaign id 181594964
02/07 14:36:53 INFO naive.NaiveAgent|Day 17: Sending BidBundle
02/07 14:36:53 INFO naive.NaiveAgent|Day 17 ended. Starting next day
02/07 14:37:02 INFO naive.NaiveAgent|Day 18 :BankStatus[7.690963]
02/07 14:37:02 INFO naive.NaiveAgent|Day 18: Updating campaign 181594964 stats: 6256.0 tgtImps 13589.5 nonTgtImps. Cost of imps is 0.02309734880726809
02/07 14:37:02 INFO naive.NaiveAgent|Day 18: Updating campaign 732877863 stats: 0.0 tgtImps 0.0 nonTgtImps. Cost of imps is 0.0
02/07 14:37:02 INFO naive.NaiveAgent|Day 18: Updating campaign 1177061060 stats: 12504.5 tgtImps 7664.5 nonTgtImps. Cost of imps is 0.024416848594534312
02/07 14:37:02 INFO naive.NaiveAgent|Day 18: Updating campaign 557318961 stats: 0.0 tgtImps 0.0 nonTgtImps. Cost of imps is 0.0
02/07 14:37:02 INFO naive.NaiveAgent|Day 18: Daily notification for campaign 871715160
02/07 14:37:02 INFO naive.NaiveAgent|Day 18:  WON at cost 4.569258250603465. UCS Level set to 0.47829690000000014 at price 0.0 Qualit Score is: 1.0205286460520937
02/07 14:37:02 INFO naive.NaiveAgent|Day 18: Campaign opportunity - Campaign ID 1894157750: day 20 to 22 [OLD, HIGH_INCOME], reach: 15000 coefs: (v=2.0, m=1.5)
02/07 14:37:02 INFO naive.NaiveAgent|This is the value of cmpBid: 1
02/07 14:37:02 INFO naive.NaiveAgent|Day 18: Campaign total budget bid: 0.0010
02/07 14:37:02 INFO naive.NaiveAgent|Day 18: Adjusting ucs bid: was 0.12588395799736038 level reported: 0.47829690000000014 target: 0.6 adjusted: 0.1232739548889854
02/07 14:37:02 INFO naive.NaiveAgent|Day 18 : AdNetworkReport
02/07 14:37:02 INFO naive.NaiveAgent|Day 18 : Simulation Status Received
02/07 14:37:02 INFO naive.NaiveAgent|Day 18: Updated 36 Bid Bundle entries for Campaign id 451929723
02/07 14:37:02 INFO naive.NaiveAgent|Day 18: Updated 36 Bid Bundle entries for Campaign id 1177061060
02/07 14:37:02 INFO naive.NaiveAgent|Day 18: Updated 36 Bid Bundle entries for Campaign id 557318961
02/07 14:37:02 INFO naive.NaiveAgent|Day 18: Updated 36 Bid Bundle entries for Campaign id 732877863
02/07 14:37:02 INFO naive.NaiveAgent|Day 18: Updated 36 Bid Bundle entries for Campaign id 871715160
02/07 14:37:02 INFO naive.NaiveAgent|Day 18: Sending BidBundle
02/07 14:37:02 INFO naive.NaiveAgent|Day 18 ended. Starting next day
02/07 14:37:16 INFO naive.NaiveAgent|Day 19 :BankStatus[10.685309]
02/07 14:37:16 INFO naive.NaiveAgent|Day 19: Updating campaign 451929723 stats: 2500.5 tgtImps 3123.5 nonTgtImps. Cost of imps is 0.006270410794334275
02/07 14:37:16 INFO naive.NaiveAgent|Day 19: Updating campaign 732877863 stats: 5001.0 tgtImps 5323.0 nonTgtImps. Cost of imps is 0.011448202924163787
02/07 14:37:16 INFO naive.NaiveAgent|Day 19: Updating campaign 1177061060 stats: 12506.5 tgtImps 7664.5 nonTgtImps. Cost of imps is 0.024419518518052102
02/07 14:37:16 INFO naive.NaiveAgent|Day 19: Updating campaign 557318961 stats: 0.0 tgtImps 0.0 nonTgtImps. Cost of imps is 0.0
02/07 14:37:16 INFO naive.NaiveAgent|Day 19: Daily notification for campaign 1894157750
02/07 14:37:16 INFO naive.NaiveAgent|Day 19:  WON at cost 2.501871094174802. UCS Level set to 0.5904900000000002 at price 0.06771679247926903 Qualit Score is: 1.104288867643578
02/07 14:37:16 INFO naive.NaiveAgent|Day 19: Campaign opportunity - Campaign ID 1802007569: day 21 to 30 [MALE, LOW_INCOME], reach: 10000 coefs: (v=2.0, m=1.5)
02/07 14:37:16 INFO naive.NaiveAgent|This is the value of cmpBid: 1
02/07 14:37:16 INFO naive.NaiveAgent|Day 19: Campaign total budget bid: 0.0010
02/07 14:37:16 INFO naive.NaiveAgent|Day 19: Adjusting ucs bid: was 0.1232739548889854 level reported: 0.5904900000000002 target: 0.6 adjusted: 0.12444629019997965
02/07 14:37:16 INFO naive.NaiveAgent|Day 19 : AdNetworkReport
02/07 14:37:16 INFO naive.NaiveAgent|Day 19 : Simulation Status Received
02/07 14:37:16 INFO naive.NaiveAgent|Day 19: Updated 36 Bid Bundle entries for Campaign id 451929723
02/07 14:37:16 INFO naive.NaiveAgent|Day 19: Updated 36 Bid Bundle entries for Campaign id 1177061060
02/07 14:37:16 INFO naive.NaiveAgent|Day 19: Updated 36 Bid Bundle entries for Campaign id 557318961
02/07 14:37:16 INFO naive.NaiveAgent|Day 19: Updated 36 Bid Bundle entries for Campaign id 732877863
02/07 14:37:16 INFO naive.NaiveAgent|Day 19: Updated 36 Bid Bundle entries for Campaign id 1894157750
02/07 14:37:16 INFO naive.NaiveAgent|Day 19: Updated 36 Bid Bundle entries for Campaign id 871715160
02/07 14:37:16 INFO naive.NaiveAgent|Day 19: Sending BidBundle
02/07 14:37:16 INFO naive.NaiveAgent|Day 19 ended. Starting next day
02/07 14:37:24 INFO naive.NaiveAgent|Day 20 :BankStatus[11.985815]
02/07 14:37:24 INFO naive.NaiveAgent|Day 20: Updating campaign 451929723 stats: 5003.5 tgtImps 5243.0 nonTgtImps. Cost of imps is 0.011401640400189244
02/07 14:37:24 INFO naive.NaiveAgent|Day 20: Updating campaign 871715160 stats: 0.0 tgtImps 0.0 nonTgtImps. Cost of imps is 0.0
02/07 14:37:24 INFO naive.NaiveAgent|Day 20: Updating campaign 732877863 stats: 10001.5 tgtImps 10090.5 nonTgtImps. Cost of imps is 0.022055847345933396
02/07 14:37:24 INFO naive.NaiveAgent|Day 20: Updating campaign 1177061060 stats: 12508.0 tgtImps 7668.0 nonTgtImps. Cost of imps is 0.02442990462749385
02/07 14:37:24 INFO naive.NaiveAgent|Day 20: Updating campaign 557318961 stats: 0.0 tgtImps 0.0 nonTgtImps. Cost of imps is 0.0
02/07 14:37:24 INFO naive.NaiveAgent|Day 20: Daily notification for campaign 1802007569
02/07 14:37:24 INFO naive.NaiveAgent|Day 20:  WON at cost 3.470227766569944. UCS Level set to 0.5904900000000002 at price 0.06490682706510342 Qualit Score is: 1.104288867643578
02/07 14:37:24 INFO naive.NaiveAgent|Day 20: Campaign opportunity - Campaign ID 1374737066: day 22 to 24 [HIGH_INCOME, YOUNG], reach: 5000 coefs: (v=2.0, m=1.5)
02/07 14:37:24 INFO naive.NaiveAgent|This is the value of cmpBid: 1
02/07 14:37:24 INFO naive.NaiveAgent|Day 20: Campaign total budget bid: 0.0010
02/07 14:37:24 INFO naive.NaiveAgent|Day 20: Adjusting ucs bid: was 0.12444629019997965 level reported: 0.5904900000000002 target: 0.6 adjusted: 0.11665181098945175
02/07 14:37:24 INFO naive.NaiveAgent|Day 20 : AdNetworkReport
02/07 14:37:24 INFO naive.NaiveAgent|Day 20 : Simulation Status Received
02/07 14:37:24 INFO naive.NaiveAgent|Day 20: Updated 36 Bid Bundle entries for Campaign id 1802007569
02/07 14:37:24 INFO naive.NaiveAgent|Day 20: Updated 36 Bid Bundle entries for Campaign id 1177061060
02/07 14:37:24 INFO naive.NaiveAgent|Day 20: Updated 36 Bid Bundle entries for Campaign id 557318961
02/07 14:37:24 INFO naive.NaiveAgent|Day 20: Updated 36 Bid Bundle entries for Campaign id 732877863
02/07 14:37:24 INFO naive.NaiveAgent|Day 20: Updated 36 Bid Bundle entries for Campaign id 1894157750
02/07 14:37:24 INFO naive.NaiveAgent|Day 20: Updated 36 Bid Bundle entries for Campaign id 871715160
02/07 14:37:24 INFO naive.NaiveAgent|Day 20: Sending BidBundle
02/07 14:37:24 INFO naive.NaiveAgent|Day 20 ended. Starting next day
02/07 14:37:32 INFO naive.NaiveAgent|Day 21 :BankStatus[11.715107]
02/07 14:37:32 INFO naive.NaiveAgent|Day 21: Updating campaign 1894157750 stats: 7502.0 tgtImps 93478.5 nonTgtImps. Cost of imps is 0.17317806794375365
02/07 14:37:32 INFO naive.NaiveAgent|Day 21: Updating campaign 871715160 stats: 0.0 tgtImps 0.0 nonTgtImps. Cost of imps is 0.0
02/07 14:37:32 INFO naive.NaiveAgent|Day 21: Updating campaign 732877863 stats: 12501.0 tgtImps 10949.5 nonTgtImps. Cost of imps is 0.025822245666219327
02/07 14:37:32 INFO naive.NaiveAgent|Day 21: Updating campaign 1177061060 stats: 12509.0 tgtImps 7669.5 nonTgtImps. Cost of imps is 0.02443332258729914
02/07 14:37:32 INFO naive.NaiveAgent|Day 21: Updating campaign 557318961 stats: 0.0 tgtImps 0.0 nonTgtImps. Cost of imps is 0.0
02/07 14:37:32 INFO naive.NaiveAgent|Day 21: Daily notification for campaign 1374737066
02/07 14:37:32 INFO naive.NaiveAgent|Day 21:  WON at cost 0.05734218940391865. UCS Level set to 0.5904900000000002 at price 0.06841899836667131 Qualit Score is: 1.1375813405310833
02/07 14:37:32 INFO naive.NaiveAgent|Day 21: Campaign opportunity - Campaign ID 175175851: day 23 to 32 [LOW_INCOME, OLD], reach: 10000 coefs: (v=2.0, m=1.5)
02/07 14:37:32 INFO naive.NaiveAgent|This is the value of cmpBid: 1
02/07 14:37:32 INFO naive.NaiveAgent|Day 21: Campaign total budget bid: 0.0010
02/07 14:37:32 INFO naive.NaiveAgent|Day 21: Adjusting ucs bid: was 0.11665181098945175 level reported: 0.5904900000000002 target: 0.6 adjusted: 0.11776116971196143
02/07 14:37:32 INFO naive.NaiveAgent|Day 21 : AdNetworkReport
02/07 14:37:32 INFO naive.NaiveAgent|Day 21 : Simulation Status Received
02/07 14:37:32 INFO naive.NaiveAgent|Day 21: Updated 36 Bid Bundle entries for Campaign id 1374737066
02/07 14:37:32 INFO naive.NaiveAgent|Day 21: Updated 36 Bid Bundle entries for Campaign id 1802007569
02/07 14:37:32 INFO naive.NaiveAgent|Day 21: Updated 36 Bid Bundle entries for Campaign id 1177061060
02/07 14:37:32 INFO naive.NaiveAgent|Day 21: Updated 36 Bid Bundle entries for Campaign id 732877863
02/07 14:37:32 INFO naive.NaiveAgent|Day 21: Updated 36 Bid Bundle entries for Campaign id 1894157750
02/07 14:37:32 INFO naive.NaiveAgent|Day 21: Updated 36 Bid Bundle entries for Campaign id 871715160
02/07 14:37:32 INFO naive.NaiveAgent|Day 21: Sending BidBundle
02/07 14:37:32 INFO naive.NaiveAgent|Day 21 ended. Starting next day
02/07 14:37:53 INFO naive.NaiveAgent|Day 22 :BankStatus[12.752025]
02/07 14:37:53 INFO naive.NaiveAgent|Day 22: Updating campaign 1894157750 stats: 15004.0 tgtImps 103407.5 nonTgtImps. Cost of imps is 0.1927354520160977
02/07 14:37:53 INFO naive.NaiveAgent|Day 22: Updating campaign 871715160 stats: 0.0 tgtImps 0.0 nonTgtImps. Cost of imps is 0.0
02/07 14:37:53 INFO naive.NaiveAgent|Day 22: Updating campaign 732877863 stats: 12502.5 tgtImps 10951.0 nonTgtImps. Cost of imps is 0.02582972683838494
02/07 14:37:53 INFO naive.NaiveAgent|Day 22: Updating campaign 1802007569 stats: 5001.5 tgtImps 1099.0 nonTgtImps. Cost of imps is 0.007023815639398454
02/07 14:37:53 INFO naive.NaiveAgent|Day 22: Updating campaign 1177061060 stats: 12512.0 tgtImps 7669.5 nonTgtImps. Cost of imps is 0.024435960746593256
02/07 14:37:53 INFO naive.NaiveAgent|Day 22: Daily notification for campaign 175175851
02/07 14:37:53 INFO naive.NaiveAgent|Day 22:  WON at cost 1.530046903014307. UCS Level set to 0.5314410000000002 at price 0.05499304148978726 Qualit Score is: 0.45503253621243334
02/07 14:37:53 INFO naive.NaiveAgent|Day 22: Campaign opportunity - Campaign ID 1295121316: day 24 to 28 [LOW_INCOME, YOUNG], reach: 15000 coefs: (v=2.0, m=1.5)
02/07 14:37:53 INFO naive.NaiveAgent|This is the value of cmpBid: 1
02/07 14:37:53 INFO naive.NaiveAgent|Day 22: Campaign total budget bid: 0.0010
02/07 14:37:53 INFO naive.NaiveAgent|Day 22: Adjusting ucs bid: was 0.11776116971196143 level reported: 0.5314410000000002 target: 0.6 adjusted: 0.12291247449765318
02/07 14:37:55 INFO naive.NaiveAgent|Day 22 : AdNetworkReport
02/07 14:37:55 INFO naive.NaiveAgent|Day 22 : Simulation Status Received
02/07 14:37:55 INFO naive.NaiveAgent|Day 22: Updated 36 Bid Bundle entries for Campaign id 1374737066
02/07 14:37:55 INFO naive.NaiveAgent|Day 22: Updated 36 Bid Bundle entries for Campaign id 1802007569
02/07 14:37:55 INFO naive.NaiveAgent|Day 22: Updated 36 Bid Bundle entries for Campaign id 175175851
02/07 14:37:55 INFO naive.NaiveAgent|Day 22: Updated 36 Bid Bundle entries for Campaign id 732877863
02/07 14:37:55 INFO naive.NaiveAgent|Day 22: Updated 36 Bid Bundle entries for Campaign id 871715160
02/07 14:37:55 INFO naive.NaiveAgent|Day 22: Sending BidBundle
02/07 14:37:55 INFO naive.NaiveAgent|Day 22 ended. Starting next day
02/07 14:37:57 INFO naive.NaiveAgent|Day 23 :BankStatus[12.633125]
02/07 14:37:57 INFO naive.NaiveAgent|Day 23: Updating campaign 871715160 stats: 0.0 tgtImps 0.0 nonTgtImps. Cost of imps is 0.0
02/07 14:37:57 INFO naive.NaiveAgent|Day 23: Updating campaign 1374737066 stats: 2501.5 tgtImps 144.0 nonTgtImps. Cost of imps is 0.002922101650268956
02/07 14:37:57 INFO naive.NaiveAgent|Day 23: Updating campaign 732877863 stats: 12504.0 tgtImps 10951.0 nonTgtImps. Cost of imps is 0.025831146651411223
02/07 14:37:57 INFO naive.NaiveAgent|Day 23: Updating campaign 1802007569 stats: 10002.0 tgtImps 2873.5 nonTgtImps. Cost of imps is 0.014632175918154963
02/07 14:37:57 INFO naive.NaiveAgent|Day 23: Daily notification for campaign 1295121316
02/07 14:37:57 INFO naive.NaiveAgent|Day 23:  allocated to . UCS Level set to 0.5314410000000002 at price 0.05499304148978726 Qualit Score is: 0.9513445692284442
02/07 14:37:57 INFO naive.NaiveAgent|Day 23: Campaign opportunity - Campaign ID 873781390: day 25 to 29 [MALE, OLD], reach: 10000 coefs: (v=2.0, m=1.5)
02/07 14:37:57 INFO naive.NaiveAgent|This is the value of cmpBid: 1
02/07 14:37:57 INFO naive.NaiveAgent|Day 23: Campaign total budget bid: 0.0010
02/07 14:37:57 INFO naive.NaiveAgent|Day 23: Adjusting ucs bid: was 0.12291247449765318 level reported: 0.5314410000000002 target: 0.6 adjusted: 0.1313392308367378
02/07 14:37:58 INFO naive.NaiveAgent|Day 23 : Simulation Status Received
02/07 14:37:58 INFO naive.NaiveAgent|Day 23: Updated 36 Bid Bundle entries for Campaign id 1374737066
02/07 14:37:58 INFO naive.NaiveAgent|Day 23: Updated 36 Bid Bundle entries for Campaign id 1802007569
02/07 14:37:58 INFO naive.NaiveAgent|Day 23: Updated 36 Bid Bundle entries for Campaign id 175175851
02/07 14:37:58 INFO naive.NaiveAgent|Day 23: Updated 36 Bid Bundle entries for Campaign id 732877863
02/07 14:37:58 INFO naive.NaiveAgent|Day 23: Sending BidBundle
02/07 14:37:58 INFO naive.NaiveAgent|Day 23 ended. Starting next day
02/07 14:38:02 INFO naive.NaiveAgent|Day 24 :BankStatus[19.324771]
02/07 14:38:02 INFO naive.NaiveAgent|Day 24: Updating campaign 1374737066 stats: 2501.5 tgtImps 144.0 nonTgtImps. Cost of imps is 0.002922101650268956
02/07 14:38:02 INFO naive.NaiveAgent|Day 24: Updating campaign 732877863 stats: 12504.0 tgtImps 10951.0 nonTgtImps. Cost of imps is 0.025831146651411223
02/07 14:38:02 INFO naive.NaiveAgent|Day 24: Updating campaign 1802007569 stats: 10002.0 tgtImps 2873.5 nonTgtImps. Cost of imps is 0.014632175918154963
02/07 14:38:02 INFO naive.NaiveAgent|Day 24: Updating campaign 175175851 stats: 0.0 tgtImps 0.0 nonTgtImps. Cost of imps is 0.0
02/07 14:38:02 INFO naive.NaiveAgent|Day 24: Daily notification for campaign 873781390
02/07 14:38:02 INFO naive.NaiveAgent|Day 24:  WON at cost 1.3281075572627894. UCS Level set to 0.5904900000000002 at price 0.06039503157392075 Qualit Score is: 0.38053782769137773
02/07 14:38:02 INFO naive.NaiveAgent|Day 24: Campaign opportunity - Campaign ID 411422012: day 26 to 28 [OLD, HIGH_INCOME], reach: 10000 coefs: (v=2.0, m=1.5)
02/07 14:38:02 INFO naive.NaiveAgent|This is the value of cmpBid: 1
02/07 14:38:02 INFO naive.NaiveAgent|Day 24: Campaign total budget bid: 0.0010
02/07 14:38:02 INFO naive.NaiveAgent|Day 24: Adjusting ucs bid: was 0.1313392308367378 level reported: 0.5904900000000002 target: 0.6 adjusted: 0.11626747513176375
02/07 14:38:02 INFO naive.NaiveAgent|Day 24 : AdNetworkReport
02/07 14:38:02 INFO naive.NaiveAgent|Day 24 : Simulation Status Received
02/07 14:38:02 INFO naive.NaiveAgent|Day 24: Updated 36 Bid Bundle entries for Campaign id 1802007569
02/07 14:38:02 INFO naive.NaiveAgent|Day 24: Updated 36 Bid Bundle entries for Campaign id 175175851
02/07 14:38:02 INFO naive.NaiveAgent|Day 24: Updated 36 Bid Bundle entries for Campaign id 732877863
02/07 14:38:02 INFO naive.NaiveAgent|Day 24: Updated 36 Bid Bundle entries for Campaign id 873781390
02/07 14:38:02 INFO naive.NaiveAgent|Day 24: Sending BidBundle
02/07 14:38:02 INFO naive.NaiveAgent|Day 24 ended. Starting next day
02/07 14:38:13 INFO naive.NaiveAgent|Day 25 :BankStatus[19.211187]
02/07 14:38:13 INFO naive.NaiveAgent|Day 25: Updating campaign 732877863 stats: 12504.0 tgtImps 10951.0 nonTgtImps. Cost of imps is 0.025831146651411223
02/07 14:38:13 INFO naive.NaiveAgent|Day 25: Updating campaign 1802007569 stats: 10005.0 tgtImps 2873.5 nonTgtImps. Cost of imps is 0.014632984233402395
02/07 14:38:13 INFO naive.NaiveAgent|Day 25: Updating campaign 175175851 stats: 5003.0 tgtImps 4551.5 nonTgtImps. Cost of imps is 0.011280168034694811
02/07 14:38:13 INFO naive.NaiveAgent|Day 25: Daily notification for campaign 411422012
02/07 14:38:13 INFO naive.NaiveAgent|Day 25:  WON at cost 1.2300885280123783. UCS Level set to 0.47829690000000014 at price 0.0 Qualit Score is: 0.5154617152761294
02/07 14:38:13 INFO naive.NaiveAgent|Day 25: Campaign opportunity - Campaign ID 1413494441: day 27 to 31 [LOW_INCOME, OLD], reach: 10000 coefs: (v=2.0, m=1.5)
02/07 14:38:13 INFO naive.NaiveAgent|This is the value of cmpBid: 1
02/07 14:38:13 INFO naive.NaiveAgent|Day 25: Campaign total budget bid: 0.0010
02/07 14:38:13 INFO naive.NaiveAgent|Day 25: Adjusting ucs bid: was 0.11626747513176375 level reported: 0.47829690000000014 target: 0.6 adjusted: 0.1304175872844723
02/07 14:38:13 INFO naive.NaiveAgent|Day 25 : AdNetworkReport
02/07 14:38:13 INFO naive.NaiveAgent|Day 25 : Simulation Status Received
02/07 14:38:13 INFO naive.NaiveAgent|Day 25: Updated 36 Bid Bundle entries for Campaign id 1802007569
02/07 14:38:13 INFO naive.NaiveAgent|Day 25: Updated 36 Bid Bundle entries for Campaign id 175175851
02/07 14:38:13 INFO naive.NaiveAgent|Day 25: Updated 36 Bid Bundle entries for Campaign id 411422012
02/07 14:38:13 INFO naive.NaiveAgent|Day 25: Updated 36 Bid Bundle entries for Campaign id 873781390
02/07 14:38:13 INFO naive.NaiveAgent|Day 25: Sending BidBundle
02/07 14:38:13 INFO naive.NaiveAgent|Day 25 ended. Starting next day
02/07 14:38:22 INFO naive.NaiveAgent|Day 26 :BankStatus[19.131608]
02/07 14:38:22 INFO naive.NaiveAgent|Day 26: Updating campaign 1802007569 stats: 10008.0 tgtImps 2873.5 nonTgtImps. Cost of imps is 0.014634791033666305
02/07 14:38:22 INFO naive.NaiveAgent|Day 26: Updating campaign 175175851 stats: 10003.5 tgtImps 4974.0 nonTgtImps. Cost of imps is 0.016074066456453363
02/07 14:38:22 INFO naive.NaiveAgent|Day 26: Updating campaign 873781390 stats: 0.0 tgtImps 0.0 nonTgtImps. Cost of imps is 0.0
02/07 14:38:22 INFO naive.NaiveAgent|Day 26: Daily notification for campaign 1413494441
02/07 14:38:22 INFO naive.NaiveAgent|Day 26:  WON at cost 0.3011206324326025. UCS Level set to 0.5904900000000002 at price 0.06811709154830785 Qualit Score is: 0.9020033698911591
02/07 14:38:22 INFO naive.NaiveAgent|Day 26: Campaign opportunity - Campaign ID 131577409: day 28 to 30 [OLD, HIGH_INCOME], reach: 5000 coefs: (v=2.0, m=1.5)
02/07 14:38:22 INFO naive.NaiveAgent|This is the value of cmpBid: 1
02/07 14:38:22 INFO naive.NaiveAgent|Day 26: Campaign total budget bid: 0.0010
02/07 14:38:22 INFO naive.NaiveAgent|Day 26: Adjusting ucs bid: was 0.1304175872844723 level reported: 0.5904900000000002 target: 0.6 adjusted: 0.13165785853954762
02/07 14:38:22 INFO naive.NaiveAgent|Day 26 : AdNetworkReport
02/07 14:38:22 INFO naive.NaiveAgent|Day 26 : Simulation Status Received
02/07 14:38:22 INFO naive.NaiveAgent|Day 26: Updated 36 Bid Bundle entries for Campaign id 1802007569
02/07 14:38:22 INFO naive.NaiveAgent|Day 26: Updated 36 Bid Bundle entries for Campaign id 175175851
02/07 14:38:22 INFO naive.NaiveAgent|Day 26: Updated 36 Bid Bundle entries for Campaign id 411422012
02/07 14:38:22 INFO naive.NaiveAgent|Day 26: Updated 36 Bid Bundle entries for Campaign id 1413494441
02/07 14:38:22 INFO naive.NaiveAgent|Day 26: Updated 36 Bid Bundle entries for Campaign id 873781390
02/07 14:38:22 INFO naive.NaiveAgent|Day 26: Sending BidBundle
02/07 14:38:22 INFO naive.NaiveAgent|Day 26 ended. Starting next day
02/07 14:38:32 INFO naive.NaiveAgent|Day 27 :BankStatus[21.335290]
02/07 14:38:32 INFO naive.NaiveAgent|Day 27: Updating campaign 1802007569 stats: 10009.5 tgtImps 2873.5 nonTgtImps. Cost of imps is 0.014635705776557033
02/07 14:38:32 INFO naive.NaiveAgent|Day 27: Updating campaign 175175851 stats: 12502.0 tgtImps 6551.5 nonTgtImps. Cost of imps is 0.020680458073830156
02/07 14:38:32 INFO naive.NaiveAgent|Day 27: Updating campaign 411422012 stats: 5001.0 tgtImps 5063.5 nonTgtImps. Cost of imps is 0.01149567591545322
02/07 14:38:32 INFO naive.NaiveAgent|Day 27: Updating campaign 873781390 stats: 0.0 tgtImps 0.0 nonTgtImps. Cost of imps is 0.0
02/07 14:38:32 INFO naive.NaiveAgent|Day 27: Daily notification for campaign 131577409
02/07 14:38:32 INFO naive.NaiveAgent|Day 27:  WON at cost 0.8027829992031316. UCS Level set to 0.7290000000000001 at price 0.09422297132348449 Qualit Score is: 0.9020033698911591
02/07 14:38:32 INFO naive.NaiveAgent|Day 27: Campaign opportunity - Campaign ID 471162568: day 29 to 38 [HIGH_INCOME, YOUNG], reach: 5000 coefs: (v=2.0, m=1.5)
02/07 14:38:32 INFO naive.NaiveAgent|This is the value of cmpBid: 1
02/07 14:38:32 INFO naive.NaiveAgent|Day 27: Campaign total budget bid: 0.0010
02/07 14:38:32 INFO naive.NaiveAgent|Day 27: Adjusting ucs bid: was 0.13165785853954762 level reported: 0.7290000000000001 target: 0.6 adjusted: 0.11467399478794597
02/07 14:38:33 INFO naive.NaiveAgent|Day 27 : AdNetworkReport
02/07 14:38:33 INFO naive.NaiveAgent|Day 27 : Simulation Status Received
02/07 14:38:33 INFO naive.NaiveAgent|Day 27: Updated 36 Bid Bundle entries for Campaign id 131577409
02/07 14:38:33 INFO naive.NaiveAgent|Day 27: Updated 36 Bid Bundle entries for Campaign id 1802007569
02/07 14:38:33 INFO naive.NaiveAgent|Day 27: Updated 36 Bid Bundle entries for Campaign id 175175851
02/07 14:38:33 INFO naive.NaiveAgent|Day 27: Updated 36 Bid Bundle entries for Campaign id 411422012
02/07 14:38:33 INFO naive.NaiveAgent|Day 27: Updated 36 Bid Bundle entries for Campaign id 1413494441
02/07 14:38:33 INFO naive.NaiveAgent|Day 27: Updated 36 Bid Bundle entries for Campaign id 873781390
02/07 14:38:33 INFO naive.NaiveAgent|Day 27: Sending BidBundle
02/07 14:38:33 INFO naive.NaiveAgent|Day 27 ended. Starting next day
02/07 14:38:43 INFO naive.NaiveAgent|Day 28 :BankStatus[21.231360]
02/07 14:38:43 INFO naive.NaiveAgent|Day 28: Updating campaign 1413494441 stats: 0.0 tgtImps 0.0 nonTgtImps. Cost of imps is 0.0
02/07 14:38:43 INFO naive.NaiveAgent|Day 28: Updating campaign 1802007569 stats: 10010.5 tgtImps 2875.0 nonTgtImps. Cost of imps is 0.014638652649392231
02/07 14:38:43 INFO naive.NaiveAgent|Day 28: Updating campaign 175175851 stats: 12503.5 tgtImps 6551.5 nonTgtImps. Cost of imps is 0.020681957580547826
02/07 14:38:43 INFO naive.NaiveAgent|Day 28: Updating campaign 411422012 stats: 10004.0 tgtImps 8994.0 nonTgtImps. Cost of imps is 0.021198153050685554
02/07 14:38:43 INFO naive.NaiveAgent|Day 28: Updating campaign 873781390 stats: 0.0 tgtImps 0.0 nonTgtImps. Cost of imps is 0.0
02/07 14:38:43 INFO naive.NaiveAgent|Day 28: Daily notification for campaign 471162568
02/07 14:38:43 INFO naive.NaiveAgent|Day 28:  WON at cost 0.24883948634592132. UCS Level set to 0.5314410000000002 at price 0.05606036574593143 Qualit Score is: 0.9020033698911591
02/07 14:38:43 INFO naive.NaiveAgent|Day 28: Campaign opportunity - Campaign ID 1929967908: day 30 to 34 [LOW_INCOME, YOUNG], reach: 5000 coefs: (v=2.0, m=1.5)
02/07 14:38:43 INFO naive.NaiveAgent|This is the value of cmpBid: 1
02/07 14:38:43 INFO naive.NaiveAgent|Day 28: Campaign total budget bid: 0.0010
02/07 14:38:43 INFO naive.NaiveAgent|Day 28: Adjusting ucs bid: was 0.11467399478794597 level reported: 0.5314410000000002 target: 0.6 adjusted: 0.12253592919661277
02/07 14:38:44 INFO naive.NaiveAgent|Day 28 : AdNetworkReport
02/07 14:38:44 INFO naive.NaiveAgent|Day 28 : Simulation Status Received
02/07 14:38:44 INFO naive.NaiveAgent|Day 28: Updated 36 Bid Bundle entries for Campaign id 471162568
02/07 14:38:44 INFO naive.NaiveAgent|Day 28: Updated 36 Bid Bundle entries for Campaign id 131577409
02/07 14:38:44 INFO naive.NaiveAgent|Day 28: Updated 36 Bid Bundle entries for Campaign id 1802007569
02/07 14:38:44 INFO naive.NaiveAgent|Day 28: Updated 36 Bid Bundle entries for Campaign id 175175851
02/07 14:38:44 INFO naive.NaiveAgent|Day 28: Updated 36 Bid Bundle entries for Campaign id 1413494441
02/07 14:38:44 INFO naive.NaiveAgent|Day 28: Updated 36 Bid Bundle entries for Campaign id 873781390
02/07 14:38:44 INFO naive.NaiveAgent|Day 28: Sending BidBundle
02/07 14:38:44 INFO naive.NaiveAgent|Day 28 ended. Starting next day
02/07 14:39:00 INFO naive.NaiveAgent|Day 29 :BankStatus[21.143880]
02/07 14:39:00 INFO naive.NaiveAgent|Day 29: Updating campaign 131577409 stats: 0.0 tgtImps 0.0 nonTgtImps. Cost of imps is 0.0
02/07 14:39:00 INFO naive.NaiveAgent|Day 29: Updating campaign 1413494441 stats: 0.0 tgtImps 0.0 nonTgtImps. Cost of imps is 0.0
02/07 14:39:00 INFO naive.NaiveAgent|Day 29: Updating campaign 1802007569 stats: 10013.5 tgtImps 2875.0 nonTgtImps. Cost of imps is 0.01464202758442053
02/07 14:39:00 INFO naive.NaiveAgent|Day 29: Updating campaign 175175851 stats: 12503.5 tgtImps 6551.5 nonTgtImps. Cost of imps is 0.020681957580547826
02/07 14:39:00 INFO naive.NaiveAgent|Day 29: Updating campaign 873781390 stats: 0.0 tgtImps 0.0 nonTgtImps. Cost of imps is 0.0
02/07 14:39:00 INFO naive.NaiveAgent|Day 29: Daily notification for campaign 1929967908
02/07 14:39:00 INFO naive.NaiveAgent|Day 29:  WON at cost 0.9606335889340843. UCS Level set to 0.47829690000000014 at price 0.0 Qualit Score is: 0.9610178268077045
02/07 14:39:00 INFO naive.NaiveAgent|Day 29: Campaign opportunity - Campaign ID 768330697: day 31 to 40 [LOW_INCOME, YOUNG], reach: 5000 coefs: (v=2.0, m=1.5)
02/07 14:39:00 INFO naive.NaiveAgent|This is the value of cmpBid: 1
02/07 14:39:00 INFO naive.NaiveAgent|Day 29: Campaign total budget bid: 0.0010
02/07 14:39:00 INFO naive.NaiveAgent|Day 29: Adjusting ucs bid: was 0.12253592919661277 level reported: 0.47829690000000014 target: 0.6 adjusted: 0.13744893164122104
02/07 14:39:05 INFO naive.NaiveAgent|Day 29 : AdNetworkReport
02/07 14:39:05 INFO naive.NaiveAgent|Day 29 : Simulation Status Received
02/07 14:39:05 INFO naive.NaiveAgent|Day 29: Updated 36 Bid Bundle entries for Campaign id 471162568
02/07 14:39:05 INFO naive.NaiveAgent|Day 29: Updated 36 Bid Bundle entries for Campaign id 131577409
02/07 14:39:05 INFO naive.NaiveAgent|Day 29: Updated 36 Bid Bundle entries for Campaign id 1802007569
02/07 14:39:05 INFO naive.NaiveAgent|Day 29: Updated 36 Bid Bundle entries for Campaign id 175175851
02/07 14:39:05 INFO naive.NaiveAgent|Day 29: Updated 36 Bid Bundle entries for Campaign id 1929967908
02/07 14:39:05 INFO naive.NaiveAgent|Day 29: Updated 36 Bid Bundle entries for Campaign id 1413494441
02/07 14:39:05 INFO naive.NaiveAgent|Day 29: Sending BidBundle
02/07 14:39:05 INFO naive.NaiveAgent|Day 29 ended. Starting next day
02/07 14:39:06 INFO naive.NaiveAgent|Day 30 :BankStatus[22.269877]
02/07 14:39:06 INFO naive.NaiveAgent|Day 30: Updating campaign 131577409 stats: 2500.5 tgtImps 18.5 nonTgtImps. Cost of imps is 0.0022049959723173143
02/07 14:39:06 INFO naive.NaiveAgent|Day 30: Updating campaign 471162568 stats: 2501.5 tgtImps 3340.0 nonTgtImps. Cost of imps is 0.006484783635959395
02/07 14:39:06 INFO naive.NaiveAgent|Day 30: Updating campaign 1413494441 stats: 0.0 tgtImps 0.0 nonTgtImps. Cost of imps is 0.0
02/07 14:39:06 INFO naive.NaiveAgent|Day 30: Updating campaign 1802007569 stats: 10016.5 tgtImps 2875.0 nonTgtImps. Cost of imps is 0.014642601974084632
02/07 14:39:06 INFO naive.NaiveAgent|Day 30: Updating campaign 175175851 stats: 12503.5 tgtImps 6551.5 nonTgtImps. Cost of imps is 0.020681957580547826
02/07 14:39:06 INFO naive.NaiveAgent|Day 30: Daily notification for campaign 768330697
02/07 14:39:06 INFO naive.NaiveAgent|Day 30:  allocated to . UCS Level set to 0.47829690000000014 at price 0.0 Qualit Score is: 0.38440713072308186
02/07 14:39:06 INFO naive.NaiveAgent|Day 30: Campaign opportunity - Campaign ID 130735011: day 32 to 34 [MALE, OLD], reach: 15000 coefs: (v=2.0, m=1.5)
02/07 14:39:06 INFO naive.NaiveAgent|This is the value of cmpBid: 1
02/07 14:39:06 INFO naive.NaiveAgent|Day 30: Campaign total budget bid: 0.0010
02/07 14:39:06 INFO naive.NaiveAgent|Day 30: Adjusting ucs bid: was 0.13744893164122104 level reported: 0.47829690000000014 target: 0.6 adjusted: 0.15417689271364574
02/07 14:39:07 INFO naive.NaiveAgent|Day 30 : Simulation Status Received
02/07 14:39:07 INFO naive.NaiveAgent|Day 30: Updated 36 Bid Bundle entries for Campaign id 471162568
02/07 14:39:07 INFO naive.NaiveAgent|Day 30: Updated 36 Bid Bundle entries for Campaign id 175175851
02/07 14:39:07 INFO naive.NaiveAgent|Day 30: Updated 36 Bid Bundle entries for Campaign id 1929967908
02/07 14:39:07 INFO naive.NaiveAgent|Day 30: Updated 36 Bid Bundle entries for Campaign id 1413494441
02/07 14:39:07 INFO naive.NaiveAgent|Day 30: Sending BidBundle
02/07 14:39:07 INFO naive.NaiveAgent|Day 30 ended. Starting next day
02/07 14:39:14 INFO naive.NaiveAgent|Day 31 :BankStatus[22.174032]
02/07 14:39:14 INFO naive.NaiveAgent|Day 31: Updating campaign 471162568 stats: 2501.5 tgtImps 3340.0 nonTgtImps. Cost of imps is 0.006484783635959395
02/07 14:39:14 INFO naive.NaiveAgent|Day 31: Updating campaign 1413494441 stats: 0.0 tgtImps 0.0 nonTgtImps. Cost of imps is 0.0
02/07 14:39:14 INFO naive.NaiveAgent|Day 31: Updating campaign 175175851 stats: 12503.5 tgtImps 6551.5 nonTgtImps. Cost of imps is 0.020681957580547826
02/07 14:39:14 INFO naive.NaiveAgent|Day 31: Updating campaign 1929967908 stats: 0.0 tgtImps 0.0 nonTgtImps. Cost of imps is 0.0
02/07 14:39:14 INFO naive.NaiveAgent|Day 31: Daily notification for campaign 130735011
02/07 14:39:14 INFO naive.NaiveAgent|Day 31:  WON at cost 0.09519877263782525. UCS Level set to 0.7290000000000001 at price 0.10432021099197981 Qualit Score is: 0.4344135694373268
02/07 14:39:14 INFO naive.NaiveAgent|Day 31: Campaign opportunity - Campaign ID 1469115024: day 33 to 42 [HIGH_INCOME, YOUNG], reach: 15000 coefs: (v=2.0, m=1.5)
02/07 14:39:14 INFO naive.NaiveAgent|This is the value of cmpBid: 1
02/07 14:39:14 INFO naive.NaiveAgent|Day 31: Campaign total budget bid: 0.0010
02/07 14:39:14 INFO naive.NaiveAgent|Day 31: Adjusting ucs bid: was 0.15417689271364574 level reported: 0.7290000000000001 target: 0.6 adjusted: 0.10217072902287117
02/07 14:39:14 INFO naive.NaiveAgent|Day 31 : AdNetworkReport
02/07 14:39:14 INFO naive.NaiveAgent|Day 31 : Simulation Status Received
02/07 14:39:14 INFO naive.NaiveAgent|Day 31: Updated 36 Bid Bundle entries for Campaign id 471162568
02/07 14:39:14 INFO naive.NaiveAgent|Day 31: Updated 36 Bid Bundle entries for Campaign id 130735011
02/07 14:39:14 INFO naive.NaiveAgent|Day 31: Updated 36 Bid Bundle entries for Campaign id 175175851
02/07 14:39:14 INFO naive.NaiveAgent|Day 31: Updated 36 Bid Bundle entries for Campaign id 1929967908
02/07 14:39:14 INFO naive.NaiveAgent|Day 31: Sending BidBundle
02/07 14:39:14 INFO naive.NaiveAgent|Day 31 ended. Starting next day
02/07 14:39:22 INFO naive.NaiveAgent|Day 32 :BankStatus[25.720759]
02/07 14:39:22 INFO naive.NaiveAgent|Day 32: Updating campaign 471162568 stats: 3751.0 tgtImps 4017.0 nonTgtImps. Cost of imps is 0.00854627957907916
02/07 14:39:22 INFO naive.NaiveAgent|Day 32: Updating campaign 175175851 stats: 12504.5 tgtImps 6551.5 nonTgtImps. Cost of imps is 0.020684308386975783
02/07 14:39:22 INFO naive.NaiveAgent|Day 32: Updating campaign 1929967908 stats: 0.0 tgtImps 0.0 nonTgtImps. Cost of imps is 0.0
02/07 14:39:22 INFO naive.NaiveAgent|Day 32: Daily notification for campaign 1469115024
02/07 14:39:22 INFO naive.NaiveAgent|Day 32:  WON at cost 1.3998977275117854. UCS Level set to 0.47829690000000014 at price 0.0 Qualit Score is: 0.17376542777493073
02/07 14:39:22 INFO naive.NaiveAgent|Day 32: Campaign opportunity - Campaign ID 1394059196: day 34 to 43 [FEMALE, HIGH_INCOME], reach: 10000 coefs: (v=2.0, m=1.5)
02/07 14:39:22 INFO naive.NaiveAgent|This is the value of cmpBid: 1
02/07 14:39:22 INFO naive.NaiveAgent|Day 32: Campaign total budget bid: 0.0010
02/07 14:39:22 INFO naive.NaiveAgent|Day 32: Adjusting ucs bid: was 0.10217072902287117 level reported: 0.47829690000000014 target: 0.6 adjusted: 0.11460522347421455
02/07 14:39:23 INFO naive.NaiveAgent|Day 32 : AdNetworkReport
02/07 14:39:23 INFO naive.NaiveAgent|Day 32 : Simulation Status Received
02/07 14:39:23 INFO naive.NaiveAgent|Day 32: Updated 36 Bid Bundle entries for Campaign id 471162568
02/07 14:39:23 INFO naive.NaiveAgent|Day 32: Updated 36 Bid Bundle entries for Campaign id 130735011
02/07 14:39:23 INFO naive.NaiveAgent|Day 32: Updated 36 Bid Bundle entries for Campaign id 1469115024
02/07 14:39:23 INFO naive.NaiveAgent|Day 32: Updated 36 Bid Bundle entries for Campaign id 1929967908
02/07 14:39:23 INFO naive.NaiveAgent|Day 32: Sending BidBundle
02/07 14:39:23 INFO naive.NaiveAgent|Day 32 ended. Starting next day
02/07 14:39:33 INFO naive.NaiveAgent|Day 33 :BankStatus[25.602263]
02/07 14:39:33 INFO naive.NaiveAgent|Day 33: Updating campaign 471162568 stats: 5000.5 tgtImps 4437.0 nonTgtImps. Cost of imps is 0.010741098904161072
02/07 14:39:33 INFO naive.NaiveAgent|Day 33: Updating campaign 130735011 stats: 7501.5 tgtImps 352.5 nonTgtImps. Cost of imps is 0.007336377031078326
02/07 14:39:33 INFO naive.NaiveAgent|Day 33: Updating campaign 1929967908 stats: 0.0 tgtImps 0.0 nonTgtImps. Cost of imps is 0.0
02/07 14:39:33 INFO naive.NaiveAgent|Day 33: Daily notification for campaign 1394059196
02/07 14:39:33 INFO naive.NaiveAgent|Day 33:  WON at cost 0.358825608355232. UCS Level set to 0.5904900000000002 at price 0.06458678992936924 Qualit Score is: 0.7653719645836244
02/07 14:39:33 INFO naive.NaiveAgent|Day 33: Campaign opportunity - Campaign ID 850009175: day 35 to 44 [MALE, HIGH_INCOME], reach: 10000 coefs: (v=2.0, m=1.5)
02/07 14:39:33 INFO naive.NaiveAgent|This is the value of cmpBid: 1
02/07 14:39:33 INFO naive.NaiveAgent|Day 33: Campaign total budget bid: 0.0010
02/07 14:39:33 INFO naive.NaiveAgent|Day 33: Adjusting ucs bid: was 0.11460522347421455 level reported: 0.5904900000000002 target: 0.6 adjusted: 0.11569511914945432
02/07 14:39:33 INFO naive.NaiveAgent|Day 33 : AdNetworkReport
02/07 14:39:33 INFO naive.NaiveAgent|Day 33 : Simulation Status Received
02/07 14:39:33 INFO naive.NaiveAgent|Day 33: Updated 36 Bid Bundle entries for Campaign id 471162568
02/07 14:39:33 INFO naive.NaiveAgent|Day 33: Updated 36 Bid Bundle entries for Campaign id 130735011
02/07 14:39:33 INFO naive.NaiveAgent|Day 33: Updated 36 Bid Bundle entries for Campaign id 1469115024
02/07 14:39:33 INFO naive.NaiveAgent|Day 33: Updated 36 Bid Bundle entries for Campaign id 1394059196
02/07 14:39:33 INFO naive.NaiveAgent|Day 33: Updated 36 Bid Bundle entries for Campaign id 1929967908
02/07 14:39:33 INFO naive.NaiveAgent|Day 33: Sending BidBundle
02/07 14:39:33 INFO naive.NaiveAgent|Day 33 ended. Starting next day
02/07 14:39:42 INFO naive.NaiveAgent|Day 34 :BankStatus[27.270829]
02/07 14:39:42 INFO naive.NaiveAgent|Day 34: Updating campaign 1469115024 stats: 0.0 tgtImps 0.0 nonTgtImps. Cost of imps is 0.0
02/07 14:39:42 INFO naive.NaiveAgent|Day 34: Updating campaign 471162568 stats: 5626.0 tgtImps 5144.0 nonTgtImps. Cost of imps is 0.012186758495378716
02/07 14:39:42 INFO naive.NaiveAgent|Day 34: Updating campaign 130735011 stats: 15002.0 tgtImps 4640.5 nonTgtImps. Cost of imps is 0.020738745589872615
02/07 14:39:42 INFO naive.NaiveAgent|Day 34: Updating campaign 1929967908 stats: 2501.5 tgtImps 2662.5 nonTgtImps. Cost of imps is 0.00546978334256579
02/07 14:39:42 INFO naive.NaiveAgent|Day 34: Daily notification for campaign 850009175
02/07 14:39:42 INFO naive.NaiveAgent|Day 34:  WON at cost 2.917033450936291. UCS Level set to 0.47829690000000014 at price 0.0 Qualit Score is: 0.7653719645836244
02/07 14:39:44 INFO naive.NaiveAgent|Day 34: Campaign opportunity - Campaign ID 1609304580: day 36 to 40 [FEMALE, HIGH_INCOME], reach: 10000 coefs: (v=2.0, m=1.5)
02/07 14:39:44 INFO naive.NaiveAgent|This is the value of cmpBid: 1
02/07 14:39:44 INFO naive.NaiveAgent|Day 34: Campaign total budget bid: 0.0010
02/07 14:39:44 INFO naive.NaiveAgent|Day 34: Adjusting ucs bid: was 0.11569511914945432 level reported: 0.47829690000000014 target: 0.6 adjusted: 0.12977557380481228
02/07 14:39:44 INFO naive.NaiveAgent|Day 34 : AdNetworkReport
02/07 14:39:44 INFO naive.NaiveAgent|Day 34 : Simulation Status Received
02/07 14:39:44 INFO naive.NaiveAgent|Day 34: Updated 36 Bid Bundle entries for Campaign id 471162568
02/07 14:39:44 INFO naive.NaiveAgent|Day 34: Updated 36 Bid Bundle entries for Campaign id 1469115024
02/07 14:39:44 INFO naive.NaiveAgent|Day 34: Updated 36 Bid Bundle entries for Campaign id 850009175
02/07 14:39:44 INFO naive.NaiveAgent|Day 34: Updated 36 Bid Bundle entries for Campaign id 1394059196
02/07 14:39:44 INFO naive.NaiveAgent|Day 34: Sending BidBundle
02/07 14:39:44 INFO naive.NaiveAgent|Day 34 ended. Starting next day
02/07 14:39:59 INFO naive.NaiveAgent|Day 35 :BankStatus[27.078773]
02/07 14:39:59 INFO naive.NaiveAgent|Day 35: Updating campaign 1469115024 stats: 0.0 tgtImps 0.0 nonTgtImps. Cost of imps is 0.0
02/07 14:39:59 INFO naive.NaiveAgent|Day 35: Updating campaign 471162568 stats: 5627.0 tgtImps 5148.5 nonTgtImps. Cost of imps is 0.012190015244501909
02/07 14:39:59 INFO naive.NaiveAgent|Day 35: Updating campaign 1394059196 stats: 5002.5 tgtImps 51885.0 nonTgtImps. Cost of imps is 0.07424702279046823
02/07 14:39:59 INFO naive.NaiveAgent|Day 35: Daily notification for campaign 1609304580
02/07 14:39:59 INFO naive.NaiveAgent|Day 35:  WON at cost 3.1641359436329655. UCS Level set to 0.6561000000000001 at price 0.08115675968945432 Qualit Score is: 1.0583416052819659
02/07 14:39:59 INFO naive.NaiveAgent|Day 35: Campaign opportunity - Campaign ID 1090978267: day 37 to 39 [MALE, OLD], reach: 5000 coefs: (v=2.0, m=1.5)
02/07 14:39:59 INFO naive.NaiveAgent|This is the value of cmpBid: 1
02/07 14:39:59 INFO naive.NaiveAgent|Day 35: Campaign total budget bid: 0.0010
02/07 14:39:59 INFO naive.NaiveAgent|Day 35: Adjusting ucs bid: was 0.12977557380481228 level reported: 0.6561000000000001 target: 0.6 adjusted: 0.11105886909020608
02/07 14:39:59 INFO naive.NaiveAgent|Day 35 : AdNetworkReport
02/07 14:39:59 INFO naive.NaiveAgent|Day 35 : Simulation Status Received
02/07 14:39:59 INFO naive.NaiveAgent|Day 35: Updated 36 Bid Bundle entries for Campaign id 471162568
02/07 14:39:59 INFO naive.NaiveAgent|Day 35: Updated 36 Bid Bundle entries for Campaign id 1609304580
02/07 14:39:59 INFO naive.NaiveAgent|Day 35: Updated 36 Bid Bundle entries for Campaign id 1469115024
02/07 14:39:59 INFO naive.NaiveAgent|Day 35: Updated 36 Bid Bundle entries for Campaign id 850009175
02/07 14:39:59 INFO naive.NaiveAgent|Day 35: Updated 36 Bid Bundle entries for Campaign id 1394059196
02/07 14:39:59 INFO naive.NaiveAgent|Day 35: Sending BidBundle
02/07 14:39:59 INFO naive.NaiveAgent|Day 35 ended. Starting next day
02/07 14:40:03 INFO naive.NaiveAgent|Day 36 :BankStatus[28.034037]
02/07 14:40:03 INFO naive.NaiveAgent|Day 36: Updating campaign 1469115024 stats: 0.0 tgtImps 0.0 nonTgtImps. Cost of imps is 0.0
02/07 14:40:03 INFO naive.NaiveAgent|Day 36: Updating campaign 471162568 stats: 5628.5 tgtImps 5150.0 nonTgtImps. Cost of imps is 0.012196741236639143
02/07 14:40:03 INFO naive.NaiveAgent|Day 36: Updating campaign 850009175 stats: 5000.5 tgtImps 7381.5 nonTgtImps. Cost of imps is 0.01386906130202483
02/07 14:40:03 INFO naive.NaiveAgent|Day 36: Updating campaign 1394059196 stats: 10003.5 tgtImps 54082.0 nonTgtImps. Cost of imps is 0.08197156394688958
02/07 14:40:03 INFO naive.NaiveAgent|Day 36: Daily notification for campaign 1090978267
02/07 14:40:03 INFO naive.NaiveAgent|Day 36:  WON at cost 1.7433521865002752. UCS Level set to 0.5314410000000002 at price 0.05423772647721589 Qualit Score is: 1.0583416052819659
02/07 14:40:03 INFO naive.NaiveAgent|Day 36: Campaign opportunity - Campaign ID 343452361: day 38 to 47 [MALE, HIGH_INCOME], reach: 10000 coefs: (v=2.0, m=1.5)
02/07 14:40:03 INFO naive.NaiveAgent|This is the value of cmpBid: 1
02/07 14:40:03 INFO naive.NaiveAgent|Day 36: Campaign total budget bid: 0.0010
02/07 14:40:03 INFO naive.NaiveAgent|Day 36: Adjusting ucs bid: was 0.11105886909020608 level reported: 0.5314410000000002 target: 0.6 adjusted: 0.11867295409616152
02/07 14:40:03 INFO naive.NaiveAgent|Day 36 : Simulation Status Received
02/07 14:40:03 INFO naive.NaiveAgent|Day 36: Updated 36 Bid Bundle entries for Campaign id 471162568
02/07 14:40:03 INFO naive.NaiveAgent|Day 36: Updated 36 Bid Bundle entries for Campaign id 1090978267
02/07 14:40:03 INFO naive.NaiveAgent|Day 36: Updated 36 Bid Bundle entries for Campaign id 1609304580
02/07 14:40:03 INFO naive.NaiveAgent|Day 36: Updated 36 Bid Bundle entries for Campaign id 1469115024
02/07 14:40:03 INFO naive.NaiveAgent|Day 36: Updated 36 Bid Bundle entries for Campaign id 850009175
02/07 14:40:03 INFO naive.NaiveAgent|Day 36: Updated 36 Bid Bundle entries for Campaign id 1394059196
02/07 14:40:03 INFO naive.NaiveAgent|Day 36: Sending BidBundle
02/07 14:40:03 INFO naive.NaiveAgent|Day 36 ended. Starting next day
02/07 14:40:12 INFO naive.NaiveAgent|Day 37 :BankStatus[27.930232]
02/07 14:40:12 INFO naive.NaiveAgent|Day 37: Updating campaign 1469115024 stats: 0.0 tgtImps 0.0 nonTgtImps. Cost of imps is 0.0
02/07 14:40:12 INFO naive.NaiveAgent|Day 37: Updating campaign 471162568 stats: 5628.5 tgtImps 5150.0 nonTgtImps. Cost of imps is 0.012196741236639143
02/07 14:40:12 INFO naive.NaiveAgent|Day 37: Updating campaign 850009175 stats: 5000.5 tgtImps 7381.5 nonTgtImps. Cost of imps is 0.01386906130202483
02/07 14:40:12 INFO naive.NaiveAgent|Day 37: Updating campaign 1609304580 stats: 0.0 tgtImps 0.0 nonTgtImps. Cost of imps is 0.0
02/07 14:40:12 INFO naive.NaiveAgent|Day 37: Updating campaign 1394059196 stats: 10003.5 tgtImps 54082.0 nonTgtImps. Cost of imps is 0.08197156394688958
02/07 14:40:12 INFO naive.NaiveAgent|Day 37: Daily notification for campaign 343452361
02/07 14:40:12 INFO naive.NaiveAgent|Day 37:  WON at cost 0.16185247847969791. UCS Level set to 0.5314410000000002 at price 0.05706332405900912 Qualit Score is: 1.0583416052819659
02/07 14:40:12 INFO naive.NaiveAgent|Day 37: Campaign opportunity - Campaign ID 406923075: day 39 to 48 [MALE, YOUNG], reach: 5000 coefs: (v=2.0, m=1.5)
02/07 14:40:12 INFO naive.NaiveAgent|This is the value of cmpBid: 1
02/07 14:40:12 INFO naive.NaiveAgent|Day 37: Campaign total budget bid: 0.0010
02/07 14:40:12 INFO naive.NaiveAgent|Day 37: Adjusting ucs bid: was 0.11867295409616152 level reported: 0.5314410000000002 target: 0.6 adjusted: 0.10213382282497374
02/07 14:40:12 INFO naive.NaiveAgent|Day 37 : AdNetworkReport
02/07 14:40:12 INFO naive.NaiveAgent|Day 37 : Simulation Status Received
02/07 14:40:12 INFO naive.NaiveAgent|Day 37: Updated 36 Bid Bundle entries for Campaign id 471162568
02/07 14:40:12 INFO naive.NaiveAgent|Day 37: Updated 36 Bid Bundle entries for Campaign id 1090978267
02/07 14:40:12 INFO naive.NaiveAgent|Day 37: Updated 36 Bid Bundle entries for Campaign id 1609304580
02/07 14:40:12 INFO naive.NaiveAgent|Day 37: Updated 36 Bid Bundle entries for Campaign id 343452361
02/07 14:40:12 INFO naive.NaiveAgent|Day 37: Updated 36 Bid Bundle entries for Campaign id 1469115024
02/07 14:40:12 INFO naive.NaiveAgent|Day 37: Updated 36 Bid Bundle entries for Campaign id 850009175
02/07 14:40:12 INFO naive.NaiveAgent|Day 37: Updated 36 Bid Bundle entries for Campaign id 1394059196
02/07 14:40:12 INFO naive.NaiveAgent|Day 37: Sending BidBundle
02/07 14:40:12 INFO naive.NaiveAgent|Day 37 ended. Starting next day
02/07 14:40:23 INFO naive.NaiveAgent|Day 38 :BankStatus[27.822070]
02/07 14:40:23 INFO naive.NaiveAgent|Day 38: Updating campaign 1090978267 stats: 2501.5 tgtImps 2973.0 nonTgtImps. Cost of imps is 0.006042678692203386
02/07 14:40:23 INFO naive.NaiveAgent|Day 38: Updating campaign 1469115024 stats: 0.0 tgtImps 0.0 nonTgtImps. Cost of imps is 0.0
02/07 14:40:23 INFO naive.NaiveAgent|Day 38: Updating campaign 471162568 stats: 5630.0 tgtImps 5151.5 nonTgtImps. Cost of imps is 0.012200219401275221
02/07 14:40:23 INFO naive.NaiveAgent|Day 38: Updating campaign 850009175 stats: 5000.5 tgtImps 7381.5 nonTgtImps. Cost of imps is 0.01386906130202483
02/07 14:40:23 INFO naive.NaiveAgent|Day 38: Updating campaign 1609304580 stats: 5001.0 tgtImps 976.0 nonTgtImps. Cost of imps is 0.006575150841635593
02/07 14:40:23 INFO naive.NaiveAgent|Day 38: Updating campaign 1394059196 stats: 10003.5 tgtImps 54082.0 nonTgtImps. Cost of imps is 0.08197156394688958
02/07 14:40:23 INFO naive.NaiveAgent|Day 38: Daily notification for campaign 406923075
02/07 14:40:23 INFO naive.NaiveAgent|Day 38:  WON at cost 0.5212332406013681. UCS Level set to 0.47829690000000014 at price 0.0 Qualit Score is: 1.0583416052819659
02/07 14:40:23 INFO naive.NaiveAgent|Day 38: Campaign opportunity - Campaign ID 424202336: day 40 to 44 [FEMALE, OLD], reach: 5000 coefs: (v=2.0, m=1.5)
02/07 14:40:23 INFO naive.NaiveAgent|This is the value of cmpBid: 1
02/07 14:40:23 INFO naive.NaiveAgent|Day 38: Campaign total budget bid: 0.0010
02/07 14:40:23 INFO naive.NaiveAgent|Day 38: Adjusting ucs bid: was 0.10213382282497374 level reported: 0.47829690000000014 target: 0.6 adjusted: 0.1145638256776238
02/07 14:40:23 INFO naive.NaiveAgent|Day 38 : AdNetworkReport
02/07 14:40:23 INFO naive.NaiveAgent|Day 38 : Simulation Status Received
02/07 14:40:23 INFO naive.NaiveAgent|Day 38: Updated 36 Bid Bundle entries for Campaign id 1090978267
02/07 14:40:23 INFO naive.NaiveAgent|Day 38: Updated 36 Bid Bundle entries for Campaign id 1609304580
02/07 14:40:23 INFO naive.NaiveAgent|Day 38: Updated 36 Bid Bundle entries for Campaign id 343452361
02/07 14:40:23 INFO naive.NaiveAgent|Day 38: Updated 36 Bid Bundle entries for Campaign id 1469115024
02/07 14:40:23 INFO naive.NaiveAgent|Day 38: Updated 36 Bid Bundle entries for Campaign id 850009175
02/07 14:40:23 INFO naive.NaiveAgent|Day 38: Updated 36 Bid Bundle entries for Campaign id 1394059196
02/07 14:40:23 INFO naive.NaiveAgent|Day 38: Updated 36 Bid Bundle entries for Campaign id 406923075
02/07 14:40:23 INFO naive.NaiveAgent|Day 38: Sending BidBundle
02/07 14:40:23 INFO naive.NaiveAgent|Day 38 ended. Starting next day
02/07 14:40:35 INFO naive.NaiveAgent|Day 39 :BankStatus[27.682919]
02/07 14:40:35 INFO naive.NaiveAgent|Day 39: Updating campaign 1090978267 stats: 5003.0 tgtImps 5633.0 nonTgtImps. Cost of imps is 0.011632665478768582
02/07 14:40:35 INFO naive.NaiveAgent|Day 39: Updating campaign 1469115024 stats: 0.0 tgtImps 0.0 nonTgtImps. Cost of imps is 0.0
02/07 14:40:35 INFO naive.NaiveAgent|Day 39: Updating campaign 850009175 stats: 5000.5 tgtImps 7381.5 nonTgtImps. Cost of imps is 0.01386906130202483
02/07 14:40:35 INFO naive.NaiveAgent|Day 39: Updating campaign 1609304580 stats: 10001.5 tgtImps 14959.0 nonTgtImps. Cost of imps is 0.030838980586538053
02/07 14:40:35 INFO naive.NaiveAgent|Day 39: Updating campaign 1394059196 stats: 10003.5 tgtImps 54082.0 nonTgtImps. Cost of imps is 0.08197156394688958
02/07 14:40:35 INFO naive.NaiveAgent|Day 39: Updating campaign 343452361 stats: 0.0 tgtImps 0.0 nonTgtImps. Cost of imps is 0.0
02/07 14:40:35 INFO naive.NaiveAgent|Day 39: Daily notification for campaign 424202336
02/07 14:40:35 INFO naive.NaiveAgent|Day 39:  WON at cost 0.9339864666613347. UCS Level set to 0.5314410000000002 at price 0.05357866158913755 Qualit Score is: 1.0827270692850648
02/07 14:40:35 INFO naive.NaiveAgent|Day 39: Campaign opportunity - Campaign ID 253409208: day 41 to 43 [LOW_INCOME, YOUNG], reach: 10000 coefs: (v=2.0, m=1.5)
02/07 14:40:35 INFO naive.NaiveAgent|This is the value of cmpBid: 1
02/07 14:40:35 INFO naive.NaiveAgent|Day 39: Campaign total budget bid: 0.0010
02/07 14:40:35 INFO naive.NaiveAgent|Day 39: Adjusting ucs bid: was 0.1145638256776238 level reported: 0.5314410000000002 target: 0.6 adjusted: 0.12241820700225602
02/07 14:40:35 INFO naive.NaiveAgent|Day 39 : AdNetworkReport
02/07 14:40:35 INFO naive.NaiveAgent|Day 39 : Simulation Status Received
02/07 14:40:35 INFO naive.NaiveAgent|Day 39: Updated 36 Bid Bundle entries for Campaign id 1609304580
02/07 14:40:35 INFO naive.NaiveAgent|Day 39: Updated 36 Bid Bundle entries for Campaign id 343452361
02/07 14:40:35 INFO naive.NaiveAgent|Day 39: Updated 36 Bid Bundle entries for Campaign id 424202336
02/07 14:40:35 INFO naive.NaiveAgent|Day 39: Updated 36 Bid Bundle entries for Campaign id 1469115024
02/07 14:40:35 INFO naive.NaiveAgent|Day 39: Updated 36 Bid Bundle entries for Campaign id 850009175
02/07 14:40:35 INFO naive.NaiveAgent|Day 39: Updated 36 Bid Bundle entries for Campaign id 1394059196
02/07 14:40:35 INFO naive.NaiveAgent|Day 39: Updated 36 Bid Bundle entries for Campaign id 406923075
02/07 14:40:35 INFO naive.NaiveAgent|Day 39: Sending BidBundle
02/07 14:40:35 INFO naive.NaiveAgent|Day 39 ended. Starting next day
02/07 14:40:45 INFO naive.NaiveAgent|Day 40 :BankStatus[27.839700]
02/07 14:40:45 INFO naive.NaiveAgent|Day 40: Updating campaign 1469115024 stats: 7501.0 tgtImps 1230.0 nonTgtImps. Cost of imps is 0.014861614863621735
02/07 14:40:45 INFO naive.NaiveAgent|Day 40: Updating campaign 850009175 stats: 5000.5 tgtImps 7381.5 nonTgtImps. Cost of imps is 0.01386906130202483
02/07 14:40:45 INFO naive.NaiveAgent|Day 40: Updating campaign 406923075 stats: 0.0 tgtImps 0.0 nonTgtImps. Cost of imps is 0.0
02/07 14:40:45 INFO naive.NaiveAgent|Day 40: Updating campaign 1609304580 stats: 12501.5 tgtImps 15543.5 nonTgtImps. Cost of imps is 0.03505692868733643
02/07 14:40:45 INFO naive.NaiveAgent|Day 40: Updating campaign 1394059196 stats: 10003.5 tgtImps 54082.0 nonTgtImps. Cost of imps is 0.08197156394688958
02/07 14:40:45 INFO naive.NaiveAgent|Day 40: Updating campaign 343452361 stats: 0.0 tgtImps 0.0 nonTgtImps. Cost of imps is 0.0
02/07 14:40:45 INFO naive.NaiveAgent|Day 40: Daily notification for campaign 253409208
02/07 14:40:45 INFO naive.NaiveAgent|Day 40:  WON at cost 2.8614258721771333. UCS Level set to 0.6561000000000001 at price 0.07680276700153778 Qualit Score is: 1.1290037003138855
02/07 14:40:45 INFO naive.NaiveAgent|Day 40: Campaign opportunity - Campaign ID 1652150757: day 42 to 46 [LOW_INCOME, OLD], reach: 5000 coefs: (v=2.0, m=1.5)
02/07 14:40:45 INFO naive.NaiveAgent|This is the value of cmpBid: 1
02/07 14:40:45 INFO naive.NaiveAgent|Day 40: Campaign total budget bid: 0.0010
02/07 14:40:45 INFO naive.NaiveAgent|Day 40: Adjusting ucs bid: was 0.12241820700225602 level reported: 0.6561000000000001 target: 0.6 adjusted: 0.11555054558942945
02/07 14:40:45 INFO naive.NaiveAgent|Day 40 : AdNetworkReport
02/07 14:40:45 INFO naive.NaiveAgent|Day 40 : Simulation Status Received
02/07 14:40:45 INFO naive.NaiveAgent|Day 40: Updated 36 Bid Bundle entries for Campaign id 253409208
02/07 14:40:45 INFO naive.NaiveAgent|Day 40: Updated 36 Bid Bundle entries for Campaign id 343452361
02/07 14:40:45 INFO naive.NaiveAgent|Day 40: Updated 36 Bid Bundle entries for Campaign id 424202336
02/07 14:40:45 INFO naive.NaiveAgent|Day 40: Updated 36 Bid Bundle entries for Campaign id 1469115024
02/07 14:40:45 INFO naive.NaiveAgent|Day 40: Updated 36 Bid Bundle entries for Campaign id 850009175
02/07 14:40:45 INFO naive.NaiveAgent|Day 40: Updated 36 Bid Bundle entries for Campaign id 1394059196
02/07 14:40:45 INFO naive.NaiveAgent|Day 40: Updated 36 Bid Bundle entries for Campaign id 406923075
02/07 14:40:45 INFO naive.NaiveAgent|Day 40: Sending BidBundle
02/07 14:40:45 INFO naive.NaiveAgent|Day 40 ended. Starting next day
02/07 14:41:32 INFO naive.NaiveAgent|Day 41 :BankStatus[29.721707]
02/07 14:41:32 INFO naive.NaiveAgent|Day 41: Updating campaign 1469115024 stats: 15002.5 tgtImps 6483.0 nonTgtImps. Cost of imps is 0.029423308228062037
02/07 14:41:32 INFO naive.NaiveAgent|Day 41: Updating campaign 850009175 stats: 5000.5 tgtImps 7381.5 nonTgtImps. Cost of imps is 0.01386906130202483
02/07 14:41:32 INFO naive.NaiveAgent|Day 41: Updating campaign 424202336 stats: 2502.0 tgtImps 1073.5 nonTgtImps. Cost of imps is 0.00423871831205848
02/07 14:41:32 INFO naive.NaiveAgent|Day 41: Updating campaign 406923075 stats: 0.0 tgtImps 0.0 nonTgtImps. Cost of imps is 0.0
02/07 14:41:32 INFO naive.NaiveAgent|Day 41: Updating campaign 1394059196 stats: 10003.5 tgtImps 54082.0 nonTgtImps. Cost of imps is 0.08197156394688958
02/07 14:41:32 INFO naive.NaiveAgent|Day 41: Updating campaign 343452361 stats: 5002.0 tgtImps 22424.5 nonTgtImps. Cost of imps is 0.031984714114378185
02/07 14:41:32 INFO naive.NaiveAgent|Day 41: Daily notification for campaign 1652150757
02/07 14:41:32 INFO naive.NaiveAgent|Day 41:  WON at cost 2.5244304118706298. UCS Level set to 0.5314410000000002 at price 0.05356565420833065 Qualit Score is: 1.1473612337639345
02/07 14:41:32 INFO naive.NaiveAgent|Day 41: Campaign opportunity - Campaign ID 1884630528: day 43 to 45 [MALE, LOW_INCOME], reach: 5000 coefs: (v=2.0, m=1.5)
02/07 14:41:32 INFO naive.NaiveAgent|This is the value of cmpBid: 1
02/07 14:41:32 INFO naive.NaiveAgent|Day 41: Campaign total budget bid: 0.0010
02/07 14:41:32 INFO naive.NaiveAgent|Day 41: Adjusting ucs bid: was 0.11555054558942945 level reported: 0.5314410000000002 target: 0.6 adjusted: 0.12347257544449515
