14/07 01:37:01 INFO agents.BrownAgent|UNKNOWN Message Received: edu.umich.eecs.tac.props.AdvertiserInfo@bc76a1c1
14/07 01:37:01 INFO agents.BrownAgent|Day 0 :BankStatus[0.000000]
14/07 01:37:01 INFO agents.BrownAgent|tau.tac.adx.report.demand.InitialCampaignMessage[1833210619,1250,1,5,[FEMALE, HIGH_INCOME],2.0,1.5,demand,[]]
14/07 01:37:01 INFO agents.BrownAgent|Day 0: Allocated campaign - Campaign ID 1833210619: day 1 to 5 [FEMALE, HIGH_INCOME], reach: 1250 coefs: (v=2.0, m=1.5)
14/07 01:37:01 INFO agents.BrownAgent|Day 0: Campaign opportunity - Campaign ID 1190881123: day 2 to 4 [FEMALE, HIGH_INCOME], reach: 10000 coefs: (v=2.0, m=1.5)
14/07 01:37:01 INFO agents.BrownAgent|BrownAgent DAY 0 bid: 1000
14/07 01:37:01 INFO agents.BrownAgent|about to get bid bundle from optimizer
14/07 01:37:14 INFO agents.BrownAgent|Day 1 :BankStatus[0.000000]
14/07 01:37:14 INFO agents.BrownAgent|Day 1: Daily notification for campaign 1190881123
14/07 01:37:14 INFO agents.BrownAgent|about to update modeler
14/07 01:37:14 INFO agents.BrownAgent|Day 1:  allocated to DummyAdnetwork-5. UCS Level set to 0.7290000000000001 at price 0.09353561744184587 Qualit Score is: 1.0
14/07 01:37:14 INFO agents.BrownAgent|Day 1: Campaign opportunity - Campaign ID 392814336: day 3 to 12 [YOUNG, FEMALE], reach: 10000 coefs: (v=2.0, m=1.5)
14/07 01:37:14 INFO agents.BrownAgent|BrownAgent DAY 1 bid: 800
14/07 01:37:14 INFO agents.BrownAgent|Day 1 : AdNetworkReport
14/07 01:37:14 INFO agents.BrownAgent|about to get bid bundle from optimizer
14/07 01:37:23 INFO agents.BrownAgent|Day 2 :BankStatus[-0.093882]
14/07 01:37:23 INFO agents.BrownAgent|Day 2: Daily notification for campaign 392814336
14/07 01:37:23 INFO agents.BrownAgent|about to update modeler
14/07 01:37:23 INFO agents.BrownAgent|Day 2:  allocated to DummyAdnetwork-6. UCS Level set to 1.0 at price 0.15721934283423014 Qualit Score is: 1.0
14/07 01:37:23 INFO agents.BrownAgent|Day 2: Campaign opportunity - Campaign ID 645823041: day 4 to 8 [LOW_INCOME, FEMALE], reach: 5000 coefs: (v=2.0, m=1.5)
14/07 01:37:23 INFO agents.BrownAgent|BrownAgent DAY 2 bid: 320
14/07 01:37:23 INFO agents.BrownAgent|Day 2 : AdNetworkReport
14/07 01:37:23 INFO agents.BrownAgent|about to get bid bundle from optimizer
14/07 01:37:34 INFO agents.BrownAgent|Day 3 :BankStatus[-0.187124]
14/07 01:37:34 INFO agents.BrownAgent|Day 3: Daily notification for campaign 645823041
14/07 01:37:34 INFO agents.BrownAgent|about to update modeler
14/07 01:37:34 INFO agents.BrownAgent|Day 3:  WON at cost 0.32499999999999996. UCS Level set to 0.6561000000000001 at price 0.07617439587819576 Qualit Score is: 1.0
14/07 01:37:34 INFO agents.BrownAgent|Day 3: Campaign opportunity - Campaign ID 104578720: day 5 to 14 [YOUNG, HIGH_INCOME], reach: 15000 coefs: (v=2.0, m=1.5)
14/07 01:37:34 INFO agents.BrownAgent|BrownAgent DAY 3 bid: 960
14/07 01:37:35 INFO agents.BrownAgent|Day 3 : AdNetworkReport
14/07 01:37:35 INFO agents.BrownAgent|about to get bid bundle from optimizer
14/07 01:37:48 INFO agents.BrownAgent|Day 4 :BankStatus[-0.279461]
14/07 01:37:48 INFO agents.BrownAgent|Day 4: Daily notification for campaign 104578720
14/07 01:37:48 INFO agents.BrownAgent|about to update modeler
14/07 01:37:48 INFO agents.BrownAgent|Day 4:  allocated to DummyAdnetwork. UCS Level set to 0.81 at price 0.11675089678402543 Qualit Score is: 1.0
14/07 01:37:48 INFO agents.BrownAgent|Day 4: Campaign opportunity - Campaign ID 18888785: day 6 to 8 [OLD, HIGH_INCOME], reach: 10000 coefs: (v=2.0, m=1.5)
14/07 01:37:48 INFO agents.BrownAgent|BrownAgent DAY 4 bid: 512
14/07 01:37:48 INFO agents.BrownAgent|Day 4 : AdNetworkReport
14/07 01:37:48 INFO agents.BrownAgent|about to get bid bundle from optimizer
14/07 01:37:58 INFO agents.BrownAgent|Day 5 :BankStatus[-0.377951]
14/07 01:37:58 INFO agents.BrownAgent|Day 5: Daily notification for campaign 18888785
14/07 01:37:58 INFO agents.BrownAgent|about to update modeler
14/07 01:37:58 INFO agents.BrownAgent|Day 5:  allocated to adv2. UCS Level set to 0.81 at price 0.11119854768825031 Qualit Score is: 1.0
14/07 01:37:58 INFO agents.BrownAgent|Day 5: Campaign opportunity - Campaign ID 653998866: day 7 to 9 [YOUNG, FEMALE], reach: 5000 coefs: (v=2.0, m=1.5)
14/07 01:37:58 INFO agents.BrownAgent|BrownAgent DAY 5 bid: 231
14/07 01:37:59 INFO agents.BrownAgent|Day 5 : AdNetworkReport
14/07 01:37:59 INFO agents.BrownAgent|about to get bid bundle from optimizer
14/07 01:38:04 INFO agents.BrownAgent|Day 6 :BankStatus[-0.475491]
14/07 01:38:04 INFO agents.BrownAgent|Day 6: Daily notification for campaign 653998866
14/07 01:38:04 INFO agents.BrownAgent|about to update modeler
14/07 01:38:04 INFO agents.BrownAgent|Day 6:  allocated to adv2. UCS Level set to 0.81 at price 0.1130531855812765 Qualit Score is: 1.096194706983661
14/07 01:38:04 INFO agents.BrownAgent|Day 6: Campaign opportunity - Campaign ID 524201486: day 8 to 10 [MALE, LOW_INCOME], reach: 10000 coefs: (v=2.0, m=1.5)
14/07 01:38:04 INFO agents.BrownAgent|BrownAgent DAY 6 bid: 437
14/07 01:38:04 INFO agents.BrownAgent|Day 6 : AdNetworkReport
14/07 01:38:04 INFO agents.BrownAgent|about to get bid bundle from optimizer
14/07 01:38:13 INFO agents.BrownAgent|Day 7 :BankStatus[0.882288]
14/07 01:38:13 INFO agents.BrownAgent|Day 7: Daily notification for campaign 524201486
14/07 01:38:13 INFO agents.BrownAgent|about to update modeler
14/07 01:38:13 INFO agents.BrownAgent|Day 7:  allocated to adv2. UCS Level set to 0.47829690000000014 at price 0.0 Qualit Score is: 1.096194706983661
14/07 01:38:13 INFO agents.BrownAgent|Day 7: Campaign opportunity - Campaign ID 400844700: day 9 to 11 [FEMALE, HIGH_INCOME], reach: 15000 coefs: (v=2.0, m=1.5)
14/07 01:38:13 INFO agents.BrownAgent|BrownAgent DAY 7 bid: 685
14/07 01:38:13 INFO agents.BrownAgent|Day 7 : AdNetworkReport
14/07 01:38:13 INFO agents.BrownAgent|about to get bid bundle from optimizer
14/07 01:38:22 INFO agents.BrownAgent|Day 8 :BankStatus[0.781565]
14/07 01:38:22 INFO agents.BrownAgent|Day 8: Daily notification for campaign 400844700
14/07 01:38:22 INFO agents.BrownAgent|about to update modeler
14/07 01:38:22 INFO agents.BrownAgent|Day 8:  allocated to DummyAdnetwork-4. UCS Level set to 0.47829690000000014 at price 0.0 Qualit Score is: 1.096194706983661
14/07 01:38:22 INFO agents.BrownAgent|Day 8: Campaign opportunity - Campaign ID 272030270: day 10 to 14 [MALE, LOW_INCOME], reach: 10000 coefs: (v=2.0, m=1.5)
14/07 01:38:22 INFO agents.BrownAgent|BrownAgent DAY 8 bid: 9223372036854775807
14/07 01:38:23 INFO agents.BrownAgent|Day 8 : AdNetworkReport
14/07 01:38:23 INFO agents.BrownAgent|about to get bid bundle from optimizer
14/07 01:38:33 INFO agents.BrownAgent|Day 9 :BankStatus[0.675795]
14/07 01:38:33 INFO agents.BrownAgent|Day 9: Daily notification for campaign 272030270
14/07 01:38:33 INFO agents.BrownAgent|about to update modeler
14/07 01:38:33 INFO agents.BrownAgent|Day 9:  allocated to adv2. UCS Level set to 0.47829690000000014 at price 0.0 Qualit Score is: 0.9538395805547472
14/07 01:38:33 INFO agents.BrownAgent|Day 9: Campaign opportunity - Campaign ID 1336260623: day 11 to 13 [FEMALE, HIGH_INCOME], reach: 15000 coefs: (v=2.0, m=1.5)
14/07 01:38:33 INFO agents.BrownAgent|BrownAgent DAY 9 bid: 9223372036854775807
14/07 01:38:33 INFO agents.BrownAgent|about to get bid bundle from optimizer
14/07 01:38:42 INFO agents.BrownAgent|Day 10 :BankStatus[0.847553]
14/07 01:38:42 INFO agents.BrownAgent|Day 10: Daily notification for campaign 1336260623
14/07 01:38:42 INFO agents.BrownAgent|about to update modeler
14/07 01:38:42 INFO agents.BrownAgent|Day 10:  allocated to DummyAdnetwork-3. UCS Level set to 0.47829690000000014 at price 0.0 Qualit Score is: 0.9538395805547472
14/07 01:38:42 INFO agents.BrownAgent|Day 10: Campaign opportunity - Campaign ID 1799436328: day 12 to 21 [MALE, HIGH_INCOME], reach: 5000 coefs: (v=2.0, m=1.5)
14/07 01:38:42 INFO agents.BrownAgent|BrownAgent DAY 10 bid: 9223372036854775807
14/07 01:38:42 INFO agents.BrownAgent|about to get bid bundle from optimizer
14/07 01:38:55 INFO agents.BrownAgent|Day 11 :BankStatus[0.742959]
14/07 01:38:55 INFO agents.BrownAgent|Day 11: Daily notification for campaign 1799436328
14/07 01:38:55 INFO agents.BrownAgent|about to update modeler
14/07 01:38:55 INFO agents.BrownAgent|Day 11:  allocated to DummyAdnetwork-2. UCS Level set to 0.47829690000000014 at price 0.0 Qualit Score is: 0.9538395805547472
14/07 01:38:55 INFO agents.BrownAgent|Day 11: Campaign opportunity - Campaign ID 916219483: day 13 to 22 [YOUNG, HIGH_INCOME], reach: 5000 coefs: (v=2.0, m=1.5)
14/07 01:38:55 INFO agents.BrownAgent|BrownAgent DAY 11 bid: 9223372036854775807
14/07 01:38:55 INFO agents.BrownAgent|about to get bid bundle from optimizer
14/07 01:39:04 INFO agents.BrownAgent|Day 12 :BankStatus[0.647756]
14/07 01:39:04 INFO agents.BrownAgent|Day 12: Daily notification for campaign 916219483
14/07 01:39:04 INFO agents.BrownAgent|about to update modeler
14/07 01:39:04 INFO agents.BrownAgent|Day 12:  allocated to DummyAdnetwork-5. UCS Level set to 0.47829690000000014 at price 0.0 Qualit Score is: 0.9538395805547472
14/07 01:39:04 INFO agents.BrownAgent|Day 12: Campaign opportunity - Campaign ID 2111474816: day 14 to 23 [FEMALE, HIGH_INCOME], reach: 5000 coefs: (v=2.0, m=1.5)
14/07 01:39:04 INFO agents.BrownAgent|BrownAgent DAY 12 bid: 9223372036854775807
14/07 01:39:04 INFO agents.BrownAgent|about to get bid bundle from optimizer
14/07 01:39:13 INFO agents.BrownAgent|Day 13 :BankStatus[0.556556]
14/07 01:39:13 INFO agents.BrownAgent|Day 13: Daily notification for campaign 2111474816
14/07 01:39:13 INFO agents.BrownAgent|about to update modeler
14/07 01:39:13 INFO agents.BrownAgent|Day 13:  allocated to DummyAdnetwork-4. UCS Level set to 0.47829690000000014 at price 0.0 Qualit Score is: 0.9538395805547472
14/07 01:39:13 INFO agents.BrownAgent|Day 13: Campaign opportunity - Campaign ID 1480030835: day 15 to 19 [OLD, FEMALE], reach: 10000 coefs: (v=2.0, m=1.5)
14/07 01:39:13 INFO agents.BrownAgent|BrownAgent DAY 13 bid: 9223372036854775807
14/07 01:39:13 INFO agents.BrownAgent|about to get bid bundle from optimizer
14/07 01:39:24 INFO agents.BrownAgent|Day 14 :BankStatus[0.467012]
14/07 01:39:24 INFO agents.BrownAgent|Day 14: Daily notification for campaign 1480030835
14/07 01:39:24 INFO agents.BrownAgent|about to update modeler
14/07 01:39:24 INFO agents.BrownAgent|Day 14:  allocated to DummyAdnetwork-2. UCS Level set to 0.47829690000000014 at price 0.0 Qualit Score is: 0.9538395805547472
14/07 01:39:24 INFO agents.BrownAgent|Day 14: Campaign opportunity - Campaign ID 573672585: day 16 to 18 [YOUNG, FEMALE], reach: 15000 coefs: (v=2.0, m=1.5)
14/07 01:39:24 INFO agents.BrownAgent|BrownAgent DAY 14 bid: 9223372036854775807
14/07 01:39:24 INFO agents.BrownAgent|about to get bid bundle from optimizer
14/07 01:39:32 INFO agents.BrownAgent|Day 15 :BankStatus[0.376895]
14/07 01:39:32 INFO agents.BrownAgent|Day 15: Daily notification for campaign 573672585
14/07 01:39:32 INFO agents.BrownAgent|about to update modeler
14/07 01:39:32 INFO agents.BrownAgent|Day 15:  allocated to DummyAdnetwork-5. UCS Level set to 0.47829690000000014 at price 0.0 Qualit Score is: 0.9538395805547472
14/07 01:39:32 INFO agents.BrownAgent|Day 15: Campaign opportunity - Campaign ID 1421193490: day 17 to 21 [OLD, LOW_INCOME], reach: 10000 coefs: (v=2.0, m=1.5)
14/07 01:39:32 INFO agents.BrownAgent|BrownAgent DAY 15 bid: 9223372036854775807
14/07 01:39:32 INFO agents.BrownAgent|about to get bid bundle from optimizer
14/07 01:39:43 INFO agents.BrownAgent|Day 16 :BankStatus[0.278084]
14/07 01:39:43 INFO agents.BrownAgent|Day 16: Daily notification for campaign 1421193490
14/07 01:39:43 INFO agents.BrownAgent|about to update modeler
14/07 01:39:43 INFO agents.BrownAgent|Day 16:  allocated to adv2. UCS Level set to 0.47829690000000014 at price 0.0 Qualit Score is: 0.9538395805547472
14/07 01:39:43 INFO agents.BrownAgent|Day 16: Campaign opportunity - Campaign ID 41639536: day 18 to 27 [FEMALE, HIGH_INCOME], reach: 15000 coefs: (v=2.0, m=1.5)
14/07 01:39:43 INFO agents.BrownAgent|BrownAgent DAY 16 bid: 9223372036854775807
14/07 01:39:43 INFO agents.BrownAgent|about to get bid bundle from optimizer
14/07 01:39:53 INFO agents.BrownAgent|Day 17 :BankStatus[0.198869]
14/07 01:39:53 INFO agents.BrownAgent|Day 17: Daily notification for campaign 41639536
14/07 01:39:53 INFO agents.BrownAgent|about to update modeler
14/07 01:39:53 INFO agents.BrownAgent|Day 17:  allocated to adv2. UCS Level set to 0.47829690000000014 at price 0.0 Qualit Score is: 0.9538395805547472
14/07 01:39:54 INFO agents.BrownAgent|Day 17: Campaign opportunity - Campaign ID 1031558012: day 19 to 23 [MALE, HIGH_INCOME], reach: 15000 coefs: (v=2.0, m=1.5)
14/07 01:39:54 INFO agents.BrownAgent|BrownAgent DAY 17 bid: 9223372036854775807
14/07 01:39:54 INFO agents.BrownAgent|about to get bid bundle from optimizer
14/07 01:40:03 INFO agents.BrownAgent|Day 18 :BankStatus[0.122747]
14/07 01:40:03 INFO agents.BrownAgent|Day 18: Daily notification for campaign 1031558012
14/07 01:40:03 INFO agents.BrownAgent|about to update modeler
14/07 01:40:03 INFO agents.BrownAgent|Day 18:  allocated to DummyAdnetwork. UCS Level set to 0.47829690000000014 at price 0.0 Qualit Score is: 0.9538395805547472
14/07 01:40:03 INFO agents.BrownAgent|Day 18: Campaign opportunity - Campaign ID 1341430638: day 20 to 29 [LOW_INCOME, FEMALE], reach: 10000 coefs: (v=2.0, m=1.5)
14/07 01:40:03 INFO agents.BrownAgent|BrownAgent DAY 18 bid: 9223372036854775807
14/07 01:40:03 INFO agents.BrownAgent|about to get bid bundle from optimizer
14/07 01:40:14 INFO agents.BrownAgent|Day 19 :BankStatus[0.045502]
14/07 01:40:14 INFO agents.BrownAgent|Day 19: Daily notification for campaign 1341430638
14/07 01:40:14 INFO agents.BrownAgent|about to update modeler
14/07 01:40:14 INFO agents.BrownAgent|Day 19:  allocated to adv2. UCS Level set to 0.47829690000000014 at price 0.0 Qualit Score is: 0.9538395805547472
14/07 01:40:14 INFO agents.BrownAgent|Day 19: Campaign opportunity - Campaign ID 2061214600: day 21 to 23 [MALE, HIGH_INCOME], reach: 5000 coefs: (v=2.0, m=1.5)
14/07 01:40:14 INFO agents.BrownAgent|BrownAgent DAY 19 bid: 9223372036854775807
14/07 01:40:14 INFO agents.BrownAgent|about to get bid bundle from optimizer
14/07 01:40:25 INFO agents.BrownAgent|Day 20 :BankStatus[-0.034412]
14/07 01:40:25 INFO agents.BrownAgent|Day 20: Daily notification for campaign 2061214600
14/07 01:40:25 INFO agents.BrownAgent|about to update modeler
14/07 01:40:25 INFO agents.BrownAgent|Day 20:  allocated to adv2. UCS Level set to 0.47829690000000014 at price 0.0 Qualit Score is: 0.9538395805547472
14/07 01:40:25 INFO agents.BrownAgent|Day 20: Campaign opportunity - Campaign ID 649686267: day 22 to 26 [MALE, YOUNG], reach: 5000 coefs: (v=2.0, m=1.5)
14/07 01:40:25 INFO agents.BrownAgent|BrownAgent DAY 20 bid: 9223372036854775807
14/07 01:40:25 INFO agents.BrownAgent|about to get bid bundle from optimizer
14/07 01:40:35 INFO agents.BrownAgent|Day 21 :BankStatus[-0.111756]
14/07 01:40:35 INFO agents.BrownAgent|Day 21: Daily notification for campaign 649686267
14/07 01:40:35 INFO agents.BrownAgent|about to update modeler
14/07 01:40:35 INFO agents.BrownAgent|Day 21:  allocated to DummyAdnetwork. UCS Level set to 0.47829690000000014 at price 0.0 Qualit Score is: 0.9538395805547472
14/07 01:40:35 INFO agents.BrownAgent|Day 21: Campaign opportunity - Campaign ID 1223923766: day 23 to 25 [YOUNG, LOW_INCOME], reach: 15000 coefs: (v=2.0, m=1.5)
14/07 01:40:35 INFO agents.BrownAgent|BrownAgent DAY 21 bid: 9223372036854775807
14/07 01:40:35 INFO agents.BrownAgent|about to get bid bundle from optimizer
14/07 01:40:43 INFO agents.BrownAgent|Day 22 :BankStatus[-0.187157]
14/07 01:40:43 INFO agents.BrownAgent|Day 22: Daily notification for campaign 1223923766
14/07 01:40:43 INFO agents.BrownAgent|about to update modeler
14/07 01:40:43 INFO agents.BrownAgent|Day 22:  allocated to DummyAdnetwork-6. UCS Level set to 0.47829690000000014 at price 0.0 Qualit Score is: 0.9538395805547472
14/07 01:40:43 INFO agents.BrownAgent|Day 22: Campaign opportunity - Campaign ID 69872962: day 24 to 26 [OLD, LOW_INCOME], reach: 15000 coefs: (v=2.0, m=1.5)
14/07 01:40:43 INFO agents.BrownAgent|BrownAgent DAY 22 bid: 9223372036854775807
14/07 01:40:43 INFO agents.BrownAgent|about to get bid bundle from optimizer
14/07 01:40:54 INFO agents.BrownAgent|Day 23 :BankStatus[-0.265868]
14/07 01:40:54 INFO agents.BrownAgent|Day 23: Daily notification for campaign 69872962
14/07 01:40:54 INFO agents.BrownAgent|about to update modeler
14/07 01:40:54 INFO agents.BrownAgent|Day 23:  allocated to adv2. UCS Level set to 0.47829690000000014 at price 0.0 Qualit Score is: 0.9538395805547472
14/07 01:40:54 INFO agents.BrownAgent|Day 23: Campaign opportunity - Campaign ID 1902324465: day 25 to 29 [OLD, LOW_INCOME], reach: 15000 coefs: (v=2.0, m=1.5)
14/07 01:40:54 INFO agents.BrownAgent|BrownAgent DAY 23 bid: 9223372036854775807
14/07 01:40:54 INFO agents.BrownAgent|about to get bid bundle from optimizer
14/07 01:41:03 INFO agents.BrownAgent|Day 24 :BankStatus[-0.348035]
14/07 01:41:03 INFO agents.BrownAgent|Day 24: Daily notification for campaign 1902324465
14/07 01:41:03 INFO agents.BrownAgent|about to update modeler
14/07 01:41:03 INFO agents.BrownAgent|Day 24:  allocated to adv2. UCS Level set to 0.47829690000000014 at price 0.0 Qualit Score is: 0.9538395805547472
14/07 01:41:03 INFO agents.BrownAgent|Day 24: Campaign opportunity - Campaign ID 60661752: day 26 to 28 [YOUNG, FEMALE], reach: 5000 coefs: (v=2.0, m=1.5)
14/07 01:41:03 INFO agents.BrownAgent|BrownAgent DAY 24 bid: 9223372036854775807
14/07 01:41:03 INFO agents.BrownAgent|about to get bid bundle from optimizer
14/07 01:41:13 INFO agents.BrownAgent|Day 25 :BankStatus[-0.429479]
14/07 01:41:13 INFO agents.BrownAgent|Day 25: Daily notification for campaign 60661752
14/07 01:41:13 INFO agents.BrownAgent|about to update modeler
14/07 01:41:13 INFO agents.BrownAgent|Day 25:  allocated to DummyAdnetwork. UCS Level set to 0.47829690000000014 at price 0.0 Qualit Score is: 0.9538395805547472
14/07 01:41:13 INFO agents.BrownAgent|Day 25: Campaign opportunity - Campaign ID 1566346134: day 27 to 31 [MALE, YOUNG], reach: 15000 coefs: (v=2.0, m=1.5)
14/07 01:41:13 INFO agents.BrownAgent|BrownAgent DAY 25 bid: 9223372036854775807
14/07 01:41:13 INFO agents.BrownAgent|about to get bid bundle from optimizer
14/07 01:41:23 INFO agents.BrownAgent|Day 26 :BankStatus[-0.510450]
14/07 01:41:23 INFO agents.BrownAgent|Day 26: Daily notification for campaign 1566346134
14/07 01:41:23 INFO agents.BrownAgent|about to update modeler
14/07 01:41:23 INFO agents.BrownAgent|Day 26:  allocated to DummyAdnetwork. UCS Level set to 0.47829690000000014 at price 0.0 Qualit Score is: 0.9538395805547472
14/07 01:41:23 INFO agents.BrownAgent|Day 26: Campaign opportunity - Campaign ID 1950311713: day 28 to 30 [OLD, MALE], reach: 5000 coefs: (v=2.0, m=1.5)
14/07 01:41:23 INFO agents.BrownAgent|BrownAgent DAY 26 bid: 9223372036854775807
14/07 01:41:23 INFO agents.BrownAgent|about to get bid bundle from optimizer
14/07 01:41:35 INFO agents.BrownAgent|Day 27 :BankStatus[-0.591321]
14/07 01:41:35 INFO agents.BrownAgent|Day 27: Daily notification for campaign 1950311713
14/07 01:41:35 INFO agents.BrownAgent|about to update modeler
14/07 01:41:35 INFO agents.BrownAgent|Day 27:  allocated to DummyAdnetwork-4. UCS Level set to 0.47829690000000014 at price 0.0 Qualit Score is: 0.9538395805547472
14/07 01:41:35 INFO agents.BrownAgent|Day 27: Campaign opportunity - Campaign ID 1204684252: day 29 to 33 [OLD, HIGH_INCOME], reach: 15000 coefs: (v=2.0, m=1.5)
14/07 01:41:35 INFO agents.BrownAgent|BrownAgent DAY 27 bid: 9223372036854775807
14/07 01:41:35 INFO agents.BrownAgent|about to get bid bundle from optimizer
14/07 01:41:43 INFO agents.BrownAgent|Day 28 :BankStatus[-0.670285]
14/07 01:41:43 INFO agents.BrownAgent|Day 28: Daily notification for campaign 1204684252
14/07 01:41:43 INFO agents.BrownAgent|about to update modeler
14/07 01:41:43 INFO agents.BrownAgent|Day 28:  allocated to DummyAdnetwork-4. UCS Level set to 0.47829690000000014 at price 0.0 Qualit Score is: 0.9538395805547472
14/07 01:41:43 INFO agents.BrownAgent|Day 28: Campaign opportunity - Campaign ID 1225539501: day 30 to 34 [YOUNG, FEMALE], reach: 5000 coefs: (v=2.0, m=1.5)
14/07 01:41:43 INFO agents.BrownAgent|BrownAgent DAY 28 bid: 9223372036854775807
14/07 01:41:44 INFO agents.BrownAgent|about to get bid bundle from optimizer
14/07 01:41:56 INFO agents.BrownAgent|Day 29 :BankStatus[-0.749269]
14/07 01:41:56 INFO agents.BrownAgent|Day 29: Daily notification for campaign 1225539501
14/07 01:41:56 INFO agents.BrownAgent|about to update modeler
14/07 01:41:56 INFO agents.BrownAgent|Day 29:  allocated to DummyAdnetwork. UCS Level set to 0.47829690000000014 at price 0.0 Qualit Score is: 0.9538395805547472
14/07 01:41:56 INFO agents.BrownAgent|Day 29: Campaign opportunity - Campaign ID 7871206: day 31 to 33 [LOW_INCOME, FEMALE], reach: 5000 coefs: (v=2.0, m=1.5)
14/07 01:41:56 INFO agents.BrownAgent|BrownAgent DAY 29 bid: 9223372036854775807
14/07 01:41:56 INFO agents.BrownAgent|about to get bid bundle from optimizer
14/07 01:42:03 INFO agents.BrownAgent|Day 30 :BankStatus[-0.823822]
14/07 01:42:03 INFO agents.BrownAgent|Day 30: Daily notification for campaign 7871206
14/07 01:42:03 INFO agents.BrownAgent|about to update modeler
14/07 01:42:03 INFO agents.BrownAgent|Day 30:  allocated to adv2. UCS Level set to 0.47829690000000014 at price 0.0 Qualit Score is: 0.9538395805547472
14/07 01:42:03 INFO agents.BrownAgent|Day 30: Campaign opportunity - Campaign ID 953142023: day 32 to 34 [FEMALE, HIGH_INCOME], reach: 15000 coefs: (v=2.0, m=1.5)
14/07 01:42:03 INFO agents.BrownAgent|BrownAgent DAY 30 bid: 9223372036854775807
14/07 01:42:03 INFO agents.BrownAgent|about to get bid bundle from optimizer
14/07 01:42:13 INFO agents.BrownAgent|Day 31 :BankStatus[-0.898015]
14/07 01:42:13 INFO agents.BrownAgent|Day 31: Daily notification for campaign 953142023
14/07 01:42:13 INFO agents.BrownAgent|about to update modeler
14/07 01:42:13 INFO agents.BrownAgent|Day 31:  allocated to DummyAdnetwork-2. UCS Level set to 0.47829690000000014 at price 0.0 Qualit Score is: 0.9538395805547472
14/07 01:42:13 INFO agents.BrownAgent|Day 31: Campaign opportunity - Campaign ID 1547846091: day 33 to 42 [OLD, LOW_INCOME], reach: 10000 coefs: (v=2.0, m=1.5)
14/07 01:42:13 INFO agents.BrownAgent|BrownAgent DAY 31 bid: 9223372036854775807
14/07 01:42:13 INFO agents.BrownAgent|about to get bid bundle from optimizer
14/07 01:42:23 INFO agents.BrownAgent|Day 32 :BankStatus[-0.975465]
14/07 01:42:23 INFO agents.BrownAgent|Day 32: Daily notification for campaign 1547846091
14/07 01:42:23 INFO agents.BrownAgent|about to update modeler
14/07 01:42:23 INFO agents.BrownAgent|Day 32:  allocated to DummyAdnetwork-3. UCS Level set to 0.47829690000000014 at price 0.0 Qualit Score is: 0.9538395805547472
14/07 01:42:23 INFO agents.BrownAgent|Day 32: Campaign opportunity - Campaign ID 1761374291: day 34 to 38 [YOUNG, FEMALE], reach: 15000 coefs: (v=2.0, m=1.5)
14/07 01:42:23 INFO agents.BrownAgent|BrownAgent DAY 32 bid: 9223372036854775807
14/07 01:42:23 INFO agents.BrownAgent|about to get bid bundle from optimizer
14/07 01:42:35 INFO agents.BrownAgent|Day 33 :BankStatus[-1.056315]
14/07 01:42:35 INFO agents.BrownAgent|Day 33: Daily notification for campaign 1761374291
14/07 01:42:35 INFO agents.BrownAgent|about to update modeler
14/07 01:42:35 INFO agents.BrownAgent|Day 33:  allocated to DummyAdnetwork. UCS Level set to 0.47829690000000014 at price 0.0 Qualit Score is: 0.9538395805547472
14/07 01:42:35 INFO agents.BrownAgent|Day 33: Campaign opportunity - Campaign ID 757571913: day 35 to 37 [OLD, MALE], reach: 5000 coefs: (v=2.0, m=1.5)
14/07 01:42:35 INFO agents.BrownAgent|BrownAgent DAY 33 bid: 9223372036854775807
14/07 01:42:35 INFO agents.BrownAgent|about to get bid bundle from optimizer
14/07 01:42:42 INFO agents.BrownAgent|Day 34 :BankStatus[-1.136814]
14/07 01:42:42 INFO agents.BrownAgent|Day 34: Daily notification for campaign 757571913
14/07 01:42:42 INFO agents.BrownAgent|about to update modeler
14/07 01:42:42 INFO agents.BrownAgent|Day 34:  allocated to DummyAdnetwork-2. UCS Level set to 0.47829690000000014 at price 0.0 Qualit Score is: 0.9538395805547472
14/07 01:42:42 INFO agents.BrownAgent|Day 34: Campaign opportunity - Campaign ID 1277099089: day 36 to 45 [MALE, LOW_INCOME], reach: 5000 coefs: (v=2.0, m=1.5)
14/07 01:42:42 INFO agents.BrownAgent|BrownAgent DAY 34 bid: 9223372036854775807
14/07 01:42:42 INFO agents.BrownAgent|about to get bid bundle from optimizer
14/07 01:42:53 INFO agents.BrownAgent|Day 35 :BankStatus[-1.209900]
14/07 01:42:53 INFO agents.BrownAgent|Day 35: Daily notification for campaign 1277099089
14/07 01:42:53 INFO agents.BrownAgent|about to update modeler
14/07 01:42:53 INFO agents.BrownAgent|Day 35:  allocated to adv2. UCS Level set to 0.47829690000000014 at price 0.0 Qualit Score is: 0.9538395805547472
14/07 01:42:53 INFO agents.BrownAgent|Day 35: Campaign opportunity - Campaign ID 1919523195: day 37 to 46 [MALE, HIGH_INCOME], reach: 15000 coefs: (v=2.0, m=1.5)
14/07 01:42:53 INFO agents.BrownAgent|BrownAgent DAY 35 bid: 9223372036854775807
14/07 01:42:53 INFO agents.BrownAgent|about to get bid bundle from optimizer
14/07 01:43:04 INFO agents.BrownAgent|Day 36 :BankStatus[-1.283166]
14/07 01:43:04 INFO agents.BrownAgent|Day 36: Daily notification for campaign 1919523195
14/07 01:43:04 INFO agents.BrownAgent|about to update modeler
14/07 01:43:04 INFO agents.BrownAgent|Day 36:  allocated to DummyAdnetwork-3. UCS Level set to 0.47829690000000014 at price 0.0 Qualit Score is: 0.9538395805547472
14/07 01:43:04 INFO agents.BrownAgent|Day 36: Campaign opportunity - Campaign ID 420652249: day 38 to 47 [MALE, YOUNG], reach: 5000 coefs: (v=2.0, m=1.5)
14/07 01:43:04 INFO agents.BrownAgent|BrownAgent DAY 36 bid: 9223372036854775807
14/07 01:43:05 INFO agents.BrownAgent|about to get bid bundle from optimizer
