28/06 23:54:01 INFO naive.NaiveAgent|UNKNOWN Message Received: edu.umich.eecs.tac.props.AdvertiserInfo@bc76a1c1
28/06 23:54:01 INFO naive.NaiveAgent|Day 0 :BankStatus[0.000000]
28/06 23:54:01 INFO naive.NaiveAgent|tau.tac.adx.report.demand.InitialCampaignMessage[20566293,1250,1,5,[HIGH_INCOME, MALE],2.0,1.5,demand,[]]
28/06 23:54:01 SEVERE agentware.AgentServiceImpl|agent could not handle message Message[coordinator,adv1,tau.tac.adx.report.demand.InitialCampaignMessage[20566293,1250,1,5,[HIGH_INCOME, MALE],2.0,1.5,demand,[]]]
java.lang.ClassFormatError: Incompatible magic value 1347093252 in class file naive/NaiveAgent$CampaignData
	at java.lang.ClassLoader.defineClass1(Native Method)
	at java.lang.ClassLoader.defineClassCond(ClassLoader.java:631)
	at java.lang.ClassLoader.defineClass(ClassLoader.java:615)
	at java.security.SecureClassLoader.defineClass(SecureClassLoader.java:141)
	at java.net.URLClassLoader.defineClass(URLClassLoader.java:283)
	at java.net.URLClassLoader.access$000(URLClassLoader.java:58)
	at java.net.URLClassLoader$1.run(URLClassLoader.java:197)
	at java.security.AccessController.doPrivileged(Native Method)
	at java.net.URLClassLoader.findClass(URLClassLoader.java:190)
	at java.lang.ClassLoader.loadClass(ClassLoader.java:306)
	at sun.misc.Launcher$AppClassLoader.loadClass(Launcher.java:301)
	at java.lang.ClassLoader.loadClass(ClassLoader.java:247)
	at naive.NaiveAgent.handleInitialCampaignMessage(NaiveAgent.java:200)
	at naive.NaiveAgent.messageReceived(NaiveAgent.java:129)
	at se.sics.tasim.aw.AgentService.deliverToAgent(AgentService.java:130)
	at tau.tac.adx.agentware.AgentServiceImpl.deliverToAgent(AgentServiceImpl.java:134)
	at tau.tac.adx.agentware.SimClient.run(SimClient.java:439)
	at java.lang.Thread.run(Thread.java:680)
28/06 23:54:01 SEVERE agentware.AgentServiceImpl|agent could not handle message Message[coordinator,adv1,tau.tac.adx.report.demand.CampaignOpportunityMessage[314335239,15000,2,4,[FEMALE, LOW_INCOME],2.0,1.5,0,[]]]
java.lang.ClassFormatError: naive/NaiveAgent$CampaignData
	at naive.NaiveAgent.handleICampaignOpportunityMessage(NaiveAgent.java:222)
	at naive.NaiveAgent.messageReceived(NaiveAgent.java:131)
	at se.sics.tasim.aw.AgentService.deliverToAgent(AgentService.java:130)
	at tau.tac.adx.agentware.AgentServiceImpl.deliverToAgent(AgentServiceImpl.java:134)
	at tau.tac.adx.agentware.SimClient.run(SimClient.java:439)
	at java.lang.Thread.run(Thread.java:680)
28/06 23:54:01 INFO naive.NaiveAgent|Day 0 : Simulation Status Received
28/06 23:54:01 INFO naive.NaiveAgent|Day 0: Sending BidBundle
28/06 23:54:01 INFO naive.NaiveAgent|Day 0 ended. Starting next day
28/06 23:54:14 INFO naive.NaiveAgent|Day 1 :BankStatus[0.000000]
28/06 23:54:14 INFO naive.NaiveAgent|Day 1: Daily notification for campaign 314335239
28/06 23:54:14 SEVERE agentware.AgentServiceImpl|agent could not handle message Message[coordinator,adv1,AdNetworkDailyNotification [effectiveDay=1, serviceLevel=0.47829690000000014, price=0.0, qualityScore=1.0, campaignId=314335239, winner=DummyAdnetwork-3, cost=0.0]]
java.lang.ClassFormatError: naive/NaiveAgent$CampaignData
	at naive.NaiveAgent.handleAdNetworkDailyNotification(NaiveAgent.java:282)
	at naive.NaiveAgent.messageReceived(NaiveAgent.java:135)
	at se.sics.tasim.aw.AgentService.deliverToAgent(AgentService.java:130)
	at tau.tac.adx.agentware.AgentServiceImpl.deliverToAgent(AgentServiceImpl.java:134)
	at tau.tac.adx.agentware.SimClient.run(SimClient.java:439)
	at java.lang.Thread.run(Thread.java:680)
28/06 23:54:14 SEVERE agentware.AgentServiceImpl|agent could not handle message Message[coordinator,adv1,tau.tac.adx.report.demand.CampaignOpportunityMessage[2018414300,10000,3,7,[YOUNG, MALE],2.0,1.5,1,[]]]
java.lang.ClassFormatError: naive/NaiveAgent$CampaignData
	at naive.NaiveAgent.handleICampaignOpportunityMessage(NaiveAgent.java:222)
	at naive.NaiveAgent.messageReceived(NaiveAgent.java:131)
	at se.sics.tasim.aw.AgentService.deliverToAgent(AgentService.java:130)
	at tau.tac.adx.agentware.AgentServiceImpl.deliverToAgent(AgentServiceImpl.java:134)
	at tau.tac.adx.agentware.SimClient.run(SimClient.java:439)
	at java.lang.Thread.run(Thread.java:680)
28/06 23:54:14 INFO naive.NaiveAgent|Day 1 : Simulation Status Received
28/06 23:54:14 INFO naive.NaiveAgent|Day 1: Sending BidBundle
28/06 23:54:14 INFO naive.NaiveAgent|Day 1 ended. Starting next day
28/06 23:54:24 INFO naive.NaiveAgent|Day 2 :BankStatus[-0.121893]
28/06 23:54:24 SEVERE agentware.AgentServiceImpl|agent could not handle message Message[coordinator,adv1,(CampaignReport CampaignReportEntry [tgt imps=0.0, ntg imps=0.0, cost=0.0])]
java.lang.ClassFormatError: naive/NaiveAgent$CampaignData
	at naive.NaiveAgent.handleCampaignReport(NaiveAgent.java:408)
	at naive.NaiveAgent.messageReceived(NaiveAgent.java:133)
	at se.sics.tasim.aw.AgentService.deliverToAgent(AgentService.java:130)
	at tau.tac.adx.agentware.AgentServiceImpl.deliverToAgent(AgentServiceImpl.java:134)
	at tau.tac.adx.agentware.SimClient.run(SimClient.java:439)
	at java.lang.Thread.run(Thread.java:680)
28/06 23:54:24 INFO naive.NaiveAgent|Day 2: Daily notification for campaign 2018414300
28/06 23:54:24 SEVERE agentware.AgentServiceImpl|agent could not handle message Message[coordinator,adv1,AdNetworkDailyNotification [effectiveDay=2, serviceLevel=0.47829690000000014, price=0.0, qualityScore=1.0, campaignId=2018414300, winner=DummyAdnetwork-3, cost=0.0]]
java.lang.ClassFormatError: naive/NaiveAgent$CampaignData
	at naive.NaiveAgent.handleAdNetworkDailyNotification(NaiveAgent.java:282)
	at naive.NaiveAgent.messageReceived(NaiveAgent.java:135)
	at se.sics.tasim.aw.AgentService.deliverToAgent(AgentService.java:130)
	at tau.tac.adx.agentware.AgentServiceImpl.deliverToAgent(AgentServiceImpl.java:134)
	at tau.tac.adx.agentware.SimClient.run(SimClient.java:439)
	at java.lang.Thread.run(Thread.java:680)
28/06 23:54:24 SEVERE agentware.AgentServiceImpl|agent could not handle message Message[coordinator,adv1,tau.tac.adx.report.demand.CampaignOpportunityMessage[953010779,15000,4,6,[YOUNG, MALE],2.0,1.5,2,[]]]
java.lang.ClassFormatError: naive/NaiveAgent$CampaignData
	at naive.NaiveAgent.handleICampaignOpportunityMessage(NaiveAgent.java:222)
	at naive.NaiveAgent.messageReceived(NaiveAgent.java:131)
	at se.sics.tasim.aw.AgentService.deliverToAgent(AgentService.java:130)
	at tau.tac.adx.agentware.AgentServiceImpl.deliverToAgent(AgentServiceImpl.java:134)
	at tau.tac.adx.agentware.SimClient.run(SimClient.java:439)
	at java.lang.Thread.run(Thread.java:680)
28/06 23:54:24 INFO naive.NaiveAgent|Day 2 : Simulation Status Received
28/06 23:54:24 INFO naive.NaiveAgent|Day 2: Sending BidBundle
28/06 23:54:24 INFO naive.NaiveAgent|Day 2 ended. Starting next day
28/06 23:54:35 INFO naive.NaiveAgent|Day 3 :BankStatus[-0.209519]
28/06 23:54:35 SEVERE agentware.AgentServiceImpl|agent could not handle message Message[coordinator,adv1,(CampaignReport CampaignReportEntry [tgt imps=0.0, ntg imps=0.0, cost=0.0])]
java.lang.ClassFormatError: naive/NaiveAgent$CampaignData
	at naive.NaiveAgent.handleCampaignReport(NaiveAgent.java:408)
	at naive.NaiveAgent.messageReceived(NaiveAgent.java:133)
	at se.sics.tasim.aw.AgentService.deliverToAgent(AgentService.java:130)
	at tau.tac.adx.agentware.AgentServiceImpl.deliverToAgent(AgentServiceImpl.java:134)
	at tau.tac.adx.agentware.SimClient.run(SimClient.java:439)
	at java.lang.Thread.run(Thread.java:680)
28/06 23:54:35 INFO naive.NaiveAgent|Day 3: Daily notification for campaign 953010779
28/06 23:54:35 SEVERE agentware.AgentServiceImpl|agent could not handle message Message[coordinator,adv1,AdNetworkDailyNotification [effectiveDay=3, serviceLevel=0.47829690000000014, price=0.0, qualityScore=1.0, campaignId=953010779, winner=DummyAdnetwork-4, cost=0.0]]
java.lang.ClassFormatError: naive/NaiveAgent$CampaignData
	at naive.NaiveAgent.handleAdNetworkDailyNotification(NaiveAgent.java:282)
	at naive.NaiveAgent.messageReceived(NaiveAgent.java:135)
	at se.sics.tasim.aw.AgentService.deliverToAgent(AgentService.java:130)
	at tau.tac.adx.agentware.AgentServiceImpl.deliverToAgent(AgentServiceImpl.java:134)
	at tau.tac.adx.agentware.SimClient.run(SimClient.java:439)
	at java.lang.Thread.run(Thread.java:680)
28/06 23:54:35 SEVERE agentware.AgentServiceImpl|agent could not handle message Message[coordinator,adv1,tau.tac.adx.report.demand.CampaignOpportunityMessage[360104544,5000,5,7,[HIGH_INCOME, MALE],2.0,1.5,3,[]]]
java.lang.ClassFormatError: naive/NaiveAgent$CampaignData
	at naive.NaiveAgent.handleICampaignOpportunityMessage(NaiveAgent.java:222)
	at naive.NaiveAgent.messageReceived(NaiveAgent.java:131)
	at se.sics.tasim.aw.AgentService.deliverToAgent(AgentService.java:130)
	at tau.tac.adx.agentware.AgentServiceImpl.deliverToAgent(AgentServiceImpl.java:134)
	at tau.tac.adx.agentware.SimClient.run(SimClient.java:439)
	at java.lang.Thread.run(Thread.java:680)
28/06 23:54:35 INFO naive.NaiveAgent|Day 3 : Simulation Status Received
28/06 23:54:35 INFO naive.NaiveAgent|Day 3: Sending BidBundle
28/06 23:54:35 INFO naive.NaiveAgent|Day 3 ended. Starting next day
28/06 23:54:44 INFO naive.NaiveAgent|Day 4 :BankStatus[-0.296056]
28/06 23:54:44 SEVERE agentware.AgentServiceImpl|agent could not handle message Message[coordinator,adv1,(CampaignReport CampaignReportEntry [tgt imps=0.0, ntg imps=0.0, cost=0.0])]
java.lang.ClassFormatError: naive/NaiveAgent$CampaignData
	at naive.NaiveAgent.handleCampaignReport(NaiveAgent.java:408)
	at naive.NaiveAgent.messageReceived(NaiveAgent.java:133)
	at se.sics.tasim.aw.AgentService.deliverToAgent(AgentService.java:130)
	at tau.tac.adx.agentware.AgentServiceImpl.deliverToAgent(AgentServiceImpl.java:134)
	at tau.tac.adx.agentware.SimClient.run(SimClient.java:439)
	at java.lang.Thread.run(Thread.java:680)
28/06 23:54:44 INFO naive.NaiveAgent|Day 4: Daily notification for campaign 360104544
28/06 23:54:44 SEVERE agentware.AgentServiceImpl|agent could not handle message Message[coordinator,adv1,AdNetworkDailyNotification [effectiveDay=4, serviceLevel=0.47829690000000014, price=0.0, qualityScore=1.0, campaignId=360104544, winner=DummyAdnetwork-4, cost=0.0]]
java.lang.ClassFormatError: naive/NaiveAgent$CampaignData
	at naive.NaiveAgent.handleAdNetworkDailyNotification(NaiveAgent.java:282)
	at naive.NaiveAgent.messageReceived(NaiveAgent.java:135)
	at se.sics.tasim.aw.AgentService.deliverToAgent(AgentService.java:130)
	at tau.tac.adx.agentware.AgentServiceImpl.deliverToAgent(AgentServiceImpl.java:134)
	at tau.tac.adx.agentware.SimClient.run(SimClient.java:439)
	at java.lang.Thread.run(Thread.java:680)
28/06 23:54:44 SEVERE agentware.AgentServiceImpl|agent could not handle message Message[coordinator,adv1,tau.tac.adx.report.demand.CampaignOpportunityMessage[865822676,10000,6,8,[OLD, MALE],2.0,1.5,4,[]]]
java.lang.ClassFormatError: naive/NaiveAgent$CampaignData
	at naive.NaiveAgent.handleICampaignOpportunityMessage(NaiveAgent.java:222)
	at naive.NaiveAgent.messageReceived(NaiveAgent.java:131)
	at se.sics.tasim.aw.AgentService.deliverToAgent(AgentService.java:130)
	at tau.tac.adx.agentware.AgentServiceImpl.deliverToAgent(AgentServiceImpl.java:134)
	at tau.tac.adx.agentware.SimClient.run(SimClient.java:439)
	at java.lang.Thread.run(Thread.java:680)
28/06 23:54:44 INFO naive.NaiveAgent|Day 4 : Simulation Status Received
28/06 23:54:44 INFO naive.NaiveAgent|Day 4: Sending BidBundle
28/06 23:54:44 INFO naive.NaiveAgent|Day 4 ended. Starting next day
28/06 23:54:53 INFO naive.NaiveAgent|Day 5 :BankStatus[-0.379553]
28/06 23:54:53 SEVERE agentware.AgentServiceImpl|agent could not handle message Message[coordinator,adv1,(CampaignReport CampaignReportEntry [tgt imps=0.0, ntg imps=0.0, cost=0.0])]
java.lang.ClassFormatError: naive/NaiveAgent$CampaignData
	at naive.NaiveAgent.handleCampaignReport(NaiveAgent.java:408)
	at naive.NaiveAgent.messageReceived(NaiveAgent.java:133)
	at se.sics.tasim.aw.AgentService.deliverToAgent(AgentService.java:130)
	at tau.tac.adx.agentware.AgentServiceImpl.deliverToAgent(AgentServiceImpl.java:134)
	at tau.tac.adx.agentware.SimClient.run(SimClient.java:439)
	at java.lang.Thread.run(Thread.java:680)
28/06 23:54:53 INFO naive.NaiveAgent|Day 5: Daily notification for campaign 865822676
28/06 23:54:53 SEVERE agentware.AgentServiceImpl|agent could not handle message Message[coordinator,adv1,AdNetworkDailyNotification [effectiveDay=5, serviceLevel=0.47829690000000014, price=0.0, qualityScore=1.0, campaignId=865822676, winner=DummyAdnetwork-2, cost=0.0]]
java.lang.ClassFormatError: naive/NaiveAgent$CampaignData
	at naive.NaiveAgent.handleAdNetworkDailyNotification(NaiveAgent.java:282)
	at naive.NaiveAgent.messageReceived(NaiveAgent.java:135)
	at se.sics.tasim.aw.AgentService.deliverToAgent(AgentService.java:130)
	at tau.tac.adx.agentware.AgentServiceImpl.deliverToAgent(AgentServiceImpl.java:134)
	at tau.tac.adx.agentware.SimClient.run(SimClient.java:439)
	at java.lang.Thread.run(Thread.java:680)
28/06 23:54:53 SEVERE agentware.AgentServiceImpl|agent could not handle message Message[coordinator,adv1,tau.tac.adx.report.demand.CampaignOpportunityMessage[2016279907,5000,7,9,[MALE, LOW_INCOME],2.0,1.5,5,[]]]
java.lang.ClassFormatError: naive/NaiveAgent$CampaignData
	at naive.NaiveAgent.handleICampaignOpportunityMessage(NaiveAgent.java:222)
	at naive.NaiveAgent.messageReceived(NaiveAgent.java:131)
	at se.sics.tasim.aw.AgentService.deliverToAgent(AgentService.java:130)
	at tau.tac.adx.agentware.AgentServiceImpl.deliverToAgent(AgentServiceImpl.java:134)
	at tau.tac.adx.agentware.SimClient.run(SimClient.java:439)
	at java.lang.Thread.run(Thread.java:680)
28/06 23:54:53 INFO naive.NaiveAgent|Day 5 : Simulation Status Received
28/06 23:54:53 INFO naive.NaiveAgent|Day 5: Sending BidBundle
28/06 23:54:53 INFO naive.NaiveAgent|Day 5 ended. Starting next day
28/06 23:55:04 INFO naive.NaiveAgent|Day 6 :BankStatus[-0.457951]
28/06 23:55:04 INFO naive.NaiveAgent|Day 6: Daily notification for campaign 2016279907
28/06 23:55:04 SEVERE agentware.AgentServiceImpl|agent could not handle message Message[coordinator,adv1,AdNetworkDailyNotification [effectiveDay=6, serviceLevel=0.47829690000000014, price=0.0, qualityScore=0.4, campaignId=2016279907, winner=DummyAdnetwork-7, cost=0.0]]
java.lang.ClassFormatError: naive/NaiveAgent$CampaignData
	at naive.NaiveAgent.handleAdNetworkDailyNotification(NaiveAgent.java:282)
	at naive.NaiveAgent.messageReceived(NaiveAgent.java:135)
	at se.sics.tasim.aw.AgentService.deliverToAgent(AgentService.java:130)
	at tau.tac.adx.agentware.AgentServiceImpl.deliverToAgent(AgentServiceImpl.java:134)
	at tau.tac.adx.agentware.SimClient.run(SimClient.java:439)
	at java.lang.Thread.run(Thread.java:680)
28/06 23:55:04 SEVERE agentware.AgentServiceImpl|agent could not handle message Message[coordinator,adv1,tau.tac.adx.report.demand.CampaignOpportunityMessage[732682579,15000,8,12,[HIGH_INCOME, MALE],2.0,1.5,6,[]]]
java.lang.ClassFormatError: naive/NaiveAgent$CampaignData
	at naive.NaiveAgent.handleICampaignOpportunityMessage(NaiveAgent.java:222)
	at naive.NaiveAgent.messageReceived(NaiveAgent.java:131)
	at se.sics.tasim.aw.AgentService.deliverToAgent(AgentService.java:130)
	at tau.tac.adx.agentware.AgentServiceImpl.deliverToAgent(AgentServiceImpl.java:134)
	at tau.tac.adx.agentware.SimClient.run(SimClient.java:439)
	at java.lang.Thread.run(Thread.java:680)
28/06 23:55:04 INFO naive.NaiveAgent|Day 6 : Simulation Status Received
28/06 23:55:04 INFO naive.NaiveAgent|Day 6: Sending BidBundle
28/06 23:55:04 INFO naive.NaiveAgent|Day 6 ended. Starting next day
28/06 23:55:13 INFO naive.NaiveAgent|Day 7 :BankStatus[-0.531952]
28/06 23:55:13 INFO naive.NaiveAgent|Day 7: Daily notification for campaign 732682579
28/06 23:55:13 SEVERE agentware.AgentServiceImpl|agent could not handle message Message[coordinator,adv1,AdNetworkDailyNotification [effectiveDay=7, serviceLevel=0.47829690000000014, price=0.0, qualityScore=0.4, campaignId=732682579, winner=DummyAdnetwork-3, cost=0.0]]
java.lang.ClassFormatError: naive/NaiveAgent$CampaignData
	at naive.NaiveAgent.handleAdNetworkDailyNotification(NaiveAgent.java:282)
	at naive.NaiveAgent.messageReceived(NaiveAgent.java:135)
	at se.sics.tasim.aw.AgentService.deliverToAgent(AgentService.java:130)
	at tau.tac.adx.agentware.AgentServiceImpl.deliverToAgent(AgentServiceImpl.java:134)
	at tau.tac.adx.agentware.SimClient.run(SimClient.java:439)
	at java.lang.Thread.run(Thread.java:680)
28/06 23:55:13 SEVERE agentware.AgentServiceImpl|agent could not handle message Message[coordinator,adv1,tau.tac.adx.report.demand.CampaignOpportunityMessage[889466564,15000,9,13,[MALE, LOW_INCOME],2.0,1.5,7,[]]]
java.lang.ClassFormatError: naive/NaiveAgent$CampaignData
	at naive.NaiveAgent.handleICampaignOpportunityMessage(NaiveAgent.java:222)
	at naive.NaiveAgent.messageReceived(NaiveAgent.java:131)
	at se.sics.tasim.aw.AgentService.deliverToAgent(AgentService.java:130)
	at tau.tac.adx.agentware.AgentServiceImpl.deliverToAgent(AgentServiceImpl.java:134)
	at tau.tac.adx.agentware.SimClient.run(SimClient.java:439)
	at java.lang.Thread.run(Thread.java:680)
28/06 23:55:13 INFO naive.NaiveAgent|Day 7 : Simulation Status Received
28/06 23:55:13 INFO naive.NaiveAgent|Day 7: Sending BidBundle
28/06 23:55:13 INFO naive.NaiveAgent|Day 7 ended. Starting next day
28/06 23:55:21 INFO naive.NaiveAgent|Day 8 :BankStatus[-0.595712]
28/06 23:55:21 INFO naive.NaiveAgent|Day 8: Daily notification for campaign 889466564
28/06 23:55:21 SEVERE agentware.AgentServiceImpl|agent could not handle message Message[coordinator,adv1,AdNetworkDailyNotification [effectiveDay=8, serviceLevel=0.47829690000000014, price=0.0, qualityScore=0.4, campaignId=889466564, winner=DummyAdnetwork, cost=0.0]]
java.lang.ClassFormatError: naive/NaiveAgent$CampaignData
	at naive.NaiveAgent.handleAdNetworkDailyNotification(NaiveAgent.java:282)
	at naive.NaiveAgent.messageReceived(NaiveAgent.java:135)
	at se.sics.tasim.aw.AgentService.deliverToAgent(AgentService.java:130)
	at tau.tac.adx.agentware.AgentServiceImpl.deliverToAgent(AgentServiceImpl.java:134)
	at tau.tac.adx.agentware.SimClient.run(SimClient.java:439)
	at java.lang.Thread.run(Thread.java:680)
28/06 23:55:21 SEVERE agentware.AgentServiceImpl|agent could not handle message Message[coordinator,adv1,tau.tac.adx.report.demand.CampaignOpportunityMessage[803785534,10000,10,12,[YOUNG, LOW_INCOME],2.0,1.5,8,[]]]
java.lang.ClassFormatError: naive/NaiveAgent$CampaignData
	at naive.NaiveAgent.handleICampaignOpportunityMessage(NaiveAgent.java:222)
	at naive.NaiveAgent.messageReceived(NaiveAgent.java:131)
	at se.sics.tasim.aw.AgentService.deliverToAgent(AgentService.java:130)
	at tau.tac.adx.agentware.AgentServiceImpl.deliverToAgent(AgentServiceImpl.java:134)
	at tau.tac.adx.agentware.SimClient.run(SimClient.java:439)
	at java.lang.Thread.run(Thread.java:680)
28/06 23:55:21 INFO naive.NaiveAgent|Day 8 : Simulation Status Received
28/06 23:55:21 INFO naive.NaiveAgent|Day 8: Sending BidBundle
28/06 23:55:21 INFO naive.NaiveAgent|Day 8 ended. Starting next day
28/06 23:55:32 INFO naive.NaiveAgent|Day 9 :BankStatus[-0.656071]
28/06 23:55:32 INFO naive.NaiveAgent|Day 9: Daily notification for campaign 803785534
28/06 23:55:32 SEVERE agentware.AgentServiceImpl|agent could not handle message Message[coordinator,adv1,AdNetworkDailyNotification [effectiveDay=9, serviceLevel=0.47829690000000014, price=0.0, qualityScore=0.4, campaignId=803785534, winner=DummyAdnetwork-3, cost=0.0]]
java.lang.ClassFormatError: naive/NaiveAgent$CampaignData
	at naive.NaiveAgent.handleAdNetworkDailyNotification(NaiveAgent.java:282)
	at naive.NaiveAgent.messageReceived(NaiveAgent.java:135)
	at se.sics.tasim.aw.AgentService.deliverToAgent(AgentService.java:130)
	at tau.tac.adx.agentware.AgentServiceImpl.deliverToAgent(AgentServiceImpl.java:134)
	at tau.tac.adx.agentware.SimClient.run(SimClient.java:439)
	at java.lang.Thread.run(Thread.java:680)
28/06 23:55:32 SEVERE agentware.AgentServiceImpl|agent could not handle message Message[coordinator,adv1,tau.tac.adx.report.demand.CampaignOpportunityMessage[1770718451,15000,11,13,[YOUNG, LOW_INCOME],2.0,1.5,9,[]]]
java.lang.ClassFormatError: naive/NaiveAgent$CampaignData
	at naive.NaiveAgent.handleICampaignOpportunityMessage(NaiveAgent.java:222)
	at naive.NaiveAgent.messageReceived(NaiveAgent.java:131)
	at se.sics.tasim.aw.AgentService.deliverToAgent(AgentService.java:130)
	at tau.tac.adx.agentware.AgentServiceImpl.deliverToAgent(AgentServiceImpl.java:134)
	at tau.tac.adx.agentware.SimClient.run(SimClient.java:439)
	at java.lang.Thread.run(Thread.java:680)
28/06 23:55:32 INFO naive.NaiveAgent|Day 9 : Simulation Status Received
28/06 23:55:32 INFO naive.NaiveAgent|Day 9: Sending BidBundle
28/06 23:55:32 INFO naive.NaiveAgent|Day 9 ended. Starting next day
28/06 23:55:43 INFO naive.NaiveAgent|Day 10 :BankStatus[-0.713044]
28/06 23:55:43 INFO naive.NaiveAgent|Day 10: Daily notification for campaign 1770718451
28/06 23:55:43 SEVERE agentware.AgentServiceImpl|agent could not handle message Message[coordinator,adv1,AdNetworkDailyNotification [effectiveDay=10, serviceLevel=0.47829690000000014, price=0.0, qualityScore=0.4, campaignId=1770718451, winner=DummyAdnetwork-3, cost=0.0]]
java.lang.ClassFormatError: naive/NaiveAgent$CampaignData
	at naive.NaiveAgent.handleAdNetworkDailyNotification(NaiveAgent.java:282)
	at naive.NaiveAgent.messageReceived(NaiveAgent.java:135)
	at se.sics.tasim.aw.AgentService.deliverToAgent(AgentService.java:130)
	at tau.tac.adx.agentware.AgentServiceImpl.deliverToAgent(AgentServiceImpl.java:134)
	at tau.tac.adx.agentware.SimClient.run(SimClient.java:439)
	at java.lang.Thread.run(Thread.java:680)
28/06 23:55:43 SEVERE agentware.AgentServiceImpl|agent could not handle message Message[coordinator,adv1,tau.tac.adx.report.demand.CampaignOpportunityMessage[915531616,10000,12,21,[OLD, MALE],2.0,1.5,10,[]]]
java.lang.ClassFormatError: naive/NaiveAgent$CampaignData
	at naive.NaiveAgent.handleICampaignOpportunityMessage(NaiveAgent.java:222)
	at naive.NaiveAgent.messageReceived(NaiveAgent.java:131)
	at se.sics.tasim.aw.AgentService.deliverToAgent(AgentService.java:130)
	at tau.tac.adx.agentware.AgentServiceImpl.deliverToAgent(AgentServiceImpl.java:134)
	at tau.tac.adx.agentware.SimClient.run(SimClient.java:439)
	at java.lang.Thread.run(Thread.java:680)
28/06 23:55:43 INFO naive.NaiveAgent|Day 10 : Simulation Status Received
28/06 23:55:43 INFO naive.NaiveAgent|Day 10: Sending BidBundle
28/06 23:55:43 INFO naive.NaiveAgent|Day 10 ended. Starting next day
28/06 23:55:52 INFO naive.NaiveAgent|Day 11 :BankStatus[-0.766820]
28/06 23:55:52 INFO naive.NaiveAgent|Day 11: Daily notification for campaign 915531616
28/06 23:55:52 SEVERE agentware.AgentServiceImpl|agent could not handle message Message[coordinator,adv1,AdNetworkDailyNotification [effectiveDay=11, serviceLevel=0.47829690000000014, price=0.0, qualityScore=0.4, campaignId=915531616, winner=DummyAdnetwork-6, cost=0.0]]
java.lang.ClassFormatError: naive/NaiveAgent$CampaignData
	at naive.NaiveAgent.handleAdNetworkDailyNotification(NaiveAgent.java:282)
	at naive.NaiveAgent.messageReceived(NaiveAgent.java:135)
	at se.sics.tasim.aw.AgentService.deliverToAgent(AgentService.java:130)
	at tau.tac.adx.agentware.AgentServiceImpl.deliverToAgent(AgentServiceImpl.java:134)
	at tau.tac.adx.agentware.SimClient.run(SimClient.java:439)
	at java.lang.Thread.run(Thread.java:680)
28/06 23:55:52 SEVERE agentware.AgentServiceImpl|agent could not handle message Message[coordinator,adv1,tau.tac.adx.report.demand.CampaignOpportunityMessage[2000348310,15000,13,15,[FEMALE, OLD],2.0,1.5,11,[]]]
java.lang.ClassFormatError: naive/NaiveAgent$CampaignData
	at naive.NaiveAgent.handleICampaignOpportunityMessage(NaiveAgent.java:222)
	at naive.NaiveAgent.messageReceived(NaiveAgent.java:131)
	at se.sics.tasim.aw.AgentService.deliverToAgent(AgentService.java:130)
	at tau.tac.adx.agentware.AgentServiceImpl.deliverToAgent(AgentServiceImpl.java:134)
	at tau.tac.adx.agentware.SimClient.run(SimClient.java:439)
	at java.lang.Thread.run(Thread.java:680)
28/06 23:55:52 INFO naive.NaiveAgent|Day 11 : Simulation Status Received
28/06 23:55:52 INFO naive.NaiveAgent|Day 11: Sending BidBundle
28/06 23:55:52 INFO naive.NaiveAgent|Day 11 ended. Starting next day
28/06 23:56:02 INFO naive.NaiveAgent|Day 12 :BankStatus[-0.817579]
28/06 23:56:02 INFO naive.NaiveAgent|Day 12: Daily notification for campaign 2000348310
28/06 23:56:02 SEVERE agentware.AgentServiceImpl|agent could not handle message Message[coordinator,adv1,AdNetworkDailyNotification [effectiveDay=12, serviceLevel=0.47829690000000014, price=0.0, qualityScore=0.4, campaignId=2000348310, winner=DummyAdnetwork-4, cost=0.0]]
java.lang.ClassFormatError: naive/NaiveAgent$CampaignData
	at naive.NaiveAgent.handleAdNetworkDailyNotification(NaiveAgent.java:282)
	at naive.NaiveAgent.messageReceived(NaiveAgent.java:135)
	at se.sics.tasim.aw.AgentService.deliverToAgent(AgentService.java:130)
	at tau.tac.adx.agentware.AgentServiceImpl.deliverToAgent(AgentServiceImpl.java:134)
	at tau.tac.adx.agentware.SimClient.run(SimClient.java:439)
	at java.lang.Thread.run(Thread.java:680)
28/06 23:56:02 SEVERE agentware.AgentServiceImpl|agent could not handle message Message[coordinator,adv1,tau.tac.adx.report.demand.CampaignOpportunityMessage[807463297,5000,14,18,[FEMALE, YOUNG],2.0,1.5,12,[]]]
java.lang.ClassFormatError: naive/NaiveAgent$CampaignData
	at naive.NaiveAgent.handleICampaignOpportunityMessage(NaiveAgent.java:222)
	at naive.NaiveAgent.messageReceived(NaiveAgent.java:131)
	at se.sics.tasim.aw.AgentService.deliverToAgent(AgentService.java:130)
	at tau.tac.adx.agentware.AgentServiceImpl.deliverToAgent(AgentServiceImpl.java:134)
	at tau.tac.adx.agentware.SimClient.run(SimClient.java:439)
	at java.lang.Thread.run(Thread.java:680)
28/06 23:56:02 INFO naive.NaiveAgent|Day 12 : Simulation Status Received
28/06 23:56:02 INFO naive.NaiveAgent|Day 12: Sending BidBundle
28/06 23:56:02 INFO naive.NaiveAgent|Day 12 ended. Starting next day
28/06 23:56:13 INFO naive.NaiveAgent|Day 13 :BankStatus[-0.865491]
28/06 23:56:13 INFO naive.NaiveAgent|Day 13: Daily notification for campaign 807463297
28/06 23:56:13 SEVERE agentware.AgentServiceImpl|agent could not handle message Message[coordinator,adv1,AdNetworkDailyNotification [effectiveDay=13, serviceLevel=0.47829690000000014, price=0.0, qualityScore=0.4, campaignId=807463297, winner=DummyAdnetwork-2, cost=0.0]]
java.lang.ClassFormatError: naive/NaiveAgent$CampaignData
	at naive.NaiveAgent.handleAdNetworkDailyNotification(NaiveAgent.java:282)
	at naive.NaiveAgent.messageReceived(NaiveAgent.java:135)
	at se.sics.tasim.aw.AgentService.deliverToAgent(AgentService.java:130)
	at tau.tac.adx.agentware.AgentServiceImpl.deliverToAgent(AgentServiceImpl.java:134)
	at tau.tac.adx.agentware.SimClient.run(SimClient.java:439)
	at java.lang.Thread.run(Thread.java:680)
28/06 23:56:13 SEVERE agentware.AgentServiceImpl|agent could not handle message Message[coordinator,adv1,tau.tac.adx.report.demand.CampaignOpportunityMessage[1671505295,5000,15,24,[FEMALE, YOUNG],2.0,1.5,13,[]]]
java.lang.ClassFormatError: naive/NaiveAgent$CampaignData
	at naive.NaiveAgent.handleICampaignOpportunityMessage(NaiveAgent.java:222)
	at naive.NaiveAgent.messageReceived(NaiveAgent.java:131)
	at se.sics.tasim.aw.AgentService.deliverToAgent(AgentService.java:130)
	at tau.tac.adx.agentware.AgentServiceImpl.deliverToAgent(AgentServiceImpl.java:134)
	at tau.tac.adx.agentware.SimClient.run(SimClient.java:439)
	at java.lang.Thread.run(Thread.java:680)
28/06 23:56:13 INFO naive.NaiveAgent|Day 13 : Simulation Status Received
28/06 23:56:13 INFO naive.NaiveAgent|Day 13: Sending BidBundle
28/06 23:56:13 INFO naive.NaiveAgent|Day 13 ended. Starting next day
28/06 23:56:22 INFO naive.NaiveAgent|Day 14 :BankStatus[-0.909258]
28/06 23:56:22 INFO naive.NaiveAgent|Day 14: Daily notification for campaign 1671505295
28/06 23:56:22 SEVERE agentware.AgentServiceImpl|agent could not handle message Message[coordinator,adv1,AdNetworkDailyNotification [effectiveDay=14, serviceLevel=0.47829690000000014, price=0.0, qualityScore=0.4, campaignId=1671505295, winner=DummyAdnetwork-4, cost=0.0]]
java.lang.ClassFormatError: naive/NaiveAgent$CampaignData
	at naive.NaiveAgent.handleAdNetworkDailyNotification(NaiveAgent.java:282)
	at naive.NaiveAgent.messageReceived(NaiveAgent.java:135)
	at se.sics.tasim.aw.AgentService.deliverToAgent(AgentService.java:130)
	at tau.tac.adx.agentware.AgentServiceImpl.deliverToAgent(AgentServiceImpl.java:134)
	at tau.tac.adx.agentware.SimClient.run(SimClient.java:439)
	at java.lang.Thread.run(Thread.java:680)
28/06 23:56:22 SEVERE agentware.AgentServiceImpl|agent could not handle message Message[coordinator,adv1,tau.tac.adx.report.demand.CampaignOpportunityMessage[1882003979,15000,16,25,[HIGH_INCOME, FEMALE],2.0,1.5,14,[]]]
java.lang.ClassFormatError: naive/NaiveAgent$CampaignData
	at naive.NaiveAgent.handleICampaignOpportunityMessage(NaiveAgent.java:222)
	at naive.NaiveAgent.messageReceived(NaiveAgent.java:131)
	at se.sics.tasim.aw.AgentService.deliverToAgent(AgentService.java:130)
	at tau.tac.adx.agentware.AgentServiceImpl.deliverToAgent(AgentServiceImpl.java:134)
	at tau.tac.adx.agentware.SimClient.run(SimClient.java:439)
	at java.lang.Thread.run(Thread.java:680)
28/06 23:56:22 INFO naive.NaiveAgent|Day 14 : Simulation Status Received
28/06 23:56:22 INFO naive.NaiveAgent|Day 14: Sending BidBundle
28/06 23:56:22 INFO naive.NaiveAgent|Day 14 ended. Starting next day
28/06 23:56:32 INFO naive.NaiveAgent|Day 15 :BankStatus[-0.950569]
28/06 23:56:32 INFO naive.NaiveAgent|Day 15: Daily notification for campaign 1882003979
28/06 23:56:32 SEVERE agentware.AgentServiceImpl|agent could not handle message Message[coordinator,adv1,AdNetworkDailyNotification [effectiveDay=15, serviceLevel=0.47829690000000014, price=0.0, qualityScore=0.4, campaignId=1882003979, winner=DummyAdnetwork-2, cost=0.0]]
java.lang.ClassFormatError: naive/NaiveAgent$CampaignData
	at naive.NaiveAgent.handleAdNetworkDailyNotification(NaiveAgent.java:282)
	at naive.NaiveAgent.messageReceived(NaiveAgent.java:135)
	at se.sics.tasim.aw.AgentService.deliverToAgent(AgentService.java:130)
	at tau.tac.adx.agentware.AgentServiceImpl.deliverToAgent(AgentServiceImpl.java:134)
	at tau.tac.adx.agentware.SimClient.run(SimClient.java:439)
	at java.lang.Thread.run(Thread.java:680)
28/06 23:56:32 SEVERE agentware.AgentServiceImpl|agent could not handle message Message[coordinator,adv1,tau.tac.adx.report.demand.CampaignOpportunityMessage[1251287230,5000,17,26,[FEMALE, YOUNG],2.0,1.5,15,[]]]
java.lang.ClassFormatError: naive/NaiveAgent$CampaignData
	at naive.NaiveAgent.handleICampaignOpportunityMessage(NaiveAgent.java:222)
	at naive.NaiveAgent.messageReceived(NaiveAgent.java:131)
	at se.sics.tasim.aw.AgentService.deliverToAgent(AgentService.java:130)
	at tau.tac.adx.agentware.AgentServiceImpl.deliverToAgent(AgentServiceImpl.java:134)
	at tau.tac.adx.agentware.SimClient.run(SimClient.java:439)
	at java.lang.Thread.run(Thread.java:680)
28/06 23:56:32 INFO naive.NaiveAgent|Day 15 : Simulation Status Received
28/06 23:56:32 INFO naive.NaiveAgent|Day 15: Sending BidBundle
28/06 23:56:32 INFO naive.NaiveAgent|Day 15 ended. Starting next day
28/06 23:56:43 INFO naive.NaiveAgent|Day 16 :BankStatus[-0.988745]
28/06 23:56:43 INFO naive.NaiveAgent|Day 16: Daily notification for campaign 1251287230
28/06 23:56:43 SEVERE agentware.AgentServiceImpl|agent could not handle message Message[coordinator,adv1,AdNetworkDailyNotification [effectiveDay=16, serviceLevel=0.47829690000000014, price=0.0, qualityScore=0.4, campaignId=1251287230, winner=DummyAdnetwork-3, cost=0.0]]
java.lang.ClassFormatError: naive/NaiveAgent$CampaignData
	at naive.NaiveAgent.handleAdNetworkDailyNotification(NaiveAgent.java:282)
	at naive.NaiveAgent.messageReceived(NaiveAgent.java:135)
	at se.sics.tasim.aw.AgentService.deliverToAgent(AgentService.java:130)
	at tau.tac.adx.agentware.AgentServiceImpl.deliverToAgent(AgentServiceImpl.java:134)
	at tau.tac.adx.agentware.SimClient.run(SimClient.java:439)
	at java.lang.Thread.run(Thread.java:680)
28/06 23:56:43 SEVERE agentware.AgentServiceImpl|agent could not handle message Message[coordinator,adv1,tau.tac.adx.report.demand.CampaignOpportunityMessage[547455336,15000,18,27,[FEMALE, LOW_INCOME],2.0,1.5,16,[]]]
java.lang.ClassFormatError: naive/NaiveAgent$CampaignData
	at naive.NaiveAgent.handleICampaignOpportunityMessage(NaiveAgent.java:222)
	at naive.NaiveAgent.messageReceived(NaiveAgent.java:131)
	at se.sics.tasim.aw.AgentService.deliverToAgent(AgentService.java:130)
	at tau.tac.adx.agentware.AgentServiceImpl.deliverToAgent(AgentServiceImpl.java:134)
	at tau.tac.adx.agentware.SimClient.run(SimClient.java:439)
	at java.lang.Thread.run(Thread.java:680)
28/06 23:56:43 INFO naive.NaiveAgent|Day 16 : Simulation Status Received
28/06 23:56:43 INFO naive.NaiveAgent|Day 16: Sending BidBundle
28/06 23:56:43 INFO naive.NaiveAgent|Day 16 ended. Starting next day
28/06 23:56:52 INFO naive.NaiveAgent|Day 17 :BankStatus[-1.024780]
28/06 23:56:52 INFO naive.NaiveAgent|Day 17: Daily notification for campaign 547455336
28/06 23:56:52 SEVERE agentware.AgentServiceImpl|agent could not handle message Message[coordinator,adv1,AdNetworkDailyNotification [effectiveDay=17, serviceLevel=0.47829690000000014, price=0.0, qualityScore=0.4, campaignId=547455336, winner=DummyAdnetwork-2, cost=0.0]]
java.lang.ClassFormatError: naive/NaiveAgent$CampaignData
	at naive.NaiveAgent.handleAdNetworkDailyNotification(NaiveAgent.java:282)
	at naive.NaiveAgent.messageReceived(NaiveAgent.java:135)
	at se.sics.tasim.aw.AgentService.deliverToAgent(AgentService.java:130)
	at tau.tac.adx.agentware.AgentServiceImpl.deliverToAgent(AgentServiceImpl.java:134)
	at tau.tac.adx.agentware.SimClient.run(SimClient.java:439)
	at java.lang.Thread.run(Thread.java:680)
28/06 23:56:52 SEVERE agentware.AgentServiceImpl|agent could not handle message Message[coordinator,adv1,tau.tac.adx.report.demand.CampaignOpportunityMessage[1006249252,10000,19,21,[MALE, LOW_INCOME],2.0,1.5,17,[]]]
java.lang.ClassFormatError: naive/NaiveAgent$CampaignData
	at naive.NaiveAgent.handleICampaignOpportunityMessage(NaiveAgent.java:222)
	at naive.NaiveAgent.messageReceived(NaiveAgent.java:131)
	at se.sics.tasim.aw.AgentService.deliverToAgent(AgentService.java:130)
	at tau.tac.adx.agentware.AgentServiceImpl.deliverToAgent(AgentServiceImpl.java:134)
	at tau.tac.adx.agentware.SimClient.run(SimClient.java:439)
	at java.lang.Thread.run(Thread.java:680)
28/06 23:56:52 INFO naive.NaiveAgent|Day 17 : Simulation Status Received
28/06 23:56:52 INFO naive.NaiveAgent|Day 17: Sending BidBundle
28/06 23:56:52 INFO naive.NaiveAgent|Day 17 ended. Starting next day
28/06 23:57:03 INFO naive.NaiveAgent|Day 18 :BankStatus[-1.058793]
28/06 23:57:03 INFO naive.NaiveAgent|Day 18: Daily notification for campaign 1006249252
28/06 23:57:03 SEVERE agentware.AgentServiceImpl|agent could not handle message Message[coordinator,adv1,AdNetworkDailyNotification [effectiveDay=18, serviceLevel=0.47829690000000014, price=0.0, qualityScore=0.4, campaignId=1006249252, winner=DummyAdnetwork-6, cost=0.0]]
java.lang.ClassFormatError: naive/NaiveAgent$CampaignData
	at naive.NaiveAgent.handleAdNetworkDailyNotification(NaiveAgent.java:282)
	at naive.NaiveAgent.messageReceived(NaiveAgent.java:135)
	at se.sics.tasim.aw.AgentService.deliverToAgent(AgentService.java:130)
	at tau.tac.adx.agentware.AgentServiceImpl.deliverToAgent(AgentServiceImpl.java:134)
	at tau.tac.adx.agentware.SimClient.run(SimClient.java:439)
	at java.lang.Thread.run(Thread.java:680)
28/06 23:57:03 SEVERE agentware.AgentServiceImpl|agent could not handle message Message[coordinator,adv1,tau.tac.adx.report.demand.CampaignOpportunityMessage[1061927109,15000,20,22,[FEMALE, YOUNG],2.0,1.5,18,[]]]
java.lang.ClassFormatError: naive/NaiveAgent$CampaignData
	at naive.NaiveAgent.handleICampaignOpportunityMessage(NaiveAgent.java:222)
	at naive.NaiveAgent.messageReceived(NaiveAgent.java:131)
	at se.sics.tasim.aw.AgentService.deliverToAgent(AgentService.java:130)
	at tau.tac.adx.agentware.AgentServiceImpl.deliverToAgent(AgentServiceImpl.java:134)
	at tau.tac.adx.agentware.SimClient.run(SimClient.java:439)
	at java.lang.Thread.run(Thread.java:680)
28/06 23:57:03 INFO naive.NaiveAgent|Day 18 : Simulation Status Received
28/06 23:57:03 INFO naive.NaiveAgent|Day 18: Sending BidBundle
28/06 23:57:03 INFO naive.NaiveAgent|Day 18 ended. Starting next day
28/06 23:57:12 INFO naive.NaiveAgent|Day 19 :BankStatus[-1.092066]
28/06 23:57:12 INFO naive.NaiveAgent|Day 19: Daily notification for campaign 1061927109
28/06 23:57:12 SEVERE agentware.AgentServiceImpl|agent could not handle message Message[coordinator,adv1,AdNetworkDailyNotification [effectiveDay=19, serviceLevel=0.47829690000000014, price=0.0, qualityScore=0.4, campaignId=1061927109, winner=DummyAdnetwork-3, cost=0.0]]
java.lang.ClassFormatError: naive/NaiveAgent$CampaignData
	at naive.NaiveAgent.handleAdNetworkDailyNotification(NaiveAgent.java:282)
	at naive.NaiveAgent.messageReceived(NaiveAgent.java:135)
	at se.sics.tasim.aw.AgentService.deliverToAgent(AgentService.java:130)
	at tau.tac.adx.agentware.AgentServiceImpl.deliverToAgent(AgentServiceImpl.java:134)
	at tau.tac.adx.agentware.SimClient.run(SimClient.java:439)
	at java.lang.Thread.run(Thread.java:680)
28/06 23:57:12 SEVERE agentware.AgentServiceImpl|agent could not handle message Message[coordinator,adv1,tau.tac.adx.report.demand.CampaignOpportunityMessage[905999344,15000,21,23,[HIGH_INCOME, YOUNG],2.0,1.5,19,[]]]
java.lang.ClassFormatError: naive/NaiveAgent$CampaignData
	at naive.NaiveAgent.handleICampaignOpportunityMessage(NaiveAgent.java:222)
	at naive.NaiveAgent.messageReceived(NaiveAgent.java:131)
	at se.sics.tasim.aw.AgentService.deliverToAgent(AgentService.java:130)
	at tau.tac.adx.agentware.AgentServiceImpl.deliverToAgent(AgentServiceImpl.java:134)
	at tau.tac.adx.agentware.SimClient.run(SimClient.java:439)
	at java.lang.Thread.run(Thread.java:680)
28/06 23:57:12 INFO naive.NaiveAgent|Day 19 : Simulation Status Received
28/06 23:57:12 INFO naive.NaiveAgent|Day 19: Sending BidBundle
28/06 23:57:12 INFO naive.NaiveAgent|Day 19 ended. Starting next day
28/06 23:57:21 INFO naive.NaiveAgent|Day 20 :BankStatus[-1.121498]
28/06 23:57:21 INFO naive.NaiveAgent|Day 20: Daily notification for campaign 905999344
28/06 23:57:21 SEVERE agentware.AgentServiceImpl|agent could not handle message Message[coordinator,adv1,AdNetworkDailyNotification [effectiveDay=20, serviceLevel=0.47829690000000014, price=0.0, qualityScore=0.4, campaignId=905999344, winner=DummyAdnetwork, cost=0.0]]
java.lang.ClassFormatError: naive/NaiveAgent$CampaignData
	at naive.NaiveAgent.handleAdNetworkDailyNotification(NaiveAgent.java:282)
	at naive.NaiveAgent.messageReceived(NaiveAgent.java:135)
	at se.sics.tasim.aw.AgentService.deliverToAgent(AgentService.java:130)
	at tau.tac.adx.agentware.AgentServiceImpl.deliverToAgent(AgentServiceImpl.java:134)
	at tau.tac.adx.agentware.SimClient.run(SimClient.java:439)
	at java.lang.Thread.run(Thread.java:680)
28/06 23:57:22 SEVERE agentware.AgentServiceImpl|agent could not handle message Message[coordinator,adv1,tau.tac.adx.report.demand.CampaignOpportunityMessage[1236135782,15000,22,24,[FEMALE, YOUNG],2.0,1.5,20,[]]]
java.lang.ClassFormatError: naive/NaiveAgent$CampaignData
	at naive.NaiveAgent.handleICampaignOpportunityMessage(NaiveAgent.java:222)
	at naive.NaiveAgent.messageReceived(NaiveAgent.java:131)
	at se.sics.tasim.aw.AgentService.deliverToAgent(AgentService.java:130)
	at tau.tac.adx.agentware.AgentServiceImpl.deliverToAgent(AgentServiceImpl.java:134)
	at tau.tac.adx.agentware.SimClient.run(SimClient.java:439)
	at java.lang.Thread.run(Thread.java:680)
28/06 23:57:22 INFO naive.NaiveAgent|Day 20 : Simulation Status Received
28/06 23:57:22 INFO naive.NaiveAgent|Day 20: Sending BidBundle
28/06 23:57:22 INFO naive.NaiveAgent|Day 20 ended. Starting next day
28/06 23:57:31 INFO naive.NaiveAgent|Day 21 :BankStatus[-1.149279]
28/06 23:57:31 INFO naive.NaiveAgent|Day 21: Daily notification for campaign 1236135782
28/06 23:57:31 SEVERE agentware.AgentServiceImpl|agent could not handle message Message[coordinator,adv1,AdNetworkDailyNotification [effectiveDay=21, serviceLevel=0.47829690000000014, price=0.0, qualityScore=0.4, campaignId=1236135782, winner=DummyAdnetwork-5, cost=0.0]]
java.lang.ClassFormatError: naive/NaiveAgent$CampaignData
	at naive.NaiveAgent.handleAdNetworkDailyNotification(NaiveAgent.java:282)
	at naive.NaiveAgent.messageReceived(NaiveAgent.java:135)
	at se.sics.tasim.aw.AgentService.deliverToAgent(AgentService.java:130)
	at tau.tac.adx.agentware.AgentServiceImpl.deliverToAgent(AgentServiceImpl.java:134)
	at tau.tac.adx.agentware.SimClient.run(SimClient.java:439)
	at java.lang.Thread.run(Thread.java:680)
28/06 23:57:31 SEVERE agentware.AgentServiceImpl|agent could not handle message Message[coordinator,adv1,tau.tac.adx.report.demand.CampaignOpportunityMessage[1700616312,15000,23,27,[YOUNG, LOW_INCOME],2.0,1.5,21,[]]]
java.lang.ClassFormatError: naive/NaiveAgent$CampaignData
	at naive.NaiveAgent.handleICampaignOpportunityMessage(NaiveAgent.java:222)
	at naive.NaiveAgent.messageReceived(NaiveAgent.java:131)
	at se.sics.tasim.aw.AgentService.deliverToAgent(AgentService.java:130)
	at tau.tac.adx.agentware.AgentServiceImpl.deliverToAgent(AgentServiceImpl.java:134)
	at tau.tac.adx.agentware.SimClient.run(SimClient.java:439)
	at java.lang.Thread.run(Thread.java:680)
28/06 23:57:32 INFO naive.NaiveAgent|Day 21 : Simulation Status Received
28/06 23:57:32 INFO naive.NaiveAgent|Day 21: Sending BidBundle
28/06 23:57:32 INFO naive.NaiveAgent|Day 21 ended. Starting next day
28/06 23:57:42 INFO naive.NaiveAgent|Day 22 :BankStatus[-1.174729]
28/06 23:57:42 INFO naive.NaiveAgent|Day 22: Daily notification for campaign 1700616312
28/06 23:57:42 SEVERE agentware.AgentServiceImpl|agent could not handle message Message[coordinator,adv1,AdNetworkDailyNotification [effectiveDay=22, serviceLevel=0.47829690000000014, price=0.0, qualityScore=0.4, campaignId=1700616312, winner=DummyAdnetwork-7, cost=0.0]]
java.lang.ClassFormatError: naive/NaiveAgent$CampaignData
	at naive.NaiveAgent.handleAdNetworkDailyNotification(NaiveAgent.java:282)
	at naive.NaiveAgent.messageReceived(NaiveAgent.java:135)
	at se.sics.tasim.aw.AgentService.deliverToAgent(AgentService.java:130)
	at tau.tac.adx.agentware.AgentServiceImpl.deliverToAgent(AgentServiceImpl.java:134)
	at tau.tac.adx.agentware.SimClient.run(SimClient.java:439)
	at java.lang.Thread.run(Thread.java:680)
28/06 23:57:42 SEVERE agentware.AgentServiceImpl|agent could not handle message Message[coordinator,adv1,tau.tac.adx.report.demand.CampaignOpportunityMessage[891577782,10000,24,28,[FEMALE, YOUNG],2.0,1.5,22,[]]]
java.lang.ClassFormatError: naive/NaiveAgent$CampaignData
	at naive.NaiveAgent.handleICampaignOpportunityMessage(NaiveAgent.java:222)
	at naive.NaiveAgent.messageReceived(NaiveAgent.java:131)
	at se.sics.tasim.aw.AgentService.deliverToAgent(AgentService.java:130)
	at tau.tac.adx.agentware.AgentServiceImpl.deliverToAgent(AgentServiceImpl.java:134)
	at tau.tac.adx.agentware.SimClient.run(SimClient.java:439)
	at java.lang.Thread.run(Thread.java:680)
28/06 23:57:42 INFO naive.NaiveAgent|Day 22 : Simulation Status Received
28/06 23:57:42 INFO naive.NaiveAgent|Day 22: Sending BidBundle
28/06 23:57:42 INFO naive.NaiveAgent|Day 22 ended. Starting next day
28/06 23:57:52 INFO naive.NaiveAgent|Day 23 :BankStatus[-1.198750]
28/06 23:57:52 INFO naive.NaiveAgent|Day 23: Daily notification for campaign 891577782
28/06 23:57:52 SEVERE agentware.AgentServiceImpl|agent could not handle message Message[coordinator,adv1,AdNetworkDailyNotification [effectiveDay=23, serviceLevel=0.47829690000000014, price=0.0, qualityScore=0.4, campaignId=891577782, winner=DummyAdnetwork-2, cost=0.0]]
java.lang.ClassFormatError: naive/NaiveAgent$CampaignData
	at naive.NaiveAgent.handleAdNetworkDailyNotification(NaiveAgent.java:282)
	at naive.NaiveAgent.messageReceived(NaiveAgent.java:135)
	at se.sics.tasim.aw.AgentService.deliverToAgent(AgentService.java:130)
	at tau.tac.adx.agentware.AgentServiceImpl.deliverToAgent(AgentServiceImpl.java:134)
	at tau.tac.adx.agentware.SimClient.run(SimClient.java:439)
	at java.lang.Thread.run(Thread.java:680)
28/06 23:57:52 SEVERE agentware.AgentServiceImpl|agent could not handle message Message[coordinator,adv1,tau.tac.adx.report.demand.CampaignOpportunityMessage[1806608066,15000,25,34,[HIGH_INCOME, MALE],2.0,1.5,23,[]]]
java.lang.ClassFormatError: naive/NaiveAgent$CampaignData
	at naive.NaiveAgent.handleICampaignOpportunityMessage(NaiveAgent.java:222)
	at naive.NaiveAgent.messageReceived(NaiveAgent.java:131)
	at se.sics.tasim.aw.AgentService.deliverToAgent(AgentService.java:130)
	at tau.tac.adx.agentware.AgentServiceImpl.deliverToAgent(AgentServiceImpl.java:134)
	at tau.tac.adx.agentware.SimClient.run(SimClient.java:439)
	at java.lang.Thread.run(Thread.java:680)
28/06 23:57:52 INFO naive.NaiveAgent|Day 23 : Simulation Status Received
28/06 23:57:52 INFO naive.NaiveAgent|Day 23: Sending BidBundle
28/06 23:57:52 INFO naive.NaiveAgent|Day 23 ended. Starting next day
28/06 23:58:06 INFO naive.NaiveAgent|Day 24 :BankStatus[-1.221424]
28/06 23:58:06 INFO naive.NaiveAgent|Day 24: Daily notification for campaign 1806608066
28/06 23:58:06 SEVERE agentware.AgentServiceImpl|agent could not handle message Message[coordinator,adv1,AdNetworkDailyNotification [effectiveDay=24, serviceLevel=0.47829690000000014, price=0.0, qualityScore=0.4, campaignId=1806608066, winner=DummyAdnetwork-7, cost=0.0]]
java.lang.ClassFormatError: naive/NaiveAgent$CampaignData
	at naive.NaiveAgent.handleAdNetworkDailyNotification(NaiveAgent.java:282)
	at naive.NaiveAgent.messageReceived(NaiveAgent.java:135)
	at se.sics.tasim.aw.AgentService.deliverToAgent(AgentService.java:130)
	at tau.tac.adx.agentware.AgentServiceImpl.deliverToAgent(AgentServiceImpl.java:134)
	at tau.tac.adx.agentware.SimClient.run(SimClient.java:439)
	at java.lang.Thread.run(Thread.java:680)
28/06 23:58:06 SEVERE agentware.AgentServiceImpl|agent could not handle message Message[coordinator,adv1,tau.tac.adx.report.demand.CampaignOpportunityMessage[762486688,5000,26,35,[FEMALE, OLD],2.0,1.5,24,[]]]
java.lang.ClassFormatError: naive/NaiveAgent$CampaignData
	at naive.NaiveAgent.handleICampaignOpportunityMessage(NaiveAgent.java:222)
	at naive.NaiveAgent.messageReceived(NaiveAgent.java:131)
	at se.sics.tasim.aw.AgentService.deliverToAgent(AgentService.java:130)
	at tau.tac.adx.agentware.AgentServiceImpl.deliverToAgent(AgentServiceImpl.java:134)
	at tau.tac.adx.agentware.SimClient.run(SimClient.java:439)
	at java.lang.Thread.run(Thread.java:680)
28/06 23:58:06 INFO naive.NaiveAgent|Day 24 : Simulation Status Received
28/06 23:58:06 INFO naive.NaiveAgent|Day 24: Sending BidBundle
28/06 23:58:06 INFO naive.NaiveAgent|Day 24 ended. Starting next day
28/06 23:58:14 INFO naive.NaiveAgent|Day 25 :BankStatus[-1.242682]
28/06 23:58:14 INFO naive.NaiveAgent|Day 25: Daily notification for campaign 762486688
28/06 23:58:14 SEVERE agentware.AgentServiceImpl|agent could not handle message Message[coordinator,adv1,AdNetworkDailyNotification [effectiveDay=25, serviceLevel=0.47829690000000014, price=0.0, qualityScore=0.4, campaignId=762486688, winner=DummyAdnetwork-2, cost=0.0]]
java.lang.ClassFormatError: naive/NaiveAgent$CampaignData
	at naive.NaiveAgent.handleAdNetworkDailyNotification(NaiveAgent.java:282)
	at naive.NaiveAgent.messageReceived(NaiveAgent.java:135)
	at se.sics.tasim.aw.AgentService.deliverToAgent(AgentService.java:130)
	at tau.tac.adx.agentware.AgentServiceImpl.deliverToAgent(AgentServiceImpl.java:134)
	at tau.tac.adx.agentware.SimClient.run(SimClient.java:439)
	at java.lang.Thread.run(Thread.java:680)
28/06 23:58:14 SEVERE agentware.AgentServiceImpl|agent could not handle message Message[coordinator,adv1,tau.tac.adx.report.demand.CampaignOpportunityMessage[938364832,15000,27,31,[FEMALE, OLD],2.0,1.5,25,[]]]
java.lang.ClassFormatError: naive/NaiveAgent$CampaignData
	at naive.NaiveAgent.handleICampaignOpportunityMessage(NaiveAgent.java:222)
	at naive.NaiveAgent.messageReceived(NaiveAgent.java:131)
	at se.sics.tasim.aw.AgentService.deliverToAgent(AgentService.java:130)
	at tau.tac.adx.agentware.AgentServiceImpl.deliverToAgent(AgentServiceImpl.java:134)
	at tau.tac.adx.agentware.SimClient.run(SimClient.java:439)
	at java.lang.Thread.run(Thread.java:680)
28/06 23:58:14 INFO naive.NaiveAgent|Day 25 : Simulation Status Received
28/06 23:58:14 INFO naive.NaiveAgent|Day 25: Sending BidBundle
28/06 23:58:14 INFO naive.NaiveAgent|Day 25 ended. Starting next day
28/06 23:58:25 INFO naive.NaiveAgent|Day 26 :BankStatus[-1.262747]
28/06 23:58:25 INFO naive.NaiveAgent|Day 26: Daily notification for campaign 938364832
28/06 23:58:25 SEVERE agentware.AgentServiceImpl|agent could not handle message Message[coordinator,adv1,AdNetworkDailyNotification [effectiveDay=26, serviceLevel=0.47829690000000014, price=0.0, qualityScore=0.4, campaignId=938364832, winner=DummyAdnetwork-7, cost=0.0]]
java.lang.ClassFormatError: naive/NaiveAgent$CampaignData
	at naive.NaiveAgent.handleAdNetworkDailyNotification(NaiveAgent.java:282)
	at naive.NaiveAgent.messageReceived(NaiveAgent.java:135)
	at se.sics.tasim.aw.AgentService.deliverToAgent(AgentService.java:130)
	at tau.tac.adx.agentware.AgentServiceImpl.deliverToAgent(AgentServiceImpl.java:134)
	at tau.tac.adx.agentware.SimClient.run(SimClient.java:439)
	at java.lang.Thread.run(Thread.java:680)
28/06 23:58:25 SEVERE agentware.AgentServiceImpl|agent could not handle message Message[coordinator,adv1,tau.tac.adx.report.demand.CampaignOpportunityMessage[157183376,5000,28,32,[YOUNG, MALE],2.0,1.5,26,[]]]
java.lang.ClassFormatError: naive/NaiveAgent$CampaignData
	at naive.NaiveAgent.handleICampaignOpportunityMessage(NaiveAgent.java:222)
	at naive.NaiveAgent.messageReceived(NaiveAgent.java:131)
	at se.sics.tasim.aw.AgentService.deliverToAgent(AgentService.java:130)
	at tau.tac.adx.agentware.AgentServiceImpl.deliverToAgent(AgentServiceImpl.java:134)
	at tau.tac.adx.agentware.SimClient.run(SimClient.java:439)
	at java.lang.Thread.run(Thread.java:680)
28/06 23:58:25 INFO naive.NaiveAgent|Day 26 : Simulation Status Received
28/06 23:58:25 INFO naive.NaiveAgent|Day 26: Sending BidBundle
28/06 23:58:25 INFO naive.NaiveAgent|Day 26 ended. Starting next day
28/06 23:58:36 INFO naive.NaiveAgent|Day 27 :BankStatus[-1.281565]
28/06 23:58:36 INFO naive.NaiveAgent|Day 27: Daily notification for campaign 157183376
28/06 23:58:36 SEVERE agentware.AgentServiceImpl|agent could not handle message Message[coordinator,adv1,AdNetworkDailyNotification [effectiveDay=27, serviceLevel=0.47829690000000014, price=0.0, qualityScore=0.4, campaignId=157183376, winner=DummyAdnetwork-2, cost=0.0]]
java.lang.ClassFormatError: naive/NaiveAgent$CampaignData
	at naive.NaiveAgent.handleAdNetworkDailyNotification(NaiveAgent.java:282)
	at naive.NaiveAgent.messageReceived(NaiveAgent.java:135)
	at se.sics.tasim.aw.AgentService.deliverToAgent(AgentService.java:130)
	at tau.tac.adx.agentware.AgentServiceImpl.deliverToAgent(AgentServiceImpl.java:134)
	at tau.tac.adx.agentware.SimClient.run(SimClient.java:439)
	at java.lang.Thread.run(Thread.java:680)
28/06 23:58:36 SEVERE agentware.AgentServiceImpl|agent could not handle message Message[coordinator,adv1,tau.tac.adx.report.demand.CampaignOpportunityMessage[733063281,5000,29,31,[HIGH_INCOME, MALE],2.0,1.5,27,[]]]
java.lang.ClassFormatError: naive/NaiveAgent$CampaignData
	at naive.NaiveAgent.handleICampaignOpportunityMessage(NaiveAgent.java:222)
	at naive.NaiveAgent.messageReceived(NaiveAgent.java:131)
	at se.sics.tasim.aw.AgentService.deliverToAgent(AgentService.java:130)
	at tau.tac.adx.agentware.AgentServiceImpl.deliverToAgent(AgentServiceImpl.java:134)
	at tau.tac.adx.agentware.SimClient.run(SimClient.java:439)
	at java.lang.Thread.run(Thread.java:680)
28/06 23:58:36 INFO naive.NaiveAgent|Day 27 : Simulation Status Received
28/06 23:58:36 INFO naive.NaiveAgent|Day 27: Sending BidBundle
28/06 23:58:36 INFO naive.NaiveAgent|Day 27 ended. Starting next day
28/06 23:58:42 INFO naive.NaiveAgent|Day 28 :BankStatus[-1.299328]
28/06 23:58:42 INFO naive.NaiveAgent|Day 28: Daily notification for campaign 733063281
28/06 23:58:42 SEVERE agentware.AgentServiceImpl|agent could not handle message Message[coordinator,adv1,AdNetworkDailyNotification [effectiveDay=28, serviceLevel=0.47829690000000014, price=0.0, qualityScore=0.4, campaignId=733063281, winner=DummyAdnetwork-7, cost=0.0]]
java.lang.ClassFormatError: naive/NaiveAgent$CampaignData
	at naive.NaiveAgent.handleAdNetworkDailyNotification(NaiveAgent.java:282)
	at naive.NaiveAgent.messageReceived(NaiveAgent.java:135)
	at se.sics.tasim.aw.AgentService.deliverToAgent(AgentService.java:130)
	at tau.tac.adx.agentware.AgentServiceImpl.deliverToAgent(AgentServiceImpl.java:134)
	at tau.tac.adx.agentware.SimClient.run(SimClient.java:439)
	at java.lang.Thread.run(Thread.java:680)
28/06 23:58:42 SEVERE agentware.AgentServiceImpl|agent could not handle message Message[coordinator,adv1,tau.tac.adx.report.demand.CampaignOpportunityMessage[669216114,5000,30,32,[YOUNG, LOW_INCOME],2.0,1.5,28,[]]]
java.lang.ClassFormatError: naive/NaiveAgent$CampaignData
	at naive.NaiveAgent.handleICampaignOpportunityMessage(NaiveAgent.java:222)
	at naive.NaiveAgent.messageReceived(NaiveAgent.java:131)
	at se.sics.tasim.aw.AgentService.deliverToAgent(AgentService.java:130)
	at tau.tac.adx.agentware.AgentServiceImpl.deliverToAgent(AgentServiceImpl.java:134)
	at tau.tac.adx.agentware.SimClient.run(SimClient.java:439)
	at java.lang.Thread.run(Thread.java:680)
28/06 23:58:42 INFO naive.NaiveAgent|Day 28 : Simulation Status Received
28/06 23:58:42 INFO naive.NaiveAgent|Day 28: Sending BidBundle
28/06 23:58:42 INFO naive.NaiveAgent|Day 28 ended. Starting next day
28/06 23:58:52 INFO naive.NaiveAgent|Day 29 :BankStatus[-1.316094]
28/06 23:58:52 INFO naive.NaiveAgent|Day 29: Daily notification for campaign 669216114
28/06 23:58:52 SEVERE agentware.AgentServiceImpl|agent could not handle message Message[coordinator,adv1,AdNetworkDailyNotification [effectiveDay=29, serviceLevel=0.47829690000000014, price=0.0, qualityScore=0.4, campaignId=669216114, winner=DummyAdnetwork-3, cost=0.0]]
java.lang.ClassFormatError: naive/NaiveAgent$CampaignData
	at naive.NaiveAgent.handleAdNetworkDailyNotification(NaiveAgent.java:282)
	at naive.NaiveAgent.messageReceived(NaiveAgent.java:135)
	at se.sics.tasim.aw.AgentService.deliverToAgent(AgentService.java:130)
	at tau.tac.adx.agentware.AgentServiceImpl.deliverToAgent(AgentServiceImpl.java:134)
	at tau.tac.adx.agentware.SimClient.run(SimClient.java:439)
	at java.lang.Thread.run(Thread.java:680)
28/06 23:58:52 SEVERE agentware.AgentServiceImpl|agent could not handle message Message[coordinator,adv1,tau.tac.adx.report.demand.CampaignOpportunityMessage[376585010,15000,31,33,[FEMALE, LOW_INCOME],2.0,1.5,29,[]]]
java.lang.ClassFormatError: naive/NaiveAgent$CampaignData
	at naive.NaiveAgent.handleICampaignOpportunityMessage(NaiveAgent.java:222)
	at naive.NaiveAgent.messageReceived(NaiveAgent.java:131)
	at se.sics.tasim.aw.AgentService.deliverToAgent(AgentService.java:130)
	at tau.tac.adx.agentware.AgentServiceImpl.deliverToAgent(AgentServiceImpl.java:134)
	at tau.tac.adx.agentware.SimClient.run(SimClient.java:439)
	at java.lang.Thread.run(Thread.java:680)
28/06 23:58:52 INFO naive.NaiveAgent|Day 29 : Simulation Status Received
28/06 23:58:52 INFO naive.NaiveAgent|Day 29: Sending BidBundle
28/06 23:58:52 INFO naive.NaiveAgent|Day 29 ended. Starting next day
28/06 23:59:02 INFO naive.NaiveAgent|Day 30 :BankStatus[-1.331447]
28/06 23:59:02 INFO naive.NaiveAgent|Day 30: Daily notification for campaign 376585010
28/06 23:59:02 SEVERE agentware.AgentServiceImpl|agent could not handle message Message[coordinator,adv1,AdNetworkDailyNotification [effectiveDay=30, serviceLevel=0.47829690000000014, price=0.0, qualityScore=0.4, campaignId=376585010, winner=DummyAdnetwork-2, cost=0.0]]
java.lang.ClassFormatError: naive/NaiveAgent$CampaignData
	at naive.NaiveAgent.handleAdNetworkDailyNotification(NaiveAgent.java:282)
	at naive.NaiveAgent.messageReceived(NaiveAgent.java:135)
	at se.sics.tasim.aw.AgentService.deliverToAgent(AgentService.java:130)
	at tau.tac.adx.agentware.AgentServiceImpl.deliverToAgent(AgentServiceImpl.java:134)
	at tau.tac.adx.agentware.SimClient.run(SimClient.java:439)
	at java.lang.Thread.run(Thread.java:680)
28/06 23:59:02 SEVERE agentware.AgentServiceImpl|agent could not handle message Message[coordinator,adv1,tau.tac.adx.report.demand.CampaignOpportunityMessage[1105111868,15000,32,41,[MALE, LOW_INCOME],2.0,1.5,30,[]]]
java.lang.ClassFormatError: naive/NaiveAgent$CampaignData
	at naive.NaiveAgent.handleICampaignOpportunityMessage(NaiveAgent.java:222)
	at naive.NaiveAgent.messageReceived(NaiveAgent.java:131)
	at se.sics.tasim.aw.AgentService.deliverToAgent(AgentService.java:130)
	at tau.tac.adx.agentware.AgentServiceImpl.deliverToAgent(AgentServiceImpl.java:134)
	at tau.tac.adx.agentware.SimClient.run(SimClient.java:439)
	at java.lang.Thread.run(Thread.java:680)
28/06 23:59:02 INFO naive.NaiveAgent|Day 30 : Simulation Status Received
28/06 23:59:02 INFO naive.NaiveAgent|Day 30: Sending BidBundle
28/06 23:59:02 INFO naive.NaiveAgent|Day 30 ended. Starting next day
28/06 23:59:12 INFO naive.NaiveAgent|Day 31 :BankStatus[-1.345232]
28/06 23:59:12 INFO naive.NaiveAgent|Day 31: Daily notification for campaign 1105111868
28/06 23:59:12 SEVERE agentware.AgentServiceImpl|agent could not handle message Message[coordinator,adv1,AdNetworkDailyNotification [effectiveDay=31, serviceLevel=0.47829690000000014, price=0.0, qualityScore=0.4, campaignId=1105111868, winner=DummyAdnetwork-3, cost=0.0]]
java.lang.ClassFormatError: naive/NaiveAgent$CampaignData
	at naive.NaiveAgent.handleAdNetworkDailyNotification(NaiveAgent.java:282)
	at naive.NaiveAgent.messageReceived(NaiveAgent.java:135)
	at se.sics.tasim.aw.AgentService.deliverToAgent(AgentService.java:130)
	at tau.tac.adx.agentware.AgentServiceImpl.deliverToAgent(AgentServiceImpl.java:134)
	at tau.tac.adx.agentware.SimClient.run(SimClient.java:439)
	at java.lang.Thread.run(Thread.java:680)
28/06 23:59:12 SEVERE agentware.AgentServiceImpl|agent could not handle message Message[coordinator,adv1,tau.tac.adx.report.demand.CampaignOpportunityMessage[1824853439,15000,33,42,[YOUNG, MALE],2.0,1.5,31,[]]]
java.lang.ClassFormatError: naive/NaiveAgent$CampaignData
	at naive.NaiveAgent.handleICampaignOpportunityMessage(NaiveAgent.java:222)
	at naive.NaiveAgent.messageReceived(NaiveAgent.java:131)
	at se.sics.tasim.aw.AgentService.deliverToAgent(AgentService.java:130)
	at tau.tac.adx.agentware.AgentServiceImpl.deliverToAgent(AgentServiceImpl.java:134)
	at tau.tac.adx.agentware.SimClient.run(SimClient.java:439)
	at java.lang.Thread.run(Thread.java:680)
28/06 23:59:12 INFO naive.NaiveAgent|Day 31 : Simulation Status Received
28/06 23:59:12 INFO naive.NaiveAgent|Day 31: Sending BidBundle
28/06 23:59:12 INFO naive.NaiveAgent|Day 31 ended. Starting next day
28/06 23:59:22 INFO naive.NaiveAgent|Day 32 :BankStatus[-1.358731]
28/06 23:59:22 INFO naive.NaiveAgent|Day 32: Daily notification for campaign 1824853439
28/06 23:59:22 SEVERE agentware.AgentServiceImpl|agent could not handle message Message[coordinator,adv1,AdNetworkDailyNotification [effectiveDay=32, serviceLevel=0.47829690000000014, price=0.0, qualityScore=0.4, campaignId=1824853439, winner=DummyAdnetwork-2, cost=0.0]]
java.lang.ClassFormatError: naive/NaiveAgent$CampaignData
	at naive.NaiveAgent.handleAdNetworkDailyNotification(NaiveAgent.java:282)
	at naive.NaiveAgent.messageReceived(NaiveAgent.java:135)
	at se.sics.tasim.aw.AgentService.deliverToAgent(AgentService.java:130)
	at tau.tac.adx.agentware.AgentServiceImpl.deliverToAgent(AgentServiceImpl.java:134)
	at tau.tac.adx.agentware.SimClient.run(SimClient.java:439)
	at java.lang.Thread.run(Thread.java:680)
28/06 23:59:22 SEVERE agentware.AgentServiceImpl|agent could not handle message Message[coordinator,adv1,tau.tac.adx.report.demand.CampaignOpportunityMessage[1306871337,10000,34,36,[OLD, MALE],2.0,1.5,32,[]]]
java.lang.ClassFormatError: naive/NaiveAgent$CampaignData
	at naive.NaiveAgent.handleICampaignOpportunityMessage(NaiveAgent.java:222)
	at naive.NaiveAgent.messageReceived(NaiveAgent.java:131)
	at se.sics.tasim.aw.AgentService.deliverToAgent(AgentService.java:130)
	at tau.tac.adx.agentware.AgentServiceImpl.deliverToAgent(AgentServiceImpl.java:134)
	at tau.tac.adx.agentware.SimClient.run(SimClient.java:439)
	at java.lang.Thread.run(Thread.java:680)
28/06 23:59:22 INFO naive.NaiveAgent|Day 32 : Simulation Status Received
28/06 23:59:22 INFO naive.NaiveAgent|Day 32: Sending BidBundle
28/06 23:59:22 INFO naive.NaiveAgent|Day 32 ended. Starting next day
28/06 23:59:32 INFO naive.NaiveAgent|Day 33 :BankStatus[-1.371866]
28/06 23:59:32 INFO naive.NaiveAgent|Day 33: Daily notification for campaign 1306871337
28/06 23:59:32 SEVERE agentware.AgentServiceImpl|agent could not handle message Message[coordinator,adv1,AdNetworkDailyNotification [effectiveDay=33, serviceLevel=0.47829690000000014, price=0.0, qualityScore=0.4, campaignId=1306871337, winner=DummyAdnetwork-3, cost=0.0]]
java.lang.ClassFormatError: naive/NaiveAgent$CampaignData
	at naive.NaiveAgent.handleAdNetworkDailyNotification(NaiveAgent.java:282)
	at naive.NaiveAgent.messageReceived(NaiveAgent.java:135)
	at se.sics.tasim.aw.AgentService.deliverToAgent(AgentService.java:130)
	at tau.tac.adx.agentware.AgentServiceImpl.deliverToAgent(AgentServiceImpl.java:134)
	at tau.tac.adx.agentware.SimClient.run(SimClient.java:439)
	at java.lang.Thread.run(Thread.java:680)
28/06 23:59:32 SEVERE agentware.AgentServiceImpl|agent could not handle message Message[coordinator,adv1,tau.tac.adx.report.demand.CampaignOpportunityMessage[528192602,15000,35,37,[HIGH_INCOME, FEMALE],2.0,1.5,33,[]]]
java.lang.ClassFormatError: naive/NaiveAgent$CampaignData
	at naive.NaiveAgent.handleICampaignOpportunityMessage(NaiveAgent.java:222)
	at naive.NaiveAgent.messageReceived(NaiveAgent.java:131)
	at se.sics.tasim.aw.AgentService.deliverToAgent(AgentService.java:130)
	at tau.tac.adx.agentware.AgentServiceImpl.deliverToAgent(AgentServiceImpl.java:134)
	at tau.tac.adx.agentware.SimClient.run(SimClient.java:439)
	at java.lang.Thread.run(Thread.java:680)
28/06 23:59:32 INFO naive.NaiveAgent|Day 33 : Simulation Status Received
28/06 23:59:32 INFO naive.NaiveAgent|Day 33: Sending BidBundle
28/06 23:59:32 INFO naive.NaiveAgent|Day 33 ended. Starting next day
28/06 23:59:44 INFO naive.NaiveAgent|Day 34 :BankStatus[-1.382521]
28/06 23:59:44 INFO naive.NaiveAgent|Day 34: Daily notification for campaign 528192602
28/06 23:59:44 SEVERE agentware.AgentServiceImpl|agent could not handle message Message[coordinator,adv1,AdNetworkDailyNotification [effectiveDay=34, serviceLevel=0.47829690000000014, price=0.0, qualityScore=0.4, campaignId=528192602, winner=DummyAdnetwork-7, cost=0.0]]
java.lang.ClassFormatError: naive/NaiveAgent$CampaignData
	at naive.NaiveAgent.handleAdNetworkDailyNotification(NaiveAgent.java:282)
	at naive.NaiveAgent.messageReceived(NaiveAgent.java:135)
	at se.sics.tasim.aw.AgentService.deliverToAgent(AgentService.java:130)
	at tau.tac.adx.agentware.AgentServiceImpl.deliverToAgent(AgentServiceImpl.java:134)
	at tau.tac.adx.agentware.SimClient.run(SimClient.java:439)
	at java.lang.Thread.run(Thread.java:680)
28/06 23:59:44 SEVERE agentware.AgentServiceImpl|agent could not handle message Message[coordinator,adv1,tau.tac.adx.report.demand.CampaignOpportunityMessage[565971868,10000,36,38,[YOUNG, MALE],2.0,1.5,34,[]]]
java.lang.ClassFormatError: naive/NaiveAgent$CampaignData
	at naive.NaiveAgent.handleICampaignOpportunityMessage(NaiveAgent.java:222)
	at naive.NaiveAgent.messageReceived(NaiveAgent.java:131)
	at se.sics.tasim.aw.AgentService.deliverToAgent(AgentService.java:130)
	at tau.tac.adx.agentware.AgentServiceImpl.deliverToAgent(AgentServiceImpl.java:134)
	at tau.tac.adx.agentware.SimClient.run(SimClient.java:439)
	at java.lang.Thread.run(Thread.java:680)
28/06 23:59:44 INFO naive.NaiveAgent|Day 34 : Simulation Status Received
28/06 23:59:44 INFO naive.NaiveAgent|Day 34: Sending BidBundle
28/06 23:59:44 INFO naive.NaiveAgent|Day 34 ended. Starting next day
28/06 23:59:55 INFO naive.NaiveAgent|Day 35 :BankStatus[-1.392889]
28/06 23:59:55 INFO naive.NaiveAgent|Day 35: Daily notification for campaign 565971868
28/06 23:59:55 SEVERE agentware.AgentServiceImpl|agent could not handle message Message[coordinator,adv1,AdNetworkDailyNotification [effectiveDay=35, serviceLevel=0.47829690000000014, price=0.0, qualityScore=0.4, campaignId=565971868, winner=DummyAdnetwork-5, cost=0.0]]
java.lang.ClassFormatError: naive/NaiveAgent$CampaignData
	at naive.NaiveAgent.handleAdNetworkDailyNotification(NaiveAgent.java:282)
	at naive.NaiveAgent.messageReceived(NaiveAgent.java:135)
	at se.sics.tasim.aw.AgentService.deliverToAgent(AgentService.java:130)
	at tau.tac.adx.agentware.AgentServiceImpl.deliverToAgent(AgentServiceImpl.java:134)
	at tau.tac.adx.agentware.SimClient.run(SimClient.java:439)
	at java.lang.Thread.run(Thread.java:680)
28/06 23:59:55 SEVERE agentware.AgentServiceImpl|agent could not handle message Message[coordinator,adv1,tau.tac.adx.report.demand.CampaignOpportunityMessage[1267579189,5000,37,41,[YOUNG, MALE],2.0,1.5,35,[]]]
java.lang.ClassFormatError: naive/NaiveAgent$CampaignData
	at naive.NaiveAgent.handleICampaignOpportunityMessage(NaiveAgent.java:222)
	at naive.NaiveAgent.messageReceived(NaiveAgent.java:131)
	at se.sics.tasim.aw.AgentService.deliverToAgent(AgentService.java:130)
	at tau.tac.adx.agentware.AgentServiceImpl.deliverToAgent(AgentServiceImpl.java:134)
	at tau.tac.adx.agentware.SimClient.run(SimClient.java:439)
	at java.lang.Thread.run(Thread.java:680)
28/06 23:59:55 INFO naive.NaiveAgent|Day 35 : Simulation Status Received
28/06 23:59:55 INFO naive.NaiveAgent|Day 35: Sending BidBundle
28/06 23:59:55 INFO naive.NaiveAgent|Day 35 ended. Starting next day
29/06 00:00:03 INFO naive.NaiveAgent|Day 36 :BankStatus[-1.402674]
29/06 00:00:03 INFO naive.NaiveAgent|Day 36: Daily notification for campaign 1267579189
29/06 00:00:03 SEVERE agentware.AgentServiceImpl|agent could not handle message Message[coordinator,adv1,AdNetworkDailyNotification [effectiveDay=36, serviceLevel=0.47829690000000014, price=0.0, qualityScore=0.4, campaignId=1267579189, winner=DummyAdnetwork-7, cost=0.0]]
java.lang.ClassFormatError: naive/NaiveAgent$CampaignData
	at naive.NaiveAgent.handleAdNetworkDailyNotification(NaiveAgent.java:282)
	at naive.NaiveAgent.messageReceived(NaiveAgent.java:135)
	at se.sics.tasim.aw.AgentService.deliverToAgent(AgentService.java:130)
	at tau.tac.adx.agentware.AgentServiceImpl.deliverToAgent(AgentServiceImpl.java:134)
	at tau.tac.adx.agentware.SimClient.run(SimClient.java:439)
	at java.lang.Thread.run(Thread.java:680)
29/06 00:00:03 SEVERE agentware.AgentServiceImpl|agent could not handle message Message[coordinator,adv1,tau.tac.adx.report.demand.CampaignOpportunityMessage[335931149,10000,38,47,[HIGH_INCOME, YOUNG],2.0,1.5,36,[]]]
java.lang.ClassFormatError: naive/NaiveAgent$CampaignData
	at naive.NaiveAgent.handleICampaignOpportunityMessage(NaiveAgent.java:222)
	at naive.NaiveAgent.messageReceived(NaiveAgent.java:131)
	at se.sics.tasim.aw.AgentService.deliverToAgent(AgentService.java:130)
	at tau.tac.adx.agentware.AgentServiceImpl.deliverToAgent(AgentServiceImpl.java:134)
	at tau.tac.adx.agentware.SimClient.run(SimClient.java:439)
	at java.lang.Thread.run(Thread.java:680)
29/06 00:00:03 INFO naive.NaiveAgent|Day 36 : Simulation Status Received
29/06 00:00:03 INFO naive.NaiveAgent|Day 36: Sending BidBundle
29/06 00:00:03 INFO naive.NaiveAgent|Day 36 ended. Starting next day
29/06 00:00:12 INFO naive.NaiveAgent|Day 37 :BankStatus[-1.411911]
29/06 00:00:12 INFO naive.NaiveAgent|Day 37: Daily notification for campaign 335931149
29/06 00:00:12 SEVERE agentware.AgentServiceImpl|agent could not handle message Message[coordinator,adv1,AdNetworkDailyNotification [effectiveDay=37, serviceLevel=0.47829690000000014, price=0.0, qualityScore=0.4, campaignId=335931149, winner=DummyAdnetwork-7, cost=0.0]]
java.lang.ClassFormatError: naive/NaiveAgent$CampaignData
	at naive.NaiveAgent.handleAdNetworkDailyNotification(NaiveAgent.java:282)
	at naive.NaiveAgent.messageReceived(NaiveAgent.java:135)
	at se.sics.tasim.aw.AgentService.deliverToAgent(AgentService.java:130)
	at tau.tac.adx.agentware.AgentServiceImpl.deliverToAgent(AgentServiceImpl.java:134)
	at tau.tac.adx.agentware.SimClient.run(SimClient.java:439)
	at java.lang.Thread.run(Thread.java:680)
29/06 00:00:12 SEVERE agentware.AgentServiceImpl|agent could not handle message Message[coordinator,adv1,tau.tac.adx.report.demand.CampaignOpportunityMessage[670068094,10000,39,43,[FEMALE, OLD],2.0,1.5,37,[]]]
java.lang.ClassFormatError: naive/NaiveAgent$CampaignData
	at naive.NaiveAgent.handleICampaignOpportunityMessage(NaiveAgent.java:222)
	at naive.NaiveAgent.messageReceived(NaiveAgent.java:131)
	at se.sics.tasim.aw.AgentService.deliverToAgent(AgentService.java:130)
	at tau.tac.adx.agentware.AgentServiceImpl.deliverToAgent(AgentServiceImpl.java:134)
	at tau.tac.adx.agentware.SimClient.run(SimClient.java:439)
	at java.lang.Thread.run(Thread.java:680)
29/06 00:00:12 INFO naive.NaiveAgent|Day 37 : Simulation Status Received
29/06 00:00:12 INFO naive.NaiveAgent|Day 37: Sending BidBundle
29/06 00:00:12 INFO naive.NaiveAgent|Day 37 ended. Starting next day
29/06 00:00:23 INFO naive.NaiveAgent|Day 38 :BankStatus[-1.420629]
29/06 00:00:23 INFO naive.NaiveAgent|Day 38: Daily notification for campaign 670068094
29/06 00:00:23 SEVERE agentware.AgentServiceImpl|agent could not handle message Message[coordinator,adv1,AdNetworkDailyNotification [effectiveDay=38, serviceLevel=0.47829690000000014, price=0.0, qualityScore=0.4, campaignId=670068094, winner=DummyAdnetwork-3, cost=0.0]]
java.lang.ClassFormatError: naive/NaiveAgent$CampaignData
	at naive.NaiveAgent.handleAdNetworkDailyNotification(NaiveAgent.java:282)
	at naive.NaiveAgent.messageReceived(NaiveAgent.java:135)
	at se.sics.tasim.aw.AgentService.deliverToAgent(AgentService.java:130)
	at tau.tac.adx.agentware.AgentServiceImpl.deliverToAgent(AgentServiceImpl.java:134)
	at tau.tac.adx.agentware.SimClient.run(SimClient.java:439)
	at java.lang.Thread.run(Thread.java:680)
29/06 00:00:23 SEVERE agentware.AgentServiceImpl|agent could not handle message Message[coordinator,adv1,tau.tac.adx.report.demand.CampaignOpportunityMessage[27920249,5000,40,49,[HIGH_INCOME, OLD],2.0,1.5,38,[]]]
java.lang.ClassFormatError: naive/NaiveAgent$CampaignData
	at naive.NaiveAgent.handleICampaignOpportunityMessage(NaiveAgent.java:222)
	at naive.NaiveAgent.messageReceived(NaiveAgent.java:131)
	at se.sics.tasim.aw.AgentService.deliverToAgent(AgentService.java:130)
	at tau.tac.adx.agentware.AgentServiceImpl.deliverToAgent(AgentServiceImpl.java:134)
	at tau.tac.adx.agentware.SimClient.run(SimClient.java:439)
	at java.lang.Thread.run(Thread.java:680)
29/06 00:00:23 INFO naive.NaiveAgent|Day 38 : Simulation Status Received
29/06 00:00:23 INFO naive.NaiveAgent|Day 38: Sending BidBundle
29/06 00:00:23 INFO naive.NaiveAgent|Day 38 ended. Starting next day
29/06 00:00:33 INFO naive.NaiveAgent|Day 39 :BankStatus[-1.428858]
29/06 00:00:33 INFO naive.NaiveAgent|Day 39: Daily notification for campaign 27920249
29/06 00:00:33 SEVERE agentware.AgentServiceImpl|agent could not handle message Message[coordinator,adv1,AdNetworkDailyNotification [effectiveDay=39, serviceLevel=0.47829690000000014, price=0.0, qualityScore=0.4, campaignId=27920249, winner=DummyAdnetwork-5, cost=0.0]]
java.lang.ClassFormatError: naive/NaiveAgent$CampaignData
	at naive.NaiveAgent.handleAdNetworkDailyNotification(NaiveAgent.java:282)
	at naive.NaiveAgent.messageReceived(NaiveAgent.java:135)
	at se.sics.tasim.aw.AgentService.deliverToAgent(AgentService.java:130)
	at tau.tac.adx.agentware.AgentServiceImpl.deliverToAgent(AgentServiceImpl.java:134)
	at tau.tac.adx.agentware.SimClient.run(SimClient.java:439)
	at java.lang.Thread.run(Thread.java:680)
29/06 00:00:33 SEVERE agentware.AgentServiceImpl|agent could not handle message Message[coordinator,adv1,tau.tac.adx.report.demand.CampaignOpportunityMessage[1637816217,15000,41,43,[MALE, LOW_INCOME],2.0,1.5,39,[]]]
java.lang.ClassFormatError: naive/NaiveAgent$CampaignData
	at naive.NaiveAgent.handleICampaignOpportunityMessage(NaiveAgent.java:222)
	at naive.NaiveAgent.messageReceived(NaiveAgent.java:131)
	at se.sics.tasim.aw.AgentService.deliverToAgent(AgentService.java:130)
	at tau.tac.adx.agentware.AgentServiceImpl.deliverToAgent(AgentServiceImpl.java:134)
	at tau.tac.adx.agentware.SimClient.run(SimClient.java:439)
	at java.lang.Thread.run(Thread.java:680)
29/06 00:00:33 INFO naive.NaiveAgent|Day 39 : Simulation Status Received
29/06 00:00:33 INFO naive.NaiveAgent|Day 39: Sending BidBundle
29/06 00:00:33 INFO naive.NaiveAgent|Day 39 ended. Starting next day
29/06 00:00:42 INFO naive.NaiveAgent|Day 40 :BankStatus[-1.436507]
29/06 00:00:42 INFO naive.NaiveAgent|Day 40: Daily notification for campaign 1637816217
29/06 00:00:42 SEVERE agentware.AgentServiceImpl|agent could not handle message Message[coordinator,adv1,AdNetworkDailyNotification [effectiveDay=40, serviceLevel=0.47829690000000014, price=0.0, qualityScore=0.4, campaignId=1637816217, winner=DummyAdnetwork-3, cost=0.0]]
java.lang.ClassFormatError: naive/NaiveAgent$CampaignData
	at naive.NaiveAgent.handleAdNetworkDailyNotification(NaiveAgent.java:282)
	at naive.NaiveAgent.messageReceived(NaiveAgent.java:135)
	at se.sics.tasim.aw.AgentService.deliverToAgent(AgentService.java:130)
	at tau.tac.adx.agentware.AgentServiceImpl.deliverToAgent(AgentServiceImpl.java:134)
	at tau.tac.adx.agentware.SimClient.run(SimClient.java:439)
	at java.lang.Thread.run(Thread.java:680)
29/06 00:00:42 SEVERE agentware.AgentServiceImpl|agent could not handle message Message[coordinator,adv1,tau.tac.adx.report.demand.CampaignOpportunityMessage[1312138191,10000,42,51,[HIGH_INCOME, MALE],2.0,1.5,40,[]]]
java.lang.ClassFormatError: naive/NaiveAgent$CampaignData
	at naive.NaiveAgent.handleICampaignOpportunityMessage(NaiveAgent.java:222)
	at naive.NaiveAgent.messageReceived(NaiveAgent.java:131)
	at se.sics.tasim.aw.AgentService.deliverToAgent(AgentService.java:130)
	at tau.tac.adx.agentware.AgentServiceImpl.deliverToAgent(AgentServiceImpl.java:134)
	at tau.tac.adx.agentware.SimClient.run(SimClient.java:439)
	at java.lang.Thread.run(Thread.java:680)
29/06 00:00:42 INFO naive.NaiveAgent|Day 40 : Simulation Status Received
29/06 00:00:42 INFO naive.NaiveAgent|Day 40: Sending BidBundle
29/06 00:00:42 INFO naive.NaiveAgent|Day 40 ended. Starting next day
29/06 00:00:52 INFO naive.NaiveAgent|Day 41 :BankStatus[-1.443726]
29/06 00:00:52 INFO naive.NaiveAgent|Day 41: Daily notification for campaign 1312138191
29/06 00:00:52 SEVERE agentware.AgentServiceImpl|agent could not handle message Message[coordinator,adv1,AdNetworkDailyNotification [effectiveDay=41, serviceLevel=0.47829690000000014, price=0.0, qualityScore=0.4, campaignId=1312138191, winner=DummyAdnetwork-3, cost=0.0]]
java.lang.ClassFormatError: naive/NaiveAgent$CampaignData
	at naive.NaiveAgent.handleAdNetworkDailyNotification(NaiveAgent.java:282)
	at naive.NaiveAgent.messageReceived(NaiveAgent.java:135)
	at se.sics.tasim.aw.AgentService.deliverToAgent(AgentService.java:130)
	at tau.tac.adx.agentware.AgentServiceImpl.deliverToAgent(AgentServiceImpl.java:134)
	at tau.tac.adx.agentware.SimClient.run(SimClient.java:439)
	at java.lang.Thread.run(Thread.java:680)
29/06 00:00:52 SEVERE agentware.AgentServiceImpl|agent could not handle message Message[coordinator,adv1,tau.tac.adx.report.demand.CampaignOpportunityMessage[1857038964,5000,43,45,[HIGH_INCOME, FEMALE],2.0,1.5,41,[]]]
java.lang.ClassFormatError: naive/NaiveAgent$CampaignData
	at naive.NaiveAgent.handleICampaignOpportunityMessage(NaiveAgent.java:222)
	at naive.NaiveAgent.messageReceived(NaiveAgent.java:131)
	at se.sics.tasim.aw.AgentService.deliverToAgent(AgentService.java:130)
	at tau.tac.adx.agentware.AgentServiceImpl.deliverToAgent(AgentServiceImpl.java:134)
	at tau.tac.adx.agentware.SimClient.run(SimClient.java:439)
	at java.lang.Thread.run(Thread.java:680)
29/06 00:00:52 INFO naive.NaiveAgent|Day 41 : Simulation Status Received
29/06 00:00:52 INFO naive.NaiveAgent|Day 41: Sending BidBundle
29/06 00:00:52 INFO naive.NaiveAgent|Day 41 ended. Starting next day
29/06 00:01:04 INFO naive.NaiveAgent|Day 42 :BankStatus[-1.450540]
29/06 00:01:04 INFO naive.NaiveAgent|Day 42: Daily notification for campaign 1857038964
29/06 00:01:04 SEVERE agentware.AgentServiceImpl|agent could not handle message Message[coordinator,adv1,AdNetworkDailyNotification [effectiveDay=42, serviceLevel=0.47829690000000014, price=0.0, qualityScore=0.4, campaignId=1857038964, winner=DummyAdnetwork-2, cost=0.0]]
java.lang.ClassFormatError: naive/NaiveAgent$CampaignData
	at naive.NaiveAgent.handleAdNetworkDailyNotification(NaiveAgent.java:282)
	at naive.NaiveAgent.messageReceived(NaiveAgent.java:135)
	at se.sics.tasim.aw.AgentService.deliverToAgent(AgentService.java:130)
	at tau.tac.adx.agentware.AgentServiceImpl.deliverToAgent(AgentServiceImpl.java:134)
	at tau.tac.adx.agentware.SimClient.run(SimClient.java:439)
	at java.lang.Thread.run(Thread.java:680)
29/06 00:01:04 SEVERE agentware.AgentServiceImpl|agent could not handle message Message[coordinator,adv1,tau.tac.adx.report.demand.CampaignOpportunityMessage[1430145004,5000,44,46,[FEMALE, OLD],2.0,1.5,42,[]]]
java.lang.ClassFormatError: naive/NaiveAgent$CampaignData
	at naive.NaiveAgent.handleICampaignOpportunityMessage(NaiveAgent.java:222)
	at naive.NaiveAgent.messageReceived(NaiveAgent.java:131)
	at se.sics.tasim.aw.AgentService.deliverToAgent(AgentService.java:130)
	at tau.tac.adx.agentware.AgentServiceImpl.deliverToAgent(AgentServiceImpl.java:134)
	at tau.tac.adx.agentware.SimClient.run(SimClient.java:439)
	at java.lang.Thread.run(Thread.java:680)
29/06 00:01:04 INFO naive.NaiveAgent|Day 42 : Simulation Status Received
29/06 00:01:04 INFO naive.NaiveAgent|Day 42: Sending BidBundle
29/06 00:01:04 INFO naive.NaiveAgent|Day 42 ended. Starting next day
29/06 00:01:51 INFO naive.NaiveAgent|Day 43 :BankStatus[-1.456972]
29/06 00:01:51 INFO naive.NaiveAgent|Day 43: Daily notification for campaign 1430145004
29/06 00:01:51 SEVERE agentware.AgentServiceImpl|agent could not handle message Message[coordinator,adv1,AdNetworkDailyNotification [effectiveDay=43, serviceLevel=0.47829690000000014, price=0.0, qualityScore=0.4, campaignId=1430145004, winner=DummyAdnetwork-3, cost=0.0]]
java.lang.ClassFormatError: naive/NaiveAgent$CampaignData
	at naive.NaiveAgent.handleAdNetworkDailyNotification(NaiveAgent.java:282)
	at naive.NaiveAgent.messageReceived(NaiveAgent.java:135)
	at se.sics.tasim.aw.AgentService.deliverToAgent(AgentService.java:130)
	at tau.tac.adx.agentware.AgentServiceImpl.deliverToAgent(AgentServiceImpl.java:134)
	at tau.tac.adx.agentware.SimClient.run(SimClient.java:439)
	at java.lang.Thread.run(Thread.java:680)
29/06 00:01:51 SEVERE agentware.AgentServiceImpl|agent could not handle message Message[coordinator,adv1,tau.tac.adx.report.demand.CampaignOpportunityMessage[1021950460,15000,45,47,[HIGH_INCOME, YOUNG],2.0,1.5,43,[]]]
java.lang.ClassFormatError: naive/NaiveAgent$CampaignData
	at naive.NaiveAgent.handleICampaignOpportunityMessage(NaiveAgent.java:222)
	at naive.NaiveAgent.messageReceived(NaiveAgent.java:131)
	at se.sics.tasim.aw.AgentService.deliverToAgent(AgentService.java:130)
	at tau.tac.adx.agentware.AgentServiceImpl.deliverToAgent(AgentServiceImpl.java:134)
	at tau.tac.adx.agentware.SimClient.run(SimClient.java:439)
	at java.lang.Thread.run(Thread.java:680)
29/06 00:04:20 SEVERE agentware.SimClient|************************************************************
29/06 00:04:20 SEVERE agentware.SimClient|* Forced Simulation End
29/06 00:04:20 SEVERE agentware.SimClient|* forcing simulation to end at time unit 62 (max 61 time units)
29/06 00:04:20 SEVERE agentware.SimClient|************************************************************
