28/06 18:29:00 INFO agents.SampleAdNetwork|UNKNOWN Message Received: edu.umich.eecs.tac.props.AdvertiserInfo@bc76a1c1
28/06 18:29:00 INFO agents.SampleAdNetwork|Day 0 :BankStatus[0.000000]
28/06 18:29:01 INFO agents.SampleAdNetwork|tau.tac.adx.report.demand.InitialCampaignMessage[1921165245,1250,1,5,[YOUNG, MALE],2.0,1.5,demand,[]]
28/06 18:29:01 INFO agents.SampleAdNetwork|Day 0: Allocated campaign - Campaign ID 1921165245: day 1 to 5  YOUNG MALE, reach: 1250 coefs: (v=2.0, m=1.5)
28/06 18:29:01 INFO agents.SampleAdNetwork|Day 0: Campaign opportunity - Campaign ID 1514609388: day 2 to 11  YOUNG LOW_INCOME, reach: 5000 coefs: (v=2.0, m=1.5)
28/06 18:29:01 INFO agents.SampleAdNetwork|Day 0: Campaign total budget bid: 4.358
28/06 18:29:01 INFO agents.SampleAdNetwork|Day 0: Initial ucs bid is 0.14225385975660432
28/06 18:29:01 INFO agents.SampleAdNetwork|Day 0 : Simulation Status Received
28/06 18:29:01 INFO agents.SampleAdNetwork|Day 0: Updated 24 Bid Bundle entries for Campaign id 1921165245
28/06 18:29:01 INFO agents.SampleAdNetwork|Day 0: Sending BidBundle
28/06 18:29:01 INFO agents.SampleAdNetwork|Day 0 ended. Starting next day
28/06 18:29:12 INFO agents.SampleAdNetwork|Day 1 :BankStatus[0.000000]
28/06 18:29:12 INFO agents.SampleAdNetwork|Day 1: Daily notification for campaign 1514609388
28/06 18:29:12 INFO agents.SampleAdNetwork|Day 1:  allocated to DummyAdnetwork-5. UCS Level set to 0.7290000000000001 at price 0.09175281908290304 Qualit Score is: 1.0
28/06 18:29:12 INFO agents.SampleAdNetwork|Day 1: Campaign opportunity - Campaign ID 1851564747: day 3 to 5  LOW_INCOME FEMALE, reach: 15000 coefs: (v=2.0, m=1.5)
28/06 18:29:12 INFO agents.SampleAdNetwork|Day 1: Campaign total budget bid: 7.198
28/06 18:29:12 INFO agents.SampleAdNetwork|Day 1: Adjusting ucs bid: was 0.14225385975660432 level reported: 0.7290000000000001 target: 0.6 adjusted: 0.1233387770014927
28/06 18:29:12 INFO agents.SampleAdNetwork|Day 1 : Simulation Status Received
28/06 18:29:12 INFO agents.SampleAdNetwork|Day 1: Updated 24 Bid Bundle entries for Campaign id 1921165245
28/06 18:29:12 INFO agents.SampleAdNetwork|Day 1: Sending BidBundle
28/06 18:29:12 INFO agents.SampleAdNetwork|Day 1 ended. Starting next day
28/06 18:29:24 INFO agents.SampleAdNetwork|Day 2 :BankStatus[-0.091753]
28/06 18:29:24 INFO agents.SampleAdNetwork|Day 2: Updating campaign 1921165245 stats: 0.0 tgtImps 0.0 nonTgtImps. Cost of imps is 0.0
28/06 18:29:24 INFO agents.SampleAdNetwork|Day 2: Daily notification for campaign 1851564747
28/06 18:29:24 INFO agents.SampleAdNetwork|Day 2:  allocated to DummyAdnetwork-7. UCS Level set to 0.5904900000000002 at price 0.07033087691888686 Qualit Score is: 1.0
28/06 18:29:24 INFO agents.SampleAdNetwork|Day 2: Campaign opportunity - Campaign ID 482640239: day 4 to 6  YOUNG LOW_INCOME, reach: 10000 coefs: (v=2.0, m=1.5)
28/06 18:29:24 INFO agents.SampleAdNetwork|Day 2: Campaign total budget bid: 8.307
28/06 18:29:24 INFO agents.SampleAdNetwork|Day 2: Adjusting ucs bid: was 0.1233387770014927 level reported: 0.5904900000000002 target: 0.6 adjusted: 0.10892791101092494
28/06 18:29:24 INFO agents.SampleAdNetwork|Day 2 : Simulation Status Received
28/06 18:29:24 INFO agents.SampleAdNetwork|Day 2: Updated 24 Bid Bundle entries for Campaign id 1921165245
28/06 18:29:24 INFO agents.SampleAdNetwork|Day 2: Sending BidBundle
28/06 18:29:24 INFO agents.SampleAdNetwork|Day 2 ended. Starting next day
28/06 18:29:36 INFO agents.SampleAdNetwork|Day 3 :BankStatus[-0.183909]
28/06 18:29:36 INFO agents.SampleAdNetwork|Day 3: Updating campaign 1921165245 stats: 0.0 tgtImps 0.0 nonTgtImps. Cost of imps is 0.0
28/06 18:29:36 INFO agents.SampleAdNetwork|Day 3: Daily notification for campaign 482640239
28/06 18:29:36 INFO agents.SampleAdNetwork|Day 3:  allocated to DummyAdnetwork-4. UCS Level set to 0.47829690000000014 at price 0.0 Qualit Score is: 1.0
28/06 18:29:36 INFO agents.SampleAdNetwork|Day 3: Campaign opportunity - Campaign ID 386418066: day 5 to 14  OLD HIGH_INCOME, reach: 15000 coefs: (v=2.0, m=1.5)
28/06 18:29:36 INFO agents.SampleAdNetwork|Day 3: Campaign total budget bid: 1.111
28/06 18:29:36 INFO agents.SampleAdNetwork|Day 3: Adjusting ucs bid: was 0.10892791101092494 level reported: 0.47829690000000014 target: 0.6 adjusted: 0.12218477545747863
28/06 18:29:36 INFO agents.SampleAdNetwork|Day 3 : Simulation Status Received
28/06 18:29:36 INFO agents.SampleAdNetwork|Day 3: Updated 24 Bid Bundle entries for Campaign id 1921165245
28/06 18:29:36 INFO agents.SampleAdNetwork|Day 3: Sending BidBundle
28/06 18:29:36 INFO agents.SampleAdNetwork|Day 3 ended. Starting next day
28/06 18:29:48 INFO agents.SampleAdNetwork|Day 4 :BankStatus[-0.270547]
28/06 18:29:48 INFO agents.SampleAdNetwork|Day 4: Updating campaign 1921165245 stats: 0.0 tgtImps 0.0 nonTgtImps. Cost of imps is 0.0
28/06 18:29:48 INFO agents.SampleAdNetwork|Day 4: Daily notification for campaign 386418066
28/06 18:29:48 INFO agents.SampleAdNetwork|Day 4:  WON at cost 4.09. UCS Level set to 0.6561000000000001 at price 0.07716442892913696 Qualit Score is: 1.0
28/06 18:29:48 INFO agents.SampleAdNetwork|Day 4: Campaign opportunity - Campaign ID 468268505: day 6 to 15  LOW_INCOME FEMALE, reach: 5000 coefs: (v=2.0, m=1.5)
28/06 18:29:48 INFO agents.SampleAdNetwork|Day 4: Campaign total budget bid: 3.545
28/06 18:29:48 INFO agents.SampleAdNetwork|Day 4: Adjusting ucs bid: was 0.12218477545747863 level reported: 0.6561000000000001 target: 0.6 adjusted: 0.10283384514096464
28/06 18:29:48 INFO agents.SampleAdNetwork|Day 4 : Simulation Status Received
28/06 18:29:48 INFO agents.SampleAdNetwork|Day 4: Updated 24 Bid Bundle entries for Campaign id 1921165245
28/06 18:29:48 INFO agents.SampleAdNetwork|Day 4: Updated 24 Bid Bundle entries for Campaign id 386418066
28/06 18:29:48 INFO agents.SampleAdNetwork|Day 4: Sending BidBundle
28/06 18:29:48 INFO agents.SampleAdNetwork|Day 4 ended. Starting next day
28/06 18:29:55 INFO agents.SampleAdNetwork|Day 5 :BankStatus[-0.359620]
28/06 18:29:55 INFO agents.SampleAdNetwork|Day 5: Updating campaign 1921165245 stats: 0.0 tgtImps 0.0 nonTgtImps. Cost of imps is 0.0
28/06 18:29:55 INFO agents.SampleAdNetwork|Day 5: Daily notification for campaign 468268505
28/06 18:29:55 INFO agents.SampleAdNetwork|Day 5:  allocated to DummyAdnetwork. UCS Level set to 0.47829690000000014 at price 0.0 Qualit Score is: 1.0
28/06 18:29:55 INFO agents.SampleAdNetwork|Day 5: Campaign opportunity - Campaign ID 1832457148: day 7 to 9  LOW_INCOME FEMALE, reach: 5000 coefs: (v=2.0, m=1.5)
28/06 18:29:55 INFO agents.SampleAdNetwork|Day 5: Campaign total budget bid: 3.768
28/06 18:29:55 INFO agents.SampleAdNetwork|Day 5: Adjusting ucs bid: was 0.10283384514096464 level reported: 0.47829690000000014 target: 0.6 adjusted: 0.11534904287953997
28/06 18:29:55 INFO agents.SampleAdNetwork|Day 5 : AdNetworkReport
28/06 18:29:55 INFO agents.SampleAdNetwork|Day 5 : Simulation Status Received
28/06 18:29:55 INFO agents.SampleAdNetwork|Day 5: Updated 24 Bid Bundle entries for Campaign id 386418066
28/06 18:29:55 INFO agents.SampleAdNetwork|Day 5: Sending BidBundle
28/06 18:29:55 INFO agents.SampleAdNetwork|Day 5 ended. Starting next day
28/06 18:30:05 INFO agents.SampleAdNetwork|Day 6 :BankStatus[-0.691791]
28/06 18:30:05 INFO agents.SampleAdNetwork|Day 6: Updating campaign 386418066 stats: 7503.0 tgtImps 9103.0 nonTgtImps. Cost of imps is 0.4905088266086567
28/06 18:30:05 INFO agents.SampleAdNetwork|Day 6: Daily notification for campaign 1832457148
28/06 18:30:05 INFO agents.SampleAdNetwork|Day 6:  allocated to DummyAdnetwork-6. UCS Level set to 0.47829690000000014 at price 0.0 Qualit Score is: 0.4
28/06 18:30:05 INFO agents.SampleAdNetwork|Day 6: Campaign opportunity - Campaign ID 137631676: day 8 to 17  OLD LOW_INCOME, reach: 5000 coefs: (v=2.0, m=1.5)
28/06 18:30:05 INFO agents.SampleAdNetwork|Day 6: Campaign total budget bid: 3.146
28/06 18:30:05 INFO agents.SampleAdNetwork|Day 6: Adjusting ucs bid: was 0.11534904287953997 level reported: 0.47829690000000014 target: 0.6 adjusted: 0.12255349523265084
28/06 18:30:05 INFO agents.SampleAdNetwork|Day 6 : Simulation Status Received
28/06 18:30:05 INFO agents.SampleAdNetwork|Day 6: Updated 24 Bid Bundle entries for Campaign id 386418066
28/06 18:30:05 INFO agents.SampleAdNetwork|Day 6: Sending BidBundle
28/06 18:30:05 INFO agents.SampleAdNetwork|Day 6 ended. Starting next day
28/06 18:30:14 INFO agents.SampleAdNetwork|Day 7 :BankStatus[-0.783082]
28/06 18:30:14 INFO agents.SampleAdNetwork|Day 7: Updating campaign 386418066 stats: 7503.0 tgtImps 9103.0 nonTgtImps. Cost of imps is 0.4905088266086567
28/06 18:30:14 INFO agents.SampleAdNetwork|Day 7: Daily notification for campaign 137631676
28/06 18:30:14 INFO agents.SampleAdNetwork|Day 7:  allocated to DummyAdnetwork-5. UCS Level set to 0.7290000000000001 at price 0.08887900699683501 Qualit Score is: 0.4
28/06 18:30:14 INFO agents.SampleAdNetwork|Day 7: Campaign opportunity - Campaign ID 1355956391: day 9 to 18  YOUNG LOW_INCOME, reach: 5000 coefs: (v=2.0, m=1.5)
28/06 18:30:14 INFO agents.SampleAdNetwork|Day 7: Campaign total budget bid: 1.166
28/06 18:30:14 INFO agents.SampleAdNetwork|Day 7: Adjusting ucs bid: was 0.12255349523265084 level reported: 0.7290000000000001 target: 0.6 adjusted: 0.10674409434763889
28/06 18:30:14 INFO agents.SampleAdNetwork|Day 7 : Simulation Status Received
28/06 18:30:14 INFO agents.SampleAdNetwork|Day 7: Updated 24 Bid Bundle entries for Campaign id 386418066
28/06 18:30:14 INFO agents.SampleAdNetwork|Day 7: Sending BidBundle
28/06 18:30:14 INFO agents.SampleAdNetwork|Day 7 ended. Starting next day
28/06 18:30:23 INFO agents.SampleAdNetwork|Day 8 :BankStatus[-0.871961]
28/06 18:30:23 INFO agents.SampleAdNetwork|Day 8: Updating campaign 386418066 stats: 7503.0 tgtImps 9103.0 nonTgtImps. Cost of imps is 0.4905088266086567
28/06 18:30:23 INFO agents.SampleAdNetwork|Day 8: Daily notification for campaign 1355956391
28/06 18:30:23 INFO agents.SampleAdNetwork|Day 8:  allocated to DummyAdnetwork-7. UCS Level set to 0.5314410000000002 at price 0.05378421527951928 Qualit Score is: 0.4
28/06 18:30:23 INFO agents.SampleAdNetwork|Day 8: Campaign opportunity - Campaign ID 1276465361: day 10 to 14  OLD FEMALE, reach: 10000 coefs: (v=2.0, m=1.5)
28/06 18:30:23 INFO agents.SampleAdNetwork|Day 8: Campaign total budget bid: 3.825
28/06 18:30:23 INFO agents.SampleAdNetwork|Day 8: Adjusting ucs bid: was 0.10674409434763889 level reported: 0.5314410000000002 target: 0.6 adjusted: 0.11406236271201867
28/06 18:30:23 INFO agents.SampleAdNetwork|Day 8 : Simulation Status Received
28/06 18:30:23 INFO agents.SampleAdNetwork|Day 8: Updated 24 Bid Bundle entries for Campaign id 386418066
28/06 18:30:23 INFO agents.SampleAdNetwork|Day 8: Sending BidBundle
28/06 18:30:23 INFO agents.SampleAdNetwork|Day 8 ended. Starting next day
28/06 18:30:35 INFO agents.SampleAdNetwork|Day 9 :BankStatus[-0.954540]
28/06 18:30:35 INFO agents.SampleAdNetwork|Day 9: Updating campaign 386418066 stats: 7503.0 tgtImps 9103.0 nonTgtImps. Cost of imps is 0.4905088266086567
28/06 18:30:35 INFO agents.SampleAdNetwork|Day 9: Daily notification for campaign 1276465361
28/06 18:30:35 INFO agents.SampleAdNetwork|Day 9:  allocated to DummyAdnetwork-4. UCS Level set to 0.7290000000000001 at price 0.07518805621369565 Qualit Score is: 0.4
28/06 18:30:35 INFO agents.SampleAdNetwork|Day 9: Campaign opportunity - Campaign ID 2081115494: day 11 to 20  LOW_INCOME FEMALE, reach: 10000 coefs: (v=2.0, m=1.5)
28/06 18:30:35 INFO agents.SampleAdNetwork|Day 9: Campaign total budget bid: 9.206
28/06 18:30:35 INFO agents.SampleAdNetwork|Day 9: Adjusting ucs bid: was 0.11406236271201867 level reported: 0.7290000000000001 target: 0.6 adjusted: 0.09934831792216826
28/06 18:30:35 INFO agents.SampleAdNetwork|Day 9 : Simulation Status Received
28/06 18:30:35 INFO agents.SampleAdNetwork|Day 9: Updated 24 Bid Bundle entries for Campaign id 386418066
28/06 18:30:35 INFO agents.SampleAdNetwork|Day 9: Sending BidBundle
28/06 18:30:35 INFO agents.SampleAdNetwork|Day 9 ended. Starting next day
28/06 18:30:42 INFO agents.SampleAdNetwork|Day 10 :BankStatus[-1.029728]
28/06 18:30:42 INFO agents.SampleAdNetwork|Day 10: Updating campaign 386418066 stats: 7503.0 tgtImps 9103.0 nonTgtImps. Cost of imps is 0.4905088266086567
28/06 18:30:42 INFO agents.SampleAdNetwork|Day 10: Daily notification for campaign 2081115494
28/06 18:30:42 INFO agents.SampleAdNetwork|Day 10:  allocated to DummyAdnetwork. UCS Level set to 0.47829690000000014 at price 0.0 Qualit Score is: 0.4
28/06 18:30:42 INFO agents.SampleAdNetwork|Day 10: Campaign opportunity - Campaign ID 480093617: day 12 to 16  OLD MALE, reach: 15000 coefs: (v=2.0, m=1.5)
28/06 18:30:42 INFO agents.SampleAdNetwork|Day 10: Campaign total budget bid: 11.029
28/06 18:30:42 INFO agents.SampleAdNetwork|Day 10: Adjusting ucs bid: was 0.09934831792216826 level reported: 0.47829690000000014 target: 0.6 adjusted: 0.1114393161930817
28/06 18:30:43 INFO agents.SampleAdNetwork|Day 10 : Simulation Status Received
28/06 18:30:43 INFO agents.SampleAdNetwork|Day 10: Updated 24 Bid Bundle entries for Campaign id 386418066
28/06 18:30:43 INFO agents.SampleAdNetwork|Day 10: Sending BidBundle
28/06 18:30:43 INFO agents.SampleAdNetwork|Day 10 ended. Starting next day
28/06 18:30:54 INFO agents.SampleAdNetwork|Day 11 :BankStatus[-1.107512]
28/06 18:30:54 INFO agents.SampleAdNetwork|Day 11: Updating campaign 386418066 stats: 7503.0 tgtImps 9103.0 nonTgtImps. Cost of imps is 0.4905088266086567
28/06 18:30:54 INFO agents.SampleAdNetwork|Day 11: Daily notification for campaign 480093617
28/06 18:30:54 INFO agents.SampleAdNetwork|Day 11:  allocated to DummyAdnetwork-4. UCS Level set to 0.6561000000000001 at price 0.0730784295108909 Qualit Score is: 0.4
28/06 18:30:54 INFO agents.SampleAdNetwork|Day 11: Campaign opportunity - Campaign ID 688174707: day 13 to 17  HIGH_INCOME MALE, reach: 15000 coefs: (v=2.0, m=1.5)
28/06 18:30:54 INFO agents.SampleAdNetwork|Day 11: Campaign total budget bid: 7.492
28/06 18:30:54 INFO agents.SampleAdNetwork|Day 11: Adjusting ucs bid: was 0.1114393161930817 level reported: 0.6561000000000001 target: 0.6 adjusted: 0.1051875705546498
28/06 18:30:54 INFO agents.SampleAdNetwork|Day 11 : Simulation Status Received
28/06 18:30:54 INFO agents.SampleAdNetwork|Day 11: Updated 24 Bid Bundle entries for Campaign id 386418066
28/06 18:30:54 INFO agents.SampleAdNetwork|Day 11: Sending BidBundle
28/06 18:30:54 INFO agents.SampleAdNetwork|Day 11 ended. Starting next day
28/06 18:31:07 INFO agents.SampleAdNetwork|Day 12 :BankStatus[-1.188751]
28/06 18:31:07 INFO agents.SampleAdNetwork|Day 12: Updating campaign 386418066 stats: 7503.0 tgtImps 9103.0 nonTgtImps. Cost of imps is 0.4905088266086567
28/06 18:31:07 INFO agents.SampleAdNetwork|Day 12: Daily notification for campaign 688174707
28/06 18:31:07 INFO agents.SampleAdNetwork|Day 12:  allocated to DummyAdnetwork-5. UCS Level set to 0.47829690000000014 at price 0.0 Qualit Score is: 0.4
28/06 18:31:07 INFO agents.SampleAdNetwork|Day 12: Campaign opportunity - Campaign ID 616409682: day 14 to 16  YOUNG HIGH_INCOME, reach: 10000 coefs: (v=2.0, m=1.5)
28/06 18:31:07 INFO agents.SampleAdNetwork|Day 12: Campaign total budget bid: 5.259
28/06 18:31:07 INFO agents.SampleAdNetwork|Day 12: Adjusting ucs bid: was 0.1051875705546498 level reported: 0.47829690000000014 target: 0.6 adjusted: 0.1179892239726194
28/06 18:31:07 INFO agents.SampleAdNetwork|Day 12 : Simulation Status Received
28/06 18:31:07 INFO agents.SampleAdNetwork|Day 12: Updated 24 Bid Bundle entries for Campaign id 386418066
28/06 18:31:07 INFO agents.SampleAdNetwork|Day 12: Sending BidBundle
28/06 18:31:07 INFO agents.SampleAdNetwork|Day 12 ended. Starting next day
28/06 18:31:22 INFO agents.SampleAdNetwork|Day 13 :BankStatus[-1.271955]
28/06 18:31:22 INFO agents.SampleAdNetwork|Day 13: Updating campaign 386418066 stats: 7503.0 tgtImps 9103.0 nonTgtImps. Cost of imps is 0.4905088266086567
28/06 18:31:22 INFO agents.SampleAdNetwork|Day 13: Daily notification for campaign 616409682
28/06 18:31:22 INFO agents.SampleAdNetwork|Day 13:  allocated to DummyAdnetwork-4. UCS Level set to 0.7290000000000001 at price 0.08107906486297693 Qualit Score is: 0.4
28/06 18:31:22 INFO agents.SampleAdNetwork|Day 13: Campaign opportunity - Campaign ID 220961932: day 15 to 24  OLD MALE, reach: 15000 coefs: (v=2.0, m=1.5)
28/06 18:31:22 INFO agents.SampleAdNetwork|Day 13: Campaign total budget bid: 4.949
28/06 18:31:22 INFO agents.SampleAdNetwork|Day 13: Adjusting ucs bid: was 0.1179892239726194 level reported: 0.7290000000000001 target: 0.6 adjusted: 0.1027686140801515
28/06 18:31:25 INFO agents.SampleAdNetwork|Day 13 : Simulation Status Received
28/06 18:31:25 INFO agents.SampleAdNetwork|Day 13: Updated 24 Bid Bundle entries for Campaign id 386418066
28/06 18:31:25 INFO agents.SampleAdNetwork|Day 13: Sending BidBundle
28/06 18:31:25 INFO agents.SampleAdNetwork|Day 13 ended. Starting next day
28/06 18:31:26 INFO agents.SampleAdNetwork|Day 14 :BankStatus[-1.353034]
28/06 18:31:26 INFO agents.SampleAdNetwork|Day 14: Updating campaign 386418066 stats: 7503.0 tgtImps 9103.0 nonTgtImps. Cost of imps is 0.4905088266086567
28/06 18:31:26 INFO agents.SampleAdNetwork|Day 14: Daily notification for campaign 220961932
28/06 18:31:26 INFO agents.SampleAdNetwork|Day 14:  allocated to . UCS Level set to 0.7290000000000001 at price 0.08107906486297693 Qualit Score is: 0.4
28/06 18:31:26 INFO agents.SampleAdNetwork|Day 14: Campaign opportunity - Campaign ID 1584606133: day 16 to 25  YOUNG HIGH_INCOME, reach: 5000 coefs: (v=2.0, m=1.5)
28/06 18:31:26 INFO agents.SampleAdNetwork|Day 14: Campaign total budget bid: 4.708
28/06 18:31:26 INFO agents.SampleAdNetwork|Day 14: Adjusting ucs bid: was 0.1027686140801515 level reported: 0.7290000000000001 target: 0.6 adjusted: 0.08951146286381197
28/06 18:31:26 INFO agents.SampleAdNetwork|Day 14 : Simulation Status Received
28/06 18:31:26 INFO agents.SampleAdNetwork|Day 14: Sending BidBundle
28/06 18:31:26 INFO agents.SampleAdNetwork|Day 14 ended. Starting next day
28/06 18:31:39 INFO agents.SampleAdNetwork|Day 15 :BankStatus[-1.434113]
28/06 18:31:39 INFO agents.SampleAdNetwork|Day 15: Daily notification for campaign 1584606133
28/06 18:31:39 INFO agents.SampleAdNetwork|Day 15:  allocated to DummyAdnetwork-5. UCS Level set to 0.47829690000000014 at price 0.0 Qualit Score is: 0.2925806076330449
28/06 18:31:39 INFO agents.SampleAdNetwork|Day 15: Campaign opportunity - Campaign ID 1582056329: day 17 to 21  YOUNG LOW_INCOME, reach: 10000 coefs: (v=2.0, m=1.5)
28/06 18:31:39 INFO agents.SampleAdNetwork|Day 15: Campaign total budget bid: 2.594
28/06 18:31:39 INFO agents.SampleAdNetwork|Day 15: Adjusting ucs bid: was 0.08951146286381197 level reported: 0.47829690000000014 target: 0.6 adjusted: 0.10040528537987276
28/06 18:31:39 INFO agents.SampleAdNetwork|Day 15 : Simulation Status Received
28/06 18:31:39 INFO agents.SampleAdNetwork|Day 15: Sending BidBundle
28/06 18:31:39 INFO agents.SampleAdNetwork|Day 15 ended. Starting next day
28/06 18:31:52 INFO agents.SampleAdNetwork|Day 16 :BankStatus[-0.611575]
28/06 18:31:52 INFO agents.SampleAdNetwork|Day 16: Daily notification for campaign 1582056329
28/06 18:31:52 INFO agents.SampleAdNetwork|Day 16:  allocated to DummyAdnetwork-4. UCS Level set to 0.47829690000000014 at price 0.0 Qualit Score is: 0.2925806076330449
28/06 18:31:52 INFO agents.SampleAdNetwork|Day 16: Campaign opportunity - Campaign ID 2099999454: day 18 to 22  YOUNG HIGH_INCOME, reach: 10000 coefs: (v=2.0, m=1.5)
28/06 18:31:52 INFO agents.SampleAdNetwork|Day 16: Campaign total budget bid: 9.772
28/06 18:31:52 INFO agents.SampleAdNetwork|Day 16: Adjusting ucs bid: was 0.10040528537987276 level reported: 0.47829690000000014 target: 0.6 adjusted: 0.11262491986698794
28/06 18:31:55 INFO agents.SampleAdNetwork|Day 16 : Simulation Status Received
28/06 18:31:55 INFO agents.SampleAdNetwork|Day 16: Sending BidBundle
28/06 18:31:55 INFO agents.SampleAdNetwork|Day 16 ended. Starting next day
28/06 18:31:57 INFO agents.SampleAdNetwork|Day 17 :BankStatus[-0.690538]
28/06 18:31:57 INFO agents.SampleAdNetwork|Day 17: Daily notification for campaign 2099999454
28/06 18:31:57 INFO agents.SampleAdNetwork|Day 17:  allocated to . UCS Level set to 0.47829690000000014 at price 0.0 Qualit Score is: 0.2925806076330449
28/06 18:31:57 INFO agents.SampleAdNetwork|Day 17: Campaign opportunity - Campaign ID 1762904849: day 19 to 23  YOUNG LOW_INCOME, reach: 15000 coefs: (v=2.0, m=1.5)
28/06 18:31:57 INFO agents.SampleAdNetwork|Day 17: Campaign total budget bid: 10.795
28/06 18:31:57 INFO agents.SampleAdNetwork|Day 17: Adjusting ucs bid: was 0.11262491986698794 level reported: 0.47829690000000014 target: 0.6 adjusted: 0.12633172175205196
28/06 18:31:57 INFO agents.SampleAdNetwork|Day 17 : Simulation Status Received
28/06 18:31:57 INFO agents.SampleAdNetwork|Day 17: Sending BidBundle
28/06 18:31:57 INFO agents.SampleAdNetwork|Day 17 ended. Starting next day
28/06 18:32:04 INFO agents.SampleAdNetwork|Day 18 :BankStatus[-0.769500]
28/06 18:32:04 INFO agents.SampleAdNetwork|Day 18: Daily notification for campaign 1762904849
28/06 18:32:04 INFO agents.SampleAdNetwork|Day 18:  allocated to DummyAdnetwork-4. UCS Level set to 0.81 at price 0.08825035329807786 Qualit Score is: 0.2925806076330449
28/06 18:32:04 INFO agents.SampleAdNetwork|Day 18: Campaign opportunity - Campaign ID 1573097725: day 20 to 22  YOUNG FEMALE, reach: 15000 coefs: (v=2.0, m=1.5)
28/06 18:32:04 INFO agents.SampleAdNetwork|Day 18: Campaign total budget bid: 1.843
28/06 18:32:04 INFO agents.SampleAdNetwork|Day 18: Adjusting ucs bid: was 0.12633172175205196 level reported: 0.81 target: 0.6 adjusted: 0.09980206018412105
28/06 18:32:04 INFO agents.SampleAdNetwork|Day 18 : Simulation Status Received
28/06 18:32:04 INFO agents.SampleAdNetwork|Day 18: Sending BidBundle
28/06 18:32:04 INFO agents.SampleAdNetwork|Day 18 ended. Starting next day
28/06 18:32:13 INFO agents.SampleAdNetwork|Day 19 :BankStatus[-0.847612]
28/06 18:32:13 INFO agents.SampleAdNetwork|Day 19: Daily notification for campaign 1573097725
28/06 18:32:13 INFO agents.SampleAdNetwork|Day 19:  allocated to DummyAdnetwork-4. UCS Level set to 0.5314410000000002 at price 0.05043182047181481 Qualit Score is: 0.2925806076330449
28/06 18:32:13 INFO agents.SampleAdNetwork|Day 19: Campaign opportunity - Campaign ID 1752617487: day 21 to 23  HIGH_INCOME MALE, reach: 10000 coefs: (v=2.0, m=1.5)
28/06 18:32:13 INFO agents.SampleAdNetwork|Day 19: Campaign total budget bid: 3.692
28/06 18:32:13 INFO agents.SampleAdNetwork|Day 19: Adjusting ucs bid: was 0.09980206018412105 level reported: 0.5314410000000002 target: 0.6 adjusted: 0.10664438962828421
28/06 18:32:13 INFO agents.SampleAdNetwork|Day 19 : Simulation Status Received
28/06 18:32:13 INFO agents.SampleAdNetwork|Day 19: Sending BidBundle
28/06 18:32:13 INFO agents.SampleAdNetwork|Day 19 ended. Starting next day
28/06 18:32:27 INFO agents.SampleAdNetwork|Day 20 :BankStatus[-0.932381]
28/06 18:32:27 INFO agents.SampleAdNetwork|Day 20: Daily notification for campaign 1752617487
28/06 18:32:27 INFO agents.SampleAdNetwork|Day 20:  allocated to DummyAdnetwork-7. UCS Level set to 0.5314410000000002 at price 0.05656952936187813 Qualit Score is: 0.2925806076330449
28/06 18:32:27 INFO agents.SampleAdNetwork|Day 20: Campaign opportunity - Campaign ID 1172159099: day 22 to 31  YOUNG HIGH_INCOME, reach: 10000 coefs: (v=2.0, m=1.5)
28/06 18:32:27 INFO agents.SampleAdNetwork|Day 20: Campaign total budget bid: 8.591
28/06 18:32:27 INFO agents.SampleAdNetwork|Day 20: Adjusting ucs bid: was 0.10664438962828421 level reported: 0.5314410000000002 target: 0.6 adjusted: 0.11395582233680975
28/06 18:32:27 INFO agents.SampleAdNetwork|Day 20 : Simulation Status Received
28/06 18:32:27 INFO agents.SampleAdNetwork|Day 20: Sending BidBundle
28/06 18:32:27 INFO agents.SampleAdNetwork|Day 20 ended. Starting next day
28/06 18:32:35 INFO agents.SampleAdNetwork|Day 21 :BankStatus[-1.014597]
28/06 18:32:35 INFO agents.SampleAdNetwork|Day 21: Daily notification for campaign 1172159099
28/06 18:32:35 INFO agents.SampleAdNetwork|Day 21:  allocated to DummyAdnetwork-7. UCS Level set to 0.6561000000000001 at price 0.07223190200974593 Qualit Score is: 0.2925806076330449
28/06 18:32:35 INFO agents.SampleAdNetwork|Day 21: Campaign opportunity - Campaign ID 1407230362: day 23 to 32  FEMALE HIGH_INCOME, reach: 10000 coefs: (v=2.0, m=1.5)
28/06 18:32:35 INFO agents.SampleAdNetwork|Day 21: Campaign total budget bid: 4.247
28/06 18:32:35 INFO agents.SampleAdNetwork|Day 21: Adjusting ucs bid: was 0.11395582233680975 level reported: 0.6561000000000001 target: 0.6 adjusted: 0.10756290070371471
28/06 18:32:35 INFO agents.SampleAdNetwork|Day 21 : Simulation Status Received
28/06 18:32:35 INFO agents.SampleAdNetwork|Day 21: Sending BidBundle
28/06 18:32:35 INFO agents.SampleAdNetwork|Day 21 ended. Starting next day
28/06 18:32:51 INFO agents.SampleAdNetwork|Day 22 :BankStatus[-1.097671]
28/06 18:32:51 INFO agents.SampleAdNetwork|Day 22: Daily notification for campaign 1407230362
28/06 18:32:51 INFO agents.SampleAdNetwork|Day 22:  allocated to DummyAdnetwork. UCS Level set to 0.7290000000000001 at price 0.07836104949152231 Qualit Score is: 0.2925806076330449
28/06 18:32:51 INFO agents.SampleAdNetwork|Day 22: Campaign opportunity - Campaign ID 2080683627: day 24 to 28  OLD FEMALE, reach: 5000 coefs: (v=2.0, m=1.5)
28/06 18:32:51 INFO agents.SampleAdNetwork|Day 22: Campaign total budget bid: 2.254
28/06 18:32:51 INFO agents.SampleAdNetwork|Day 22: Adjusting ucs bid: was 0.10756290070371471 level reported: 0.7290000000000001 target: 0.6 adjusted: 0.09368728651293552
28/06 18:32:54 INFO agents.SampleAdNetwork|Day 22 : Simulation Status Received
28/06 18:32:54 INFO agents.SampleAdNetwork|Day 22: Sending BidBundle
28/06 18:32:54 INFO agents.SampleAdNetwork|Day 22 ended. Starting next day
28/06 18:32:55 INFO agents.SampleAdNetwork|Day 23 :BankStatus[-1.176032]
28/06 18:32:55 INFO agents.SampleAdNetwork|Day 23: Daily notification for campaign 2080683627
28/06 18:32:55 INFO agents.SampleAdNetwork|Day 23:  allocated to . UCS Level set to 0.7290000000000001 at price 0.07836104949152231 Qualit Score is: 0.2925806076330449
28/06 18:32:56 INFO agents.SampleAdNetwork|Day 23: Campaign opportunity - Campaign ID 303478387: day 25 to 34  HIGH_INCOME MALE, reach: 15000 coefs: (v=2.0, m=1.5)
28/06 18:32:56 INFO agents.SampleAdNetwork|Day 23: Campaign total budget bid: 13.927
28/06 18:32:56 INFO agents.SampleAdNetwork|Day 23: Adjusting ucs bid: was 0.09368728651293552 level reported: 0.7290000000000001 target: 0.6 adjusted: 0.08160162655276684
28/06 18:32:56 INFO agents.SampleAdNetwork|Day 23 : Simulation Status Received
28/06 18:32:56 INFO agents.SampleAdNetwork|Day 23: Sending BidBundle
28/06 18:32:56 INFO agents.SampleAdNetwork|Day 23 ended. Starting next day
28/06 18:33:02 INFO agents.SampleAdNetwork|Day 24 :BankStatus[-1.254393]
28/06 18:33:03 INFO agents.SampleAdNetwork|Day 24: Daily notification for campaign 303478387
28/06 18:33:03 INFO agents.SampleAdNetwork|Day 24:  allocated to DummyAdnetwork-6. UCS Level set to 0.47829690000000014 at price 0.0 Qualit Score is: 0.2925806076330449
28/06 18:33:03 INFO agents.SampleAdNetwork|Day 24: Campaign opportunity - Campaign ID 152965351: day 26 to 35  YOUNG FEMALE, reach: 15000 coefs: (v=2.0, m=1.5)
28/06 18:33:03 INFO agents.SampleAdNetwork|Day 24: Campaign total budget bid: 5.361
28/06 18:33:03 INFO agents.SampleAdNetwork|Day 24: Adjusting ucs bid: was 0.08160162655276684 level reported: 0.47829690000000014 target: 0.6 adjusted: 0.09153279746928088
28/06 18:33:03 INFO agents.SampleAdNetwork|Day 24 : Simulation Status Received
28/06 18:33:03 INFO agents.SampleAdNetwork|Day 24: Sending BidBundle
28/06 18:33:03 INFO agents.SampleAdNetwork|Day 24 ended. Starting next day
28/06 18:33:12 INFO agents.SampleAdNetwork|Day 25 :BankStatus[-1.329406]
28/06 18:33:12 INFO agents.SampleAdNetwork|Day 25: Daily notification for campaign 152965351
28/06 18:33:12 INFO agents.SampleAdNetwork|Day 25:  allocated to DummyAdnetwork-4. UCS Level set to 0.47829690000000014 at price 0.0 Qualit Score is: 0.2925806076330449
28/06 18:33:12 INFO agents.SampleAdNetwork|Day 25: Campaign opportunity - Campaign ID 1770098203: day 27 to 29  LOW_INCOME FEMALE, reach: 15000 coefs: (v=2.0, m=1.5)
28/06 18:33:12 INFO agents.SampleAdNetwork|Day 25: Campaign total budget bid: 5.508
28/06 18:33:12 INFO agents.SampleAdNetwork|Day 25: Adjusting ucs bid: was 0.09153279746928088 level reported: 0.47829690000000014 target: 0.6 adjusted: 0.10267262267296451
28/06 18:33:13 INFO agents.SampleAdNetwork|Day 25 : Simulation Status Received
28/06 18:33:13 INFO agents.SampleAdNetwork|Day 25: Sending BidBundle
28/06 18:33:13 INFO agents.SampleAdNetwork|Day 25 ended. Starting next day
28/06 18:33:29 INFO agents.SampleAdNetwork|Day 26 :BankStatus[-1.397939]
28/06 18:33:29 INFO agents.SampleAdNetwork|Day 26: Daily notification for campaign 1770098203
28/06 18:33:29 INFO agents.SampleAdNetwork|Day 26:  allocated to DummyAdnetwork. UCS Level set to 0.81 at price 0.08147247971945623 Qualit Score is: 0.2925806076330449
28/06 18:33:29 INFO agents.SampleAdNetwork|Day 26: Campaign opportunity - Campaign ID 1195497117: day 28 to 32  LOW_INCOME MALE, reach: 10000 coefs: (v=2.0, m=1.5)
28/06 18:33:29 INFO agents.SampleAdNetwork|Day 26: Campaign total budget bid: 0.391
28/06 18:33:29 INFO agents.SampleAdNetwork|Day 26: Adjusting ucs bid: was 0.10267262267296451 level reported: 0.81 target: 0.6 adjusted: 0.08111137191164197
28/06 18:33:29 INFO agents.SampleAdNetwork|Day 26 : Simulation Status Received
28/06 18:33:29 INFO agents.SampleAdNetwork|Day 26: Sending BidBundle
28/06 18:33:29 INFO agents.SampleAdNetwork|Day 26 ended. Starting next day
28/06 18:33:42 INFO agents.SampleAdNetwork|Day 27 :BankStatus[-1.469481]
28/06 18:33:42 INFO agents.SampleAdNetwork|Day 27: Daily notification for campaign 1195497117
28/06 18:33:42 INFO agents.SampleAdNetwork|Day 27:  WON at cost 1.0717979066078587. UCS Level set to 0.47829690000000014 at price 0.0 Qualit Score is: 0.2925806076330449
28/06 18:33:42 INFO agents.SampleAdNetwork|Day 27: Campaign opportunity - Campaign ID 1676902975: day 29 to 33  LOW_INCOME FEMALE, reach: 15000 coefs: (v=2.0, m=1.5)
28/06 18:33:42 INFO agents.SampleAdNetwork|Day 27: Campaign total budget bid: 3.01
28/06 18:33:42 INFO agents.SampleAdNetwork|Day 27: Adjusting ucs bid: was 0.08111137191164197 level reported: 0.47829690000000014 target: 0.6 adjusted: 0.09098287731854172
28/06 18:33:46 INFO agents.SampleAdNetwork|Day 27 : Simulation Status Received
28/06 18:33:46 INFO agents.SampleAdNetwork|Day 27: Updated 24 Bid Bundle entries for Campaign id 1195497117
28/06 18:33:46 INFO agents.SampleAdNetwork|Day 27: Sending BidBundle
28/06 18:33:46 INFO agents.SampleAdNetwork|Day 27 ended. Starting next day
28/06 18:33:47 INFO agents.SampleAdNetwork|Day 28 :BankStatus[-1.541511]
28/06 18:33:48 INFO agents.SampleAdNetwork|Day 28: Daily notification for campaign 1676902975
28/06 18:33:48 INFO agents.SampleAdNetwork|Day 28:  allocated to . UCS Level set to 0.47829690000000014 at price 0.0 Qualit Score is: 0.2925806076330449
28/06 18:33:48 INFO agents.SampleAdNetwork|Day 28: Campaign opportunity - Campaign ID 290112693: day 30 to 39  FEMALE HIGH_INCOME, reach: 5000 coefs: (v=2.0, m=1.5)
28/06 18:33:48 INFO agents.SampleAdNetwork|Day 28: Campaign total budget bid: 3.623
28/06 18:33:48 INFO agents.SampleAdNetwork|Day 28: Adjusting ucs bid: was 0.09098287731854172 level reported: 0.47829690000000014 target: 0.6 adjusted: 0.10205577553512793
28/06 18:33:48 INFO agents.SampleAdNetwork|Day 28 : Simulation Status Received
28/06 18:33:48 INFO agents.SampleAdNetwork|Day 28: Updated 24 Bid Bundle entries for Campaign id 1195497117
28/06 18:33:48 INFO agents.SampleAdNetwork|Day 28: Sending BidBundle
28/06 18:33:48 INFO agents.SampleAdNetwork|Day 28 ended. Starting next day
28/06 18:33:57 INFO agents.SampleAdNetwork|Day 29 :BankStatus[-1.613542]
28/06 18:33:57 INFO agents.SampleAdNetwork|Day 29: Updating campaign 1195497117 stats: 0.0 tgtImps 0.0 nonTgtImps. Cost of imps is 0.0
28/06 18:33:57 INFO agents.SampleAdNetwork|Day 29: Daily notification for campaign 290112693
28/06 18:33:57 INFO agents.SampleAdNetwork|Day 29:  allocated to DummyAdnetwork-3. UCS Level set to 0.81 at price 0.08264391807533288 Qualit Score is: 0.2925806076330449
28/06 18:33:58 INFO agents.SampleAdNetwork|Day 29: Campaign opportunity - Campaign ID 287681592: day 31 to 35  OLD HIGH_INCOME, reach: 5000 coefs: (v=2.0, m=1.5)
28/06 18:33:58 INFO agents.SampleAdNetwork|Day 29: Campaign total budget bid: 0.913
28/06 18:33:58 INFO agents.SampleAdNetwork|Day 29: Adjusting ucs bid: was 0.10205577553512793 level reported: 0.81 target: 0.6 adjusted: 0.08062406267275107
28/06 18:33:58 INFO agents.SampleAdNetwork|Day 29 : Simulation Status Received
28/06 18:33:58 INFO agents.SampleAdNetwork|Day 29: Updated 24 Bid Bundle entries for Campaign id 1195497117
28/06 18:33:58 INFO agents.SampleAdNetwork|Day 29: Sending BidBundle
28/06 18:33:58 INFO agents.SampleAdNetwork|Day 29 ended. Starting next day
28/06 18:34:02 INFO agents.SampleAdNetwork|Day 30 :BankStatus[-1.687327]
28/06 18:34:02 INFO agents.SampleAdNetwork|Day 30: Updating campaign 1195497117 stats: 0.0 tgtImps 0.0 nonTgtImps. Cost of imps is 0.0
28/06 18:34:02 INFO agents.SampleAdNetwork|Day 30: Daily notification for campaign 287681592
28/06 18:34:02 INFO agents.SampleAdNetwork|Day 30:  allocated to DummyAdnetwork-2. UCS Level set to 0.47829690000000014 at price 0.0 Qualit Score is: 0.2925806076330449
28/06 18:34:02 INFO agents.SampleAdNetwork|Day 30: Campaign opportunity - Campaign ID 46742042: day 32 to 36  FEMALE HIGH_INCOME, reach: 10000 coefs: (v=2.0, m=1.5)
28/06 18:34:02 INFO agents.SampleAdNetwork|Day 30: Campaign total budget bid: 9.306
28/06 18:34:02 INFO agents.SampleAdNetwork|Day 30: Adjusting ucs bid: was 0.08062406267275107 level reported: 0.47829690000000014 target: 0.6 adjusted: 0.09043626103461916
28/06 18:34:02 INFO agents.SampleAdNetwork|Day 30 : Simulation Status Received
28/06 18:34:02 INFO agents.SampleAdNetwork|Day 30: Updated 24 Bid Bundle entries for Campaign id 1195497117
28/06 18:34:03 INFO agents.SampleAdNetwork|Day 30: Sending BidBundle
28/06 18:34:03 INFO agents.SampleAdNetwork|Day 30 ended. Starting next day
28/06 18:34:12 INFO agents.SampleAdNetwork|Day 31 :BankStatus[-1.755902]
28/06 18:34:12 INFO agents.SampleAdNetwork|Day 31: Updating campaign 1195497117 stats: 0.0 tgtImps 0.0 nonTgtImps. Cost of imps is 0.0
28/06 18:34:12 INFO agents.SampleAdNetwork|Day 31: Daily notification for campaign 46742042
28/06 18:34:12 INFO agents.SampleAdNetwork|Day 31:  allocated to DummyAdnetwork-6. UCS Level set to 0.5314410000000002 at price 0.04718653828189793 Qualit Score is: 0.2925806076330449
28/06 18:34:13 INFO agents.SampleAdNetwork|Day 31: Campaign opportunity - Campaign ID 1073762813: day 33 to 35  YOUNG MALE, reach: 5000 coefs: (v=2.0, m=1.5)
28/06 18:34:13 INFO agents.SampleAdNetwork|Day 31: Campaign total budget bid: 1.974
28/06 18:34:13 INFO agents.SampleAdNetwork|Day 31: Adjusting ucs bid: was 0.09043626103461916 level reported: 0.5314410000000002 target: 0.6 adjusted: 0.09663648065489161
28/06 18:34:13 INFO agents.SampleAdNetwork|Day 31 : Simulation Status Received
28/06 18:34:13 INFO agents.SampleAdNetwork|Day 31: Updated 24 Bid Bundle entries for Campaign id 1195497117
28/06 18:34:13 INFO agents.SampleAdNetwork|Day 31: Sending BidBundle
28/06 18:34:13 INFO agents.SampleAdNetwork|Day 31 ended. Starting next day
28/06 18:34:23 INFO agents.SampleAdNetwork|Day 32 :BankStatus[-1.831761]
28/06 18:34:23 INFO agents.SampleAdNetwork|Day 32: Updating campaign 1195497117 stats: 0.0 tgtImps 0.0 nonTgtImps. Cost of imps is 0.0
28/06 18:34:23 INFO agents.SampleAdNetwork|Day 32: Daily notification for campaign 1073762813
28/06 18:34:23 INFO agents.SampleAdNetwork|Day 32:  allocated to DummyAdnetwork-4. UCS Level set to 0.47829690000000014 at price 0.0 Qualit Score is: 0.2925806076330449
28/06 18:34:23 INFO agents.SampleAdNetwork|Day 32: Campaign opportunity - Campaign ID 368419152: day 34 to 36  YOUNG FEMALE, reach: 10000 coefs: (v=2.0, m=1.5)
28/06 18:34:23 INFO agents.SampleAdNetwork|Day 32: Campaign total budget bid: 6.696
28/06 18:34:23 INFO agents.SampleAdNetwork|Day 32: Adjusting ucs bid: was 0.09663648065489161 level reported: 0.47829690000000014 target: 0.6 adjusted: 0.10839743992368195
28/06 18:34:23 INFO agents.SampleAdNetwork|Day 32 : Simulation Status Received
28/06 18:34:23 INFO agents.SampleAdNetwork|Day 32: Sending BidBundle
28/06 18:34:23 INFO agents.SampleAdNetwork|Day 32 ended. Starting next day
28/06 18:34:33 INFO agents.SampleAdNetwork|Day 33 :BankStatus[-1.905594]
28/06 18:34:33 INFO agents.SampleAdNetwork|Day 33: Daily notification for campaign 368419152
28/06 18:34:33 INFO agents.SampleAdNetwork|Day 33:  allocated to DummyAdnetwork. UCS Level set to 0.6561000000000001 at price 0.0698247718597469 Qualit Score is: 0.11703224305321797
28/06 18:34:33 INFO agents.SampleAdNetwork|Day 33: Campaign opportunity - Campaign ID 892628764: day 35 to 44  HIGH_INCOME MALE, reach: 5000 coefs: (v=2.0, m=1.5)
28/06 18:34:33 INFO agents.SampleAdNetwork|Day 33: Campaign total budget bid: 3.091
28/06 18:34:33 INFO agents.SampleAdNetwork|Day 33: Adjusting ucs bid: was 0.10839743992368195 level reported: 0.6561000000000001 target: 0.6 adjusted: 0.10231634354396339
28/06 18:34:34 INFO agents.SampleAdNetwork|Day 33 : Simulation Status Received
28/06 18:34:34 INFO agents.SampleAdNetwork|Day 33: Sending BidBundle
28/06 18:34:34 INFO agents.SampleAdNetwork|Day 33 ended. Starting next day
28/06 18:34:51 INFO agents.SampleAdNetwork|Day 34 :BankStatus[-1.984615]
28/06 18:34:51 INFO agents.SampleAdNetwork|Day 34: Daily notification for campaign 892628764
28/06 18:34:51 INFO agents.SampleAdNetwork|Day 34:  allocated to DummyAdnetwork-7. UCS Level set to 0.5314410000000002 at price 0.052536352211717346 Qualit Score is: 0.11703224305321797
28/06 18:34:51 INFO agents.SampleAdNetwork|Day 34: Campaign opportunity - Campaign ID 1031843148: day 36 to 38  OLD HIGH_INCOME, reach: 15000 coefs: (v=2.0, m=1.5)
28/06 18:34:51 INFO agents.SampleAdNetwork|Day 34: Campaign total budget bid: 7.055
28/06 18:34:51 INFO agents.SampleAdNetwork|Day 34: Adjusting ucs bid: was 0.10231634354396339 level reported: 0.5314410000000002 target: 0.6 adjusted: 0.10933104974099399
28/06 18:34:54 INFO agents.SampleAdNetwork|Day 34 : Simulation Status Received
28/06 18:34:54 INFO agents.SampleAdNetwork|Day 34: Sending BidBundle
28/06 18:34:54 INFO agents.SampleAdNetwork|Day 34 ended. Starting next day
28/06 18:34:55 INFO agents.SampleAdNetwork|Day 35 :BankStatus[-2.061641]
28/06 18:34:55 INFO agents.SampleAdNetwork|Day 35: Daily notification for campaign 1031843148
28/06 18:34:55 INFO agents.SampleAdNetwork|Day 35:  allocated to . UCS Level set to 0.5314410000000002 at price 0.052536352211717346 Qualit Score is: 0.11703224305321797
28/06 18:34:55 INFO agents.SampleAdNetwork|Day 35: Campaign opportunity - Campaign ID 930958364: day 37 to 46  FEMALE HIGH_INCOME, reach: 10000 coefs: (v=2.0, m=1.5)
28/06 18:34:55 INFO agents.SampleAdNetwork|Day 35: Campaign total budget bid: 8.906
28/06 18:34:55 INFO agents.SampleAdNetwork|Day 35: Adjusting ucs bid: was 0.10933104974099399 level reported: 0.5314410000000002 target: 0.6 adjusted: 0.10102606964436014
28/06 18:34:55 INFO agents.SampleAdNetwork|Day 35 : Simulation Status Received
28/06 18:34:55 INFO agents.SampleAdNetwork|Day 35: Sending BidBundle
28/06 18:34:55 INFO agents.SampleAdNetwork|Day 35 ended. Starting next day
28/06 18:35:04 INFO agents.SampleAdNetwork|Day 36 :BankStatus[-2.138666]
28/06 18:35:04 INFO agents.SampleAdNetwork|Day 36: Daily notification for campaign 930958364
28/06 18:35:04 INFO agents.SampleAdNetwork|Day 36:  allocated to DummyAdnetwork-5. UCS Level set to 0.5904900000000002 at price 0.055586727464548374 Qualit Score is: 0.11703224305321797
28/06 18:35:04 INFO agents.SampleAdNetwork|Day 36: Campaign opportunity - Campaign ID 421119500: day 38 to 47  OLD MALE, reach: 5000 coefs: (v=2.0, m=1.5)
28/06 18:35:04 INFO agents.SampleAdNetwork|Day 36: Campaign total budget bid: 2.297
28/06 18:35:04 INFO agents.SampleAdNetwork|Day 36: Adjusting ucs bid: was 0.10102606964436014 level reported: 0.5904900000000002 target: 0.6 adjusted: 0.101986827566678
28/06 18:35:04 INFO agents.SampleAdNetwork|Day 36 : Simulation Status Received
28/06 18:35:04 INFO agents.SampleAdNetwork|Day 36: Sending BidBundle
28/06 18:35:04 INFO agents.SampleAdNetwork|Day 36 ended. Starting next day
28/06 18:35:12 INFO agents.SampleAdNetwork|Day 37 :BankStatus[-2.218980]
28/06 18:35:12 INFO agents.SampleAdNetwork|Day 37: Daily notification for campaign 421119500
28/06 18:35:12 INFO agents.SampleAdNetwork|Day 37:  allocated to DummyAdnetwork-6. UCS Level set to 0.5904900000000002 at price 0.05939769791279035 Qualit Score is: 0.11703224305321797
28/06 18:35:12 INFO agents.SampleAdNetwork|Day 37: Campaign opportunity - Campaign ID 317944291: day 39 to 48  YOUNG HIGH_INCOME, reach: 10000 coefs: (v=2.0, m=1.5)
28/06 18:35:12 INFO agents.SampleAdNetwork|Day 37: Campaign total budget bid: 9.984
28/06 18:35:12 INFO agents.SampleAdNetwork|Day 37: Adjusting ucs bid: was 0.101986827566678 level reported: 0.5904900000000002 target: 0.6 adjusted: 0.1029567222968371
28/06 18:35:12 INFO agents.SampleAdNetwork|Day 37 : Simulation Status Received
28/06 18:35:12 INFO agents.SampleAdNetwork|Day 37: Sending BidBundle
28/06 18:35:12 INFO agents.SampleAdNetwork|Day 37 ended. Starting next day
28/06 18:35:23 INFO agents.SampleAdNetwork|Day 38 :BankStatus[-2.294275]
28/06 18:35:23 INFO agents.SampleAdNetwork|Day 38: Daily notification for campaign 317944291
28/06 18:35:23 INFO agents.SampleAdNetwork|Day 38:  allocated to DummyAdnetwork-7. UCS Level set to 0.5314410000000002 at price 0.04801899689790747 Qualit Score is: 0.11703224305321797
28/06 18:35:23 INFO agents.SampleAdNetwork|Day 38: Campaign opportunity - Campaign ID 584602436: day 40 to 44  OLD HIGH_INCOME, reach: 5000 coefs: (v=2.0, m=1.5)
28/06 18:35:23 INFO agents.SampleAdNetwork|Day 38: Campaign total budget bid: 1.75
28/06 18:35:23 INFO agents.SampleAdNetwork|Day 38: Adjusting ucs bid: was 0.1029567222968371 level reported: 0.5314410000000002 target: 0.6 adjusted: 0.11001533222078595
28/06 18:35:24 INFO agents.SampleAdNetwork|Day 38 : Simulation Status Received
28/06 18:35:24 INFO agents.SampleAdNetwork|Day 38: Sending BidBundle
28/06 18:35:24 INFO agents.SampleAdNetwork|Day 38 ended. Starting next day
28/06 18:35:37 INFO agents.SampleAdNetwork|Day 39 :BankStatus[-2.372874]
28/06 18:35:37 INFO agents.SampleAdNetwork|Day 39: Daily notification for campaign 584602436
28/06 18:35:37 INFO agents.SampleAdNetwork|Day 39:  allocated to DummyAdnetwork. UCS Level set to 0.6561000000000001 at price 0.07119282650882013 Qualit Score is: 0.11703224305321797
28/06 18:35:38 INFO agents.SampleAdNetwork|Day 39: Campaign opportunity - Campaign ID 499126754: day 41 to 50  LOW_INCOME MALE, reach: 15000 coefs: (v=2.0, m=1.5)
28/06 18:35:38 INFO agents.SampleAdNetwork|Day 39: Campaign total budget bid: 8.713
28/06 18:35:38 INFO agents.SampleAdNetwork|Day 39: Adjusting ucs bid: was 0.11001533222078595 level reported: 0.6561000000000001 target: 0.6 adjusted: 0.10384347208319986
28/06 18:35:38 INFO agents.SampleAdNetwork|Day 39 : Simulation Status Received
28/06 18:35:38 INFO agents.SampleAdNetwork|Day 39: Sending BidBundle
28/06 18:35:38 INFO agents.SampleAdNetwork|Day 39 ended. Starting next day
28/06 18:35:45 INFO agents.SampleAdNetwork|Day 40 :BankStatus[-2.453075]
28/06 18:35:45 INFO agents.SampleAdNetwork|Day 40: Daily notification for campaign 499126754
28/06 18:35:45 INFO agents.SampleAdNetwork|Day 40:  allocated to DummyAdnetwork-6. UCS Level set to 0.5314410000000002 at price 0.053234981618574165 Qualit Score is: 0.11703224305321797
28/06 18:35:46 INFO agents.SampleAdNetwork|Day 40: Campaign opportunity - Campaign ID 1712238605: day 42 to 46  YOUNG FEMALE, reach: 15000 coefs: (v=2.0, m=1.5)
28/06 18:35:46 INFO agents.SampleAdNetwork|Day 40: Campaign total budget bid: 0.235
28/06 18:35:46 INFO agents.SampleAdNetwork|Day 40: Adjusting ucs bid: was 0.10384347208319986 level reported: 0.5314410000000002 target: 0.6 adjusted: 0.11096287668575196
28/06 18:35:46 INFO agents.SampleAdNetwork|Day 40 : Simulation Status Received
28/06 18:35:46 INFO agents.SampleAdNetwork|Day 40: Sending BidBundle
28/06 18:35:46 INFO agents.SampleAdNetwork|Day 40 ended. Starting next day
28/06 18:35:55 INFO agents.SampleAdNetwork|Day 41 :BankStatus[-2.532931]
28/06 18:35:55 INFO agents.SampleAdNetwork|Day 41: Daily notification for campaign 1712238605
28/06 18:35:55 INFO agents.SampleAdNetwork|Day 41:  WON at cost 1.2326355757422385. UCS Level set to 0.5314410000000002 at price 0.05494875615822563 Qualit Score is: 0.11703224305321797
28/06 18:35:56 INFO agents.SampleAdNetwork|Day 41: Campaign opportunity - Campaign ID 1886199305: day 43 to 52  HIGH_INCOME MALE, reach: 15000 coefs: (v=2.0, m=1.5)
28/06 18:35:56 INFO agents.SampleAdNetwork|Day 41: Campaign total budget bid: 7.613
28/06 18:35:56 INFO agents.SampleAdNetwork|Day 41: Adjusting ucs bid: was 0.11096287668575196 level reported: 0.5314410000000002 target: 0.6 adjusted: 0.11857038054845043
28/06 18:35:56 INFO agents.SampleAdNetwork|Day 41 : Simulation Status Received
28/06 18:35:56 INFO agents.SampleAdNetwork|Day 41: Updated 24 Bid Bundle entries for Campaign id 1712238605
28/06 18:35:56 INFO agents.SampleAdNetwork|Day 41: Sending BidBundle
28/06 18:35:56 INFO agents.SampleAdNetwork|Day 41 ended. Starting next day
28/06 18:36:05 INFO agents.SampleAdNetwork|Day 42 :BankStatus[-2.620132]
28/06 18:36:05 INFO agents.SampleAdNetwork|Day 42: Daily notification for campaign 1886199305
28/06 18:36:05 INFO agents.SampleAdNetwork|Day 42:  allocated to DummyAdnetwork. UCS Level set to 0.5314410000000002 at price 0.061636190123825776 Qualit Score is: 0.11703224305321797
28/06 18:36:05 INFO agents.SampleAdNetwork|Day 42: Campaign opportunity - Campaign ID 784745409: day 44 to 46  OLD FEMALE, reach: 5000 coefs: (v=2.0, m=1.5)
28/06 18:36:05 INFO agents.SampleAdNetwork|Day 42: Campaign total budget bid: 1.054
28/06 18:36:05 INFO agents.SampleAdNetwork|Day 42: Adjusting ucs bid: was 0.11857038054845043 level reported: 0.5314410000000002 target: 0.6 adjusted: 0.11757601434578713
28/06 18:36:05 INFO agents.SampleAdNetwork|Day 42 : AdNetworkReport
28/06 18:36:05 INFO agents.SampleAdNetwork|Day 42 : Simulation Status Received
28/06 18:36:05 INFO agents.SampleAdNetwork|Day 42: Updated 24 Bid Bundle entries for Campaign id 1712238605
28/06 18:36:05 INFO agents.SampleAdNetwork|Day 42: Sending BidBundle
28/06 18:36:05 INFO agents.SampleAdNetwork|Day 42 ended. Starting next day
28/06 18:36:26 INFO agents.SampleAdNetwork|Day 43 :BankStatus[-2.846257]
28/06 18:36:26 INFO agents.SampleAdNetwork|Day 43: Updating campaign 1712238605 stats: 7502.0 tgtImps 14842.0 nonTgtImps. Cost of imps is 0.27616860883511063
28/06 18:36:26 INFO agents.SampleAdNetwork|Day 43: Daily notification for campaign 784745409
28/06 18:36:26 INFO agents.SampleAdNetwork|Day 43:  allocated to DummyAdnetwork-3. UCS Level set to 0.6561000000000001 at price 0.0770487183325629 Qualit Score is: 0.11703224305321797
28/06 18:36:26 INFO agents.SampleAdNetwork|Day 43: Campaign opportunity - Campaign ID 1967225656: day 45 to 47  YOUNG MALE, reach: 5000 coefs: (v=2.0, m=1.5)
28/06 18:36:26 INFO agents.SampleAdNetwork|Day 43: Campaign total budget bid: 3.422
28/06 18:36:26 INFO agents.SampleAdNetwork|Day 43: Adjusting ucs bid: was 0.11757601434578713 level reported: 0.6561000000000001 target: 0.6 adjusted: 0.11097999994098846
28/06 18:36:30 INFO agents.SampleAdNetwork|Day 43 : AdNetworkReport
28/06 18:36:30 INFO agents.SampleAdNetwork|Day 43 : Simulation Status Received
28/06 18:36:30 INFO agents.SampleAdNetwork|Day 43: Updated 24 Bid Bundle entries for Campaign id 1712238605
28/06 18:36:30 INFO agents.SampleAdNetwork|Day 43: Sending BidBundle
28/06 18:36:30 INFO agents.SampleAdNetwork|Day 43 ended. Starting next day
28/06 18:36:31 INFO agents.SampleAdNetwork|Day 44 :BankStatus[-2.946053]
28/06 18:36:31 INFO agents.SampleAdNetwork|Day 44: Updating campaign 1712238605 stats: 15007.0 tgtImps 33329.0 nonTgtImps. Cost of imps is 0.30433359044430225
28/06 18:36:31 INFO agents.SampleAdNetwork|Day 44: Daily notification for campaign 1967225656
28/06 18:36:31 INFO agents.SampleAdNetwork|Day 44:  allocated to . UCS Level set to 0.6561000000000001 at price 0.0770487183325629 Qualit Score is: 0.11703224305321797
28/06 18:36:31 INFO agents.SampleAdNetwork|Day 44: Campaign opportunity - Campaign ID 1483224450: day 46 to 55  YOUNG FEMALE, reach: 15000 coefs: (v=2.0, m=1.5)
28/06 18:36:31 INFO agents.SampleAdNetwork|Day 44: Campaign total budget bid: 14.616
28/06 18:36:31 INFO agents.SampleAdNetwork|Day 44: Adjusting ucs bid: was 0.11097999994098846 level reported: 0.6561000000000001 target: 0.6 adjusted: 0.104754021944299
28/06 18:36:34 INFO agents.SampleAdNetwork|Day 44 : Simulation Status Received
28/06 18:36:34 INFO agents.SampleAdNetwork|Day 44: Updated 24 Bid Bundle entries for Campaign id 1712238605
28/06 18:36:34 INFO agents.SampleAdNetwork|Day 44: Sending BidBundle
28/06 18:36:34 INFO agents.SampleAdNetwork|Day 44 ended. Starting next day
28/06 18:36:36 INFO agents.SampleAdNetwork|Day 45 :BankStatus[-3.031766]
28/06 18:36:36 INFO agents.SampleAdNetwork|Day 45: Updating campaign 1712238605 stats: 15007.0 tgtImps 33329.0 nonTgtImps. Cost of imps is 0.30433359044430225
28/06 18:36:36 INFO agents.SampleAdNetwork|Day 45: Daily notification for campaign 1483224450
28/06 18:36:36 INFO agents.SampleAdNetwork|Day 45:  allocated to . UCS Level set to 0.5904900000000002 at price 0.062281736481317074 Qualit Score is: 0.11703224305321797
28/06 18:36:36 INFO agents.SampleAdNetwork|Day 45: Campaign opportunity - Campaign ID 884626578: day 47 to 56  OLD FEMALE, reach: 15000 coefs: (v=2.0, m=1.5)
28/06 18:36:36 INFO agents.SampleAdNetwork|Day 45: Campaign total budget bid: 12.51
28/06 18:36:36 INFO agents.SampleAdNetwork|Day 45: Adjusting ucs bid: was 0.104754021944299 level reported: 0.5904900000000002 target: 0.6 adjusted: 0.10575023269298928
28/06 18:36:36 INFO agents.SampleAdNetwork|Day 45 : Simulation Status Received
28/06 18:36:36 INFO agents.SampleAdNetwork|Day 45: Updated 24 Bid Bundle entries for Campaign id 1712238605
28/06 18:36:36 INFO agents.SampleAdNetwork|Day 45: Sending BidBundle
28/06 18:36:36 INFO agents.SampleAdNetwork|Day 45 ended. Starting next day
28/06 18:36:43 INFO agents.SampleAdNetwork|Day 46 :BankStatus[-3.126130]
28/06 18:36:43 INFO agents.SampleAdNetwork|Day 46: Updating campaign 1712238605 stats: 15007.0 tgtImps 33329.0 nonTgtImps. Cost of imps is 0.30433359044430225
28/06 18:36:43 INFO agents.SampleAdNetwork|Day 46: Daily notification for campaign 884626578
28/06 18:36:43 INFO agents.SampleAdNetwork|Day 46:  allocated to DummyAdnetwork-6. UCS Level set to 0.5904900000000002 at price 0.0582239069606971 Qualit Score is: 0.11703224305321797
28/06 18:36:43 INFO agents.SampleAdNetwork|Day 46: Campaign opportunity - Campaign ID 1882968899: day 48 to 57  LOW_INCOME FEMALE, reach: 15000 coefs: (v=2.0, m=1.5)
28/06 18:36:43 INFO agents.SampleAdNetwork|Day 46: Campaign total budget bid: 9.68
28/06 18:36:43 INFO agents.SampleAdNetwork|Day 46: Adjusting ucs bid: was 0.10575023269298928 level reported: 0.5904900000000002 target: 0.6 adjusted: 0.1067559174058996
28/06 18:36:43 INFO agents.SampleAdNetwork|Day 46 : AdNetworkReport
28/06 18:36:43 INFO agents.SampleAdNetwork|Day 46 : Simulation Status Received
28/06 18:36:43 INFO agents.SampleAdNetwork|Day 46: Sending BidBundle
28/06 18:36:43 INFO agents.SampleAdNetwork|Day 46 ended. Starting next day
28/06 18:36:52 INFO agents.SampleAdNetwork|Day 47 :BankStatus[-3.208856]
28/06 18:36:52 INFO agents.SampleAdNetwork|Day 47: Daily notification for campaign 1882968899
28/06 18:36:52 INFO agents.SampleAdNetwork|Day 47:  allocated to DummyAdnetwork-2. UCS Level set to 0.6561000000000001 at price 0.0684550576598222 Qualit Score is: 0.647149131180069
28/06 18:36:52 INFO agents.SampleAdNetwork|Day 47: Campaign opportunity - Campaign ID 649527299: day 49 to 58  HIGH_INCOME MALE, reach: 10000 coefs: (v=2.0, m=1.5)
28/06 18:36:52 INFO agents.SampleAdNetwork|Day 47: Campaign total budget bid: 1.047
28/06 18:36:52 INFO agents.SampleAdNetwork|Day 47: Adjusting ucs bid: was 0.1067559174058996 level reported: 0.6561000000000001 target: 0.6 adjusted: 0.10076691043942862
28/06 18:36:52 INFO agents.SampleAdNetwork|Day 47 : Simulation Status Received
28/06 18:36:52 INFO agents.SampleAdNetwork|Day 47: Sending BidBundle
28/06 18:36:52 INFO agents.SampleAdNetwork|Day 47 ended. Starting next day
28/06 18:37:03 INFO agents.SampleAdNetwork|Day 48 :BankStatus[-2.053355]
28/06 18:37:03 INFO agents.SampleAdNetwork|Day 48: Daily notification for campaign 649527299
28/06 18:37:03 INFO agents.SampleAdNetwork|Day 48:  WON at cost 6.47149131180069. UCS Level set to 0.47829690000000014 at price 0.0 Qualit Score is: 0.647149131180069
28/06 18:37:03 INFO agents.SampleAdNetwork|Day 48: Campaign opportunity - Campaign ID 1715035770: day 50 to 52  OLD FEMALE, reach: 15000 coefs: (v=2.0, m=1.5)
28/06 18:37:03 INFO agents.SampleAdNetwork|Day 48: Campaign total budget bid: 3.122
28/06 18:37:03 INFO agents.SampleAdNetwork|Day 48: Adjusting ucs bid: was 0.10076691043942862 level reported: 0.47829690000000014 target: 0.6 adjusted: 0.11303055581732945
28/06 18:37:03 INFO agents.SampleAdNetwork|Day 48 : Simulation Status Received
28/06 18:37:03 INFO agents.SampleAdNetwork|Day 48: Updated 24 Bid Bundle entries for Campaign id 649527299
28/06 18:37:03 INFO agents.SampleAdNetwork|Day 48: Sending BidBundle
28/06 18:37:03 INFO agents.SampleAdNetwork|Day 48 ended. Starting next day
28/06 18:37:22 INFO agents.SampleAdNetwork|Day 49 :BankStatus[-2.132868]
28/06 18:37:22 INFO agents.SampleAdNetwork|Day 49: Daily notification for campaign 1715035770
28/06 18:37:22 INFO agents.SampleAdNetwork|Day 49:  WON at cost 9.707236967701036. UCS Level set to 0.7290000000000001 at price 0.08194330607160995 Qualit Score is: 0.647149131180069
28/06 18:37:24 INFO agents.SampleAdNetwork|Day 49 : AdNetworkReport
28/06 18:37:24 INFO agents.SampleAdNetwork|Day 49 : Simulation Status Received
28/06 18:37:24 INFO agents.SampleAdNetwork|Day 49: Updated 24 Bid Bundle entries for Campaign id 1715035770
28/06 18:37:24 INFO agents.SampleAdNetwork|Day 49: Updated 24 Bid Bundle entries for Campaign id 649527299
28/06 18:37:24 INFO agents.SampleAdNetwork|Day 49: Sending BidBundle
28/06 18:37:24 INFO agents.SampleAdNetwork|Day 49 ended. Starting next day
28/06 18:37:26 INFO agents.SampleAdNetwork|Day 50 :BankStatus[-2.617763]
28/06 18:37:26 INFO agents.SampleAdNetwork|Day 50: Updating campaign 649527299 stats: 5001.0 tgtImps 70873.0 nonTgtImps. Cost of imps is 0.8059030157978748
28/06 18:37:26 INFO agents.SampleAdNetwork|Day 50: Daily notification for campaign 0
28/06 18:37:26 INFO agents.SampleAdNetwork|Day 50:  allocated to NONE. UCS Level set to 0.7290000000000001 at price 0.08194330607160995 Qualit Score is: 0.647149131180069
28/06 18:37:26 INFO agents.SampleAdNetwork|Day 50 : Simulation Status Received
28/06 18:37:26 INFO agents.SampleAdNetwork|Day 50: Updated 24 Bid Bundle entries for Campaign id 1715035770
28/06 18:37:26 INFO agents.SampleAdNetwork|Day 50: Updated 24 Bid Bundle entries for Campaign id 649527299
28/06 18:37:26 INFO agents.SampleAdNetwork|Day 50: Sending BidBundle
28/06 18:37:26 INFO agents.SampleAdNetwork|Day 50 ended. Starting next day
28/06 18:37:33 INFO agents.SampleAdNetwork|Day 51 :BankStatus[-2.699706]
28/06 18:37:34 INFO agents.SampleAdNetwork|Day 51: Updating campaign 649527299 stats: 5001.0 tgtImps 70873.0 nonTgtImps. Cost of imps is 0.8059030157978748
28/06 18:37:34 INFO agents.SampleAdNetwork|Day 51: Updating campaign 1715035770 stats: 0.0 tgtImps 0.0 nonTgtImps. Cost of imps is 0.0
28/06 18:37:34 INFO agents.SampleAdNetwork|Day 51: Daily notification for campaign 0
28/06 18:37:34 INFO agents.SampleAdNetwork|Day 51:  allocated to NONE. UCS Level set to 0.7290000000000001 at price 0.08194330607160995 Qualit Score is: 0.647149131180069
28/06 18:37:34 INFO agents.SampleAdNetwork|Day 51 : AdNetworkReport
28/06 18:37:34 INFO agents.SampleAdNetwork|Day 51 : Simulation Status Received
28/06 18:37:34 INFO agents.SampleAdNetwork|Day 51: Updated 24 Bid Bundle entries for Campaign id 1715035770
28/06 18:37:34 INFO agents.SampleAdNetwork|Day 51: Updated 24 Bid Bundle entries for Campaign id 649527299
28/06 18:37:34 INFO agents.SampleAdNetwork|Day 51: Sending BidBundle
28/06 18:37:34 INFO agents.SampleAdNetwork|Day 51 ended. Starting next day
28/06 18:37:43 INFO agents.SampleAdNetwork|Day 52 :BankStatus[-2.798040]
28/06 18:37:43 INFO agents.SampleAdNetwork|Day 52: Updating campaign 649527299 stats: 7502.0 tgtImps 98856.0 nonTgtImps. Cost of imps is 0.8386837826391238
28/06 18:37:43 INFO agents.SampleAdNetwork|Day 52: Updating campaign 1715035770 stats: 0.0 tgtImps 0.0 nonTgtImps. Cost of imps is 0.0
28/06 18:37:43 INFO agents.SampleAdNetwork|Day 52: Daily notification for campaign 0
28/06 18:37:43 INFO agents.SampleAdNetwork|Day 52:  allocated to NONE. UCS Level set to 0.7290000000000001 at price 0.08194330607160995 Qualit Score is: 0.647149131180069
28/06 18:37:43 INFO agents.SampleAdNetwork|Day 52: Campaign opportunity - Campaign ID 247260325: day 54 to 58  HIGH_INCOME MALE, reach: 5000 coefs: (v=2.0, m=1.5)
28/06 18:37:43 INFO agents.SampleAdNetwork|Day 52: Campaign total budget bid: 0.258
28/06 18:37:43 INFO agents.SampleAdNetwork|Day 52: Adjusting ucs bid: was 0.11303055581732945 level reported: 0.7290000000000001 target: 0.6 adjusted: 0.09844961411689394
28/06 18:37:43 INFO agents.SampleAdNetwork|Day 52 : AdNetworkReport
28/06 18:37:43 INFO agents.SampleAdNetwork|Day 52 : Simulation Status Received
28/06 18:37:43 INFO agents.SampleAdNetwork|Day 52: Updated 24 Bid Bundle entries for Campaign id 649527299
28/06 18:37:43 INFO agents.SampleAdNetwork|Day 52: Sending BidBundle
28/06 18:37:43 INFO agents.SampleAdNetwork|Day 52 ended. Starting next day
28/06 18:37:52 INFO agents.SampleAdNetwork|Day 53 :BankStatus[-2.887104]
28/06 18:37:52 INFO agents.SampleAdNetwork|Day 53: Updating campaign 649527299 stats: 10005.0 tgtImps 109394.0 nonTgtImps. Cost of imps is 0.8529247525054583
28/06 18:37:52 INFO agents.SampleAdNetwork|Day 53: Daily notification for campaign 247260325
28/06 18:37:52 INFO agents.SampleAdNetwork|Day 53:  allocated to DummyAdnetwork-7. UCS Level set to 0.5314410000000002 at price 0.05059327702641649 Qualit Score is: 0.25885965247202763
28/06 18:37:53 INFO agents.SampleAdNetwork|Day 53: Campaign opportunity - Campaign ID 115275947: day 55 to 59  LOW_INCOME FEMALE, reach: 5000 coefs: (v=2.0, m=1.5)
28/06 18:37:53 INFO agents.SampleAdNetwork|Day 53: Campaign total budget bid: 1.841
28/06 18:37:53 INFO agents.SampleAdNetwork|Day 53: Adjusting ucs bid: was 0.09844961411689394 level reported: 0.5314410000000002 target: 0.6 adjusted: 0.10519922121113408
28/06 18:37:53 INFO agents.SampleAdNetwork|Day 53 : AdNetworkReport
28/06 18:37:53 INFO agents.SampleAdNetwork|Day 53 : Simulation Status Received
28/06 18:37:53 INFO agents.SampleAdNetwork|Day 53: Updated 24 Bid Bundle entries for Campaign id 649527299
28/06 18:37:53 INFO agents.SampleAdNetwork|Day 53: Sending BidBundle
28/06 18:37:53 INFO agents.SampleAdNetwork|Day 53 ended. Starting next day
28/06 18:38:03 INFO agents.SampleAdNetwork|Day 54 :BankStatus[-2.968846]
28/06 18:38:03 INFO agents.SampleAdNetwork|Day 54: Updating campaign 649527299 stats: 11256.0 tgtImps 119391.0 nonTgtImps. Cost of imps is 0.8641148028360476
28/06 18:38:03 INFO agents.SampleAdNetwork|Day 54: Daily notification for campaign 115275947
28/06 18:38:03 INFO agents.SampleAdNetwork|Day 54:  allocated to DummyAdnetwork. UCS Level set to 0.6561000000000001 at price 0.06851803438373104 Qualit Score is: 0.25885965247202763
28/06 18:38:03 INFO agents.SampleAdNetwork|Day 54: Campaign opportunity - Campaign ID 262317880: day 56 to 58  OLD FEMALE, reach: 5000 coefs: (v=2.0, m=1.5)
28/06 18:38:03 INFO agents.SampleAdNetwork|Day 54: Campaign total budget bid: 2.599
28/06 18:38:03 INFO agents.SampleAdNetwork|Day 54: Adjusting ucs bid: was 0.10519922121113408 level reported: 0.6561000000000001 target: 0.6 adjusted: 0.09929754490118946
28/06 18:38:03 INFO agents.SampleAdNetwork|Day 54 : AdNetworkReport
28/06 18:38:03 INFO agents.SampleAdNetwork|Day 54 : Simulation Status Received
28/06 18:38:03 INFO agents.SampleAdNetwork|Day 54: Updated 24 Bid Bundle entries for Campaign id 649527299
28/06 18:38:03 INFO agents.SampleAdNetwork|Day 54: Sending BidBundle
28/06 18:38:03 INFO agents.SampleAdNetwork|Day 54 ended. Starting next day
28/06 18:38:15 INFO agents.SampleAdNetwork|Day 55 :BankStatus[-3.052326]
28/06 18:38:16 INFO agents.SampleAdNetwork|Day 55: Updating campaign 649527299 stats: 11262.0 tgtImps 119967.0 nonTgtImps. Cost of imps is 0.8776948383917187
28/06 18:38:16 INFO agents.SampleAdNetwork|Day 55: Daily notification for campaign 262317880
28/06 18:38:16 INFO agents.SampleAdNetwork|Day 55:  allocated to DummyAdnetwork-6. UCS Level set to 0.47829690000000014 at price 0.0 Qualit Score is: 0.25885965247202763
28/06 18:38:16 INFO agents.SampleAdNetwork|Day 55: Campaign opportunity - Campaign ID 1354839094: day 57 to 59  YOUNG MALE, reach: 5000 coefs: (v=2.0, m=1.5)
28/06 18:38:16 INFO agents.SampleAdNetwork|Day 55: Campaign total budget bid: 3.265
28/06 18:38:16 INFO agents.SampleAdNetwork|Day 55: Adjusting ucs bid: was 0.09929754490118946 level reported: 0.47829690000000014 target: 0.6 adjusted: 0.11138236393805341
28/06 18:38:16 INFO agents.SampleAdNetwork|Day 55 : AdNetworkReport
28/06 18:38:16 INFO agents.SampleAdNetwork|Day 55 : Simulation Status Received
28/06 18:38:16 INFO agents.SampleAdNetwork|Day 55: Updated 24 Bid Bundle entries for Campaign id 649527299
28/06 18:38:16 INFO agents.SampleAdNetwork|Day 55: Sending BidBundle
28/06 18:38:16 INFO agents.SampleAdNetwork|Day 55 ended. Starting next day
28/06 18:38:24 INFO agents.SampleAdNetwork|Day 56 :BankStatus[-3.132857]
28/06 18:38:24 INFO agents.SampleAdNetwork|Day 56: Updating campaign 649527299 stats: 11268.0 tgtImps 119988.0 nonTgtImps. Cost of imps is 0.8778779615099512
28/06 18:38:24 INFO agents.SampleAdNetwork|Day 56: Daily notification for campaign 1354839094
28/06 18:38:24 INFO agents.SampleAdNetwork|Day 56:  allocated to DummyAdnetwork-7. UCS Level set to 0.6561000000000001 at price 0.06765908545289313 Qualit Score is: 0.25885965247202763
28/06 18:38:24 INFO agents.SampleAdNetwork|Day 56 : AdNetworkReport
28/06 18:38:24 INFO agents.SampleAdNetwork|Day 56 : Simulation Status Received
28/06 18:38:24 INFO agents.SampleAdNetwork|Day 56: Updated 24 Bid Bundle entries for Campaign id 649527299
28/06 18:38:24 INFO agents.SampleAdNetwork|Day 56: Sending BidBundle
28/06 18:38:24 INFO agents.SampleAdNetwork|Day 56 ended. Starting next day
28/06 18:38:40 INFO agents.SampleAdNetwork|Day 57 :BankStatus[-3.214447]
28/06 18:38:40 INFO agents.SampleAdNetwork|Day 57: Updating campaign 649527299 stats: 11271.0 tgtImps 120073.0 nonTgtImps. Cost of imps is 0.8786616808628724
28/06 18:38:40 INFO agents.SampleAdNetwork|Day 57: Daily notification for campaign 0
28/06 18:38:40 INFO agents.SampleAdNetwork|Day 57:  allocated to NONE. UCS Level set to 0.6561000000000001 at price 0.06765908545289313 Qualit Score is: 0.25885965247202763
28/06 18:38:42 INFO agents.SampleAdNetwork|Day 57 : AdNetworkReport
28/06 18:38:42 INFO agents.SampleAdNetwork|Day 57 : Simulation Status Received
28/06 18:38:42 INFO agents.SampleAdNetwork|Day 57: Updated 24 Bid Bundle entries for Campaign id 649527299
28/06 18:38:42 INFO agents.SampleAdNetwork|Day 57: Sending BidBundle
28/06 18:38:42 INFO agents.SampleAdNetwork|Day 57 ended. Starting next day
28/06 18:38:43 INFO agents.SampleAdNetwork|Day 58 :BankStatus[-3.299458]
28/06 18:38:43 INFO agents.SampleAdNetwork|Day 58: Updating campaign 649527299 stats: 11275.0 tgtImps 120413.0 nonTgtImps. Cost of imps is 0.8862887334761133
28/06 18:38:44 INFO agents.SampleAdNetwork|Day 58: Daily notification for campaign 0
28/06 18:38:44 INFO agents.SampleAdNetwork|Day 58:  allocated to NONE. UCS Level set to 0.6561000000000001 at price 0.06765908545289313 Qualit Score is: 0.25885965247202763
28/06 18:38:44 INFO agents.SampleAdNetwork|Day 58 : Simulation Status Received
28/06 18:38:44 INFO agents.SampleAdNetwork|Day 58: Sending BidBundle
28/06 18:38:44 INFO agents.SampleAdNetwork|Day 58 ended. Starting next day
28/06 18:38:52 INFO agents.SampleAdNetwork|Day 59 :BankStatus[-3.380656]
28/06 18:38:52 INFO agents.SampleAdNetwork|Day 59: Daily notification for campaign 0
28/06 18:38:52 INFO agents.SampleAdNetwork|Day 59:  allocated to NONE. UCS Level set to 0.6561000000000001 at price 0.06765908545289313 Qualit Score is: 0.7633698874237916
28/06 18:38:52 INFO agents.SampleAdNetwork|Day 59 : Simulation Status Received
28/06 18:38:52 INFO agents.SampleAdNetwork|Day 59: Sending BidBundle
28/06 18:38:52 INFO agents.SampleAdNetwork|Day 59 ended. Starting next day
28/06 18:39:00 INFO agents.SampleAdNetwork|Day 60: Daily notification for campaign 0
28/06 18:39:00 INFO agents.SampleAdNetwork|Day 60:  allocated to NONE. UCS Level set to 0.6561000000000001 at price 0.06765908545289313 Qualit Score is: 0.7633698874237916
28/06 18:39:01 INFO agents.SampleAdNetwork|Day 60 :BankStatus[3.573712]
28/06 18:39:01 INFO agents.SampleAdNetwork|Day 60 : Simulation Status Received
28/06 18:39:01 INFO agents.SampleAdNetwork|Day 60: Sending BidBundle
28/06 18:39:01 INFO agents.SampleAdNetwork|Day 60 ended. Starting next day
28/06 19:57:02 INFO agents.SampleAdNetwork|UNKNOWN Message Received: edu.umich.eecs.tac.props.AdvertiserInfo@bc76a1c1
28/06 19:57:02 INFO agents.SampleAdNetwork|Day 0 :BankStatus[0.000000]
28/06 19:57:02 INFO agents.SampleAdNetwork|tau.tac.adx.report.demand.InitialCampaignMessage[565415132,1250,1,5,[FEMALE, HIGH_INCOME],2.0,1.5,demand,[]]
28/06 19:57:02 INFO agents.SampleAdNetwork|Day 0: Allocated campaign - Campaign ID 565415132: day 1 to 5  FEMALE HIGH_INCOME, reach: 1250 coefs: (v=2.0, m=1.5)
28/06 19:57:02 INFO agents.SampleAdNetwork|Day 0: Campaign opportunity - Campaign ID 121165166: day 2 to 11  MALE YOUNG, reach: 5000 coefs: (v=2.0, m=1.5)
28/06 19:57:02 INFO agents.SampleAdNetwork|Day 0: Campaign total budget bid: 4.448
28/06 19:57:02 INFO agents.SampleAdNetwork|Day 0: Initial ucs bid is 0.18033806119185977
28/06 19:57:02 INFO agents.SampleAdNetwork|Day 0 : Simulation Status Received
28/06 19:57:02 INFO agents.SampleAdNetwork|Day 0: Updated 24 Bid Bundle entries for Campaign id 565415132
28/06 19:57:02 INFO agents.SampleAdNetwork|Day 0: Sending BidBundle
28/06 19:57:02 INFO agents.SampleAdNetwork|Day 0 ended. Starting next day
28/06 19:57:14 INFO agents.SampleAdNetwork|Day 1 :BankStatus[0.000000]
28/06 19:57:14 INFO agents.SampleAdNetwork|Day 1: Daily notification for campaign 121165166
28/06 19:57:14 INFO agents.SampleAdNetwork|Day 1:  allocated to DummyAdnetwork-2. UCS Level set to 0.81 at price 0.11401024130501593 Qualit Score is: 1.0
28/06 19:57:14 INFO agents.SampleAdNetwork|Day 1: Campaign opportunity - Campaign ID 267301746: day 3 to 7  FEMALE HIGH_INCOME, reach: 5000 coefs: (v=2.0, m=1.5)
28/06 19:57:14 INFO agents.SampleAdNetwork|Day 1: Campaign total budget bid: 3.285
28/06 19:57:14 INFO agents.SampleAdNetwork|Day 1: Adjusting ucs bid: was 0.18033806119185977 level reported: 0.81 target: 0.6 adjusted: 0.14246706834156922
28/06 19:57:14 INFO agents.SampleAdNetwork|Day 1 : Simulation Status Received
28/06 19:57:14 INFO agents.SampleAdNetwork|Day 1: Updated 24 Bid Bundle entries for Campaign id 565415132
28/06 19:57:14 INFO agents.SampleAdNetwork|Day 1: Sending BidBundle
28/06 19:57:14 INFO agents.SampleAdNetwork|Day 1 ended. Starting next day
28/06 19:57:24 INFO agents.SampleAdNetwork|Day 2 :BankStatus[-0.096564]
28/06 19:57:24 INFO agents.SampleAdNetwork|Day 2: Updating campaign 565415132 stats: 0.0 tgtImps 0.0 nonTgtImps. Cost of imps is 0.0
28/06 19:57:24 INFO agents.SampleAdNetwork|Day 2: Daily notification for campaign 267301746
28/06 19:57:24 INFO agents.SampleAdNetwork|Day 2:  allocated to DummyAdnetwork-2. UCS Level set to 1.0 at price 0.1400179418348122 Qualit Score is: 1.0
28/06 19:57:24 INFO agents.SampleAdNetwork|Day 2: Campaign opportunity - Campaign ID 1403233990: day 4 to 13  OLD HIGH_INCOME, reach: 10000 coefs: (v=2.0, m=1.5)
28/06 19:57:24 INFO agents.SampleAdNetwork|Day 2: Campaign total budget bid: 1.185
28/06 19:57:24 INFO agents.SampleAdNetwork|Day 2: Adjusting ucs bid: was 0.14246706834156922 level reported: 1.0 target: 0.6 adjusted: 0.08548024100494155
28/06 19:57:24 INFO agents.SampleAdNetwork|Day 2 : Simulation Status Received
28/06 19:57:24 INFO agents.SampleAdNetwork|Day 2: Updated 24 Bid Bundle entries for Campaign id 565415132
28/06 19:57:24 INFO agents.SampleAdNetwork|Day 2: Sending BidBundle
28/06 19:57:24 INFO agents.SampleAdNetwork|Day 2 ended. Starting next day
28/06 19:57:37 INFO agents.SampleAdNetwork|Day 3 :BankStatus[-0.186270]
28/06 19:57:37 INFO agents.SampleAdNetwork|Day 3: Updating campaign 565415132 stats: 0.0 tgtImps 0.0 nonTgtImps. Cost of imps is 0.0
28/06 19:57:37 INFO agents.SampleAdNetwork|Day 3: Daily notification for campaign 1403233990
28/06 19:57:37 INFO agents.SampleAdNetwork|Day 3:  WON at cost 1.804. UCS Level set to 0.47829690000000014 at price 0.0 Qualit Score is: 1.0
28/06 19:57:37 INFO agents.SampleAdNetwork|Day 3: Campaign opportunity - Campaign ID 1213674780: day 5 to 7  FEMALE HIGH_INCOME, reach: 5000 coefs: (v=2.0, m=1.5)
28/06 19:57:37 INFO agents.SampleAdNetwork|Day 3: Campaign total budget bid: 4.99
28/06 19:57:37 INFO agents.SampleAdNetwork|Day 3: Adjusting ucs bid: was 0.08548024100494155 level reported: 0.47829690000000014 target: 0.6 adjusted: 0.09588345132399004
28/06 19:57:37 INFO agents.SampleAdNetwork|Day 3 : Simulation Status Received
28/06 19:57:37 INFO agents.SampleAdNetwork|Day 3: Updated 24 Bid Bundle entries for Campaign id 1403233990
28/06 19:57:37 INFO agents.SampleAdNetwork|Day 3: Updated 24 Bid Bundle entries for Campaign id 565415132
28/06 19:57:37 INFO agents.SampleAdNetwork|Day 3: Sending BidBundle
28/06 19:57:37 INFO agents.SampleAdNetwork|Day 3 ended. Starting next day
28/06 19:57:42 INFO agents.SampleAdNetwork|Day 4 :BankStatus[-0.275285]
28/06 19:57:42 INFO agents.SampleAdNetwork|Day 4: Updating campaign 565415132 stats: 0.0 tgtImps 0.0 nonTgtImps. Cost of imps is 0.0
28/06 19:57:42 INFO agents.SampleAdNetwork|Day 4: Daily notification for campaign 1213674780
28/06 19:57:42 INFO agents.SampleAdNetwork|Day 4:  allocated to DummyAdnetwork-5. UCS Level set to 0.47829690000000014 at price 0.0 Qualit Score is: 1.0
28/06 19:57:42 INFO agents.SampleAdNetwork|Day 4: Campaign opportunity - Campaign ID 185496238: day 6 to 8  FEMALE LOW_INCOME, reach: 10000 coefs: (v=2.0, m=1.5)
28/06 19:57:42 INFO agents.SampleAdNetwork|Day 4: Campaign total budget bid: 1.803
28/06 19:57:42 INFO agents.SampleAdNetwork|Day 4: Adjusting ucs bid: was 0.09588345132399004 level reported: 0.47829690000000014 target: 0.6 adjusted: 0.10755276458881873
28/06 19:57:42 INFO agents.SampleAdNetwork|Day 4 : AdNetworkReport
28/06 19:57:42 INFO agents.SampleAdNetwork|Day 4 : Simulation Status Received
28/06 19:57:42 INFO agents.SampleAdNetwork|Day 4: Updated 24 Bid Bundle entries for Campaign id 1403233990
28/06 19:57:42 INFO agents.SampleAdNetwork|Day 4: Updated 24 Bid Bundle entries for Campaign id 565415132
28/06 19:57:42 INFO agents.SampleAdNetwork|Day 4: Sending BidBundle
28/06 19:57:42 INFO agents.SampleAdNetwork|Day 4 ended. Starting next day
28/06 19:57:51 INFO agents.SampleAdNetwork|Day 5 :BankStatus[-0.520560]
28/06 19:57:51 INFO agents.SampleAdNetwork|Day 5: Updating campaign 1403233990 stats: 0.0 tgtImps 0.0 nonTgtImps. Cost of imps is 0.0
28/06 19:57:51 INFO agents.SampleAdNetwork|Day 5: Updating campaign 565415132 stats: 625.5 tgtImps 983.5 nonTgtImps. Cost of imps is 0.15296081106045767
28/06 19:57:51 INFO agents.SampleAdNetwork|Day 5: Daily notification for campaign 185496238
28/06 19:57:51 INFO agents.SampleAdNetwork|Day 5:  allocated to DummyAdnetwork-4. UCS Level set to 0.5314410000000002 at price 0.05428828371864929 Qualit Score is: 1.0
28/06 19:57:51 INFO agents.SampleAdNetwork|Day 5: Campaign opportunity - Campaign ID 668665317: day 7 to 9  HIGH_INCOME YOUNG, reach: 15000 coefs: (v=2.0, m=1.5)
28/06 19:57:51 INFO agents.SampleAdNetwork|Day 5: Campaign total budget bid: 5.225
28/06 19:57:51 INFO agents.SampleAdNetwork|Day 5: Adjusting ucs bid: was 0.10755276458881873 level reported: 0.5314410000000002 target: 0.6 adjusted: 0.10448979757695814
28/06 19:57:51 INFO agents.SampleAdNetwork|Day 5 : AdNetworkReport
28/06 19:57:51 INFO agents.SampleAdNetwork|Day 5 : Simulation Status Received
28/06 19:57:51 INFO agents.SampleAdNetwork|Day 5: Updated 24 Bid Bundle entries for Campaign id 1403233990
28/06 19:57:51 INFO agents.SampleAdNetwork|Day 5: Sending BidBundle
28/06 19:57:51 INFO agents.SampleAdNetwork|Day 5 ended. Starting next day
28/06 19:58:02 INFO agents.SampleAdNetwork|Day 6 :BankStatus[-0.804869]
28/06 19:58:02 INFO agents.SampleAdNetwork|Day 6: Updating campaign 1403233990 stats: 0.0 tgtImps 0.0 nonTgtImps. Cost of imps is 0.0
28/06 19:58:02 INFO agents.SampleAdNetwork|Day 6: Daily notification for campaign 668665317
28/06 19:58:02 INFO agents.SampleAdNetwork|Day 6:  allocated to DummyAdnetwork-6. UCS Level set to 0.47829690000000014 at price 0.0 Qualit Score is: 1.0006949126933413
28/06 19:58:02 INFO agents.SampleAdNetwork|Day 6: Campaign opportunity - Campaign ID 2021745587: day 8 to 12  OLD HIGH_INCOME, reach: 5000 coefs: (v=2.0, m=1.5)
28/06 19:58:02 INFO agents.SampleAdNetwork|Day 6: Campaign total budget bid: 2.278
28/06 19:58:02 INFO agents.SampleAdNetwork|Day 6: Adjusting ucs bid: was 0.10448979757695814 level reported: 0.47829690000000014 target: 0.6 adjusted: 0.11720652986044643
28/06 19:58:02 INFO agents.SampleAdNetwork|Day 6 : Simulation Status Received
28/06 19:58:02 INFO agents.SampleAdNetwork|Day 6: Updated 24 Bid Bundle entries for Campaign id 1403233990
28/06 19:58:02 INFO agents.SampleAdNetwork|Day 6: Sending BidBundle
28/06 19:58:02 INFO agents.SampleAdNetwork|Day 6 ended. Starting next day
28/06 19:58:11 INFO agents.SampleAdNetwork|Day 7 :BankStatus[0.353005]
28/06 19:58:11 INFO agents.SampleAdNetwork|Day 7: Updating campaign 1403233990 stats: 0.0 tgtImps 0.0 nonTgtImps. Cost of imps is 0.0
28/06 19:58:11 INFO agents.SampleAdNetwork|Day 7: Daily notification for campaign 2021745587
28/06 19:58:11 INFO agents.SampleAdNetwork|Day 7:  allocated to DummyAdnetwork-5. UCS Level set to 0.5904900000000002 at price 0.06900530761860002 Qualit Score is: 1.0006949126933413
28/06 19:58:11 INFO agents.SampleAdNetwork|Day 7: Campaign opportunity - Campaign ID 1195020237: day 9 to 18  OLD MALE, reach: 5000 coefs: (v=2.0, m=1.5)
28/06 19:58:11 INFO agents.SampleAdNetwork|Day 7: Campaign total budget bid: 1.237
28/06 19:58:11 INFO agents.SampleAdNetwork|Day 7: Adjusting ucs bid: was 0.11720652986044643 level reported: 0.5904900000000002 target: 0.6 adjusted: 0.11832116395941926
28/06 19:58:11 INFO agents.SampleAdNetwork|Day 7 : Simulation Status Received
28/06 19:58:11 INFO agents.SampleAdNetwork|Day 7: Updated 24 Bid Bundle entries for Campaign id 1403233990
28/06 19:58:11 INFO agents.SampleAdNetwork|Day 7: Sending BidBundle
28/06 19:58:11 INFO agents.SampleAdNetwork|Day 7 ended. Starting next day
28/06 19:58:21 INFO agents.SampleAdNetwork|Day 8 :BankStatus[0.266565]
28/06 19:58:21 INFO agents.SampleAdNetwork|Day 8: Updating campaign 1403233990 stats: 0.0 tgtImps 0.0 nonTgtImps. Cost of imps is 0.0
28/06 19:58:21 INFO agents.SampleAdNetwork|Day 8: Daily notification for campaign 1195020237
28/06 19:58:21 INFO agents.SampleAdNetwork|Day 8:  allocated to DummyAdnetwork-7. UCS Level set to 0.6561000000000001 at price 0.07396011117000142 Qualit Score is: 1.0006949126933413
28/06 19:58:21 INFO agents.SampleAdNetwork|Day 8: Campaign opportunity - Campaign ID 1405830102: day 10 to 19  LOW_INCOME YOUNG, reach: 15000 coefs: (v=2.0, m=1.5)
28/06 19:58:21 INFO agents.SampleAdNetwork|Day 8: Campaign total budget bid: 10.323
28/06 19:58:21 INFO agents.SampleAdNetwork|Day 8: Adjusting ucs bid: was 0.11832116395941926 level reported: 0.6561000000000001 target: 0.6 adjusted: 0.11168334666129584
28/06 19:58:22 INFO agents.SampleAdNetwork|Day 8 : Simulation Status Received
28/06 19:58:22 INFO agents.SampleAdNetwork|Day 8: Updated 24 Bid Bundle entries for Campaign id 1403233990
28/06 19:58:22 INFO agents.SampleAdNetwork|Day 8: Sending BidBundle
28/06 19:58:22 INFO agents.SampleAdNetwork|Day 8 ended. Starting next day
28/06 19:58:31 INFO agents.SampleAdNetwork|Day 9 :BankStatus[0.180309]
28/06 19:58:31 INFO agents.SampleAdNetwork|Day 9: Updating campaign 1403233990 stats: 0.0 tgtImps 0.0 nonTgtImps. Cost of imps is 0.0
28/06 19:58:31 INFO agents.SampleAdNetwork|Day 9: Daily notification for campaign 1405830102
28/06 19:58:31 INFO agents.SampleAdNetwork|Day 9:  allocated to DummyAdnetwork-6. UCS Level set to 0.5314410000000002 at price 0.05771160299324936 Qualit Score is: 1.0006949126933413
28/06 19:58:31 INFO agents.SampleAdNetwork|Day 9: Campaign opportunity - Campaign ID 383908283: day 11 to 13  HIGH_INCOME MALE, reach: 5000 coefs: (v=2.0, m=1.5)
28/06 19:58:31 INFO agents.SampleAdNetwork|Day 9: Campaign total budget bid: 2.397
28/06 19:58:31 INFO agents.SampleAdNetwork|Day 9: Adjusting ucs bid: was 0.11168334666129584 level reported: 0.5314410000000002 target: 0.6 adjusted: 0.11934024522504763
28/06 19:58:31 INFO agents.SampleAdNetwork|Day 9 : Simulation Status Received
28/06 19:58:31 INFO agents.SampleAdNetwork|Day 9: Updated 24 Bid Bundle entries for Campaign id 1403233990
28/06 19:58:31 INFO agents.SampleAdNetwork|Day 9: Sending BidBundle
28/06 19:58:31 INFO agents.SampleAdNetwork|Day 9 ended. Starting next day
28/06 19:58:42 INFO agents.SampleAdNetwork|Day 10 :BankStatus[0.093124]
28/06 19:58:42 INFO agents.SampleAdNetwork|Day 10: Updating campaign 1403233990 stats: 0.0 tgtImps 0.0 nonTgtImps. Cost of imps is 0.0
28/06 19:58:42 INFO agents.SampleAdNetwork|Day 10: Daily notification for campaign 383908283
28/06 19:58:42 INFO agents.SampleAdNetwork|Day 10:  allocated to DummyAdnetwork-3. UCS Level set to 0.5904900000000002 at price 0.06665808699648999 Qualit Score is: 1.0006949126933413
28/06 19:58:42 INFO agents.SampleAdNetwork|Day 10: Campaign opportunity - Campaign ID 1268910597: day 12 to 14  LOW_INCOME MALE, reach: 10000 coefs: (v=2.0, m=1.5)
28/06 19:58:42 INFO agents.SampleAdNetwork|Day 10: Campaign total budget bid: 5.105
28/06 19:58:42 INFO agents.SampleAdNetwork|Day 10: Adjusting ucs bid: was 0.11934024522504763 level reported: 0.5904900000000002 target: 0.6 adjusted: 0.12047517095713782
28/06 19:58:42 INFO agents.SampleAdNetwork|Day 10 : Simulation Status Received
28/06 19:58:42 INFO agents.SampleAdNetwork|Day 10: Updated 24 Bid Bundle entries for Campaign id 1403233990
28/06 19:58:42 INFO agents.SampleAdNetwork|Day 10: Sending BidBundle
28/06 19:58:42 INFO agents.SampleAdNetwork|Day 10 ended. Starting next day
28/06 19:58:53 INFO agents.SampleAdNetwork|Day 11 :BankStatus[0.005632]
28/06 19:58:53 INFO agents.SampleAdNetwork|Day 11: Updating campaign 1403233990 stats: 0.0 tgtImps 0.0 nonTgtImps. Cost of imps is 0.0
28/06 19:58:53 INFO agents.SampleAdNetwork|Day 11: Daily notification for campaign 1268910597
28/06 19:58:53 INFO agents.SampleAdNetwork|Day 11:  allocated to DummyAdnetwork-2. UCS Level set to 0.6561000000000001 at price 0.07746918979470484 Qualit Score is: 1.0006949126933413
28/06 19:58:53 INFO agents.SampleAdNetwork|Day 11: Campaign opportunity - Campaign ID 1069999663: day 13 to 15  LOW_INCOME YOUNG, reach: 10000 coefs: (v=2.0, m=1.5)
28/06 19:58:53 INFO agents.SampleAdNetwork|Day 11: Campaign total budget bid: 9.945
28/06 19:58:53 INFO agents.SampleAdNetwork|Day 11: Adjusting ucs bid: was 0.12047517095713782 level reported: 0.6561000000000001 target: 0.6 adjusted: 0.11371651386644238
28/06 19:58:53 INFO agents.SampleAdNetwork|Day 11 : Simulation Status Received
28/06 19:58:53 INFO agents.SampleAdNetwork|Day 11: Updated 24 Bid Bundle entries for Campaign id 1403233990
28/06 19:58:53 INFO agents.SampleAdNetwork|Day 11: Sending BidBundle
28/06 19:58:53 INFO agents.SampleAdNetwork|Day 11 ended. Starting next day
28/06 19:59:02 INFO agents.SampleAdNetwork|Day 12 :BankStatus[-0.082194]
28/06 19:59:02 INFO agents.SampleAdNetwork|Day 12: Updating campaign 1403233990 stats: 0.0 tgtImps 0.0 nonTgtImps. Cost of imps is 0.0
28/06 19:59:02 INFO agents.SampleAdNetwork|Day 12: Daily notification for campaign 1069999663
28/06 19:59:02 INFO agents.SampleAdNetwork|Day 12:  allocated to DummyAdnetwork. UCS Level set to 0.5314410000000002 at price 0.055835706635901476 Qualit Score is: 1.0006949126933413
28/06 19:59:02 INFO agents.SampleAdNetwork|Day 12: Campaign opportunity - Campaign ID 789665940: day 14 to 23  FEMALE LOW_INCOME, reach: 15000 coefs: (v=2.0, m=1.5)
28/06 19:59:02 INFO agents.SampleAdNetwork|Day 12: Campaign total budget bid: 9.595
28/06 19:59:02 INFO agents.SampleAdNetwork|Day 12: Adjusting ucs bid: was 0.11371651386644238 level reported: 0.5314410000000002 target: 0.6 adjusted: 0.1215128043406118
28/06 19:59:02 INFO agents.SampleAdNetwork|Day 12 : Simulation Status Received
28/06 19:59:02 INFO agents.SampleAdNetwork|Day 12: Updated 24 Bid Bundle entries for Campaign id 1403233990
28/06 19:59:02 INFO agents.SampleAdNetwork|Day 12: Sending BidBundle
28/06 19:59:02 INFO agents.SampleAdNetwork|Day 12 ended. Starting next day
