14/07 01:44:01 INFO agents.BrownAgent|UNKNOWN Message Received: edu.umich.eecs.tac.props.AdvertiserInfo@bc76a1c1
14/07 01:44:01 INFO agents.BrownAgent|Day 0 :BankStatus[0.000000]
14/07 01:44:01 INFO agents.BrownAgent|tau.tac.adx.report.demand.InitialCampaignMessage[1255337889,1250,1,5,[OLD, LOW_INCOME],2.0,1.5,demand,[]]
14/07 01:44:01 INFO agents.BrownAgent|Day 0: Allocated campaign - Campaign ID 1255337889: day 1 to 5 [OLD, LOW_INCOME], reach: 1250 coefs: (v=2.0, m=1.5)
14/07 01:44:01 INFO agents.BrownAgent|Day 0: Campaign opportunity - Campaign ID 945282069: day 2 to 6 [YOUNG, LOW_INCOME], reach: 5000 coefs: (v=2.0, m=1.5)
14/07 01:44:01 INFO agents.BrownAgent|BrownAgent DAY 0 bid: 500
14/07 01:44:15 INFO agents.BrownAgent|Day 1 :BankStatus[0.000000]
14/07 01:44:15 INFO agents.BrownAgent|Day 1: Daily notification for campaign 945282069
14/07 01:44:15 INFO agents.BrownAgent|Day 1:  WON at cost 0.502. UCS Level set to 0.6561000000000001 at price 0.0873223271897987 Qualit Score is: 1.0
14/07 01:44:15 INFO agents.BrownAgent|Day 1: Campaign opportunity - Campaign ID 1051606440: day 3 to 12 [OLD, FEMALE], reach: 10000 coefs: (v=2.0, m=1.5)
14/07 01:44:15 INFO agents.BrownAgent|BrownAgent DAY 1 bid: 1000
14/07 01:44:15 INFO agents.BrownAgent|Day 1 : AdNetworkReport
14/07 01:44:23 INFO agents.BrownAgent|Day 2 :BankStatus[-0.101760]
14/07 01:44:23 INFO agents.BrownAgent|Day 2: Daily notification for campaign 1051606440
14/07 01:44:23 INFO agents.BrownAgent|Day 2:  allocated to adv2. UCS Level set to 0.9 at price 0.12512629318270937 Qualit Score is: 1.0
14/07 01:44:23 INFO agents.BrownAgent|Day 2: Campaign opportunity - Campaign ID 1707207999: day 4 to 6 [FEMALE, HIGH_INCOME], reach: 15000 coefs: (v=2.0, m=1.5)
14/07 01:44:23 INFO agents.BrownAgent|BrownAgent DAY 2 bid: 1200
14/07 01:44:24 INFO agents.BrownAgent|Day 2 : AdNetworkReport
14/07 01:44:33 INFO agents.BrownAgent|Day 3 :BankStatus[-0.193372]
14/07 01:44:33 INFO agents.BrownAgent|Day 3: Daily notification for campaign 1707207999
14/07 01:44:33 INFO agents.BrownAgent|Day 3:  allocated to DummyAdnetwork. UCS Level set to 0.9 at price 0.12532556135990158 Qualit Score is: 1.0
14/07 01:44:33 INFO agents.BrownAgent|Day 3: Campaign opportunity - Campaign ID 433851091: day 5 to 9 [OLD, FEMALE], reach: 5000 coefs: (v=2.0, m=1.5)
14/07 01:44:33 INFO agents.BrownAgent|BrownAgent DAY 3 bid: 320
14/07 01:44:34 INFO agents.BrownAgent|Day 3 : AdNetworkReport
14/07 01:44:43 INFO agents.BrownAgent|Day 4 :BankStatus[-0.289285]
14/07 01:44:43 INFO agents.BrownAgent|Day 4: Daily notification for campaign 433851091
14/07 01:44:43 INFO agents.BrownAgent|Day 4:  WON at cost 0.321. UCS Level set to 0.9 at price 0.11301536983449663 Qualit Score is: 1.0
14/07 01:44:43 INFO agents.BrownAgent|Day 4: Campaign opportunity - Campaign ID 903529936: day 6 to 10 [MALE, LOW_INCOME], reach: 15000 coefs: (v=2.0, m=1.5)
14/07 01:44:43 INFO agents.BrownAgent|BrownAgent DAY 4 bid: 960
14/07 01:44:44 INFO agents.BrownAgent|Day 4 : AdNetworkReport
14/07 01:44:53 INFO agents.BrownAgent|Day 5 :BankStatus[-0.379632]
14/07 01:44:53 INFO agents.BrownAgent|Day 5: Daily notification for campaign 903529936
14/07 01:44:53 INFO agents.BrownAgent|Day 5:  allocated to adv2. UCS Level set to 0.6561000000000001 at price 0.07332550210231976 Qualit Score is: 1.0
14/07 01:44:53 INFO agents.BrownAgent|Day 5: Campaign opportunity - Campaign ID 1632595944: day 7 to 11 [YOUNG, LOW_INCOME], reach: 10000 coefs: (v=2.0, m=1.5)
14/07 01:44:53 INFO agents.BrownAgent|BrownAgent DAY 5 bid: 512
14/07 01:44:53 INFO agents.BrownAgent|Day 5 : AdNetworkReport
14/07 01:45:04 INFO agents.BrownAgent|Day 6 :BankStatus[-0.464490]
14/07 01:45:04 INFO agents.BrownAgent|Day 6: Daily notification for campaign 1632595944
14/07 01:45:04 INFO agents.BrownAgent|Day 6:  WON at cost 0.514. UCS Level set to 0.9 at price 0.11159859785671437 Qualit Score is: 0.4
14/07 01:45:04 INFO agents.BrownAgent|Day 6: Campaign opportunity - Campaign ID 1789955068: day 8 to 12 [MALE, YOUNG], reach: 10000 coefs: (v=2.0, m=1.5)
14/07 01:45:04 INFO agents.BrownAgent|BrownAgent DAY 6 bid: 512
14/07 01:45:04 INFO agents.BrownAgent|Day 6 : AdNetworkReport
14/07 01:45:12 INFO agents.BrownAgent|Day 7 :BankStatus[-0.552074]
14/07 01:45:12 INFO agents.BrownAgent|Day 7: Daily notification for campaign 1789955068
14/07 01:45:12 INFO agents.BrownAgent|Day 7:  allocated to DummyAdnetwork. UCS Level set to 0.6561000000000001 at price 0.07381789336830957 Qualit Score is: 0.16000000000000003
14/07 01:45:12 INFO agents.BrownAgent|Day 7: Campaign opportunity - Campaign ID 1455090883: day 9 to 13 [FEMALE, HIGH_INCOME], reach: 15000 coefs: (v=2.0, m=1.5)
14/07 01:45:12 INFO agents.BrownAgent|BrownAgent DAY 7 bid: 614
14/07 01:45:12 INFO agents.BrownAgent|Day 7 : AdNetworkReport
14/07 01:45:23 INFO agents.BrownAgent|Day 8 :BankStatus[-0.639436]
14/07 01:45:23 INFO agents.BrownAgent|Day 8: Daily notification for campaign 1455090883
14/07 01:45:23 INFO agents.BrownAgent|Day 8:  allocated to adv2. UCS Level set to 0.9 at price 0.11917633374142257 Qualit Score is: 0.16000000000000003
14/07 01:45:23 INFO agents.BrownAgent|Day 8: Campaign opportunity - Campaign ID 1013369425: day 10 to 12 [LOW_INCOME, FEMALE], reach: 5000 coefs: (v=2.0, m=1.5)
14/07 01:45:23 INFO agents.BrownAgent|BrownAgent DAY 8 bid: 163
14/07 01:45:23 INFO agents.BrownAgent|Day 8 : AdNetworkReport
14/07 01:45:33 INFO agents.BrownAgent|Day 9 :BankStatus[-0.731782]
14/07 01:45:33 INFO agents.BrownAgent|Day 9: Daily notification for campaign 1013369425
14/07 01:45:33 INFO agents.BrownAgent|Day 9:  allocated to adv2. UCS Level set to 0.6561000000000001 at price 0.0804488536366478 Qualit Score is: 0.16000000000000003
14/07 01:45:33 INFO agents.BrownAgent|Day 9: Campaign opportunity - Campaign ID 81465706: day 11 to 20 [FEMALE, HIGH_INCOME], reach: 5000 coefs: (v=2.0, m=1.5)
14/07 01:45:33 INFO agents.BrownAgent|BrownAgent DAY 9 bid: 131
14/07 01:45:33 INFO agents.BrownAgent|Day 9 : AdNetworkReport
14/07 01:45:44 INFO agents.BrownAgent|Day 10 :BankStatus[-0.821722]
14/07 01:45:44 INFO agents.BrownAgent|Day 10: Daily notification for campaign 81465706
14/07 01:45:44 INFO agents.BrownAgent|Day 10:  allocated to DummyAdnetwork-2. UCS Level set to 0.9 at price 0.1102691116756467 Qualit Score is: 0.06400000000000002
14/07 01:45:44 INFO agents.BrownAgent|Day 10: Campaign opportunity - Campaign ID 1811639720: day 12 to 21 [OLD, FEMALE], reach: 15000 coefs: (v=2.0, m=1.5)
14/07 01:45:44 INFO agents.BrownAgent|BrownAgent DAY 10 bid: 314
14/07 01:45:44 INFO agents.BrownAgent|Day 10 : AdNetworkReport
14/07 01:45:53 INFO agents.BrownAgent|Day 11 :BankStatus[-0.909947]
14/07 01:45:53 INFO agents.BrownAgent|Day 11: Daily notification for campaign 1811639720
14/07 01:45:53 INFO agents.BrownAgent|Day 11:  allocated to adv2. UCS Level set to 0.7290000000000001 at price 0.0920162823360484 Qualit Score is: 0.06400000000000002
14/07 01:45:53 INFO agents.BrownAgent|Day 11: Campaign opportunity - Campaign ID 1958257283: day 13 to 15 [FEMALE, HIGH_INCOME], reach: 15000 coefs: (v=2.0, m=1.5)
14/07 01:45:53 INFO agents.BrownAgent|BrownAgent DAY 11 bid: 251
14/07 01:45:53 INFO agents.BrownAgent|Day 11 : AdNetworkReport
14/07 01:46:03 INFO agents.BrownAgent|Day 12 :BankStatus[-1.001964]
14/07 01:46:03 INFO agents.BrownAgent|Day 12: Daily notification for campaign 1958257283
14/07 01:46:03 INFO agents.BrownAgent|Day 12:  allocated to adv2. UCS Level set to 0.81 at price 0.10135735570295235 Qualit Score is: 0.025600000000000008
14/07 01:46:03 INFO agents.BrownAgent|Day 12: Campaign opportunity - Campaign ID 492141325: day 14 to 23 [YOUNG, LOW_INCOME], reach: 10000 coefs: (v=2.0, m=1.5)
14/07 01:46:03 INFO agents.BrownAgent|BrownAgent DAY 12 bid: 134
14/07 01:46:13 INFO agents.BrownAgent|Day 13 :BankStatus[-1.090217]
14/07 01:46:13 INFO agents.BrownAgent|Day 13: Daily notification for campaign 492141325
14/07 01:46:13 INFO agents.BrownAgent|Day 13:  allocated to adv2. UCS Level set to 0.47829690000000014 at price 0.0 Qualit Score is: 0.025600000000000008
14/07 01:46:13 INFO agents.BrownAgent|Day 13: Campaign opportunity - Campaign ID 135613180: day 15 to 19 [MALE, HIGH_INCOME], reach: 5000 coefs: (v=2.0, m=1.5)
14/07 01:46:13 INFO agents.BrownAgent|BrownAgent DAY 13 bid: 53
14/07 01:46:23 INFO agents.BrownAgent|Day 14 :BankStatus[-1.182345]
14/07 01:46:23 INFO agents.BrownAgent|Day 14: Daily notification for campaign 135613180
14/07 01:46:23 INFO agents.BrownAgent|Day 14:  allocated to DummyAdnetwork-4. UCS Level set to 0.47829690000000014 at price 0.0 Qualit Score is: 0.025600000000000008
14/07 01:46:23 INFO agents.BrownAgent|Day 14: Campaign opportunity - Campaign ID 1071082815: day 16 to 20 [YOUNG, HIGH_INCOME], reach: 5000 coefs: (v=2.0, m=1.5)
14/07 01:46:23 INFO agents.BrownAgent|BrownAgent DAY 14 bid: 42
14/07 01:46:34 INFO agents.BrownAgent|Day 15 :BankStatus[-1.271971]
14/07 01:46:34 INFO agents.BrownAgent|Day 15: Daily notification for campaign 1071082815
14/07 01:46:34 INFO agents.BrownAgent|Day 15:  allocated to adv2. UCS Level set to 0.47829690000000014 at price 0.0 Qualit Score is: 0.025600000000000008
14/07 01:46:34 INFO agents.BrownAgent|Day 15: Campaign opportunity - Campaign ID 387755689: day 17 to 21 [OLD, FEMALE], reach: 15000 coefs: (v=2.0, m=1.5)
14/07 01:46:34 INFO agents.BrownAgent|BrownAgent DAY 15 bid: 103
14/07 01:46:43 INFO agents.BrownAgent|Day 16 :BankStatus[-1.355808]
14/07 01:46:43 INFO agents.BrownAgent|Day 16: Daily notification for campaign 387755689
14/07 01:46:43 INFO agents.BrownAgent|Day 16:  allocated to adv2. UCS Level set to 0.47829690000000014 at price 0.0 Qualit Score is: 0.025600000000000008
14/07 01:46:43 INFO agents.BrownAgent|Day 16: Campaign opportunity - Campaign ID 667849033: day 18 to 22 [YOUNG, LOW_INCOME], reach: 5000 coefs: (v=2.0, m=1.5)
14/07 01:46:43 INFO agents.BrownAgent|BrownAgent DAY 16 bid: 27
14/07 01:46:53 INFO agents.BrownAgent|Day 17 :BankStatus[-1.438713]
14/07 01:46:53 INFO agents.BrownAgent|Day 17: Daily notification for campaign 667849033
14/07 01:46:53 INFO agents.BrownAgent|Day 17:  allocated to DummyAdnetwork-6. UCS Level set to 0.47829690000000014 at price 0.0 Qualit Score is: 0.025600000000000008
14/07 01:46:53 INFO agents.BrownAgent|Day 17: Campaign opportunity - Campaign ID 1115927704: day 19 to 23 [MALE, YOUNG], reach: 15000 coefs: (v=2.0, m=1.5)
14/07 01:46:53 INFO agents.BrownAgent|BrownAgent DAY 17 bid: 65
14/07 01:47:03 INFO agents.BrownAgent|Day 18 :BankStatus[-1.521084]
14/07 01:47:03 INFO agents.BrownAgent|Day 18: Daily notification for campaign 1115927704
14/07 01:47:03 INFO agents.BrownAgent|Day 18:  allocated to DummyAdnetwork-4. UCS Level set to 0.47829690000000014 at price 0.0 Qualit Score is: 0.025600000000000008
14/07 01:47:03 INFO agents.BrownAgent|Day 18: Campaign opportunity - Campaign ID 1288214913: day 20 to 24 [MALE, HIGH_INCOME], reach: 5000 coefs: (v=2.0, m=1.5)
14/07 01:47:03 INFO agents.BrownAgent|BrownAgent DAY 18 bid: 17
14/07 01:47:12 INFO agents.BrownAgent|Day 19 :BankStatus[-1.596952]
14/07 01:47:12 INFO agents.BrownAgent|Day 19: Daily notification for campaign 1288214913
14/07 01:47:12 INFO agents.BrownAgent|Day 19:  allocated to adv2. UCS Level set to 0.47829690000000014 at price 0.0 Qualit Score is: 0.025600000000000008
14/07 01:47:12 INFO agents.BrownAgent|Day 19: Campaign opportunity - Campaign ID 1215492308: day 21 to 30 [MALE, HIGH_INCOME], reach: 15000 coefs: (v=2.0, m=1.5)
14/07 01:47:12 INFO agents.BrownAgent|BrownAgent DAY 19 bid: 42
14/07 01:47:23 INFO agents.BrownAgent|Day 20 :BankStatus[-1.675651]
14/07 01:47:23 INFO agents.BrownAgent|Day 20: Daily notification for campaign 1215492308
14/07 01:47:23 INFO agents.BrownAgent|Day 20:  allocated to adv2. UCS Level set to 0.47829690000000014 at price 0.0 Qualit Score is: 0.025600000000000008
14/07 01:47:23 INFO agents.BrownAgent|Day 20: Campaign opportunity - Campaign ID 617466179: day 22 to 31 [OLD, MALE], reach: 15000 coefs: (v=2.0, m=1.5)
14/07 01:47:23 INFO agents.BrownAgent|BrownAgent DAY 20 bid: 33
14/07 01:47:32 INFO agents.BrownAgent|Day 21 :BankStatus[-1.757471]
14/07 01:47:32 INFO agents.BrownAgent|Day 21: Daily notification for campaign 617466179
14/07 01:47:32 INFO agents.BrownAgent|Day 21:  WON at cost 0.03935248729555658. UCS Level set to 0.47829690000000014 at price 0.0 Qualit Score is: 0.025600000000000008
14/07 01:47:32 INFO agents.BrownAgent|Day 21: Campaign opportunity - Campaign ID 1270176957: day 23 to 27 [MALE, YOUNG], reach: 15000 coefs: (v=2.0, m=1.5)
14/07 01:47:32 INFO agents.BrownAgent|BrownAgent DAY 21 bid: 33
